2025-12-26 12:46:31,193 INFO [001_Bach_Invention_No1_C_page_1]                 Book.java:560  | 1 sheet in C:\Users\Elliot\Downloads\Audiveris\scores\001_Bach_Invention_No1_C_page_1.jpg
2025-12-26 12:46:31,301 INFO []                 Book.java:2577 | Stored /book.xml
2025-12-26 12:46:31,301 INFO []                 Book.java:2537 | Book stored as C:\Users\Elliot\Downloads\Audiveris\scores\001_Bach_Invention_No1_C_page_1.omr
2025-12-26 12:46:31,308 INFO []                 Book.java:1929 | Book reaching PAGE on sheets:[#1]
2025-12-26 12:46:31,313 INFO [001_Bach_Invention_No1_C_page_1]       StepMonitoring.java:98   | LOAD
2025-12-26 12:46:31,395 INFO [001_Bach_Invention_No1_C_page_1]            SheetStub.java:1273 | Loaded image #1 1653x2339 from C:\Users\Elliot\Downloads\Audiveris\scores\001_Bach_Invention_No1_C_page_1.jpg
2025-12-26 12:46:31,398 INFO [001_Bach_Invention_No1_C_page_1]            ImageUtil.java:124  | Converting max RGB to gray
2025-12-26 12:46:31,508 INFO [001_Bach_Invention_No1_C_page_1]       StepMonitoring.java:98   | BINARY
2025-12-26 12:46:31,793 INFO [001_Bach_Invention_No1_C_page_1]       StepMonitoring.java:98   | SCALE
2025-12-26 12:46:31,819 INFO [001_Bach_Invention_No1_C_page_1]         ScaleBuilder.java:241  | Beam  guessed height:  6 -- 0.50 of 12 interline
2025-12-26 12:46:31,821 INFO [001_Bach_Invention_No1_C_page_1]         ScaleBuilder.java:264  | Beam measured height:  7 -- 0.38 of [4..12] range at 762% of needed quorum
2025-12-26 12:46:31,822 INFO [001_Bach_Invention_No1_C_page_1]            ScaleStep.java:65   | Scale{ interline(13,14,14) line(1,1,2) beam(7)}
2025-12-26 12:46:31,823 INFO [001_Bach_Invention_No1_C_page_1]       StepMonitoring.java:98   | GRID
2025-12-26 12:46:32,172 INFO [001_Bach_Invention_No1_C_page_1]       LinesRetriever.java:1500 | Global slope: 0.00000
2025-12-26 12:46:32,242 INFO [001_Bach_Invention_No1_C_page_1]    ClustersRetriever.java:326  | Retrieved raw line clusters: 10 of sizes [5] with interline(13,14,14)
2025-12-26 12:46:32,381 INFO [001_Bach_Invention_No1_C_page_1]            PeakGraph.java:310  | Systems: #1[1, 2] #2[3, 4] #3[5, 6] #4[7, 8] #5[9, 10]
2025-12-26 12:46:32,560 INFO [001_Bach_Invention_No1_C_page_1]        SystemManager.java:779  | 1 part along 5 systems
2025-12-26 12:46:32,561 INFO [001_Bach_Invention_No1_C_page_1]                 Book.java:543  | Created scores: [{Score 1}]
2025-12-26 12:46:32,562 INFO [001_Bach_Invention_No1_C_page_1]       StepMonitoring.java:98   | HEADERS
2025-12-26 12:46:32,852 INFO [001_Bach_Invention_No1_C_page_1]      BasicClassifier.java:286  | Classifier loaded XML norms.
2025-12-26 12:46:32,857 INFO [001_Bach_Invention_No1_C_page_1]   AbstractClassifier.java:396  | Classifier data loaded from default uri jar:file:/C:/Users/Elliot/Downloads/Audiveris/app/audiveris.jar!/res/basic-classifier.zip
2025-12-26 12:46:33,466 INFO [001_Bach_Invention_No1_C_page_1]       StepMonitoring.java:98   | STEM_SEEDS
2025-12-26 12:46:33,530 INFO [001_Bach_Invention_No1_C_page_1]        StemSeedsStep.java:86   | stem(2 max:2)
2025-12-26 12:46:33,575 INFO [001_Bach_Invention_No1_C_page_1]       StepMonitoring.java:98   | BEAMS
2025-12-26 12:46:34,802 INFO [001_Bach_Invention_No1_C_page_1]       StepMonitoring.java:98   | LEDGERS
2025-12-26 12:46:35,053 INFO [001_Bach_Invention_No1_C_page_1]       StepMonitoring.java:98   | HEADS
2025-12-26 12:46:37,025 INFO [001_Bach_Invention_No1_C_page_1]        HeadSeedTally.java:235  | Scale information: HeadSeeds{NOTEHEAD_BLACK[L:0.1,R:0.5]}
2025-12-26 12:46:37,026 INFO [001_Bach_Invention_No1_C_page_1]       StepMonitoring.java:98   | STEMS
2025-12-26 12:46:37,672 INFO [001_Bach_Invention_No1_C_page_1]       StepMonitoring.java:98   | REDUCTION
2025-12-26 12:46:37,812 INFO [001_Bach_Invention_No1_C_page_1]        ReductionStep.java:105  | Stems free length median value: 49 pixels, 3.5 interlines
2025-12-26 12:46:37,818 INFO [001_Bach_Invention_No1_C_page_1]       StepMonitoring.java:98   | CUE_BEAMS
2025-12-26 12:46:37,819 INFO [001_Bach_Invention_No1_C_page_1]         CueBeamsStep.java:81   | Step CUE_BEAMS is skipped because small heads switch is off
2025-12-26 12:46:37,820 INFO [001_Bach_Invention_No1_C_page_1]       StepMonitoring.java:98   | TEXTS
2025-12-26 12:46:37,892 WARN [001_Bach_Invention_No1_C_page_1]         TesseractOCR.java:335  | The collection of supported languages is empty
2025-12-26 12:46:37,893 INFO [001_Bach_Invention_No1_C_page_1]              OcrUtil.java:106  | Missing support for 'eng' language(s)
2025-12-26 12:46:37,903 INFO [001_Bach_Invention_No1_C_page_1]       StepMonitoring.java:98   | MEASURES
2025-12-26 12:46:37,913 INFO [001_Bach_Invention_No1_C_page_1]                 Page.java:307  | 10 raw measures: [2 in system#1, 2 in system#2, 2 in system#3, 2 in system#4, 2 in system#5]
2025-12-26 12:46:37,914 INFO [001_Bach_Invention_No1_C_page_1]       StepMonitoring.java:98   | CHORDS
2025-12-26 12:46:37,932 INFO [001_Bach_Invention_No1_C_page_1]       StepMonitoring.java:98   | CURVES
2025-12-26 12:46:38,456 INFO [001_Bach_Invention_No1_C_page_1]         SlursBuilder.java:240  | Slurs: 10
2025-12-26 12:46:38,471 INFO [001_Bach_Invention_No1_C_page_1]      SegmentsBuilder.java:155  | Segments: 10
2025-12-26 12:46:38,478 INFO [001_Bach_Invention_No1_C_page_1]       StepMonitoring.java:98   | SYMBOLS
2025-12-26 12:46:38,665 INFO [001_Bach_Invention_No1_C_page_1]       StepMonitoring.java:98   | LINKS
2025-12-26 12:46:38,717 INFO [001_Bach_Invention_No1_C_page_1]             KeyInter.java:1165 | No effective key before AlterInter#4658{(0.800) staff:9 NATURAL pitch:0.0}
2025-12-26 12:46:38,724 INFO [001_Bach_Invention_No1_C_page_1]       StepMonitoring.java:98   | RHYTHMS
2025-12-26 12:46:38,836 INFO [001_Bach_Invention_No1_C_page_1]       StepMonitoring.java:98   | PAGE
2025-12-26 12:46:38,842 WARN [001_Bach_Invention_No1_C_page_1]         MeasureFixer.java:343  | System#1 No target duration for measures local IDs [1, 2], please check time signatures
2025-12-26 12:46:38,842 WARN [001_Bach_Invention_No1_C_page_1]         MeasureFixer.java:343  | System#2 No target duration for measures local IDs [3, 4], please check time signatures
2025-12-26 12:46:38,843 WARN [001_Bach_Invention_No1_C_page_1]         MeasureFixer.java:343  | System#3 No target duration for measures local IDs [5, 6], please check time signatures
2025-12-26 12:46:38,843 WARN [001_Bach_Invention_No1_C_page_1]         MeasureFixer.java:343  | System#4 No target duration for measures local IDs [7, 8], please check time signatures
2025-12-26 12:46:38,844 WARN [001_Bach_Invention_No1_C_page_1]         MeasureFixer.java:343  | System#5 No target duration for measures local IDs [9, 10], please check time signatures
2025-12-26 12:46:38,848 INFO [001_Bach_Invention_No1_C_page_1]                 Book.java:2596 | Book{001_Bach_Invention_No1_C_page_1} storing
2025-12-26 12:46:38,888 INFO [001_Bach_Invention_No1_C_page_1]                 Book.java:2577 | Stored /book.xml
2025-12-26 12:46:38,964 INFO [001_Bach_Invention_No1_C_page_1]           DataHolder.java:348  | Stored /sheet#1/BINARY.png
2025-12-26 12:46:39,666 INFO [001_Bach_Invention_No1_C_page_1]                Sheet.java:1583 | Stored /sheet#1/sheet#1.xml
2025-12-26 12:46:39,668 INFO [001_Bach_Invention_No1_C_page_1]                 Book.java:2537 | Book stored as C:\Users\Elliot\Downloads\Audiveris\scores\001_Bach_Invention_No1_C_page_1.omr
2025-12-26 12:46:39,671 INFO [001_Bach_Invention_No1_C_page_1]            SheetStub.java:1660 | Disposed sheet
2025-12-26 12:46:39,704 INFO [001_Bach_Invention_No1_C_page_1]                 Book.java:2064 | End of Stub#1
2025-12-26 12:46:39,705 INFO [001_Bach_Invention_No1_C_page_1]                 Book.java:2071 | Book processed.
2025-12-26 12:46:40,433 INFO [001_Bach_Invention_No1_C_page_1]            SheetStub.java:997  | Loaded /sheet#1/sheet#1.xml
2025-12-26 12:46:40,883 INFO [001_Bach_Invention_No1_C_page_1]      PartwiseBuilder.java:2688 | Exporting sheet(s): [#1]
2025-12-26 12:46:40,991 INFO [001_Bach_Invention_No1_C_page_1]        ScoreExporter.java:164  | Score 001_Bach_Invention_No1_C_page_1 exported to C:\Users\Elliot\Downloads\Audiveris\scores\001_Bach_Invention_No1_C_page_1.mxl
2025-12-26 12:46:41,036 INFO [001_Bach_Invention_No1_C_page_1]                Score.java:181  | Closing {Score 1}
