2025-12-26 12:46:18,689 INFO [001_Bach_Invention_No1_C_page_0]                 Book.java:560  | 1 sheet in C:\Users\Elliot\Downloads\Audiveris\scores\001_Bach_Invention_No1_C_page_0.jpg
2025-12-26 12:46:18,857 INFO []                 Book.java:2577 | Stored /book.xml
2025-12-26 12:46:18,858 INFO []                 Book.java:2537 | Book stored as C:\Users\Elliot\Downloads\Audiveris\scores\001_Bach_Invention_No1_C_page_0.omr
2025-12-26 12:46:18,862 INFO []                 Book.java:1929 | Book reaching PAGE on sheets:[#1]
2025-12-26 12:46:18,867 INFO [001_Bach_Invention_No1_C_page_0]       StepMonitoring.java:98   | LOAD
2025-12-26 12:46:19,000 INFO [001_Bach_Invention_No1_C_page_0]            SheetStub.java:1273 | Loaded image #1 1653x2339 from C:\Users\Elliot\Downloads\Audiveris\scores\001_Bach_Invention_No1_C_page_0.jpg
2025-12-26 12:46:19,005 INFO [001_Bach_Invention_No1_C_page_0]            ImageUtil.java:124  | Converting max RGB to gray
2025-12-26 12:46:19,134 INFO [001_Bach_Invention_No1_C_page_0]       StepMonitoring.java:98   | BINARY
2025-12-26 12:46:19,367 INFO [001_Bach_Invention_No1_C_page_0]       StepMonitoring.java:98   | SCALE
2025-12-26 12:46:19,391 INFO [001_Bach_Invention_No1_C_page_0]         ScaleBuilder.java:241  | Beam  guessed height:  6 -- 0.50 of 12 interline
2025-12-26 12:46:19,392 INFO [001_Bach_Invention_No1_C_page_0]         ScaleBuilder.java:264  | Beam measured height:  7 -- 0.38 of [4..12] range at 844% of needed quorum
2025-12-26 12:46:19,393 INFO [001_Bach_Invention_No1_C_page_0]            ScaleStep.java:65   | Scale{ interline(13,14,14) line(1,1,2) beam(7)}
2025-12-26 12:46:19,393 INFO [001_Bach_Invention_No1_C_page_0]       StepMonitoring.java:98   | GRID
2025-12-26 12:46:19,751 INFO [001_Bach_Invention_No1_C_page_0]       LinesRetriever.java:1500 | Global slope: 0.00000
2025-12-26 12:46:19,798 INFO [001_Bach_Invention_No1_C_page_0]    ClustersRetriever.java:326  | Retrieved raw line clusters: 12 of sizes [5] with interline(13,14,14)
2025-12-26 12:46:19,914 INFO [001_Bach_Invention_No1_C_page_0]            PeakGraph.java:310  | Systems: #1[1, 2] #2[3, 4] #3[5, 6] #4[7, 8] #5[9, 10] #6[11, 12]
2025-12-26 12:46:20,127 INFO [001_Bach_Invention_No1_C_page_0]        SystemManager.java:134  | Indentation detected for system #1
2025-12-26 12:46:20,128 INFO [001_Bach_Invention_No1_C_page_0]        SystemManager.java:779  | 1 part along 6 systems
2025-12-26 12:46:20,129 INFO [001_Bach_Invention_No1_C_page_0]                 Book.java:543  | Created scores: [{Score 1}]
2025-12-26 12:46:20,131 INFO [001_Bach_Invention_No1_C_page_0]       StepMonitoring.java:98   | HEADERS
2025-12-26 12:46:20,450 INFO [001_Bach_Invention_No1_C_page_0]      BasicClassifier.java:286  | Classifier loaded XML norms.
2025-12-26 12:46:20,454 INFO [001_Bach_Invention_No1_C_page_0]   AbstractClassifier.java:396  | Classifier data loaded from default uri jar:file:/C:/Users/Elliot/Downloads/Audiveris/app/audiveris.jar!/res/basic-classifier.zip
2025-12-26 12:46:21,254 INFO [001_Bach_Invention_No1_C_page_0]       StepMonitoring.java:98   | STEM_SEEDS
2025-12-26 12:46:21,291 INFO [001_Bach_Invention_No1_C_page_0]        StemSeedsStep.java:86   | stem(2 max:2)
2025-12-26 12:46:21,346 INFO [001_Bach_Invention_No1_C_page_0]       StepMonitoring.java:98   | BEAMS
2025-12-26 12:46:22,535 INFO [001_Bach_Invention_No1_C_page_0]       StepMonitoring.java:98   | LEDGERS
2025-12-26 12:46:22,651 INFO [001_Bach_Invention_No1_C_page_0]       StepMonitoring.java:98   | HEADS
2025-12-26 12:46:25,105 INFO [001_Bach_Invention_No1_C_page_0]        HeadSeedTally.java:235  | Scale information: HeadSeeds{NOTEHEAD_BLACK[L:0.2,R:0.5]}
2025-12-26 12:46:25,106 INFO [001_Bach_Invention_No1_C_page_0]       StepMonitoring.java:98   | STEMS
2025-12-26 12:46:25,746 INFO [001_Bach_Invention_No1_C_page_0]       StepMonitoring.java:98   | REDUCTION
2025-12-26 12:46:25,898 INFO [001_Bach_Invention_No1_C_page_0]        ReductionStep.java:105  | Stems free length median value: 50 pixels, 3.6 interlines
2025-12-26 12:46:25,906 INFO [001_Bach_Invention_No1_C_page_0]       StepMonitoring.java:98   | CUE_BEAMS
2025-12-26 12:46:25,907 INFO [001_Bach_Invention_No1_C_page_0]         CueBeamsStep.java:81   | Step CUE_BEAMS is skipped because small heads switch is off
2025-12-26 12:46:25,907 INFO [001_Bach_Invention_No1_C_page_0]       StepMonitoring.java:98   | TEXTS
2025-12-26 12:46:26,008 WARN [001_Bach_Invention_No1_C_page_0]         TesseractOCR.java:335  | The collection of supported languages is empty
2025-12-26 12:46:26,009 INFO [001_Bach_Invention_No1_C_page_0]              OcrUtil.java:106  | Missing support for 'eng' language(s)
2025-12-26 12:46:26,019 INFO [001_Bach_Invention_No1_C_page_0]       StepMonitoring.java:98   | MEASURES
2025-12-26 12:46:26,028 INFO [001_Bach_Invention_No1_C_page_0]                 Page.java:307  | 12 raw measures: [2 in system#1, 2 in system#2, 2 in system#3, 2 in system#4, 2 in system#5, 2 in system#6]
2025-12-26 12:46:26,029 INFO [001_Bach_Invention_No1_C_page_0]       StepMonitoring.java:98   | CHORDS
2025-12-26 12:46:26,053 INFO [001_Bach_Invention_No1_C_page_0]       StepMonitoring.java:98   | CURVES
2025-12-26 12:46:26,609 INFO [001_Bach_Invention_No1_C_page_0]         SlursBuilder.java:240  | Slurs: 4
2025-12-26 12:46:26,618 INFO [001_Bach_Invention_No1_C_page_0]      SegmentsBuilder.java:155  | Segments: 5
2025-12-26 12:46:26,625 INFO [001_Bach_Invention_No1_C_page_0]       StepMonitoring.java:98   | SYMBOLS
2025-12-26 12:46:26,873 INFO [001_Bach_Invention_No1_C_page_0]       StepMonitoring.java:98   | LINKS
2025-12-26 12:46:26,918 INFO [001_Bach_Invention_No1_C_page_0]             KeyInter.java:1165 | No effective key before AlterInter#5778{(0.322) staff:9 NATURAL pitch:4.0}
2025-12-26 12:46:26,936 INFO [001_Bach_Invention_No1_C_page_0]       StepMonitoring.java:98   | RHYTHMS
2025-12-26 12:46:27,001 INFO [001_Bach_Invention_No1_C_page_0]                Voice.java:257  | Measure{#5} Voice{#5 excess:1/8} too long
2025-12-26 12:46:27,002 INFO [001_Bach_Invention_No1_C_page_0]                Voice.java:257  | Measure{#5} Voice{#1 excess:1/8} too long
2025-12-26 12:46:27,002 INFO [001_Bach_Invention_No1_C_page_0]          StackRhythm.java:224  | S3 MeasureStack#5 no correct rhythm
2025-12-26 12:46:27,011 INFO [001_Bach_Invention_No1_C_page_0]        MeasureRhythm.java:1277 | Measure{#6} Time inconsistency in {5/8=[HeadChordInter#5222{(0.953/0.953) staff:6 slot#13 off:5/8 dur:1/16}], 11/16=[HeadChordInter#5199{(0.965/0.965) staff:5 slot#13 off:11/16 dur:1/16}]}
2025-12-26 12:46:27,019 INFO [001_Bach_Invention_No1_C_page_0]                Voice.java:257  | Measure{#7} Voice{#1 excess:1/8} too long
2025-12-26 12:46:27,020 INFO [001_Bach_Invention_No1_C_page_0]                Voice.java:257  | Measure{#7} Voice{#5 excess:1/8} too long
2025-12-26 12:46:27,021 INFO [001_Bach_Invention_No1_C_page_0]          StackRhythm.java:224  | S4 MeasureStack#7 no correct rhythm
2025-12-26 12:46:27,056 INFO [001_Bach_Invention_No1_C_page_0]       StepMonitoring.java:98   | PAGE
2025-12-26 12:46:27,071 INFO [001_Bach_Invention_No1_C_page_0]                Voice.java:257  | Measure{#7} Voice{#1 excess:1/8} too long
2025-12-26 12:46:27,072 INFO [001_Bach_Invention_No1_C_page_0]                Voice.java:257  | Measure{#7} Voice{#5 excess:1/8} too long
2025-12-26 12:46:27,081 INFO [001_Bach_Invention_No1_C_page_0]                 Book.java:2596 | Book{001_Bach_Invention_No1_C_page_0} storing
2025-12-26 12:46:27,130 INFO [001_Bach_Invention_No1_C_page_0]                 Book.java:2577 | Stored /book.xml
2025-12-26 12:46:27,215 INFO [001_Bach_Invention_No1_C_page_0]           DataHolder.java:348  | Stored /sheet#1/BINARY.png
2025-12-26 12:46:28,053 INFO [001_Bach_Invention_No1_C_page_0]                Sheet.java:1583 | Stored /sheet#1/sheet#1.xml
2025-12-26 12:46:28,054 INFO [001_Bach_Invention_No1_C_page_0]                 Book.java:2537 | Book stored as C:\Users\Elliot\Downloads\Audiveris\scores\001_Bach_Invention_No1_C_page_0.omr
2025-12-26 12:46:28,057 INFO [001_Bach_Invention_No1_C_page_0]            SheetStub.java:1660 | Disposed sheet
2025-12-26 12:46:28,090 INFO [001_Bach_Invention_No1_C_page_0]                 Book.java:2064 | End of Stub#1
2025-12-26 12:46:28,092 INFO [001_Bach_Invention_No1_C_page_0]                 Book.java:2071 | Book processed.
2025-12-26 12:46:28,472 INFO [001_Bach_Invention_No1_C_page_0]            SheetStub.java:997  | Loaded /sheet#1/sheet#1.xml
2025-12-26 12:46:28,906 INFO [001_Bach_Invention_No1_C_page_0]      PartwiseBuilder.java:2688 | Exporting sheet(s): [#1]
2025-12-26 12:46:29,035 INFO [001_Bach_Invention_No1_C_page_0]        ScoreExporter.java:164  | Score 001_Bach_Invention_No1_C_page_0 exported to C:\Users\Elliot\Downloads\Audiveris\scores\001_Bach_Invention_No1_C_page_0.mxl
2025-12-26 12:46:29,081 INFO [001_Bach_Invention_No1_C_page_0]                Score.java:181  | Closing {Score 1}
