2025-12-26 12:46:42,953 INFO [002_Bach_Invention_No8_F_page_0]                 Book.java:560  | 1 sheet in C:\Users\Elliot\Downloads\Audiveris\scores\002_Bach_Invention_No8_F_page_0.jpg
2025-12-26 12:46:43,062 INFO []                 Book.java:2577 | Stored /book.xml
2025-12-26 12:46:43,063 INFO []                 Book.java:2537 | Book stored as C:\Users\Elliot\Downloads\Audiveris\scores\002_Bach_Invention_No8_F_page_0.omr
2025-12-26 12:46:43,071 INFO []                 Book.java:1929 | Book reaching PAGE on sheets:[#1]
2025-12-26 12:46:43,073 INFO [002_Bach_Invention_No8_F_page_0]       StepMonitoring.java:98   | LOAD
2025-12-26 12:46:43,178 INFO [002_Bach_Invention_No8_F_page_0]            SheetStub.java:1273 | Loaded image #1 1653x2339 from C:\Users\Elliot\Downloads\Audiveris\scores\002_Bach_Invention_No8_F_page_0.jpg
2025-12-26 12:46:43,182 INFO [002_Bach_Invention_No8_F_page_0]            ImageUtil.java:124  | Converting max RGB to gray
2025-12-26 12:46:43,286 INFO [002_Bach_Invention_No8_F_page_0]       StepMonitoring.java:98   | BINARY
2025-12-26 12:46:43,512 INFO [002_Bach_Invention_No8_F_page_0]       StepMonitoring.java:98   | SCALE
2025-12-26 12:46:43,536 INFO [002_Bach_Invention_No8_F_page_0]         ScaleBuilder.java:241  | Beam  guessed height:  6 -- 0.50 of 12 interline
2025-12-26 12:46:43,537 INFO [002_Bach_Invention_No8_F_page_0]         ScaleBuilder.java:264  | Beam measured height:  8 -- 0.50 of [4..12] range at 727% of needed quorum
2025-12-26 12:46:43,538 INFO [002_Bach_Invention_No8_F_page_0]            ScaleStep.java:65   | Scale{ interline(13,14,14) line(1,1,2) beam(8)}
2025-12-26 12:46:43,539 INFO [002_Bach_Invention_No8_F_page_0]       StepMonitoring.java:98   | GRID
2025-12-26 12:46:43,884 INFO [002_Bach_Invention_No8_F_page_0]       LinesRetriever.java:1500 | Global slope: 0.00000
2025-12-26 12:46:43,939 INFO [002_Bach_Invention_No8_F_page_0]    ClustersRetriever.java:326  | Retrieved raw line clusters: 12 of sizes [5] with interline(13,14,14)
2025-12-26 12:46:44,124 INFO [002_Bach_Invention_No8_F_page_0]            PeakGraph.java:310  | Systems: #1[1, 2] #2[3, 4] #3[5, 6] #4[7, 8] #5[9, 10] #6[11, 12]
2025-12-26 12:46:44,336 INFO [002_Bach_Invention_No8_F_page_0]        SystemManager.java:779  | 1 part along 6 systems
2025-12-26 12:46:44,337 INFO [002_Bach_Invention_No8_F_page_0]                 Book.java:543  | Created scores: [{Score 1}]
2025-12-26 12:46:44,338 INFO [002_Bach_Invention_No8_F_page_0]       StepMonitoring.java:98   | HEADERS
2025-12-26 12:46:44,661 INFO [002_Bach_Invention_No8_F_page_0]      BasicClassifier.java:286  | Classifier loaded XML norms.
2025-12-26 12:46:44,667 INFO [002_Bach_Invention_No8_F_page_0]   AbstractClassifier.java:396  | Classifier data loaded from default uri jar:file:/C:/Users/Elliot/Downloads/Audiveris/app/audiveris.jar!/res/basic-classifier.zip
2025-12-26 12:46:45,406 INFO [002_Bach_Invention_No8_F_page_0]       StepMonitoring.java:98   | STEM_SEEDS
2025-12-26 12:46:45,445 INFO [002_Bach_Invention_No8_F_page_0]        StemSeedsStep.java:86   | stem(2 max:2)
2025-12-26 12:46:45,490 INFO [002_Bach_Invention_No8_F_page_0]       StepMonitoring.java:98   | BEAMS
2025-12-26 12:46:46,868 INFO [002_Bach_Invention_No8_F_page_0]       StepMonitoring.java:98   | LEDGERS
2025-12-26 12:46:47,034 INFO [002_Bach_Invention_No8_F_page_0]       StepMonitoring.java:98   | HEADS
2025-12-26 12:46:49,462 INFO [002_Bach_Invention_No8_F_page_0]        HeadSeedTally.java:235  | Scale information: HeadSeeds{NOTEHEAD_BLACK[L:0.1,R:0.5]}
2025-12-26 12:46:49,462 INFO [002_Bach_Invention_No8_F_page_0]       StepMonitoring.java:98   | STEMS
2025-12-26 12:46:50,182 INFO [002_Bach_Invention_No8_F_page_0]       StepMonitoring.java:98   | REDUCTION
2025-12-26 12:46:50,347 INFO [002_Bach_Invention_No8_F_page_0]        ReductionStep.java:105  | Stems free length median value: 50 pixels, 3.6 interlines
2025-12-26 12:46:50,353 INFO [002_Bach_Invention_No8_F_page_0]       StepMonitoring.java:98   | CUE_BEAMS
2025-12-26 12:46:50,355 INFO [002_Bach_Invention_No8_F_page_0]         CueBeamsStep.java:81   | Step CUE_BEAMS is skipped because small heads switch is off
2025-12-26 12:46:50,358 INFO [002_Bach_Invention_No8_F_page_0]       StepMonitoring.java:98   | TEXTS
2025-12-26 12:46:50,448 WARN [002_Bach_Invention_No8_F_page_0]         TesseractOCR.java:335  | The collection of supported languages is empty
2025-12-26 12:46:50,449 INFO [002_Bach_Invention_No8_F_page_0]              OcrUtil.java:106  | Missing support for 'eng' language(s)
2025-12-26 12:46:50,460 INFO [002_Bach_Invention_No8_F_page_0]       StepMonitoring.java:98   | MEASURES
2025-12-26 12:46:50,469 INFO [002_Bach_Invention_No8_F_page_0]                 Page.java:307  | 18 raw measures: [3 in system#1, 3 in system#2, 3 in system#3, 3 in system#4, 3 in system#5, 3 in system#6]
2025-12-26 12:46:50,470 INFO [002_Bach_Invention_No8_F_page_0]       StepMonitoring.java:98   | CHORDS
2025-12-26 12:46:50,496 INFO [002_Bach_Invention_No8_F_page_0]       StepMonitoring.java:98   | CURVES
2025-12-26 12:46:51,066 INFO [002_Bach_Invention_No8_F_page_0]         SlursBuilder.java:240  | Slurs: 0
2025-12-26 12:46:51,084 INFO [002_Bach_Invention_No8_F_page_0]      SegmentsBuilder.java:155  | Segments: 11
2025-12-26 12:46:51,094 INFO [002_Bach_Invention_No8_F_page_0]       StepMonitoring.java:98   | SYMBOLS
2025-12-26 12:46:51,314 INFO [002_Bach_Invention_No8_F_page_0]       StepMonitoring.java:98   | LINKS
2025-12-26 12:46:51,368 INFO [002_Bach_Invention_No8_F_page_0]       StepMonitoring.java:98   | RHYTHMS
2025-12-26 12:46:51,445 INFO [002_Bach_Invention_No8_F_page_0]                Voice.java:257  | Measure{#10} Voice{#2 excess:3/16} too long
2025-12-26 12:46:51,446 INFO [002_Bach_Invention_No8_F_page_0]          StackRhythm.java:224  | S4 MeasureStack#10 no correct rhythm
2025-12-26 12:46:51,476 INFO [002_Bach_Invention_No8_F_page_0]       StepMonitoring.java:98   | PAGE
2025-12-26 12:46:51,483 INFO [002_Bach_Invention_No8_F_page_0]                Voice.java:257  | Measure{#10} Voice{#2 excess:3/16} too long
2025-12-26 12:46:51,487 INFO [002_Bach_Invention_No8_F_page_0]                 Book.java:2596 | Book{002_Bach_Invention_No8_F_page_0} storing
2025-12-26 12:46:51,530 INFO [002_Bach_Invention_No8_F_page_0]                 Book.java:2577 | Stored /book.xml
2025-12-26 12:46:51,625 INFO [002_Bach_Invention_No8_F_page_0]           DataHolder.java:348  | Stored /sheet#1/BINARY.png
2025-12-26 12:46:52,632 INFO [002_Bach_Invention_No8_F_page_0]                Sheet.java:1583 | Stored /sheet#1/sheet#1.xml
2025-12-26 12:46:52,632 INFO [002_Bach_Invention_No8_F_page_0]                 Book.java:2537 | Book stored as C:\Users\Elliot\Downloads\Audiveris\scores\002_Bach_Invention_No8_F_page_0.omr
2025-12-26 12:46:52,639 INFO [002_Bach_Invention_No8_F_page_0]            SheetStub.java:1660 | Disposed sheet
2025-12-26 12:46:52,674 INFO [002_Bach_Invention_No8_F_page_0]                 Book.java:2064 | End of Stub#1
2025-12-26 12:46:52,675 INFO [002_Bach_Invention_No8_F_page_0]                 Book.java:2071 | Book processed.
2025-12-26 12:46:53,062 INFO [002_Bach_Invention_No8_F_page_0]            SheetStub.java:997  | Loaded /sheet#1/sheet#1.xml
2025-12-26 12:46:53,456 INFO [002_Bach_Invention_No8_F_page_0]      PartwiseBuilder.java:2688 | Exporting sheet(s): [#1]
2025-12-26 12:46:53,565 INFO [002_Bach_Invention_No8_F_page_0]        ScoreExporter.java:164  | Score 002_Bach_Invention_No8_F_page_0 exported to C:\Users\Elliot\Downloads\Audiveris\scores\002_Bach_Invention_No8_F_page_0.mxl
2025-12-26 12:46:53,616 INFO [002_Bach_Invention_No8_F_page_0]                Score.java:181  | Closing {Score 1}
