2025-12-26 12:46:55,561 INFO [002_Bach_Invention_No8_F_page_1]                 Book.java:560  | 1 sheet in C:\Users\Elliot\Downloads\Audiveris\scores\002_Bach_Invention_No8_F_page_1.jpg
2025-12-26 12:46:55,678 INFO []                 Book.java:2577 | Stored /book.xml
2025-12-26 12:46:55,679 INFO []                 Book.java:2537 | Book stored as C:\Users\Elliot\Downloads\Audiveris\scores\002_Bach_Invention_No8_F_page_1.omr
2025-12-26 12:46:55,684 INFO []                 Book.java:1929 | Book reaching PAGE on sheets:[#1]
2025-12-26 12:46:55,691 INFO [002_Bach_Invention_No8_F_page_1]       StepMonitoring.java:98   | LOAD
2025-12-26 12:46:55,797 INFO [002_Bach_Invention_No8_F_page_1]            SheetStub.java:1273 | Loaded image #1 1653x2339 from C:\Users\Elliot\Downloads\Audiveris\scores\002_Bach_Invention_No8_F_page_1.jpg
2025-12-26 12:46:55,803 INFO [002_Bach_Invention_No8_F_page_1]            ImageUtil.java:124  | Converting max RGB to gray
2025-12-26 12:46:55,922 INFO [002_Bach_Invention_No8_F_page_1]       StepMonitoring.java:98   | BINARY
2025-12-26 12:46:56,251 INFO [002_Bach_Invention_No8_F_page_1]       StepMonitoring.java:98   | SCALE
2025-12-26 12:46:56,291 INFO [002_Bach_Invention_No8_F_page_1]         ScaleBuilder.java:241  | Beam  guessed height:  6 -- 0.50 of 12 interline
2025-12-26 12:46:56,293 INFO [002_Bach_Invention_No8_F_page_1]         ScaleBuilder.java:264  | Beam measured height:  7 -- 0.38 of [4..12] range at 814% of needed quorum
2025-12-26 12:46:56,293 INFO [002_Bach_Invention_No8_F_page_1]            ScaleStep.java:65   | Scale{ interline(13,14,14) line(1,1,2) beam(7)}
2025-12-26 12:46:56,294 INFO [002_Bach_Invention_No8_F_page_1]       StepMonitoring.java:98   | GRID
2025-12-26 12:46:56,670 INFO [002_Bach_Invention_No8_F_page_1]       LinesRetriever.java:1500 | Global slope: 0.00000
2025-12-26 12:46:56,716 INFO [002_Bach_Invention_No8_F_page_1]    ClustersRetriever.java:326  | Retrieved raw line clusters: 12 of sizes [5] with interline(13,14,14)
2025-12-26 12:46:56,839 INFO [002_Bach_Invention_No8_F_page_1]            PeakGraph.java:310  | Systems: #1[1, 2] #2[3, 4] #3[5, 6] #4[7, 8] #5[9, 10] #6[11, 12]
2025-12-26 12:46:57,093 INFO [002_Bach_Invention_No8_F_page_1]        SystemManager.java:779  | 1 part along 6 systems
2025-12-26 12:46:57,094 INFO [002_Bach_Invention_No8_F_page_1]                 Book.java:543  | Created scores: [{Score 1}]
2025-12-26 12:46:57,096 INFO [002_Bach_Invention_No8_F_page_1]       StepMonitoring.java:98   | HEADERS
2025-12-26 12:46:57,431 INFO [002_Bach_Invention_No8_F_page_1]      BasicClassifier.java:286  | Classifier loaded XML norms.
2025-12-26 12:46:57,434 INFO [002_Bach_Invention_No8_F_page_1]   AbstractClassifier.java:396  | Classifier data loaded from default uri jar:file:/C:/Users/Elliot/Downloads/Audiveris/app/audiveris.jar!/res/basic-classifier.zip
2025-12-26 12:46:58,213 INFO [002_Bach_Invention_No8_F_page_1]       StepMonitoring.java:98   | STEM_SEEDS
2025-12-26 12:46:58,269 INFO [002_Bach_Invention_No8_F_page_1]        StemSeedsStep.java:86   | stem(2 max:2)
2025-12-26 12:46:58,321 INFO [002_Bach_Invention_No8_F_page_1]       StepMonitoring.java:98   | BEAMS
2025-12-26 12:46:59,567 INFO [002_Bach_Invention_No8_F_page_1]       StepMonitoring.java:98   | LEDGERS
2025-12-26 12:46:59,691 INFO [002_Bach_Invention_No8_F_page_1]       StepMonitoring.java:98   | HEADS
2025-12-26 12:47:02,074 INFO [002_Bach_Invention_No8_F_page_1]        HeadSeedTally.java:235  | Scale information: HeadSeeds{NOTEHEAD_BLACK[L:0.1,R:0.5]}
2025-12-26 12:47:02,076 INFO [002_Bach_Invention_No8_F_page_1]       StepMonitoring.java:98   | STEMS
2025-12-26 12:47:02,830 INFO [002_Bach_Invention_No8_F_page_1]       StepMonitoring.java:98   | REDUCTION
2025-12-26 12:47:02,991 INFO [002_Bach_Invention_No8_F_page_1]        ReductionStep.java:105  | Stems free length median value: 49 pixels, 3.5 interlines
2025-12-26 12:47:02,997 INFO [002_Bach_Invention_No8_F_page_1]       StepMonitoring.java:98   | CUE_BEAMS
2025-12-26 12:47:02,998 INFO [002_Bach_Invention_No8_F_page_1]         CueBeamsStep.java:81   | Step CUE_BEAMS is skipped because small heads switch is off
2025-12-26 12:47:02,999 INFO [002_Bach_Invention_No8_F_page_1]       StepMonitoring.java:98   | TEXTS
2025-12-26 12:47:03,101 WARN [002_Bach_Invention_No8_F_page_1]         TesseractOCR.java:335  | The collection of supported languages is empty
2025-12-26 12:47:03,102 INFO [002_Bach_Invention_No8_F_page_1]              OcrUtil.java:106  | Missing support for 'eng' language(s)
2025-12-26 12:47:03,112 INFO [002_Bach_Invention_No8_F_page_1]       StepMonitoring.java:98   | MEASURES
2025-12-26 12:47:03,123 INFO [002_Bach_Invention_No8_F_page_1]                 Page.java:307  | 16 raw measures: [3 in system#1, 3 in system#2, 2 in system#3, 2 in system#4, 3 in system#5, 3 in system#6]
2025-12-26 12:47:03,123 INFO [002_Bach_Invention_No8_F_page_1]       StepMonitoring.java:98   | CHORDS
2025-12-26 12:47:03,140 INFO [002_Bach_Invention_No8_F_page_1]       StepMonitoring.java:98   | CURVES
2025-12-26 12:47:03,761 INFO [002_Bach_Invention_No8_F_page_1]         SlursBuilder.java:240  | Slurs: 0
2025-12-26 12:47:03,783 INFO [002_Bach_Invention_No8_F_page_1]      SegmentsBuilder.java:155  | Segments: 4
2025-12-26 12:47:03,790 INFO [002_Bach_Invention_No8_F_page_1]       StepMonitoring.java:98   | SYMBOLS
2025-12-26 12:47:04,006 INFO [002_Bach_Invention_No8_F_page_1]       StepMonitoring.java:98   | LINKS
2025-12-26 12:47:04,075 INFO [002_Bach_Invention_No8_F_page_1]       StepMonitoring.java:98   | RHYTHMS
2025-12-26 12:47:04,182 INFO [002_Bach_Invention_No8_F_page_1]       StepMonitoring.java:98   | PAGE
2025-12-26 12:47:04,189 WARN [002_Bach_Invention_No8_F_page_1]         MeasureFixer.java:343  | System#1 No target duration for measures local IDs [1, 2, 3], please check time signatures
2025-12-26 12:47:04,189 WARN [002_Bach_Invention_No8_F_page_1]         MeasureFixer.java:343  | System#2 No target duration for measures local IDs [4, 5, 6], please check time signatures
2025-12-26 12:47:04,189 WARN [002_Bach_Invention_No8_F_page_1]         MeasureFixer.java:343  | System#3 No target duration for measures local IDs [7, 8], please check time signatures
2025-12-26 12:47:04,190 WARN [002_Bach_Invention_No8_F_page_1]         MeasureFixer.java:343  | System#4 No target duration for measures local IDs [9, 10], please check time signatures
2025-12-26 12:47:04,190 WARN [002_Bach_Invention_No8_F_page_1]         MeasureFixer.java:343  | System#5 No target duration for measures local IDs [11, 12, 13], please check time signatures
2025-12-26 12:47:04,191 WARN [002_Bach_Invention_No8_F_page_1]         MeasureFixer.java:343  | System#6 No target duration for measures local IDs [14, 15, 16], please check time signatures
2025-12-26 12:47:04,194 INFO [002_Bach_Invention_No8_F_page_1]                 Book.java:2596 | Book{002_Bach_Invention_No8_F_page_1} storing
2025-12-26 12:47:04,235 INFO [002_Bach_Invention_No8_F_page_1]                 Book.java:2577 | Stored /book.xml
2025-12-26 12:47:04,310 INFO [002_Bach_Invention_No8_F_page_1]           DataHolder.java:348  | Stored /sheet#1/BINARY.png
2025-12-26 12:47:05,219 INFO [002_Bach_Invention_No8_F_page_1]                Sheet.java:1583 | Stored /sheet#1/sheet#1.xml
2025-12-26 12:47:05,219 INFO [002_Bach_Invention_No8_F_page_1]                 Book.java:2537 | Book stored as C:\Users\Elliot\Downloads\Audiveris\scores\002_Bach_Invention_No8_F_page_1.omr
2025-12-26 12:47:05,225 INFO [002_Bach_Invention_No8_F_page_1]            SheetStub.java:1660 | Disposed sheet
2025-12-26 12:47:05,261 INFO [002_Bach_Invention_No8_F_page_1]                 Book.java:2064 | End of Stub#1
2025-12-26 12:47:05,262 INFO [002_Bach_Invention_No8_F_page_1]                 Book.java:2071 | Book processed.
2025-12-26 12:47:05,669 INFO [002_Bach_Invention_No8_F_page_1]            SheetStub.java:997  | Loaded /sheet#1/sheet#1.xml
2025-12-26 12:47:06,113 INFO [002_Bach_Invention_No8_F_page_1]      PartwiseBuilder.java:2688 | Exporting sheet(s): [#1]
2025-12-26 12:47:06,220 INFO [002_Bach_Invention_No8_F_page_1]        ScoreExporter.java:164  | Score 002_Bach_Invention_No8_F_page_1 exported to C:\Users\Elliot\Downloads\Audiveris\scores\002_Bach_Invention_No8_F_page_1.mxl
2025-12-26 12:47:06,267 INFO [002_Bach_Invention_No8_F_page_1]                Score.java:181  | Closing {Score 1}
