2025-12-26 12:47:08,165 INFO [003_Bach_WTC_I_No23_B_Prelude_page_0]                 Book.java:560  | 1 sheet in C:\Users\Elliot\Downloads\Audiveris\scores\003_Bach_WTC_I_No23_B_Prelude_page_0.jpg
2025-12-26 12:47:08,279 INFO []                 Book.java:2577 | Stored /book.xml
2025-12-26 12:47:08,280 INFO []                 Book.java:2537 | Book stored as C:\Users\Elliot\Downloads\Audiveris\scores\003_Bach_WTC_I_No23_B_Prelude_page_0.omr
2025-12-26 12:47:08,284 INFO []                 Book.java:1929 | Book reaching PAGE on sheets:[#1]
2025-12-26 12:47:08,293 INFO [003_Bach_WTC_I_No23_B_Prelude_page_0]       StepMonitoring.java:98   | LOAD
2025-12-26 12:47:08,382 INFO [003_Bach_WTC_I_No23_B_Prelude_page_0]            SheetStub.java:1273 | Loaded image #1 1653x2339 from C:\Users\Elliot\Downloads\Audiveris\scores\003_Bach_WTC_I_No23_B_Prelude_page_0.jpg
2025-12-26 12:47:08,385 INFO [003_Bach_WTC_I_No23_B_Prelude_page_0]            ImageUtil.java:124  | Converting max RGB to gray
2025-12-26 12:47:08,498 INFO [003_Bach_WTC_I_No23_B_Prelude_page_0]       StepMonitoring.java:98   | BINARY
2025-12-26 12:47:08,755 INFO [003_Bach_WTC_I_No23_B_Prelude_page_0]       StepMonitoring.java:98   | SCALE
2025-12-26 12:47:08,795 INFO [003_Bach_WTC_I_No23_B_Prelude_page_0]         ScaleBuilder.java:241  | Beam  guessed height:  6 -- 0.50 of 12 interline
2025-12-26 12:47:08,797 INFO [003_Bach_WTC_I_No23_B_Prelude_page_0]         ScaleBuilder.java:264  | Beam measured height:  7 -- 0.38 of [4..12] range at 957% of needed quorum
2025-12-26 12:47:08,798 INFO [003_Bach_WTC_I_No23_B_Prelude_page_0]            ScaleStep.java:65   | Scale{ interline(13,14,14) line(1,1,3) beam(7)}
2025-12-26 12:47:08,801 INFO [003_Bach_WTC_I_No23_B_Prelude_page_0]       StepMonitoring.java:98   | GRID
2025-12-26 12:47:09,199 INFO [003_Bach_WTC_I_No23_B_Prelude_page_0]       LinesRetriever.java:1500 | Global slope: 0.00000
2025-12-26 12:47:09,261 INFO [003_Bach_WTC_I_No23_B_Prelude_page_0]    ClustersRetriever.java:326  | Retrieved raw line clusters: 10 of sizes [5] with interline(13,14,14)
2025-12-26 12:47:09,367 INFO [003_Bach_WTC_I_No23_B_Prelude_page_0]            PeakGraph.java:310  | Systems: #1[1, 2] #2[3, 4] #3[5, 6] #4[7, 8] #5[9, 10]
2025-12-26 12:47:09,617 INFO [003_Bach_WTC_I_No23_B_Prelude_page_0]        SystemManager.java:134  | Indentation detected for system #1
2025-12-26 12:47:09,618 INFO [003_Bach_WTC_I_No23_B_Prelude_page_0]        SystemManager.java:779  | 1 part along 5 systems
2025-12-26 12:47:09,619 INFO [003_Bach_WTC_I_No23_B_Prelude_page_0]                 Book.java:543  | Created scores: [{Score 1}]
2025-12-26 12:47:09,620 INFO [003_Bach_WTC_I_No23_B_Prelude_page_0]       StepMonitoring.java:98   | HEADERS
2025-12-26 12:47:09,980 INFO [003_Bach_WTC_I_No23_B_Prelude_page_0]      BasicClassifier.java:286  | Classifier loaded XML norms.
2025-12-26 12:47:09,983 INFO [003_Bach_WTC_I_No23_B_Prelude_page_0]   AbstractClassifier.java:396  | Classifier data loaded from default uri jar:file:/C:/Users/Elliot/Downloads/Audiveris/app/audiveris.jar!/res/basic-classifier.zip
2025-12-26 12:47:10,759 INFO [003_Bach_WTC_I_No23_B_Prelude_page_0]       StepMonitoring.java:98   | STEM_SEEDS
2025-12-26 12:47:10,789 INFO [003_Bach_WTC_I_No23_B_Prelude_page_0]        StemSeedsStep.java:86   | stem(2 max:2)
2025-12-26 12:47:10,837 INFO [003_Bach_WTC_I_No23_B_Prelude_page_0]       StepMonitoring.java:98   | BEAMS
2025-12-26 12:47:12,018 INFO [003_Bach_WTC_I_No23_B_Prelude_page_0]       StepMonitoring.java:98   | LEDGERS
2025-12-26 12:47:12,335 INFO [003_Bach_WTC_I_No23_B_Prelude_page_0]       StepMonitoring.java:98   | HEADS
2025-12-26 12:47:14,529 INFO [003_Bach_WTC_I_No23_B_Prelude_page_0]        HeadSeedTally.java:235  | Scale information: HeadSeeds{NOTEHEAD_BLACK[L:0.0,R:0.4]}
2025-12-26 12:47:14,530 INFO [003_Bach_WTC_I_No23_B_Prelude_page_0]       StepMonitoring.java:98   | STEMS
2025-12-26 12:47:15,226 INFO [003_Bach_WTC_I_No23_B_Prelude_page_0]       StepMonitoring.java:98   | REDUCTION
2025-12-26 12:47:15,422 INFO [003_Bach_WTC_I_No23_B_Prelude_page_0]        ReductionStep.java:105  | Stems free length median value: 42 pixels, 3.0 interlines
2025-12-26 12:47:15,427 INFO [003_Bach_WTC_I_No23_B_Prelude_page_0]       StepMonitoring.java:98   | CUE_BEAMS
2025-12-26 12:47:15,428 INFO [003_Bach_WTC_I_No23_B_Prelude_page_0]         CueBeamsStep.java:81   | Step CUE_BEAMS is skipped because small heads switch is off
2025-12-26 12:47:15,429 INFO [003_Bach_WTC_I_No23_B_Prelude_page_0]       StepMonitoring.java:98   | TEXTS
2025-12-26 12:47:15,532 WARN [003_Bach_WTC_I_No23_B_Prelude_page_0]         TesseractOCR.java:335  | The collection of supported languages is empty
2025-12-26 12:47:15,532 INFO [003_Bach_WTC_I_No23_B_Prelude_page_0]              OcrUtil.java:106  | Missing support for 'eng' language(s)
2025-12-26 12:47:15,542 INFO [003_Bach_WTC_I_No23_B_Prelude_page_0]       StepMonitoring.java:98   | MEASURES
2025-12-26 12:47:15,553 INFO [003_Bach_WTC_I_No23_B_Prelude_page_0]                 Page.java:307  | 11 raw measures: [2 in system#1, 2 in system#2, 3 in system#3, 2 in system#4, 2 in system#5]
2025-12-26 12:47:15,554 INFO [003_Bach_WTC_I_No23_B_Prelude_page_0]       StepMonitoring.java:98   | CHORDS
2025-12-26 12:47:15,578 INFO [003_Bach_WTC_I_No23_B_Prelude_page_0]       StepMonitoring.java:98   | CURVES
2025-12-26 12:47:16,126 INFO [003_Bach_WTC_I_No23_B_Prelude_page_0]         SlursBuilder.java:240  | Slurs: 18
2025-12-26 12:47:16,147 INFO [003_Bach_WTC_I_No23_B_Prelude_page_0]      SegmentsBuilder.java:155  | Segments: 7
2025-12-26 12:47:16,154 INFO [003_Bach_WTC_I_No23_B_Prelude_page_0]       StepMonitoring.java:98   | SYMBOLS
2025-12-26 12:47:16,379 INFO [003_Bach_WTC_I_No23_B_Prelude_page_0]       StepMonitoring.java:98   | LINKS
2025-12-26 12:47:16,425 INFO [003_Bach_WTC_I_No23_B_Prelude_page_0]       StepMonitoring.java:98   | RHYTHMS
2025-12-26 12:47:16,534 INFO [003_Bach_WTC_I_No23_B_Prelude_page_0]       StepMonitoring.java:98   | PAGE
2025-12-26 12:47:16,547 INFO [003_Bach_WTC_I_No23_B_Prelude_page_0]                 Book.java:2596 | Book{003_Bach_WTC_I_No23_B_Prelude_page_0} storing
2025-12-26 12:47:16,594 INFO [003_Bach_WTC_I_No23_B_Prelude_page_0]                 Book.java:2577 | Stored /book.xml
2025-12-26 12:47:16,705 INFO [003_Bach_WTC_I_No23_B_Prelude_page_0]           DataHolder.java:348  | Stored /sheet#1/BINARY.png
2025-12-26 12:47:17,423 INFO [003_Bach_WTC_I_No23_B_Prelude_page_0]                Sheet.java:1583 | Stored /sheet#1/sheet#1.xml
2025-12-26 12:47:17,425 INFO [003_Bach_WTC_I_No23_B_Prelude_page_0]                 Book.java:2537 | Book stored as C:\Users\Elliot\Downloads\Audiveris\scores\003_Bach_WTC_I_No23_B_Prelude_page_0.omr
2025-12-26 12:47:17,430 INFO [003_Bach_WTC_I_No23_B_Prelude_page_0]            SheetStub.java:1660 | Disposed sheet
2025-12-26 12:47:17,464 INFO [003_Bach_WTC_I_No23_B_Prelude_page_0]                 Book.java:2064 | End of Stub#1
2025-12-26 12:47:17,466 INFO [003_Bach_WTC_I_No23_B_Prelude_page_0]                 Book.java:2071 | Book processed.
2025-12-26 12:47:18,202 INFO [003_Bach_WTC_I_No23_B_Prelude_page_0]            SheetStub.java:997  | Loaded /sheet#1/sheet#1.xml
2025-12-26 12:47:18,611 INFO [003_Bach_WTC_I_No23_B_Prelude_page_0]      PartwiseBuilder.java:2688 | Exporting sheet(s): [#1]
2025-12-26 12:47:18,742 INFO [003_Bach_WTC_I_No23_B_Prelude_page_0]        ScoreExporter.java:164  | Score 003_Bach_WTC_I_No23_B_Prelude_page_0 exported to C:\Users\Elliot\Downloads\Audiveris\scores\003_Bach_WTC_I_No23_B_Prelude_page_0.mxl
2025-12-26 12:47:18,789 INFO [003_Bach_WTC_I_No23_B_Prelude_page_0]                Score.java:181  | Closing {Score 1}
