2025-12-26 12:47:20,817 INFO [003_Bach_WTC_I_No23_B_Prelude_page_1]                 Book.java:560  | 1 sheet in C:\Users\Elliot\Downloads\Audiveris\scores\003_Bach_WTC_I_No23_B_Prelude_page_1.jpg
2025-12-26 12:47:20,925 INFO []                 Book.java:2577 | Stored /book.xml
2025-12-26 12:47:20,925 INFO []                 Book.java:2537 | Book stored as C:\Users\Elliot\Downloads\Audiveris\scores\003_Bach_WTC_I_No23_B_Prelude_page_1.omr
2025-12-26 12:47:20,931 INFO []                 Book.java:1929 | Book reaching PAGE on sheets:[#1]
2025-12-26 12:47:20,939 INFO [003_Bach_WTC_I_No23_B_Prelude_page_1]       StepMonitoring.java:98   | LOAD
2025-12-26 12:47:21,027 INFO [003_Bach_WTC_I_No23_B_Prelude_page_1]            SheetStub.java:1273 | Loaded image #1 1653x2339 from C:\Users\Elliot\Downloads\Audiveris\scores\003_Bach_WTC_I_No23_B_Prelude_page_1.jpg
2025-12-26 12:47:21,032 INFO [003_Bach_WTC_I_No23_B_Prelude_page_1]            ImageUtil.java:124  | Converting max RGB to gray
2025-12-26 12:47:21,148 INFO [003_Bach_WTC_I_No23_B_Prelude_page_1]       StepMonitoring.java:98   | BINARY
2025-12-26 12:47:21,390 INFO [003_Bach_WTC_I_No23_B_Prelude_page_1]       StepMonitoring.java:98   | SCALE
2025-12-26 12:47:21,411 INFO [003_Bach_WTC_I_No23_B_Prelude_page_1]         ScaleBuilder.java:241  | Beam  guessed height:  6 -- 0.50 of 12 interline
2025-12-26 12:47:21,413 INFO [003_Bach_WTC_I_No23_B_Prelude_page_1]         ScaleBuilder.java:264  | Beam measured height:  7 -- 0.38 of [4..12] range at 900% of needed quorum
2025-12-26 12:47:21,413 INFO [003_Bach_WTC_I_No23_B_Prelude_page_1]            ScaleStep.java:65   | Scale{ interline(13,14,14) line(1,1,3) beam(7)}
2025-12-26 12:47:21,414 INFO [003_Bach_WTC_I_No23_B_Prelude_page_1]       StepMonitoring.java:98   | GRID
2025-12-26 12:47:21,753 INFO [003_Bach_WTC_I_No23_B_Prelude_page_1]       LinesRetriever.java:1500 | Global slope: 0.00000
2025-12-26 12:47:21,798 INFO [003_Bach_WTC_I_No23_B_Prelude_page_1]    ClustersRetriever.java:326  | Retrieved raw line clusters: 8 of sizes [5] with interline(13,14,14)
2025-12-26 12:47:21,912 INFO [003_Bach_WTC_I_No23_B_Prelude_page_1]            PeakGraph.java:310  | Systems: #1[1, 2] #2[3, 4] #3[5, 6] #4[7, 8]
2025-12-26 12:47:22,190 INFO [003_Bach_WTC_I_No23_B_Prelude_page_1]        SystemManager.java:779  | 1 part along 4 systems
2025-12-26 12:47:22,191 INFO [003_Bach_WTC_I_No23_B_Prelude_page_1]                 Book.java:543  | Created scores: [{Score 1}]
2025-12-26 12:47:22,192 INFO [003_Bach_WTC_I_No23_B_Prelude_page_1]       StepMonitoring.java:98   | HEADERS
2025-12-26 12:47:22,525 INFO [003_Bach_WTC_I_No23_B_Prelude_page_1]      BasicClassifier.java:286  | Classifier loaded XML norms.
2025-12-26 12:47:22,530 INFO [003_Bach_WTC_I_No23_B_Prelude_page_1]   AbstractClassifier.java:396  | Classifier data loaded from default uri jar:file:/C:/Users/Elliot/Downloads/Audiveris/app/audiveris.jar!/res/basic-classifier.zip
2025-12-26 12:47:23,351 INFO [003_Bach_WTC_I_No23_B_Prelude_page_1]       StepMonitoring.java:98   | STEM_SEEDS
2025-12-26 12:47:23,395 INFO [003_Bach_WTC_I_No23_B_Prelude_page_1]        StemSeedsStep.java:86   | stem(2 max:2)
2025-12-26 12:47:23,448 INFO [003_Bach_WTC_I_No23_B_Prelude_page_1]       StepMonitoring.java:98   | BEAMS
2025-12-26 12:47:24,464 INFO [003_Bach_WTC_I_No23_B_Prelude_page_1]       StepMonitoring.java:98   | LEDGERS
2025-12-26 12:47:24,566 INFO [003_Bach_WTC_I_No23_B_Prelude_page_1]       StepMonitoring.java:98   | HEADS
2025-12-26 12:47:26,301 INFO [003_Bach_WTC_I_No23_B_Prelude_page_1]        HeadSeedTally.java:235  | Scale information: HeadSeeds{NOTEHEAD_BLACK[L:0.0,R:0.5]}
2025-12-26 12:47:26,301 INFO [003_Bach_WTC_I_No23_B_Prelude_page_1]       StepMonitoring.java:98   | STEMS
2025-12-26 12:47:26,877 INFO [003_Bach_WTC_I_No23_B_Prelude_page_1]       StepMonitoring.java:98   | REDUCTION
2025-12-26 12:47:27,020 INFO [003_Bach_WTC_I_No23_B_Prelude_page_1]        ReductionStep.java:105  | Stems free length median value: 42 pixels, 3.0 interlines
2025-12-26 12:47:27,029 INFO [003_Bach_WTC_I_No23_B_Prelude_page_1]       StepMonitoring.java:98   | CUE_BEAMS
2025-12-26 12:47:27,030 INFO [003_Bach_WTC_I_No23_B_Prelude_page_1]         CueBeamsStep.java:81   | Step CUE_BEAMS is skipped because small heads switch is off
2025-12-26 12:47:27,032 INFO [003_Bach_WTC_I_No23_B_Prelude_page_1]       StepMonitoring.java:98   | TEXTS
2025-12-26 12:47:27,113 WARN [003_Bach_WTC_I_No23_B_Prelude_page_1]         TesseractOCR.java:335  | The collection of supported languages is empty
2025-12-26 12:47:27,114 INFO [003_Bach_WTC_I_No23_B_Prelude_page_1]              OcrUtil.java:106  | Missing support for 'eng' language(s)
2025-12-26 12:47:27,121 INFO [003_Bach_WTC_I_No23_B_Prelude_page_1]       StepMonitoring.java:98   | MEASURES
2025-12-26 12:47:27,133 INFO [003_Bach_WTC_I_No23_B_Prelude_page_1]                 Page.java:307  | 8 raw measures: [2 in system#1, 2 in system#2, 2 in system#3, 2 in system#4]
2025-12-26 12:47:27,134 INFO [003_Bach_WTC_I_No23_B_Prelude_page_1]       StepMonitoring.java:98   | CHORDS
2025-12-26 12:47:27,153 INFO [003_Bach_WTC_I_No23_B_Prelude_page_1]       StepMonitoring.java:98   | CURVES
2025-12-26 12:47:27,614 INFO [003_Bach_WTC_I_No23_B_Prelude_page_1]         SlursBuilder.java:240  | Slurs: 11
2025-12-26 12:47:27,623 INFO [003_Bach_WTC_I_No23_B_Prelude_page_1]      SegmentsBuilder.java:155  | Segments: 3
2025-12-26 12:47:27,632 INFO [003_Bach_WTC_I_No23_B_Prelude_page_1]       StepMonitoring.java:98   | SYMBOLS
2025-12-26 12:47:27,844 INFO [003_Bach_WTC_I_No23_B_Prelude_page_1]       StepMonitoring.java:98   | LINKS
2025-12-26 12:47:27,895 INFO [003_Bach_WTC_I_No23_B_Prelude_page_1]       StepMonitoring.java:98   | RHYTHMS
2025-12-26 12:47:27,976 INFO [003_Bach_WTC_I_No23_B_Prelude_page_1]        MeasureRhythm.java:1045 | Measure{#3} No timeOffset for HeadChordInter#3604{(0.948/0.948) staff:3 slot#2 dur:1/8}
2025-12-26 12:47:27,980 INFO [003_Bach_WTC_I_No23_B_Prelude_page_1]          StackRhythm.java:224  | S2 MeasureStack#3 no correct rhythm
2025-12-26 12:47:28,028 INFO [003_Bach_WTC_I_No23_B_Prelude_page_1]       StepMonitoring.java:98   | PAGE
2025-12-26 12:47:28,034 WARN [003_Bach_WTC_I_No23_B_Prelude_page_1]         MeasureFixer.java:343  | System#1 No target duration for measures local IDs [1, 2], please check time signatures
2025-12-26 12:47:28,035 WARN [003_Bach_WTC_I_No23_B_Prelude_page_1]         MeasureFixer.java:343  | System#2 No target duration for measures local IDs [3, 4], please check time signatures
2025-12-26 12:47:28,037 WARN [003_Bach_WTC_I_No23_B_Prelude_page_1]         MeasureFixer.java:343  | System#3 No target duration for measures local IDs [5, 6], please check time signatures
2025-12-26 12:47:28,038 WARN [003_Bach_WTC_I_No23_B_Prelude_page_1]         MeasureFixer.java:343  | System#4 No target duration for measures local IDs [7, 8], please check time signatures
2025-12-26 12:47:28,049 INFO [003_Bach_WTC_I_No23_B_Prelude_page_1]                 Book.java:2596 | Book{003_Bach_WTC_I_No23_B_Prelude_page_1} storing
2025-12-26 12:47:28,098 INFO [003_Bach_WTC_I_No23_B_Prelude_page_1]                 Book.java:2577 | Stored /book.xml
2025-12-26 12:47:28,173 INFO [003_Bach_WTC_I_No23_B_Prelude_page_1]           DataHolder.java:348  | Stored /sheet#1/BINARY.png
2025-12-26 12:47:28,873 INFO [003_Bach_WTC_I_No23_B_Prelude_page_1]                Sheet.java:1583 | Stored /sheet#1/sheet#1.xml
2025-12-26 12:47:28,874 INFO [003_Bach_WTC_I_No23_B_Prelude_page_1]                 Book.java:2537 | Book stored as C:\Users\Elliot\Downloads\Audiveris\scores\003_Bach_WTC_I_No23_B_Prelude_page_1.omr
2025-12-26 12:47:28,878 INFO [003_Bach_WTC_I_No23_B_Prelude_page_1]            SheetStub.java:1660 | Disposed sheet
2025-12-26 12:47:28,902 INFO [003_Bach_WTC_I_No23_B_Prelude_page_1]                 Book.java:2064 | End of Stub#1
2025-12-26 12:47:28,903 INFO [003_Bach_WTC_I_No23_B_Prelude_page_1]                 Book.java:2071 | Book processed.
2025-12-26 12:47:29,184 INFO [003_Bach_WTC_I_No23_B_Prelude_page_1]            SheetStub.java:997  | Loaded /sheet#1/sheet#1.xml
2025-12-26 12:47:29,616 INFO [003_Bach_WTC_I_No23_B_Prelude_page_1]      PartwiseBuilder.java:2688 | Exporting sheet(s): [#1]
2025-12-26 12:47:29,720 INFO [003_Bach_WTC_I_No23_B_Prelude_page_1]        ScoreExporter.java:164  | Score 003_Bach_WTC_I_No23_B_Prelude_page_1 exported to C:\Users\Elliot\Downloads\Audiveris\scores\003_Bach_WTC_I_No23_B_Prelude_page_1.mxl
2025-12-26 12:47:29,761 INFO [003_Bach_WTC_I_No23_B_Prelude_page_1]                Score.java:181  | Closing {Score 1}
