2025-12-26 12:47:31,685 INFO [004_Bach_WTC_II_No2_c_Fuga_B1-14_page_0]                 Book.java:560  | 1 sheet in C:\Users\Elliot\Downloads\Audiveris\scores\004_Bach_WTC_II_No2_c_Fuga_B1-14_page_0.jpg
2025-12-26 12:47:31,800 INFO []                 Book.java:2577 | Stored /book.xml
2025-12-26 12:47:31,800 INFO []                 Book.java:2537 | Book stored as C:\Users\Elliot\Downloads\Audiveris\scores\004_Bach_WTC_II_No2_c_Fuga_B1-14_page_0.omr
2025-12-26 12:47:31,810 INFO []                 Book.java:1929 | Book reaching PAGE on sheets:[#1]
2025-12-26 12:47:31,813 INFO [004_Bach_WTC_II_No2_c_Fuga_B1-14_page_0]       StepMonitoring.java:98   | LOAD
2025-12-26 12:47:31,909 INFO [004_Bach_WTC_II_No2_c_Fuga_B1-14_page_0]            SheetStub.java:1273 | Loaded image #1 1653x2339 from C:\Users\Elliot\Downloads\Audiveris\scores\004_Bach_WTC_II_No2_c_Fuga_B1-14_page_0.jpg
2025-12-26 12:47:31,912 INFO [004_Bach_WTC_II_No2_c_Fuga_B1-14_page_0]            ImageUtil.java:124  | Converting max RGB to gray
2025-12-26 12:47:32,017 INFO [004_Bach_WTC_II_No2_c_Fuga_B1-14_page_0]       StepMonitoring.java:98   | BINARY
2025-12-26 12:47:32,261 INFO [004_Bach_WTC_II_No2_c_Fuga_B1-14_page_0]       StepMonitoring.java:98   | SCALE
2025-12-26 12:47:32,286 INFO [004_Bach_WTC_II_No2_c_Fuga_B1-14_page_0]         ScaleBuilder.java:241  | Beam  guessed height:  5 -- 0.50 of 10 interline
2025-12-26 12:47:32,287 INFO [004_Bach_WTC_II_No2_c_Fuga_B1-14_page_0]         ScaleBuilder.java:264  | Beam measured height:  7 -- 0.57 of [3..10] range at 828% of needed quorum
2025-12-26 12:47:32,287 INFO [004_Bach_WTC_II_No2_c_Fuga_B1-14_page_0]            ScaleStep.java:65   | Scale{ interline(12,12,13) line(1,1,2) beam(7)}
2025-12-26 12:47:32,288 INFO [004_Bach_WTC_II_No2_c_Fuga_B1-14_page_0]       StepMonitoring.java:98   | GRID
2025-12-26 12:47:32,652 INFO [004_Bach_WTC_II_No2_c_Fuga_B1-14_page_0]       LinesRetriever.java:1500 | Global slope: 0.00000
2025-12-26 12:47:32,723 INFO [004_Bach_WTC_II_No2_c_Fuga_B1-14_page_0]    ClustersRetriever.java:326  | Retrieved raw line clusters: 12 of sizes [5] with interline(12,12,13)
2025-12-26 12:47:32,868 INFO [004_Bach_WTC_II_No2_c_Fuga_B1-14_page_0]            PeakGraph.java:310  | Systems: #1[1, 2] #2[3, 4] #3[5, 6] #4[7, 8] #5[9, 10] #6[11, 12]
2025-12-26 12:47:33,101 INFO [004_Bach_WTC_II_No2_c_Fuga_B1-14_page_0]        SystemManager.java:779  | 1 part along 6 systems
2025-12-26 12:47:33,103 INFO [004_Bach_WTC_II_No2_c_Fuga_B1-14_page_0]                 Book.java:543  | Created scores: [{Score 1}]
2025-12-26 12:47:33,104 INFO [004_Bach_WTC_II_No2_c_Fuga_B1-14_page_0]       StepMonitoring.java:98   | HEADERS
2025-12-26 12:47:33,414 INFO []      BasicClassifier.java:286  | Classifier loaded XML norms.
2025-12-26 12:47:33,421 INFO []   AbstractClassifier.java:396  | Classifier data loaded from default uri jar:file:/C:/Users/Elliot/Downloads/Audiveris/app/audiveris.jar!/res/basic-classifier.zip
2025-12-26 12:47:34,432 INFO [004_Bach_WTC_II_No2_c_Fuga_B1-14_page_0]       StepMonitoring.java:98   | STEM_SEEDS
2025-12-26 12:47:34,471 INFO [004_Bach_WTC_II_No2_c_Fuga_B1-14_page_0]        StemSeedsStep.java:86   | stem(1 max:2)
2025-12-26 12:47:34,519 INFO [004_Bach_WTC_II_No2_c_Fuga_B1-14_page_0]       StepMonitoring.java:98   | BEAMS
2025-12-26 12:47:35,737 INFO [004_Bach_WTC_II_No2_c_Fuga_B1-14_page_0]       StepMonitoring.java:98   | LEDGERS
2025-12-26 12:47:35,931 INFO [004_Bach_WTC_II_No2_c_Fuga_B1-14_page_0]       StepMonitoring.java:98   | HEADS
2025-12-26 12:47:38,056 INFO [004_Bach_WTC_II_No2_c_Fuga_B1-14_page_0]        HeadSeedTally.java:235  | Scale information: HeadSeeds{NOTEHEAD_BLACK[L:-0.3,R:0.4]}
2025-12-26 12:47:38,057 INFO [004_Bach_WTC_II_No2_c_Fuga_B1-14_page_0]       StepMonitoring.java:98   | STEMS
2025-12-26 12:47:39,049 INFO [004_Bach_WTC_II_No2_c_Fuga_B1-14_page_0]       StepMonitoring.java:98   | REDUCTION
2025-12-26 12:47:39,242 INFO [004_Bach_WTC_II_No2_c_Fuga_B1-14_page_0]        ReductionStep.java:105  | Stems free length median value: 43 pixels, 3.6 interlines
2025-12-26 12:47:39,250 INFO [004_Bach_WTC_II_No2_c_Fuga_B1-14_page_0]       StepMonitoring.java:98   | CUE_BEAMS
2025-12-26 12:47:39,251 INFO [004_Bach_WTC_II_No2_c_Fuga_B1-14_page_0]         CueBeamsStep.java:81   | Step CUE_BEAMS is skipped because small heads switch is off
2025-12-26 12:47:39,251 INFO [004_Bach_WTC_II_No2_c_Fuga_B1-14_page_0]       StepMonitoring.java:98   | TEXTS
2025-12-26 12:47:39,360 WARN [004_Bach_WTC_II_No2_c_Fuga_B1-14_page_0]         TesseractOCR.java:335  | The collection of supported languages is empty
2025-12-26 12:47:39,360 INFO [004_Bach_WTC_II_No2_c_Fuga_B1-14_page_0]              OcrUtil.java:106  | Missing support for 'eng' language(s)
2025-12-26 12:47:39,371 INFO [004_Bach_WTC_II_No2_c_Fuga_B1-14_page_0]       StepMonitoring.java:98   | MEASURES
2025-12-26 12:47:39,383 INFO [004_Bach_WTC_II_No2_c_Fuga_B1-14_page_0]                 Page.java:307  | 14 raw measures: [3 in system#1, 3 in system#2, 2 in system#3, 2 in system#4, 2 in system#5, 2 in system#6]
2025-12-26 12:47:39,384 INFO [004_Bach_WTC_II_No2_c_Fuga_B1-14_page_0]       StepMonitoring.java:98   | CHORDS
2025-12-26 12:47:39,419 INFO [004_Bach_WTC_II_No2_c_Fuga_B1-14_page_0]       StepMonitoring.java:98   | CURVES
2025-12-26 12:47:40,001 INFO [004_Bach_WTC_II_No2_c_Fuga_B1-14_page_0]         SlursBuilder.java:240  | Slurs: 21
2025-12-26 12:47:40,018 INFO [004_Bach_WTC_II_No2_c_Fuga_B1-14_page_0]      SegmentsBuilder.java:155  | Segments: 5
2025-12-26 12:47:40,025 INFO [004_Bach_WTC_II_No2_c_Fuga_B1-14_page_0]       StepMonitoring.java:98   | SYMBOLS
2025-12-26 12:47:40,314 INFO [004_Bach_WTC_II_No2_c_Fuga_B1-14_page_0]       StepMonitoring.java:98   | LINKS
2025-12-26 12:47:40,396 INFO [004_Bach_WTC_II_No2_c_Fuga_B1-14_page_0]       StepMonitoring.java:98   | RHYTHMS
2025-12-26 12:47:40,478 INFO [004_Bach_WTC_II_No2_c_Fuga_B1-14_page_0]                Voice.java:257  | Measure{#8} Voice{#5 excess:1/8} too long
2025-12-26 12:47:40,480 INFO [004_Bach_WTC_II_No2_c_Fuga_B1-14_page_0]          StackRhythm.java:224  | S3 MeasureStack#8 no correct rhythm
2025-12-26 12:47:40,516 INFO [004_Bach_WTC_II_No2_c_Fuga_B1-14_page_0]        MeasureRhythm.java:1277 | Measure{#12} Time inconsistency in {19/32=[HeadChordInter#6260{(0.961/0.961) staff:9 slot#11 off:19/32 dur:1/8}], 5/8=[HeadChordInter#6281{(0.963/0.963) staff:10 slot#11 off:5/8 dur:1/16}]}
2025-12-26 12:47:40,522 INFO [004_Bach_WTC_II_No2_c_Fuga_B1-14_page_0]        MeasureRhythm.java:1277 | Measure{#13} Time inconsistency in {21/32=[HeadChordInter#6299{(0.949/0.949) staff:11 slot#13 off:21/32 dur:1/16}], 3/4=[HeadChordInter#6313{(0.954/0.954) staff:12 slot#13 off:3/4 dur:1/8}]}
2025-12-26 12:47:40,522 INFO [004_Bach_WTC_II_No2_c_Fuga_B1-14_page_0]        MeasureRhythm.java:1277 | Measure{#13} Time inconsistency in {27/32=[HeadChordInter#6302{(0.947/0.947) staff:11 slot#15 off:27/32 dur:1/8}], 7/8=[HeadChordInter#6314{(0.945/0.945) staff:12 slot#15 off:7/8 dur:1/8}]}
2025-12-26 12:47:40,526 INFO [004_Bach_WTC_II_No2_c_Fuga_B1-14_page_0]       StepMonitoring.java:98   | PAGE
2025-12-26 12:47:40,536 INFO [004_Bach_WTC_II_No2_c_Fuga_B1-14_page_0]                Voice.java:257  | Measure{#8} Voice{#5 excess:1/8} too long
2025-12-26 12:47:40,541 INFO [004_Bach_WTC_II_No2_c_Fuga_B1-14_page_0]                 Book.java:2596 | Book{004_Bach_WTC_II_No2_c_Fuga_B1-14_page_0} storing
2025-12-26 12:47:40,593 INFO [004_Bach_WTC_II_No2_c_Fuga_B1-14_page_0]                 Book.java:2577 | Stored /book.xml
2025-12-26 12:47:40,673 INFO [004_Bach_WTC_II_No2_c_Fuga_B1-14_page_0]           DataHolder.java:348  | Stored /sheet#1/BINARY.png
2025-12-26 12:47:41,539 INFO [004_Bach_WTC_II_No2_c_Fuga_B1-14_page_0]                Sheet.java:1583 | Stored /sheet#1/sheet#1.xml
2025-12-26 12:47:41,539 INFO [004_Bach_WTC_II_No2_c_Fuga_B1-14_page_0]                 Book.java:2537 | Book stored as C:\Users\Elliot\Downloads\Audiveris\scores\004_Bach_WTC_II_No2_c_Fuga_B1-14_page_0.omr
2025-12-26 12:47:41,545 INFO [004_Bach_WTC_II_No2_c_Fuga_B1-14_page_0]            SheetStub.java:1660 | Disposed sheet
2025-12-26 12:47:41,576 INFO [004_Bach_WTC_II_No2_c_Fuga_B1-14_page_0]                 Book.java:2064 | End of Stub#1
2025-12-26 12:47:41,577 INFO [004_Bach_WTC_II_No2_c_Fuga_B1-14_page_0]                 Book.java:2071 | Book processed.
2025-12-26 12:47:41,987 INFO [004_Bach_WTC_II_No2_c_Fuga_B1-14_page_0]            SheetStub.java:997  | Loaded /sheet#1/sheet#1.xml
2025-12-26 12:47:42,385 INFO [004_Bach_WTC_II_No2_c_Fuga_B1-14_page_0]      PartwiseBuilder.java:2688 | Exporting sheet(s): [#1]
2025-12-26 12:47:42,494 INFO [004_Bach_WTC_II_No2_c_Fuga_B1-14_page_0]        ScoreExporter.java:164  | Score 004_Bach_WTC_II_No2_c_Fuga_B1-14_page_0 exported to C:\Users\Elliot\Downloads\Audiveris\scores\004_Bach_WTC_II_No2_c_Fuga_B1-14_page_0.mxl
2025-12-26 12:47:42,537 INFO [004_Bach_WTC_II_No2_c_Fuga_B1-14_page_0]                Score.java:181  | Closing {Score 1}
