2025-12-26 12:48:10,912 INFO [006_Bach_Partita_No6_Corrente_B1-38_page_1]                 Book.java:560  | 1 sheet in C:\Users\Elliot\Downloads\Audiveris\scores\006_Bach_Partita_No6_Corrente_B1-38_page_1.jpg
2025-12-26 12:48:11,077 INFO []                 Book.java:2577 | Stored /book.xml
2025-12-26 12:48:11,078 INFO []                 Book.java:2537 | Book stored as C:\Users\Elliot\Downloads\Audiveris\scores\006_Bach_Partita_No6_Corrente_B1-38_page_1.omr
2025-12-26 12:48:11,084 INFO []                 Book.java:1929 | Book reaching PAGE on sheets:[#1]
2025-12-26 12:48:11,086 INFO [006_Bach_Partita_No6_Corrente_B1-38_page_1]       StepMonitoring.java:98   | LOAD
2025-12-26 12:48:11,238 INFO [006_Bach_Partita_No6_Corrente_B1-38_page_1]            SheetStub.java:1273 | Loaded image #1 1653x2339 from C:\Users\Elliot\Downloads\Audiveris\scores\006_Bach_Partita_No6_Corrente_B1-38_page_1.jpg
2025-12-26 12:48:11,242 INFO [006_Bach_Partita_No6_Corrente_B1-38_page_1]            ImageUtil.java:124  | Converting max RGB to gray
2025-12-26 12:48:11,395 INFO [006_Bach_Partita_No6_Corrente_B1-38_page_1]       StepMonitoring.java:98   | BINARY
2025-12-26 12:48:11,682 INFO [006_Bach_Partita_No6_Corrente_B1-38_page_1]       StepMonitoring.java:98   | SCALE
2025-12-26 12:48:11,707 INFO [006_Bach_Partita_No6_Corrente_B1-38_page_1]         ScaleBuilder.java:241  | Beam  guessed height:  6 -- 0.50 of 12 interline
2025-12-26 12:48:11,708 INFO [006_Bach_Partita_No6_Corrente_B1-38_page_1]         ScaleBuilder.java:264  | Beam measured height:  7 -- 0.38 of [4..12] range at 972% of needed quorum
2025-12-26 12:48:11,709 INFO [006_Bach_Partita_No6_Corrente_B1-38_page_1]            ScaleStep.java:65   | Scale{ interline(13,14,14) line(1,1,2) beam(7)}
2025-12-26 12:48:11,710 INFO [006_Bach_Partita_No6_Corrente_B1-38_page_1]       StepMonitoring.java:98   | GRID
2025-12-26 12:48:12,076 INFO [006_Bach_Partita_No6_Corrente_B1-38_page_1]       LinesRetriever.java:1500 | Global slope: 0.00000
2025-12-26 12:48:12,124 INFO [006_Bach_Partita_No6_Corrente_B1-38_page_1]    ClustersRetriever.java:326  | Retrieved raw line clusters: 10 of sizes [5] with interline(13,14,14)
2025-12-26 12:48:12,242 INFO [006_Bach_Partita_No6_Corrente_B1-38_page_1]            PeakGraph.java:310  | Systems: #1[1, 2] #2[3, 4] #3[5, 6] #4[7, 8] #5[9, 10]
2025-12-26 12:48:12,448 INFO [006_Bach_Partita_No6_Corrente_B1-38_page_1]        SystemManager.java:779  | 1 part along 5 systems
2025-12-26 12:48:12,449 INFO [006_Bach_Partita_No6_Corrente_B1-38_page_1]                 Book.java:543  | Created scores: [{Score 1}]
2025-12-26 12:48:12,450 INFO [006_Bach_Partita_No6_Corrente_B1-38_page_1]       StepMonitoring.java:98   | HEADERS
2025-12-26 12:48:12,744 INFO []      BasicClassifier.java:286  | Classifier loaded XML norms.
2025-12-26 12:48:12,748 INFO []   AbstractClassifier.java:396  | Classifier data loaded from default uri jar:file:/C:/Users/Elliot/Downloads/Audiveris/app/audiveris.jar!/res/basic-classifier.zip
2025-12-26 12:48:13,387 INFO [006_Bach_Partita_No6_Corrente_B1-38_page_1]       StepMonitoring.java:98   | STEM_SEEDS
2025-12-26 12:48:13,438 INFO [006_Bach_Partita_No6_Corrente_B1-38_page_1]        StemSeedsStep.java:86   | stem(2 max:2)
2025-12-26 12:48:13,490 INFO [006_Bach_Partita_No6_Corrente_B1-38_page_1]       StepMonitoring.java:98   | BEAMS
2025-12-26 12:48:14,891 INFO [006_Bach_Partita_No6_Corrente_B1-38_page_1]       StepMonitoring.java:98   | LEDGERS
2025-12-26 12:48:15,006 INFO [006_Bach_Partita_No6_Corrente_B1-38_page_1]       StepMonitoring.java:98   | HEADS
2025-12-26 12:48:16,963 INFO [006_Bach_Partita_No6_Corrente_B1-38_page_1]        HeadSeedTally.java:235  | Scale information: HeadSeeds{NOTEHEAD_BLACK[L:-0.1,R:0.5]}
2025-12-26 12:48:16,964 INFO [006_Bach_Partita_No6_Corrente_B1-38_page_1]       StepMonitoring.java:98   | STEMS
2025-12-26 12:48:17,473 INFO [006_Bach_Partita_No6_Corrente_B1-38_page_1]       StepMonitoring.java:98   | REDUCTION
2025-12-26 12:48:17,617 INFO [006_Bach_Partita_No6_Corrente_B1-38_page_1]        ReductionStep.java:105  | Stems free length median value: 51 pixels, 3.6 interlines
2025-12-26 12:48:17,622 INFO [006_Bach_Partita_No6_Corrente_B1-38_page_1]       StepMonitoring.java:98   | CUE_BEAMS
2025-12-26 12:48:17,622 INFO [006_Bach_Partita_No6_Corrente_B1-38_page_1]         CueBeamsStep.java:81   | Step CUE_BEAMS is skipped because small heads switch is off
2025-12-26 12:48:17,623 INFO [006_Bach_Partita_No6_Corrente_B1-38_page_1]       StepMonitoring.java:98   | TEXTS
2025-12-26 12:48:17,698 WARN [006_Bach_Partita_No6_Corrente_B1-38_page_1]         TesseractOCR.java:335  | The collection of supported languages is empty
2025-12-26 12:48:17,699 INFO [006_Bach_Partita_No6_Corrente_B1-38_page_1]              OcrUtil.java:106  | Missing support for 'eng' language(s)
2025-12-26 12:48:17,708 INFO [006_Bach_Partita_No6_Corrente_B1-38_page_1]       StepMonitoring.java:98   | MEASURES
2025-12-26 12:48:17,721 INFO [006_Bach_Partita_No6_Corrente_B1-38_page_1]                 Page.java:307  | 14 raw measures: [4 in system#1, 3 in system#2, 3 in system#3, 2 in system#4, 2 in system#5]
2025-12-26 12:48:17,722 INFO [006_Bach_Partita_No6_Corrente_B1-38_page_1]       StepMonitoring.java:98   | CHORDS
2025-12-26 12:48:17,741 INFO [006_Bach_Partita_No6_Corrente_B1-38_page_1]       StepMonitoring.java:98   | CURVES
2025-12-26 12:48:18,193 INFO [006_Bach_Partita_No6_Corrente_B1-38_page_1]         SlursBuilder.java:240  | Slurs: 9
2025-12-26 12:48:18,204 INFO [006_Bach_Partita_No6_Corrente_B1-38_page_1]      SegmentsBuilder.java:155  | Segments: 3
2025-12-26 12:48:18,209 INFO [006_Bach_Partita_No6_Corrente_B1-38_page_1]       StepMonitoring.java:98   | SYMBOLS
2025-12-26 12:48:18,346 INFO [006_Bach_Partita_No6_Corrente_B1-38_page_1]       StepMonitoring.java:98   | LINKS
2025-12-26 12:48:18,389 INFO [006_Bach_Partita_No6_Corrente_B1-38_page_1]       StepMonitoring.java:98   | RHYTHMS
2025-12-26 12:48:18,462 INFO [006_Bach_Partita_No6_Corrente_B1-38_page_1]       StepMonitoring.java:98   | PAGE
2025-12-26 12:48:18,469 WARN [006_Bach_Partita_No6_Corrente_B1-38_page_1]         MeasureFixer.java:343  | System#1 No target duration for measures local IDs [1, 2, 3, 4], please check time signatures
2025-12-26 12:48:18,470 WARN [006_Bach_Partita_No6_Corrente_B1-38_page_1]         MeasureFixer.java:343  | System#2 No target duration for measures local IDs [5, 6, 7], please check time signatures
2025-12-26 12:48:18,470 WARN [006_Bach_Partita_No6_Corrente_B1-38_page_1]         MeasureFixer.java:343  | System#3 No target duration for measures local IDs [8, 9, 10], please check time signatures
2025-12-26 12:48:18,471 WARN [006_Bach_Partita_No6_Corrente_B1-38_page_1]         MeasureFixer.java:343  | System#4 No target duration for measures local IDs [11, 12], please check time signatures
2025-12-26 12:48:18,471 WARN [006_Bach_Partita_No6_Corrente_B1-38_page_1]         MeasureFixer.java:343  | System#5 No target duration for measures local IDs [13, 14], please check time signatures
2025-12-26 12:48:18,475 INFO [006_Bach_Partita_No6_Corrente_B1-38_page_1]                 Book.java:2596 | Book{006_Bach_Partita_No6_Corrente_B1-38_page_1} storing
2025-12-26 12:48:18,519 INFO [006_Bach_Partita_No6_Corrente_B1-38_page_1]                 Book.java:2577 | Stored /book.xml
2025-12-26 12:48:18,590 INFO [006_Bach_Partita_No6_Corrente_B1-38_page_1]           DataHolder.java:348  | Stored /sheet#1/BINARY.png
2025-12-26 12:48:19,320 INFO [006_Bach_Partita_No6_Corrente_B1-38_page_1]                Sheet.java:1583 | Stored /sheet#1/sheet#1.xml
2025-12-26 12:48:19,321 INFO [006_Bach_Partita_No6_Corrente_B1-38_page_1]                 Book.java:2537 | Book stored as C:\Users\Elliot\Downloads\Audiveris\scores\006_Bach_Partita_No6_Corrente_B1-38_page_1.omr
2025-12-26 12:48:19,325 INFO [006_Bach_Partita_No6_Corrente_B1-38_page_1]            SheetStub.java:1660 | Disposed sheet
2025-12-26 12:48:19,355 INFO [006_Bach_Partita_No6_Corrente_B1-38_page_1]                 Book.java:2064 | End of Stub#1
2025-12-26 12:48:19,356 INFO [006_Bach_Partita_No6_Corrente_B1-38_page_1]                 Book.java:2071 | Book processed.
2025-12-26 12:48:19,675 INFO [006_Bach_Partita_No6_Corrente_B1-38_page_1]            SheetStub.java:997  | Loaded /sheet#1/sheet#1.xml
2025-12-26 12:48:20,075 INFO [006_Bach_Partita_No6_Corrente_B1-38_page_1]      PartwiseBuilder.java:2688 | Exporting sheet(s): [#1]
2025-12-26 12:48:20,176 INFO [006_Bach_Partita_No6_Corrente_B1-38_page_1]        ScoreExporter.java:164  | Score 006_Bach_Partita_No6_Corrente_B1-38_page_1 exported to C:\Users\Elliot\Downloads\Audiveris\scores\006_Bach_Partita_No6_Corrente_B1-38_page_1.mxl
2025-12-26 12:48:20,217 INFO [006_Bach_Partita_No6_Corrente_B1-38_page_1]                Score.java:181  | Closing {Score 1}
