2025-12-26 12:48:22,136 INFO [007_Bach_FrenchSuite_No1_Allemande_B1-12_page_0]                 Book.java:560  | 1 sheet in C:\Users\Elliot\Downloads\Audiveris\scores\007_Bach_FrenchSuite_No1_Allemande_B1-12_page_0.jpg
2025-12-26 12:48:22,319 INFO []                 Book.java:2577 | Stored /book.xml
2025-12-26 12:48:22,320 INFO []                 Book.java:2537 | Book stored as C:\Users\Elliot\Downloads\Audiveris\scores\007_Bach_FrenchSuite_No1_Allemande_B1-12_page_0.omr
2025-12-26 12:48:22,329 INFO []                 Book.java:1929 | Book reaching PAGE on sheets:[#1]
2025-12-26 12:48:22,333 INFO [007_Bach_FrenchSuite_No1_Allemande_B1-12_page_0]       StepMonitoring.java:98   | LOAD
2025-12-26 12:48:22,449 INFO [007_Bach_FrenchSuite_No1_Allemande_B1-12_page_0]            SheetStub.java:1273 | Loaded image #1 1653x2339 from C:\Users\Elliot\Downloads\Audiveris\scores\007_Bach_FrenchSuite_No1_Allemande_B1-12_page_0.jpg
2025-12-26 12:48:22,452 INFO [007_Bach_FrenchSuite_No1_Allemande_B1-12_page_0]            ImageUtil.java:124  | Converting max RGB to gray
2025-12-26 12:48:22,552 INFO [007_Bach_FrenchSuite_No1_Allemande_B1-12_page_0]       StepMonitoring.java:98   | BINARY
2025-12-26 12:48:22,760 INFO [007_Bach_FrenchSuite_No1_Allemande_B1-12_page_0]       StepMonitoring.java:98   | SCALE
2025-12-26 12:48:22,781 INFO [007_Bach_FrenchSuite_No1_Allemande_B1-12_page_0]         ScaleBuilder.java:241  | Beam  guessed height:  5 -- 0.50 of 10 interline
2025-12-26 12:48:22,783 INFO [007_Bach_FrenchSuite_No1_Allemande_B1-12_page_0]         ScaleBuilder.java:264  | Beam measured height:  7 -- 0.57 of [3..10] range at 967% of needed quorum
2025-12-26 12:48:22,784 INFO [007_Bach_FrenchSuite_No1_Allemande_B1-12_page_0]            ScaleStep.java:65   | Scale{ interline(12,12,13) line(1,1,3) beam(7)}
2025-12-26 12:48:22,785 INFO [007_Bach_FrenchSuite_No1_Allemande_B1-12_page_0]       StepMonitoring.java:98   | GRID
2025-12-26 12:48:23,226 INFO [007_Bach_FrenchSuite_No1_Allemande_B1-12_page_0]       LinesRetriever.java:1500 | Global slope: 0.00000
2025-12-26 12:48:23,298 INFO [007_Bach_FrenchSuite_No1_Allemande_B1-12_page_0]    ClustersRetriever.java:326  | Retrieved raw line clusters: 12 of sizes [5] with interline(12,12,13)
2025-12-26 12:48:23,454 INFO [007_Bach_FrenchSuite_No1_Allemande_B1-12_page_0]            PeakGraph.java:310  | Systems: #1[1, 2] #2[3, 4] #3[5, 6] #4[7, 8] #5[9, 10] #6[11, 12]
2025-12-26 12:48:23,723 INFO [007_Bach_FrenchSuite_No1_Allemande_B1-12_page_0]        SystemManager.java:779  | 1 part along 6 systems
2025-12-26 12:48:23,725 INFO [007_Bach_FrenchSuite_No1_Allemande_B1-12_page_0]                 Book.java:543  | Created scores: [{Score 1}]
2025-12-26 12:48:23,725 INFO [007_Bach_FrenchSuite_No1_Allemande_B1-12_page_0]       StepMonitoring.java:98   | HEADERS
2025-12-26 12:48:24,093 INFO []      BasicClassifier.java:286  | Classifier loaded XML norms.
2025-12-26 12:48:24,097 INFO []   AbstractClassifier.java:396  | Classifier data loaded from default uri jar:file:/C:/Users/Elliot/Downloads/Audiveris/app/audiveris.jar!/res/basic-classifier.zip
2025-12-26 12:48:24,867 INFO [007_Bach_FrenchSuite_No1_Allemande_B1-12_page_0]       StepMonitoring.java:98   | STEM_SEEDS
2025-12-26 12:48:24,904 INFO [007_Bach_FrenchSuite_No1_Allemande_B1-12_page_0]        StemSeedsStep.java:86   | stem(1 max:2)
2025-12-26 12:48:24,949 INFO [007_Bach_FrenchSuite_No1_Allemande_B1-12_page_0]       StepMonitoring.java:98   | BEAMS
2025-12-26 12:48:26,218 INFO [007_Bach_FrenchSuite_No1_Allemande_B1-12_page_0]       StepMonitoring.java:98   | LEDGERS
2025-12-26 12:48:26,405 INFO [007_Bach_FrenchSuite_No1_Allemande_B1-12_page_0]       StepMonitoring.java:98   | HEADS
2025-12-26 12:48:28,421 INFO [007_Bach_FrenchSuite_No1_Allemande_B1-12_page_0]        HeadSeedTally.java:235  | Scale information: HeadSeeds{NOTEHEAD_BLACK[L:-0.3,R:0.4]}
2025-12-26 12:48:28,421 INFO [007_Bach_FrenchSuite_No1_Allemande_B1-12_page_0]       StepMonitoring.java:98   | STEMS
2025-12-26 12:48:29,223 INFO [007_Bach_FrenchSuite_No1_Allemande_B1-12_page_0]       StepMonitoring.java:98   | REDUCTION
2025-12-26 12:48:29,477 INFO [007_Bach_FrenchSuite_No1_Allemande_B1-12_page_0]        ReductionStep.java:105  | Stems free length median value: 38 pixels, 3.2 interlines
2025-12-26 12:48:29,483 INFO [007_Bach_FrenchSuite_No1_Allemande_B1-12_page_0]       StepMonitoring.java:98   | CUE_BEAMS
2025-12-26 12:48:29,484 INFO [007_Bach_FrenchSuite_No1_Allemande_B1-12_page_0]         CueBeamsStep.java:81   | Step CUE_BEAMS is skipped because small heads switch is off
2025-12-26 12:48:29,484 INFO [007_Bach_FrenchSuite_No1_Allemande_B1-12_page_0]       StepMonitoring.java:98   | TEXTS
2025-12-26 12:48:29,573 WARN [007_Bach_FrenchSuite_No1_Allemande_B1-12_page_0]         TesseractOCR.java:335  | The collection of supported languages is empty
2025-12-26 12:48:29,573 INFO [007_Bach_FrenchSuite_No1_Allemande_B1-12_page_0]              OcrUtil.java:106  | Missing support for 'eng' language(s)
2025-12-26 12:48:29,586 INFO [007_Bach_FrenchSuite_No1_Allemande_B1-12_page_0]       StepMonitoring.java:98   | MEASURES
2025-12-26 12:48:29,600 INFO [007_Bach_FrenchSuite_No1_Allemande_B1-12_page_0]                 Page.java:307  | 13 raw measures: [3 in system#1, 2 in system#2, 2 in system#3, 2 in system#4, 2 in system#5, 2 in system#6]
2025-12-26 12:48:29,601 INFO [007_Bach_FrenchSuite_No1_Allemande_B1-12_page_0]       StepMonitoring.java:98   | CHORDS
2025-12-26 12:48:29,631 INFO [007_Bach_FrenchSuite_No1_Allemande_B1-12_page_0]       StepMonitoring.java:98   | CURVES
2025-12-26 12:48:30,234 INFO [007_Bach_FrenchSuite_No1_Allemande_B1-12_page_0]         SlursBuilder.java:240  | Slurs: 30
2025-12-26 12:48:30,263 INFO [007_Bach_FrenchSuite_No1_Allemande_B1-12_page_0]      SegmentsBuilder.java:155  | Segments: 15
2025-12-26 12:48:30,268 INFO [007_Bach_FrenchSuite_No1_Allemande_B1-12_page_0]       StepMonitoring.java:98   | SYMBOLS
2025-12-26 12:48:30,564 INFO [007_Bach_FrenchSuite_No1_Allemande_B1-12_page_0]       StepMonitoring.java:98   | LINKS
2025-12-26 12:48:30,644 INFO [007_Bach_FrenchSuite_No1_Allemande_B1-12_page_0]       StepMonitoring.java:98   | RHYTHMS
2025-12-26 12:48:30,695 INFO [007_Bach_FrenchSuite_No1_Allemande_B1-12_page_0]                Voice.java:257  | Measure{#2} Voice{#1 excess:1/8} too long
2025-12-26 12:48:30,696 INFO [007_Bach_FrenchSuite_No1_Allemande_B1-12_page_0]                Voice.java:257  | Measure{#2} Voice{#3 excess:1/8} too long
2025-12-26 12:48:30,698 INFO [007_Bach_FrenchSuite_No1_Allemande_B1-12_page_0]          StackRhythm.java:224  | S1 MeasureStack#2 no correct rhythm
2025-12-26 12:48:30,715 INFO [007_Bach_FrenchSuite_No1_Allemande_B1-12_page_0]        MeasureRhythm.java:1277 | Measure{#3} Time inconsistency in {5/8=[HeadChordInter#5961{(0.957/0.957) staff:1 slot#12 off:5/8 dur:1/16}], 11/16=[HeadChordInter#5974{(0.955/0.955) staff:2 slot#12 off:11/16 dur:1/16}]}
2025-12-26 12:48:30,758 INFO [007_Bach_FrenchSuite_No1_Allemande_B1-12_page_0]        MeasureRhythm.java:1277 | Measure{#7} Time inconsistency in {17/32=[HeadChordInter#6084{(0.967/0.967) staff:6 slot#10 off:17/32 dur:1/32}], 11/16=[RestChordInter#6751{(0.799/0.799) staff:5 slot#10 off:11/16 dur:1/16}]}
2025-12-26 12:48:30,805 INFO [007_Bach_FrenchSuite_No1_Allemande_B1-12_page_0]       StepMonitoring.java:98   | PAGE
2025-12-26 12:48:30,811 INFO [007_Bach_FrenchSuite_No1_Allemande_B1-12_page_0]                Voice.java:257  | Measure{#2} Voice{#1 excess:1/8} too long
2025-12-26 12:48:30,812 INFO [007_Bach_FrenchSuite_No1_Allemande_B1-12_page_0]                Voice.java:257  | Measure{#2} Voice{#3 excess:1/8} too long
2025-12-26 12:48:30,816 INFO [007_Bach_FrenchSuite_No1_Allemande_B1-12_page_0]                 Book.java:2596 | Book{007_Bach_FrenchSuite_No1_Allemande_B1-12_page_0} storing
2025-12-26 12:48:30,870 INFO [007_Bach_FrenchSuite_No1_Allemande_B1-12_page_0]                 Book.java:2577 | Stored /book.xml
2025-12-26 12:48:30,952 INFO [007_Bach_FrenchSuite_No1_Allemande_B1-12_page_0]           DataHolder.java:348  | Stored /sheet#1/BINARY.png
2025-12-26 12:48:31,871 INFO [007_Bach_FrenchSuite_No1_Allemande_B1-12_page_0]                Sheet.java:1583 | Stored /sheet#1/sheet#1.xml
2025-12-26 12:48:31,872 INFO [007_Bach_FrenchSuite_No1_Allemande_B1-12_page_0]                 Book.java:2537 | Book stored as C:\Users\Elliot\Downloads\Audiveris\scores\007_Bach_FrenchSuite_No1_Allemande_B1-12_page_0.omr
2025-12-26 12:48:31,875 INFO [007_Bach_FrenchSuite_No1_Allemande_B1-12_page_0]            SheetStub.java:1660 | Disposed sheet
2025-12-26 12:48:31,910 INFO [007_Bach_FrenchSuite_No1_Allemande_B1-12_page_0]                 Book.java:2064 | End of Stub#1
2025-12-26 12:48:31,911 INFO [007_Bach_FrenchSuite_No1_Allemande_B1-12_page_0]                 Book.java:2071 | Book processed.
2025-12-26 12:48:32,346 INFO [007_Bach_FrenchSuite_No1_Allemande_B1-12_page_0]            SheetStub.java:997  | Loaded /sheet#1/sheet#1.xml
2025-12-26 12:48:32,782 INFO [007_Bach_FrenchSuite_No1_Allemande_B1-12_page_0]      PartwiseBuilder.java:2688 | Exporting sheet(s): [#1]
2025-12-26 12:48:32,903 INFO [007_Bach_FrenchSuite_No1_Allemande_B1-12_page_0]        ScoreExporter.java:164  | Score 007_Bach_FrenchSuite_No1_Allemande_B1-12_page_0 exported to C:\Users\Elliot\Downloads\Audiveris\scores\007_Bach_FrenchSuite_No1_Allemande_B1-12_page_0.mxl
2025-12-26 12:48:32,963 INFO [007_Bach_FrenchSuite_No1_Allemande_B1-12_page_0]                Score.java:181  | Closing {Score 1}
