2025-12-26 12:48:35,370 INFO [008_Bach_FrenchSuite_No5_Sarabande_B1-16_page_0]                 Book.java:560  | 1 sheet in C:\Users\Elliot\Downloads\Audiveris\scores\008_Bach_FrenchSuite_No5_Sarabande_B1-16_page_0.jpg
2025-12-26 12:48:35,554 INFO []                 Book.java:2577 | Stored /book.xml
2025-12-26 12:48:35,555 INFO []                 Book.java:2537 | Book stored as C:\Users\Elliot\Downloads\Audiveris\scores\008_Bach_FrenchSuite_No5_Sarabande_B1-16_page_0.omr
2025-12-26 12:48:35,566 INFO []                 Book.java:1929 | Book reaching PAGE on sheets:[#1]
2025-12-26 12:48:35,575 INFO [008_Bach_FrenchSuite_No5_Sarabande_B1-16_page_0]       StepMonitoring.java:98   | LOAD
2025-12-26 12:48:35,731 INFO [008_Bach_FrenchSuite_No5_Sarabande_B1-16_page_0]            SheetStub.java:1273 | Loaded image #1 1653x2339 from C:\Users\Elliot\Downloads\Audiveris\scores\008_Bach_FrenchSuite_No5_Sarabande_B1-16_page_0.jpg
2025-12-26 12:48:35,737 INFO [008_Bach_FrenchSuite_No5_Sarabande_B1-16_page_0]            ImageUtil.java:124  | Converting max RGB to gray
2025-12-26 12:48:35,886 INFO [008_Bach_FrenchSuite_No5_Sarabande_B1-16_page_0]       StepMonitoring.java:98   | BINARY
2025-12-26 12:48:36,240 INFO [008_Bach_FrenchSuite_No5_Sarabande_B1-16_page_0]       StepMonitoring.java:98   | SCALE
2025-12-26 12:48:36,273 INFO [008_Bach_FrenchSuite_No5_Sarabande_B1-16_page_0]         ScaleBuilder.java:241  | Beam  guessed height:  6 -- 0.50 of 12 interline
2025-12-26 12:48:36,276 INFO [008_Bach_FrenchSuite_No5_Sarabande_B1-16_page_0]         ScaleBuilder.java:264  | Beam measured height:  7 -- 0.38 of [4..12] range at 386% of needed quorum
2025-12-26 12:48:36,277 INFO [008_Bach_FrenchSuite_No5_Sarabande_B1-16_page_0]            ScaleStep.java:65   | Scale{ interline(13,14,14) line(1,1,3) beam(7)}
2025-12-26 12:48:36,277 INFO [008_Bach_FrenchSuite_No5_Sarabande_B1-16_page_0]       StepMonitoring.java:98   | GRID
2025-12-26 12:48:36,959 INFO [008_Bach_FrenchSuite_No5_Sarabande_B1-16_page_0]       LinesRetriever.java:1500 | Global slope: 0.00000
2025-12-26 12:48:37,015 INFO [008_Bach_FrenchSuite_No5_Sarabande_B1-16_page_0]    ClustersRetriever.java:326  | Retrieved raw line clusters: 10 of sizes [5] with interline(13,14,14)
2025-12-26 12:48:37,153 INFO [008_Bach_FrenchSuite_No5_Sarabande_B1-16_page_0]            PeakGraph.java:310  | Systems: #1[1, 2] #2[3, 4] #3[5, 6] #4[7, 8] #5[9, 10]
2025-12-26 12:48:37,436 INFO [008_Bach_FrenchSuite_No5_Sarabande_B1-16_page_0]        SystemManager.java:134  | Indentation detected for system #1
2025-12-26 12:48:37,437 INFO [008_Bach_FrenchSuite_No5_Sarabande_B1-16_page_0]        SystemManager.java:779  | 1 part along 5 systems
2025-12-26 12:48:37,439 INFO [008_Bach_FrenchSuite_No5_Sarabande_B1-16_page_0]                 Book.java:543  | Created scores: [{Score 1}]
2025-12-26 12:48:37,440 INFO [008_Bach_FrenchSuite_No5_Sarabande_B1-16_page_0]       StepMonitoring.java:98   | HEADERS
2025-12-26 12:48:37,863 INFO [008_Bach_FrenchSuite_No5_Sarabande_B1-16_page_0]      BasicClassifier.java:286  | Classifier loaded XML norms.
2025-12-26 12:48:37,869 INFO [008_Bach_FrenchSuite_No5_Sarabande_B1-16_page_0]   AbstractClassifier.java:396  | Classifier data loaded from default uri jar:file:/C:/Users/Elliot/Downloads/Audiveris/app/audiveris.jar!/res/basic-classifier.zip
2025-12-26 12:48:38,931 INFO [008_Bach_FrenchSuite_No5_Sarabande_B1-16_page_0]       StepMonitoring.java:98   | STEM_SEEDS
2025-12-26 12:48:39,021 INFO [008_Bach_FrenchSuite_No5_Sarabande_B1-16_page_0]        StemSeedsStep.java:86   | stem(2 max:2)
2025-12-26 12:48:39,097 INFO [008_Bach_FrenchSuite_No5_Sarabande_B1-16_page_0]       StepMonitoring.java:98   | BEAMS
2025-12-26 12:48:40,707 INFO [008_Bach_FrenchSuite_No5_Sarabande_B1-16_page_0]       StepMonitoring.java:98   | LEDGERS
2025-12-26 12:48:40,899 INFO [008_Bach_FrenchSuite_No5_Sarabande_B1-16_page_0]       StepMonitoring.java:98   | HEADS
2025-12-26 12:48:43,440 INFO [008_Bach_FrenchSuite_No5_Sarabande_B1-16_page_0]        HeadSeedTally.java:235  | Scale information: HeadSeeds{NOTEHEAD_VOID[L:-0.3] NOTEHEAD_BLACK[L:0.1,R:0.5]}
2025-12-26 12:48:43,441 INFO [008_Bach_FrenchSuite_No5_Sarabande_B1-16_page_0]       StepMonitoring.java:98   | STEMS
2025-12-26 12:48:44,157 INFO [008_Bach_FrenchSuite_No5_Sarabande_B1-16_page_0]       StepMonitoring.java:98   | REDUCTION
2025-12-26 12:48:44,307 INFO [008_Bach_FrenchSuite_No5_Sarabande_B1-16_page_0]        ReductionStep.java:105  | Stems free length median value: 48 pixels, 3.4 interlines
2025-12-26 12:48:44,313 INFO [008_Bach_FrenchSuite_No5_Sarabande_B1-16_page_0]       StepMonitoring.java:98   | CUE_BEAMS
2025-12-26 12:48:44,314 INFO [008_Bach_FrenchSuite_No5_Sarabande_B1-16_page_0]         CueBeamsStep.java:81   | Step CUE_BEAMS is skipped because small heads switch is off
2025-12-26 12:48:44,315 INFO [008_Bach_FrenchSuite_No5_Sarabande_B1-16_page_0]       StepMonitoring.java:98   | TEXTS
2025-12-26 12:48:44,408 WARN [008_Bach_FrenchSuite_No5_Sarabande_B1-16_page_0]         TesseractOCR.java:335  | The collection of supported languages is empty
2025-12-26 12:48:44,409 INFO [008_Bach_FrenchSuite_No5_Sarabande_B1-16_page_0]              OcrUtil.java:106  | Missing support for 'eng' language(s)
2025-12-26 12:48:44,418 INFO [008_Bach_FrenchSuite_No5_Sarabande_B1-16_page_0]       StepMonitoring.java:98   | MEASURES
2025-12-26 12:48:44,432 INFO [008_Bach_FrenchSuite_No5_Sarabande_B1-16_page_0]                 Page.java:307  | 16 raw measures: [4 in system#1, 4 in system#2, 3 in system#3, 3 in system#4, 2 in system#5]
2025-12-26 12:48:44,432 INFO [008_Bach_FrenchSuite_No5_Sarabande_B1-16_page_0]       StepMonitoring.java:98   | CHORDS
2025-12-26 12:48:44,455 INFO [008_Bach_FrenchSuite_No5_Sarabande_B1-16_page_0]       StepMonitoring.java:98   | CURVES
2025-12-26 12:48:45,184 INFO [008_Bach_FrenchSuite_No5_Sarabande_B1-16_page_0]         SlursBuilder.java:240  | Slurs: 22
2025-12-26 12:48:45,198 INFO [008_Bach_FrenchSuite_No5_Sarabande_B1-16_page_0]      SegmentsBuilder.java:155  | Segments: 3
2025-12-26 12:48:45,208 INFO [008_Bach_FrenchSuite_No5_Sarabande_B1-16_page_0]       StepMonitoring.java:98   | SYMBOLS
2025-12-26 12:48:45,472 INFO [008_Bach_FrenchSuite_No5_Sarabande_B1-16_page_0]       StepMonitoring.java:98   | LINKS
2025-12-26 12:48:45,530 INFO [008_Bach_FrenchSuite_No5_Sarabande_B1-16_page_0]       StepMonitoring.java:98   | RHYTHMS
2025-12-26 12:48:45,682 INFO [008_Bach_FrenchSuite_No5_Sarabande_B1-16_page_0]       StepMonitoring.java:98   | PAGE
2025-12-26 12:48:45,716 INFO [008_Bach_FrenchSuite_No5_Sarabande_B1-16_page_0]                 Book.java:2596 | Book{008_Bach_FrenchSuite_No5_Sarabande_B1-16_page_0} storing
2025-12-26 12:48:45,759 INFO [008_Bach_FrenchSuite_No5_Sarabande_B1-16_page_0]                 Book.java:2577 | Stored /book.xml
2025-12-26 12:48:45,850 INFO [008_Bach_FrenchSuite_No5_Sarabande_B1-16_page_0]           DataHolder.java:348  | Stored /sheet#1/BINARY.png
2025-12-26 12:48:46,705 INFO [008_Bach_FrenchSuite_No5_Sarabande_B1-16_page_0]                Sheet.java:1583 | Stored /sheet#1/sheet#1.xml
2025-12-26 12:48:46,706 INFO [008_Bach_FrenchSuite_No5_Sarabande_B1-16_page_0]                 Book.java:2537 | Book stored as C:\Users\Elliot\Downloads\Audiveris\scores\008_Bach_FrenchSuite_No5_Sarabande_B1-16_page_0.omr
2025-12-26 12:48:46,711 INFO [008_Bach_FrenchSuite_No5_Sarabande_B1-16_page_0]            SheetStub.java:1660 | Disposed sheet
2025-12-26 12:48:46,745 INFO [008_Bach_FrenchSuite_No5_Sarabande_B1-16_page_0]                 Book.java:2064 | End of Stub#1
2025-12-26 12:48:46,746 INFO [008_Bach_FrenchSuite_No5_Sarabande_B1-16_page_0]                 Book.java:2071 | Book processed.
2025-12-26 12:48:47,110 INFO [008_Bach_FrenchSuite_No5_Sarabande_B1-16_page_0]            SheetStub.java:997  | Loaded /sheet#1/sheet#1.xml
2025-12-26 12:48:47,652 INFO [008_Bach_FrenchSuite_No5_Sarabande_B1-16_page_0]      PartwiseBuilder.java:2688 | Exporting sheet(s): [#1]
2025-12-26 12:48:47,823 INFO [008_Bach_FrenchSuite_No5_Sarabande_B1-16_page_0]        ScoreExporter.java:164  | Score 008_Bach_FrenchSuite_No5_Sarabande_B1-16_page_0 exported to C:\Users\Elliot\Downloads\Audiveris\scores\008_Bach_FrenchSuite_No5_Sarabande_B1-16_page_0.mxl
2025-12-26 12:48:47,870 INFO [008_Bach_FrenchSuite_No5_Sarabande_B1-16_page_0]                Score.java:181  | Closing {Score 1}
