2025-12-26 12:49:06,876 INFO [009_Bach_EnglishSuite_No3_Prelude_B1-33_page_1]                 Book.java:560  | 1 sheet in C:\Users\Elliot\Downloads\Audiveris\scores\009_Bach_EnglishSuite_No3_Prelude_B1-33_page_1.jpg
2025-12-26 12:49:07,054 INFO []                 Book.java:2577 | Stored /book.xml
2025-12-26 12:49:07,055 INFO []                 Book.java:2537 | Book stored as C:\Users\Elliot\Downloads\Audiveris\scores\009_Bach_EnglishSuite_No3_Prelude_B1-33_page_1.omr
2025-12-26 12:49:07,060 INFO []                 Book.java:1929 | Book reaching PAGE on sheets:[#1]
2025-12-26 12:49:07,064 INFO [009_Bach_EnglishSuite_No3_Prelude_B1-33_page_1]       StepMonitoring.java:98   | LOAD
2025-12-26 12:49:07,152 INFO [009_Bach_EnglishSuite_No3_Prelude_B1-33_page_1]            SheetStub.java:1273 | Loaded image #1 1653x2339 from C:\Users\Elliot\Downloads\Audiveris\scores\009_Bach_EnglishSuite_No3_Prelude_B1-33_page_1.jpg
2025-12-26 12:49:07,155 INFO [009_Bach_EnglishSuite_No3_Prelude_B1-33_page_1]            ImageUtil.java:124  | Converting max RGB to gray
2025-12-26 12:49:07,285 INFO [009_Bach_EnglishSuite_No3_Prelude_B1-33_page_1]       StepMonitoring.java:98   | BINARY
2025-12-26 12:49:07,681 INFO [009_Bach_EnglishSuite_No3_Prelude_B1-33_page_1]       StepMonitoring.java:98   | SCALE
2025-12-26 12:49:07,697 INFO [009_Bach_EnglishSuite_No3_Prelude_B1-33_page_1]         ScaleBuilder.java:241  | Beam  guessed height:  6 -- 0.50 of 12 interline
2025-12-26 12:49:07,699 INFO [009_Bach_EnglishSuite_No3_Prelude_B1-33_page_1]         ScaleBuilder.java:264  | Beam measured height:  7 -- 0.38 of [4..12] range at 839% of needed quorum
2025-12-26 12:49:07,700 INFO [009_Bach_EnglishSuite_No3_Prelude_B1-33_page_1]            ScaleStep.java:65   | Scale{ interline(13,14,14) line(1,1,2) beam(7)}
2025-12-26 12:49:07,701 INFO [009_Bach_EnglishSuite_No3_Prelude_B1-33_page_1]       StepMonitoring.java:98   | GRID
2025-12-26 12:49:07,991 INFO [009_Bach_EnglishSuite_No3_Prelude_B1-33_page_1]       LinesRetriever.java:1500 | Global slope: 0.00000
2025-12-26 12:49:08,018 INFO [009_Bach_EnglishSuite_No3_Prelude_B1-33_page_1]    ClustersRetriever.java:326  | Retrieved raw line clusters: 4 of sizes [5] with interline(13,14,14)
2025-12-26 12:49:08,098 INFO [009_Bach_EnglishSuite_No3_Prelude_B1-33_page_1]            PeakGraph.java:310  | Systems: #1[1, 2] #2[3, 4]
2025-12-26 12:49:08,247 INFO [009_Bach_EnglishSuite_No3_Prelude_B1-33_page_1]        SystemManager.java:779  | 1 part along 2 systems
2025-12-26 12:49:08,249 INFO [009_Bach_EnglishSuite_No3_Prelude_B1-33_page_1]                 Book.java:543  | Created scores: [{Score 1}]
2025-12-26 12:49:08,250 INFO [009_Bach_EnglishSuite_No3_Prelude_B1-33_page_1]       StepMonitoring.java:98   | HEADERS
2025-12-26 12:49:08,652 INFO [009_Bach_EnglishSuite_No3_Prelude_B1-33_page_1]      BasicClassifier.java:286  | Classifier loaded XML norms.
2025-12-26 12:49:08,655 INFO [009_Bach_EnglishSuite_No3_Prelude_B1-33_page_1]   AbstractClassifier.java:396  | Classifier data loaded from default uri jar:file:/C:/Users/Elliot/Downloads/Audiveris/app/audiveris.jar!/res/basic-classifier.zip
2025-12-26 12:49:09,320 INFO [009_Bach_EnglishSuite_No3_Prelude_B1-33_page_1]       StepMonitoring.java:98   | STEM_SEEDS
2025-12-26 12:49:09,392 INFO [009_Bach_EnglishSuite_No3_Prelude_B1-33_page_1]        StemSeedsStep.java:86   | stem(2 max:2)
2025-12-26 12:49:09,444 INFO [009_Bach_EnglishSuite_No3_Prelude_B1-33_page_1]       StepMonitoring.java:98   | BEAMS
2025-12-26 12:49:10,840 INFO [009_Bach_EnglishSuite_No3_Prelude_B1-33_page_1]       StepMonitoring.java:98   | LEDGERS
2025-12-26 12:49:10,915 INFO [009_Bach_EnglishSuite_No3_Prelude_B1-33_page_1]       StepMonitoring.java:98   | HEADS
2025-12-26 12:49:12,496 INFO [009_Bach_EnglishSuite_No3_Prelude_B1-33_page_1]        HeadSeedTally.java:235  | Scale information: HeadSeeds{NOTEHEAD_BLACK[L:0.1,R:0.4]}
2025-12-26 12:49:12,497 INFO [009_Bach_EnglishSuite_No3_Prelude_B1-33_page_1]       StepMonitoring.java:98   | STEMS
2025-12-26 12:49:13,114 INFO [009_Bach_EnglishSuite_No3_Prelude_B1-33_page_1]       StepMonitoring.java:98   | REDUCTION
2025-12-26 12:49:13,225 INFO [009_Bach_EnglishSuite_No3_Prelude_B1-33_page_1]        ReductionStep.java:105  | Stems free length median value: 49 pixels, 3.5 interlines
2025-12-26 12:49:13,230 INFO [009_Bach_EnglishSuite_No3_Prelude_B1-33_page_1]       StepMonitoring.java:98   | CUE_BEAMS
2025-12-26 12:49:13,231 INFO [009_Bach_EnglishSuite_No3_Prelude_B1-33_page_1]         CueBeamsStep.java:81   | Step CUE_BEAMS is skipped because small heads switch is off
2025-12-26 12:49:13,232 INFO [009_Bach_EnglishSuite_No3_Prelude_B1-33_page_1]       StepMonitoring.java:98   | TEXTS
2025-12-26 12:49:13,339 WARN [009_Bach_EnglishSuite_No3_Prelude_B1-33_page_1]         TesseractOCR.java:335  | The collection of supported languages is empty
2025-12-26 12:49:13,340 INFO [009_Bach_EnglishSuite_No3_Prelude_B1-33_page_1]              OcrUtil.java:106  | Missing support for 'eng' language(s)
2025-12-26 12:49:13,355 INFO [009_Bach_EnglishSuite_No3_Prelude_B1-33_page_1]       StepMonitoring.java:98   | MEASURES
2025-12-26 12:49:13,370 INFO [009_Bach_EnglishSuite_No3_Prelude_B1-33_page_1]                 Page.java:307  | 7 raw measures: [4 in system#1, 3 in system#2]
2025-12-26 12:49:13,371 INFO [009_Bach_EnglishSuite_No3_Prelude_B1-33_page_1]       StepMonitoring.java:98   | CHORDS
2025-12-26 12:49:13,388 INFO [009_Bach_EnglishSuite_No3_Prelude_B1-33_page_1]       StepMonitoring.java:98   | CURVES
2025-12-26 12:49:13,942 INFO [009_Bach_EnglishSuite_No3_Prelude_B1-33_page_1]         SlursBuilder.java:240  | Slurs: 2
2025-12-26 12:49:13,947 INFO [009_Bach_EnglishSuite_No3_Prelude_B1-33_page_1]      SegmentsBuilder.java:155  | Segments: 0
2025-12-26 12:49:13,955 INFO [009_Bach_EnglishSuite_No3_Prelude_B1-33_page_1]       StepMonitoring.java:98   | SYMBOLS
2025-12-26 12:49:14,128 INFO [009_Bach_EnglishSuite_No3_Prelude_B1-33_page_1]       StepMonitoring.java:98   | LINKS
2025-12-26 12:49:14,171 INFO [009_Bach_EnglishSuite_No3_Prelude_B1-33_page_1]       StepMonitoring.java:98   | RHYTHMS
2025-12-26 12:49:14,226 INFO [009_Bach_EnglishSuite_No3_Prelude_B1-33_page_1]        MeasureRhythm.java:1045 | Measure{#3} No timeOffset for HeadChordInter#1487{(0.921/0.921) staff:1 slot#2 dur:1/4}
2025-12-26 12:49:14,231 INFO [009_Bach_EnglishSuite_No3_Prelude_B1-33_page_1]          StackRhythm.java:224  | S1 MeasureStack#3 no correct rhythm
2025-12-26 12:49:14,242 INFO [009_Bach_EnglishSuite_No3_Prelude_B1-33_page_1]        MeasureRhythm.java:1277 | Measure{#5} Time inconsistency in {1/8=[HeadChordInter#1523{(0.941/0.941) staff:3 slot#5 off:1/8 dur:1/16}], 3/16=[HeadChordInter#1538{(0.942/0.942) staff:4 slot#5 off:3/16 dur:1/16}]}
2025-12-26 12:49:14,243 INFO [009_Bach_EnglishSuite_No3_Prelude_B1-33_page_1]        MeasureRhythm.java:1277 | Measure{#5} Time inconsistency in {3/16=[HeadChordInter#1524{(0.946/0.946) staff:3 slot#6 off:3/16 dur:1/8}], 1/4=[HeadChordInter#1539{(0.960/0.960) staff:4 slot#6 off:1/4 dur:1/8}]}
2025-12-26 12:49:14,247 INFO [009_Bach_EnglishSuite_No3_Prelude_B1-33_page_1]        MeasureRhythm.java:1277 | Measure{#6} Time inconsistency in {1/8=[HeadChordInter#1541{(0.924/0.924) staff:4 slot#4 off:1/8 dur:1/8}], 5/32=[HeadChordInter#1532{(0.937/0.937) staff:3 slot#4 off:5/32 dur:1/8}]}
2025-12-26 12:49:14,253 INFO [009_Bach_EnglishSuite_No3_Prelude_B1-33_page_1]       StepMonitoring.java:98   | PAGE
2025-12-26 12:49:14,261 WARN [009_Bach_EnglishSuite_No3_Prelude_B1-33_page_1]         MeasureFixer.java:343  | System#1 No target duration for measures local IDs [1, 2, 3, 4], please check time signatures
2025-12-26 12:49:14,262 WARN [009_Bach_EnglishSuite_No3_Prelude_B1-33_page_1]         MeasureFixer.java:343  | System#2 No target duration for measures local IDs [5, 6, 7], please check time signatures
2025-12-26 12:49:14,267 INFO [009_Bach_EnglishSuite_No3_Prelude_B1-33_page_1]                 Book.java:2596 | Book{009_Bach_EnglishSuite_No3_Prelude_B1-33_page_1} storing
2025-12-26 12:49:14,304 INFO [009_Bach_EnglishSuite_No3_Prelude_B1-33_page_1]                 Book.java:2577 | Stored /book.xml
2025-12-26 12:49:14,370 INFO [009_Bach_EnglishSuite_No3_Prelude_B1-33_page_1]           DataHolder.java:348  | Stored /sheet#1/BINARY.png
2025-12-26 12:49:15,051 INFO [009_Bach_EnglishSuite_No3_Prelude_B1-33_page_1]                Sheet.java:1583 | Stored /sheet#1/sheet#1.xml
2025-12-26 12:49:15,052 INFO [009_Bach_EnglishSuite_No3_Prelude_B1-33_page_1]                 Book.java:2537 | Book stored as C:\Users\Elliot\Downloads\Audiveris\scores\009_Bach_EnglishSuite_No3_Prelude_B1-33_page_1.omr
2025-12-26 12:49:15,057 INFO [009_Bach_EnglishSuite_No3_Prelude_B1-33_page_1]            SheetStub.java:1660 | Disposed sheet
2025-12-26 12:49:15,088 INFO [009_Bach_EnglishSuite_No3_Prelude_B1-33_page_1]                 Book.java:2064 | End of Stub#1
2025-12-26 12:49:15,091 INFO [009_Bach_EnglishSuite_No3_Prelude_B1-33_page_1]                 Book.java:2071 | Book processed.
2025-12-26 12:49:15,322 INFO [009_Bach_EnglishSuite_No3_Prelude_B1-33_page_1]            SheetStub.java:997  | Loaded /sheet#1/sheet#1.xml
2025-12-26 12:49:15,969 INFO [009_Bach_EnglishSuite_No3_Prelude_B1-33_page_1]      PartwiseBuilder.java:2688 | Exporting sheet(s): [#1]
2025-12-26 12:49:16,101 INFO [009_Bach_EnglishSuite_No3_Prelude_B1-33_page_1]        ScoreExporter.java:164  | Score 009_Bach_EnglishSuite_No3_Prelude_B1-33_page_1 exported to C:\Users\Elliot\Downloads\Audiveris\scores\009_Bach_EnglishSuite_No3_Prelude_B1-33_page_1.mxl
2025-12-26 12:49:16,143 INFO [009_Bach_EnglishSuite_No3_Prelude_B1-33_page_1]                Score.java:181  | Closing {Score 1}
