2025-12-26 12:49:33,680 INFO [010_Bach_GoldbergVariations_Var13_B1-16_page_1]                 Book.java:560  | 1 sheet in C:\Users\Elliot\Downloads\Audiveris\scores\010_Bach_GoldbergVariations_Var13_B1-16_page_1.jpg
2025-12-26 12:49:33,838 INFO []                 Book.java:2577 | Stored /book.xml
2025-12-26 12:49:33,838 INFO []                 Book.java:2537 | Book stored as C:\Users\Elliot\Downloads\Audiveris\scores\010_Bach_GoldbergVariations_Var13_B1-16_page_1.omr
2025-12-26 12:49:33,847 INFO []                 Book.java:1929 | Book reaching PAGE on sheets:[#1]
2025-12-26 12:49:33,854 INFO [010_Bach_GoldbergVariations_Var13_B1-16_page_1]       StepMonitoring.java:98   | LOAD
2025-12-26 12:49:33,963 INFO [010_Bach_GoldbergVariations_Var13_B1-16_page_1]            SheetStub.java:1273 | Loaded image #1 1653x2339 from C:\Users\Elliot\Downloads\Audiveris\scores\010_Bach_GoldbergVariations_Var13_B1-16_page_1.jpg
2025-12-26 12:49:33,966 INFO [010_Bach_GoldbergVariations_Var13_B1-16_page_1]            ImageUtil.java:124  | Converting max RGB to gray
2025-12-26 12:49:34,128 INFO [010_Bach_GoldbergVariations_Var13_B1-16_page_1]       StepMonitoring.java:98   | BINARY
2025-12-26 12:49:34,532 INFO [010_Bach_GoldbergVariations_Var13_B1-16_page_1]       StepMonitoring.java:98   | SCALE
2025-12-26 12:49:34,572 INFO [010_Bach_GoldbergVariations_Var13_B1-16_page_1]         ScaleBuilder.java:241  | Beam  guessed height:  6 -- 0.50 of 11 interline
2025-12-26 12:49:34,573 INFO [010_Bach_GoldbergVariations_Var13_B1-16_page_1]         ScaleBuilder.java:264  | Beam measured height:  7 -- 0.43 of [4..11] range at 1196% of needed quorum
2025-12-26 12:49:34,575 INFO [010_Bach_GoldbergVariations_Var13_B1-16_page_1]            ScaleStep.java:65   | Scale{ interline(12,13,13) line(1,1,3) beam(7)}
2025-12-26 12:49:34,577 INFO [010_Bach_GoldbergVariations_Var13_B1-16_page_1]       StepMonitoring.java:98   | GRID
2025-12-26 12:49:34,854 INFO [010_Bach_GoldbergVariations_Var13_B1-16_page_1]       LinesRetriever.java:1500 | Global slope: 0.00000
2025-12-26 12:49:34,892 INFO [010_Bach_GoldbergVariations_Var13_B1-16_page_1]    ClustersRetriever.java:326  | Retrieved raw line clusters: 6 of sizes [5] with interline(12,13,13)
2025-12-26 12:49:34,987 INFO [010_Bach_GoldbergVariations_Var13_B1-16_page_1]            PeakGraph.java:310  | Systems: #1[1, 2] #2[3, 4] #3[5, 6]
2025-12-26 12:49:35,199 INFO [010_Bach_GoldbergVariations_Var13_B1-16_page_1]        SystemManager.java:134  | Indentation detected for system #2
2025-12-26 12:49:35,200 INFO [010_Bach_GoldbergVariations_Var13_B1-16_page_1]        SystemManager.java:723  | 2 pages found in sheet
2025-12-26 12:49:35,201 INFO [010_Bach_GoldbergVariations_Var13_B1-16_page_1]        SystemManager.java:779  | Page #1: 1 part along 1 system
2025-12-26 12:49:35,202 INFO [010_Bach_GoldbergVariations_Var13_B1-16_page_1]        SystemManager.java:779  | Page #2: 1 part along 2 systems
2025-12-26 12:49:35,202 INFO [010_Bach_GoldbergVariations_Var13_B1-16_page_1]                 Book.java:543  | Created scores: [{Score 1}, {Score 2}]
2025-12-26 12:49:35,204 INFO [010_Bach_GoldbergVariations_Var13_B1-16_page_1]       StepMonitoring.java:98   | HEADERS
2025-12-26 12:49:35,644 INFO [010_Bach_GoldbergVariations_Var13_B1-16_page_1]      BasicClassifier.java:286  | Classifier loaded XML norms.
2025-12-26 12:49:35,651 INFO [010_Bach_GoldbergVariations_Var13_B1-16_page_1]   AbstractClassifier.java:396  | Classifier data loaded from default uri jar:file:/C:/Users/Elliot/Downloads/Audiveris/app/audiveris.jar!/res/basic-classifier.zip
2025-12-26 12:49:36,606 INFO [010_Bach_GoldbergVariations_Var13_B1-16_page_1]       StepMonitoring.java:98   | STEM_SEEDS
2025-12-26 12:49:36,676 INFO [010_Bach_GoldbergVariations_Var13_B1-16_page_1]        StemSeedsStep.java:86   | stem(2 max:2)
2025-12-26 12:49:36,744 INFO [010_Bach_GoldbergVariations_Var13_B1-16_page_1]       StepMonitoring.java:98   | BEAMS
2025-12-26 12:49:38,336 INFO [010_Bach_GoldbergVariations_Var13_B1-16_page_1]       StepMonitoring.java:98   | LEDGERS
2025-12-26 12:49:38,797 INFO [010_Bach_GoldbergVariations_Var13_B1-16_page_1]       StepMonitoring.java:98   | HEADS
2025-12-26 12:49:40,633 INFO [010_Bach_GoldbergVariations_Var13_B1-16_page_1]        HeadSeedTally.java:235  | Scale information: HeadSeeds{NOTEHEAD_BLACK[L:-0.2,R:0.5]}
2025-12-26 12:49:40,634 INFO [010_Bach_GoldbergVariations_Var13_B1-16_page_1]       StepMonitoring.java:98   | STEMS
2025-12-26 12:49:41,623 INFO [010_Bach_GoldbergVariations_Var13_B1-16_page_1]       StepMonitoring.java:98   | REDUCTION
2025-12-26 12:49:41,801 INFO [010_Bach_GoldbergVariations_Var13_B1-16_page_1]        ReductionStep.java:105  | Stems free length median value: 44 pixels, 3.4 interlines
2025-12-26 12:49:41,807 INFO [010_Bach_GoldbergVariations_Var13_B1-16_page_1]       StepMonitoring.java:98   | CUE_BEAMS
2025-12-26 12:49:41,808 INFO [010_Bach_GoldbergVariations_Var13_B1-16_page_1]         CueBeamsStep.java:81   | Step CUE_BEAMS is skipped because small heads switch is off
2025-12-26 12:49:41,809 INFO [010_Bach_GoldbergVariations_Var13_B1-16_page_1]       StepMonitoring.java:98   | TEXTS
2025-12-26 12:49:41,941 WARN [010_Bach_GoldbergVariations_Var13_B1-16_page_1]         TesseractOCR.java:335  | The collection of supported languages is empty
2025-12-26 12:49:41,942 INFO [010_Bach_GoldbergVariations_Var13_B1-16_page_1]              OcrUtil.java:106  | Missing support for 'eng' language(s)
2025-12-26 12:49:41,960 INFO [010_Bach_GoldbergVariations_Var13_B1-16_page_1]       StepMonitoring.java:98   | MEASURES
2025-12-26 12:49:41,977 INFO [010_Bach_GoldbergVariations_Var13_B1-16_page_1]                 Page.java:307  | 2 raw measures: [2 in system#1]
2025-12-26 12:49:41,979 INFO [010_Bach_GoldbergVariations_Var13_B1-16_page_1]                 Page.java:307  | 4 raw measures: [2 in system#2, 2 in system#3]
2025-12-26 12:49:41,979 INFO [010_Bach_GoldbergVariations_Var13_B1-16_page_1]       StepMonitoring.java:98   | CHORDS
2025-12-26 12:49:42,015 INFO [010_Bach_GoldbergVariations_Var13_B1-16_page_1]       StepMonitoring.java:98   | CURVES
2025-12-26 12:49:42,659 INFO [010_Bach_GoldbergVariations_Var13_B1-16_page_1]         SlursBuilder.java:240  | Slurs: 16
2025-12-26 12:49:42,686 INFO [010_Bach_GoldbergVariations_Var13_B1-16_page_1]      SegmentsBuilder.java:155  | Segments: 8
2025-12-26 12:49:42,693 INFO [010_Bach_GoldbergVariations_Var13_B1-16_page_1]       StepMonitoring.java:98   | SYMBOLS
2025-12-26 12:49:42,952 INFO [010_Bach_GoldbergVariations_Var13_B1-16_page_1]       StepMonitoring.java:98   | LINKS
2025-12-26 12:49:43,020 INFO [010_Bach_GoldbergVariations_Var13_B1-16_page_1]       StepMonitoring.java:98   | RHYTHMS
2025-12-26 12:49:43,164 INFO [010_Bach_GoldbergVariations_Var13_B1-16_page_1]       StepMonitoring.java:98   | PAGE
2025-12-26 12:49:43,171 WARN [010_Bach_GoldbergVariations_Var13_B1-16_page_1]         MeasureFixer.java:343  | System#1 No target duration for measures local IDs [1, 2], please check time signatures
2025-12-26 12:49:43,173 WARN [010_Bach_GoldbergVariations_Var13_B1-16_page_1]         MeasureFixer.java:343  | System#2 No target duration for measures local IDs [1, 2], please check time signatures
2025-12-26 12:49:43,174 WARN [010_Bach_GoldbergVariations_Var13_B1-16_page_1]         MeasureFixer.java:343  | System#3 No target duration for measures local IDs [3, 4], please check time signatures
2025-12-26 12:49:43,178 INFO [010_Bach_GoldbergVariations_Var13_B1-16_page_1]                 Book.java:2596 | Book{010_Bach_GoldbergVariations_Var13_B1-16_page_1} storing
2025-12-26 12:49:43,233 INFO [010_Bach_GoldbergVariations_Var13_B1-16_page_1]                 Book.java:2577 | Stored /book.xml
2025-12-26 12:49:43,335 INFO [010_Bach_GoldbergVariations_Var13_B1-16_page_1]           DataHolder.java:348  | Stored /sheet#1/BINARY.png
2025-12-26 12:49:44,162 INFO [010_Bach_GoldbergVariations_Var13_B1-16_page_1]                Sheet.java:1583 | Stored /sheet#1/sheet#1.xml
2025-12-26 12:49:44,163 INFO [010_Bach_GoldbergVariations_Var13_B1-16_page_1]                 Book.java:2537 | Book stored as C:\Users\Elliot\Downloads\Audiveris\scores\010_Bach_GoldbergVariations_Var13_B1-16_page_1.omr
2025-12-26 12:49:44,167 INFO [010_Bach_GoldbergVariations_Var13_B1-16_page_1]            SheetStub.java:1660 | Disposed sheet
2025-12-26 12:49:44,199 INFO [010_Bach_GoldbergVariations_Var13_B1-16_page_1]                 Book.java:2064 | End of Stub#1
2025-12-26 12:49:44,200 INFO [010_Bach_GoldbergVariations_Var13_B1-16_page_1]                 Book.java:2071 | Book processed.
2025-12-26 12:49:44,578 INFO [010_Bach_GoldbergVariations_Var13_B1-16_page_1]            SheetStub.java:997  | Loaded /sheet#1/sheet#1.xml
2025-12-26 12:49:45,101 INFO [010_Bach_GoldbergVariations_Var13_B1-16_page_1]      PartwiseBuilder.java:2688 | Exporting sheet(s): [#1]
2025-12-26 12:49:45,169 INFO [010_Bach_GoldbergVariations_Var13_B1-16_page_1]        ScoreExporter.java:164  | Score 010_Bach_GoldbergVariations_Var13_B1-16_page_1.mvt1 exported to C:\Users\Elliot\Downloads\Audiveris\scores\010_Bach_GoldbergVariations_Var13_B1-16_page_1.mvt1.mxl
2025-12-26 12:49:45,171 INFO [010_Bach_GoldbergVariations_Var13_B1-16_page_1]      PartwiseBuilder.java:2688 | Exporting sheet(s): [#1]
2025-12-26 12:49:45,339 INFO [010_Bach_GoldbergVariations_Var13_B1-16_page_1]        ScoreExporter.java:164  | Score 010_Bach_GoldbergVariations_Var13_B1-16_page_1.mvt2 exported to C:\Users\Elliot\Downloads\Audiveris\scores\010_Bach_GoldbergVariations_Var13_B1-16_page_1.mvt2.mxl
2025-12-26 12:49:45,380 INFO [010_Bach_GoldbergVariations_Var13_B1-16_page_1]                Score.java:181  | Closing {Score 1}
2025-12-26 12:49:45,381 INFO [010_Bach_GoldbergVariations_Var13_B1-16_page_1]                Score.java:181  | Closing {Score 2}
