2025-12-26 12:49:18,620 INFO [010_Bach_GoldbergVariations_Var13_B1-16_page_0]                 Book.java:560  | 1 sheet in C:\Users\Elliot\Downloads\Audiveris\scores\010_Bach_GoldbergVariations_Var13_B1-16_page_0.jpg
2025-12-26 12:49:18,801 INFO []                 Book.java:2577 | Stored /book.xml
2025-12-26 12:49:18,802 INFO []                 Book.java:2537 | Book stored as C:\Users\Elliot\Downloads\Audiveris\scores\010_Bach_GoldbergVariations_Var13_B1-16_page_0.omr
2025-12-26 12:49:18,807 INFO []                 Book.java:1929 | Book reaching PAGE on sheets:[#1]
2025-12-26 12:49:18,816 INFO [010_Bach_GoldbergVariations_Var13_B1-16_page_0]       StepMonitoring.java:98   | LOAD
2025-12-26 12:49:18,970 INFO [010_Bach_GoldbergVariations_Var13_B1-16_page_0]            SheetStub.java:1273 | Loaded image #1 1653x2339 from C:\Users\Elliot\Downloads\Audiveris\scores\010_Bach_GoldbergVariations_Var13_B1-16_page_0.jpg
2025-12-26 12:49:18,973 INFO [010_Bach_GoldbergVariations_Var13_B1-16_page_0]            ImageUtil.java:124  | Converting max RGB to gray
2025-12-26 12:49:19,101 INFO [010_Bach_GoldbergVariations_Var13_B1-16_page_0]       StepMonitoring.java:98   | BINARY
2025-12-26 12:49:19,520 INFO [010_Bach_GoldbergVariations_Var13_B1-16_page_0]       StepMonitoring.java:98   | SCALE
2025-12-26 12:49:19,545 INFO [010_Bach_GoldbergVariations_Var13_B1-16_page_0]         ScaleBuilder.java:241  | Beam  guessed height:  6 -- 0.50 of 11 interline
2025-12-26 12:49:19,547 INFO [010_Bach_GoldbergVariations_Var13_B1-16_page_0]         ScaleBuilder.java:264  | Beam measured height:  7 -- 0.43 of [4..11] range at 1116% of needed quorum
2025-12-26 12:49:19,548 INFO [010_Bach_GoldbergVariations_Var13_B1-16_page_0]            ScaleStep.java:65   | Scale{ interline(12,13,13) line(1,1,3) beam(7)}
2025-12-26 12:49:19,549 INFO [010_Bach_GoldbergVariations_Var13_B1-16_page_0]       StepMonitoring.java:98   | GRID
2025-12-26 12:49:19,946 INFO [010_Bach_GoldbergVariations_Var13_B1-16_page_0]       LinesRetriever.java:1500 | Global slope: 0.00000
2025-12-26 12:49:20,021 INFO [010_Bach_GoldbergVariations_Var13_B1-16_page_0]    ClustersRetriever.java:326  | Retrieved raw line clusters: 8 of sizes [5] with interline(12,13,13)
2025-12-26 12:49:20,187 INFO [010_Bach_GoldbergVariations_Var13_B1-16_page_0]            PeakGraph.java:310  | Systems: #1[1, 2] #2[3, 4] #3[5, 6] #4[7, 8]
2025-12-26 12:49:20,480 INFO [010_Bach_GoldbergVariations_Var13_B1-16_page_0]        SystemManager.java:134  | Indentation detected for system #1
2025-12-26 12:49:20,481 INFO [010_Bach_GoldbergVariations_Var13_B1-16_page_0]        SystemManager.java:779  | 1 part along 4 systems
2025-12-26 12:49:20,482 INFO [010_Bach_GoldbergVariations_Var13_B1-16_page_0]                 Book.java:543  | Created scores: [{Score 1}]
2025-12-26 12:49:20,483 INFO [010_Bach_GoldbergVariations_Var13_B1-16_page_0]       StepMonitoring.java:98   | HEADERS
2025-12-26 12:49:20,981 INFO [010_Bach_GoldbergVariations_Var13_B1-16_page_0]      BasicClassifier.java:286  | Classifier loaded XML norms.
2025-12-26 12:49:20,987 INFO [010_Bach_GoldbergVariations_Var13_B1-16_page_0]   AbstractClassifier.java:396  | Classifier data loaded from default uri jar:file:/C:/Users/Elliot/Downloads/Audiveris/app/audiveris.jar!/res/basic-classifier.zip
2025-12-26 12:49:21,985 INFO [010_Bach_GoldbergVariations_Var13_B1-16_page_0]       StepMonitoring.java:98   | STEM_SEEDS
2025-12-26 12:49:22,049 INFO [010_Bach_GoldbergVariations_Var13_B1-16_page_0]        StemSeedsStep.java:86   | stem(1 max:2)
2025-12-26 12:49:22,128 INFO [010_Bach_GoldbergVariations_Var13_B1-16_page_0]       StepMonitoring.java:98   | BEAMS
2025-12-26 12:49:23,603 INFO [010_Bach_GoldbergVariations_Var13_B1-16_page_0]       StepMonitoring.java:98   | LEDGERS
2025-12-26 12:49:23,757 INFO [010_Bach_GoldbergVariations_Var13_B1-16_page_0]       StepMonitoring.java:98   | HEADS
2025-12-26 12:49:26,007 INFO [010_Bach_GoldbergVariations_Var13_B1-16_page_0]        HeadSeedTally.java:235  | Scale information: HeadSeeds{NOTEHEAD_BLACK[L:-0.2,R:0.5]}
2025-12-26 12:49:26,008 INFO [010_Bach_GoldbergVariations_Var13_B1-16_page_0]       StepMonitoring.java:98   | STEMS
2025-12-26 12:49:26,985 INFO [010_Bach_GoldbergVariations_Var13_B1-16_page_0]       StepMonitoring.java:98   | REDUCTION
2025-12-26 12:49:27,220 INFO [010_Bach_GoldbergVariations_Var13_B1-16_page_0]        ReductionStep.java:105  | Stems free length median value: 44 pixels, 3.4 interlines
2025-12-26 12:49:27,225 INFO [010_Bach_GoldbergVariations_Var13_B1-16_page_0]       StepMonitoring.java:98   | CUE_BEAMS
2025-12-26 12:49:27,226 INFO [010_Bach_GoldbergVariations_Var13_B1-16_page_0]         CueBeamsStep.java:81   | Step CUE_BEAMS is skipped because small heads switch is off
2025-12-26 12:49:27,227 INFO [010_Bach_GoldbergVariations_Var13_B1-16_page_0]       StepMonitoring.java:98   | TEXTS
2025-12-26 12:49:27,358 WARN [010_Bach_GoldbergVariations_Var13_B1-16_page_0]         TesseractOCR.java:335  | The collection of supported languages is empty
2025-12-26 12:49:27,359 INFO [010_Bach_GoldbergVariations_Var13_B1-16_page_0]              OcrUtil.java:106  | Missing support for 'eng' language(s)
2025-12-26 12:49:27,376 INFO [010_Bach_GoldbergVariations_Var13_B1-16_page_0]       StepMonitoring.java:98   | MEASURES
2025-12-26 12:49:27,395 INFO [010_Bach_GoldbergVariations_Var13_B1-16_page_0]                 Page.java:307  | 10 raw measures: [3 in system#1, 3 in system#2, 2 in system#3, 2 in system#4]
2025-12-26 12:49:27,396 INFO [010_Bach_GoldbergVariations_Var13_B1-16_page_0]       StepMonitoring.java:98   | CHORDS
2025-12-26 12:49:27,423 INFO [010_Bach_GoldbergVariations_Var13_B1-16_page_0]       StepMonitoring.java:98   | CURVES
2025-12-26 12:49:28,105 INFO [010_Bach_GoldbergVariations_Var13_B1-16_page_0]         SlursBuilder.java:240  | Slurs: 25
2025-12-26 12:49:28,128 INFO [010_Bach_GoldbergVariations_Var13_B1-16_page_0]      SegmentsBuilder.java:155  | Segments: 7
2025-12-26 12:49:28,135 INFO [010_Bach_GoldbergVariations_Var13_B1-16_page_0]       StepMonitoring.java:98   | SYMBOLS
2025-12-26 12:49:28,350 INFO [010_Bach_GoldbergVariations_Var13_B1-16_page_0]       StepMonitoring.java:98   | LINKS
2025-12-26 12:49:28,433 INFO [010_Bach_GoldbergVariations_Var13_B1-16_page_0]       StepMonitoring.java:98   | RHYTHMS
2025-12-26 12:49:28,492 INFO [010_Bach_GoldbergVariations_Var13_B1-16_page_0]        MeasureRhythm.java:1277 | Measure{#2} Time inconsistency in {1/8=[HeadChordInter#4418{(0.956/0.956) staff:1 slot#5 off:1/8 dur:1/8}], 3/16=[HeadChordInter#4453{(0.946/0.946) staff:2 slot#5 off:3/16 dur:1/16}]}
2025-12-26 12:49:28,499 INFO [010_Bach_GoldbergVariations_Var13_B1-16_page_0]        MeasureRhythm.java:1277 | Measure{#3} Time inconsistency in {1/8=[HeadChordInter#4434{(0.957/0.957) staff:1 slot#5 off:1/8 dur:1/8}], 3/16=[HeadChordInter#4460{(0.952/0.952) staff:2 slot#5 off:3/16 dur:1/16}]}
2025-12-26 12:49:28,589 INFO [010_Bach_GoldbergVariations_Var13_B1-16_page_0]       StepMonitoring.java:98   | PAGE
2025-12-26 12:49:28,603 INFO [010_Bach_GoldbergVariations_Var13_B1-16_page_0]                 Book.java:2596 | Book{010_Bach_GoldbergVariations_Var13_B1-16_page_0} storing
2025-12-26 12:49:28,665 INFO [010_Bach_GoldbergVariations_Var13_B1-16_page_0]                 Book.java:2577 | Stored /book.xml
2025-12-26 12:49:28,853 INFO [010_Bach_GoldbergVariations_Var13_B1-16_page_0]           DataHolder.java:348  | Stored /sheet#1/BINARY.png
2025-12-26 12:49:29,841 INFO [010_Bach_GoldbergVariations_Var13_B1-16_page_0]                Sheet.java:1583 | Stored /sheet#1/sheet#1.xml
2025-12-26 12:49:29,841 INFO [010_Bach_GoldbergVariations_Var13_B1-16_page_0]                 Book.java:2537 | Book stored as C:\Users\Elliot\Downloads\Audiveris\scores\010_Bach_GoldbergVariations_Var13_B1-16_page_0.omr
2025-12-26 12:49:29,846 INFO [010_Bach_GoldbergVariations_Var13_B1-16_page_0]            SheetStub.java:1660 | Disposed sheet
2025-12-26 12:49:29,886 INFO [010_Bach_GoldbergVariations_Var13_B1-16_page_0]                 Book.java:2064 | End of Stub#1
2025-12-26 12:49:29,887 INFO [010_Bach_GoldbergVariations_Var13_B1-16_page_0]                 Book.java:2071 | Book processed.
2025-12-26 12:49:30,515 INFO [010_Bach_GoldbergVariations_Var13_B1-16_page_0]            SheetStub.java:997  | Loaded /sheet#1/sheet#1.xml
2025-12-26 12:49:31,037 INFO [010_Bach_GoldbergVariations_Var13_B1-16_page_0]      PartwiseBuilder.java:2688 | Exporting sheet(s): [#1]
2025-12-26 12:49:31,179 INFO [010_Bach_GoldbergVariations_Var13_B1-16_page_0]        ScoreExporter.java:164  | Score 010_Bach_GoldbergVariations_Var13_B1-16_page_0 exported to C:\Users\Elliot\Downloads\Audiveris\scores\010_Bach_GoldbergVariations_Var13_B1-16_page_0.mxl
2025-12-26 12:49:31,223 INFO [010_Bach_GoldbergVariations_Var13_B1-16_page_0]                Score.java:181  | Closing {Score 1}
