2025-12-26 12:49:47,868 INFO [011_Mozart_PSon_K283_G_i_B0-22_page_0]                 Book.java:560  | 1 sheet in C:\Users\Elliot\Downloads\Audiveris\scores\011_Mozart_PSon_K283_G_i_B0-22_page_0.jpg
2025-12-26 12:49:48,027 INFO []                 Book.java:2577 | Stored /book.xml
2025-12-26 12:49:48,028 INFO []                 Book.java:2537 | Book stored as C:\Users\Elliot\Downloads\Audiveris\scores\011_Mozart_PSon_K283_G_i_B0-22_page_0.omr
2025-12-26 12:49:48,035 INFO []                 Book.java:1929 | Book reaching PAGE on sheets:[#1]
2025-12-26 12:49:48,038 INFO [011_Mozart_PSon_K283_G_i_B0-22_page_0]       StepMonitoring.java:98   | LOAD
2025-12-26 12:49:48,200 INFO [011_Mozart_PSon_K283_G_i_B0-22_page_0]            SheetStub.java:1273 | Loaded image #1 1653x2339 from C:\Users\Elliot\Downloads\Audiveris\scores\011_Mozart_PSon_K283_G_i_B0-22_page_0.jpg
2025-12-26 12:49:48,205 INFO [011_Mozart_PSon_K283_G_i_B0-22_page_0]            ImageUtil.java:124  | Converting max RGB to gray
2025-12-26 12:49:48,423 INFO [011_Mozart_PSon_K283_G_i_B0-22_page_0]       StepMonitoring.java:98   | BINARY
2025-12-26 12:49:48,727 INFO [011_Mozart_PSon_K283_G_i_B0-22_page_0]       StepMonitoring.java:98   | SCALE
2025-12-26 12:49:48,763 INFO [011_Mozart_PSon_K283_G_i_B0-22_page_0]         ScaleBuilder.java:241  | Beam  guessed height:  5 -- 0.50 of 10 interline
2025-12-26 12:49:48,764 INFO [011_Mozart_PSon_K283_G_i_B0-22_page_0]         ScaleBuilder.java:264  | Beam measured height:  7 -- 0.57 of [3..10] range at 440% of needed quorum
2025-12-26 12:49:48,766 INFO [011_Mozart_PSon_K283_G_i_B0-22_page_0]            ScaleStep.java:65   | Scale{ interline(11,12,12) line(1,1,2) beam(7)}
2025-12-26 12:49:48,766 INFO [011_Mozart_PSon_K283_G_i_B0-22_page_0]       StepMonitoring.java:98   | GRID
2025-12-26 12:49:49,218 INFO [011_Mozart_PSon_K283_G_i_B0-22_page_0]       LinesRetriever.java:1500 | Global slope: 0.00000
2025-12-26 12:49:49,288 INFO [011_Mozart_PSon_K283_G_i_B0-22_page_0]    ClustersRetriever.java:326  | Retrieved raw line clusters: 12 of sizes [5] with interline(11,12,12)
2025-12-26 12:49:49,447 INFO [011_Mozart_PSon_K283_G_i_B0-22_page_0]            PeakGraph.java:310  | Systems: #1[1, 2] #2[3, 4] #3[5, 6] #4[7, 8] #5[9, 10] #6[11, 12]
2025-12-26 12:49:49,699 INFO [011_Mozart_PSon_K283_G_i_B0-22_page_0]        SystemManager.java:779  | 1 part along 6 systems
2025-12-26 12:49:49,701 INFO [011_Mozart_PSon_K283_G_i_B0-22_page_0]                 Book.java:543  | Created scores: [{Score 1}]
2025-12-26 12:49:49,702 INFO [011_Mozart_PSon_K283_G_i_B0-22_page_0]       StepMonitoring.java:98   | HEADERS
2025-12-26 12:49:50,085 INFO [011_Mozart_PSon_K283_G_i_B0-22_page_0]      BasicClassifier.java:286  | Classifier loaded XML norms.
2025-12-26 12:49:50,090 INFO [011_Mozart_PSon_K283_G_i_B0-22_page_0]   AbstractClassifier.java:396  | Classifier data loaded from default uri jar:file:/C:/Users/Elliot/Downloads/Audiveris/app/audiveris.jar!/res/basic-classifier.zip
2025-12-26 12:49:51,792 INFO [011_Mozart_PSon_K283_G_i_B0-22_page_0]       StepMonitoring.java:98   | STEM_SEEDS
2025-12-26 12:49:51,840 INFO [011_Mozart_PSon_K283_G_i_B0-22_page_0]        StemSeedsStep.java:86   | stem(2 max:3)
2025-12-26 12:49:51,930 INFO [011_Mozart_PSon_K283_G_i_B0-22_page_0]       StepMonitoring.java:98   | BEAMS
2025-12-26 12:49:53,501 INFO [011_Mozart_PSon_K283_G_i_B0-22_page_0]       StepMonitoring.java:98   | LEDGERS
2025-12-26 12:49:53,838 INFO [011_Mozart_PSon_K283_G_i_B0-22_page_0]       StepMonitoring.java:98   | HEADS
2025-12-26 12:49:56,251 INFO [011_Mozart_PSon_K283_G_i_B0-22_page_0]        HeadSeedTally.java:235  | Scale information: HeadSeeds{NOTEHEAD_BLACK[L:-0.4,R:0.3]}
2025-12-26 12:49:56,252 INFO [011_Mozart_PSon_K283_G_i_B0-22_page_0]       StepMonitoring.java:98   | STEMS
2025-12-26 12:49:57,081 INFO [011_Mozart_PSon_K283_G_i_B0-22_page_0]       StepMonitoring.java:98   | REDUCTION
2025-12-26 12:49:57,291 INFO [011_Mozart_PSon_K283_G_i_B0-22_page_0]        ReductionStep.java:105  | Stems free length median value: 41 pixels, 3.4 interlines
2025-12-26 12:49:57,300 INFO [011_Mozart_PSon_K283_G_i_B0-22_page_0]       StepMonitoring.java:98   | CUE_BEAMS
2025-12-26 12:49:57,301 INFO [011_Mozart_PSon_K283_G_i_B0-22_page_0]         CueBeamsStep.java:81   | Step CUE_BEAMS is skipped because small heads switch is off
2025-12-26 12:49:57,301 INFO [011_Mozart_PSon_K283_G_i_B0-22_page_0]       StepMonitoring.java:98   | TEXTS
2025-12-26 12:49:57,402 WARN [011_Mozart_PSon_K283_G_i_B0-22_page_0]         TesseractOCR.java:335  | The collection of supported languages is empty
2025-12-26 12:49:57,402 INFO [011_Mozart_PSon_K283_G_i_B0-22_page_0]              OcrUtil.java:106  | Missing support for 'eng' language(s)
2025-12-26 12:49:57,413 INFO [011_Mozart_PSon_K283_G_i_B0-22_page_0]       StepMonitoring.java:98   | MEASURES
2025-12-26 12:49:57,430 INFO [011_Mozart_PSon_K283_G_i_B0-22_page_0]                 Page.java:307  | 23 raw measures: [5 in system#1, 4 in system#2, 4 in system#3, 4 in system#4, 4 in system#5, 2 in system#6]
2025-12-26 12:49:57,431 INFO [011_Mozart_PSon_K283_G_i_B0-22_page_0]       StepMonitoring.java:98   | CHORDS
2025-12-26 12:49:57,464 INFO [011_Mozart_PSon_K283_G_i_B0-22_page_0]       StepMonitoring.java:98   | CURVES
2025-12-26 12:49:58,236 INFO [011_Mozart_PSon_K283_G_i_B0-22_page_0]         SlursBuilder.java:240  | Slurs: 22
2025-12-26 12:49:58,247 INFO [011_Mozart_PSon_K283_G_i_B0-22_page_0]      SegmentsBuilder.java:155  | Segments: 1
2025-12-26 12:49:58,258 INFO [011_Mozart_PSon_K283_G_i_B0-22_page_0]       StepMonitoring.java:98   | SYMBOLS
2025-12-26 12:49:58,654 INFO [011_Mozart_PSon_K283_G_i_B0-22_page_0]       StepMonitoring.java:98   | LINKS
2025-12-26 12:49:58,753 INFO [011_Mozart_PSon_K283_G_i_B0-22_page_0]       StepMonitoring.java:98   | RHYTHMS
2025-12-26 12:49:58,804 INFO [011_Mozart_PSon_K283_G_i_B0-22_page_0]                Voice.java:257  | Measure{#5} Voice{#6 excess:7/16} too long
2025-12-26 12:49:58,806 INFO [011_Mozart_PSon_K283_G_i_B0-22_page_0]          StackRhythm.java:224  | S1 MeasureStack#5 no correct rhythm
2025-12-26 12:49:58,812 INFO [011_Mozart_PSon_K283_G_i_B0-22_page_0]                Voice.java:257  | Measure{#7} Voice{#1 excess:1/8} too long
2025-12-26 12:49:58,813 INFO [011_Mozart_PSon_K283_G_i_B0-22_page_0]          StackRhythm.java:224  | S2 MeasureStack#7 no correct rhythm
2025-12-26 12:49:58,829 INFO [011_Mozart_PSon_K283_G_i_B0-22_page_0]        MeasureRhythm.java:1045 | Measure{#12} No timeOffset for HeadChordInter#5642{(0.891/0.891) staff:5 slot#5 dur:1/4}
2025-12-26 12:49:58,830 INFO [011_Mozart_PSon_K283_G_i_B0-22_page_0]                Voice.java:257  | Measure{#12} Voice{#1 excess:1/8} too long
2025-12-26 12:49:58,830 INFO [011_Mozart_PSon_K283_G_i_B0-22_page_0]          StackRhythm.java:224  | S3 MeasureStack#12 no correct rhythm
2025-12-26 12:49:58,832 INFO [011_Mozart_PSon_K283_G_i_B0-22_page_0]                Voice.java:257  | Measure{#13} Voice{#1 excess:1/8} too long
2025-12-26 12:49:58,833 INFO [011_Mozart_PSon_K283_G_i_B0-22_page_0]          StackRhythm.java:224  | S3 MeasureStack#13 no correct rhythm
2025-12-26 12:49:58,875 INFO [011_Mozart_PSon_K283_G_i_B0-22_page_0]       StepMonitoring.java:98   | PAGE
2025-12-26 12:49:58,882 INFO [011_Mozart_PSon_K283_G_i_B0-22_page_0]                Voice.java:257  | Measure{#5} Voice{#6 excess:7/16} too long
2025-12-26 12:49:58,883 INFO [011_Mozart_PSon_K283_G_i_B0-22_page_0]                Voice.java:257  | Measure{#7} Voice{#1 excess:1/8} too long
2025-12-26 12:49:58,884 INFO [011_Mozart_PSon_K283_G_i_B0-22_page_0]                Voice.java:257  | Measure{#12} Voice{#1 excess:1/8} too long
2025-12-26 12:49:58,884 INFO [011_Mozart_PSon_K283_G_i_B0-22_page_0]                Voice.java:257  | Measure{#13} Voice{#1 excess:1/8} too long
2025-12-26 12:49:58,891 INFO [011_Mozart_PSon_K283_G_i_B0-22_page_0]                 Book.java:2596 | Book{011_Mozart_PSon_K283_G_i_B0-22_page_0} storing
2025-12-26 12:49:58,938 INFO [011_Mozart_PSon_K283_G_i_B0-22_page_0]                 Book.java:2577 | Stored /book.xml
2025-12-26 12:49:59,038 INFO [011_Mozart_PSon_K283_G_i_B0-22_page_0]           DataHolder.java:348  | Stored /sheet#1/BINARY.png
2025-12-26 12:50:00,082 INFO [011_Mozart_PSon_K283_G_i_B0-22_page_0]                Sheet.java:1583 | Stored /sheet#1/sheet#1.xml
2025-12-26 12:50:00,083 INFO [011_Mozart_PSon_K283_G_i_B0-22_page_0]                 Book.java:2537 | Book stored as C:\Users\Elliot\Downloads\Audiveris\scores\011_Mozart_PSon_K283_G_i_B0-22_page_0.omr
2025-12-26 12:50:00,088 INFO [011_Mozart_PSon_K283_G_i_B0-22_page_0]            SheetStub.java:1660 | Disposed sheet
2025-12-26 12:50:00,123 INFO [011_Mozart_PSon_K283_G_i_B0-22_page_0]                 Book.java:2064 | End of Stub#1
2025-12-26 12:50:00,125 INFO [011_Mozart_PSon_K283_G_i_B0-22_page_0]                 Book.java:2071 | Book processed.
2025-12-26 12:50:00,713 INFO [011_Mozart_PSon_K283_G_i_B0-22_page_0]            SheetStub.java:997  | Loaded /sheet#1/sheet#1.xml
2025-12-26 12:50:01,591 INFO [011_Mozart_PSon_K283_G_i_B0-22_page_0]      PartwiseBuilder.java:2688 | Exporting sheet(s): [#1]
2025-12-26 12:50:01,757 INFO [011_Mozart_PSon_K283_G_i_B0-22_page_0]        ScoreExporter.java:164  | Score 011_Mozart_PSon_K283_G_i_B0-22_page_0 exported to C:\Users\Elliot\Downloads\Audiveris\scores\011_Mozart_PSon_K283_G_i_B0-22_page_0.mxl
2025-12-26 12:50:01,806 INFO [011_Mozart_PSon_K283_G_i_B0-22_page_0]                Score.java:181  | Closing {Score 1}
