2025-12-26 12:50:04,118 INFO [012_Mozart_PSon_K310_a_i_B1-16_page_0]                 Book.java:560  | 1 sheet in C:\Users\Elliot\Downloads\Audiveris\scores\012_Mozart_PSon_K310_a_i_B1-16_page_0.jpg
2025-12-26 12:50:04,273 INFO []                 Book.java:2577 | Stored /book.xml
2025-12-26 12:50:04,275 INFO []                 Book.java:2537 | Book stored as C:\Users\Elliot\Downloads\Audiveris\scores\012_Mozart_PSon_K310_a_i_B1-16_page_0.omr
2025-12-26 12:50:04,281 INFO []                 Book.java:1929 | Book reaching PAGE on sheets:[#1]
2025-12-26 12:50:04,285 INFO [012_Mozart_PSon_K310_a_i_B1-16_page_0]       StepMonitoring.java:98   | LOAD
2025-12-26 12:50:04,409 INFO [012_Mozart_PSon_K310_a_i_B1-16_page_0]            SheetStub.java:1273 | Loaded image #1 1653x2339 from C:\Users\Elliot\Downloads\Audiveris\scores\012_Mozart_PSon_K310_a_i_B1-16_page_0.jpg
2025-12-26 12:50:04,413 INFO [012_Mozart_PSon_K310_a_i_B1-16_page_0]            ImageUtil.java:124  | Converting max RGB to gray
2025-12-26 12:50:04,592 INFO [012_Mozart_PSon_K310_a_i_B1-16_page_0]       StepMonitoring.java:98   | BINARY
2025-12-26 12:50:04,956 INFO [012_Mozart_PSon_K310_a_i_B1-16_page_0]       StepMonitoring.java:98   | SCALE
2025-12-26 12:50:04,990 INFO [012_Mozart_PSon_K310_a_i_B1-16_page_0]         ScaleBuilder.java:241  | Beam  guessed height:  5 -- 0.50 of 10 interline
2025-12-26 12:50:04,993 INFO [012_Mozart_PSon_K310_a_i_B1-16_page_0]         ScaleBuilder.java:264  | Beam measured height:  6 -- 0.43 of [3..10] range at 503% of needed quorum
2025-12-26 12:50:04,996 INFO [012_Mozart_PSon_K310_a_i_B1-16_page_0]            ScaleStep.java:65   | Scale{ interline(11,12,12) line(1,1,2) beam(6)}
2025-12-26 12:50:04,999 INFO [012_Mozart_PSon_K310_a_i_B1-16_page_0]       StepMonitoring.java:98   | GRID
2025-12-26 12:50:05,375 INFO [012_Mozart_PSon_K310_a_i_B1-16_page_0]       LinesRetriever.java:1500 | Global slope: 0.00000
2025-12-26 12:50:05,437 INFO [012_Mozart_PSon_K310_a_i_B1-16_page_0]    ClustersRetriever.java:326  | Retrieved raw line clusters: 10 of sizes [5] with interline(11,12,12)
2025-12-26 12:50:05,635 INFO [012_Mozart_PSon_K310_a_i_B1-16_page_0]            PeakGraph.java:310  | Systems: #1[1, 2] #2[3, 4] #3[5, 6] #4[7, 8] #5[9, 10]
2025-12-26 12:50:05,882 INFO [012_Mozart_PSon_K310_a_i_B1-16_page_0]        SystemManager.java:134  | Indentation detected for system #1
2025-12-26 12:50:05,884 INFO [012_Mozart_PSon_K310_a_i_B1-16_page_0]        SystemManager.java:779  | 1 part along 5 systems
2025-12-26 12:50:05,884 INFO [012_Mozart_PSon_K310_a_i_B1-16_page_0]                 Book.java:543  | Created scores: [{Score 1}]
2025-12-26 12:50:05,885 INFO [012_Mozart_PSon_K310_a_i_B1-16_page_0]       StepMonitoring.java:98   | HEADERS
2025-12-26 12:50:06,400 INFO [012_Mozart_PSon_K310_a_i_B1-16_page_0]      BasicClassifier.java:286  | Classifier loaded XML norms.
2025-12-26 12:50:06,404 INFO [012_Mozart_PSon_K310_a_i_B1-16_page_0]   AbstractClassifier.java:396  | Classifier data loaded from default uri jar:file:/C:/Users/Elliot/Downloads/Audiveris/app/audiveris.jar!/res/basic-classifier.zip
2025-12-26 12:50:07,188 INFO [012_Mozart_PSon_K310_a_i_B1-16_page_0]       StepMonitoring.java:98   | STEM_SEEDS
2025-12-26 12:50:07,250 INFO [012_Mozart_PSon_K310_a_i_B1-16_page_0]        StemSeedsStep.java:86   | stem(2 max:3)
2025-12-26 12:50:07,331 INFO [012_Mozart_PSon_K310_a_i_B1-16_page_0]       StepMonitoring.java:98   | BEAMS
2025-12-26 12:50:08,483 INFO [012_Mozart_PSon_K310_a_i_B1-16_page_0]       StepMonitoring.java:98   | LEDGERS
2025-12-26 12:50:08,665 INFO [012_Mozart_PSon_K310_a_i_B1-16_page_0]       StepMonitoring.java:98   | HEADS
2025-12-26 12:50:11,049 INFO [012_Mozart_PSon_K310_a_i_B1-16_page_0]        HeadSeedTally.java:235  | Scale information: HeadSeeds{NOTEHEAD_BLACK[L:-0.4,R:0.1]}
2025-12-26 12:50:11,050 INFO [012_Mozart_PSon_K310_a_i_B1-16_page_0]       StepMonitoring.java:98   | STEMS
2025-12-26 12:50:12,060 INFO [012_Mozart_PSon_K310_a_i_B1-16_page_0]       StepMonitoring.java:98   | REDUCTION
2025-12-26 12:50:12,529 INFO [012_Mozart_PSon_K310_a_i_B1-16_page_0]        ReductionStep.java:105  | Stems free length median value: 42 pixels, 3.5 interlines
2025-12-26 12:50:12,535 INFO [012_Mozart_PSon_K310_a_i_B1-16_page_0]       StepMonitoring.java:98   | CUE_BEAMS
2025-12-26 12:50:12,536 INFO [012_Mozart_PSon_K310_a_i_B1-16_page_0]         CueBeamsStep.java:81   | Step CUE_BEAMS is skipped because small heads switch is off
2025-12-26 12:50:12,536 INFO [012_Mozart_PSon_K310_a_i_B1-16_page_0]       StepMonitoring.java:98   | TEXTS
2025-12-26 12:50:12,612 WARN [012_Mozart_PSon_K310_a_i_B1-16_page_0]         TesseractOCR.java:335  | The collection of supported languages is empty
2025-12-26 12:50:12,613 INFO [012_Mozart_PSon_K310_a_i_B1-16_page_0]              OcrUtil.java:106  | Missing support for 'eng' language(s)
2025-12-26 12:50:12,622 INFO [012_Mozart_PSon_K310_a_i_B1-16_page_0]       StepMonitoring.java:98   | MEASURES
2025-12-26 12:50:12,636 INFO [012_Mozart_PSon_K310_a_i_B1-16_page_0]                 Page.java:307  | 16 raw measures: [3 in system#1, 3 in system#2, 3 in system#3, 3 in system#4, 4 in system#5]
2025-12-26 12:50:12,637 INFO [012_Mozart_PSon_K310_a_i_B1-16_page_0]       StepMonitoring.java:98   | CHORDS
2025-12-26 12:50:12,666 INFO [012_Mozart_PSon_K310_a_i_B1-16_page_0]       StepMonitoring.java:98   | CURVES
2025-12-26 12:50:13,478 INFO [012_Mozart_PSon_K310_a_i_B1-16_page_0]         SlursBuilder.java:240  | Slurs: 1
2025-12-26 12:50:13,496 INFO [012_Mozart_PSon_K310_a_i_B1-16_page_0]      SegmentsBuilder.java:155  | Segments: 4
2025-12-26 12:50:13,507 INFO [012_Mozart_PSon_K310_a_i_B1-16_page_0]       StepMonitoring.java:98   | SYMBOLS
2025-12-26 12:50:13,820 INFO [012_Mozart_PSon_K310_a_i_B1-16_page_0]       StepMonitoring.java:98   | LINKS
2025-12-26 12:50:13,868 INFO [012_Mozart_PSon_K310_a_i_B1-16_page_0]             KeyInter.java:1165 | No effective key before AlterInter#7729{(0.800) staff:3 NATURAL pitch:-1.0}
2025-12-26 12:50:13,884 INFO [012_Mozart_PSon_K310_a_i_B1-16_page_0]             KeyInter.java:1165 | No effective key before AlterInter#7752{(0.800) staff:5 NATURAL pitch:-2.0}
2025-12-26 12:50:13,884 INFO [012_Mozart_PSon_K310_a_i_B1-16_page_0]             KeyInter.java:1165 | No effective key before AlterInter#7756{(0.800) staff:5 NATURAL pitch:-2.0}
2025-12-26 12:50:13,903 INFO [012_Mozart_PSon_K310_a_i_B1-16_page_0]             KeyInter.java:1165 | No effective key before AlterInter#7773{(0.800) staff:7 NATURAL pitch:-2.0}
2025-12-26 12:50:13,934 INFO [012_Mozart_PSon_K310_a_i_B1-16_page_0]             KeyInter.java:1165 | No effective key before AlterInter#7787{(0.799) staff:9 NATURAL pitch:-4.0}
2025-12-26 12:50:13,935 INFO [012_Mozart_PSon_K310_a_i_B1-16_page_0]             KeyInter.java:1165 | No effective key before AlterInter#7795{(0.800) staff:9 NATURAL pitch:-2.0}
2025-12-26 12:50:13,946 INFO [012_Mozart_PSon_K310_a_i_B1-16_page_0]       StepMonitoring.java:98   | RHYTHMS
2025-12-26 12:50:14,038 INFO [012_Mozart_PSon_K310_a_i_B1-16_page_0]                Voice.java:257  | Measure{#4} Voice{#2 excess:1/16} too long
2025-12-26 12:50:14,039 INFO [012_Mozart_PSon_K310_a_i_B1-16_page_0]          StackRhythm.java:224  | S2 MeasureStack#4 no correct rhythm
2025-12-26 12:50:14,056 INFO [012_Mozart_PSon_K310_a_i_B1-16_page_0]        MeasureRhythm.java:1045 | Measure{#8} No timeOffset for HeadChordInter#7188{(0.943/0.943) staff:5 slot#7 dur:3/16}
2025-12-26 12:50:14,057 INFO [012_Mozart_PSon_K310_a_i_B1-16_page_0]        MeasureRhythm.java:1045 | Measure{#8} No timeOffset for HeadChordInter#7205{(0.964/0.964) staff:6 slot#7 dur:1/4}
2025-12-26 12:50:14,057 INFO [012_Mozart_PSon_K310_a_i_B1-16_page_0]                Voice.java:257  | Measure{#8} Voice{#1 excess:1/8} too long
2025-12-26 12:50:14,058 INFO [012_Mozart_PSon_K310_a_i_B1-16_page_0]                Voice.java:257  | Measure{#8} Voice{#6 excess:1/8} too long
2025-12-26 12:50:14,058 INFO [012_Mozart_PSon_K310_a_i_B1-16_page_0]          StackRhythm.java:224  | S3 MeasureStack#8 no correct rhythm
2025-12-26 12:50:14,078 INFO [012_Mozart_PSon_K310_a_i_B1-16_page_0]                Voice.java:257  | Measure{#12} Voice{#1 excess:1/8} too long
2025-12-26 12:50:14,079 INFO [012_Mozart_PSon_K310_a_i_B1-16_page_0]          StackRhythm.java:224  | S4 MeasureStack#12 no correct rhythm
2025-12-26 12:50:14,110 INFO [012_Mozart_PSon_K310_a_i_B1-16_page_0]       StepMonitoring.java:98   | PAGE
2025-12-26 12:50:14,129 INFO [012_Mozart_PSon_K310_a_i_B1-16_page_0]                Voice.java:257  | Measure{#4} Voice{#2 excess:1/16} too long
2025-12-26 12:50:14,133 INFO [012_Mozart_PSon_K310_a_i_B1-16_page_0]                Voice.java:257  | Measure{#8} Voice{#1 excess:1/8} too long
2025-12-26 12:50:14,134 INFO [012_Mozart_PSon_K310_a_i_B1-16_page_0]                Voice.java:257  | Measure{#8} Voice{#6 excess:1/8} too long
2025-12-26 12:50:14,134 INFO [012_Mozart_PSon_K310_a_i_B1-16_page_0]                Voice.java:257  | Measure{#12} Voice{#1 excess:1/8} too long
2025-12-26 12:50:14,145 INFO [012_Mozart_PSon_K310_a_i_B1-16_page_0]                 Book.java:2596 | Book{012_Mozart_PSon_K310_a_i_B1-16_page_0} storing
2025-12-26 12:50:14,213 INFO [012_Mozart_PSon_K310_a_i_B1-16_page_0]                 Book.java:2577 | Stored /book.xml
2025-12-26 12:50:14,308 INFO [012_Mozart_PSon_K310_a_i_B1-16_page_0]           DataHolder.java:348  | Stored /sheet#1/BINARY.png
2025-12-26 12:50:15,456 INFO [012_Mozart_PSon_K310_a_i_B1-16_page_0]                Sheet.java:1583 | Stored /sheet#1/sheet#1.xml
2025-12-26 12:50:15,456 INFO [012_Mozart_PSon_K310_a_i_B1-16_page_0]                 Book.java:2537 | Book stored as C:\Users\Elliot\Downloads\Audiveris\scores\012_Mozart_PSon_K310_a_i_B1-16_page_0.omr
2025-12-26 12:50:15,461 INFO [012_Mozart_PSon_K310_a_i_B1-16_page_0]            SheetStub.java:1660 | Disposed sheet
2025-12-26 12:50:15,506 INFO [012_Mozart_PSon_K310_a_i_B1-16_page_0]                 Book.java:2064 | End of Stub#1
2025-12-26 12:50:15,507 INFO [012_Mozart_PSon_K310_a_i_B1-16_page_0]                 Book.java:2071 | Book processed.
2025-12-26 12:50:16,123 INFO [012_Mozart_PSon_K310_a_i_B1-16_page_0]            SheetStub.java:997  | Loaded /sheet#1/sheet#1.xml
2025-12-26 12:50:16,640 INFO [012_Mozart_PSon_K310_a_i_B1-16_page_0]      PartwiseBuilder.java:2688 | Exporting sheet(s): [#1]
2025-12-26 12:50:16,807 INFO [012_Mozart_PSon_K310_a_i_B1-16_page_0]        ScoreExporter.java:164  | Score 012_Mozart_PSon_K310_a_i_B1-16_page_0 exported to C:\Users\Elliot\Downloads\Audiveris\scores\012_Mozart_PSon_K310_a_i_B1-16_page_0.mxl
2025-12-26 12:50:16,860 INFO [012_Mozart_PSon_K310_a_i_B1-16_page_0]                Score.java:181  | Closing {Score 1}
