2025-12-26 12:50:19,409 INFO [013_Mozart_PSon_K330_C_i_B1-18_page_0]                 Book.java:560  | 1 sheet in C:\Users\Elliot\Downloads\Audiveris\scores\013_Mozart_PSon_K330_C_i_B1-18_page_0.jpg
2025-12-26 12:50:19,622 INFO []                 Book.java:2577 | Stored /book.xml
2025-12-26 12:50:19,622 INFO []                 Book.java:2537 | Book stored as C:\Users\Elliot\Downloads\Audiveris\scores\013_Mozart_PSon_K330_C_i_B1-18_page_0.omr
2025-12-26 12:50:19,627 INFO []                 Book.java:1929 | Book reaching PAGE on sheets:[#1]
2025-12-26 12:50:19,632 INFO [013_Mozart_PSon_K330_C_i_B1-18_page_0]       StepMonitoring.java:98   | LOAD
2025-12-26 12:50:19,807 INFO [013_Mozart_PSon_K330_C_i_B1-18_page_0]            SheetStub.java:1273 | Loaded image #1 1653x2339 from C:\Users\Elliot\Downloads\Audiveris\scores\013_Mozart_PSon_K330_C_i_B1-18_page_0.jpg
2025-12-26 12:50:19,812 INFO [013_Mozart_PSon_K330_C_i_B1-18_page_0]            ImageUtil.java:124  | Converting max RGB to gray
2025-12-26 12:50:20,013 INFO [013_Mozart_PSon_K330_C_i_B1-18_page_0]       StepMonitoring.java:98   | BINARY
2025-12-26 12:50:20,473 INFO [013_Mozart_PSon_K330_C_i_B1-18_page_0]       StepMonitoring.java:98   | SCALE
2025-12-26 12:50:20,499 INFO [013_Mozart_PSon_K330_C_i_B1-18_page_0]         ScaleBuilder.java:241  | Beam  guessed height:  5 -- 0.50 of 10 interline
2025-12-26 12:50:20,500 INFO [013_Mozart_PSon_K330_C_i_B1-18_page_0]         ScaleBuilder.java:264  | Beam measured height:  6 -- 0.43 of [3..10] range at 1201% of needed quorum
2025-12-26 12:50:20,501 INFO [013_Mozart_PSon_K330_C_i_B1-18_page_0]            ScaleStep.java:65   | Scale{ interline(11,12,12) line(1,1,2) beam(6)}
2025-12-26 12:50:20,502 INFO [013_Mozart_PSon_K330_C_i_B1-18_page_0]       StepMonitoring.java:98   | GRID
2025-12-26 12:50:20,881 INFO [013_Mozart_PSon_K330_C_i_B1-18_page_0]       LinesRetriever.java:1500 | Global slope: 0.00000
2025-12-26 12:50:20,944 INFO [013_Mozart_PSon_K330_C_i_B1-18_page_0]    ClustersRetriever.java:326  | Retrieved raw line clusters: 10 of sizes [5] with interline(11,12,12)
2025-12-26 12:50:21,149 INFO [013_Mozart_PSon_K330_C_i_B1-18_page_0]            PeakGraph.java:310  | Systems: #1[1, 2] #2[3, 4] #3[5, 6] #4[7, 8] #5[9, 10]
2025-12-26 12:50:21,357 INFO [013_Mozart_PSon_K330_C_i_B1-18_page_0]        SystemManager.java:134  | Indentation detected for system #1
2025-12-26 12:50:21,358 INFO [013_Mozart_PSon_K330_C_i_B1-18_page_0]        SystemManager.java:779  | 1 part along 5 systems
2025-12-26 12:50:21,358 INFO [013_Mozart_PSon_K330_C_i_B1-18_page_0]                 Book.java:543  | Created scores: [{Score 1}]
2025-12-26 12:50:21,359 INFO [013_Mozart_PSon_K330_C_i_B1-18_page_0]       StepMonitoring.java:98   | HEADERS
2025-12-26 12:50:21,820 INFO [013_Mozart_PSon_K330_C_i_B1-18_page_0]      BasicClassifier.java:286  | Classifier loaded XML norms.
2025-12-26 12:50:21,825 INFO [013_Mozart_PSon_K330_C_i_B1-18_page_0]   AbstractClassifier.java:396  | Classifier data loaded from default uri jar:file:/C:/Users/Elliot/Downloads/Audiveris/app/audiveris.jar!/res/basic-classifier.zip
2025-12-26 12:50:22,673 INFO [013_Mozart_PSon_K330_C_i_B1-18_page_0]       StepMonitoring.java:98   | STEM_SEEDS
2025-12-26 12:50:22,741 INFO [013_Mozart_PSon_K330_C_i_B1-18_page_0]        StemSeedsStep.java:86   | stem(2 max:3)
2025-12-26 12:50:22,825 INFO [013_Mozart_PSon_K330_C_i_B1-18_page_0]       StepMonitoring.java:98   | BEAMS
2025-12-26 12:50:24,257 INFO [013_Mozart_PSon_K330_C_i_B1-18_page_0]       StepMonitoring.java:98   | LEDGERS
2025-12-26 12:50:24,419 INFO [013_Mozart_PSon_K330_C_i_B1-18_page_0]       StepMonitoring.java:98   | HEADS
2025-12-26 12:50:26,590 INFO [013_Mozart_PSon_K330_C_i_B1-18_page_0]        HeadSeedTally.java:235  | Scale information: HeadSeeds{NOTEHEAD_BLACK[L:-0.4,R:0.4]}
2025-12-26 12:50:26,590 INFO [013_Mozart_PSon_K330_C_i_B1-18_page_0]       StepMonitoring.java:98   | STEMS
2025-12-26 12:50:27,545 INFO [013_Mozart_PSon_K330_C_i_B1-18_page_0]       StepMonitoring.java:98   | REDUCTION
2025-12-26 12:50:27,752 INFO [013_Mozart_PSon_K330_C_i_B1-18_page_0]        ReductionStep.java:105  | Stems free length median value: 42 pixels, 3.5 interlines
2025-12-26 12:50:27,756 INFO [013_Mozart_PSon_K330_C_i_B1-18_page_0]       StepMonitoring.java:98   | CUE_BEAMS
2025-12-26 12:50:27,757 INFO [013_Mozart_PSon_K330_C_i_B1-18_page_0]         CueBeamsStep.java:81   | Step CUE_BEAMS is skipped because small heads switch is off
2025-12-26 12:50:27,757 INFO [013_Mozart_PSon_K330_C_i_B1-18_page_0]       StepMonitoring.java:98   | TEXTS
2025-12-26 12:50:27,825 WARN [013_Mozart_PSon_K330_C_i_B1-18_page_0]         TesseractOCR.java:335  | The collection of supported languages is empty
2025-12-26 12:50:27,826 INFO [013_Mozart_PSon_K330_C_i_B1-18_page_0]              OcrUtil.java:106  | Missing support for 'eng' language(s)
2025-12-26 12:50:27,838 INFO [013_Mozart_PSon_K330_C_i_B1-18_page_0]       StepMonitoring.java:98   | MEASURES
2025-12-26 12:50:27,851 INFO [013_Mozart_PSon_K330_C_i_B1-18_page_0]                 Page.java:307  | 18 raw measures: [4 in system#1, 4 in system#2, 4 in system#3, 3 in system#4, 3 in system#5]
2025-12-26 12:50:27,851 INFO [013_Mozart_PSon_K330_C_i_B1-18_page_0]       StepMonitoring.java:98   | CHORDS
2025-12-26 12:50:27,879 INFO [013_Mozart_PSon_K330_C_i_B1-18_page_0]       StepMonitoring.java:98   | CURVES
2025-12-26 12:50:28,475 INFO [013_Mozart_PSon_K330_C_i_B1-18_page_0]         SlursBuilder.java:240  | Slurs: 2
2025-12-26 12:50:28,482 INFO [013_Mozart_PSon_K330_C_i_B1-18_page_0]      SegmentsBuilder.java:155  | Segments: 8
2025-12-26 12:50:28,489 INFO [013_Mozart_PSon_K330_C_i_B1-18_page_0]       StepMonitoring.java:98   | SYMBOLS
2025-12-26 12:50:28,738 INFO [013_Mozart_PSon_K330_C_i_B1-18_page_0]       StepMonitoring.java:98   | LINKS
2025-12-26 12:50:28,807 INFO [013_Mozart_PSon_K330_C_i_B1-18_page_0]       StepMonitoring.java:98   | RHYTHMS
2025-12-26 12:50:28,840 INFO [013_Mozart_PSon_K330_C_i_B1-18_page_0]                Voice.java:257  | Measure{#1} Voice{#1 excess:1/16} too long
2025-12-26 12:50:28,841 INFO [013_Mozart_PSon_K330_C_i_B1-18_page_0]                Voice.java:257  | Measure{#1} Voice{#2 excess:1/16} too long
2025-12-26 12:50:28,844 INFO [013_Mozart_PSon_K330_C_i_B1-18_page_0]          StackRhythm.java:224  | S1 MeasureStack#1 no correct rhythm
2025-12-26 12:50:28,858 INFO [013_Mozart_PSon_K330_C_i_B1-18_page_0]                Voice.java:257  | Measure{#3} Voice{#1 excess:1/16} too long
2025-12-26 12:50:28,859 INFO [013_Mozart_PSon_K330_C_i_B1-18_page_0]                Voice.java:257  | Measure{#3} Voice{#2 excess:1/16} too long
2025-12-26 12:50:28,860 INFO [013_Mozart_PSon_K330_C_i_B1-18_page_0]          StackRhythm.java:224  | S1 MeasureStack#3 no correct rhythm
2025-12-26 12:50:28,880 INFO [013_Mozart_PSon_K330_C_i_B1-18_page_0]        MeasureRhythm.java:1277 | Measure{#7} Time inconsistency in {7/16=[HeadChordInter#5768{(0.961/0.961) staff:4 slot#11 off:7/16 dur:1/16}], 15/32=[HeadChordInter#5736{(0.958/0.958) staff:3 slot#11 off:15/32 dur:1/32}]}
2025-12-26 12:50:28,881 INFO [013_Mozart_PSon_K330_C_i_B1-18_page_0]                Voice.java:257  | Measure{#7} Voice{#1 excess:1/32} too long
2025-12-26 12:50:28,881 INFO [013_Mozart_PSon_K330_C_i_B1-18_page_0]          StackRhythm.java:224  | S2 MeasureStack#7 no correct rhythm
2025-12-26 12:50:28,884 INFO [013_Mozart_PSon_K330_C_i_B1-18_page_0]                Voice.java:257  | Measure{#8} Voice{#5 excess:1/4} too long
2025-12-26 12:50:28,884 INFO [013_Mozart_PSon_K330_C_i_B1-18_page_0]          StackRhythm.java:224  | S2 MeasureStack#8 no correct rhythm
2025-12-26 12:50:28,932 INFO [013_Mozart_PSon_K330_C_i_B1-18_page_0]       StepMonitoring.java:98   | PAGE
2025-12-26 12:50:28,940 INFO [013_Mozart_PSon_K330_C_i_B1-18_page_0]                Voice.java:257  | Measure{#1} Voice{#1 excess:1/16} too long
2025-12-26 12:50:28,940 INFO [013_Mozart_PSon_K330_C_i_B1-18_page_0]                Voice.java:257  | Measure{#1} Voice{#2 excess:1/16} too long
2025-12-26 12:50:28,941 INFO [013_Mozart_PSon_K330_C_i_B1-18_page_0]                Voice.java:257  | Measure{#3} Voice{#1 excess:1/16} too long
2025-12-26 12:50:28,942 INFO [013_Mozart_PSon_K330_C_i_B1-18_page_0]                Voice.java:257  | Measure{#3} Voice{#2 excess:1/16} too long
2025-12-26 12:50:28,943 INFO [013_Mozart_PSon_K330_C_i_B1-18_page_0]                Voice.java:257  | Measure{#7} Voice{#1 excess:1/32} too long
2025-12-26 12:50:28,943 INFO [013_Mozart_PSon_K330_C_i_B1-18_page_0]                Voice.java:257  | Measure{#8} Voice{#5 excess:1/4} too long
2025-12-26 12:50:28,948 INFO [013_Mozart_PSon_K330_C_i_B1-18_page_0]                 Book.java:2596 | Book{013_Mozart_PSon_K330_C_i_B1-18_page_0} storing
2025-12-26 12:50:28,995 INFO [013_Mozart_PSon_K330_C_i_B1-18_page_0]                 Book.java:2577 | Stored /book.xml
2025-12-26 12:50:29,098 INFO [013_Mozart_PSon_K330_C_i_B1-18_page_0]           DataHolder.java:348  | Stored /sheet#1/BINARY.png
2025-12-26 12:50:29,920 INFO [013_Mozart_PSon_K330_C_i_B1-18_page_0]                Sheet.java:1583 | Stored /sheet#1/sheet#1.xml
2025-12-26 12:50:29,920 INFO [013_Mozart_PSon_K330_C_i_B1-18_page_0]                 Book.java:2537 | Book stored as C:\Users\Elliot\Downloads\Audiveris\scores\013_Mozart_PSon_K330_C_i_B1-18_page_0.omr
2025-12-26 12:50:29,928 INFO [013_Mozart_PSon_K330_C_i_B1-18_page_0]            SheetStub.java:1660 | Disposed sheet
2025-12-26 12:50:29,963 INFO [013_Mozart_PSon_K330_C_i_B1-18_page_0]                 Book.java:2064 | End of Stub#1
2025-12-26 12:50:29,964 INFO [013_Mozart_PSon_K330_C_i_B1-18_page_0]                 Book.java:2071 | Book processed.
2025-12-26 12:50:30,390 INFO [013_Mozart_PSon_K330_C_i_B1-18_page_0]            SheetStub.java:997  | Loaded /sheet#1/sheet#1.xml
2025-12-26 12:50:31,742 INFO [013_Mozart_PSon_K330_C_i_B1-18_page_0]      PartwiseBuilder.java:2688 | Exporting sheet(s): [#1]
2025-12-26 12:50:32,068 INFO [013_Mozart_PSon_K330_C_i_B1-18_page_0]        ScoreExporter.java:164  | Score 013_Mozart_PSon_K330_C_i_B1-18_page_0 exported to C:\Users\Elliot\Downloads\Audiveris\scores\013_Mozart_PSon_K330_C_i_B1-18_page_0.mxl
2025-12-26 12:50:32,157 INFO [013_Mozart_PSon_K330_C_i_B1-18_page_0]                Score.java:181  | Closing {Score 1}
