2025-12-26 12:50:47,732 INFO [015_Mozart_PSon_K331_A_iii_B0-24_page_0]                 Book.java:560  | 1 sheet in C:\Users\Elliot\Downloads\Audiveris\scores\015_Mozart_PSon_K331_A_iii_B0-24_page_0.jpg
2025-12-26 12:50:47,910 INFO []                 Book.java:2577 | Stored /book.xml
2025-12-26 12:50:47,911 INFO []                 Book.java:2537 | Book stored as C:\Users\Elliot\Downloads\Audiveris\scores\015_Mozart_PSon_K331_A_iii_B0-24_page_0.omr
2025-12-26 12:50:47,918 INFO []                 Book.java:1929 | Book reaching PAGE on sheets:[#1]
2025-12-26 12:50:47,922 INFO [015_Mozart_PSon_K331_A_iii_B0-24_page_0]       StepMonitoring.java:98   | LOAD
2025-12-26 12:50:48,065 INFO [015_Mozart_PSon_K331_A_iii_B0-24_page_0]            SheetStub.java:1273 | Loaded image #1 1653x2339 from C:\Users\Elliot\Downloads\Audiveris\scores\015_Mozart_PSon_K331_A_iii_B0-24_page_0.jpg
2025-12-26 12:50:48,070 INFO [015_Mozart_PSon_K331_A_iii_B0-24_page_0]            ImageUtil.java:124  | Converting max RGB to gray
2025-12-26 12:50:48,245 INFO [015_Mozart_PSon_K331_A_iii_B0-24_page_0]       StepMonitoring.java:98   | BINARY
2025-12-26 12:50:48,606 INFO [015_Mozart_PSon_K331_A_iii_B0-24_page_0]       StepMonitoring.java:98   | SCALE
2025-12-26 12:50:48,632 INFO [015_Mozart_PSon_K331_A_iii_B0-24_page_0]         ScaleBuilder.java:241  | Beam  guessed height:  5 -- 0.50 of 10 interline
2025-12-26 12:50:48,633 INFO [015_Mozart_PSon_K331_A_iii_B0-24_page_0]         ScaleBuilder.java:264  | Beam measured height:  7 -- 0.57 of [3..10] range at 547% of needed quorum
2025-12-26 12:50:48,634 INFO [015_Mozart_PSon_K331_A_iii_B0-24_page_0]            ScaleStep.java:65   | Scale{ interline(11,12,12) line(1,1,2) beam(7)}
2025-12-26 12:50:48,634 INFO [015_Mozart_PSon_K331_A_iii_B0-24_page_0]       StepMonitoring.java:98   | GRID
2025-12-26 12:50:48,961 INFO [015_Mozart_PSon_K331_A_iii_B0-24_page_0]       LinesRetriever.java:1500 | Global slope: 0.00000
2025-12-26 12:50:49,012 INFO [015_Mozart_PSon_K331_A_iii_B0-24_page_0]    ClustersRetriever.java:326  | Retrieved raw line clusters: 10 of sizes [5] with interline(11,12,12)
2025-12-26 12:50:49,187 INFO [015_Mozart_PSon_K331_A_iii_B0-24_page_0]            PeakGraph.java:310  | Systems: #1[1, 2] #2[3, 4] #3[5, 6] #4[7, 8] #5[9, 10]
2025-12-26 12:50:49,426 INFO [015_Mozart_PSon_K331_A_iii_B0-24_page_0]        SystemManager.java:134  | Indentation detected for system #1
2025-12-26 12:50:49,427 INFO [015_Mozart_PSon_K331_A_iii_B0-24_page_0]        SystemManager.java:779  | 1 part along 5 systems
2025-12-26 12:50:49,428 INFO [015_Mozart_PSon_K331_A_iii_B0-24_page_0]                 Book.java:543  | Created scores: [{Score 1}]
2025-12-26 12:50:49,429 INFO [015_Mozart_PSon_K331_A_iii_B0-24_page_0]       StepMonitoring.java:98   | HEADERS
2025-12-26 12:50:49,914 INFO [015_Mozart_PSon_K331_A_iii_B0-24_page_0]      BasicClassifier.java:286  | Classifier loaded XML norms.
2025-12-26 12:50:49,917 INFO [015_Mozart_PSon_K331_A_iii_B0-24_page_0]   AbstractClassifier.java:396  | Classifier data loaded from default uri jar:file:/C:/Users/Elliot/Downloads/Audiveris/app/audiveris.jar!/res/basic-classifier.zip
2025-12-26 12:50:50,813 INFO [015_Mozart_PSon_K331_A_iii_B0-24_page_0]       StepMonitoring.java:98   | STEM_SEEDS
2025-12-26 12:50:50,851 INFO [015_Mozart_PSon_K331_A_iii_B0-24_page_0]        StemSeedsStep.java:86   | stem(2 max:2)
2025-12-26 12:50:50,914 INFO [015_Mozart_PSon_K331_A_iii_B0-24_page_0]       StepMonitoring.java:98   | BEAMS
2025-12-26 12:50:52,238 INFO [015_Mozart_PSon_K331_A_iii_B0-24_page_0]       StepMonitoring.java:98   | LEDGERS
2025-12-26 12:50:52,366 INFO [015_Mozart_PSon_K331_A_iii_B0-24_page_0]       StepMonitoring.java:98   | HEADS
2025-12-26 12:50:54,356 INFO [015_Mozart_PSon_K331_A_iii_B0-24_page_0]        HeadSeedTally.java:235  | Scale information: HeadSeeds{NOTEHEAD_BLACK[L:-0.4,R:0.6]}
2025-12-26 12:50:54,357 INFO [015_Mozart_PSon_K331_A_iii_B0-24_page_0]       StepMonitoring.java:98   | STEMS
2025-12-26 12:50:55,249 INFO [015_Mozart_PSon_K331_A_iii_B0-24_page_0]       StepMonitoring.java:98   | REDUCTION
2025-12-26 12:50:55,463 INFO [015_Mozart_PSon_K331_A_iii_B0-24_page_0]        ReductionStep.java:105  | Stems free length median value: 42 pixels, 3.5 interlines
2025-12-26 12:50:55,468 INFO [015_Mozart_PSon_K331_A_iii_B0-24_page_0]       StepMonitoring.java:98   | CUE_BEAMS
2025-12-26 12:50:55,470 INFO [015_Mozart_PSon_K331_A_iii_B0-24_page_0]         CueBeamsStep.java:81   | Step CUE_BEAMS is skipped because small heads switch is off
2025-12-26 12:50:55,470 INFO [015_Mozart_PSon_K331_A_iii_B0-24_page_0]       StepMonitoring.java:98   | TEXTS
2025-12-26 12:50:55,570 WARN [015_Mozart_PSon_K331_A_iii_B0-24_page_0]         TesseractOCR.java:335  | The collection of supported languages is empty
2025-12-26 12:50:55,571 INFO [015_Mozart_PSon_K331_A_iii_B0-24_page_0]              OcrUtil.java:106  | Missing support for 'eng' language(s)
2025-12-26 12:50:55,585 INFO [015_Mozart_PSon_K331_A_iii_B0-24_page_0]       StepMonitoring.java:98   | MEASURES
2025-12-26 12:50:55,604 INFO [015_Mozart_PSon_K331_A_iii_B0-24_page_0]                 Page.java:307  | 25 raw measures: [5 in system#1, 5 in system#2, 5 in system#3, 5 in system#4, 5 in system#5]
2025-12-26 12:50:55,605 INFO [015_Mozart_PSon_K331_A_iii_B0-24_page_0]       StepMonitoring.java:98   | CHORDS
2025-12-26 12:50:55,659 INFO [015_Mozart_PSon_K331_A_iii_B0-24_page_0]       StepMonitoring.java:98   | CURVES
2025-12-26 12:50:56,365 INFO [015_Mozart_PSon_K331_A_iii_B0-24_page_0]         SlursBuilder.java:240  | Slurs: 0
2025-12-26 12:50:56,373 INFO [015_Mozart_PSon_K331_A_iii_B0-24_page_0]      SegmentsBuilder.java:155  | Segments: 0
2025-12-26 12:50:56,383 INFO [015_Mozart_PSon_K331_A_iii_B0-24_page_0]       StepMonitoring.java:98   | SYMBOLS
2025-12-26 12:50:56,643 INFO [015_Mozart_PSon_K331_A_iii_B0-24_page_0]       StepMonitoring.java:98   | LINKS
2025-12-26 12:50:56,676 INFO [015_Mozart_PSon_K331_A_iii_B0-24_page_0]             KeyInter.java:1165 | No effective key before AlterInter#5187{(0.800) staff:3 NATURAL pitch:-5.0}
2025-12-26 12:50:56,728 INFO [015_Mozart_PSon_K331_A_iii_B0-24_page_0]       StepMonitoring.java:98   | RHYTHMS
2025-12-26 12:50:56,841 INFO [015_Mozart_PSon_K331_A_iii_B0-24_page_0]        MeasureRhythm.java:1277 | Measure{#24} Time inconsistency in {3/8=[HeadChordInter#4860{(0.961/0.961) staff:10 slot#6 off:3/8 dur:1/8}], 7/16=[HeadChordInter#4840{(0.961/0.961) staff:9 slot#6 off:7/16 dur:1/32}]}
2025-12-26 12:50:56,842 INFO [015_Mozart_PSon_K331_A_iii_B0-24_page_0]                Voice.java:257  | Measure{#24} Voice{#1 excess:1/16} too long
2025-12-26 12:50:56,842 INFO [015_Mozart_PSon_K331_A_iii_B0-24_page_0]          StackRhythm.java:224  | S5 MeasureStack#24 no correct rhythm
2025-12-26 12:50:56,844 INFO [015_Mozart_PSon_K331_A_iii_B0-24_page_0]       StepMonitoring.java:98   | PAGE
2025-12-26 12:50:56,853 INFO [015_Mozart_PSon_K331_A_iii_B0-24_page_0]                Voice.java:257  | Measure{#24} Voice{#1 excess:1/16} too long
2025-12-26 12:50:56,857 INFO [015_Mozart_PSon_K331_A_iii_B0-24_page_0]                 Book.java:2596 | Book{015_Mozart_PSon_K331_A_iii_B0-24_page_0} storing
2025-12-26 12:50:56,906 INFO [015_Mozart_PSon_K331_A_iii_B0-24_page_0]                 Book.java:2577 | Stored /book.xml
2025-12-26 12:50:56,998 INFO [015_Mozart_PSon_K331_A_iii_B0-24_page_0]           DataHolder.java:348  | Stored /sheet#1/BINARY.png
2025-12-26 12:50:57,884 INFO [015_Mozart_PSon_K331_A_iii_B0-24_page_0]                Sheet.java:1583 | Stored /sheet#1/sheet#1.xml
2025-12-26 12:50:57,885 INFO [015_Mozart_PSon_K331_A_iii_B0-24_page_0]                 Book.java:2537 | Book stored as C:\Users\Elliot\Downloads\Audiveris\scores\015_Mozart_PSon_K331_A_iii_B0-24_page_0.omr
2025-12-26 12:50:57,889 INFO [015_Mozart_PSon_K331_A_iii_B0-24_page_0]            SheetStub.java:1660 | Disposed sheet
2025-12-26 12:50:57,936 INFO [015_Mozart_PSon_K331_A_iii_B0-24_page_0]                 Book.java:2064 | End of Stub#1
2025-12-26 12:50:57,937 INFO [015_Mozart_PSon_K331_A_iii_B0-24_page_0]                 Book.java:2071 | Book processed.
2025-12-26 12:50:58,361 INFO [015_Mozart_PSon_K331_A_iii_B0-24_page_0]            SheetStub.java:997  | Loaded /sheet#1/sheet#1.xml
2025-12-26 12:50:58,876 INFO [015_Mozart_PSon_K331_A_iii_B0-24_page_0]      PartwiseBuilder.java:2688 | Exporting sheet(s): [#1]
2025-12-26 12:50:59,043 INFO [015_Mozart_PSon_K331_A_iii_B0-24_page_0]        ScoreExporter.java:164  | Score 015_Mozart_PSon_K331_A_iii_B0-24_page_0 exported to C:\Users\Elliot\Downloads\Audiveris\scores\015_Mozart_PSon_K331_A_iii_B0-24_page_0.mxl
2025-12-26 12:50:59,094 INFO [015_Mozart_PSon_K331_A_iii_B0-24_page_0]                Score.java:181  | Closing {Score 1}
