2025-12-26 12:51:27,593 INFO [018_Mozart_PSon_K570_Bb_i_B1-22_page_0]                 Book.java:560  | 1 sheet in C:\Users\Elliot\Downloads\Audiveris\scores\018_Mozart_PSon_K570_Bb_i_B1-22_page_0.jpg
2025-12-26 12:51:27,774 INFO []                 Book.java:2577 | Stored /book.xml
2025-12-26 12:51:27,775 INFO []                 Book.java:2537 | Book stored as C:\Users\Elliot\Downloads\Audiveris\scores\018_Mozart_PSon_K570_Bb_i_B1-22_page_0.omr
2025-12-26 12:51:27,780 INFO []                 Book.java:1929 | Book reaching PAGE on sheets:[#1]
2025-12-26 12:51:27,787 INFO [018_Mozart_PSon_K570_Bb_i_B1-22_page_0]       StepMonitoring.java:98   | LOAD
2025-12-26 12:51:27,947 INFO [018_Mozart_PSon_K570_Bb_i_B1-22_page_0]            SheetStub.java:1273 | Loaded image #1 1653x2339 from C:\Users\Elliot\Downloads\Audiveris\scores\018_Mozart_PSon_K570_Bb_i_B1-22_page_0.jpg
2025-12-26 12:51:27,952 INFO [018_Mozart_PSon_K570_Bb_i_B1-22_page_0]            ImageUtil.java:124  | Converting max RGB to gray
2025-12-26 12:51:28,127 INFO [018_Mozart_PSon_K570_Bb_i_B1-22_page_0]       StepMonitoring.java:98   | BINARY
2025-12-26 12:51:28,502 INFO [018_Mozart_PSon_K570_Bb_i_B1-22_page_0]       StepMonitoring.java:98   | SCALE
2025-12-26 12:51:28,526 INFO [018_Mozart_PSon_K570_Bb_i_B1-22_page_0]         ScaleBuilder.java:241  | Beam  guessed height:  5 -- 0.50 of 10 interline
2025-12-26 12:51:28,527 INFO [018_Mozart_PSon_K570_Bb_i_B1-22_page_0]         ScaleBuilder.java:264  | Beam measured height:  7 -- 0.57 of [3..10] range at 194% of needed quorum
2025-12-26 12:51:28,528 INFO [018_Mozart_PSon_K570_Bb_i_B1-22_page_0]            ScaleStep.java:65   | Scale{ interline(11,12,12) line(1,1,2) beam(7)}
2025-12-26 12:51:28,529 INFO [018_Mozart_PSon_K570_Bb_i_B1-22_page_0]       StepMonitoring.java:98   | GRID
2025-12-26 12:51:28,855 INFO [018_Mozart_PSon_K570_Bb_i_B1-22_page_0]       LinesRetriever.java:1500 | Global slope: 0.00000
2025-12-26 12:51:28,900 INFO [018_Mozart_PSon_K570_Bb_i_B1-22_page_0]    ClustersRetriever.java:326  | Retrieved raw line clusters: 10 of sizes [5] with interline(11,12,12)
2025-12-26 12:51:29,012 INFO [018_Mozart_PSon_K570_Bb_i_B1-22_page_0]            PeakGraph.java:310  | Systems: #1[1, 2] #2[3, 4] #3[5, 6] #4[7, 8] #5[9, 10]
2025-12-26 12:51:29,257 INFO [018_Mozart_PSon_K570_Bb_i_B1-22_page_0]        SystemManager.java:134  | Indentation detected for system #1
2025-12-26 12:51:29,260 INFO [018_Mozart_PSon_K570_Bb_i_B1-22_page_0]        SystemManager.java:779  | 1 part along 5 systems
2025-12-26 12:51:29,261 INFO [018_Mozart_PSon_K570_Bb_i_B1-22_page_0]                 Book.java:543  | Created scores: [{Score 1}]
2025-12-26 12:51:29,262 INFO [018_Mozart_PSon_K570_Bb_i_B1-22_page_0]       StepMonitoring.java:98   | HEADERS
2025-12-26 12:51:29,682 INFO [018_Mozart_PSon_K570_Bb_i_B1-22_page_0]      BasicClassifier.java:286  | Classifier loaded XML norms.
2025-12-26 12:51:29,685 INFO [018_Mozart_PSon_K570_Bb_i_B1-22_page_0]   AbstractClassifier.java:396  | Classifier data loaded from default uri jar:file:/C:/Users/Elliot/Downloads/Audiveris/app/audiveris.jar!/res/basic-classifier.zip
2025-12-26 12:51:30,610 INFO [018_Mozart_PSon_K570_Bb_i_B1-22_page_0]       StepMonitoring.java:98   | STEM_SEEDS
2025-12-26 12:51:30,654 INFO [018_Mozart_PSon_K570_Bb_i_B1-22_page_0]        StemSeedsStep.java:86   | stem(2 max:3)
2025-12-26 12:51:30,716 INFO [018_Mozart_PSon_K570_Bb_i_B1-22_page_0]       StepMonitoring.java:98   | BEAMS
2025-12-26 12:51:31,985 INFO [018_Mozart_PSon_K570_Bb_i_B1-22_page_0]       StepMonitoring.java:98   | LEDGERS
2025-12-26 12:51:32,086 INFO [018_Mozart_PSon_K570_Bb_i_B1-22_page_0]       StepMonitoring.java:98   | HEADS
2025-12-26 12:51:33,987 INFO [018_Mozart_PSon_K570_Bb_i_B1-22_page_0]        HeadSeedTally.java:235  | Scale information: HeadSeeds{NOTEHEAD_VOID[L:-0.4] NOTEHEAD_BLACK[L:-0.5,R:0.0]}
2025-12-26 12:51:33,988 INFO [018_Mozart_PSon_K570_Bb_i_B1-22_page_0]       StepMonitoring.java:98   | STEMS
2025-12-26 12:51:34,590 INFO [018_Mozart_PSon_K570_Bb_i_B1-22_page_0]       StepMonitoring.java:98   | REDUCTION
2025-12-26 12:51:34,727 INFO [018_Mozart_PSon_K570_Bb_i_B1-22_page_0]        ReductionStep.java:105  | Stems free length median value: 42 pixels, 3.5 interlines
2025-12-26 12:51:34,734 INFO [018_Mozart_PSon_K570_Bb_i_B1-22_page_0]       StepMonitoring.java:98   | CUE_BEAMS
2025-12-26 12:51:34,734 INFO [018_Mozart_PSon_K570_Bb_i_B1-22_page_0]         CueBeamsStep.java:81   | Step CUE_BEAMS is skipped because small heads switch is off
2025-12-26 12:51:34,735 INFO [018_Mozart_PSon_K570_Bb_i_B1-22_page_0]       StepMonitoring.java:98   | TEXTS
2025-12-26 12:51:34,798 WARN [018_Mozart_PSon_K570_Bb_i_B1-22_page_0]         TesseractOCR.java:335  | The collection of supported languages is empty
2025-12-26 12:51:34,799 INFO [018_Mozart_PSon_K570_Bb_i_B1-22_page_0]              OcrUtil.java:106  | Missing support for 'eng' language(s)
2025-12-26 12:51:34,812 INFO [018_Mozart_PSon_K570_Bb_i_B1-22_page_0]       StepMonitoring.java:98   | MEASURES
2025-12-26 12:51:34,826 INFO [018_Mozart_PSon_K570_Bb_i_B1-22_page_0]                 Page.java:307  | 22 raw measures: [5 in system#1, 5 in system#2, 5 in system#3, 5 in system#4, 2 in system#5]
2025-12-26 12:51:34,827 INFO [018_Mozart_PSon_K570_Bb_i_B1-22_page_0]       StepMonitoring.java:98   | CHORDS
2025-12-26 12:51:34,845 INFO [018_Mozart_PSon_K570_Bb_i_B1-22_page_0]       StepMonitoring.java:98   | CURVES
2025-12-26 12:51:35,545 INFO [018_Mozart_PSon_K570_Bb_i_B1-22_page_0]         SlursBuilder.java:240  | Slurs: 10
2025-12-26 12:51:35,558 INFO [018_Mozart_PSon_K570_Bb_i_B1-22_page_0]      SegmentsBuilder.java:155  | Segments: 5
2025-12-26 12:51:35,569 INFO [018_Mozart_PSon_K570_Bb_i_B1-22_page_0]       StepMonitoring.java:98   | SYMBOLS
2025-12-26 12:51:35,936 INFO [018_Mozart_PSon_K570_Bb_i_B1-22_page_0]       StepMonitoring.java:98   | LINKS
2025-12-26 12:51:35,987 INFO [018_Mozart_PSon_K570_Bb_i_B1-22_page_0]       StepMonitoring.java:98   | RHYTHMS
2025-12-26 12:51:36,078 INFO [018_Mozart_PSon_K570_Bb_i_B1-22_page_0]       StepMonitoring.java:98   | PAGE
2025-12-26 12:51:36,087 INFO [018_Mozart_PSon_K570_Bb_i_B1-22_page_0]                 Book.java:2596 | Book{018_Mozart_PSon_K570_Bb_i_B1-22_page_0} storing
2025-12-26 12:51:36,138 INFO [018_Mozart_PSon_K570_Bb_i_B1-22_page_0]                 Book.java:2577 | Stored /book.xml
2025-12-26 12:51:36,219 INFO [018_Mozart_PSon_K570_Bb_i_B1-22_page_0]           DataHolder.java:348  | Stored /sheet#1/BINARY.png
2025-12-26 12:51:37,034 INFO [018_Mozart_PSon_K570_Bb_i_B1-22_page_0]                Sheet.java:1583 | Stored /sheet#1/sheet#1.xml
2025-12-26 12:51:37,038 INFO [018_Mozart_PSon_K570_Bb_i_B1-22_page_0]                 Book.java:2537 | Book stored as C:\Users\Elliot\Downloads\Audiveris\scores\018_Mozart_PSon_K570_Bb_i_B1-22_page_0.omr
2025-12-26 12:51:37,045 INFO [018_Mozart_PSon_K570_Bb_i_B1-22_page_0]            SheetStub.java:1660 | Disposed sheet
2025-12-26 12:51:37,076 INFO [018_Mozart_PSon_K570_Bb_i_B1-22_page_0]                 Book.java:2064 | End of Stub#1
2025-12-26 12:51:37,077 INFO [018_Mozart_PSon_K570_Bb_i_B1-22_page_0]                 Book.java:2071 | Book processed.
2025-12-26 12:51:37,417 INFO [018_Mozart_PSon_K570_Bb_i_B1-22_page_0]            SheetStub.java:997  | Loaded /sheet#1/sheet#1.xml
2025-12-26 12:51:37,958 INFO [018_Mozart_PSon_K570_Bb_i_B1-22_page_0]      PartwiseBuilder.java:2688 | Exporting sheet(s): [#1]
2025-12-26 12:51:38,075 INFO [018_Mozart_PSon_K570_Bb_i_B1-22_page_0]        ScoreExporter.java:164  | Score 018_Mozart_PSon_K570_Bb_i_B1-22_page_0 exported to C:\Users\Elliot\Downloads\Audiveris\scores\018_Mozart_PSon_K570_Bb_i_B1-22_page_0.mxl
2025-12-26 12:51:38,123 INFO [018_Mozart_PSon_K570_Bb_i_B1-22_page_0]                Score.java:181  | Closing {Score 1}
