2025-12-26 12:51:40,649 INFO [019_Mozart_PSon_K570_Bb_ii_B1-12_page_0]                 Book.java:560  | 1 sheet in C:\Users\Elliot\Downloads\Audiveris\scores\019_Mozart_PSon_K570_Bb_ii_B1-12_page_0.jpg
2025-12-26 12:51:40,861 INFO []                 Book.java:2577 | Stored /book.xml
2025-12-26 12:51:40,862 INFO []                 Book.java:2537 | Book stored as C:\Users\Elliot\Downloads\Audiveris\scores\019_Mozart_PSon_K570_Bb_ii_B1-12_page_0.omr
2025-12-26 12:51:40,871 INFO []                 Book.java:1929 | Book reaching PAGE on sheets:[#1]
2025-12-26 12:51:40,876 INFO [019_Mozart_PSon_K570_Bb_ii_B1-12_page_0]       StepMonitoring.java:98   | LOAD
2025-12-26 12:51:41,028 INFO [019_Mozart_PSon_K570_Bb_ii_B1-12_page_0]            SheetStub.java:1273 | Loaded image #1 1653x2339 from C:\Users\Elliot\Downloads\Audiveris\scores\019_Mozart_PSon_K570_Bb_ii_B1-12_page_0.jpg
2025-12-26 12:51:41,032 INFO [019_Mozart_PSon_K570_Bb_ii_B1-12_page_0]            ImageUtil.java:124  | Converting max RGB to gray
2025-12-26 12:51:41,173 INFO [019_Mozart_PSon_K570_Bb_ii_B1-12_page_0]       StepMonitoring.java:98   | BINARY
2025-12-26 12:51:41,447 INFO [019_Mozart_PSon_K570_Bb_ii_B1-12_page_0]       StepMonitoring.java:98   | SCALE
2025-12-26 12:51:41,487 INFO [019_Mozart_PSon_K570_Bb_ii_B1-12_page_0]         ScaleBuilder.java:241  | Beam  guessed height:  5 -- 0.50 of 10 interline
2025-12-26 12:51:41,489 INFO [019_Mozart_PSon_K570_Bb_ii_B1-12_page_0]         ScaleBuilder.java:264  | Beam measured height:  7 -- 0.57 of [3..10] range at 527% of needed quorum
2025-12-26 12:51:41,489 INFO [019_Mozart_PSon_K570_Bb_ii_B1-12_page_0]            ScaleStep.java:65   | Scale{ interline(11,12,12) line(1,1,2) beam(7)}
2025-12-26 12:51:41,491 INFO [019_Mozart_PSon_K570_Bb_ii_B1-12_page_0]       StepMonitoring.java:98   | GRID
2025-12-26 12:51:41,868 INFO [019_Mozart_PSon_K570_Bb_ii_B1-12_page_0]       LinesRetriever.java:1500 | Global slope: 0.00000
2025-12-26 12:51:41,914 INFO [019_Mozart_PSon_K570_Bb_ii_B1-12_page_0]    ClustersRetriever.java:326  | Retrieved raw line clusters: 8 of sizes [5] with interline(11,12,12)
2025-12-26 12:51:42,052 INFO [019_Mozart_PSon_K570_Bb_ii_B1-12_page_0]            PeakGraph.java:310  | Systems: #1[1, 2] #2[3, 4] #3[5, 6] #4[7, 8]
2025-12-26 12:51:42,295 INFO [019_Mozart_PSon_K570_Bb_ii_B1-12_page_0]        SystemManager.java:134  | Indentation detected for system #1
2025-12-26 12:51:42,297 INFO [019_Mozart_PSon_K570_Bb_ii_B1-12_page_0]        SystemManager.java:779  | 1 part along 4 systems
2025-12-26 12:51:42,297 INFO [019_Mozart_PSon_K570_Bb_ii_B1-12_page_0]                 Book.java:543  | Created scores: [{Score 1}]
2025-12-26 12:51:42,298 INFO [019_Mozart_PSon_K570_Bb_ii_B1-12_page_0]       StepMonitoring.java:98   | HEADERS
2025-12-26 12:51:42,829 INFO [019_Mozart_PSon_K570_Bb_ii_B1-12_page_0]      BasicClassifier.java:286  | Classifier loaded XML norms.
2025-12-26 12:51:42,835 INFO [019_Mozart_PSon_K570_Bb_ii_B1-12_page_0]   AbstractClassifier.java:396  | Classifier data loaded from default uri jar:file:/C:/Users/Elliot/Downloads/Audiveris/app/audiveris.jar!/res/basic-classifier.zip
2025-12-26 12:51:43,717 INFO [019_Mozart_PSon_K570_Bb_ii_B1-12_page_0]       StepMonitoring.java:98   | STEM_SEEDS
2025-12-26 12:51:43,773 INFO [019_Mozart_PSon_K570_Bb_ii_B1-12_page_0]        StemSeedsStep.java:86   | stem(2 max:3)
2025-12-26 12:51:43,853 INFO [019_Mozart_PSon_K570_Bb_ii_B1-12_page_0]       StepMonitoring.java:98   | BEAMS
2025-12-26 12:51:45,325 INFO [019_Mozart_PSon_K570_Bb_ii_B1-12_page_0]       StepMonitoring.java:98   | LEDGERS
2025-12-26 12:51:45,488 INFO [019_Mozart_PSon_K570_Bb_ii_B1-12_page_0]       StepMonitoring.java:98   | HEADS
2025-12-26 12:51:47,241 INFO [019_Mozart_PSon_K570_Bb_ii_B1-12_page_0]        HeadSeedTally.java:235  | Scale information: HeadSeeds{NOTEHEAD_BLACK[L:-0.4,R:0.4]}
2025-12-26 12:51:47,243 INFO [019_Mozart_PSon_K570_Bb_ii_B1-12_page_0]       StepMonitoring.java:98   | STEMS
2025-12-26 12:51:48,136 INFO [019_Mozart_PSon_K570_Bb_ii_B1-12_page_0]       StepMonitoring.java:98   | REDUCTION
2025-12-26 12:51:48,328 INFO [019_Mozart_PSon_K570_Bb_ii_B1-12_page_0]        ReductionStep.java:105  | Stems free length median value: 41 pixels, 3.4 interlines
2025-12-26 12:51:48,334 INFO [019_Mozart_PSon_K570_Bb_ii_B1-12_page_0]       StepMonitoring.java:98   | CUE_BEAMS
2025-12-26 12:51:48,335 INFO [019_Mozart_PSon_K570_Bb_ii_B1-12_page_0]         CueBeamsStep.java:81   | Step CUE_BEAMS is skipped because small heads switch is off
2025-12-26 12:51:48,336 INFO [019_Mozart_PSon_K570_Bb_ii_B1-12_page_0]       StepMonitoring.java:98   | TEXTS
2025-12-26 12:51:48,401 WARN [019_Mozart_PSon_K570_Bb_ii_B1-12_page_0]         TesseractOCR.java:335  | The collection of supported languages is empty
2025-12-26 12:51:48,401 INFO [019_Mozart_PSon_K570_Bb_ii_B1-12_page_0]              OcrUtil.java:106  | Missing support for 'eng' language(s)
2025-12-26 12:51:48,414 INFO [019_Mozart_PSon_K570_Bb_ii_B1-12_page_0]       StepMonitoring.java:98   | MEASURES
2025-12-26 12:51:48,427 INFO [019_Mozart_PSon_K570_Bb_ii_B1-12_page_0]                 Page.java:307  | 12 raw measures: [3 in system#1, 3 in system#2, 3 in system#3, 3 in system#4]
2025-12-26 12:51:48,428 INFO [019_Mozart_PSon_K570_Bb_ii_B1-12_page_0]       StepMonitoring.java:98   | CHORDS
2025-12-26 12:51:48,456 INFO [019_Mozart_PSon_K570_Bb_ii_B1-12_page_0]       StepMonitoring.java:98   | CURVES
2025-12-26 12:51:49,113 INFO [019_Mozart_PSon_K570_Bb_ii_B1-12_page_0]         SlursBuilder.java:240  | Slurs: 7
2025-12-26 12:51:49,122 INFO [019_Mozart_PSon_K570_Bb_ii_B1-12_page_0]      SegmentsBuilder.java:155  | Segments: 2
2025-12-26 12:51:49,134 INFO [019_Mozart_PSon_K570_Bb_ii_B1-12_page_0]       StepMonitoring.java:98   | SYMBOLS
2025-12-26 12:51:49,594 INFO [019_Mozart_PSon_K570_Bb_ii_B1-12_page_0]       StepMonitoring.java:98   | LINKS
2025-12-26 12:51:49,701 INFO [019_Mozart_PSon_K570_Bb_ii_B1-12_page_0]       StepMonitoring.java:98   | RHYTHMS
2025-12-26 12:51:49,818 INFO [019_Mozart_PSon_K570_Bb_ii_B1-12_page_0]       StepMonitoring.java:98   | PAGE
2025-12-26 12:51:49,838 INFO [019_Mozart_PSon_K570_Bb_ii_B1-12_page_0]                 Book.java:2596 | Book{019_Mozart_PSon_K570_Bb_ii_B1-12_page_0} storing
2025-12-26 12:51:49,887 INFO [019_Mozart_PSon_K570_Bb_ii_B1-12_page_0]                 Book.java:2577 | Stored /book.xml
2025-12-26 12:51:50,028 INFO [019_Mozart_PSon_K570_Bb_ii_B1-12_page_0]           DataHolder.java:348  | Stored /sheet#1/BINARY.png
2025-12-26 12:51:50,864 INFO [019_Mozart_PSon_K570_Bb_ii_B1-12_page_0]                Sheet.java:1583 | Stored /sheet#1/sheet#1.xml
2025-12-26 12:51:50,865 INFO [019_Mozart_PSon_K570_Bb_ii_B1-12_page_0]                 Book.java:2537 | Book stored as C:\Users\Elliot\Downloads\Audiveris\scores\019_Mozart_PSon_K570_Bb_ii_B1-12_page_0.omr
2025-12-26 12:51:50,870 INFO [019_Mozart_PSon_K570_Bb_ii_B1-12_page_0]            SheetStub.java:1660 | Disposed sheet
2025-12-26 12:51:50,903 INFO [019_Mozart_PSon_K570_Bb_ii_B1-12_page_0]                 Book.java:2064 | End of Stub#1
2025-12-26 12:51:50,904 INFO [019_Mozart_PSon_K570_Bb_ii_B1-12_page_0]                 Book.java:2071 | Book processed.
2025-12-26 12:51:51,360 INFO [019_Mozart_PSon_K570_Bb_ii_B1-12_page_0]            SheetStub.java:997  | Loaded /sheet#1/sheet#1.xml
2025-12-26 12:51:51,958 INFO [019_Mozart_PSon_K570_Bb_ii_B1-12_page_0]      PartwiseBuilder.java:2688 | Exporting sheet(s): [#1]
2025-12-26 12:51:52,132 INFO [019_Mozart_PSon_K570_Bb_ii_B1-12_page_0]        ScoreExporter.java:164  | Score 019_Mozart_PSon_K570_Bb_ii_B1-12_page_0 exported to C:\Users\Elliot\Downloads\Audiveris\scores\019_Mozart_PSon_K570_Bb_ii_B1-12_page_0.mxl
2025-12-26 12:51:52,180 INFO [019_Mozart_PSon_K570_Bb_ii_B1-12_page_0]                Score.java:181  | Closing {Score 1}
