2025-12-26 12:51:54,760 INFO [020_Mozart_PSon_K576_D_ii_B1-16_page_0]                 Book.java:560  | 1 sheet in C:\Users\Elliot\Downloads\Audiveris\scores\020_Mozart_PSon_K576_D_ii_B1-16_page_0.jpg
2025-12-26 12:51:54,990 INFO []                 Book.java:2577 | Stored /book.xml
2025-12-26 12:51:54,992 INFO []                 Book.java:2537 | Book stored as C:\Users\Elliot\Downloads\Audiveris\scores\020_Mozart_PSon_K576_D_ii_B1-16_page_0.omr
2025-12-26 12:51:54,999 INFO []                 Book.java:1929 | Book reaching PAGE on sheets:[#1]
2025-12-26 12:51:55,007 INFO [020_Mozart_PSon_K576_D_ii_B1-16_page_0]       StepMonitoring.java:98   | LOAD
2025-12-26 12:51:55,174 INFO [020_Mozart_PSon_K576_D_ii_B1-16_page_0]            SheetStub.java:1273 | Loaded image #1 1653x2339 from C:\Users\Elliot\Downloads\Audiveris\scores\020_Mozart_PSon_K576_D_ii_B1-16_page_0.jpg
2025-12-26 12:51:55,176 INFO [020_Mozart_PSon_K576_D_ii_B1-16_page_0]            ImageUtil.java:124  | Converting max RGB to gray
2025-12-26 12:51:55,328 INFO [020_Mozart_PSon_K576_D_ii_B1-16_page_0]       StepMonitoring.java:98   | BINARY
2025-12-26 12:51:55,651 INFO [020_Mozart_PSon_K576_D_ii_B1-16_page_0]       StepMonitoring.java:98   | SCALE
2025-12-26 12:51:55,677 INFO [020_Mozart_PSon_K576_D_ii_B1-16_page_0]         ScaleBuilder.java:241  | Beam  guessed height:  5 -- 0.50 of 10 interline
2025-12-26 12:51:55,678 INFO [020_Mozart_PSon_K576_D_ii_B1-16_page_0]         ScaleBuilder.java:264  | Beam measured height:  6 -- 0.43 of [3..10] range at 795% of needed quorum
2025-12-26 12:51:55,679 INFO [020_Mozart_PSon_K576_D_ii_B1-16_page_0]            ScaleStep.java:65   | Scale{ interline(11,12,12) line(1,1,2) beam(6)}
2025-12-26 12:51:55,680 INFO [020_Mozart_PSon_K576_D_ii_B1-16_page_0]       StepMonitoring.java:98   | GRID
2025-12-26 12:51:56,099 INFO [020_Mozart_PSon_K576_D_ii_B1-16_page_0]       LinesRetriever.java:1500 | Global slope: 0.00000
2025-12-26 12:51:56,176 INFO [020_Mozart_PSon_K576_D_ii_B1-16_page_0]    ClustersRetriever.java:326  | Retrieved raw line clusters: 10 of sizes [5] with interline(11,12,12)
2025-12-26 12:51:56,358 INFO [020_Mozart_PSon_K576_D_ii_B1-16_page_0]            PeakGraph.java:310  | Systems: #1[1, 2] #2[3, 4] #3[5, 6] #4[7, 8] #5[9, 10]
2025-12-26 12:51:56,653 INFO [020_Mozart_PSon_K576_D_ii_B1-16_page_0]        SystemManager.java:134  | Indentation detected for system #1
2025-12-26 12:51:56,655 INFO [020_Mozart_PSon_K576_D_ii_B1-16_page_0]        SystemManager.java:779  | 1 part along 5 systems
2025-12-26 12:51:56,656 INFO [020_Mozart_PSon_K576_D_ii_B1-16_page_0]                 Book.java:543  | Created scores: [{Score 1}]
2025-12-26 12:51:56,656 INFO [020_Mozart_PSon_K576_D_ii_B1-16_page_0]       StepMonitoring.java:98   | HEADERS
2025-12-26 12:51:57,041 INFO [020_Mozart_PSon_K576_D_ii_B1-16_page_0]      BasicClassifier.java:286  | Classifier loaded XML norms.
2025-12-26 12:51:57,049 INFO [020_Mozart_PSon_K576_D_ii_B1-16_page_0]   AbstractClassifier.java:396  | Classifier data loaded from default uri jar:file:/C:/Users/Elliot/Downloads/Audiveris/app/audiveris.jar!/res/basic-classifier.zip
2025-12-26 12:51:58,042 INFO [020_Mozart_PSon_K576_D_ii_B1-16_page_0]       StepMonitoring.java:98   | STEM_SEEDS
2025-12-26 12:51:58,094 INFO [020_Mozart_PSon_K576_D_ii_B1-16_page_0]        StemSeedsStep.java:86   | stem(2 max:2)
2025-12-26 12:51:58,155 INFO [020_Mozart_PSon_K576_D_ii_B1-16_page_0]       StepMonitoring.java:98   | BEAMS
2025-12-26 12:51:59,536 INFO [020_Mozart_PSon_K576_D_ii_B1-16_page_0]       StepMonitoring.java:98   | LEDGERS
2025-12-26 12:51:59,711 INFO [020_Mozart_PSon_K576_D_ii_B1-16_page_0]       StepMonitoring.java:98   | HEADS
2025-12-26 12:52:01,900 INFO [020_Mozart_PSon_K576_D_ii_B1-16_page_0]        HeadSeedTally.java:235  | Scale information: HeadSeeds{NOTEHEAD_BLACK[L:-0.4,R:0.3]}
2025-12-26 12:52:01,901 INFO [020_Mozart_PSon_K576_D_ii_B1-16_page_0]       StepMonitoring.java:98   | STEMS
2025-12-26 12:52:02,785 INFO [020_Mozart_PSon_K576_D_ii_B1-16_page_0]       StepMonitoring.java:98   | REDUCTION
2025-12-26 12:52:03,004 INFO [020_Mozart_PSon_K576_D_ii_B1-16_page_0]        ReductionStep.java:105  | Stems free length median value: 42 pixels, 3.5 interlines
2025-12-26 12:52:03,010 INFO [020_Mozart_PSon_K576_D_ii_B1-16_page_0]       StepMonitoring.java:98   | CUE_BEAMS
2025-12-26 12:52:03,011 INFO [020_Mozart_PSon_K576_D_ii_B1-16_page_0]         CueBeamsStep.java:81   | Step CUE_BEAMS is skipped because small heads switch is off
2025-12-26 12:52:03,011 INFO [020_Mozart_PSon_K576_D_ii_B1-16_page_0]       StepMonitoring.java:98   | TEXTS
2025-12-26 12:52:03,099 WARN [020_Mozart_PSon_K576_D_ii_B1-16_page_0]         TesseractOCR.java:335  | The collection of supported languages is empty
2025-12-26 12:52:03,100 INFO [020_Mozart_PSon_K576_D_ii_B1-16_page_0]              OcrUtil.java:106  | Missing support for 'eng' language(s)
2025-12-26 12:52:03,116 INFO [020_Mozart_PSon_K576_D_ii_B1-16_page_0]       StepMonitoring.java:98   | MEASURES
2025-12-26 12:52:03,126 INFO [020_Mozart_PSon_K576_D_ii_B1-16_page_0]                 Page.java:307  | 16 raw measures: [4 in system#1, 3 in system#2, 3 in system#3, 3 in system#4, 3 in system#5]
2025-12-26 12:52:03,127 INFO [020_Mozart_PSon_K576_D_ii_B1-16_page_0]       StepMonitoring.java:98   | CHORDS
2025-12-26 12:52:03,152 INFO [020_Mozart_PSon_K576_D_ii_B1-16_page_0]       StepMonitoring.java:98   | CURVES
2025-12-26 12:52:03,985 INFO [020_Mozart_PSon_K576_D_ii_B1-16_page_0]         SlursBuilder.java:240  | Slurs: 10
2025-12-26 12:52:03,993 INFO [020_Mozart_PSon_K576_D_ii_B1-16_page_0]      SegmentsBuilder.java:155  | Segments: 3
2025-12-26 12:52:04,006 INFO [020_Mozart_PSon_K576_D_ii_B1-16_page_0]       StepMonitoring.java:98   | SYMBOLS
2025-12-26 12:52:04,463 INFO [020_Mozart_PSon_K576_D_ii_B1-16_page_0]       StepMonitoring.java:98   | LINKS
2025-12-26 12:52:04,531 INFO [020_Mozart_PSon_K576_D_ii_B1-16_page_0]       StepMonitoring.java:98   | RHYTHMS
2025-12-26 12:52:04,665 INFO [020_Mozart_PSon_K576_D_ii_B1-16_page_0]       StepMonitoring.java:98   | PAGE
2025-12-26 12:52:04,677 INFO [020_Mozart_PSon_K576_D_ii_B1-16_page_0]                 Book.java:2596 | Book{020_Mozart_PSon_K576_D_ii_B1-16_page_0} storing
2025-12-26 12:52:04,730 INFO [020_Mozart_PSon_K576_D_ii_B1-16_page_0]                 Book.java:2577 | Stored /book.xml
2025-12-26 12:52:04,814 INFO [020_Mozart_PSon_K576_D_ii_B1-16_page_0]           DataHolder.java:348  | Stored /sheet#1/BINARY.png
2025-12-26 12:52:05,781 INFO [020_Mozart_PSon_K576_D_ii_B1-16_page_0]                Sheet.java:1583 | Stored /sheet#1/sheet#1.xml
2025-12-26 12:52:05,782 INFO [020_Mozart_PSon_K576_D_ii_B1-16_page_0]                 Book.java:2537 | Book stored as C:\Users\Elliot\Downloads\Audiveris\scores\020_Mozart_PSon_K576_D_ii_B1-16_page_0.omr
2025-12-26 12:52:05,789 INFO [020_Mozart_PSon_K576_D_ii_B1-16_page_0]            SheetStub.java:1660 | Disposed sheet
2025-12-26 12:52:05,838 INFO [020_Mozart_PSon_K576_D_ii_B1-16_page_0]                 Book.java:2064 | End of Stub#1
2025-12-26 12:52:05,839 INFO [020_Mozart_PSon_K576_D_ii_B1-16_page_0]                 Book.java:2071 | Book processed.
2025-12-26 12:52:06,319 INFO [020_Mozart_PSon_K576_D_ii_B1-16_page_0]            SheetStub.java:997  | Loaded /sheet#1/sheet#1.xml
2025-12-26 12:52:06,831 INFO [020_Mozart_PSon_K576_D_ii_B1-16_page_0]      PartwiseBuilder.java:2688 | Exporting sheet(s): [#1]
2025-12-26 12:52:07,041 INFO [020_Mozart_PSon_K576_D_ii_B1-16_page_0]        ScoreExporter.java:164  | Score 020_Mozart_PSon_K576_D_ii_B1-16_page_0 exported to C:\Users\Elliot\Downloads\Audiveris\scores\020_Mozart_PSon_K576_D_ii_B1-16_page_0.mxl
2025-12-26 12:52:07,103 INFO [020_Mozart_PSon_K576_D_ii_B1-16_page_0]                Score.java:181  | Closing {Score 1}
