2025-12-26 12:52:09,805 INFO [021_Chopin_Ballade_No2_B1-18_page_0]                 Book.java:560  | 1 sheet in C:\Users\Elliot\Downloads\Audiveris\scores\021_Chopin_Ballade_No2_B1-18_page_0.jpg
2025-12-26 12:52:10,015 INFO []                 Book.java:2577 | Stored /book.xml
2025-12-26 12:52:10,015 INFO []                 Book.java:2537 | Book stored as C:\Users\Elliot\Downloads\Audiveris\scores\021_Chopin_Ballade_No2_B1-18_page_0.omr
2025-12-26 12:52:10,022 INFO []                 Book.java:1929 | Book reaching PAGE on sheets:[#1]
2025-12-26 12:52:10,028 INFO [021_Chopin_Ballade_No2_B1-18_page_0]       StepMonitoring.java:98   | LOAD
2025-12-26 12:52:10,177 INFO [021_Chopin_Ballade_No2_B1-18_page_0]            SheetStub.java:1273 | Loaded image #1 1653x2339 from C:\Users\Elliot\Downloads\Audiveris\scores\021_Chopin_Ballade_No2_B1-18_page_0.jpg
2025-12-26 12:52:10,182 INFO [021_Chopin_Ballade_No2_B1-18_page_0]            ImageUtil.java:124  | Converting max RGB to gray
2025-12-26 12:52:10,377 INFO [021_Chopin_Ballade_No2_B1-18_page_0]       StepMonitoring.java:98   | BINARY
2025-12-26 12:52:10,736 INFO [021_Chopin_Ballade_No2_B1-18_page_0]       StepMonitoring.java:98   | SCALE
2025-12-26 12:52:10,765 INFO [021_Chopin_Ballade_No2_B1-18_page_0]         ScaleBuilder.java:241  | Beam  guessed height:  6 -- 0.50 of 12 interline
2025-12-26 12:52:10,766 INFO [021_Chopin_Ballade_No2_B1-18_page_0]         ScaleBuilder.java:264  | Beam measured height:  8 -- 0.50 of [4..12] range at 151% of needed quorum
2025-12-26 12:52:10,767 INFO [021_Chopin_Ballade_No2_B1-18_page_0]            ScaleStep.java:65   | Scale{ interline(13,14,14) line(1,1,2) beam(8)}
2025-12-26 12:52:10,768 INFO [021_Chopin_Ballade_No2_B1-18_page_0]       StepMonitoring.java:98   | GRID
2025-12-26 12:52:11,154 INFO [021_Chopin_Ballade_No2_B1-18_page_0]       LinesRetriever.java:1500 | Global slope: 0.00000
2025-12-26 12:52:11,236 INFO [021_Chopin_Ballade_No2_B1-18_page_0]    ClustersRetriever.java:326  | Retrieved raw line clusters: 10 of sizes [5] with interline(13,14,14)
2025-12-26 12:52:11,382 INFO [021_Chopin_Ballade_No2_B1-18_page_0]            PeakGraph.java:310  | Systems: #1[1, 2] #2[3, 4] #3[5, 6] #4[7, 8] #5[9, 10]
2025-12-26 12:52:11,615 INFO [021_Chopin_Ballade_No2_B1-18_page_0]        SystemManager.java:779  | 1 part along 5 systems
2025-12-26 12:52:11,617 INFO [021_Chopin_Ballade_No2_B1-18_page_0]                 Book.java:543  | Created scores: [{Score 1}]
2025-12-26 12:52:11,617 INFO [021_Chopin_Ballade_No2_B1-18_page_0]       StepMonitoring.java:98   | HEADERS
2025-12-26 12:52:12,000 INFO []      BasicClassifier.java:286  | Classifier loaded XML norms.
2025-12-26 12:52:12,004 INFO []   AbstractClassifier.java:396  | Classifier data loaded from default uri jar:file:/C:/Users/Elliot/Downloads/Audiveris/app/audiveris.jar!/res/basic-classifier.zip
2025-12-26 12:52:12,968 INFO [021_Chopin_Ballade_No2_B1-18_page_0]       StepMonitoring.java:98   | STEM_SEEDS
2025-12-26 12:52:13,029 INFO [021_Chopin_Ballade_No2_B1-18_page_0]        StemSeedsStep.java:86   | stem(2 max:2)
2025-12-26 12:52:13,085 INFO [021_Chopin_Ballade_No2_B1-18_page_0]       StepMonitoring.java:98   | BEAMS
2025-12-26 12:52:14,834 INFO [021_Chopin_Ballade_No2_B1-18_page_0]       StepMonitoring.java:98   | LEDGERS
2025-12-26 12:52:15,019 INFO [021_Chopin_Ballade_No2_B1-18_page_0]       StepMonitoring.java:98   | HEADS
2025-12-26 12:52:18,118 INFO [021_Chopin_Ballade_No2_B1-18_page_0]        HeadSeedTally.java:235  | Scale information: HeadSeeds{NOTEHEAD_BLACK[L:-0.0,R:0.4]}
2025-12-26 12:52:18,120 INFO [021_Chopin_Ballade_No2_B1-18_page_0]       StepMonitoring.java:98   | STEMS
2025-12-26 12:52:19,270 INFO [021_Chopin_Ballade_No2_B1-18_page_0]       StepMonitoring.java:98   | REDUCTION
2025-12-26 12:52:19,588 INFO [021_Chopin_Ballade_No2_B1-18_page_0]        ReductionStep.java:105  | Stems free length median value: 49 pixels, 3.5 interlines
2025-12-26 12:52:19,597 INFO [021_Chopin_Ballade_No2_B1-18_page_0]       StepMonitoring.java:98   | CUE_BEAMS
2025-12-26 12:52:19,598 INFO [021_Chopin_Ballade_No2_B1-18_page_0]         CueBeamsStep.java:81   | Step CUE_BEAMS is skipped because small heads switch is off
2025-12-26 12:52:19,599 INFO [021_Chopin_Ballade_No2_B1-18_page_0]       StepMonitoring.java:98   | TEXTS
2025-12-26 12:52:19,718 WARN [021_Chopin_Ballade_No2_B1-18_page_0]         TesseractOCR.java:335  | The collection of supported languages is empty
2025-12-26 12:52:19,719 INFO [021_Chopin_Ballade_No2_B1-18_page_0]              OcrUtil.java:106  | Missing support for 'eng' language(s)
2025-12-26 12:52:19,734 INFO [021_Chopin_Ballade_No2_B1-18_page_0]       StepMonitoring.java:98   | MEASURES
2025-12-26 12:52:19,751 INFO [021_Chopin_Ballade_No2_B1-18_page_0]                 Page.java:307  | 20 raw measures: [4 in system#1, 4 in system#2, 4 in system#3, 4 in system#4, 4 in system#5]
2025-12-26 12:52:19,752 INFO [021_Chopin_Ballade_No2_B1-18_page_0]       StepMonitoring.java:98   | CHORDS
2025-12-26 12:52:19,785 INFO [021_Chopin_Ballade_No2_B1-18_page_0]       StepMonitoring.java:98   | CURVES
2025-12-26 12:52:20,592 INFO [021_Chopin_Ballade_No2_B1-18_page_0]         SlursBuilder.java:240  | Slurs: 4
2025-12-26 12:52:20,609 INFO [021_Chopin_Ballade_No2_B1-18_page_0]      SegmentsBuilder.java:155  | Segments: 6
2025-12-26 12:52:20,614 INFO [021_Chopin_Ballade_No2_B1-18_page_0]       StepMonitoring.java:98   | SYMBOLS
2025-12-26 12:52:20,938 INFO [021_Chopin_Ballade_No2_B1-18_page_0]       StepMonitoring.java:98   | LINKS
2025-12-26 12:52:20,993 INFO [021_Chopin_Ballade_No2_B1-18_page_0]       StepMonitoring.java:98   | RHYTHMS
2025-12-26 12:52:21,034 INFO [021_Chopin_Ballade_No2_B1-18_page_0]                Voice.java:257  | Measure{#3} Voice{#1 excess:1/8} too long
2025-12-26 12:52:21,036 INFO [021_Chopin_Ballade_No2_B1-18_page_0]          StackRhythm.java:224  | S1 MeasureStack#3 no correct rhythm
2025-12-26 12:52:21,106 INFO [021_Chopin_Ballade_No2_B1-18_page_0]       StepMonitoring.java:98   | PAGE
2025-12-26 12:52:21,113 INFO [021_Chopin_Ballade_No2_B1-18_page_0]                Voice.java:257  | Measure{#3} Voice{#1 excess:1/8} too long
2025-12-26 12:52:21,119 INFO [021_Chopin_Ballade_No2_B1-18_page_0]                 Book.java:2596 | Book{021_Chopin_Ballade_No2_B1-18_page_0} storing
2025-12-26 12:52:21,173 INFO [021_Chopin_Ballade_No2_B1-18_page_0]                 Book.java:2577 | Stored /book.xml
2025-12-26 12:52:21,264 INFO [021_Chopin_Ballade_No2_B1-18_page_0]           DataHolder.java:348  | Stored /sheet#1/BINARY.png
2025-12-26 12:52:22,021 INFO [021_Chopin_Ballade_No2_B1-18_page_0]                Sheet.java:1583 | Stored /sheet#1/sheet#1.xml
2025-12-26 12:52:22,022 INFO [021_Chopin_Ballade_No2_B1-18_page_0]                 Book.java:2537 | Book stored as C:\Users\Elliot\Downloads\Audiveris\scores\021_Chopin_Ballade_No2_B1-18_page_0.omr
2025-12-26 12:52:22,026 INFO [021_Chopin_Ballade_No2_B1-18_page_0]            SheetStub.java:1660 | Disposed sheet
2025-12-26 12:52:22,062 INFO [021_Chopin_Ballade_No2_B1-18_page_0]                 Book.java:2064 | End of Stub#1
2025-12-26 12:52:22,064 INFO [021_Chopin_Ballade_No2_B1-18_page_0]                 Book.java:2071 | Book processed.
2025-12-26 12:52:22,448 INFO [021_Chopin_Ballade_No2_B1-18_page_0]            SheetStub.java:997  | Loaded /sheet#1/sheet#1.xml
2025-12-26 12:52:23,038 INFO [021_Chopin_Ballade_No2_B1-18_page_0]      PartwiseBuilder.java:2688 | Exporting sheet(s): [#1]
2025-12-26 12:52:23,195 INFO [021_Chopin_Ballade_No2_B1-18_page_0]        ScoreExporter.java:164  | Score 021_Chopin_Ballade_No2_B1-18_page_0 exported to C:\Users\Elliot\Downloads\Audiveris\scores\021_Chopin_Ballade_No2_B1-18_page_0.mxl
2025-12-26 12:52:23,242 INFO [021_Chopin_Ballade_No2_B1-18_page_0]                Score.java:181  | Closing {Score 1}
