2025-12-26 12:52:46,993 INFO [024_Chopin_Mazurka_Op7-1_B1-24_page_0]                 Book.java:560  | 1 sheet in C:\Users\Elliot\Downloads\Audiveris\scores\024_Chopin_Mazurka_Op7-1_B1-24_page_0.jpg
2025-12-26 12:52:47,135 INFO []                 Book.java:2577 | Stored /book.xml
2025-12-26 12:52:47,135 INFO []                 Book.java:2537 | Book stored as C:\Users\Elliot\Downloads\Audiveris\scores\024_Chopin_Mazurka_Op7-1_B1-24_page_0.omr
2025-12-26 12:52:47,141 INFO []                 Book.java:1929 | Book reaching PAGE on sheets:[#1]
2025-12-26 12:52:47,143 INFO [024_Chopin_Mazurka_Op7-1_B1-24_page_0]       StepMonitoring.java:98   | LOAD
2025-12-26 12:52:47,278 INFO [024_Chopin_Mazurka_Op7-1_B1-24_page_0]            SheetStub.java:1273 | Loaded image #1 1653x2339 from C:\Users\Elliot\Downloads\Audiveris\scores\024_Chopin_Mazurka_Op7-1_B1-24_page_0.jpg
2025-12-26 12:52:47,281 INFO [024_Chopin_Mazurka_Op7-1_B1-24_page_0]            ImageUtil.java:124  | Converting max RGB to gray
2025-12-26 12:52:47,431 INFO [024_Chopin_Mazurka_Op7-1_B1-24_page_0]       StepMonitoring.java:98   | BINARY
2025-12-26 12:52:47,844 INFO [024_Chopin_Mazurka_Op7-1_B1-24_page_0]       StepMonitoring.java:98   | SCALE
2025-12-26 12:52:47,888 INFO [024_Chopin_Mazurka_Op7-1_B1-24_page_0]         ScaleBuilder.java:241  | Beam  guessed height:  5 -- 0.50 of 10 interline
2025-12-26 12:52:47,889 INFO [024_Chopin_Mazurka_Op7-1_B1-24_page_0]         ScaleBuilder.java:264  | Beam measured height:  7 -- 0.57 of [3..10] range at 310% of needed quorum
2025-12-26 12:52:47,890 INFO [024_Chopin_Mazurka_Op7-1_B1-24_page_0]            ScaleStep.java:65   | Scale{ interline(11,12,12) line(1,1,3) beam(7)}
2025-12-26 12:52:47,892 INFO [024_Chopin_Mazurka_Op7-1_B1-24_page_0]       StepMonitoring.java:98   | GRID
2025-12-26 12:52:48,336 INFO [024_Chopin_Mazurka_Op7-1_B1-24_page_0]       LinesRetriever.java:1500 | Global slope: 0.00000
2025-12-26 12:52:48,425 INFO [024_Chopin_Mazurka_Op7-1_B1-24_page_0]    ClustersRetriever.java:326  | Retrieved raw line clusters: 12 of sizes [5] with interline(11,12,12)
2025-12-26 12:52:48,656 INFO [024_Chopin_Mazurka_Op7-1_B1-24_page_0]            PeakGraph.java:310  | Systems: #1[1, 2] #2[3, 4] #3[5, 6] #4[7, 8] #5[9, 10] #6[11, 12]
2025-12-26 12:52:49,017 INFO [024_Chopin_Mazurka_Op7-1_B1-24_page_0]        SystemManager.java:134  | Indentation detected for system #1
2025-12-26 12:52:49,018 INFO [024_Chopin_Mazurka_Op7-1_B1-24_page_0]        SystemManager.java:779  | 1 part along 6 systems
2025-12-26 12:52:49,019 INFO [024_Chopin_Mazurka_Op7-1_B1-24_page_0]                 Book.java:543  | Created scores: [{Score 1}]
2025-12-26 12:52:49,020 INFO [024_Chopin_Mazurka_Op7-1_B1-24_page_0]       StepMonitoring.java:98   | HEADERS
2025-12-26 12:52:49,395 INFO [024_Chopin_Mazurka_Op7-1_B1-24_page_0]      BasicClassifier.java:286  | Classifier loaded XML norms.
2025-12-26 12:52:49,399 INFO [024_Chopin_Mazurka_Op7-1_B1-24_page_0]   AbstractClassifier.java:396  | Classifier data loaded from default uri jar:file:/C:/Users/Elliot/Downloads/Audiveris/app/audiveris.jar!/res/basic-classifier.zip
2025-12-26 12:52:50,703 INFO [024_Chopin_Mazurka_Op7-1_B1-24_page_0]       StepMonitoring.java:98   | STEM_SEEDS
2025-12-26 12:52:50,759 INFO [024_Chopin_Mazurka_Op7-1_B1-24_page_0]        StemSeedsStep.java:86   | stem(1 max:2)
2025-12-26 12:52:50,819 INFO [024_Chopin_Mazurka_Op7-1_B1-24_page_0]       StepMonitoring.java:98   | BEAMS
2025-12-26 12:52:52,499 INFO [024_Chopin_Mazurka_Op7-1_B1-24_page_0]       StepMonitoring.java:98   | LEDGERS
2025-12-26 12:52:52,759 INFO [024_Chopin_Mazurka_Op7-1_B1-24_page_0]       StepMonitoring.java:98   | HEADS
2025-12-26 12:52:55,151 INFO [024_Chopin_Mazurka_Op7-1_B1-24_page_0]        HeadSeedTally.java:235  | Scale information: HeadSeeds{NOTEHEAD_VOID[R:0.3] NOTEHEAD_BLACK[L:-0.3,R:0.5]}
2025-12-26 12:52:55,154 INFO [024_Chopin_Mazurka_Op7-1_B1-24_page_0]       StepMonitoring.java:98   | STEMS
2025-12-26 12:52:56,096 INFO [024_Chopin_Mazurka_Op7-1_B1-24_page_0]       StepMonitoring.java:98   | REDUCTION
2025-12-26 12:52:56,377 INFO [024_Chopin_Mazurka_Op7-1_B1-24_page_0]        ReductionStep.java:105  | Stems free length median value: 41 pixels, 3.4 interlines
2025-12-26 12:52:56,387 INFO [024_Chopin_Mazurka_Op7-1_B1-24_page_0]       StepMonitoring.java:98   | CUE_BEAMS
2025-12-26 12:52:56,389 INFO [024_Chopin_Mazurka_Op7-1_B1-24_page_0]         CueBeamsStep.java:81   | Step CUE_BEAMS is skipped because small heads switch is off
2025-12-26 12:52:56,389 INFO [024_Chopin_Mazurka_Op7-1_B1-24_page_0]       StepMonitoring.java:98   | TEXTS
2025-12-26 12:52:56,495 WARN [024_Chopin_Mazurka_Op7-1_B1-24_page_0]         TesseractOCR.java:335  | The collection of supported languages is empty
2025-12-26 12:52:56,496 INFO [024_Chopin_Mazurka_Op7-1_B1-24_page_0]              OcrUtil.java:106  | Missing support for 'eng' language(s)
2025-12-26 12:52:56,510 INFO [024_Chopin_Mazurka_Op7-1_B1-24_page_0]       StepMonitoring.java:98   | MEASURES
2025-12-26 12:52:56,523 INFO [024_Chopin_Mazurka_Op7-1_B1-24_page_0]                 Page.java:307  | 24 raw measures: [4 in system#1, 4 in system#2, 4 in system#3, 4 in system#4, 4 in system#5, 4 in system#6]
2025-12-26 12:52:56,524 INFO [024_Chopin_Mazurka_Op7-1_B1-24_page_0]       StepMonitoring.java:98   | CHORDS
2025-12-26 12:52:56,556 INFO [024_Chopin_Mazurka_Op7-1_B1-24_page_0]       StepMonitoring.java:98   | CURVES
2025-12-26 12:52:57,432 INFO [024_Chopin_Mazurka_Op7-1_B1-24_page_0]         SlursBuilder.java:240  | Slurs: 27
2025-12-26 12:52:57,547 INFO [024_Chopin_Mazurka_Op7-1_B1-24_page_0]      SegmentsBuilder.java:155  | Segments: 28
2025-12-26 12:52:57,562 INFO [024_Chopin_Mazurka_Op7-1_B1-24_page_0]       StepMonitoring.java:98   | SYMBOLS
2025-12-26 12:52:58,792 INFO [024_Chopin_Mazurka_Op7-1_B1-24_page_0]       StepMonitoring.java:98   | LINKS
2025-12-26 12:52:58,920 INFO [024_Chopin_Mazurka_Op7-1_B1-24_page_0]       StepMonitoring.java:98   | RHYTHMS
2025-12-26 12:52:58,977 INFO [024_Chopin_Mazurka_Op7-1_B1-24_page_0]        MeasureRhythm.java:1045 | Measure{#9} No timeOffset for RestChordInter#7870{(0.792/0.792) staff:5 slot#3 dur:3/32}
2025-12-26 12:52:58,978 INFO [024_Chopin_Mazurka_Op7-1_B1-24_page_0]   AbstractChordInter.java:627  | Measure{#9} No timeOffset for RestChordInter#7870{(0.792/0.792) staff:5 slot#3 dur:3/32}
2025-12-26 12:52:58,978 INFO [024_Chopin_Mazurka_Op7-1_B1-24_page_0]   AbstractChordInter.java:627  | Measure{#9} No timeOffset for HeadChordInter#6022{(0.846/0.846) staff:5 slot#5 dur:1/2}
2025-12-26 12:52:58,979 INFO [024_Chopin_Mazurka_Op7-1_B1-24_page_0]          StackRhythm.java:224  | S3 MeasureStack#9 no correct rhythm
2025-12-26 12:52:58,987 INFO [024_Chopin_Mazurka_Op7-1_B1-24_page_0]        MeasureRhythm.java:1045 | Measure{#11} No timeOffset for HeadChordInter#6031{(0.947/0.947) staff:5 slot#6 dur:1/4}
2025-12-26 12:52:58,988 INFO [024_Chopin_Mazurka_Op7-1_B1-24_page_0]        MeasureRhythm.java:1045 | Measure{#11} No timeOffset for HeadChordInter#6048{(0.964/0.964) staff:6 slot#6 dur:1/4}
2025-12-26 12:52:58,989 INFO [024_Chopin_Mazurka_Op7-1_B1-24_page_0]   AbstractChordInter.java:627  | Measure{#11} No timeOffset for HeadChordInter#6031{(0.947/0.947) staff:5 slot#6 dur:1/4}
2025-12-26 12:52:58,990 INFO [024_Chopin_Mazurka_Op7-1_B1-24_page_0]   AbstractChordInter.java:627  | Measure{#11} No timeOffset for HeadChordInter#6048{(0.964/0.964) staff:6 slot#6 dur:1/4}
2025-12-26 12:52:58,990 INFO [024_Chopin_Mazurka_Op7-1_B1-24_page_0]   AbstractChordInter.java:627  | Measure{#11} No timeOffset for HeadChordInter#6032{(0.958/0.958) staff:5 slot#7 dur:1/4}
2025-12-26 12:52:58,991 INFO [024_Chopin_Mazurka_Op7-1_B1-24_page_0]   AbstractChordInter.java:627  | Measure{#11} No timeOffset for HeadChordInter#6048{(0.964/0.964) staff:6 slot#6 dur:1/4}
2025-12-26 12:52:58,991 INFO [024_Chopin_Mazurka_Op7-1_B1-24_page_0]   AbstractChordInter.java:627  | Measure{#11} No timeOffset for HeadChordInter#6033{(0.947/0.947) staff:5 slot#8 dur:1/4}
2025-12-26 12:52:58,992 INFO [024_Chopin_Mazurka_Op7-1_B1-24_page_0]   AbstractChordInter.java:627  | Measure{#11} No timeOffset for HeadChordInter#6048{(0.964/0.964) staff:6 slot#6 dur:1/4}
2025-12-26 12:52:58,993 INFO [024_Chopin_Mazurka_Op7-1_B1-24_page_0]                Voice.java:257  | Measure{#11} Voice{#1 excess:1/16} too long
2025-12-26 12:52:58,993 INFO [024_Chopin_Mazurka_Op7-1_B1-24_page_0]                Voice.java:257  | Measure{#11} Voice{#6 excess:1/16} too long
2025-12-26 12:52:58,994 INFO [024_Chopin_Mazurka_Op7-1_B1-24_page_0]          StackRhythm.java:224  | S3 MeasureStack#11 no correct rhythm
2025-12-26 12:52:59,010 INFO [024_Chopin_Mazurka_Op7-1_B1-24_page_0]        MeasureRhythm.java:1045 | Measure{#17} No timeOffset for RestChordInter#8281{(0.791/0.791) staff:9 slot#3 dur:3/32}
2025-12-26 12:52:59,011 INFO [024_Chopin_Mazurka_Op7-1_B1-24_page_0]   AbstractChordInter.java:627  | Measure{#17} No timeOffset for RestChordInter#8281{(0.791/0.791) staff:9 slot#3 dur:3/32}
2025-12-26 12:52:59,012 INFO [024_Chopin_Mazurka_Op7-1_B1-24_page_0]   AbstractChordInter.java:627  | Measure{#17} No timeOffset for HeadChordInter#6085{(0.832/0.832) staff:9 slot#5 dur:1/2}
2025-12-26 12:52:59,013 INFO [024_Chopin_Mazurka_Op7-1_B1-24_page_0]          StackRhythm.java:224  | S5 MeasureStack#17 no correct rhythm
2025-12-26 12:52:59,016 INFO [024_Chopin_Mazurka_Op7-1_B1-24_page_0]        MeasureRhythm.java:1045 | Measure{#19} No timeOffset for HeadChordInter#6092{(0.964/0.964) staff:9 slot#5 dur:1/4}
2025-12-26 12:52:59,017 INFO [024_Chopin_Mazurka_Op7-1_B1-24_page_0]   AbstractChordInter.java:627  | Measure{#19} No timeOffset for HeadChordInter#6092{(0.964/0.964) staff:9 slot#5 dur:1/4}
2025-12-26 12:52:59,018 INFO [024_Chopin_Mazurka_Op7-1_B1-24_page_0]        MeasureRhythm.java:1045 | Measure{#19} No timeOffset for HeadChordInter#6111{(0.965/0.965) staff:10 slot#6 dur:1/4}
2025-12-26 12:52:59,019 INFO [024_Chopin_Mazurka_Op7-1_B1-24_page_0]   AbstractChordInter.java:627  | Measure{#19} No timeOffset for HeadChordInter#6093{(0.965/0.965) staff:9 slot#6 dur:3/8}
2025-12-26 12:52:59,019 INFO [024_Chopin_Mazurka_Op7-1_B1-24_page_0]   AbstractChordInter.java:627  | Measure{#19} No timeOffset for HeadChordInter#6111{(0.965/0.965) staff:10 slot#6 dur:1/4}
2025-12-26 12:52:59,020 INFO [024_Chopin_Mazurka_Op7-1_B1-24_page_0]                Voice.java:257  | Measure{#19} Voice{#1 excess:1/16} too long
2025-12-26 12:52:59,020 INFO [024_Chopin_Mazurka_Op7-1_B1-24_page_0]                Voice.java:257  | Measure{#19} Voice{#6 excess:1/16} too long
2025-12-26 12:52:59,020 INFO [024_Chopin_Mazurka_Op7-1_B1-24_page_0]          StackRhythm.java:224  | S5 MeasureStack#19 no correct rhythm
2025-12-26 12:52:59,023 INFO [024_Chopin_Mazurka_Op7-1_B1-24_page_0]        MeasureRhythm.java:1045 | Measure{#20} No timeOffset for HeadChordInter#6102{(0.937/0.937) staff:9 slot#9 dur:1/4}
2025-12-26 12:52:59,023 INFO [024_Chopin_Mazurka_Op7-1_B1-24_page_0]        MeasureRhythm.java:1045 | Measure{#20} No timeOffset for HeadChordInter#6114{(0.966/0.966) staff:10 slot#9 dur:1/4}
2025-12-26 12:52:59,024 INFO [024_Chopin_Mazurka_Op7-1_B1-24_page_0]          StackRhythm.java:224  | S5 MeasureStack#20 no correct rhythm
2025-12-26 12:52:59,040 INFO [024_Chopin_Mazurka_Op7-1_B1-24_page_0]       StepMonitoring.java:98   | PAGE
2025-12-26 12:52:59,047 INFO [024_Chopin_Mazurka_Op7-1_B1-24_page_0]                Voice.java:257  | Measure{#11} Voice{#1 excess:1/16} too long
2025-12-26 12:52:59,047 INFO [024_Chopin_Mazurka_Op7-1_B1-24_page_0]                Voice.java:257  | Measure{#11} Voice{#6 excess:1/16} too long
2025-12-26 12:52:59,048 INFO [024_Chopin_Mazurka_Op7-1_B1-24_page_0]                Voice.java:257  | Measure{#19} Voice{#1 excess:1/16} too long
2025-12-26 12:52:59,048 INFO [024_Chopin_Mazurka_Op7-1_B1-24_page_0]                Voice.java:257  | Measure{#19} Voice{#6 excess:1/16} too long
2025-12-26 12:52:59,054 INFO [024_Chopin_Mazurka_Op7-1_B1-24_page_0]                 Book.java:2596 | Book{024_Chopin_Mazurka_Op7-1_B1-24_page_0} storing
2025-12-26 12:52:59,101 INFO [024_Chopin_Mazurka_Op7-1_B1-24_page_0]                 Book.java:2577 | Stored /book.xml
2025-12-26 12:52:59,214 INFO [024_Chopin_Mazurka_Op7-1_B1-24_page_0]           DataHolder.java:348  | Stored /sheet#1/BINARY.png
2025-12-26 12:53:00,238 INFO [024_Chopin_Mazurka_Op7-1_B1-24_page_0]                Sheet.java:1583 | Stored /sheet#1/sheet#1.xml
2025-12-26 12:53:00,239 INFO [024_Chopin_Mazurka_Op7-1_B1-24_page_0]                 Book.java:2537 | Book stored as C:\Users\Elliot\Downloads\Audiveris\scores\024_Chopin_Mazurka_Op7-1_B1-24_page_0.omr
2025-12-26 12:53:00,243 INFO [024_Chopin_Mazurka_Op7-1_B1-24_page_0]            SheetStub.java:1660 | Disposed sheet
2025-12-26 12:53:00,291 INFO [024_Chopin_Mazurka_Op7-1_B1-24_page_0]                 Book.java:2064 | End of Stub#1
2025-12-26 12:53:00,293 INFO [024_Chopin_Mazurka_Op7-1_B1-24_page_0]                 Book.java:2071 | Book processed.
2025-12-26 12:53:00,802 INFO [024_Chopin_Mazurka_Op7-1_B1-24_page_0]            SheetStub.java:997  | Loaded /sheet#1/sheet#1.xml
2025-12-26 12:53:01,433 INFO [024_Chopin_Mazurka_Op7-1_B1-24_page_0]      PartwiseBuilder.java:2688 | Exporting sheet(s): [#1]
2025-12-26 12:53:01,646 INFO [024_Chopin_Mazurka_Op7-1_B1-24_page_0]        ScoreExporter.java:164  | Score 024_Chopin_Mazurka_Op7-1_B1-24_page_0 exported to C:\Users\Elliot\Downloads\Audiveris\scores\024_Chopin_Mazurka_Op7-1_B1-24_page_0.mxl
2025-12-26 12:53:01,689 INFO [024_Chopin_Mazurka_Op7-1_B1-24_page_0]                Score.java:181  | Closing {Score 1}
