2025-12-26 12:53:04,254 INFO [025_Chopin_Waltz_Op64-1_B1-36_page_0]                 Book.java:560  | 1 sheet in C:\Users\Elliot\Downloads\Audiveris\scores\025_Chopin_Waltz_Op64-1_B1-36_page_0.jpg
2025-12-26 12:53:04,482 INFO []                 Book.java:2577 | Stored /book.xml
2025-12-26 12:53:04,483 INFO []                 Book.java:2537 | Book stored as C:\Users\Elliot\Downloads\Audiveris\scores\025_Chopin_Waltz_Op64-1_B1-36_page_0.omr
2025-12-26 12:53:04,491 INFO []                 Book.java:1929 | Book reaching PAGE on sheets:[#1]
2025-12-26 12:53:04,493 INFO [025_Chopin_Waltz_Op64-1_B1-36_page_0]       StepMonitoring.java:98   | LOAD
2025-12-26 12:53:04,698 INFO [025_Chopin_Waltz_Op64-1_B1-36_page_0]            SheetStub.java:1273 | Loaded image #1 1653x2339 from C:\Users\Elliot\Downloads\Audiveris\scores\025_Chopin_Waltz_Op64-1_B1-36_page_0.jpg
2025-12-26 12:53:04,702 INFO [025_Chopin_Waltz_Op64-1_B1-36_page_0]            ImageUtil.java:124  | Converting max RGB to gray
2025-12-26 12:53:04,842 INFO [025_Chopin_Waltz_Op64-1_B1-36_page_0]       StepMonitoring.java:98   | BINARY
2025-12-26 12:53:05,183 INFO [025_Chopin_Waltz_Op64-1_B1-36_page_0]       StepMonitoring.java:98   | SCALE
2025-12-26 12:53:05,223 INFO [025_Chopin_Waltz_Op64-1_B1-36_page_0]         ScaleBuilder.java:241  | Beam  guessed height:  5 -- 0.50 of 10 interline
2025-12-26 12:53:05,224 INFO [025_Chopin_Waltz_Op64-1_B1-36_page_0]         ScaleBuilder.java:264  | Beam measured height:  6 -- 0.43 of [3..10] range at 334% of needed quorum
2025-12-26 12:53:05,226 INFO [025_Chopin_Waltz_Op64-1_B1-36_page_0]            ScaleStep.java:65   | Scale{ interline(11,12,12) line(1,1,3) beam(6)}
2025-12-26 12:53:05,227 INFO [025_Chopin_Waltz_Op64-1_B1-36_page_0]       StepMonitoring.java:98   | GRID
2025-12-26 12:53:05,867 INFO [025_Chopin_Waltz_Op64-1_B1-36_page_0]       LinesRetriever.java:1500 | Global slope: 0.00000
2025-12-26 12:53:05,971 INFO [025_Chopin_Waltz_Op64-1_B1-36_page_0]    ClustersRetriever.java:326  | Retrieved raw line clusters: 14 of sizes [5] with interline(11,12,12)
2025-12-26 12:53:06,334 INFO [025_Chopin_Waltz_Op64-1_B1-36_page_0]            PeakGraph.java:310  | Systems: #1[1, 2] #2[3, 4] #3[5, 6] #4[7, 8] #5[9, 10] #6[11, 12] #7[13, 14]
2025-12-26 12:53:06,773 INFO [025_Chopin_Waltz_Op64-1_B1-36_page_0]        SystemManager.java:779  | 1 part along 7 systems
2025-12-26 12:53:06,775 INFO [025_Chopin_Waltz_Op64-1_B1-36_page_0]                 Book.java:543  | Created scores: [{Score 1}]
2025-12-26 12:53:06,776 INFO [025_Chopin_Waltz_Op64-1_B1-36_page_0]       StepMonitoring.java:98   | HEADERS
2025-12-26 12:53:07,200 INFO [025_Chopin_Waltz_Op64-1_B1-36_page_0]      BasicClassifier.java:286  | Classifier loaded XML norms.
2025-12-26 12:53:07,205 INFO [025_Chopin_Waltz_Op64-1_B1-36_page_0]   AbstractClassifier.java:396  | Classifier data loaded from default uri jar:file:/C:/Users/Elliot/Downloads/Audiveris/app/audiveris.jar!/res/basic-classifier.zip
2025-12-26 12:53:08,655 INFO [025_Chopin_Waltz_Op64-1_B1-36_page_0]       StepMonitoring.java:98   | STEM_SEEDS
2025-12-26 12:53:08,741 INFO [025_Chopin_Waltz_Op64-1_B1-36_page_0]        StemSeedsStep.java:86   | stem(1 max:2)
2025-12-26 12:53:08,842 INFO [025_Chopin_Waltz_Op64-1_B1-36_page_0]       StepMonitoring.java:98   | BEAMS
2025-12-26 12:53:10,120 INFO [025_Chopin_Waltz_Op64-1_B1-36_page_0]       StepMonitoring.java:98   | LEDGERS
2025-12-26 12:53:10,388 INFO [025_Chopin_Waltz_Op64-1_B1-36_page_0]       StepMonitoring.java:98   | HEADS
2025-12-26 12:53:13,420 INFO [025_Chopin_Waltz_Op64-1_B1-36_page_0]        HeadSeedTally.java:235  | Scale information: HeadSeeds{NOTEHEAD_BLACK[L:-0.2,R:0.5]}
2025-12-26 12:53:13,420 INFO [025_Chopin_Waltz_Op64-1_B1-36_page_0]       StepMonitoring.java:98   | STEMS
2025-12-26 12:53:14,715 INFO [025_Chopin_Waltz_Op64-1_B1-36_page_0]       StepMonitoring.java:98   | REDUCTION
2025-12-26 12:53:15,002 INFO [025_Chopin_Waltz_Op64-1_B1-36_page_0]        ReductionStep.java:105  | Stems free length median value: 42 pixels, 3.5 interlines
2025-12-26 12:53:15,013 INFO [025_Chopin_Waltz_Op64-1_B1-36_page_0]       StepMonitoring.java:98   | CUE_BEAMS
2025-12-26 12:53:15,014 INFO [025_Chopin_Waltz_Op64-1_B1-36_page_0]         CueBeamsStep.java:81   | Step CUE_BEAMS is skipped because small heads switch is off
2025-12-26 12:53:15,014 INFO [025_Chopin_Waltz_Op64-1_B1-36_page_0]       StepMonitoring.java:98   | TEXTS
2025-12-26 12:53:15,131 WARN [025_Chopin_Waltz_Op64-1_B1-36_page_0]         TesseractOCR.java:335  | The collection of supported languages is empty
2025-12-26 12:53:15,131 INFO [025_Chopin_Waltz_Op64-1_B1-36_page_0]              OcrUtil.java:106  | Missing support for 'eng' language(s)
2025-12-26 12:53:15,145 INFO [025_Chopin_Waltz_Op64-1_B1-36_page_0]       StepMonitoring.java:98   | MEASURES
2025-12-26 12:53:15,160 INFO [025_Chopin_Waltz_Op64-1_B1-36_page_0]                 Page.java:307  | 36 raw measures: [5 in system#1, 5 in system#2, 5 in system#3, 5 in system#4, 5 in system#5, 5 in system#6, 6 in system#7]
2025-12-26 12:53:15,160 INFO [025_Chopin_Waltz_Op64-1_B1-36_page_0]       StepMonitoring.java:98   | CHORDS
2025-12-26 12:53:15,195 INFO [025_Chopin_Waltz_Op64-1_B1-36_page_0]       StepMonitoring.java:98   | CURVES
2025-12-26 12:53:16,340 INFO [025_Chopin_Waltz_Op64-1_B1-36_page_0]         SlursBuilder.java:240  | Slurs: 17
2025-12-26 12:53:16,441 INFO [025_Chopin_Waltz_Op64-1_B1-36_page_0]      SegmentsBuilder.java:155  | Segments: 29
2025-12-26 12:53:16,468 INFO [025_Chopin_Waltz_Op64-1_B1-36_page_0]       StepMonitoring.java:98   | SYMBOLS
2025-12-26 12:53:17,119 INFO [025_Chopin_Waltz_Op64-1_B1-36_page_0]       StepMonitoring.java:98   | LINKS
2025-12-26 12:53:17,248 INFO [025_Chopin_Waltz_Op64-1_B1-36_page_0]       StepMonitoring.java:98   | RHYTHMS
2025-12-26 12:53:17,309 INFO [025_Chopin_Waltz_Op64-1_B1-36_page_0]                Voice.java:257  | Measure{#10} Voice{#1 excess:1/16} too long
2025-12-26 12:53:17,310 INFO [025_Chopin_Waltz_Op64-1_B1-36_page_0]                Voice.java:257  | Measure{#10} Voice{#6 excess:1/16} too long
2025-12-26 12:53:17,311 INFO [025_Chopin_Waltz_Op64-1_B1-36_page_0]          StackRhythm.java:224  | S2 MeasureStack#10 no correct rhythm
2025-12-26 12:53:17,328 INFO [025_Chopin_Waltz_Op64-1_B1-36_page_0]                Voice.java:257  | Measure{#17} Voice{#1 excess:1/4} too long
2025-12-26 12:53:17,328 INFO [025_Chopin_Waltz_Op64-1_B1-36_page_0]                Voice.java:257  | Measure{#17} Voice{#2 excess:1/4} too long
2025-12-26 12:53:17,328 INFO [025_Chopin_Waltz_Op64-1_B1-36_page_0]          StackRhythm.java:224  | S4 MeasureStack#17 no correct rhythm
2025-12-26 12:53:17,363 INFO [025_Chopin_Waltz_Op64-1_B1-36_page_0]       StepMonitoring.java:98   | PAGE
2025-12-26 12:53:17,372 INFO [025_Chopin_Waltz_Op64-1_B1-36_page_0]                Voice.java:257  | Measure{#10} Voice{#1 excess:1/16} too long
2025-12-26 12:53:17,373 INFO [025_Chopin_Waltz_Op64-1_B1-36_page_0]                Voice.java:257  | Measure{#10} Voice{#6 excess:1/16} too long
2025-12-26 12:53:17,373 INFO [025_Chopin_Waltz_Op64-1_B1-36_page_0]                Voice.java:257  | Measure{#17} Voice{#1 excess:1/4} too long
2025-12-26 12:53:17,375 INFO [025_Chopin_Waltz_Op64-1_B1-36_page_0]                Voice.java:257  | Measure{#17} Voice{#2 excess:1/4} too long
2025-12-26 12:53:17,381 INFO [025_Chopin_Waltz_Op64-1_B1-36_page_0]                 Book.java:2596 | Book{025_Chopin_Waltz_Op64-1_B1-36_page_0} storing
2025-12-26 12:53:17,439 INFO [025_Chopin_Waltz_Op64-1_B1-36_page_0]                 Book.java:2577 | Stored /book.xml
2025-12-26 12:53:17,535 INFO [025_Chopin_Waltz_Op64-1_B1-36_page_0]           DataHolder.java:348  | Stored /sheet#1/BINARY.png
2025-12-26 12:53:18,848 INFO [025_Chopin_Waltz_Op64-1_B1-36_page_0]                Sheet.java:1583 | Stored /sheet#1/sheet#1.xml
2025-12-26 12:53:18,849 INFO [025_Chopin_Waltz_Op64-1_B1-36_page_0]                 Book.java:2537 | Book stored as C:\Users\Elliot\Downloads\Audiveris\scores\025_Chopin_Waltz_Op64-1_B1-36_page_0.omr
2025-12-26 12:53:18,853 INFO [025_Chopin_Waltz_Op64-1_B1-36_page_0]            SheetStub.java:1660 | Disposed sheet
2025-12-26 12:53:18,900 INFO [025_Chopin_Waltz_Op64-1_B1-36_page_0]                 Book.java:2064 | End of Stub#1
2025-12-26 12:53:18,901 INFO [025_Chopin_Waltz_Op64-1_B1-36_page_0]                 Book.java:2071 | Book processed.
2025-12-26 12:53:19,457 INFO [025_Chopin_Waltz_Op64-1_B1-36_page_0]            SheetStub.java:997  | Loaded /sheet#1/sheet#1.xml
2025-12-26 12:53:20,002 INFO [025_Chopin_Waltz_Op64-1_B1-36_page_0]      PartwiseBuilder.java:2688 | Exporting sheet(s): [#1]
2025-12-26 12:53:20,164 INFO [025_Chopin_Waltz_Op64-1_B1-36_page_0]        ScoreExporter.java:164  | Score 025_Chopin_Waltz_Op64-1_B1-36_page_0 exported to C:\Users\Elliot\Downloads\Audiveris\scores\025_Chopin_Waltz_Op64-1_B1-36_page_0.mxl
2025-12-26 12:53:20,228 INFO [025_Chopin_Waltz_Op64-1_B1-36_page_0]                Score.java:181  | Closing {Score 1}
