2025-12-26 12:53:22,860 INFO [026_Chopin_Polonaise_Op40-1_B1-15_page_0]                 Book.java:560  | 1 sheet in C:\Users\Elliot\Downloads\Audiveris\scores\026_Chopin_Polonaise_Op40-1_B1-15_page_0.jpg
2025-12-26 12:53:23,101 INFO []                 Book.java:2577 | Stored /book.xml
2025-12-26 12:53:23,102 INFO []                 Book.java:2537 | Book stored as C:\Users\Elliot\Downloads\Audiveris\scores\026_Chopin_Polonaise_Op40-1_B1-15_page_0.omr
2025-12-26 12:53:23,110 INFO []                 Book.java:1929 | Book reaching PAGE on sheets:[#1]
2025-12-26 12:53:23,117 INFO [026_Chopin_Polonaise_Op40-1_B1-15_page_0]       StepMonitoring.java:98   | LOAD
2025-12-26 12:53:23,274 INFO [026_Chopin_Polonaise_Op40-1_B1-15_page_0]            SheetStub.java:1273 | Loaded image #1 1653x2339 from C:\Users\Elliot\Downloads\Audiveris\scores\026_Chopin_Polonaise_Op40-1_B1-15_page_0.jpg
2025-12-26 12:53:23,277 INFO [026_Chopin_Polonaise_Op40-1_B1-15_page_0]            ImageUtil.java:124  | Converting max RGB to gray
2025-12-26 12:53:23,478 INFO [026_Chopin_Polonaise_Op40-1_B1-15_page_0]       StepMonitoring.java:98   | BINARY
2025-12-26 12:53:23,856 INFO [026_Chopin_Polonaise_Op40-1_B1-15_page_0]       StepMonitoring.java:98   | SCALE
2025-12-26 12:53:23,891 INFO [026_Chopin_Polonaise_Op40-1_B1-15_page_0]         ScaleBuilder.java:241  | Beam  guessed height:  5 -- 0.50 of 10 interline
2025-12-26 12:53:23,892 INFO [026_Chopin_Polonaise_Op40-1_B1-15_page_0]         ScaleBuilder.java:264  | Beam measured height:  6 -- 0.43 of [3..10] range at 625% of needed quorum
2025-12-26 12:53:23,893 INFO [026_Chopin_Polonaise_Op40-1_B1-15_page_0]            ScaleStep.java:65   | Scale{ interline(11,12,12) line(1,1,3) beam(6)}
2025-12-26 12:53:23,894 INFO [026_Chopin_Polonaise_Op40-1_B1-15_page_0]       StepMonitoring.java:98   | GRID
2025-12-26 12:53:24,503 INFO [026_Chopin_Polonaise_Op40-1_B1-15_page_0]       LinesRetriever.java:1500 | Global slope: 0.00000
2025-12-26 12:53:24,586 INFO [026_Chopin_Polonaise_Op40-1_B1-15_page_0]    ClustersRetriever.java:326  | Retrieved raw line clusters: 10 of sizes [5] with interline(11,12,12)
2025-12-26 12:53:24,825 INFO [026_Chopin_Polonaise_Op40-1_B1-15_page_0]            PeakGraph.java:310  | Systems: #1[1, 2] #2[3, 4] #3[5, 6] #4[7, 8] #5[9, 10]
2025-12-26 12:53:25,189 INFO [026_Chopin_Polonaise_Op40-1_B1-15_page_0]        SystemManager.java:134  | Indentation detected for system #1
2025-12-26 12:53:25,190 INFO [026_Chopin_Polonaise_Op40-1_B1-15_page_0]        SystemManager.java:779  | 1 part along 5 systems
2025-12-26 12:53:25,191 INFO [026_Chopin_Polonaise_Op40-1_B1-15_page_0]                 Book.java:543  | Created scores: [{Score 1}]
2025-12-26 12:53:25,191 INFO [026_Chopin_Polonaise_Op40-1_B1-15_page_0]       StepMonitoring.java:98   | HEADERS
2025-12-26 12:53:25,536 INFO [026_Chopin_Polonaise_Op40-1_B1-15_page_0]      BasicClassifier.java:286  | Classifier loaded XML norms.
2025-12-26 12:53:25,541 INFO [026_Chopin_Polonaise_Op40-1_B1-15_page_0]   AbstractClassifier.java:396  | Classifier data loaded from default uri jar:file:/C:/Users/Elliot/Downloads/Audiveris/app/audiveris.jar!/res/basic-classifier.zip
2025-12-26 12:53:26,483 INFO [026_Chopin_Polonaise_Op40-1_B1-15_page_0]       StepMonitoring.java:98   | STEM_SEEDS
2025-12-26 12:53:26,548 INFO [026_Chopin_Polonaise_Op40-1_B1-15_page_0]        StemSeedsStep.java:86   | stem(1 max:2)
2025-12-26 12:53:26,639 INFO [026_Chopin_Polonaise_Op40-1_B1-15_page_0]       StepMonitoring.java:98   | BEAMS
2025-12-26 12:53:28,303 INFO [026_Chopin_Polonaise_Op40-1_B1-15_page_0]       StepMonitoring.java:98   | LEDGERS
2025-12-26 12:53:28,772 INFO [026_Chopin_Polonaise_Op40-1_B1-15_page_0]       StepMonitoring.java:98   | HEADS
2025-12-26 12:53:31,782 INFO [026_Chopin_Polonaise_Op40-1_B1-15_page_0]        HeadSeedTally.java:235  | Scale information: HeadSeeds{NOTEHEAD_BLACK[L:-0.2,R:0.5]}
2025-12-26 12:53:31,784 INFO [026_Chopin_Polonaise_Op40-1_B1-15_page_0]       StepMonitoring.java:98   | STEMS
2025-12-26 12:53:34,378 INFO [026_Chopin_Polonaise_Op40-1_B1-15_page_0]       StepMonitoring.java:98   | REDUCTION
2025-12-26 12:53:35,155 INFO [026_Chopin_Polonaise_Op40-1_B1-15_page_0]        ReductionStep.java:105  | Stems free length median value: 42 pixels, 3.5 interlines
2025-12-26 12:53:35,167 INFO [026_Chopin_Polonaise_Op40-1_B1-15_page_0]       StepMonitoring.java:98   | CUE_BEAMS
2025-12-26 12:53:35,167 INFO [026_Chopin_Polonaise_Op40-1_B1-15_page_0]         CueBeamsStep.java:81   | Step CUE_BEAMS is skipped because small heads switch is off
2025-12-26 12:53:35,168 INFO [026_Chopin_Polonaise_Op40-1_B1-15_page_0]       StepMonitoring.java:98   | TEXTS
2025-12-26 12:53:35,316 WARN [026_Chopin_Polonaise_Op40-1_B1-15_page_0]         TesseractOCR.java:335  | The collection of supported languages is empty
2025-12-26 12:53:35,316 INFO [026_Chopin_Polonaise_Op40-1_B1-15_page_0]              OcrUtil.java:106  | Missing support for 'eng' language(s)
2025-12-26 12:53:35,329 INFO [026_Chopin_Polonaise_Op40-1_B1-15_page_0]       StepMonitoring.java:98   | MEASURES
2025-12-26 12:53:35,341 INFO [026_Chopin_Polonaise_Op40-1_B1-15_page_0]                 Page.java:307  | 15 raw measures: [3 in system#1, 3 in system#2, 3 in system#3, 3 in system#4, 3 in system#5]
2025-12-26 12:53:35,342 INFO [026_Chopin_Polonaise_Op40-1_B1-15_page_0]       StepMonitoring.java:98   | CHORDS
2025-12-26 12:53:35,375 INFO [026_Chopin_Polonaise_Op40-1_B1-15_page_0]       StepMonitoring.java:98   | CURVES
2025-12-26 12:53:36,684 INFO [026_Chopin_Polonaise_Op40-1_B1-15_page_0]         SlursBuilder.java:240  | Slurs: 48
2025-12-26 12:53:36,789 INFO [026_Chopin_Polonaise_Op40-1_B1-15_page_0]      SegmentsBuilder.java:155  | Segments: 45
2025-12-26 12:53:36,804 INFO [026_Chopin_Polonaise_Op40-1_B1-15_page_0]       StepMonitoring.java:98   | SYMBOLS
2025-12-26 12:53:38,174 INFO [026_Chopin_Polonaise_Op40-1_B1-15_page_0]       StepMonitoring.java:98   | LINKS
2025-12-26 12:53:38,384 INFO [026_Chopin_Polonaise_Op40-1_B1-15_page_0]       StepMonitoring.java:98   | RHYTHMS
2025-12-26 12:53:38,447 INFO [026_Chopin_Polonaise_Op40-1_B1-15_page_0]                Voice.java:257  | Measure{#1} Voice{#5 excess:1/16} too long
2025-12-26 12:53:38,449 INFO [026_Chopin_Polonaise_Op40-1_B1-15_page_0]                Voice.java:257  | Measure{#1} Voice{#2 excess:1/16} too long
2025-12-26 12:53:38,451 INFO [026_Chopin_Polonaise_Op40-1_B1-15_page_0]          StackRhythm.java:224  | S1 MeasureStack#1 no correct rhythm
2025-12-26 12:53:38,466 INFO [026_Chopin_Polonaise_Op40-1_B1-15_page_0]        MeasureRhythm.java:1277 | Measure{#2} Time inconsistency in {5/12=[HeadChordInter#10786{(0.938/0.938) staff:2 slot#5 off:5/12 dur:1/24}], 7/16=[HeadChordInter#10787{(0.940/0.940) staff:2 slot#5 off:7/16 dur:1/16}]}
2025-12-26 12:53:38,467 INFO [026_Chopin_Polonaise_Op40-1_B1-15_page_0]        MeasureRhythm.java:1277 | Measure{#2} Time inconsistency in {11/24=[HeadChordInter#10788{(0.947/0.947) staff:2 slot#6 off:11/24 dur:1/24}], 1/2=[HeadChordInter#10789{(0.948/0.948) staff:2 slot#6 off:1/2 dur:1/16}]}
2025-12-26 12:53:38,483 INFO [026_Chopin_Polonaise_Op40-1_B1-15_page_0]                Voice.java:257  | Measure{#3} Voice{#1 excess:1/16} too long
2025-12-26 12:53:38,484 INFO [026_Chopin_Polonaise_Op40-1_B1-15_page_0]                Voice.java:257  | Measure{#3} Voice{#5 excess:1/16} too long
2025-12-26 12:53:38,486 INFO [026_Chopin_Polonaise_Op40-1_B1-15_page_0]          StackRhythm.java:224  | S1 MeasureStack#3 no correct rhythm
2025-12-26 12:53:38,497 INFO [026_Chopin_Polonaise_Op40-1_B1-15_page_0]        MeasureRhythm.java:1277 | Measure{#4} Time inconsistency in {5/12=[HeadChordInter#10829{(0.933/0.933) staff:4 slot#5 off:5/12 dur:1/24}], 7/16=[HeadChordInter#10830{(0.939/0.939) staff:4 slot#5 off:7/16 dur:1/16}]}
2025-12-26 12:53:38,498 INFO [026_Chopin_Polonaise_Op40-1_B1-15_page_0]        MeasureRhythm.java:1277 | Measure{#4} Time inconsistency in {11/24=[HeadChordInter#10831{(0.945/0.945) staff:4 slot#6 off:11/24 dur:1/24}], 1/2=[HeadChordInter#10832{(0.949/0.949) staff:4 slot#6 off:1/2 dur:1/16}]}
2025-12-26 12:53:38,511 INFO [026_Chopin_Polonaise_Op40-1_B1-15_page_0]        MeasureRhythm.java:1277 | Measure{#5} Time inconsistency in {1/6=[HeadChordInter#10839{(0.971/0.971) staff:4 slot#3 off:1/6 dur:1/24}], 3/16=[HeadChordInter#10807{(0.968/0.968) staff:3 slot#3 off:3/16 dur:1/16}]}
2025-12-26 12:53:38,512 INFO [026_Chopin_Polonaise_Op40-1_B1-15_page_0]        MeasureRhythm.java:1277 | Measure{#5} Time inconsistency in {5/24=[HeadChordInter#10840{(0.974/0.974) staff:4 slot#4 off:5/24 dur:1/24}], 1/4=[HeadChordInter#10808{(0.973/0.973) staff:3 slot#4 off:1/4 dur:1/16}]}
2025-12-26 12:53:38,577 INFO [026_Chopin_Polonaise_Op40-1_B1-15_page_0]        MeasureRhythm.java:1277 | Measure{#14} Time inconsistency in {5/12=[HeadChordInter#10987{(0.940/0.940) staff:10 slot#7 off:5/12 dur:1/24}], 7/16=[HeadChordInter#10961{(0.944/0.944) staff:9 slot#7 off:7/16 dur:1/16}]}
2025-12-26 12:53:38,578 INFO [026_Chopin_Polonaise_Op40-1_B1-15_page_0]        MeasureRhythm.java:1277 | Measure{#14} Time inconsistency in {11/24=[HeadChordInter#10988{(0.954/0.954) staff:10 slot#8 off:11/24 dur:1/24}], 1/2=[HeadChordInter#10962{(0.941/0.941) staff:9 slot#8 off:1/2 dur:1/16}]}
2025-12-26 12:53:38,579 INFO [026_Chopin_Polonaise_Op40-1_B1-15_page_0]        MeasureRhythm.java:1277 | Measure{#14} Time inconsistency in {1/2=[HeadChordInter#10989{(0.940/0.940) staff:10 slot#9 off:1/2 dur:1/8}], 9/16=[HeadChordInter#10963{(0.954/0.954) staff:9 slot#9 off:9/16 dur:1/8}]}
2025-12-26 12:53:38,588 INFO [026_Chopin_Polonaise_Op40-1_B1-15_page_0]        MeasureRhythm.java:1277 | Measure{#15} Time inconsistency in {1/6=[HeadChordInter#10993{(0.967/0.967) staff:10 slot#3 off:1/6 dur:1/24}], 3/16=[HeadChordInter#10967{(0.969/0.969) staff:9 slot#3 off:3/16 dur:1/16}]}
2025-12-26 12:53:38,589 INFO [026_Chopin_Polonaise_Op40-1_B1-15_page_0]        MeasureRhythm.java:1277 | Measure{#15} Time inconsistency in {5/24=[HeadChordInter#10994{(0.971/0.971) staff:10 slot#4 off:5/24 dur:1/24}], 1/4=[HeadChordInter#10968{(0.973/0.973) staff:9 slot#4 off:1/4 dur:1/16}]}
2025-12-26 12:53:38,591 INFO [026_Chopin_Polonaise_Op40-1_B1-15_page_0]       StepMonitoring.java:98   | PAGE
2025-12-26 12:53:38,602 INFO [026_Chopin_Polonaise_Op40-1_B1-15_page_0]                Voice.java:257  | Measure{#1} Voice{#2 excess:1/16} too long
2025-12-26 12:53:38,603 INFO [026_Chopin_Polonaise_Op40-1_B1-15_page_0]                Voice.java:257  | Measure{#1} Voice{#5 excess:1/16} too long
2025-12-26 12:53:38,603 INFO [026_Chopin_Polonaise_Op40-1_B1-15_page_0]                Voice.java:257  | Measure{#3} Voice{#1 excess:1/16} too long
2025-12-26 12:53:38,604 INFO [026_Chopin_Polonaise_Op40-1_B1-15_page_0]                Voice.java:257  | Measure{#3} Voice{#5 excess:1/16} too long
2025-12-26 12:53:38,611 INFO [026_Chopin_Polonaise_Op40-1_B1-15_page_0]                 Book.java:2596 | Book{026_Chopin_Polonaise_Op40-1_B1-15_page_0} storing
2025-12-26 12:53:38,689 INFO [026_Chopin_Polonaise_Op40-1_B1-15_page_0]                 Book.java:2577 | Stored /book.xml
2025-12-26 12:53:38,792 INFO [026_Chopin_Polonaise_Op40-1_B1-15_page_0]           DataHolder.java:348  | Stored /sheet#1/BINARY.png
2025-12-26 12:53:40,276 INFO [026_Chopin_Polonaise_Op40-1_B1-15_page_0]                Sheet.java:1583 | Stored /sheet#1/sheet#1.xml
2025-12-26 12:53:40,276 INFO [026_Chopin_Polonaise_Op40-1_B1-15_page_0]                 Book.java:2537 | Book stored as C:\Users\Elliot\Downloads\Audiveris\scores\026_Chopin_Polonaise_Op40-1_B1-15_page_0.omr
2025-12-26 12:53:40,280 INFO [026_Chopin_Polonaise_Op40-1_B1-15_page_0]            SheetStub.java:1660 | Disposed sheet
2025-12-26 12:53:40,317 INFO [026_Chopin_Polonaise_Op40-1_B1-15_page_0]                 Book.java:2064 | End of Stub#1
2025-12-26 12:53:40,319 INFO [026_Chopin_Polonaise_Op40-1_B1-15_page_0]                 Book.java:2071 | Book processed.
2025-12-26 12:53:40,965 INFO [026_Chopin_Polonaise_Op40-1_B1-15_page_0]            SheetStub.java:997  | Loaded /sheet#1/sheet#1.xml
2025-12-26 12:53:41,583 INFO [026_Chopin_Polonaise_Op40-1_B1-15_page_0]      PartwiseBuilder.java:2688 | Exporting sheet(s): [#1]
2025-12-26 12:53:41,793 INFO [026_Chopin_Polonaise_Op40-1_B1-15_page_0]        ScoreExporter.java:164  | Score 026_Chopin_Polonaise_Op40-1_B1-15_page_0 exported to C:\Users\Elliot\Downloads\Audiveris\scores\026_Chopin_Polonaise_Op40-1_B1-15_page_0.mxl
2025-12-26 12:53:41,844 INFO [026_Chopin_Polonaise_Op40-1_B1-15_page_0]                Score.java:181  | Closing {Score 1}
