2025-12-26 12:53:59,933 INFO [028_Chopin_Prelude_Op28-17_B1-18_page_0]                 Book.java:560  | 1 sheet in C:\Users\Elliot\Downloads\Audiveris\scores\028_Chopin_Prelude_Op28-17_B1-18_page_0.jpg
2025-12-26 12:54:00,059 INFO []                 Book.java:2577 | Stored /book.xml
2025-12-26 12:54:00,059 INFO []                 Book.java:2537 | Book stored as C:\Users\Elliot\Downloads\Audiveris\scores\028_Chopin_Prelude_Op28-17_B1-18_page_0.omr
2025-12-26 12:54:00,064 INFO []                 Book.java:1929 | Book reaching PAGE on sheets:[#1]
2025-12-26 12:54:00,069 INFO [028_Chopin_Prelude_Op28-17_B1-18_page_0]       StepMonitoring.java:98   | LOAD
2025-12-26 12:54:00,182 INFO [028_Chopin_Prelude_Op28-17_B1-18_page_0]            SheetStub.java:1273 | Loaded image #1 1653x2339 from C:\Users\Elliot\Downloads\Audiveris\scores\028_Chopin_Prelude_Op28-17_B1-18_page_0.jpg
2025-12-26 12:54:00,186 INFO [028_Chopin_Prelude_Op28-17_B1-18_page_0]            ImageUtil.java:124  | Converting max RGB to gray
2025-12-26 12:54:00,304 INFO [028_Chopin_Prelude_Op28-17_B1-18_page_0]       StepMonitoring.java:98   | BINARY
2025-12-26 12:54:00,571 INFO [028_Chopin_Prelude_Op28-17_B1-18_page_0]       StepMonitoring.java:98   | SCALE
2025-12-26 12:54:00,596 INFO [028_Chopin_Prelude_Op28-17_B1-18_page_0]         ScaleBuilder.java:241  | Beam  guessed height:  5 -- 0.50 of 10 interline
2025-12-26 12:54:00,597 INFO [028_Chopin_Prelude_Op28-17_B1-18_page_0]         ScaleBuilder.java:264  | Beam measured height:  7 -- 0.57 of [3..10] range at 397% of needed quorum
2025-12-26 12:54:00,598 INFO [028_Chopin_Prelude_Op28-17_B1-18_page_0]            ScaleStep.java:65   | Scale{ interline(12,12,13) line(1,1,3) beam(7)}
2025-12-26 12:54:00,599 INFO [028_Chopin_Prelude_Op28-17_B1-18_page_0]       StepMonitoring.java:98   | GRID
2025-12-26 12:54:01,041 INFO [028_Chopin_Prelude_Op28-17_B1-18_page_0]       LinesRetriever.java:1500 | Global slope: 0.00000
2025-12-26 12:54:01,104 INFO [028_Chopin_Prelude_Op28-17_B1-18_page_0]    ClustersRetriever.java:326  | Retrieved raw line clusters: 12 of sizes [5] with interline(12,12,13)
2025-12-26 12:54:01,239 INFO [028_Chopin_Prelude_Op28-17_B1-18_page_0]            PeakGraph.java:310  | Systems: #1[1, 2] #2[3, 4] #3[5, 6] #4[7, 8] #5[9, 10] #6[11, 12]
2025-12-26 12:54:01,623 INFO [028_Chopin_Prelude_Op28-17_B1-18_page_0]        SystemManager.java:779  | 1 part along 6 systems
2025-12-26 12:54:01,625 INFO [028_Chopin_Prelude_Op28-17_B1-18_page_0]                 Book.java:543  | Created scores: [{Score 1}]
2025-12-26 12:54:01,626 INFO [028_Chopin_Prelude_Op28-17_B1-18_page_0]       StepMonitoring.java:98   | HEADERS
2025-12-26 12:54:01,961 INFO [028_Chopin_Prelude_Op28-17_B1-18_page_0]      BasicClassifier.java:286  | Classifier loaded XML norms.
2025-12-26 12:54:01,967 INFO [028_Chopin_Prelude_Op28-17_B1-18_page_0]   AbstractClassifier.java:396  | Classifier data loaded from default uri jar:file:/C:/Users/Elliot/Downloads/Audiveris/app/audiveris.jar!/res/basic-classifier.zip
2025-12-26 12:54:02,945 INFO [028_Chopin_Prelude_Op28-17_B1-18_page_0]       StepMonitoring.java:98   | STEM_SEEDS
2025-12-26 12:54:02,984 INFO [028_Chopin_Prelude_Op28-17_B1-18_page_0]        StemSeedsStep.java:86   | stem(1 max:2)
2025-12-26 12:54:03,025 INFO [028_Chopin_Prelude_Op28-17_B1-18_page_0]       StepMonitoring.java:98   | BEAMS
2025-12-26 12:54:04,154 INFO [028_Chopin_Prelude_Op28-17_B1-18_page_0]       StepMonitoring.java:98   | LEDGERS
2025-12-26 12:54:04,450 INFO [028_Chopin_Prelude_Op28-17_B1-18_page_0]       StepMonitoring.java:98   | HEADS
2025-12-26 12:54:06,706 INFO [028_Chopin_Prelude_Op28-17_B1-18_page_0]        HeadSeedTally.java:235  | Scale information: HeadSeeds{NOTEHEAD_BLACK[L:-0.2,R:0.5]}
2025-12-26 12:54:06,706 INFO [028_Chopin_Prelude_Op28-17_B1-18_page_0]       StepMonitoring.java:98   | STEMS
2025-12-26 12:54:07,801 INFO [028_Chopin_Prelude_Op28-17_B1-18_page_0]       StepMonitoring.java:98   | REDUCTION
2025-12-26 12:54:08,130 INFO [028_Chopin_Prelude_Op28-17_B1-18_page_0]        ReductionStep.java:105  | Stems free length median value: 44 pixels, 3.7 interlines
2025-12-26 12:54:08,137 INFO [028_Chopin_Prelude_Op28-17_B1-18_page_0]       StepMonitoring.java:98   | CUE_BEAMS
2025-12-26 12:54:08,137 INFO [028_Chopin_Prelude_Op28-17_B1-18_page_0]         CueBeamsStep.java:81   | Step CUE_BEAMS is skipped because small heads switch is off
2025-12-26 12:54:08,138 INFO [028_Chopin_Prelude_Op28-17_B1-18_page_0]       StepMonitoring.java:98   | TEXTS
2025-12-26 12:54:08,250 WARN [028_Chopin_Prelude_Op28-17_B1-18_page_0]         TesseractOCR.java:335  | The collection of supported languages is empty
2025-12-26 12:54:08,251 INFO [028_Chopin_Prelude_Op28-17_B1-18_page_0]              OcrUtil.java:106  | Missing support for 'eng' language(s)
2025-12-26 12:54:08,270 INFO [028_Chopin_Prelude_Op28-17_B1-18_page_0]       StepMonitoring.java:98   | MEASURES
2025-12-26 12:54:08,282 INFO [028_Chopin_Prelude_Op28-17_B1-18_page_0]                 Page.java:307  | 18 raw measures: [3 in system#1, 3 in system#2, 3 in system#3, 3 in system#4, 3 in system#5, 3 in system#6]
2025-12-26 12:54:08,283 INFO [028_Chopin_Prelude_Op28-17_B1-18_page_0]       StepMonitoring.java:98   | CHORDS
2025-12-26 12:54:08,305 INFO [028_Chopin_Prelude_Op28-17_B1-18_page_0]       StepMonitoring.java:98   | CURVES
2025-12-26 12:54:08,982 INFO [028_Chopin_Prelude_Op28-17_B1-18_page_0]         SlursBuilder.java:240  | Slurs: 22
2025-12-26 12:54:09,018 INFO [028_Chopin_Prelude_Op28-17_B1-18_page_0]      SegmentsBuilder.java:155  | Segments: 30
2025-12-26 12:54:09,039 INFO [028_Chopin_Prelude_Op28-17_B1-18_page_0]       StepMonitoring.java:98   | SYMBOLS
2025-12-26 12:54:09,530 INFO [028_Chopin_Prelude_Op28-17_B1-18_page_0]       StepMonitoring.java:98   | LINKS
2025-12-26 12:54:09,630 INFO [028_Chopin_Prelude_Op28-17_B1-18_page_0]       StepMonitoring.java:98   | RHYTHMS
2025-12-26 12:54:09,681 INFO [028_Chopin_Prelude_Op28-17_B1-18_page_0]                Voice.java:257  | Measure{#4} Voice{#1 excess:1/8} too long
2025-12-26 12:54:09,683 INFO [028_Chopin_Prelude_Op28-17_B1-18_page_0]          StackRhythm.java:224  | S2 MeasureStack#4 no correct rhythm
2025-12-26 12:54:09,688 INFO [028_Chopin_Prelude_Op28-17_B1-18_page_0]        MeasureRhythm.java:1277 | Measure{#6} Time inconsistency in {5/24=[HeadChordInter#8065{(0.969/0.969) staff:4 slot#3 off:5/24 dur:1/12}], 1/4=[HeadChordInter#8047{(0.965/0.965) staff:3 slot#3 off:1/4 dur:1/8}]}
2025-12-26 12:54:09,726 INFO [028_Chopin_Prelude_Op28-17_B1-18_page_0]       StepMonitoring.java:98   | PAGE
2025-12-26 12:54:09,731 INFO [028_Chopin_Prelude_Op28-17_B1-18_page_0]                Voice.java:257  | Measure{#4} Voice{#1 excess:1/8} too long
2025-12-26 12:54:09,735 INFO [028_Chopin_Prelude_Op28-17_B1-18_page_0]                 Book.java:2596 | Book{028_Chopin_Prelude_Op28-17_B1-18_page_0} storing
2025-12-26 12:54:09,786 INFO [028_Chopin_Prelude_Op28-17_B1-18_page_0]                 Book.java:2577 | Stored /book.xml
2025-12-26 12:54:09,859 INFO [028_Chopin_Prelude_Op28-17_B1-18_page_0]           DataHolder.java:348  | Stored /sheet#1/BINARY.png
2025-12-26 12:54:10,748 INFO [028_Chopin_Prelude_Op28-17_B1-18_page_0]                Sheet.java:1583 | Stored /sheet#1/sheet#1.xml
2025-12-26 12:54:10,749 INFO [028_Chopin_Prelude_Op28-17_B1-18_page_0]                 Book.java:2537 | Book stored as C:\Users\Elliot\Downloads\Audiveris\scores\028_Chopin_Prelude_Op28-17_B1-18_page_0.omr
2025-12-26 12:54:10,753 INFO [028_Chopin_Prelude_Op28-17_B1-18_page_0]            SheetStub.java:1660 | Disposed sheet
2025-12-26 12:54:10,789 INFO [028_Chopin_Prelude_Op28-17_B1-18_page_0]                 Book.java:2064 | End of Stub#1
2025-12-26 12:54:10,789 INFO [028_Chopin_Prelude_Op28-17_B1-18_page_0]                 Book.java:2071 | Book processed.
2025-12-26 12:54:11,218 INFO [028_Chopin_Prelude_Op28-17_B1-18_page_0]            SheetStub.java:997  | Loaded /sheet#1/sheet#1.xml
2025-12-26 12:54:11,613 INFO [028_Chopin_Prelude_Op28-17_B1-18_page_0]      PartwiseBuilder.java:2688 | Exporting sheet(s): [#1]
2025-12-26 12:54:11,742 INFO [028_Chopin_Prelude_Op28-17_B1-18_page_0]        ScoreExporter.java:164  | Score 028_Chopin_Prelude_Op28-17_B1-18_page_0 exported to C:\Users\Elliot\Downloads\Audiveris\scores\028_Chopin_Prelude_Op28-17_B1-18_page_0.mxl
2025-12-26 12:54:11,794 INFO [028_Chopin_Prelude_Op28-17_B1-18_page_0]                Score.java:181  | Closing {Score 1}
