2025-12-26 12:54:13,628 INFO [029_Chopin_Scherzo_No3_B57-105_page_0]                 Book.java:560  | 1 sheet in C:\Users\Elliot\Downloads\Audiveris\scores\029_Chopin_Scherzo_No3_B57-105_page_0.jpg
2025-12-26 12:54:13,744 INFO []                 Book.java:2577 | Stored /book.xml
2025-12-26 12:54:13,745 INFO []                 Book.java:2537 | Book stored as C:\Users\Elliot\Downloads\Audiveris\scores\029_Chopin_Scherzo_No3_B57-105_page_0.omr
2025-12-26 12:54:13,752 INFO []                 Book.java:1929 | Book reaching PAGE on sheets:[#1]
2025-12-26 12:54:13,758 INFO [029_Chopin_Scherzo_No3_B57-105_page_0]       StepMonitoring.java:98   | LOAD
2025-12-26 12:54:13,873 INFO [029_Chopin_Scherzo_No3_B57-105_page_0]            SheetStub.java:1273 | Loaded image #1 1653x2339 from C:\Users\Elliot\Downloads\Audiveris\scores\029_Chopin_Scherzo_No3_B57-105_page_0.jpg
2025-12-26 12:54:13,878 INFO [029_Chopin_Scherzo_No3_B57-105_page_0]            ImageUtil.java:124  | Converting max RGB to gray
2025-12-26 12:54:14,011 INFO [029_Chopin_Scherzo_No3_B57-105_page_0]       StepMonitoring.java:98   | BINARY
2025-12-26 12:54:14,258 INFO [029_Chopin_Scherzo_No3_B57-105_page_0]       StepMonitoring.java:98   | SCALE
2025-12-26 12:54:14,286 INFO [029_Chopin_Scherzo_No3_B57-105_page_0]         ScaleBuilder.java:241  | Beam  guessed height:  6 -- 0.50 of 11 interline
2025-12-26 12:54:14,288 INFO [029_Chopin_Scherzo_No3_B57-105_page_0]         ScaleBuilder.java:264  | Beam measured height:  6 -- 0.29 of [4..11] range at 198% of needed quorum
2025-12-26 12:54:14,289 INFO [029_Chopin_Scherzo_No3_B57-105_page_0]            ScaleStep.java:65   | Scale{ interline(13,13,14) line(1,1,3) beam(6)}
2025-12-26 12:54:14,290 INFO [029_Chopin_Scherzo_No3_B57-105_page_0]       StepMonitoring.java:98   | GRID
2025-12-26 12:54:14,832 INFO [029_Chopin_Scherzo_No3_B57-105_page_0]       LinesRetriever.java:1500 | Global slope: 0.00000
2025-12-26 12:54:14,927 INFO [029_Chopin_Scherzo_No3_B57-105_page_0]    ClustersRetriever.java:326  | Retrieved raw line clusters: 12 of sizes [5] with interline(13,13,14)
2025-12-26 12:54:15,144 INFO [029_Chopin_Scherzo_No3_B57-105_page_0]            PeakGraph.java:310  | Systems: #1[1, 2] #2[3, 4] #3[5, 6] #4[7, 8] #5[9, 10] #6[11, 12]
2025-12-26 12:54:15,493 INFO [029_Chopin_Scherzo_No3_B57-105_page_0]        SystemManager.java:779  | 1 part along 6 systems
2025-12-26 12:54:15,494 INFO [029_Chopin_Scherzo_No3_B57-105_page_0]                 Book.java:543  | Created scores: [{Score 1}]
2025-12-26 12:54:15,495 INFO [029_Chopin_Scherzo_No3_B57-105_page_0]       StepMonitoring.java:98   | HEADERS
2025-12-26 12:54:15,850 INFO [029_Chopin_Scherzo_No3_B57-105_page_0]      BasicClassifier.java:286  | Classifier loaded XML norms.
2025-12-26 12:54:15,854 INFO [029_Chopin_Scherzo_No3_B57-105_page_0]   AbstractClassifier.java:396  | Classifier data loaded from default uri jar:file:/C:/Users/Elliot/Downloads/Audiveris/app/audiveris.jar!/res/basic-classifier.zip
2025-12-26 12:54:16,645 INFO [029_Chopin_Scherzo_No3_B57-105_page_0]       StepMonitoring.java:98   | STEM_SEEDS
2025-12-26 12:54:16,692 INFO [029_Chopin_Scherzo_No3_B57-105_page_0]        StemSeedsStep.java:86   | stem(2 max:2)
2025-12-26 12:54:16,746 INFO [029_Chopin_Scherzo_No3_B57-105_page_0]       StepMonitoring.java:98   | BEAMS
2025-12-26 12:54:17,580 INFO [029_Chopin_Scherzo_No3_B57-105_page_0]       StepMonitoring.java:98   | LEDGERS
2025-12-26 12:54:17,819 INFO [029_Chopin_Scherzo_No3_B57-105_page_0]       StepMonitoring.java:98   | HEADS
2025-12-26 12:54:20,399 INFO [029_Chopin_Scherzo_No3_B57-105_page_0]        HeadSeedTally.java:235  | Scale information: HeadSeeds{NOTEHEAD_VOID[L:-0.2,R:0.1] NOTEHEAD_BLACK[L:-0.4,R:0.3]}
2025-12-26 12:54:20,400 INFO [029_Chopin_Scherzo_No3_B57-105_page_0]       StepMonitoring.java:98   | STEMS
2025-12-26 12:54:21,165 INFO [029_Chopin_Scherzo_No3_B57-105_page_0]       StepMonitoring.java:98   | REDUCTION
2025-12-26 12:54:21,347 INFO [029_Chopin_Scherzo_No3_B57-105_page_0]        ReductionStep.java:105  | Stems free length median value: 41 pixels, 3.2 interlines
2025-12-26 12:54:21,354 INFO [029_Chopin_Scherzo_No3_B57-105_page_0]       StepMonitoring.java:98   | CUE_BEAMS
2025-12-26 12:54:21,354 INFO [029_Chopin_Scherzo_No3_B57-105_page_0]         CueBeamsStep.java:81   | Step CUE_BEAMS is skipped because small heads switch is off
2025-12-26 12:54:21,354 INFO [029_Chopin_Scherzo_No3_B57-105_page_0]       StepMonitoring.java:98   | TEXTS
2025-12-26 12:54:21,461 WARN [029_Chopin_Scherzo_No3_B57-105_page_0]         TesseractOCR.java:335  | The collection of supported languages is empty
2025-12-26 12:54:21,462 INFO [029_Chopin_Scherzo_No3_B57-105_page_0]              OcrUtil.java:106  | Missing support for 'eng' language(s)
2025-12-26 12:54:21,475 INFO [029_Chopin_Scherzo_No3_B57-105_page_0]       StepMonitoring.java:98   | MEASURES
2025-12-26 12:54:21,487 INFO [029_Chopin_Scherzo_No3_B57-105_page_0]                 Page.java:307  | 49 raw measures: [9 in system#1, 8 in system#2, 8 in system#3, 7 in system#4, 8 in system#5, 9 in system#6]
2025-12-26 12:54:21,488 INFO [029_Chopin_Scherzo_No3_B57-105_page_0]       StepMonitoring.java:98   | CHORDS
2025-12-26 12:54:21,515 INFO [029_Chopin_Scherzo_No3_B57-105_page_0]       StepMonitoring.java:98   | CURVES
2025-12-26 12:54:22,364 INFO [029_Chopin_Scherzo_No3_B57-105_page_0]         SlursBuilder.java:240  | Slurs: 22
2025-12-26 12:54:22,779 INFO [029_Chopin_Scherzo_No3_B57-105_page_0]      SegmentsBuilder.java:155  | Segments: 34
2025-12-26 12:54:22,832 INFO [029_Chopin_Scherzo_No3_B57-105_page_0]       StepMonitoring.java:98   | SYMBOLS
2025-12-26 12:54:23,422 INFO [029_Chopin_Scherzo_No3_B57-105_page_0]       StepMonitoring.java:98   | LINKS
2025-12-26 12:54:23,510 INFO [029_Chopin_Scherzo_No3_B57-105_page_0]       StepMonitoring.java:98   | RHYTHMS
2025-12-26 12:54:23,584 INFO [029_Chopin_Scherzo_No3_B57-105_page_0]       StepMonitoring.java:98   | PAGE
2025-12-26 12:54:23,587 INFO [029_Chopin_Scherzo_No3_B57-105_page_0]       SheetReduction.java:154  | Gutter. Different glyphs 4/5 StemInter#6129{(0.784/0.962) STEM} vs SlurInter#7354{(0.688/0.897) SLUR_ABOVE}
2025-12-26 12:54:23,601 INFO [029_Chopin_Scherzo_No3_B57-105_page_0]                 Book.java:2596 | Book{029_Chopin_Scherzo_No3_B57-105_page_0} storing
2025-12-26 12:54:23,651 INFO [029_Chopin_Scherzo_No3_B57-105_page_0]                 Book.java:2577 | Stored /book.xml
2025-12-26 12:54:23,735 INFO [029_Chopin_Scherzo_No3_B57-105_page_0]           DataHolder.java:348  | Stored /sheet#1/BINARY.png
2025-12-26 12:54:24,775 INFO [029_Chopin_Scherzo_No3_B57-105_page_0]                Sheet.java:1583 | Stored /sheet#1/sheet#1.xml
2025-12-26 12:54:24,776 INFO [029_Chopin_Scherzo_No3_B57-105_page_0]                 Book.java:2537 | Book stored as C:\Users\Elliot\Downloads\Audiveris\scores\029_Chopin_Scherzo_No3_B57-105_page_0.omr
2025-12-26 12:54:24,780 INFO [029_Chopin_Scherzo_No3_B57-105_page_0]            SheetStub.java:1660 | Disposed sheet
2025-12-26 12:54:24,816 INFO [029_Chopin_Scherzo_No3_B57-105_page_0]                 Book.java:2064 | End of Stub#1
2025-12-26 12:54:24,817 INFO [029_Chopin_Scherzo_No3_B57-105_page_0]                 Book.java:2071 | Book processed.
2025-12-26 12:54:25,251 INFO [029_Chopin_Scherzo_No3_B57-105_page_0]            SheetStub.java:997  | Loaded /sheet#1/sheet#1.xml
2025-12-26 12:54:25,623 INFO [029_Chopin_Scherzo_No3_B57-105_page_0]      PartwiseBuilder.java:2688 | Exporting sheet(s): [#1]
2025-12-26 12:54:25,759 INFO [029_Chopin_Scherzo_No3_B57-105_page_0]        ScoreExporter.java:164  | Score 029_Chopin_Scherzo_No3_B57-105_page_0 exported to C:\Users\Elliot\Downloads\Audiveris\scores\029_Chopin_Scherzo_No3_B57-105_page_0.mxl
2025-12-26 12:54:25,806 INFO [029_Chopin_Scherzo_No3_B57-105_page_0]                Score.java:181  | Closing {Score 1}
