2025-12-26 12:54:28,372 INFO [030_Chopin_PSon_No3_i_B0-16_page_0]                 Book.java:560  | 1 sheet in C:\Users\Elliot\Downloads\Audiveris\scores\030_Chopin_PSon_No3_i_B0-16_page_0.jpg
2025-12-26 12:54:28,547 INFO []                 Book.java:2577 | Stored /book.xml
2025-12-26 12:54:28,548 INFO []                 Book.java:2537 | Book stored as C:\Users\Elliot\Downloads\Audiveris\scores\030_Chopin_PSon_No3_i_B0-16_page_0.omr
2025-12-26 12:54:28,553 INFO []                 Book.java:1929 | Book reaching PAGE on sheets:[#1]
2025-12-26 12:54:28,561 INFO [030_Chopin_PSon_No3_i_B0-16_page_0]       StepMonitoring.java:98   | LOAD
2025-12-26 12:54:28,692 INFO [030_Chopin_PSon_No3_i_B0-16_page_0]            SheetStub.java:1273 | Loaded image #1 1653x2339 from C:\Users\Elliot\Downloads\Audiveris\scores\030_Chopin_PSon_No3_i_B0-16_page_0.jpg
2025-12-26 12:54:28,698 INFO [030_Chopin_PSon_No3_i_B0-16_page_0]            ImageUtil.java:124  | Converting max RGB to gray
2025-12-26 12:54:28,845 INFO [030_Chopin_PSon_No3_i_B0-16_page_0]       StepMonitoring.java:98   | BINARY
2025-12-26 12:54:29,227 INFO [030_Chopin_PSon_No3_i_B0-16_page_0]       StepMonitoring.java:98   | SCALE
2025-12-26 12:54:29,258 INFO [030_Chopin_PSon_No3_i_B0-16_page_0]         ScaleBuilder.java:241  | Beam  guessed height:  5 -- 0.50 of 10 interline
2025-12-26 12:54:29,259 INFO [030_Chopin_PSon_No3_i_B0-16_page_0]         ScaleBuilder.java:264  | Beam measured height:  7 -- 0.57 of [3..10] range at 628% of needed quorum
2025-12-26 12:54:29,260 INFO [030_Chopin_PSon_No3_i_B0-16_page_0]            ScaleStep.java:65   | Scale{ interline(12,12,13) line(1,1,2) beam(7)}
2025-12-26 12:54:29,261 INFO [030_Chopin_PSon_No3_i_B0-16_page_0]       StepMonitoring.java:98   | GRID
2025-12-26 12:54:29,730 INFO [030_Chopin_PSon_No3_i_B0-16_page_0]       LinesRetriever.java:1500 | Global slope: 0.00000
2025-12-26 12:54:29,785 INFO [030_Chopin_PSon_No3_i_B0-16_page_0]    ClustersRetriever.java:326  | Retrieved raw line clusters: 8 of sizes [5] with interline(12,12,13)
2025-12-26 12:54:29,960 INFO [030_Chopin_PSon_No3_i_B0-16_page_0]            PeakGraph.java:310  | Systems: #1[1, 2] #2[3, 4] #3[5, 6] #4[7, 8]
2025-12-26 12:54:30,227 INFO [030_Chopin_PSon_No3_i_B0-16_page_0]        SystemManager.java:779  | 1 part along 4 systems
2025-12-26 12:54:30,228 INFO [030_Chopin_PSon_No3_i_B0-16_page_0]                 Book.java:543  | Created scores: [{Score 1}]
2025-12-26 12:54:30,230 INFO [030_Chopin_PSon_No3_i_B0-16_page_0]       StepMonitoring.java:98   | HEADERS
2025-12-26 12:54:30,554 INFO [030_Chopin_PSon_No3_i_B0-16_page_0]      BasicClassifier.java:286  | Classifier loaded XML norms.
2025-12-26 12:54:30,558 INFO [030_Chopin_PSon_No3_i_B0-16_page_0]   AbstractClassifier.java:396  | Classifier data loaded from default uri jar:file:/C:/Users/Elliot/Downloads/Audiveris/app/audiveris.jar!/res/basic-classifier.zip
2025-12-26 12:54:31,380 INFO [030_Chopin_PSon_No3_i_B0-16_page_0]       StepMonitoring.java:98   | STEM_SEEDS
2025-12-26 12:54:31,430 INFO [030_Chopin_PSon_No3_i_B0-16_page_0]        StemSeedsStep.java:86   | stem(2 max:2)
2025-12-26 12:54:31,497 INFO [030_Chopin_PSon_No3_i_B0-16_page_0]       StepMonitoring.java:98   | BEAMS
2025-12-26 12:54:32,955 INFO [030_Chopin_PSon_No3_i_B0-16_page_0]       StepMonitoring.java:98   | LEDGERS
2025-12-26 12:54:33,297 INFO [030_Chopin_PSon_No3_i_B0-16_page_0]       StepMonitoring.java:98   | HEADS
2025-12-26 12:54:35,890 INFO [030_Chopin_PSon_No3_i_B0-16_page_0]        HeadSeedTally.java:235  | Scale information: HeadSeeds{NOTEHEAD_VOID[L:-0.3,R:0.3] NOTEHEAD_BLACK[L:-0.3,R:0.3]}
2025-12-26 12:54:35,891 INFO [030_Chopin_PSon_No3_i_B0-16_page_0]       StepMonitoring.java:98   | STEMS
2025-12-26 12:54:37,345 INFO [030_Chopin_PSon_No3_i_B0-16_page_0]       StepMonitoring.java:98   | REDUCTION
2025-12-26 12:54:37,700 INFO [030_Chopin_PSon_No3_i_B0-16_page_0]        ReductionStep.java:105  | Stems free length median value: 43 pixels, 3.6 interlines
2025-12-26 12:54:37,711 INFO [030_Chopin_PSon_No3_i_B0-16_page_0]       StepMonitoring.java:98   | CUE_BEAMS
2025-12-26 12:54:37,712 INFO [030_Chopin_PSon_No3_i_B0-16_page_0]         CueBeamsStep.java:81   | Step CUE_BEAMS is skipped because small heads switch is off
2025-12-26 12:54:37,713 INFO [030_Chopin_PSon_No3_i_B0-16_page_0]       StepMonitoring.java:98   | TEXTS
2025-12-26 12:54:37,879 WARN [030_Chopin_PSon_No3_i_B0-16_page_0]         TesseractOCR.java:335  | The collection of supported languages is empty
2025-12-26 12:54:37,880 INFO [030_Chopin_PSon_No3_i_B0-16_page_0]              OcrUtil.java:106  | Missing support for 'eng' language(s)
2025-12-26 12:54:37,897 INFO [030_Chopin_PSon_No3_i_B0-16_page_0]       StepMonitoring.java:98   | MEASURES
2025-12-26 12:54:37,912 INFO [030_Chopin_PSon_No3_i_B0-16_page_0]                 Page.java:307  | 17 raw measures: [5 in system#1, 6 in system#2, 4 in system#3, 2 in system#4]
2025-12-26 12:54:37,913 INFO [030_Chopin_PSon_No3_i_B0-16_page_0]       StepMonitoring.java:98   | CHORDS
2025-12-26 12:54:37,941 INFO [030_Chopin_PSon_No3_i_B0-16_page_0]       StepMonitoring.java:98   | CURVES
2025-12-26 12:54:39,023 INFO [030_Chopin_PSon_No3_i_B0-16_page_0]         SlursBuilder.java:240  | Slurs: 6
2025-12-26 12:54:39,049 INFO [030_Chopin_PSon_No3_i_B0-16_page_0]      SegmentsBuilder.java:155  | Segments: 9
2025-12-26 12:54:39,056 INFO [030_Chopin_PSon_No3_i_B0-16_page_0]       StepMonitoring.java:98   | SYMBOLS
2025-12-26 12:54:39,843 INFO [030_Chopin_PSon_No3_i_B0-16_page_0]       StepMonitoring.java:98   | LINKS
2025-12-26 12:54:39,964 INFO [030_Chopin_PSon_No3_i_B0-16_page_0]       StepMonitoring.java:98   | RHYTHMS
2025-12-26 12:54:40,086 INFO [030_Chopin_PSon_No3_i_B0-16_page_0]        MeasureRhythm.java:1277 | Measure{#16} Time inconsistency in {7/8=[HeadChordInter#6837{(0.951/0.951) staff:8 slot#13 off:7/8 dur:1/16}], 29/32=[HeadChordInter#6813{(0.949/0.949) staff:7 slot#13 off:29/32 dur:1/16}]}
2025-12-26 12:54:40,087 INFO [030_Chopin_PSon_No3_i_B0-16_page_0]        MeasureRhythm.java:1277 | Measure{#16} Time inconsistency in {15/16=[HeadChordInter#6838{(0.953/0.953) staff:8 slot#14 off:15/16 dur:1/16}], 31/32=[HeadChordInter#6814{(0.956/0.956) staff:7 slot#14 off:31/32 dur:1/16}]}
2025-12-26 12:54:40,088 INFO [030_Chopin_PSon_No3_i_B0-16_page_0]                Voice.java:257  | Measure{#16} Voice{#3 excess:1/32} too long
2025-12-26 12:54:40,088 INFO [030_Chopin_PSon_No3_i_B0-16_page_0]          StackRhythm.java:224  | S4 MeasureStack#16 no correct rhythm
2025-12-26 12:54:40,102 INFO [030_Chopin_PSon_No3_i_B0-16_page_0]       StepMonitoring.java:98   | PAGE
2025-12-26 12:54:40,110 INFO [030_Chopin_PSon_No3_i_B0-16_page_0]                Voice.java:257  | Measure{#16} Voice{#3 excess:1/32} too long
2025-12-26 12:54:40,116 INFO [030_Chopin_PSon_No3_i_B0-16_page_0]                 Book.java:2596 | Book{030_Chopin_PSon_No3_i_B0-16_page_0} storing
2025-12-26 12:54:40,171 INFO [030_Chopin_PSon_No3_i_B0-16_page_0]                 Book.java:2577 | Stored /book.xml
2025-12-26 12:54:40,262 INFO [030_Chopin_PSon_No3_i_B0-16_page_0]           DataHolder.java:348  | Stored /sheet#1/BINARY.png
2025-12-26 12:54:41,333 INFO [030_Chopin_PSon_No3_i_B0-16_page_0]                Sheet.java:1583 | Stored /sheet#1/sheet#1.xml
2025-12-26 12:54:41,334 INFO [030_Chopin_PSon_No3_i_B0-16_page_0]                 Book.java:2537 | Book stored as C:\Users\Elliot\Downloads\Audiveris\scores\030_Chopin_PSon_No3_i_B0-16_page_0.omr
2025-12-26 12:54:41,339 INFO [030_Chopin_PSon_No3_i_B0-16_page_0]            SheetStub.java:1660 | Disposed sheet
2025-12-26 12:54:41,394 INFO [030_Chopin_PSon_No3_i_B0-16_page_0]                 Book.java:2064 | End of Stub#1
2025-12-26 12:54:41,396 INFO [030_Chopin_PSon_No3_i_B0-16_page_0]                 Book.java:2071 | Book processed.
2025-12-26 12:54:41,920 INFO [030_Chopin_PSon_No3_i_B0-16_page_0]            SheetStub.java:997  | Loaded /sheet#1/sheet#1.xml
2025-12-26 12:54:42,501 INFO [030_Chopin_PSon_No3_i_B0-16_page_0]      PartwiseBuilder.java:2688 | Exporting sheet(s): [#1]
2025-12-26 12:54:42,640 INFO [030_Chopin_PSon_No3_i_B0-16_page_0]        ScoreExporter.java:164  | Score 030_Chopin_PSon_No3_i_B0-16_page_0 exported to C:\Users\Elliot\Downloads\Audiveris\scores\030_Chopin_PSon_No3_i_B0-16_page_0.mxl
2025-12-26 12:54:42,686 INFO [030_Chopin_PSon_No3_i_B0-16_page_0]                Score.java:181  | Closing {Score 1}
