2025-12-26 12:55:38,664 INFO [031_Chopin_Etude_Op10-12_c_page_3]                 Book.java:560  | 1 sheet in C:\Users\Elliot\Downloads\Audiveris\scores\031_Chopin_Etude_Op10-12_c_page_3.jpg
2025-12-26 12:55:38,900 INFO []                 Book.java:2577 | Stored /book.xml
2025-12-26 12:55:38,901 INFO []                 Book.java:2537 | Book stored as C:\Users\Elliot\Downloads\Audiveris\scores\031_Chopin_Etude_Op10-12_c_page_3.omr
2025-12-26 12:55:38,905 INFO []                 Book.java:1929 | Book reaching PAGE on sheets:[#1]
2025-12-26 12:55:38,910 INFO [031_Chopin_Etude_Op10-12_c_page_3]       StepMonitoring.java:98   | LOAD
2025-12-26 12:55:39,091 INFO [031_Chopin_Etude_Op10-12_c_page_3]            SheetStub.java:1273 | Loaded image #1 1653x2339 from C:\Users\Elliot\Downloads\Audiveris\scores\031_Chopin_Etude_Op10-12_c_page_3.jpg
2025-12-26 12:55:39,096 INFO [031_Chopin_Etude_Op10-12_c_page_3]            ImageUtil.java:124  | Converting max RGB to gray
2025-12-26 12:55:39,257 INFO [031_Chopin_Etude_Op10-12_c_page_3]       StepMonitoring.java:98   | BINARY
2025-12-26 12:55:39,614 INFO [031_Chopin_Etude_Op10-12_c_page_3]       StepMonitoring.java:98   | SCALE
2025-12-26 12:55:39,646 INFO [031_Chopin_Etude_Op10-12_c_page_3]         ScaleBuilder.java:241  | Beam  guessed height:  5 -- 0.50 of 10 interline
2025-12-26 12:55:39,647 INFO [031_Chopin_Etude_Op10-12_c_page_3]         ScaleBuilder.java:264  | Beam measured height:  6 -- 0.43 of [3..10] range at 741% of needed quorum
2025-12-26 12:55:39,648 INFO [031_Chopin_Etude_Op10-12_c_page_3]            ScaleStep.java:65   | Scale{ interline(11,12,12) line(1,1,3) beam(6)}
2025-12-26 12:55:39,649 INFO [031_Chopin_Etude_Op10-12_c_page_3]       StepMonitoring.java:98   | GRID
2025-12-26 12:55:40,239 INFO [031_Chopin_Etude_Op10-12_c_page_3]       LinesRetriever.java:1500 | Global slope: -0.00036
2025-12-26 12:55:40,325 INFO [031_Chopin_Etude_Op10-12_c_page_3]    ClustersRetriever.java:326  | Retrieved raw line clusters: 10 of sizes [5] with interline(11,12,12)
2025-12-26 12:55:40,505 INFO [031_Chopin_Etude_Op10-12_c_page_3]            PeakGraph.java:310  | Systems: #1[1, 2] #2[3, 4] #3[5, 6] #4[7, 8] #5[9, 10]
2025-12-26 12:55:40,924 INFO [031_Chopin_Etude_Op10-12_c_page_3]        SystemManager.java:779  | 1 part along 5 systems
2025-12-26 12:55:40,925 INFO [031_Chopin_Etude_Op10-12_c_page_3]                 Book.java:543  | Created scores: [{Score 1}]
2025-12-26 12:55:40,925 INFO [031_Chopin_Etude_Op10-12_c_page_3]       StepMonitoring.java:98   | HEADERS
2025-12-26 12:55:41,344 INFO [031_Chopin_Etude_Op10-12_c_page_3]      BasicClassifier.java:286  | Classifier loaded XML norms.
2025-12-26 12:55:41,351 INFO [031_Chopin_Etude_Op10-12_c_page_3]   AbstractClassifier.java:396  | Classifier data loaded from default uri jar:file:/C:/Users/Elliot/Downloads/Audiveris/app/audiveris.jar!/res/basic-classifier.zip
2025-12-26 12:55:42,592 INFO [031_Chopin_Etude_Op10-12_c_page_3]       StepMonitoring.java:98   | STEM_SEEDS
2025-12-26 12:55:42,665 INFO [031_Chopin_Etude_Op10-12_c_page_3]        StemSeedsStep.java:86   | stem(1 max:2)
2025-12-26 12:55:42,767 INFO [031_Chopin_Etude_Op10-12_c_page_3]       StepMonitoring.java:98   | BEAMS
2025-12-26 12:55:44,168 INFO [031_Chopin_Etude_Op10-12_c_page_3]       StepMonitoring.java:98   | LEDGERS
2025-12-26 12:55:44,589 INFO [031_Chopin_Etude_Op10-12_c_page_3]       StepMonitoring.java:98   | HEADS
2025-12-26 12:55:47,254 INFO [031_Chopin_Etude_Op10-12_c_page_3]        HeadSeedTally.java:235  | Scale information: HeadSeeds{NOTEHEAD_VOID[L:-0.2] NOTEHEAD_BLACK[L:-0.2,R:0.5]}
2025-12-26 12:55:47,255 INFO [031_Chopin_Etude_Op10-12_c_page_3]       StepMonitoring.java:98   | STEMS
2025-12-26 12:55:48,883 INFO [031_Chopin_Etude_Op10-12_c_page_3]       StepMonitoring.java:98   | REDUCTION
2025-12-26 12:55:49,356 INFO [031_Chopin_Etude_Op10-12_c_page_3]        ReductionStep.java:105  | Stems free length median value: 42 pixels, 3.5 interlines
2025-12-26 12:55:49,364 INFO [031_Chopin_Etude_Op10-12_c_page_3]       StepMonitoring.java:98   | CUE_BEAMS
2025-12-26 12:55:49,364 INFO [031_Chopin_Etude_Op10-12_c_page_3]         CueBeamsStep.java:81   | Step CUE_BEAMS is skipped because small heads switch is off
2025-12-26 12:55:49,364 INFO [031_Chopin_Etude_Op10-12_c_page_3]       StepMonitoring.java:98   | TEXTS
2025-12-26 12:55:49,464 WARN [031_Chopin_Etude_Op10-12_c_page_3]         TesseractOCR.java:335  | The collection of supported languages is empty
2025-12-26 12:55:49,465 INFO [031_Chopin_Etude_Op10-12_c_page_3]              OcrUtil.java:106  | Missing support for 'eng' language(s)
2025-12-26 12:55:49,477 INFO [031_Chopin_Etude_Op10-12_c_page_3]       StepMonitoring.java:98   | MEASURES
2025-12-26 12:55:49,490 INFO [031_Chopin_Etude_Op10-12_c_page_3]                 Page.java:307  | 15 raw measures: [3 in system#1, 3 in system#2, 3 in system#3, 3 in system#4, 3 in system#5]
2025-12-26 12:55:49,492 INFO [031_Chopin_Etude_Op10-12_c_page_3]       StepMonitoring.java:98   | CHORDS
2025-12-26 12:55:49,528 INFO [031_Chopin_Etude_Op10-12_c_page_3]       StepMonitoring.java:98   | CURVES
2025-12-26 12:55:50,605 INFO [031_Chopin_Etude_Op10-12_c_page_3]         SlursBuilder.java:240  | Slurs: 39
2025-12-26 12:55:50,651 INFO [031_Chopin_Etude_Op10-12_c_page_3]      SegmentsBuilder.java:155  | Segments: 60
2025-12-26 12:55:50,662 INFO [031_Chopin_Etude_Op10-12_c_page_3]       StepMonitoring.java:98   | SYMBOLS
2025-12-26 12:55:51,682 INFO [031_Chopin_Etude_Op10-12_c_page_3]       StepMonitoring.java:98   | LINKS
2025-12-26 12:55:51,849 INFO [031_Chopin_Etude_Op10-12_c_page_3]       StepMonitoring.java:98   | RHYTHMS
2025-12-26 12:55:51,953 INFO [031_Chopin_Etude_Op10-12_c_page_3]        MeasureRhythm.java:1045 | Measure{#5} No timeOffset for HeadChordInter#8129{(0.676/0.676) staff:4 slot#2 dur:1/2}
2025-12-26 12:55:51,957 INFO [031_Chopin_Etude_Op10-12_c_page_3]   AbstractChordInter.java:627  | Measure{#5} No timeOffset for HeadChordInter#8140{(0.939/0.939) staff:4 slot#13 dur:1/4}
2025-12-26 12:55:51,958 INFO [031_Chopin_Etude_Op10-12_c_page_3]   AbstractChordInter.java:627  | Measure{#5} No timeOffset for HeadChordInter#8140{(0.939/0.939) staff:4 slot#13 dur:1/4}
2025-12-26 12:55:51,959 INFO [031_Chopin_Etude_Op10-12_c_page_3]   AbstractChordInter.java:627  | Measure{#5} No timeOffset for HeadChordInter#8140{(0.939/0.939) staff:4 slot#13 dur:1/4}
2025-12-26 12:55:51,960 INFO [031_Chopin_Etude_Op10-12_c_page_3]          StackRhythm.java:224  | S2 MeasureStack#5 no correct rhythm
2025-12-26 12:55:52,093 INFO [031_Chopin_Etude_Op10-12_c_page_3]       StepMonitoring.java:98   | PAGE
2025-12-26 12:55:52,108 WARN [031_Chopin_Etude_Op10-12_c_page_3]         MeasureFixer.java:343  | System#1 No target duration for measures local IDs [1, 2, 3], please check time signatures
2025-12-26 12:55:52,109 WARN [031_Chopin_Etude_Op10-12_c_page_3]         MeasureFixer.java:343  | System#2 No target duration for measures local IDs [4, 5, 6], please check time signatures
2025-12-26 12:55:52,110 WARN [031_Chopin_Etude_Op10-12_c_page_3]         MeasureFixer.java:343  | System#3 No target duration for measures local IDs [7, 8, 9], please check time signatures
2025-12-26 12:55:52,110 WARN [031_Chopin_Etude_Op10-12_c_page_3]         MeasureFixer.java:343  | System#4 No target duration for measures local IDs [10, 11, 12], please check time signatures
2025-12-26 12:55:52,111 WARN [031_Chopin_Etude_Op10-12_c_page_3]         MeasureFixer.java:343  | System#5 No target duration for measures local IDs [13, 14, 15], please check time signatures
2025-12-26 12:55:52,117 INFO [031_Chopin_Etude_Op10-12_c_page_3]                 Book.java:2596 | Book{031_Chopin_Etude_Op10-12_c_page_3} storing
2025-12-26 12:55:52,195 INFO [031_Chopin_Etude_Op10-12_c_page_3]                 Book.java:2577 | Stored /book.xml
2025-12-26 12:55:52,283 INFO [031_Chopin_Etude_Op10-12_c_page_3]           DataHolder.java:348  | Stored /sheet#1/BINARY.png
2025-12-26 12:55:53,588 INFO [031_Chopin_Etude_Op10-12_c_page_3]                Sheet.java:1583 | Stored /sheet#1/sheet#1.xml
2025-12-26 12:55:53,588 INFO [031_Chopin_Etude_Op10-12_c_page_3]                 Book.java:2537 | Book stored as C:\Users\Elliot\Downloads\Audiveris\scores\031_Chopin_Etude_Op10-12_c_page_3.omr
2025-12-26 12:55:53,592 INFO [031_Chopin_Etude_Op10-12_c_page_3]            SheetStub.java:1660 | Disposed sheet
2025-12-26 12:55:53,629 INFO [031_Chopin_Etude_Op10-12_c_page_3]                 Book.java:2064 | End of Stub#1
2025-12-26 12:55:53,630 INFO [031_Chopin_Etude_Op10-12_c_page_3]                 Book.java:2071 | Book processed.
2025-12-26 12:55:54,158 INFO [031_Chopin_Etude_Op10-12_c_page_3]            SheetStub.java:997  | Loaded /sheet#1/sheet#1.xml
2025-12-26 12:55:54,881 INFO [031_Chopin_Etude_Op10-12_c_page_3]      PartwiseBuilder.java:2688 | Exporting sheet(s): [#1]
2025-12-26 12:55:55,049 INFO [031_Chopin_Etude_Op10-12_c_page_3]        ScoreExporter.java:164  | Score 031_Chopin_Etude_Op10-12_c_page_3 exported to C:\Users\Elliot\Downloads\Audiveris\scores\031_Chopin_Etude_Op10-12_c_page_3.mxl
2025-12-26 12:55:55,105 INFO [031_Chopin_Etude_Op10-12_c_page_3]                Score.java:181  | Closing {Score 1}
