2025-12-26 12:55:03,896 INFO [031_Chopin_Etude_Op10-12_c_page_1]                 Book.java:560  | 1 sheet in C:\Users\Elliot\Downloads\Audiveris\scores\031_Chopin_Etude_Op10-12_c_page_1.jpg
2025-12-26 12:55:04,120 INFO []                 Book.java:2577 | Stored /book.xml
2025-12-26 12:55:04,121 INFO []                 Book.java:2537 | Book stored as C:\Users\Elliot\Downloads\Audiveris\scores\031_Chopin_Etude_Op10-12_c_page_1.omr
2025-12-26 12:55:04,129 INFO []                 Book.java:1929 | Book reaching PAGE on sheets:[#1]
2025-12-26 12:55:04,131 INFO [031_Chopin_Etude_Op10-12_c_page_1]       StepMonitoring.java:98   | LOAD
2025-12-26 12:55:04,315 INFO [031_Chopin_Etude_Op10-12_c_page_1]            SheetStub.java:1273 | Loaded image #1 1653x2339 from C:\Users\Elliot\Downloads\Audiveris\scores\031_Chopin_Etude_Op10-12_c_page_1.jpg
2025-12-26 12:55:04,320 INFO [031_Chopin_Etude_Op10-12_c_page_1]            ImageUtil.java:124  | Converting max RGB to gray
2025-12-26 12:55:04,545 INFO [031_Chopin_Etude_Op10-12_c_page_1]       StepMonitoring.java:98   | BINARY
2025-12-26 12:55:04,975 INFO [031_Chopin_Etude_Op10-12_c_page_1]       StepMonitoring.java:98   | SCALE
2025-12-26 12:55:05,003 INFO [031_Chopin_Etude_Op10-12_c_page_1]         ScaleBuilder.java:241  | Beam  guessed height:  5 -- 0.50 of 10 interline
2025-12-26 12:55:05,005 INFO [031_Chopin_Etude_Op10-12_c_page_1]         ScaleBuilder.java:264  | Beam measured height:  6 -- 0.43 of [3..10] range at 567% of needed quorum
2025-12-26 12:55:05,005 INFO [031_Chopin_Etude_Op10-12_c_page_1]            ScaleStep.java:65   | Scale{ interline(11,12,12) line(1,1,3) beam(6)}
2025-12-26 12:55:05,006 INFO [031_Chopin_Etude_Op10-12_c_page_1]       StepMonitoring.java:98   | GRID
2025-12-26 12:55:05,617 INFO [031_Chopin_Etude_Op10-12_c_page_1]       LinesRetriever.java:1500 | Global slope: 0.00000
2025-12-26 12:55:05,696 INFO [031_Chopin_Etude_Op10-12_c_page_1]    ClustersRetriever.java:326  | Retrieved raw line clusters: 10 of sizes [5] with interline(11,12,12)
2025-12-26 12:55:05,909 INFO [031_Chopin_Etude_Op10-12_c_page_1]            PeakGraph.java:310  | Systems: #1[1, 2] #2[3, 4] #3[5, 6] #4[7, 8] #5[9, 10]
2025-12-26 12:55:06,263 INFO [031_Chopin_Etude_Op10-12_c_page_1]        SystemManager.java:779  | 1 part along 5 systems
2025-12-26 12:55:06,263 INFO [031_Chopin_Etude_Op10-12_c_page_1]                 Book.java:543  | Created scores: [{Score 1}]
2025-12-26 12:55:06,264 INFO [031_Chopin_Etude_Op10-12_c_page_1]       StepMonitoring.java:98   | HEADERS
2025-12-26 12:55:06,720 INFO [031_Chopin_Etude_Op10-12_c_page_1]      BasicClassifier.java:286  | Classifier loaded XML norms.
2025-12-26 12:55:06,725 INFO [031_Chopin_Etude_Op10-12_c_page_1]   AbstractClassifier.java:396  | Classifier data loaded from default uri jar:file:/C:/Users/Elliot/Downloads/Audiveris/app/audiveris.jar!/res/basic-classifier.zip
2025-12-26 12:55:07,913 INFO [031_Chopin_Etude_Op10-12_c_page_1]       StepMonitoring.java:98   | STEM_SEEDS
2025-12-26 12:55:07,977 INFO [031_Chopin_Etude_Op10-12_c_page_1]        StemSeedsStep.java:86   | stem(1 max:2)
2025-12-26 12:55:08,038 INFO [031_Chopin_Etude_Op10-12_c_page_1]       StepMonitoring.java:98   | BEAMS
2025-12-26 12:55:09,354 INFO [031_Chopin_Etude_Op10-12_c_page_1]       StepMonitoring.java:98   | LEDGERS
2025-12-26 12:55:09,681 INFO [031_Chopin_Etude_Op10-12_c_page_1]       StepMonitoring.java:98   | HEADS
2025-12-26 12:55:12,384 INFO [031_Chopin_Etude_Op10-12_c_page_1]        HeadSeedTally.java:235  | Scale information: HeadSeeds{NOTEHEAD_VOID[L:-0.4] NOTEHEAD_BLACK[L:-0.2,R:0.5]}
2025-12-26 12:55:12,385 INFO [031_Chopin_Etude_Op10-12_c_page_1]       StepMonitoring.java:98   | STEMS
2025-12-26 12:55:13,838 INFO [031_Chopin_Etude_Op10-12_c_page_1]       StepMonitoring.java:98   | REDUCTION
2025-12-26 12:55:14,295 INFO [031_Chopin_Etude_Op10-12_c_page_1]        ReductionStep.java:105  | Stems free length median value: 41 pixels, 3.4 interlines
2025-12-26 12:55:14,306 INFO [031_Chopin_Etude_Op10-12_c_page_1]       StepMonitoring.java:98   | CUE_BEAMS
2025-12-26 12:55:14,307 INFO [031_Chopin_Etude_Op10-12_c_page_1]         CueBeamsStep.java:81   | Step CUE_BEAMS is skipped because small heads switch is off
2025-12-26 12:55:14,308 INFO [031_Chopin_Etude_Op10-12_c_page_1]       StepMonitoring.java:98   | TEXTS
2025-12-26 12:55:14,410 WARN [031_Chopin_Etude_Op10-12_c_page_1]         TesseractOCR.java:335  | The collection of supported languages is empty
2025-12-26 12:55:14,410 INFO [031_Chopin_Etude_Op10-12_c_page_1]              OcrUtil.java:106  | Missing support for 'eng' language(s)
2025-12-26 12:55:14,421 INFO [031_Chopin_Etude_Op10-12_c_page_1]       StepMonitoring.java:98   | MEASURES
2025-12-26 12:55:14,433 INFO [031_Chopin_Etude_Op10-12_c_page_1]                 Page.java:307  | 14 raw measures: [3 in system#1, 3 in system#2, 3 in system#3, 3 in system#4, 2 in system#5]
2025-12-26 12:55:14,433 INFO [031_Chopin_Etude_Op10-12_c_page_1]       StepMonitoring.java:98   | CHORDS
2025-12-26 12:55:14,462 INFO [031_Chopin_Etude_Op10-12_c_page_1]       StepMonitoring.java:98   | CURVES
2025-12-26 12:55:15,356 INFO [031_Chopin_Etude_Op10-12_c_page_1]         SlursBuilder.java:240  | Slurs: 44
2025-12-26 12:55:15,440 INFO [031_Chopin_Etude_Op10-12_c_page_1]      SegmentsBuilder.java:155  | Segments: 56
2025-12-26 12:55:15,452 INFO [031_Chopin_Etude_Op10-12_c_page_1]       StepMonitoring.java:98   | SYMBOLS
2025-12-26 12:55:16,563 INFO [031_Chopin_Etude_Op10-12_c_page_1]       StepMonitoring.java:98   | LINKS
2025-12-26 12:55:16,698 INFO [031_Chopin_Etude_Op10-12_c_page_1]       StepMonitoring.java:98   | RHYTHMS
2025-12-26 12:55:16,832 INFO [031_Chopin_Etude_Op10-12_c_page_1]       StepMonitoring.java:98   | PAGE
2025-12-26 12:55:16,841 WARN [031_Chopin_Etude_Op10-12_c_page_1]         MeasureFixer.java:343  | System#1 No target duration for measures local IDs [1, 2, 3], please check time signatures
2025-12-26 12:55:16,842 WARN [031_Chopin_Etude_Op10-12_c_page_1]         MeasureFixer.java:343  | System#2 No target duration for measures local IDs [4, 5, 6], please check time signatures
2025-12-26 12:55:16,843 WARN [031_Chopin_Etude_Op10-12_c_page_1]         MeasureFixer.java:343  | System#3 No target duration for measures local IDs [7, 8, 9], please check time signatures
2025-12-26 12:55:16,843 WARN [031_Chopin_Etude_Op10-12_c_page_1]         MeasureFixer.java:343  | System#4 No target duration for measures local IDs [10, 11, 12], please check time signatures
2025-12-26 12:55:16,843 WARN [031_Chopin_Etude_Op10-12_c_page_1]         MeasureFixer.java:343  | System#5 No target duration for measures local IDs [13, 14], please check time signatures
2025-12-26 12:55:16,851 INFO [031_Chopin_Etude_Op10-12_c_page_1]                 Book.java:2596 | Book{031_Chopin_Etude_Op10-12_c_page_1} storing
2025-12-26 12:55:16,926 INFO [031_Chopin_Etude_Op10-12_c_page_1]                 Book.java:2577 | Stored /book.xml
2025-12-26 12:55:17,042 INFO [031_Chopin_Etude_Op10-12_c_page_1]           DataHolder.java:348  | Stored /sheet#1/BINARY.png
2025-12-26 12:55:18,346 INFO [031_Chopin_Etude_Op10-12_c_page_1]                Sheet.java:1583 | Stored /sheet#1/sheet#1.xml
2025-12-26 12:55:18,346 INFO [031_Chopin_Etude_Op10-12_c_page_1]                 Book.java:2537 | Book stored as C:\Users\Elliot\Downloads\Audiveris\scores\031_Chopin_Etude_Op10-12_c_page_1.omr
2025-12-26 12:55:18,351 INFO [031_Chopin_Etude_Op10-12_c_page_1]            SheetStub.java:1660 | Disposed sheet
2025-12-26 12:55:18,397 INFO [031_Chopin_Etude_Op10-12_c_page_1]                 Book.java:2064 | End of Stub#1
2025-12-26 12:55:18,399 INFO [031_Chopin_Etude_Op10-12_c_page_1]                 Book.java:2071 | Book processed.
2025-12-26 12:55:19,112 INFO [031_Chopin_Etude_Op10-12_c_page_1]            SheetStub.java:997  | Loaded /sheet#1/sheet#1.xml
2025-12-26 12:55:19,771 INFO [031_Chopin_Etude_Op10-12_c_page_1]      PartwiseBuilder.java:2688 | Exporting sheet(s): [#1]
2025-12-26 12:55:19,952 INFO [031_Chopin_Etude_Op10-12_c_page_1]        ScoreExporter.java:164  | Score 031_Chopin_Etude_Op10-12_c_page_1 exported to C:\Users\Elliot\Downloads\Audiveris\scores\031_Chopin_Etude_Op10-12_c_page_1.mxl
2025-12-26 12:55:20,006 INFO [031_Chopin_Etude_Op10-12_c_page_1]                Score.java:181  | Closing {Score 1}
