2025-12-26 12:54:45,221 INFO [031_Chopin_Etude_Op10-12_c_page_0]                 Book.java:560  | 1 sheet in C:\Users\Elliot\Downloads\Audiveris\scores\031_Chopin_Etude_Op10-12_c_page_0.jpg
2025-12-26 12:54:45,433 INFO []                 Book.java:2577 | Stored /book.xml
2025-12-26 12:54:45,434 INFO []                 Book.java:2537 | Book stored as C:\Users\Elliot\Downloads\Audiveris\scores\031_Chopin_Etude_Op10-12_c_page_0.omr
2025-12-26 12:54:45,444 INFO []                 Book.java:1929 | Book reaching PAGE on sheets:[#1]
2025-12-26 12:54:45,452 INFO [031_Chopin_Etude_Op10-12_c_page_0]       StepMonitoring.java:98   | LOAD
2025-12-26 12:54:45,638 INFO [031_Chopin_Etude_Op10-12_c_page_0]            SheetStub.java:1273 | Loaded image #1 1653x2339 from C:\Users\Elliot\Downloads\Audiveris\scores\031_Chopin_Etude_Op10-12_c_page_0.jpg
2025-12-26 12:54:45,641 INFO [031_Chopin_Etude_Op10-12_c_page_0]            ImageUtil.java:124  | Converting max RGB to gray
2025-12-26 12:54:45,804 INFO [031_Chopin_Etude_Op10-12_c_page_0]       StepMonitoring.java:98   | BINARY
2025-12-26 12:54:46,167 INFO [031_Chopin_Etude_Op10-12_c_page_0]       StepMonitoring.java:98   | SCALE
2025-12-26 12:54:46,195 INFO [031_Chopin_Etude_Op10-12_c_page_0]         ScaleBuilder.java:241  | Beam  guessed height:  5 -- 0.50 of 10 interline
2025-12-26 12:54:46,197 INFO [031_Chopin_Etude_Op10-12_c_page_0]         ScaleBuilder.java:264  | Beam measured height:  6 -- 0.43 of [3..10] range at 713% of needed quorum
2025-12-26 12:54:46,197 INFO [031_Chopin_Etude_Op10-12_c_page_0]            ScaleStep.java:65   | Scale{ interline(11,12,12) line(1,1,3) beam(6)}
2025-12-26 12:54:46,198 INFO [031_Chopin_Etude_Op10-12_c_page_0]       StepMonitoring.java:98   | GRID
2025-12-26 12:54:47,002 INFO [031_Chopin_Etude_Op10-12_c_page_0]       LinesRetriever.java:1500 | Global slope: 0.00000
2025-12-26 12:54:47,095 INFO [031_Chopin_Etude_Op10-12_c_page_0]    ClustersRetriever.java:326  | Retrieved raw line clusters: 10 of sizes [5] with interline(11,12,12)
2025-12-26 12:54:47,308 INFO [031_Chopin_Etude_Op10-12_c_page_0]            PeakGraph.java:310  | Systems: #1[1, 2] #2[3, 4] #3[5, 6] #4[7, 8] #5[9, 10]
2025-12-26 12:54:47,657 INFO [031_Chopin_Etude_Op10-12_c_page_0]        SystemManager.java:134  | Indentation detected for system #1
2025-12-26 12:54:47,658 INFO [031_Chopin_Etude_Op10-12_c_page_0]        SystemManager.java:779  | 1 part along 5 systems
2025-12-26 12:54:47,660 INFO [031_Chopin_Etude_Op10-12_c_page_0]                 Book.java:543  | Created scores: [{Score 1}]
2025-12-26 12:54:47,661 INFO [031_Chopin_Etude_Op10-12_c_page_0]       StepMonitoring.java:98   | HEADERS
2025-12-26 12:54:47,975 INFO [031_Chopin_Etude_Op10-12_c_page_0]      BasicClassifier.java:286  | Classifier loaded XML norms.
2025-12-26 12:54:47,979 INFO [031_Chopin_Etude_Op10-12_c_page_0]   AbstractClassifier.java:396  | Classifier data loaded from default uri jar:file:/C:/Users/Elliot/Downloads/Audiveris/app/audiveris.jar!/res/basic-classifier.zip
2025-12-26 12:54:49,016 INFO [031_Chopin_Etude_Op10-12_c_page_0]       StepMonitoring.java:98   | STEM_SEEDS
2025-12-26 12:54:49,092 INFO [031_Chopin_Etude_Op10-12_c_page_0]        StemSeedsStep.java:86   | stem(1 max:2)
2025-12-26 12:54:49,185 INFO [031_Chopin_Etude_Op10-12_c_page_0]       StepMonitoring.java:98   | BEAMS
2025-12-26 12:54:50,920 INFO [031_Chopin_Etude_Op10-12_c_page_0]       StepMonitoring.java:98   | LEDGERS
2025-12-26 12:54:51,244 INFO [031_Chopin_Etude_Op10-12_c_page_0]       StepMonitoring.java:98   | HEADS
2025-12-26 12:54:53,673 INFO [031_Chopin_Etude_Op10-12_c_page_0]        HeadSeedTally.java:235  | Scale information: HeadSeeds{NOTEHEAD_VOID[L:-0.4] NOTEHEAD_BLACK[L:-0.2,R:0.5]}
2025-12-26 12:54:53,674 INFO [031_Chopin_Etude_Op10-12_c_page_0]       StepMonitoring.java:98   | STEMS
2025-12-26 12:54:55,295 INFO [031_Chopin_Etude_Op10-12_c_page_0]       StepMonitoring.java:98   | REDUCTION
2025-12-26 12:54:55,614 INFO [031_Chopin_Etude_Op10-12_c_page_0]        ReductionStep.java:105  | Stems free length median value: 42 pixels, 3.5 interlines
2025-12-26 12:54:55,622 INFO [031_Chopin_Etude_Op10-12_c_page_0]       StepMonitoring.java:98   | CUE_BEAMS
2025-12-26 12:54:55,623 INFO [031_Chopin_Etude_Op10-12_c_page_0]         CueBeamsStep.java:81   | Step CUE_BEAMS is skipped because small heads switch is off
2025-12-26 12:54:55,623 INFO [031_Chopin_Etude_Op10-12_c_page_0]       StepMonitoring.java:98   | TEXTS
2025-12-26 12:54:55,798 WARN [031_Chopin_Etude_Op10-12_c_page_0]         TesseractOCR.java:335  | The collection of supported languages is empty
2025-12-26 12:54:55,799 INFO [031_Chopin_Etude_Op10-12_c_page_0]              OcrUtil.java:106  | Missing support for 'eng' language(s)
2025-12-26 12:54:55,811 INFO [031_Chopin_Etude_Op10-12_c_page_0]       StepMonitoring.java:98   | MEASURES
2025-12-26 12:54:55,822 INFO [031_Chopin_Etude_Op10-12_c_page_0]                 Page.java:307  | 15 raw measures: [3 in system#1, 3 in system#2, 3 in system#3, 3 in system#4, 3 in system#5]
2025-12-26 12:54:55,823 INFO [031_Chopin_Etude_Op10-12_c_page_0]       StepMonitoring.java:98   | CHORDS
2025-12-26 12:54:55,856 INFO [031_Chopin_Etude_Op10-12_c_page_0]       StepMonitoring.java:98   | CURVES
2025-12-26 12:54:56,795 INFO [031_Chopin_Etude_Op10-12_c_page_0]         SlursBuilder.java:240  | Slurs: 44
2025-12-26 12:54:56,854 INFO [031_Chopin_Etude_Op10-12_c_page_0]      SegmentsBuilder.java:155  | Segments: 55
2025-12-26 12:54:56,872 INFO [031_Chopin_Etude_Op10-12_c_page_0]       StepMonitoring.java:98   | SYMBOLS
2025-12-26 12:54:57,953 INFO [031_Chopin_Etude_Op10-12_c_page_0]       StepMonitoring.java:98   | LINKS
2025-12-26 12:54:58,176 INFO [031_Chopin_Etude_Op10-12_c_page_0]       StepMonitoring.java:98   | RHYTHMS
2025-12-26 12:54:58,263 INFO [031_Chopin_Etude_Op10-12_c_page_0]                Voice.java:257  | Measure{#3} Voice{#5 excess:1/8} too long
2025-12-26 12:54:58,265 INFO [031_Chopin_Etude_Op10-12_c_page_0]                Voice.java:257  | Measure{#3} Voice{#2 excess:1/8} too long
2025-12-26 12:54:58,267 INFO [031_Chopin_Etude_Op10-12_c_page_0]          StackRhythm.java:224  | S1 MeasureStack#3 no correct rhythm
2025-12-26 12:54:58,303 INFO [031_Chopin_Etude_Op10-12_c_page_0]        MeasureRhythm.java:1277 | Measure{#5} Time inconsistency in {13/16=[HeadChordInter#7744{(0.934/0.934) staff:3 slot#13 off:13/16 dur:1/16}], 7/8=[HeadChordInter#7783{(0.947/0.947) staff:4 slot#13 off:7/8 dur:1/8}]}
2025-12-26 12:54:58,305 INFO [031_Chopin_Etude_Op10-12_c_page_0]        MeasureRhythm.java:1277 | Measure{#5} Time inconsistency in {7/8=[HeadChordInter#7745{(0.955/0.955) staff:3 slot#14 off:7/8 dur:1/16}], 1=[HeadChordInter#7784{(0.935/0.935) staff:4 slot#14 off:1 dur:1/8}]}
2025-12-26 12:54:58,306 INFO [031_Chopin_Etude_Op10-12_c_page_0]        MeasureRhythm.java:1277 | Measure{#5} Time inconsistency in {15/16=[HeadChordInter#7746{(0.949/0.949) staff:3 slot#15 off:15/16 dur:1/16}], 9/8=[HeadChordInter#7785{(0.947/0.947) staff:4 slot#15 off:9/8 dur:1/8}]}
2025-12-26 12:54:58,307 INFO [031_Chopin_Etude_Op10-12_c_page_0]                Voice.java:257  | Measure{#5} Voice{#5 excess:1/4} too long
2025-12-26 12:54:58,309 INFO [031_Chopin_Etude_Op10-12_c_page_0]          StackRhythm.java:224  | S2 MeasureStack#5 no correct rhythm
2025-12-26 12:54:58,369 INFO [031_Chopin_Etude_Op10-12_c_page_0]                Voice.java:257  | Measure{#12} Voice{#1 excess:1/16} too long
2025-12-26 12:54:58,370 INFO [031_Chopin_Etude_Op10-12_c_page_0]          StackRhythm.java:224  | S4 MeasureStack#12 no correct rhythm
2025-12-26 12:54:58,387 INFO [031_Chopin_Etude_Op10-12_c_page_0]       StepMonitoring.java:98   | PAGE
2025-12-26 12:54:58,397 INFO [031_Chopin_Etude_Op10-12_c_page_0]                Voice.java:257  | Measure{#3} Voice{#2 excess:1/8} too long
2025-12-26 12:54:58,398 INFO [031_Chopin_Etude_Op10-12_c_page_0]                Voice.java:257  | Measure{#3} Voice{#5 excess:1/8} too long
2025-12-26 12:54:58,398 INFO [031_Chopin_Etude_Op10-12_c_page_0]                Voice.java:257  | Measure{#5} Voice{#5 excess:1/4} too long
2025-12-26 12:54:58,399 INFO [031_Chopin_Etude_Op10-12_c_page_0]                Voice.java:257  | Measure{#12} Voice{#1 excess:1/16} too long
2025-12-26 12:54:58,404 INFO [031_Chopin_Etude_Op10-12_c_page_0]                 Book.java:2596 | Book{031_Chopin_Etude_Op10-12_c_page_0} storing
2025-12-26 12:54:58,463 INFO [031_Chopin_Etude_Op10-12_c_page_0]                 Book.java:2577 | Stored /book.xml
2025-12-26 12:54:58,554 INFO [031_Chopin_Etude_Op10-12_c_page_0]           DataHolder.java:348  | Stored /sheet#1/BINARY.png
2025-12-26 12:54:59,991 INFO [031_Chopin_Etude_Op10-12_c_page_0]                Sheet.java:1583 | Stored /sheet#1/sheet#1.xml
2025-12-26 12:54:59,991 INFO [031_Chopin_Etude_Op10-12_c_page_0]                 Book.java:2537 | Book stored as C:\Users\Elliot\Downloads\Audiveris\scores\031_Chopin_Etude_Op10-12_c_page_0.omr
2025-12-26 12:54:59,997 INFO [031_Chopin_Etude_Op10-12_c_page_0]            SheetStub.java:1660 | Disposed sheet
2025-12-26 12:55:00,039 INFO [031_Chopin_Etude_Op10-12_c_page_0]                 Book.java:2064 | End of Stub#1
2025-12-26 12:55:00,040 INFO [031_Chopin_Etude_Op10-12_c_page_0]                 Book.java:2071 | Book processed.
2025-12-26 12:55:00,645 INFO [031_Chopin_Etude_Op10-12_c_page_0]            SheetStub.java:997  | Loaded /sheet#1/sheet#1.xml
2025-12-26 12:55:01,143 INFO [031_Chopin_Etude_Op10-12_c_page_0]      PartwiseBuilder.java:2688 | Exporting sheet(s): [#1]
2025-12-26 12:55:01,313 INFO [031_Chopin_Etude_Op10-12_c_page_0]        ScoreExporter.java:164  | Score 031_Chopin_Etude_Op10-12_c_page_0 exported to C:\Users\Elliot\Downloads\Audiveris\scores\031_Chopin_Etude_Op10-12_c_page_0.mxl
2025-12-26 12:55:01,372 INFO [031_Chopin_Etude_Op10-12_c_page_0]                Score.java:181  | Closing {Score 1}
