2025-12-26 12:55:22,370 INFO [031_Chopin_Etude_Op10-12_c_page_2]                 Book.java:560  | 1 sheet in C:\Users\Elliot\Downloads\Audiveris\scores\031_Chopin_Etude_Op10-12_c_page_2.jpg
2025-12-26 12:55:22,555 INFO []                 Book.java:2577 | Stored /book.xml
2025-12-26 12:55:22,556 INFO []                 Book.java:2537 | Book stored as C:\Users\Elliot\Downloads\Audiveris\scores\031_Chopin_Etude_Op10-12_c_page_2.omr
2025-12-26 12:55:22,565 INFO []                 Book.java:1929 | Book reaching PAGE on sheets:[#1]
2025-12-26 12:55:22,573 INFO [031_Chopin_Etude_Op10-12_c_page_2]       StepMonitoring.java:98   | LOAD
2025-12-26 12:55:22,710 INFO [031_Chopin_Etude_Op10-12_c_page_2]            SheetStub.java:1273 | Loaded image #1 1653x2339 from C:\Users\Elliot\Downloads\Audiveris\scores\031_Chopin_Etude_Op10-12_c_page_2.jpg
2025-12-26 12:55:22,714 INFO [031_Chopin_Etude_Op10-12_c_page_2]            ImageUtil.java:124  | Converting max RGB to gray
2025-12-26 12:55:22,885 INFO [031_Chopin_Etude_Op10-12_c_page_2]       StepMonitoring.java:98   | BINARY
2025-12-26 12:55:23,275 INFO [031_Chopin_Etude_Op10-12_c_page_2]       StepMonitoring.java:98   | SCALE
2025-12-26 12:55:23,305 INFO [031_Chopin_Etude_Op10-12_c_page_2]         ScaleBuilder.java:241  | Beam  guessed height:  5 -- 0.50 of 10 interline
2025-12-26 12:55:23,307 INFO [031_Chopin_Etude_Op10-12_c_page_2]         ScaleBuilder.java:264  | Beam measured height:  6 -- 0.43 of [3..10] range at 597% of needed quorum
2025-12-26 12:55:23,307 INFO [031_Chopin_Etude_Op10-12_c_page_2]            ScaleStep.java:65   | Scale{ interline(11,12,12) line(1,1,3) beam(6)}
2025-12-26 12:55:23,308 INFO [031_Chopin_Etude_Op10-12_c_page_2]       StepMonitoring.java:98   | GRID
2025-12-26 12:55:23,763 INFO [031_Chopin_Etude_Op10-12_c_page_2]       LinesRetriever.java:1500 | Global slope: 0.00000
2025-12-26 12:55:23,832 INFO [031_Chopin_Etude_Op10-12_c_page_2]    ClustersRetriever.java:326  | Retrieved raw line clusters: 10 of sizes [5] with interline(11,12,12)
2025-12-26 12:55:24,027 INFO [031_Chopin_Etude_Op10-12_c_page_2]            PeakGraph.java:310  | Systems: #1[1, 2] #2[3, 4] #3[5, 6] #4[7, 8] #5[9, 10]
2025-12-26 12:55:24,365 INFO [031_Chopin_Etude_Op10-12_c_page_2]        SystemManager.java:779  | 1 part along 5 systems
2025-12-26 12:55:24,366 INFO [031_Chopin_Etude_Op10-12_c_page_2]                 Book.java:543  | Created scores: [{Score 1}]
2025-12-26 12:55:24,366 INFO [031_Chopin_Etude_Op10-12_c_page_2]       StepMonitoring.java:98   | HEADERS
2025-12-26 12:55:24,697 INFO [031_Chopin_Etude_Op10-12_c_page_2]      BasicClassifier.java:286  | Classifier loaded XML norms.
2025-12-26 12:55:24,701 INFO [031_Chopin_Etude_Op10-12_c_page_2]   AbstractClassifier.java:396  | Classifier data loaded from default uri jar:file:/C:/Users/Elliot/Downloads/Audiveris/app/audiveris.jar!/res/basic-classifier.zip
2025-12-26 12:55:25,786 INFO [031_Chopin_Etude_Op10-12_c_page_2]       StepMonitoring.java:98   | STEM_SEEDS
2025-12-26 12:55:25,868 INFO [031_Chopin_Etude_Op10-12_c_page_2]        StemSeedsStep.java:86   | stem(2 max:2)
2025-12-26 12:55:25,953 INFO [031_Chopin_Etude_Op10-12_c_page_2]       StepMonitoring.java:98   | BEAMS
2025-12-26 12:55:27,159 INFO [031_Chopin_Etude_Op10-12_c_page_2]       StepMonitoring.java:98   | LEDGERS
2025-12-26 12:55:27,504 INFO [031_Chopin_Etude_Op10-12_c_page_2]       StepMonitoring.java:98   | HEADS
2025-12-26 12:55:30,033 INFO [031_Chopin_Etude_Op10-12_c_page_2]        HeadSeedTally.java:235  | Scale information: HeadSeeds{NOTEHEAD_VOID[L:-0.2] NOTEHEAD_BLACK[L:-0.1,R:0.5]}
2025-12-26 12:55:30,035 INFO [031_Chopin_Etude_Op10-12_c_page_2]       StepMonitoring.java:98   | STEMS
2025-12-26 12:55:30,777 INFO [031_Chopin_Etude_Op10-12_c_page_2]           BeamLinker.java:1729 | Not linking shorter BeamInter#1898{(0.328) BEAM}
2025-12-26 12:55:30,778 INFO [031_Chopin_Etude_Op10-12_c_page_2]           BeamLinker.java:1729 | Not linking shorter BeamHookInter#1902{(0.146/0.498) BEAM_HOOK}
2025-12-26 12:55:30,779 INFO [031_Chopin_Etude_Op10-12_c_page_2]           BeamLinker.java:1729 | Not linking shorter BeamInter#1898{(0.328) BEAM}
2025-12-26 12:55:31,035 INFO [031_Chopin_Etude_Op10-12_c_page_2]       StepMonitoring.java:98   | REDUCTION
2025-12-26 12:55:31,248 INFO [031_Chopin_Etude_Op10-12_c_page_2]        ReductionStep.java:105  | Stems free length median value: 41 pixels, 3.4 interlines
2025-12-26 12:55:31,255 INFO [031_Chopin_Etude_Op10-12_c_page_2]       StepMonitoring.java:98   | CUE_BEAMS
2025-12-26 12:55:31,255 INFO [031_Chopin_Etude_Op10-12_c_page_2]         CueBeamsStep.java:81   | Step CUE_BEAMS is skipped because small heads switch is off
2025-12-26 12:55:31,256 INFO [031_Chopin_Etude_Op10-12_c_page_2]       StepMonitoring.java:98   | TEXTS
2025-12-26 12:55:31,396 WARN [031_Chopin_Etude_Op10-12_c_page_2]         TesseractOCR.java:335  | The collection of supported languages is empty
2025-12-26 12:55:31,397 INFO [031_Chopin_Etude_Op10-12_c_page_2]              OcrUtil.java:106  | Missing support for 'eng' language(s)
2025-12-26 12:55:31,408 INFO [031_Chopin_Etude_Op10-12_c_page_2]       StepMonitoring.java:98   | MEASURES
2025-12-26 12:55:31,417 INFO [031_Chopin_Etude_Op10-12_c_page_2]                 Page.java:307  | 10 raw measures: [1 in system#1, 2 in system#2, 2 in system#3, 2 in system#4, 3 in system#5]
2025-12-26 12:55:31,418 INFO [031_Chopin_Etude_Op10-12_c_page_2]       StepMonitoring.java:98   | CHORDS
2025-12-26 12:55:31,441 INFO [031_Chopin_Etude_Op10-12_c_page_2]       StepMonitoring.java:98   | CURVES
2025-12-26 12:55:32,369 INFO [031_Chopin_Etude_Op10-12_c_page_2]         SlursBuilder.java:240  | Slurs: 30
2025-12-26 12:55:32,434 INFO [031_Chopin_Etude_Op10-12_c_page_2]      SegmentsBuilder.java:155  | Segments: 25
2025-12-26 12:55:32,445 INFO [031_Chopin_Etude_Op10-12_c_page_2]       StepMonitoring.java:98   | SYMBOLS
2025-12-26 12:55:33,604 INFO [031_Chopin_Etude_Op10-12_c_page_2]       StepMonitoring.java:98   | LINKS
2025-12-26 12:55:33,758 INFO [031_Chopin_Etude_Op10-12_c_page_2]       StepMonitoring.java:98   | RHYTHMS
2025-12-26 12:55:33,864 INFO [031_Chopin_Etude_Op10-12_c_page_2]       StepMonitoring.java:98   | PAGE
2025-12-26 12:55:33,871 WARN [031_Chopin_Etude_Op10-12_c_page_2]         MeasureFixer.java:343  | System#1 No target duration for measures local IDs [1], please check time signatures
2025-12-26 12:55:33,873 WARN [031_Chopin_Etude_Op10-12_c_page_2]         MeasureFixer.java:343  | System#2 No target duration for measures local IDs [2, 3], please check time signatures
2025-12-26 12:55:33,873 WARN [031_Chopin_Etude_Op10-12_c_page_2]         MeasureFixer.java:343  | System#3 No target duration for measures local IDs [4, 5], please check time signatures
2025-12-26 12:55:33,874 WARN [031_Chopin_Etude_Op10-12_c_page_2]         MeasureFixer.java:343  | System#4 No target duration for measures local IDs [6, 7], please check time signatures
2025-12-26 12:55:33,875 WARN [031_Chopin_Etude_Op10-12_c_page_2]         MeasureFixer.java:343  | System#5 No target duration for measures local IDs [8, 9, 10], please check time signatures
2025-12-26 12:55:33,878 INFO [031_Chopin_Etude_Op10-12_c_page_2]                 Book.java:2596 | Book{031_Chopin_Etude_Op10-12_c_page_2} storing
2025-12-26 12:55:33,927 INFO [031_Chopin_Etude_Op10-12_c_page_2]                 Book.java:2577 | Stored /book.xml
2025-12-26 12:55:34,018 INFO [031_Chopin_Etude_Op10-12_c_page_2]           DataHolder.java:348  | Stored /sheet#1/BINARY.png
2025-12-26 12:55:35,175 INFO [031_Chopin_Etude_Op10-12_c_page_2]                Sheet.java:1583 | Stored /sheet#1/sheet#1.xml
2025-12-26 12:55:35,176 INFO [031_Chopin_Etude_Op10-12_c_page_2]                 Book.java:2537 | Book stored as C:\Users\Elliot\Downloads\Audiveris\scores\031_Chopin_Etude_Op10-12_c_page_2.omr
2025-12-26 12:55:35,182 INFO [031_Chopin_Etude_Op10-12_c_page_2]            SheetStub.java:1660 | Disposed sheet
2025-12-26 12:55:35,227 INFO [031_Chopin_Etude_Op10-12_c_page_2]                 Book.java:2064 | End of Stub#1
2025-12-26 12:55:35,228 INFO [031_Chopin_Etude_Op10-12_c_page_2]                 Book.java:2071 | Book processed.
2025-12-26 12:55:35,682 INFO [031_Chopin_Etude_Op10-12_c_page_2]            SheetStub.java:997  | Loaded /sheet#1/sheet#1.xml
2025-12-26 12:55:36,126 INFO [031_Chopin_Etude_Op10-12_c_page_2]      PartwiseBuilder.java:2688 | Exporting sheet(s): [#1]
2025-12-26 12:55:36,297 INFO [031_Chopin_Etude_Op10-12_c_page_2]        ScoreExporter.java:164  | Score 031_Chopin_Etude_Op10-12_c_page_2 exported to C:\Users\Elliot\Downloads\Audiveris\scores\031_Chopin_Etude_Op10-12_c_page_2.mxl
2025-12-26 12:55:36,346 INFO [031_Chopin_Etude_Op10-12_c_page_2]                Score.java:181  | Closing {Score 1}
