2025-12-26 12:56:16,809 INFO [031_Chopin_Etude_Op10-12_c_page_5]                 Book.java:560  | 1 sheet in C:\Users\Elliot\Downloads\Audiveris\scores\031_Chopin_Etude_Op10-12_c_page_5.jpg
2025-12-26 12:56:17,000 INFO []                 Book.java:2577 | Stored /book.xml
2025-12-26 12:56:17,001 INFO []                 Book.java:2537 | Book stored as C:\Users\Elliot\Downloads\Audiveris\scores\031_Chopin_Etude_Op10-12_c_page_5.omr
2025-12-26 12:56:17,007 INFO []                 Book.java:1929 | Book reaching PAGE on sheets:[#1]
2025-12-26 12:56:17,012 INFO [031_Chopin_Etude_Op10-12_c_page_5]       StepMonitoring.java:98   | LOAD
2025-12-26 12:56:17,148 INFO [031_Chopin_Etude_Op10-12_c_page_5]            SheetStub.java:1273 | Loaded image #1 1653x2339 from C:\Users\Elliot\Downloads\Audiveris\scores\031_Chopin_Etude_Op10-12_c_page_5.jpg
2025-12-26 12:56:17,152 INFO [031_Chopin_Etude_Op10-12_c_page_5]            ImageUtil.java:124  | Converting max RGB to gray
2025-12-26 12:56:17,330 INFO [031_Chopin_Etude_Op10-12_c_page_5]       StepMonitoring.java:98   | BINARY
2025-12-26 12:56:17,713 INFO [031_Chopin_Etude_Op10-12_c_page_5]       StepMonitoring.java:98   | SCALE
2025-12-26 12:56:17,741 INFO [031_Chopin_Etude_Op10-12_c_page_5]         ScaleBuilder.java:241  | Beam  guessed height:  5 -- 0.50 of 10 interline
2025-12-26 12:56:17,742 INFO [031_Chopin_Etude_Op10-12_c_page_5]         ScaleBuilder.java:264  | Beam measured height:  6 -- 0.43 of [3..10] range at 673% of needed quorum
2025-12-26 12:56:17,743 INFO [031_Chopin_Etude_Op10-12_c_page_5]            ScaleStep.java:65   | Scale{ interline(11,12,12) line(1,1,3) beam(6)}
2025-12-26 12:56:17,744 INFO [031_Chopin_Etude_Op10-12_c_page_5]       StepMonitoring.java:98   | GRID
2025-12-26 12:56:18,251 INFO [031_Chopin_Etude_Op10-12_c_page_5]       LinesRetriever.java:1500 | Global slope: 0.00000
2025-12-26 12:56:18,349 INFO [031_Chopin_Etude_Op10-12_c_page_5]    ClustersRetriever.java:326  | Retrieved raw line clusters: 10 of sizes [5] with interline(11,12,12)
2025-12-26 12:56:18,496 INFO [031_Chopin_Etude_Op10-12_c_page_5]            PeakGraph.java:310  | Systems: #1[1, 2] #2[3, 4] #3[5, 6] #4[7, 8] #5[9, 10]
2025-12-26 12:56:18,902 INFO [031_Chopin_Etude_Op10-12_c_page_5]        SystemManager.java:779  | 1 part along 5 systems
2025-12-26 12:56:18,903 INFO [031_Chopin_Etude_Op10-12_c_page_5]                 Book.java:543  | Created scores: [{Score 1}]
2025-12-26 12:56:18,904 INFO [031_Chopin_Etude_Op10-12_c_page_5]       StepMonitoring.java:98   | HEADERS
2025-12-26 12:56:19,418 INFO [031_Chopin_Etude_Op10-12_c_page_5]      BasicClassifier.java:286  | Classifier loaded XML norms.
2025-12-26 12:56:19,422 INFO [031_Chopin_Etude_Op10-12_c_page_5]   AbstractClassifier.java:396  | Classifier data loaded from default uri jar:file:/C:/Users/Elliot/Downloads/Audiveris/app/audiveris.jar!/res/basic-classifier.zip
2025-12-26 12:56:20,473 INFO [031_Chopin_Etude_Op10-12_c_page_5]       StepMonitoring.java:98   | STEM_SEEDS
2025-12-26 12:56:20,559 INFO [031_Chopin_Etude_Op10-12_c_page_5]        StemSeedsStep.java:86   | stem(2 max:2)
2025-12-26 12:56:20,641 INFO [031_Chopin_Etude_Op10-12_c_page_5]       StepMonitoring.java:98   | BEAMS
2025-12-26 12:56:22,037 INFO [031_Chopin_Etude_Op10-12_c_page_5]       StepMonitoring.java:98   | LEDGERS
2025-12-26 12:56:22,427 INFO [031_Chopin_Etude_Op10-12_c_page_5]       StepMonitoring.java:98   | HEADS
2025-12-26 12:56:24,779 INFO [031_Chopin_Etude_Op10-12_c_page_5]        HeadSeedTally.java:235  | Scale information: HeadSeeds{NOTEHEAD_VOID[L:-0.3,R:0.5] NOTEHEAD_BLACK[L:-0.1,R:0.5]}
2025-12-26 12:56:24,781 INFO [031_Chopin_Etude_Op10-12_c_page_5]       StepMonitoring.java:98   | STEMS
2025-12-26 12:56:25,949 INFO [031_Chopin_Etude_Op10-12_c_page_5]       StepMonitoring.java:98   | REDUCTION
2025-12-26 12:56:26,203 INFO [031_Chopin_Etude_Op10-12_c_page_5]        ReductionStep.java:105  | Stems free length median value: 35 pixels, 2.9 interlines
2025-12-26 12:56:26,213 INFO [031_Chopin_Etude_Op10-12_c_page_5]       StepMonitoring.java:98   | CUE_BEAMS
2025-12-26 12:56:26,214 INFO [031_Chopin_Etude_Op10-12_c_page_5]         CueBeamsStep.java:81   | Step CUE_BEAMS is skipped because small heads switch is off
2025-12-26 12:56:26,215 INFO [031_Chopin_Etude_Op10-12_c_page_5]       StepMonitoring.java:98   | TEXTS
2025-12-26 12:56:26,367 WARN [031_Chopin_Etude_Op10-12_c_page_5]         TesseractOCR.java:335  | The collection of supported languages is empty
2025-12-26 12:56:26,368 INFO [031_Chopin_Etude_Op10-12_c_page_5]              OcrUtil.java:106  | Missing support for 'eng' language(s)
2025-12-26 12:56:26,384 INFO [031_Chopin_Etude_Op10-12_c_page_5]       StepMonitoring.java:98   | MEASURES
2025-12-26 12:56:26,404 INFO [031_Chopin_Etude_Op10-12_c_page_5]                 Page.java:307  | 15 raw measures: [3 in system#1, 2 in system#2, 3 in system#3, 3 in system#4, 4 in system#5]
2025-12-26 12:56:26,405 INFO [031_Chopin_Etude_Op10-12_c_page_5]       StepMonitoring.java:98   | CHORDS
2025-12-26 12:56:26,440 INFO [031_Chopin_Etude_Op10-12_c_page_5]       StepMonitoring.java:98   | CURVES
2025-12-26 12:56:27,534 INFO [031_Chopin_Etude_Op10-12_c_page_5]         SlursBuilder.java:240  | Slurs: 26
2025-12-26 12:56:27,575 INFO [031_Chopin_Etude_Op10-12_c_page_5]      SegmentsBuilder.java:155  | Segments: 29
2025-12-26 12:56:27,589 INFO [031_Chopin_Etude_Op10-12_c_page_5]       StepMonitoring.java:98   | SYMBOLS
2025-12-26 12:56:28,412 INFO [031_Chopin_Etude_Op10-12_c_page_5]       StepMonitoring.java:98   | LINKS
2025-12-26 12:56:28,539 INFO [031_Chopin_Etude_Op10-12_c_page_5]       StepMonitoring.java:98   | RHYTHMS
2025-12-26 12:56:28,726 INFO [031_Chopin_Etude_Op10-12_c_page_5]       StepMonitoring.java:98   | PAGE
2025-12-26 12:56:28,753 WARN [031_Chopin_Etude_Op10-12_c_page_5]         MeasureFixer.java:343  | System#1 No target duration for measures local IDs [1, 2, 3], please check time signatures
2025-12-26 12:56:28,754 WARN [031_Chopin_Etude_Op10-12_c_page_5]         MeasureFixer.java:343  | System#2 No target duration for measures local IDs [4, 5], please check time signatures
2025-12-26 12:56:28,755 WARN [031_Chopin_Etude_Op10-12_c_page_5]         MeasureFixer.java:343  | System#3 No target duration for measures local IDs [6, 7, 8], please check time signatures
2025-12-26 12:56:28,755 WARN [031_Chopin_Etude_Op10-12_c_page_5]         MeasureFixer.java:343  | System#4 No target duration for measures local IDs [9, 10, 11], please check time signatures
2025-12-26 12:56:28,756 WARN [031_Chopin_Etude_Op10-12_c_page_5]         MeasureFixer.java:343  | System#5 No target duration for measures local IDs [12, 13, 14, 15], please check time signatures
2025-12-26 12:56:28,761 INFO [031_Chopin_Etude_Op10-12_c_page_5]                 Book.java:2596 | Book{031_Chopin_Etude_Op10-12_c_page_5} storing
2025-12-26 12:56:28,806 INFO [031_Chopin_Etude_Op10-12_c_page_5]                 Book.java:2577 | Stored /book.xml
2025-12-26 12:56:28,940 INFO [031_Chopin_Etude_Op10-12_c_page_5]           DataHolder.java:348  | Stored /sheet#1/BINARY.png
2025-12-26 12:56:30,239 INFO [031_Chopin_Etude_Op10-12_c_page_5]                Sheet.java:1583 | Stored /sheet#1/sheet#1.xml
2025-12-26 12:56:30,240 INFO [031_Chopin_Etude_Op10-12_c_page_5]                 Book.java:2537 | Book stored as C:\Users\Elliot\Downloads\Audiveris\scores\031_Chopin_Etude_Op10-12_c_page_5.omr
2025-12-26 12:56:30,245 INFO [031_Chopin_Etude_Op10-12_c_page_5]            SheetStub.java:1660 | Disposed sheet
2025-12-26 12:56:30,292 INFO [031_Chopin_Etude_Op10-12_c_page_5]                 Book.java:2064 | End of Stub#1
2025-12-26 12:56:30,293 INFO [031_Chopin_Etude_Op10-12_c_page_5]                 Book.java:2071 | Book processed.
2025-12-26 12:56:30,867 INFO [031_Chopin_Etude_Op10-12_c_page_5]            SheetStub.java:997  | Loaded /sheet#1/sheet#1.xml
2025-12-26 12:56:31,562 INFO [031_Chopin_Etude_Op10-12_c_page_5]      PartwiseBuilder.java:2688 | Exporting sheet(s): [#1]
2025-12-26 12:56:31,690 INFO [031_Chopin_Etude_Op10-12_c_page_5]        ScoreExporter.java:164  | Score 031_Chopin_Etude_Op10-12_c_page_5 exported to C:\Users\Elliot\Downloads\Audiveris\scores\031_Chopin_Etude_Op10-12_c_page_5.mxl
2025-12-26 12:56:31,741 INFO [031_Chopin_Etude_Op10-12_c_page_5]                Score.java:181  | Closing {Score 1}
