2025-12-26 12:56:51,068 INFO [032_Bach_Invention_No2_c_page_1]                 Book.java:560  | 1 sheet in C:\Users\Elliot\Downloads\Audiveris\scores\032_Bach_Invention_No2_c_page_1.jpg
2025-12-26 12:56:51,275 INFO []                 Book.java:2577 | Stored /book.xml
2025-12-26 12:56:51,275 INFO []                 Book.java:2537 | Book stored as C:\Users\Elliot\Downloads\Audiveris\scores\032_Bach_Invention_No2_c_page_1.omr
2025-12-26 12:56:51,282 INFO []                 Book.java:1929 | Book reaching PAGE on sheets:[#1]
2025-12-26 12:56:51,287 INFO [032_Bach_Invention_No2_c_page_1]       StepMonitoring.java:98   | LOAD
2025-12-26 12:56:51,470 INFO [032_Bach_Invention_No2_c_page_1]            SheetStub.java:1273 | Loaded image #1 1653x2339 from C:\Users\Elliot\Downloads\Audiveris\scores\032_Bach_Invention_No2_c_page_1.jpg
2025-12-26 12:56:51,474 INFO [032_Bach_Invention_No2_c_page_1]            ImageUtil.java:124  | Converting max RGB to gray
2025-12-26 12:56:51,666 INFO [032_Bach_Invention_No2_c_page_1]       StepMonitoring.java:98   | BINARY
2025-12-26 12:56:52,022 INFO [032_Bach_Invention_No2_c_page_1]       StepMonitoring.java:98   | SCALE
2025-12-26 12:56:52,046 INFO [032_Bach_Invention_No2_c_page_1]         ScaleBuilder.java:241  | Beam  guessed height:  5 -- 0.50 of 10 interline
2025-12-26 12:56:52,047 INFO [032_Bach_Invention_No2_c_page_1]         ScaleBuilder.java:264  | Beam measured height:  7 -- 0.57 of [3..10] range at 1151% of needed quorum
2025-12-26 12:56:52,048 INFO [032_Bach_Invention_No2_c_page_1]            ScaleStep.java:65   | Scale{ interline(12,12,13) line(1,1,2) beam(7)}
2025-12-26 12:56:52,048 INFO [032_Bach_Invention_No2_c_page_1]       StepMonitoring.java:98   | GRID
2025-12-26 12:56:52,500 INFO [032_Bach_Invention_No2_c_page_1]       LinesRetriever.java:1500 | Global slope: 0.00000
2025-12-26 12:56:52,563 INFO [032_Bach_Invention_No2_c_page_1]    ClustersRetriever.java:326  | Retrieved raw line clusters: 10 of sizes [5] with interline(12,12,13)
2025-12-26 12:56:52,727 INFO [032_Bach_Invention_No2_c_page_1]            PeakGraph.java:310  | Systems: #1[1, 2] #2[3, 4] #3[5, 6] #4[7, 8] #5[9, 10]
2025-12-26 12:56:52,969 INFO [032_Bach_Invention_No2_c_page_1]        SystemManager.java:779  | 1 part along 5 systems
2025-12-26 12:56:52,970 INFO [032_Bach_Invention_No2_c_page_1]                 Book.java:543  | Created scores: [{Score 1}]
2025-12-26 12:56:52,971 INFO [032_Bach_Invention_No2_c_page_1]       StepMonitoring.java:98   | HEADERS
2025-12-26 12:56:53,462 INFO []      BasicClassifier.java:286  | Classifier loaded XML norms.
2025-12-26 12:56:53,469 INFO []   AbstractClassifier.java:396  | Classifier data loaded from default uri jar:file:/C:/Users/Elliot/Downloads/Audiveris/app/audiveris.jar!/res/basic-classifier.zip
2025-12-26 12:56:54,445 INFO [032_Bach_Invention_No2_c_page_1]       StepMonitoring.java:98   | STEM_SEEDS
2025-12-26 12:56:54,490 INFO [032_Bach_Invention_No2_c_page_1]        StemSeedsStep.java:86   | stem(1 max:2)
2025-12-26 12:56:54,553 INFO [032_Bach_Invention_No2_c_page_1]       StepMonitoring.java:98   | BEAMS
2025-12-26 12:56:56,363 INFO [032_Bach_Invention_No2_c_page_1]       StepMonitoring.java:98   | LEDGERS
2025-12-26 12:56:56,733 INFO [032_Bach_Invention_No2_c_page_1]       StepMonitoring.java:98   | HEADS
2025-12-26 12:56:59,303 INFO [032_Bach_Invention_No2_c_page_1]        HeadSeedTally.java:235  | Scale information: HeadSeeds{NOTEHEAD_BLACK[L:-0.3,R:0.4]}
2025-12-26 12:56:59,305 INFO [032_Bach_Invention_No2_c_page_1]       StepMonitoring.java:98   | STEMS
2025-12-26 12:57:00,404 INFO [032_Bach_Invention_No2_c_page_1]       StepMonitoring.java:98   | REDUCTION
2025-12-26 12:57:00,706 INFO [032_Bach_Invention_No2_c_page_1]        ReductionStep.java:105  | Stems free length median value: 45 pixels, 3.8 interlines
2025-12-26 12:57:00,712 INFO [032_Bach_Invention_No2_c_page_1]       StepMonitoring.java:98   | CUE_BEAMS
2025-12-26 12:57:00,712 INFO [032_Bach_Invention_No2_c_page_1]         CueBeamsStep.java:81   | Step CUE_BEAMS is skipped because small heads switch is off
2025-12-26 12:57:00,713 INFO [032_Bach_Invention_No2_c_page_1]       StepMonitoring.java:98   | TEXTS
2025-12-26 12:57:00,867 WARN [032_Bach_Invention_No2_c_page_1]         TesseractOCR.java:335  | The collection of supported languages is empty
2025-12-26 12:57:00,868 INFO [032_Bach_Invention_No2_c_page_1]              OcrUtil.java:106  | Missing support for 'eng' language(s)
2025-12-26 12:57:00,880 INFO [032_Bach_Invention_No2_c_page_1]       StepMonitoring.java:98   | MEASURES
2025-12-26 12:57:00,893 INFO [032_Bach_Invention_No2_c_page_1]                 Page.java:307  | 13 raw measures: [3 in system#1, 3 in system#2, 2 in system#3, 2 in system#4, 3 in system#5]
2025-12-26 12:57:00,893 INFO [032_Bach_Invention_No2_c_page_1]       StepMonitoring.java:98   | CHORDS
2025-12-26 12:57:00,933 INFO [032_Bach_Invention_No2_c_page_1]       StepMonitoring.java:98   | CURVES
2025-12-26 12:57:01,591 INFO [032_Bach_Invention_No2_c_page_1]         SlursBuilder.java:240  | Slurs: 11
2025-12-26 12:57:01,609 INFO [032_Bach_Invention_No2_c_page_1]      SegmentsBuilder.java:155  | Segments: 2
2025-12-26 12:57:01,617 INFO [032_Bach_Invention_No2_c_page_1]       StepMonitoring.java:98   | SYMBOLS
2025-12-26 12:57:01,857 INFO [032_Bach_Invention_No2_c_page_1]       StepMonitoring.java:98   | LINKS
2025-12-26 12:57:01,932 INFO [032_Bach_Invention_No2_c_page_1]       StepMonitoring.java:98   | RHYTHMS
2025-12-26 12:57:02,162 INFO [032_Bach_Invention_No2_c_page_1]       StepMonitoring.java:98   | PAGE
2025-12-26 12:57:02,169 WARN [032_Bach_Invention_No2_c_page_1]         MeasureFixer.java:343  | System#1 No target duration for measures local IDs [1, 2, 3], please check time signatures
2025-12-26 12:57:02,170 WARN [032_Bach_Invention_No2_c_page_1]         MeasureFixer.java:343  | System#2 No target duration for measures local IDs [4, 5, 6], please check time signatures
2025-12-26 12:57:02,170 WARN [032_Bach_Invention_No2_c_page_1]         MeasureFixer.java:343  | System#3 No target duration for measures local IDs [7, 8], please check time signatures
2025-12-26 12:57:02,171 WARN [032_Bach_Invention_No2_c_page_1]         MeasureFixer.java:343  | System#4 No target duration for measures local IDs [9, 10], please check time signatures
2025-12-26 12:57:02,171 WARN [032_Bach_Invention_No2_c_page_1]         MeasureFixer.java:343  | System#5 No target duration for measures local IDs [11, 12, 13], please check time signatures
2025-12-26 12:57:02,178 INFO [032_Bach_Invention_No2_c_page_1]                 Book.java:2596 | Book{032_Bach_Invention_No2_c_page_1} storing
2025-12-26 12:57:02,231 INFO [032_Bach_Invention_No2_c_page_1]                 Book.java:2577 | Stored /book.xml
2025-12-26 12:57:02,344 INFO [032_Bach_Invention_No2_c_page_1]           DataHolder.java:348  | Stored /sheet#1/BINARY.png
2025-12-26 12:57:03,641 INFO [032_Bach_Invention_No2_c_page_1]                Sheet.java:1583 | Stored /sheet#1/sheet#1.xml
2025-12-26 12:57:03,641 INFO [032_Bach_Invention_No2_c_page_1]                 Book.java:2537 | Book stored as C:\Users\Elliot\Downloads\Audiveris\scores\032_Bach_Invention_No2_c_page_1.omr
2025-12-26 12:57:03,648 INFO [032_Bach_Invention_No2_c_page_1]            SheetStub.java:1660 | Disposed sheet
2025-12-26 12:57:03,682 INFO [032_Bach_Invention_No2_c_page_1]                 Book.java:2064 | End of Stub#1
2025-12-26 12:57:03,683 INFO [032_Bach_Invention_No2_c_page_1]                 Book.java:2071 | Book processed.
2025-12-26 12:57:04,170 INFO [032_Bach_Invention_No2_c_page_1]            SheetStub.java:997  | Loaded /sheet#1/sheet#1.xml
2025-12-26 12:57:04,856 INFO [032_Bach_Invention_No2_c_page_1]      PartwiseBuilder.java:2688 | Exporting sheet(s): [#1]
2025-12-26 12:57:05,187 INFO [032_Bach_Invention_No2_c_page_1]        ScoreExporter.java:164  | Score 032_Bach_Invention_No2_c_page_1 exported to C:\Users\Elliot\Downloads\Audiveris\scores\032_Bach_Invention_No2_c_page_1.mxl
2025-12-26 12:57:05,240 INFO [032_Bach_Invention_No2_c_page_1]                Score.java:181  | Closing {Score 1}
