2025-12-26 12:56:34,250 INFO [032_Bach_Invention_No2_c_page_0]                 Book.java:560  | 1 sheet in C:\Users\Elliot\Downloads\Audiveris\scores\032_Bach_Invention_No2_c_page_0.jpg
2025-12-26 12:56:34,439 INFO []                 Book.java:2577 | Stored /book.xml
2025-12-26 12:56:34,441 INFO []                 Book.java:2537 | Book stored as C:\Users\Elliot\Downloads\Audiveris\scores\032_Bach_Invention_No2_c_page_0.omr
2025-12-26 12:56:34,447 INFO []                 Book.java:1929 | Book reaching PAGE on sheets:[#1]
2025-12-26 12:56:34,455 INFO [032_Bach_Invention_No2_c_page_0]       StepMonitoring.java:98   | LOAD
2025-12-26 12:56:34,593 INFO [032_Bach_Invention_No2_c_page_0]            SheetStub.java:1273 | Loaded image #1 1653x2339 from C:\Users\Elliot\Downloads\Audiveris\scores\032_Bach_Invention_No2_c_page_0.jpg
2025-12-26 12:56:34,599 INFO [032_Bach_Invention_No2_c_page_0]            ImageUtil.java:124  | Converting max RGB to gray
2025-12-26 12:56:34,857 INFO [032_Bach_Invention_No2_c_page_0]       StepMonitoring.java:98   | BINARY
2025-12-26 12:56:35,249 INFO [032_Bach_Invention_No2_c_page_0]       StepMonitoring.java:98   | SCALE
2025-12-26 12:56:35,273 INFO [032_Bach_Invention_No2_c_page_0]         ScaleBuilder.java:241  | Beam  guessed height:  5 -- 0.50 of 10 interline
2025-12-26 12:56:35,275 INFO [032_Bach_Invention_No2_c_page_0]         ScaleBuilder.java:264  | Beam measured height:  7 -- 0.57 of [3..10] range at 1084% of needed quorum
2025-12-26 12:56:35,275 INFO [032_Bach_Invention_No2_c_page_0]            ScaleStep.java:65   | Scale{ interline(12,12,13) line(1,1,2) beam(7)}
2025-12-26 12:56:35,276 INFO [032_Bach_Invention_No2_c_page_0]       StepMonitoring.java:98   | GRID
2025-12-26 12:56:35,729 INFO [032_Bach_Invention_No2_c_page_0]       LinesRetriever.java:1500 | Global slope: 0.00000
2025-12-26 12:56:35,803 INFO [032_Bach_Invention_No2_c_page_0]    ClustersRetriever.java:326  | Retrieved raw line clusters: 10 of sizes [5] with interline(12,12,13)
2025-12-26 12:56:35,976 INFO [032_Bach_Invention_No2_c_page_0]            PeakGraph.java:310  | Systems: #1[1, 2] #2[3, 4] #3[5, 6] #4[7, 8] #5[9, 10]
2025-12-26 12:56:36,272 INFO [032_Bach_Invention_No2_c_page_0]        SystemManager.java:134  | Indentation detected for system #1
2025-12-26 12:56:36,274 INFO [032_Bach_Invention_No2_c_page_0]        SystemManager.java:779  | 1 part along 5 systems
2025-12-26 12:56:36,275 INFO [032_Bach_Invention_No2_c_page_0]                 Book.java:543  | Created scores: [{Score 1}]
2025-12-26 12:56:36,275 INFO [032_Bach_Invention_No2_c_page_0]       StepMonitoring.java:98   | HEADERS
2025-12-26 12:56:36,765 INFO [032_Bach_Invention_No2_c_page_0]      BasicClassifier.java:286  | Classifier loaded XML norms.
2025-12-26 12:56:36,769 INFO [032_Bach_Invention_No2_c_page_0]   AbstractClassifier.java:396  | Classifier data loaded from default uri jar:file:/C:/Users/Elliot/Downloads/Audiveris/app/audiveris.jar!/res/basic-classifier.zip
2025-12-26 12:56:37,633 INFO [032_Bach_Invention_No2_c_page_0]       StepMonitoring.java:98   | STEM_SEEDS
2025-12-26 12:56:37,685 INFO [032_Bach_Invention_No2_c_page_0]        StemSeedsStep.java:86   | stem(1 max:2)
2025-12-26 12:56:37,744 INFO [032_Bach_Invention_No2_c_page_0]       StepMonitoring.java:98   | BEAMS
2025-12-26 12:56:39,404 INFO [032_Bach_Invention_No2_c_page_0]       StepMonitoring.java:98   | LEDGERS
2025-12-26 12:56:39,588 INFO [032_Bach_Invention_No2_c_page_0]       StepMonitoring.java:98   | HEADS
2025-12-26 12:56:42,250 INFO [032_Bach_Invention_No2_c_page_0]        HeadSeedTally.java:235  | Scale information: HeadSeeds{NOTEHEAD_BLACK[L:-0.3,R:0.4]}
2025-12-26 12:56:42,251 INFO [032_Bach_Invention_No2_c_page_0]       StepMonitoring.java:98   | STEMS
2025-12-26 12:56:43,604 INFO [032_Bach_Invention_No2_c_page_0]       StepMonitoring.java:98   | REDUCTION
2025-12-26 12:56:44,049 INFO [032_Bach_Invention_No2_c_page_0]        ReductionStep.java:105  | Stems free length median value: 44 pixels, 3.7 interlines
2025-12-26 12:56:44,061 INFO [032_Bach_Invention_No2_c_page_0]       StepMonitoring.java:98   | CUE_BEAMS
2025-12-26 12:56:44,062 INFO [032_Bach_Invention_No2_c_page_0]         CueBeamsStep.java:81   | Step CUE_BEAMS is skipped because small heads switch is off
2025-12-26 12:56:44,063 INFO [032_Bach_Invention_No2_c_page_0]       StepMonitoring.java:98   | TEXTS
2025-12-26 12:56:44,232 WARN [032_Bach_Invention_No2_c_page_0]         TesseractOCR.java:335  | The collection of supported languages is empty
2025-12-26 12:56:44,233 INFO [032_Bach_Invention_No2_c_page_0]              OcrUtil.java:106  | Missing support for 'eng' language(s)
2025-12-26 12:56:44,243 INFO [032_Bach_Invention_No2_c_page_0]       StepMonitoring.java:98   | MEASURES
2025-12-26 12:56:44,256 INFO [032_Bach_Invention_No2_c_page_0]                 Page.java:307  | 14 raw measures: [2 in system#1, 3 in system#2, 3 in system#3, 3 in system#4, 3 in system#5]
2025-12-26 12:56:44,258 INFO [032_Bach_Invention_No2_c_page_0]       StepMonitoring.java:98   | CHORDS
2025-12-26 12:56:44,300 INFO [032_Bach_Invention_No2_c_page_0]       StepMonitoring.java:98   | CURVES
2025-12-26 12:56:45,058 INFO [032_Bach_Invention_No2_c_page_0]         SlursBuilder.java:240  | Slurs: 11
2025-12-26 12:56:45,071 INFO [032_Bach_Invention_No2_c_page_0]      SegmentsBuilder.java:155  | Segments: 0
2025-12-26 12:56:45,079 INFO [032_Bach_Invention_No2_c_page_0]       StepMonitoring.java:98   | SYMBOLS
2025-12-26 12:56:45,525 INFO [032_Bach_Invention_No2_c_page_0]       StepMonitoring.java:98   | LINKS
2025-12-26 12:56:45,640 INFO [032_Bach_Invention_No2_c_page_0]       StepMonitoring.java:98   | RHYTHMS
2025-12-26 12:56:45,849 INFO [032_Bach_Invention_No2_c_page_0]        MeasureRhythm.java:1277 | Measure{#12} Time inconsistency in {29/32=[HeadChordInter#7413{(0.951/0.951) staff:10 slot#18 off:29/32 dur:1/32}], 15/16=[HeadChordInter#7360{(0.955/0.955) staff:9 slot#18 off:15/16 dur:1/16}]}
2025-12-26 12:56:45,869 INFO [032_Bach_Invention_No2_c_page_0]       StepMonitoring.java:98   | PAGE
2025-12-26 12:56:45,886 INFO [032_Bach_Invention_No2_c_page_0]                 Book.java:2596 | Book{032_Bach_Invention_No2_c_page_0} storing
2025-12-26 12:56:45,937 INFO [032_Bach_Invention_No2_c_page_0]                 Book.java:2577 | Stored /book.xml
2025-12-26 12:56:46,075 INFO [032_Bach_Invention_No2_c_page_0]           DataHolder.java:348  | Stored /sheet#1/BINARY.png
2025-12-26 12:56:47,275 INFO [032_Bach_Invention_No2_c_page_0]                Sheet.java:1583 | Stored /sheet#1/sheet#1.xml
2025-12-26 12:56:47,275 INFO [032_Bach_Invention_No2_c_page_0]                 Book.java:2537 | Book stored as C:\Users\Elliot\Downloads\Audiveris\scores\032_Bach_Invention_No2_c_page_0.omr
2025-12-26 12:56:47,280 INFO [032_Bach_Invention_No2_c_page_0]            SheetStub.java:1660 | Disposed sheet
2025-12-26 12:56:47,313 INFO [032_Bach_Invention_No2_c_page_0]                 Book.java:2064 | End of Stub#1
2025-12-26 12:56:47,314 INFO [032_Bach_Invention_No2_c_page_0]                 Book.java:2071 | Book processed.
2025-12-26 12:56:47,853 INFO [032_Bach_Invention_No2_c_page_0]            SheetStub.java:997  | Loaded /sheet#1/sheet#1.xml
2025-12-26 12:56:48,445 INFO [032_Bach_Invention_No2_c_page_0]      PartwiseBuilder.java:2688 | Exporting sheet(s): [#1]
2025-12-26 12:56:48,620 INFO [032_Bach_Invention_No2_c_page_0]        ScoreExporter.java:164  | Score 032_Bach_Invention_No2_c_page_0 exported to C:\Users\Elliot\Downloads\Audiveris\scores\032_Bach_Invention_No2_c_page_0.mxl
2025-12-26 12:56:48,671 INFO [032_Bach_Invention_No2_c_page_0]                Score.java:181  | Closing {Score 1}
