2025-12-26 12:57:22,147 INFO [033_Bach_Invention_No3_D_page_1]                 Book.java:560  | 1 sheet in C:\Users\Elliot\Downloads\Audiveris\scores\033_Bach_Invention_No3_D_page_1.jpg
2025-12-26 12:57:22,311 INFO []                 Book.java:2577 | Stored /book.xml
2025-12-26 12:57:22,312 INFO []                 Book.java:2537 | Book stored as C:\Users\Elliot\Downloads\Audiveris\scores\033_Bach_Invention_No3_D_page_1.omr
2025-12-26 12:57:22,320 INFO []                 Book.java:1929 | Book reaching PAGE on sheets:[#1]
2025-12-26 12:57:22,325 INFO [033_Bach_Invention_No3_D_page_1]       StepMonitoring.java:98   | LOAD
2025-12-26 12:57:22,487 INFO [033_Bach_Invention_No3_D_page_1]            SheetStub.java:1273 | Loaded image #1 1653x2339 from C:\Users\Elliot\Downloads\Audiveris\scores\033_Bach_Invention_No3_D_page_1.jpg
2025-12-26 12:57:22,490 INFO [033_Bach_Invention_No3_D_page_1]            ImageUtil.java:124  | Converting max RGB to gray
2025-12-26 12:57:22,654 INFO [033_Bach_Invention_No3_D_page_1]       StepMonitoring.java:98   | BINARY
2025-12-26 12:57:23,028 INFO [033_Bach_Invention_No3_D_page_1]       StepMonitoring.java:98   | SCALE
2025-12-26 12:57:23,061 INFO [033_Bach_Invention_No3_D_page_1]         ScaleBuilder.java:241  | Beam  guessed height:  5 -- 0.50 of 10 interline
2025-12-26 12:57:23,063 INFO [033_Bach_Invention_No3_D_page_1]         ScaleBuilder.java:264  | Beam measured height:  7 -- 0.57 of [3..10] range at 1023% of needed quorum
2025-12-26 12:57:23,067 INFO [033_Bach_Invention_No3_D_page_1]            ScaleStep.java:65   | Scale{ interline(12,12,13) line(1,1,2) beam(7)}
2025-12-26 12:57:23,069 INFO [033_Bach_Invention_No3_D_page_1]       StepMonitoring.java:98   | GRID
2025-12-26 12:57:23,540 INFO [033_Bach_Invention_No3_D_page_1]       LinesRetriever.java:1500 | Global slope: 0.00000
2025-12-26 12:57:23,609 INFO [033_Bach_Invention_No3_D_page_1]    ClustersRetriever.java:326  | Retrieved raw line clusters: 10 of sizes [5] with interline(12,12,13)
2025-12-26 12:57:23,904 INFO [033_Bach_Invention_No3_D_page_1]            PeakGraph.java:310  | Systems: #1[1, 2] #2[3, 4] #3[5, 6] #4[7, 8] #5[9, 10]
2025-12-26 12:57:24,380 INFO [033_Bach_Invention_No3_D_page_1]        SystemManager.java:779  | 1 part along 5 systems
2025-12-26 12:57:24,386 INFO [033_Bach_Invention_No3_D_page_1]                 Book.java:543  | Created scores: [{Score 1}]
2025-12-26 12:57:24,388 INFO [033_Bach_Invention_No3_D_page_1]       StepMonitoring.java:98   | HEADERS
2025-12-26 12:57:25,023 INFO [033_Bach_Invention_No3_D_page_1]      BasicClassifier.java:286  | Classifier loaded XML norms.
2025-12-26 12:57:25,035 INFO [033_Bach_Invention_No3_D_page_1]   AbstractClassifier.java:396  | Classifier data loaded from default uri jar:file:/C:/Users/Elliot/Downloads/Audiveris/app/audiveris.jar!/res/basic-classifier.zip
2025-12-26 12:57:26,053 INFO [033_Bach_Invention_No3_D_page_1]       StepMonitoring.java:98   | STEM_SEEDS
2025-12-26 12:57:26,101 INFO [033_Bach_Invention_No3_D_page_1]        StemSeedsStep.java:86   | stem(2 max:2)
2025-12-26 12:57:26,154 INFO [033_Bach_Invention_No3_D_page_1]       StepMonitoring.java:98   | BEAMS
2025-12-26 12:57:27,708 INFO [033_Bach_Invention_No3_D_page_1]       StepMonitoring.java:98   | LEDGERS
2025-12-26 12:57:28,022 INFO [033_Bach_Invention_No3_D_page_1]       StepMonitoring.java:98   | HEADS
2025-12-26 12:57:30,193 INFO [033_Bach_Invention_No3_D_page_1]        HeadSeedTally.java:235  | Scale information: HeadSeeds{NOTEHEAD_BLACK[L:-0.3,R:0.4]}
2025-12-26 12:57:30,194 INFO [033_Bach_Invention_No3_D_page_1]       StepMonitoring.java:98   | STEMS
2025-12-26 12:57:31,093 INFO [033_Bach_Invention_No3_D_page_1]       StepMonitoring.java:98   | REDUCTION
2025-12-26 12:57:31,406 INFO [033_Bach_Invention_No3_D_page_1]        ReductionStep.java:105  | Stems free length median value: 44 pixels, 3.7 interlines
2025-12-26 12:57:31,415 INFO [033_Bach_Invention_No3_D_page_1]       StepMonitoring.java:98   | CUE_BEAMS
2025-12-26 12:57:31,415 INFO [033_Bach_Invention_No3_D_page_1]         CueBeamsStep.java:81   | Step CUE_BEAMS is skipped because small heads switch is off
2025-12-26 12:57:31,416 INFO [033_Bach_Invention_No3_D_page_1]       StepMonitoring.java:98   | TEXTS
2025-12-26 12:57:31,572 WARN [033_Bach_Invention_No3_D_page_1]         TesseractOCR.java:335  | The collection of supported languages is empty
2025-12-26 12:57:31,574 INFO [033_Bach_Invention_No3_D_page_1]              OcrUtil.java:106  | Missing support for 'eng' language(s)
2025-12-26 12:57:31,585 INFO [033_Bach_Invention_No3_D_page_1]       StepMonitoring.java:98   | MEASURES
2025-12-26 12:57:31,601 INFO [033_Bach_Invention_No3_D_page_1]                 Page.java:307  | 33 raw measures: [7 in system#1, 6 in system#2, 6 in system#3, 7 in system#4, 7 in system#5]
2025-12-26 12:57:31,601 INFO [033_Bach_Invention_No3_D_page_1]       StepMonitoring.java:98   | CHORDS
2025-12-26 12:57:31,632 INFO [033_Bach_Invention_No3_D_page_1]       StepMonitoring.java:98   | CURVES
2025-12-26 12:57:32,340 INFO [033_Bach_Invention_No3_D_page_1]         SlursBuilder.java:240  | Slurs: 11
2025-12-26 12:57:32,354 INFO [033_Bach_Invention_No3_D_page_1]      SegmentsBuilder.java:155  | Segments: 3
2025-12-26 12:57:32,361 INFO [033_Bach_Invention_No3_D_page_1]       StepMonitoring.java:98   | SYMBOLS
2025-12-26 12:57:32,595 INFO [033_Bach_Invention_No3_D_page_1]       StepMonitoring.java:98   | LINKS
2025-12-26 12:57:32,687 INFO [033_Bach_Invention_No3_D_page_1]       StepMonitoring.java:98   | RHYTHMS
2025-12-26 12:57:32,818 INFO [033_Bach_Invention_No3_D_page_1]        MeasureRhythm.java:1277 | Measure{#27} Time inconsistency in {1/16=[HeadChordInter#5255{(0.967/0.967) staff:10 slot#4 off:1/16 dur:1/16}], 3/32=[HeadChordInter#5224{(0.957/0.957) staff:9 slot#4 off:3/32 dur:1/32}]}
2025-12-26 12:57:32,819 INFO [033_Bach_Invention_No3_D_page_1]        MeasureRhythm.java:1277 | Measure{#27} Time inconsistency in {1/8=[HeadChordInter#5256{(0.965/0.965) staff:10 slot#7 off:1/8 dur:1/8}], 3/16=[HeadChordInter#5227{(0.961/0.961) staff:9 slot#7 off:3/16 dur:3/16}]}
2025-12-26 12:57:32,838 INFO [033_Bach_Invention_No3_D_page_1]       StepMonitoring.java:98   | PAGE
2025-12-26 12:57:32,849 WARN [033_Bach_Invention_No3_D_page_1]         MeasureFixer.java:343  | System#1 No target duration for measures local IDs [1, 2, 3, 4, 5, 6, 7], please check time signatures
2025-12-26 12:57:32,851 WARN [033_Bach_Invention_No3_D_page_1]         MeasureFixer.java:343  | System#2 No target duration for measures local IDs [8, 9, 10, 11, 12, 13], please check time signatures
2025-12-26 12:57:32,852 WARN [033_Bach_Invention_No3_D_page_1]         MeasureFixer.java:343  | System#3 No target duration for measures local IDs [14, 15, 16, 17, 18, 19], please check time signatures
2025-12-26 12:57:32,853 WARN [033_Bach_Invention_No3_D_page_1]         MeasureFixer.java:343  | System#4 No target duration for measures local IDs [20, 21, 22, 23, 24, 25, 26], please check time signatures
2025-12-26 12:57:32,853 WARN [033_Bach_Invention_No3_D_page_1]         MeasureFixer.java:343  | System#5 No target duration for measures local IDs [27, 28, 29, 30, 31, 32, 33], please check time signatures
2025-12-26 12:57:32,863 INFO [033_Bach_Invention_No3_D_page_1]                 Book.java:2596 | Book{033_Bach_Invention_No3_D_page_1} storing
2025-12-26 12:57:32,928 INFO [033_Bach_Invention_No3_D_page_1]                 Book.java:2577 | Stored /book.xml
2025-12-26 12:57:33,075 INFO [033_Bach_Invention_No3_D_page_1]           DataHolder.java:348  | Stored /sheet#1/BINARY.png
2025-12-26 12:57:34,218 INFO [033_Bach_Invention_No3_D_page_1]                Sheet.java:1583 | Stored /sheet#1/sheet#1.xml
2025-12-26 12:57:34,219 INFO [033_Bach_Invention_No3_D_page_1]                 Book.java:2537 | Book stored as C:\Users\Elliot\Downloads\Audiveris\scores\033_Bach_Invention_No3_D_page_1.omr
2025-12-26 12:57:34,223 INFO [033_Bach_Invention_No3_D_page_1]            SheetStub.java:1660 | Disposed sheet
2025-12-26 12:57:34,260 INFO [033_Bach_Invention_No3_D_page_1]                 Book.java:2064 | End of Stub#1
2025-12-26 12:57:34,261 INFO [033_Bach_Invention_No3_D_page_1]                 Book.java:2071 | Book processed.
2025-12-26 12:57:34,771 INFO [033_Bach_Invention_No3_D_page_1]            SheetStub.java:997  | Loaded /sheet#1/sheet#1.xml
2025-12-26 12:57:35,313 INFO [033_Bach_Invention_No3_D_page_1]      PartwiseBuilder.java:2688 | Exporting sheet(s): [#1]
2025-12-26 12:57:35,433 INFO [033_Bach_Invention_No3_D_page_1]        ScoreExporter.java:164  | Score 033_Bach_Invention_No3_D_page_1 exported to C:\Users\Elliot\Downloads\Audiveris\scores\033_Bach_Invention_No3_D_page_1.mxl
2025-12-26 12:57:35,477 INFO [033_Bach_Invention_No3_D_page_1]                Score.java:181  | Closing {Score 1}
