2025-12-26 12:57:07,720 INFO [033_Bach_Invention_No3_D_page_0]                 Book.java:560  | 1 sheet in C:\Users\Elliot\Downloads\Audiveris\scores\033_Bach_Invention_No3_D_page_0.jpg
2025-12-26 12:57:07,888 INFO []                 Book.java:2577 | Stored /book.xml
2025-12-26 12:57:07,889 INFO []                 Book.java:2537 | Book stored as C:\Users\Elliot\Downloads\Audiveris\scores\033_Bach_Invention_No3_D_page_0.omr
2025-12-26 12:57:07,894 INFO []                 Book.java:1929 | Book reaching PAGE on sheets:[#1]
2025-12-26 12:57:07,902 INFO [033_Bach_Invention_No3_D_page_0]       StepMonitoring.java:98   | LOAD
2025-12-26 12:57:08,023 INFO [033_Bach_Invention_No3_D_page_0]            SheetStub.java:1273 | Loaded image #1 1653x2339 from C:\Users\Elliot\Downloads\Audiveris\scores\033_Bach_Invention_No3_D_page_0.jpg
2025-12-26 12:57:08,031 INFO [033_Bach_Invention_No3_D_page_0]            ImageUtil.java:124  | Converting max RGB to gray
2025-12-26 12:57:08,204 INFO [033_Bach_Invention_No3_D_page_0]       StepMonitoring.java:98   | BINARY
2025-12-26 12:57:08,500 INFO [033_Bach_Invention_No3_D_page_0]       StepMonitoring.java:98   | SCALE
2025-12-26 12:57:08,533 INFO [033_Bach_Invention_No3_D_page_0]         ScaleBuilder.java:241  | Beam  guessed height:  5 -- 0.50 of 10 interline
2025-12-26 12:57:08,534 INFO [033_Bach_Invention_No3_D_page_0]         ScaleBuilder.java:264  | Beam measured height:  7 -- 0.57 of [3..10] range at 1032% of needed quorum
2025-12-26 12:57:08,535 INFO [033_Bach_Invention_No3_D_page_0]            ScaleStep.java:65   | Scale{ interline(12,12,13) line(1,1,2) beam(7)}
2025-12-26 12:57:08,535 INFO [033_Bach_Invention_No3_D_page_0]       StepMonitoring.java:98   | GRID
2025-12-26 12:57:09,038 INFO [033_Bach_Invention_No3_D_page_0]       LinesRetriever.java:1500 | Global slope: 0.00000
2025-12-26 12:57:09,169 INFO [033_Bach_Invention_No3_D_page_0]    ClustersRetriever.java:326  | Retrieved raw line clusters: 10 of sizes [5] with interline(12,12,13)
2025-12-26 12:57:09,322 INFO [033_Bach_Invention_No3_D_page_0]            PeakGraph.java:310  | Systems: #1[1, 2] #2[3, 4] #3[5, 6] #4[7, 8] #5[9, 10]
2025-12-26 12:57:09,651 INFO [033_Bach_Invention_No3_D_page_0]        SystemManager.java:134  | Indentation detected for system #1
2025-12-26 12:57:09,665 INFO [033_Bach_Invention_No3_D_page_0]        SystemManager.java:779  | 1 part along 5 systems
2025-12-26 12:57:09,668 INFO [033_Bach_Invention_No3_D_page_0]                 Book.java:543  | Created scores: [{Score 1}]
2025-12-26 12:57:09,672 INFO [033_Bach_Invention_No3_D_page_0]       StepMonitoring.java:98   | HEADERS
2025-12-26 12:57:10,217 INFO [033_Bach_Invention_No3_D_page_0]      BasicClassifier.java:286  | Classifier loaded XML norms.
2025-12-26 12:57:10,221 INFO [033_Bach_Invention_No3_D_page_0]   AbstractClassifier.java:396  | Classifier data loaded from default uri jar:file:/C:/Users/Elliot/Downloads/Audiveris/app/audiveris.jar!/res/basic-classifier.zip
2025-12-26 12:57:11,099 INFO [033_Bach_Invention_No3_D_page_0]       StepMonitoring.java:98   | STEM_SEEDS
2025-12-26 12:57:11,153 INFO [033_Bach_Invention_No3_D_page_0]        StemSeedsStep.java:86   | stem(2 max:2)
2025-12-26 12:57:11,222 INFO [033_Bach_Invention_No3_D_page_0]       StepMonitoring.java:98   | BEAMS
2025-12-26 12:57:12,821 INFO [033_Bach_Invention_No3_D_page_0]       StepMonitoring.java:98   | LEDGERS
2025-12-26 12:57:12,946 INFO [033_Bach_Invention_No3_D_page_0]       StepMonitoring.java:98   | HEADS
2025-12-26 12:57:14,974 INFO [033_Bach_Invention_No3_D_page_0]        HeadSeedTally.java:235  | Scale information: HeadSeeds{NOTEHEAD_BLACK[L:-0.3,R:0.3]}
2025-12-26 12:57:14,980 INFO [033_Bach_Invention_No3_D_page_0]       StepMonitoring.java:98   | STEMS
2025-12-26 12:57:15,907 INFO [033_Bach_Invention_No3_D_page_0]       StepMonitoring.java:98   | REDUCTION
2025-12-26 12:57:16,115 INFO [033_Bach_Invention_No3_D_page_0]        ReductionStep.java:105  | Stems free length median value: 43 pixels, 3.6 interlines
2025-12-26 12:57:16,121 INFO [033_Bach_Invention_No3_D_page_0]       StepMonitoring.java:98   | CUE_BEAMS
2025-12-26 12:57:16,123 INFO [033_Bach_Invention_No3_D_page_0]         CueBeamsStep.java:81   | Step CUE_BEAMS is skipped because small heads switch is off
2025-12-26 12:57:16,125 INFO [033_Bach_Invention_No3_D_page_0]       StepMonitoring.java:98   | TEXTS
2025-12-26 12:57:16,234 WARN [033_Bach_Invention_No3_D_page_0]         TesseractOCR.java:335  | The collection of supported languages is empty
2025-12-26 12:57:16,234 INFO [033_Bach_Invention_No3_D_page_0]              OcrUtil.java:106  | Missing support for 'eng' language(s)
2025-12-26 12:57:16,244 INFO [033_Bach_Invention_No3_D_page_0]       StepMonitoring.java:98   | MEASURES
2025-12-26 12:57:16,256 INFO [033_Bach_Invention_No3_D_page_0]                 Page.java:307  | 27 raw measures: [5 in system#1, 6 in system#2, 5 in system#3, 6 in system#4, 5 in system#5]
2025-12-26 12:57:16,257 INFO [033_Bach_Invention_No3_D_page_0]       StepMonitoring.java:98   | CHORDS
2025-12-26 12:57:16,289 INFO [033_Bach_Invention_No3_D_page_0]       StepMonitoring.java:98   | CURVES
2025-12-26 12:57:16,987 INFO [033_Bach_Invention_No3_D_page_0]         SlursBuilder.java:240  | Slurs: 8
2025-12-26 12:57:16,994 INFO [033_Bach_Invention_No3_D_page_0]      SegmentsBuilder.java:155  | Segments: 0
2025-12-26 12:57:17,001 INFO [033_Bach_Invention_No3_D_page_0]       StepMonitoring.java:98   | SYMBOLS
2025-12-26 12:57:17,284 INFO [033_Bach_Invention_No3_D_page_0]       StepMonitoring.java:98   | LINKS
2025-12-26 12:57:17,355 INFO [033_Bach_Invention_No3_D_page_0]       StepMonitoring.java:98   | RHYTHMS
2025-12-26 12:57:17,429 INFO [033_Bach_Invention_No3_D_page_0]        MeasureRhythm.java:1277 | Measure{#12} Time inconsistency in {1/16=[HeadChordInter#4638{(0.968/0.968) staff:6 slot#4 off:1/16 dur:1/16}], 3/32=[HeadChordInter#4617{(0.956/0.956) staff:5 slot#4 off:3/32 dur:1/32}]}
2025-12-26 12:57:17,431 INFO [033_Bach_Invention_No3_D_page_0]        MeasureRhythm.java:1277 | Measure{#12} Time inconsistency in {1/8=[HeadChordInter#4639{(0.966/0.966) staff:6 slot#7 off:1/8 dur:1/8}], 3/16=[HeadChordInter#4620{(0.948/0.948) staff:5 slot#7 off:3/16 dur:3/16}]}
2025-12-26 12:57:17,431 INFO [033_Bach_Invention_No3_D_page_0]                Voice.java:257  | Measure{#12} Voice{#1 excess:1/16} too long
2025-12-26 12:57:17,432 INFO [033_Bach_Invention_No3_D_page_0]          StackRhythm.java:224  | S3 MeasureStack#12 no correct rhythm
2025-12-26 12:57:17,453 INFO [033_Bach_Invention_No3_D_page_0]                Voice.java:257  | Measure{#19} Voice{#6 excess:7/16} too long
2025-12-26 12:57:17,454 INFO [033_Bach_Invention_No3_D_page_0]          StackRhythm.java:224  | S4 MeasureStack#19 no correct rhythm
2025-12-26 12:57:17,472 INFO [033_Bach_Invention_No3_D_page_0]       StepMonitoring.java:98   | PAGE
2025-12-26 12:57:17,479 INFO [033_Bach_Invention_No3_D_page_0]                Voice.java:257  | Measure{#12} Voice{#1 excess:1/16} too long
2025-12-26 12:57:17,480 INFO [033_Bach_Invention_No3_D_page_0]                Voice.java:257  | Measure{#19} Voice{#6 excess:7/16} too long
2025-12-26 12:57:17,489 INFO [033_Bach_Invention_No3_D_page_0]                 Book.java:2596 | Book{033_Bach_Invention_No3_D_page_0} storing
2025-12-26 12:57:17,537 INFO [033_Bach_Invention_No3_D_page_0]                 Book.java:2577 | Stored /book.xml
2025-12-26 12:57:17,634 INFO [033_Bach_Invention_No3_D_page_0]           DataHolder.java:348  | Stored /sheet#1/BINARY.png
2025-12-26 12:57:18,647 INFO [033_Bach_Invention_No3_D_page_0]                Sheet.java:1583 | Stored /sheet#1/sheet#1.xml
2025-12-26 12:57:18,647 INFO [033_Bach_Invention_No3_D_page_0]                 Book.java:2537 | Book stored as C:\Users\Elliot\Downloads\Audiveris\scores\033_Bach_Invention_No3_D_page_0.omr
2025-12-26 12:57:18,652 INFO [033_Bach_Invention_No3_D_page_0]            SheetStub.java:1660 | Disposed sheet
2025-12-26 12:57:18,688 INFO [033_Bach_Invention_No3_D_page_0]                 Book.java:2064 | End of Stub#1
2025-12-26 12:57:18,688 INFO [033_Bach_Invention_No3_D_page_0]                 Book.java:2071 | Book processed.
2025-12-26 12:57:19,122 INFO [033_Bach_Invention_No3_D_page_0]            SheetStub.java:997  | Loaded /sheet#1/sheet#1.xml
2025-12-26 12:57:19,576 INFO [033_Bach_Invention_No3_D_page_0]      PartwiseBuilder.java:2688 | Exporting sheet(s): [#1]
2025-12-26 12:57:19,806 INFO [033_Bach_Invention_No3_D_page_0]        ScoreExporter.java:164  | Score 033_Bach_Invention_No3_D_page_0 exported to C:\Users\Elliot\Downloads\Audiveris\scores\033_Bach_Invention_No3_D_page_0.mxl
2025-12-26 12:57:19,862 INFO [033_Bach_Invention_No3_D_page_0]                Score.java:181  | Closing {Score 1}
