2025-12-26 12:58:31,815 INFO [034_Beethoven_PianoSonata_N8_Mov1_B1-134_page_3]                 Book.java:560  | 1 sheet in C:\Users\Elliot\Downloads\Audiveris\scores\034_Beethoven_PianoSonata_N8_Mov1_B1-134_page_3.jpg
2025-12-26 12:58:32,001 INFO []                 Book.java:2577 | Stored /book.xml
2025-12-26 12:58:32,002 INFO []                 Book.java:2537 | Book stored as C:\Users\Elliot\Downloads\Audiveris\scores\034_Beethoven_PianoSonata_N8_Mov1_B1-134_page_3.omr
2025-12-26 12:58:32,009 INFO []                 Book.java:1929 | Book reaching PAGE on sheets:[#1]
2025-12-26 12:58:32,015 INFO [034_Beethoven_PianoSonata_N8_Mov1_B1-134_page_3]       StepMonitoring.java:98   | LOAD
2025-12-26 12:58:32,216 INFO [034_Beethoven_PianoSonata_N8_Mov1_B1-134_page_3]            SheetStub.java:1273 | Loaded image #1 1653x2339 from C:\Users\Elliot\Downloads\Audiveris\scores\034_Beethoven_PianoSonata_N8_Mov1_B1-134_page_3.jpg
2025-12-26 12:58:32,220 INFO [034_Beethoven_PianoSonata_N8_Mov1_B1-134_page_3]            ImageUtil.java:124  | Converting max RGB to gray
2025-12-26 12:58:32,438 INFO [034_Beethoven_PianoSonata_N8_Mov1_B1-134_page_3]       StepMonitoring.java:98   | BINARY
2025-12-26 12:58:32,774 INFO [034_Beethoven_PianoSonata_N8_Mov1_B1-134_page_3]       StepMonitoring.java:98   | SCALE
2025-12-26 12:58:32,803 INFO [034_Beethoven_PianoSonata_N8_Mov1_B1-134_page_3]         ScaleBuilder.java:241  | Beam  guessed height:  5 -- 0.50 of 10 interline
2025-12-26 12:58:32,805 INFO [034_Beethoven_PianoSonata_N8_Mov1_B1-134_page_3]         ScaleBuilder.java:264  | Beam measured height:  6 -- 0.43 of [3..10] range at 642% of needed quorum
2025-12-26 12:58:32,806 INFO [034_Beethoven_PianoSonata_N8_Mov1_B1-134_page_3]            ScaleStep.java:65   | Scale{ interline(11,12,12) line(1,1,3) beam(6)}
2025-12-26 12:58:32,807 INFO [034_Beethoven_PianoSonata_N8_Mov1_B1-134_page_3]       StepMonitoring.java:98   | GRID
2025-12-26 12:58:33,284 INFO [034_Beethoven_PianoSonata_N8_Mov1_B1-134_page_3]       LinesRetriever.java:1500 | Global slope: 0.00000
2025-12-26 12:58:33,340 INFO [034_Beethoven_PianoSonata_N8_Mov1_B1-134_page_3]    ClustersRetriever.java:326  | Retrieved raw line clusters: 12 of sizes [5] with interline(11,12,12)
2025-12-26 12:58:33,513 INFO [034_Beethoven_PianoSonata_N8_Mov1_B1-134_page_3]            PeakGraph.java:310  | Systems: #1[1, 2] #2[3, 4] #3[5, 6] #4[7, 8] #5[9, 10] #6[11, 12]
2025-12-26 12:58:33,862 INFO [034_Beethoven_PianoSonata_N8_Mov1_B1-134_page_3]        SystemManager.java:779  | 1 part along 6 systems
2025-12-26 12:58:33,863 INFO [034_Beethoven_PianoSonata_N8_Mov1_B1-134_page_3]                 Book.java:543  | Created scores: [{Score 1}]
2025-12-26 12:58:33,864 INFO [034_Beethoven_PianoSonata_N8_Mov1_B1-134_page_3]       StepMonitoring.java:98   | HEADERS
2025-12-26 12:58:34,219 INFO []      BasicClassifier.java:286  | Classifier loaded XML norms.
2025-12-26 12:58:34,225 INFO []   AbstractClassifier.java:396  | Classifier data loaded from default uri jar:file:/C:/Users/Elliot/Downloads/Audiveris/app/audiveris.jar!/res/basic-classifier.zip
2025-12-26 12:58:35,179 INFO [034_Beethoven_PianoSonata_N8_Mov1_B1-134_page_3]       StepMonitoring.java:98   | STEM_SEEDS
2025-12-26 12:58:35,257 INFO [034_Beethoven_PianoSonata_N8_Mov1_B1-134_page_3]        StemSeedsStep.java:86   | stem(1 max:2)
2025-12-26 12:58:35,334 INFO [034_Beethoven_PianoSonata_N8_Mov1_B1-134_page_3]       StepMonitoring.java:98   | BEAMS
2025-12-26 12:58:36,545 INFO [034_Beethoven_PianoSonata_N8_Mov1_B1-134_page_3]       StepMonitoring.java:98   | LEDGERS
2025-12-26 12:58:36,721 INFO [034_Beethoven_PianoSonata_N8_Mov1_B1-134_page_3]       StepMonitoring.java:98   | HEADS
2025-12-26 12:58:39,657 INFO [034_Beethoven_PianoSonata_N8_Mov1_B1-134_page_3]        HeadSeedTally.java:235  | Scale information: HeadSeeds{NOTEHEAD_VOID[L:-0.3,R:0.5] NOTEHEAD_BLACK[L:-0.1,R:0.5]}
2025-12-26 12:58:39,658 INFO [034_Beethoven_PianoSonata_N8_Mov1_B1-134_page_3]       StepMonitoring.java:98   | STEMS
2025-12-26 12:58:40,699 INFO [034_Beethoven_PianoSonata_N8_Mov1_B1-134_page_3]       StepMonitoring.java:98   | REDUCTION
2025-12-26 12:58:40,990 INFO [034_Beethoven_PianoSonata_N8_Mov1_B1-134_page_3]        ReductionStep.java:105  | Stems free length median value: 41 pixels, 3.4 interlines
2025-12-26 12:58:40,997 INFO [034_Beethoven_PianoSonata_N8_Mov1_B1-134_page_3]       StepMonitoring.java:98   | CUE_BEAMS
2025-12-26 12:58:40,998 INFO [034_Beethoven_PianoSonata_N8_Mov1_B1-134_page_3]         CueBeamsStep.java:81   | Step CUE_BEAMS is skipped because small heads switch is off
2025-12-26 12:58:40,998 INFO [034_Beethoven_PianoSonata_N8_Mov1_B1-134_page_3]       StepMonitoring.java:98   | TEXTS
2025-12-26 12:58:41,138 WARN [034_Beethoven_PianoSonata_N8_Mov1_B1-134_page_3]         TesseractOCR.java:335  | The collection of supported languages is empty
2025-12-26 12:58:41,138 INFO [034_Beethoven_PianoSonata_N8_Mov1_B1-134_page_3]              OcrUtil.java:106  | Missing support for 'eng' language(s)
2025-12-26 12:58:41,154 INFO [034_Beethoven_PianoSonata_N8_Mov1_B1-134_page_3]       StepMonitoring.java:98   | MEASURES
2025-12-26 12:58:41,168 INFO [034_Beethoven_PianoSonata_N8_Mov1_B1-134_page_3]                 Page.java:307  | 26 raw measures: [6 in system#1, 4 in system#2, 4 in system#3, 4 in system#4, 4 in system#5, 4 in system#6]
2025-12-26 12:58:41,170 INFO [034_Beethoven_PianoSonata_N8_Mov1_B1-134_page_3]       StepMonitoring.java:98   | CHORDS
2025-12-26 12:58:41,202 INFO [034_Beethoven_PianoSonata_N8_Mov1_B1-134_page_3]       StepMonitoring.java:98   | CURVES
2025-12-26 12:58:42,008 INFO [034_Beethoven_PianoSonata_N8_Mov1_B1-134_page_3]         SlursBuilder.java:240  | Slurs: 17
2025-12-26 12:58:42,025 INFO [034_Beethoven_PianoSonata_N8_Mov1_B1-134_page_3]      SegmentsBuilder.java:155  | Segments: 5
2025-12-26 12:58:42,033 INFO [034_Beethoven_PianoSonata_N8_Mov1_B1-134_page_3]       StepMonitoring.java:98   | SYMBOLS
2025-12-26 12:58:42,690 INFO [034_Beethoven_PianoSonata_N8_Mov1_B1-134_page_3]       StepMonitoring.java:98   | LINKS
2025-12-26 12:58:42,838 INFO [034_Beethoven_PianoSonata_N8_Mov1_B1-134_page_3]       StepMonitoring.java:98   | RHYTHMS
2025-12-26 12:58:43,039 INFO [034_Beethoven_PianoSonata_N8_Mov1_B1-134_page_3]       StepMonitoring.java:98   | PAGE
2025-12-26 12:58:43,046 WARN [034_Beethoven_PianoSonata_N8_Mov1_B1-134_page_3]         MeasureFixer.java:343  | System#1 No target duration for measures local IDs [1, 2, 3, 4, 5, 6], please check time signatures
2025-12-26 12:58:43,047 WARN [034_Beethoven_PianoSonata_N8_Mov1_B1-134_page_3]         MeasureFixer.java:343  | System#2 No target duration for measures local IDs [7, 8, 9, 10], please check time signatures
2025-12-26 12:58:43,047 WARN [034_Beethoven_PianoSonata_N8_Mov1_B1-134_page_3]         MeasureFixer.java:343  | System#3 No target duration for measures local IDs [11, 12, 13, 14], please check time signatures
2025-12-26 12:58:43,049 WARN [034_Beethoven_PianoSonata_N8_Mov1_B1-134_page_3]         MeasureFixer.java:343  | System#4 No target duration for measures local IDs [15, 16, 17, 18], please check time signatures
2025-12-26 12:58:43,050 WARN [034_Beethoven_PianoSonata_N8_Mov1_B1-134_page_3]         MeasureFixer.java:343  | System#5 No target duration for measures local IDs [19, 20, 21, 22], please check time signatures
2025-12-26 12:58:43,051 WARN [034_Beethoven_PianoSonata_N8_Mov1_B1-134_page_3]         MeasureFixer.java:343  | System#6 No target duration for measures local IDs [23, 24, 25, 26], please check time signatures
2025-12-26 12:58:43,056 INFO [034_Beethoven_PianoSonata_N8_Mov1_B1-134_page_3]                 Book.java:2596 | Book{034_Beethoven_PianoSonata_N8_Mov1_B1-134_page_3} storing
2025-12-26 12:58:43,106 INFO [034_Beethoven_PianoSonata_N8_Mov1_B1-134_page_3]                 Book.java:2577 | Stored /book.xml
2025-12-26 12:58:43,202 INFO [034_Beethoven_PianoSonata_N8_Mov1_B1-134_page_3]           DataHolder.java:348  | Stored /sheet#1/BINARY.png
2025-12-26 12:58:44,365 INFO [034_Beethoven_PianoSonata_N8_Mov1_B1-134_page_3]                Sheet.java:1583 | Stored /sheet#1/sheet#1.xml
2025-12-26 12:58:44,365 INFO [034_Beethoven_PianoSonata_N8_Mov1_B1-134_page_3]                 Book.java:2537 | Book stored as C:\Users\Elliot\Downloads\Audiveris\scores\034_Beethoven_PianoSonata_N8_Mov1_B1-134_page_3.omr
2025-12-26 12:58:44,370 INFO [034_Beethoven_PianoSonata_N8_Mov1_B1-134_page_3]            SheetStub.java:1660 | Disposed sheet
2025-12-26 12:58:44,406 INFO [034_Beethoven_PianoSonata_N8_Mov1_B1-134_page_3]                 Book.java:2064 | End of Stub#1
2025-12-26 12:58:44,407 INFO [034_Beethoven_PianoSonata_N8_Mov1_B1-134_page_3]                 Book.java:2071 | Book processed.
2025-12-26 12:58:45,305 INFO [034_Beethoven_PianoSonata_N8_Mov1_B1-134_page_3]            SheetStub.java:997  | Loaded /sheet#1/sheet#1.xml
2025-12-26 12:58:46,180 INFO [034_Beethoven_PianoSonata_N8_Mov1_B1-134_page_3]      PartwiseBuilder.java:2688 | Exporting sheet(s): [#1]
2025-12-26 12:58:46,330 INFO [034_Beethoven_PianoSonata_N8_Mov1_B1-134_page_3]        ScoreExporter.java:164  | Score 034_Beethoven_PianoSonata_N8_Mov1_B1-134_page_3 exported to C:\Users\Elliot\Downloads\Audiveris\scores\034_Beethoven_PianoSonata_N8_Mov1_B1-134_page_3.mxl
2025-12-26 12:58:46,381 INFO [034_Beethoven_PianoSonata_N8_Mov1_B1-134_page_3]                Score.java:181  | Closing {Score 1}
