2025-12-26 12:58:15,738 INFO [034_Beethoven_PianoSonata_N8_Mov1_B1-134_page_2]                 Book.java:560  | 1 sheet in C:\Users\Elliot\Downloads\Audiveris\scores\034_Beethoven_PianoSonata_N8_Mov1_B1-134_page_2.jpg
2025-12-26 12:58:15,941 INFO []                 Book.java:2577 | Stored /book.xml
2025-12-26 12:58:15,942 INFO []                 Book.java:2537 | Book stored as C:\Users\Elliot\Downloads\Audiveris\scores\034_Beethoven_PianoSonata_N8_Mov1_B1-134_page_2.omr
2025-12-26 12:58:15,946 INFO []                 Book.java:1929 | Book reaching PAGE on sheets:[#1]
2025-12-26 12:58:15,948 INFO [034_Beethoven_PianoSonata_N8_Mov1_B1-134_page_2]       StepMonitoring.java:98   | LOAD
2025-12-26 12:58:16,043 INFO [034_Beethoven_PianoSonata_N8_Mov1_B1-134_page_2]            SheetStub.java:1273 | Loaded image #1 1653x2339 from C:\Users\Elliot\Downloads\Audiveris\scores\034_Beethoven_PianoSonata_N8_Mov1_B1-134_page_2.jpg
2025-12-26 12:58:16,046 INFO [034_Beethoven_PianoSonata_N8_Mov1_B1-134_page_2]            ImageUtil.java:124  | Converting max RGB to gray
2025-12-26 12:58:16,157 INFO [034_Beethoven_PianoSonata_N8_Mov1_B1-134_page_2]       StepMonitoring.java:98   | BINARY
2025-12-26 12:58:16,382 INFO [034_Beethoven_PianoSonata_N8_Mov1_B1-134_page_2]       StepMonitoring.java:98   | SCALE
2025-12-26 12:58:16,406 INFO [034_Beethoven_PianoSonata_N8_Mov1_B1-134_page_2]         ScaleBuilder.java:241  | Beam  guessed height:  5 -- 0.50 of 10 interline
2025-12-26 12:58:16,407 INFO [034_Beethoven_PianoSonata_N8_Mov1_B1-134_page_2]         ScaleBuilder.java:264  | Beam measured height:  9 -- 0.86 of [3..10] range at 109% of needed quorum
2025-12-26 12:58:16,408 INFO [034_Beethoven_PianoSonata_N8_Mov1_B1-134_page_2]            ScaleStep.java:65   | Scale{ interline(11,12,12) line(1,1,3) beam(9)}
2025-12-26 12:58:16,408 INFO [034_Beethoven_PianoSonata_N8_Mov1_B1-134_page_2]       StepMonitoring.java:98   | GRID
2025-12-26 12:58:16,972 INFO [034_Beethoven_PianoSonata_N8_Mov1_B1-134_page_2]       LinesRetriever.java:1500 | Global slope: 0.00000
2025-12-26 12:58:17,053 INFO [034_Beethoven_PianoSonata_N8_Mov1_B1-134_page_2]    ClustersRetriever.java:326  | Retrieved raw line clusters: 12 of sizes [5] with interline(11,12,12)
2025-12-26 12:58:17,230 INFO [034_Beethoven_PianoSonata_N8_Mov1_B1-134_page_2]            PeakGraph.java:310  | Systems: #1[1, 2] #2[3, 4] #3[5, 6] #4[7, 8] #5[9, 10] #6[11, 12]
2025-12-26 12:58:17,575 INFO [034_Beethoven_PianoSonata_N8_Mov1_B1-134_page_2]        SystemManager.java:779  | 1 part along 6 systems
2025-12-26 12:58:17,576 INFO [034_Beethoven_PianoSonata_N8_Mov1_B1-134_page_2]                 Book.java:543  | Created scores: [{Score 1}]
2025-12-26 12:58:17,577 INFO [034_Beethoven_PianoSonata_N8_Mov1_B1-134_page_2]       StepMonitoring.java:98   | HEADERS
2025-12-26 12:58:17,850 INFO [034_Beethoven_PianoSonata_N8_Mov1_B1-134_page_2]      BasicClassifier.java:286  | Classifier loaded XML norms.
2025-12-26 12:58:17,855 INFO [034_Beethoven_PianoSonata_N8_Mov1_B1-134_page_2]   AbstractClassifier.java:396  | Classifier data loaded from default uri jar:file:/C:/Users/Elliot/Downloads/Audiveris/app/audiveris.jar!/res/basic-classifier.zip
2025-12-26 12:58:18,704 INFO [034_Beethoven_PianoSonata_N8_Mov1_B1-134_page_2]       StepMonitoring.java:98   | STEM_SEEDS
2025-12-26 12:58:18,759 INFO [034_Beethoven_PianoSonata_N8_Mov1_B1-134_page_2]        StemSeedsStep.java:86   | stem(1 max:2)
2025-12-26 12:58:18,845 INFO [034_Beethoven_PianoSonata_N8_Mov1_B1-134_page_2]       StepMonitoring.java:98   | BEAMS
2025-12-26 12:58:20,023 INFO [034_Beethoven_PianoSonata_N8_Mov1_B1-134_page_2]       StepMonitoring.java:98   | LEDGERS
2025-12-26 12:58:20,184 INFO [034_Beethoven_PianoSonata_N8_Mov1_B1-134_page_2]       StepMonitoring.java:98   | HEADS
2025-12-26 12:58:22,372 INFO [034_Beethoven_PianoSonata_N8_Mov1_B1-134_page_2]        HeadSeedTally.java:235  | Scale information: HeadSeeds{NOTEHEAD_VOID[L:-0.1] NOTEHEAD_BLACK[L:-0.1,R:0.4]}
2025-12-26 12:58:22,373 INFO [034_Beethoven_PianoSonata_N8_Mov1_B1-134_page_2]       StepMonitoring.java:98   | STEMS
2025-12-26 12:58:23,684 INFO [034_Beethoven_PianoSonata_N8_Mov1_B1-134_page_2]       StepMonitoring.java:98   | REDUCTION
2025-12-26 12:58:23,892 INFO [034_Beethoven_PianoSonata_N8_Mov1_B1-134_page_2]        ReductionStep.java:105  | Stems free length median value: 41 pixels, 3.4 interlines
2025-12-26 12:58:23,900 INFO [034_Beethoven_PianoSonata_N8_Mov1_B1-134_page_2]       StepMonitoring.java:98   | CUE_BEAMS
2025-12-26 12:58:23,901 INFO [034_Beethoven_PianoSonata_N8_Mov1_B1-134_page_2]         CueBeamsStep.java:81   | Step CUE_BEAMS is skipped because small heads switch is off
2025-12-26 12:58:23,902 INFO [034_Beethoven_PianoSonata_N8_Mov1_B1-134_page_2]       StepMonitoring.java:98   | TEXTS
2025-12-26 12:58:23,998 WARN [034_Beethoven_PianoSonata_N8_Mov1_B1-134_page_2]         TesseractOCR.java:335  | The collection of supported languages is empty
2025-12-26 12:58:24,000 INFO [034_Beethoven_PianoSonata_N8_Mov1_B1-134_page_2]              OcrUtil.java:106  | Missing support for 'eng' language(s)
2025-12-26 12:58:24,013 INFO [034_Beethoven_PianoSonata_N8_Mov1_B1-134_page_2]       StepMonitoring.java:98   | MEASURES
2025-12-26 12:58:24,029 INFO [034_Beethoven_PianoSonata_N8_Mov1_B1-134_page_2]                 Page.java:307  | 36 raw measures: [6 in system#1, 6 in system#2, 6 in system#3, 6 in system#4, 6 in system#5, 6 in system#6]
2025-12-26 12:58:24,030 INFO [034_Beethoven_PianoSonata_N8_Mov1_B1-134_page_2]       StepMonitoring.java:98   | CHORDS
2025-12-26 12:58:24,061 INFO [034_Beethoven_PianoSonata_N8_Mov1_B1-134_page_2]       StepMonitoring.java:98   | CURVES
2025-12-26 12:58:25,162 INFO [034_Beethoven_PianoSonata_N8_Mov1_B1-134_page_2]         SlursBuilder.java:240  | Slurs: 45
2025-12-26 12:58:25,287 INFO [034_Beethoven_PianoSonata_N8_Mov1_B1-134_page_2]      SegmentsBuilder.java:155  | Segments: 16
2025-12-26 12:58:25,293 INFO [034_Beethoven_PianoSonata_N8_Mov1_B1-134_page_2]       StepMonitoring.java:98   | SYMBOLS
2025-12-26 12:58:26,420 INFO [034_Beethoven_PianoSonata_N8_Mov1_B1-134_page_2]       StepMonitoring.java:98   | LINKS
2025-12-26 12:58:26,517 INFO [034_Beethoven_PianoSonata_N8_Mov1_B1-134_page_2]       StepMonitoring.java:98   | RHYTHMS
2025-12-26 12:58:26,612 INFO [034_Beethoven_PianoSonata_N8_Mov1_B1-134_page_2]       StepMonitoring.java:98   | PAGE
2025-12-26 12:58:26,620 WARN [034_Beethoven_PianoSonata_N8_Mov1_B1-134_page_2]         MeasureFixer.java:343  | System#1 No target duration for measures local IDs [1, 2, 3, 4, 5, 6], please check time signatures
2025-12-26 12:58:26,621 WARN [034_Beethoven_PianoSonata_N8_Mov1_B1-134_page_2]         MeasureFixer.java:343  | System#2 No target duration for measures local IDs [7, 8, 9, 10, 11, 12], please check time signatures
2025-12-26 12:58:26,622 WARN [034_Beethoven_PianoSonata_N8_Mov1_B1-134_page_2]         MeasureFixer.java:343  | System#3 No target duration for measures local IDs [13, 14, 15, 16, 17, 18], please check time signatures
2025-12-26 12:58:26,622 WARN [034_Beethoven_PianoSonata_N8_Mov1_B1-134_page_2]         MeasureFixer.java:343  | System#4 No target duration for measures local IDs [19, 20, 21, 22, 23, 24], please check time signatures
2025-12-26 12:58:26,623 WARN [034_Beethoven_PianoSonata_N8_Mov1_B1-134_page_2]         MeasureFixer.java:343  | System#5 No target duration for measures local IDs [25, 26, 27, 28, 29, 30], please check time signatures
2025-12-26 12:58:26,623 WARN [034_Beethoven_PianoSonata_N8_Mov1_B1-134_page_2]         MeasureFixer.java:343  | System#6 No target duration for measures local IDs [31, 32, 33, 34, 35, 36], please check time signatures
2025-12-26 12:58:26,627 INFO [034_Beethoven_PianoSonata_N8_Mov1_B1-134_page_2]                 Book.java:2596 | Book{034_Beethoven_PianoSonata_N8_Mov1_B1-134_page_2} storing
2025-12-26 12:58:26,685 INFO [034_Beethoven_PianoSonata_N8_Mov1_B1-134_page_2]                 Book.java:2577 | Stored /book.xml
2025-12-26 12:58:26,769 INFO [034_Beethoven_PianoSonata_N8_Mov1_B1-134_page_2]           DataHolder.java:348  | Stored /sheet#1/BINARY.png
2025-12-26 12:58:27,700 INFO [034_Beethoven_PianoSonata_N8_Mov1_B1-134_page_2]                Sheet.java:1583 | Stored /sheet#1/sheet#1.xml
2025-12-26 12:58:27,703 INFO [034_Beethoven_PianoSonata_N8_Mov1_B1-134_page_2]                 Book.java:2537 | Book stored as C:\Users\Elliot\Downloads\Audiveris\scores\034_Beethoven_PianoSonata_N8_Mov1_B1-134_page_2.omr
2025-12-26 12:58:27,708 INFO [034_Beethoven_PianoSonata_N8_Mov1_B1-134_page_2]            SheetStub.java:1660 | Disposed sheet
2025-12-26 12:58:27,747 INFO [034_Beethoven_PianoSonata_N8_Mov1_B1-134_page_2]                 Book.java:2064 | End of Stub#1
2025-12-26 12:58:27,748 INFO [034_Beethoven_PianoSonata_N8_Mov1_B1-134_page_2]                 Book.java:2071 | Book processed.
2025-12-26 12:58:28,441 INFO [034_Beethoven_PianoSonata_N8_Mov1_B1-134_page_2]            SheetStub.java:997  | Loaded /sheet#1/sheet#1.xml
2025-12-26 12:58:29,008 INFO [034_Beethoven_PianoSonata_N8_Mov1_B1-134_page_2]      PartwiseBuilder.java:2688 | Exporting sheet(s): [#1]
2025-12-26 12:58:29,304 INFO [034_Beethoven_PianoSonata_N8_Mov1_B1-134_page_2]        ScoreExporter.java:164  | Score 034_Beethoven_PianoSonata_N8_Mov1_B1-134_page_2 exported to C:\Users\Elliot\Downloads\Audiveris\scores\034_Beethoven_PianoSonata_N8_Mov1_B1-134_page_2.mxl
2025-12-26 12:58:29,373 INFO [034_Beethoven_PianoSonata_N8_Mov1_B1-134_page_2]                Score.java:181  | Closing {Score 1}
