2025-12-26 12:57:37,801 INFO [034_Beethoven_PianoSonata_N8_Mov1_B1-134_page_0]                 Book.java:560  | 1 sheet in C:\Users\Elliot\Downloads\Audiveris\scores\034_Beethoven_PianoSonata_N8_Mov1_B1-134_page_0.jpg
2025-12-26 12:57:37,997 INFO []                 Book.java:2577 | Stored /book.xml
2025-12-26 12:57:37,998 INFO []                 Book.java:2537 | Book stored as C:\Users\Elliot\Downloads\Audiveris\scores\034_Beethoven_PianoSonata_N8_Mov1_B1-134_page_0.omr
2025-12-26 12:57:38,006 INFO []                 Book.java:1929 | Book reaching PAGE on sheets:[#1]
2025-12-26 12:57:38,011 INFO [034_Beethoven_PianoSonata_N8_Mov1_B1-134_page_0]       StepMonitoring.java:98   | LOAD
2025-12-26 12:57:38,170 INFO [034_Beethoven_PianoSonata_N8_Mov1_B1-134_page_0]            SheetStub.java:1273 | Loaded image #1 1653x2339 from C:\Users\Elliot\Downloads\Audiveris\scores\034_Beethoven_PianoSonata_N8_Mov1_B1-134_page_0.jpg
2025-12-26 12:57:38,176 INFO [034_Beethoven_PianoSonata_N8_Mov1_B1-134_page_0]            ImageUtil.java:124  | Converting max RGB to gray
2025-12-26 12:57:38,350 INFO [034_Beethoven_PianoSonata_N8_Mov1_B1-134_page_0]       StepMonitoring.java:98   | BINARY
2025-12-26 12:57:38,655 INFO [034_Beethoven_PianoSonata_N8_Mov1_B1-134_page_0]       StepMonitoring.java:98   | SCALE
2025-12-26 12:57:38,689 INFO [034_Beethoven_PianoSonata_N8_Mov1_B1-134_page_0]         ScaleBuilder.java:241  | Beam  guessed height:  5 -- 0.50 of 10 interline
2025-12-26 12:57:38,690 INFO [034_Beethoven_PianoSonata_N8_Mov1_B1-134_page_0]         ScaleBuilder.java:264  | Beam measured height:  6 -- 0.43 of [3..10] range at 1026% of needed quorum
2025-12-26 12:57:38,691 INFO [034_Beethoven_PianoSonata_N8_Mov1_B1-134_page_0]            ScaleStep.java:65   | Scale{ interline(11,12,12) line(1,1,3) beam(6)}
2025-12-26 12:57:38,693 INFO [034_Beethoven_PianoSonata_N8_Mov1_B1-134_page_0]       StepMonitoring.java:98   | GRID
2025-12-26 12:57:39,410 INFO [034_Beethoven_PianoSonata_N8_Mov1_B1-134_page_0]       LinesRetriever.java:1500 | Global slope: 0.00000
2025-12-26 12:57:39,487 INFO [034_Beethoven_PianoSonata_N8_Mov1_B1-134_page_0]    ClustersRetriever.java:326  | Retrieved raw line clusters: 12 of sizes [5] with interline(11,12,12)
2025-12-26 12:57:39,688 INFO [034_Beethoven_PianoSonata_N8_Mov1_B1-134_page_0]            PeakGraph.java:310  | Systems: #1[1, 2] #2[3, 4] #3[5, 6] #4[7, 8] #5[9, 10] #6[11, 12]
2025-12-26 12:57:40,045 INFO [034_Beethoven_PianoSonata_N8_Mov1_B1-134_page_0]        SystemManager.java:134  | Indentation detected for system #1
2025-12-26 12:57:40,046 INFO [034_Beethoven_PianoSonata_N8_Mov1_B1-134_page_0]        SystemManager.java:779  | 1 part along 6 systems
2025-12-26 12:57:40,047 INFO [034_Beethoven_PianoSonata_N8_Mov1_B1-134_page_0]                 Book.java:543  | Created scores: [{Score 1}]
2025-12-26 12:57:40,049 INFO [034_Beethoven_PianoSonata_N8_Mov1_B1-134_page_0]       StepMonitoring.java:98   | HEADERS
2025-12-26 12:57:40,420 INFO [034_Beethoven_PianoSonata_N8_Mov1_B1-134_page_0]      BasicClassifier.java:286  | Classifier loaded XML norms.
2025-12-26 12:57:40,425 INFO [034_Beethoven_PianoSonata_N8_Mov1_B1-134_page_0]   AbstractClassifier.java:396  | Classifier data loaded from default uri jar:file:/C:/Users/Elliot/Downloads/Audiveris/app/audiveris.jar!/res/basic-classifier.zip
2025-12-26 12:57:41,475 INFO [034_Beethoven_PianoSonata_N8_Mov1_B1-134_page_0]       StepMonitoring.java:98   | STEM_SEEDS
2025-12-26 12:57:41,527 INFO [034_Beethoven_PianoSonata_N8_Mov1_B1-134_page_0]        StemSeedsStep.java:86   | stem(1 max:2)
2025-12-26 12:57:41,590 INFO [034_Beethoven_PianoSonata_N8_Mov1_B1-134_page_0]       StepMonitoring.java:98   | BEAMS
2025-12-26 12:57:42,870 INFO [034_Beethoven_PianoSonata_N8_Mov1_B1-134_page_0]       StepMonitoring.java:98   | LEDGERS
2025-12-26 12:57:43,375 INFO [034_Beethoven_PianoSonata_N8_Mov1_B1-134_page_0]       StepMonitoring.java:98   | HEADS
2025-12-26 12:57:46,764 INFO [034_Beethoven_PianoSonata_N8_Mov1_B1-134_page_0]        HeadSeedTally.java:235  | Scale information: HeadSeeds{NOTEHEAD_BLACK[L:-0.2,R:0.5]}
2025-12-26 12:57:46,766 INFO [034_Beethoven_PianoSonata_N8_Mov1_B1-134_page_0]       StepMonitoring.java:98   | STEMS
2025-12-26 12:57:49,612 INFO [034_Beethoven_PianoSonata_N8_Mov1_B1-134_page_0]       StepMonitoring.java:98   | REDUCTION
2025-12-26 12:57:50,885 INFO [034_Beethoven_PianoSonata_N8_Mov1_B1-134_page_0]        ReductionStep.java:105  | Stems free length median value: 42 pixels, 3.5 interlines
2025-12-26 12:57:50,897 INFO [034_Beethoven_PianoSonata_N8_Mov1_B1-134_page_0]       StepMonitoring.java:98   | CUE_BEAMS
2025-12-26 12:57:50,898 INFO [034_Beethoven_PianoSonata_N8_Mov1_B1-134_page_0]         CueBeamsStep.java:81   | Step CUE_BEAMS is skipped because small heads switch is off
2025-12-26 12:57:50,898 INFO [034_Beethoven_PianoSonata_N8_Mov1_B1-134_page_0]       StepMonitoring.java:98   | TEXTS
2025-12-26 12:57:51,050 WARN [034_Beethoven_PianoSonata_N8_Mov1_B1-134_page_0]         TesseractOCR.java:335  | The collection of supported languages is empty
2025-12-26 12:57:51,051 INFO [034_Beethoven_PianoSonata_N8_Mov1_B1-134_page_0]              OcrUtil.java:106  | Missing support for 'eng' language(s)
2025-12-26 12:57:51,071 INFO [034_Beethoven_PianoSonata_N8_Mov1_B1-134_page_0]       StepMonitoring.java:98   | MEASURES
2025-12-26 12:57:51,092 INFO [034_Beethoven_PianoSonata_N8_Mov1_B1-134_page_0]                 Page.java:307  | 12 raw measures: [2 in system#1, 2 in system#2, 2 in system#3, 2 in system#4, 2 in system#5, 2 in system#6]
2025-12-26 12:57:51,093 INFO [034_Beethoven_PianoSonata_N8_Mov1_B1-134_page_0]       StepMonitoring.java:98   | CHORDS
2025-12-26 12:57:51,206 INFO [034_Beethoven_PianoSonata_N8_Mov1_B1-134_page_0]       StepMonitoring.java:98   | CURVES
2025-12-26 12:57:52,732 INFO [034_Beethoven_PianoSonata_N8_Mov1_B1-134_page_0]         SlursBuilder.java:240  | Slurs: 54
2025-12-26 12:57:52,755 INFO [034_Beethoven_PianoSonata_N8_Mov1_B1-134_page_0]      SegmentsBuilder.java:155  | Segments: 10
2025-12-26 12:57:52,769 INFO [034_Beethoven_PianoSonata_N8_Mov1_B1-134_page_0]       StepMonitoring.java:98   | SYMBOLS
2025-12-26 12:57:53,918 INFO [034_Beethoven_PianoSonata_N8_Mov1_B1-134_page_0]       StepMonitoring.java:98   | LINKS
2025-12-26 12:57:53,947 INFO [034_Beethoven_PianoSonata_N8_Mov1_B1-134_page_0]        SymbolsLinker.java:258  | No chord linked to OctaveShiftInter#12031{(0.128) staff:3 VENTIDUESIMA BASSA}
2025-12-26 12:57:54,098 INFO [034_Beethoven_PianoSonata_N8_Mov1_B1-134_page_0]       StepMonitoring.java:98   | RHYTHMS
2025-12-26 12:57:54,140 INFO [034_Beethoven_PianoSonata_N8_Mov1_B1-134_page_0]                Voice.java:257  | Measure{#1} Voice{#5 excess:1/32} too long
2025-12-26 12:57:54,143 INFO [034_Beethoven_PianoSonata_N8_Mov1_B1-134_page_0]          StackRhythm.java:224  | S1 MeasureStack#1 no correct rhythm
2025-12-26 12:57:54,160 INFO [034_Beethoven_PianoSonata_N8_Mov1_B1-134_page_0]        MeasureRhythm.java:1277 | Measure{#3} Time inconsistency in {3/8=[HeadChordInter#10631{(0.949/0.949) staff:4 slot#4 off:3/8 dur:3/32}], 13/32=[HeadChordInter#10594{(0.968/0.968) staff:3 slot#4 off:13/32 dur:3/32}]}
2025-12-26 12:57:54,161 INFO [034_Beethoven_PianoSonata_N8_Mov1_B1-134_page_0]        MeasureRhythm.java:1277 | Measure{#3} Time inconsistency in {15/32=[HeadChordInter#10632{(0.949/0.949) staff:4 slot#5 off:15/32 dur:1/16}], 1/2=[HeadChordInter#10595{(0.975/0.975) staff:3 slot#5 off:1/2 dur:1/32}]}
2025-12-26 12:57:54,162 INFO [034_Beethoven_PianoSonata_N8_Mov1_B1-134_page_0]                Voice.java:257  | Measure{#3} Voice{#1 excess:1/32} too long
2025-12-26 12:57:54,163 INFO [034_Beethoven_PianoSonata_N8_Mov1_B1-134_page_0]                Voice.java:257  | Measure{#3} Voice{#5 excess:1/32} too long
2025-12-26 12:57:54,163 INFO [034_Beethoven_PianoSonata_N8_Mov1_B1-134_page_0]          StackRhythm.java:224  | S2 MeasureStack#3 no correct rhythm
2025-12-26 12:57:54,180 INFO [034_Beethoven_PianoSonata_N8_Mov1_B1-134_page_0]                Voice.java:257  | Measure{#4} Voice{#1 excess:1/128} too long
2025-12-26 12:57:54,181 INFO [034_Beethoven_PianoSonata_N8_Mov1_B1-134_page_0]          StackRhythm.java:224  | S2 MeasureStack#4 no correct rhythm
2025-12-26 12:57:54,196 INFO [034_Beethoven_PianoSonata_N8_Mov1_B1-134_page_0]        MeasureRhythm.java:1277 | Measure{#5} Time inconsistency in {27/32=[HeadChordInter#10652{(0.980/0.980) staff:5 slot#19 off:27/32 dur:3/32}], 7/8=[HeadChordInter#10682{(0.965/0.965) staff:6 slot#19 off:7/8 dur:1/16}]}
2025-12-26 12:57:54,210 INFO [034_Beethoven_PianoSonata_N8_Mov1_B1-134_page_0]        MeasureRhythm.java:1045 | Measure{#6} No timeOffset for HeadChordInter#10662{(0.979/0.979) staff:5 slot#15 dur:1/16}
2025-12-26 12:57:54,211 INFO [034_Beethoven_PianoSonata_N8_Mov1_B1-134_page_0]   AbstractChordInter.java:627  | Measure{#6} No timeOffset for HeadChordInter#10662{(0.979/0.979) staff:5 slot#15 dur:1/16}
2025-12-26 12:57:54,212 INFO [034_Beethoven_PianoSonata_N8_Mov1_B1-134_page_0]        MeasureRhythm.java:1045 | Measure{#6} No timeOffset for HeadChordInter#10696{(0.971/0.971) staff:6 slot#16 dur:1/16}
2025-12-26 12:57:54,212 INFO [034_Beethoven_PianoSonata_N8_Mov1_B1-134_page_0]                Voice.java:257  | Measure{#6} Voice{#5 excess:3/16} too long
2025-12-26 12:57:54,213 INFO [034_Beethoven_PianoSonata_N8_Mov1_B1-134_page_0]                Voice.java:257  | Measure{#6} Voice{#2 excess:1/8} too long
2025-12-26 12:57:54,213 INFO [034_Beethoven_PianoSonata_N8_Mov1_B1-134_page_0]                Voice.java:257  | Measure{#6} Voice{#3 excess:5/32} too long
2025-12-26 12:57:54,213 INFO [034_Beethoven_PianoSonata_N8_Mov1_B1-134_page_0]          StackRhythm.java:224  | S3 MeasureStack#6 no correct rhythm
2025-12-26 12:57:54,227 INFO [034_Beethoven_PianoSonata_N8_Mov1_B1-134_page_0]                Voice.java:257  | Measure{#7} Voice{#1 excess:1/16} too long
2025-12-26 12:57:54,228 INFO [034_Beethoven_PianoSonata_N8_Mov1_B1-134_page_0]                Voice.java:257  | Measure{#7} Voice{#3 excess:1/16} too long
2025-12-26 12:57:54,228 INFO [034_Beethoven_PianoSonata_N8_Mov1_B1-134_page_0]          StackRhythm.java:224  | S4 MeasureStack#7 no correct rhythm
2025-12-26 12:57:54,259 INFO [034_Beethoven_PianoSonata_N8_Mov1_B1-134_page_0]                Voice.java:257  | Measure{#11} Voice{#1 excess:5/64} too long
2025-12-26 12:57:54,260 INFO [034_Beethoven_PianoSonata_N8_Mov1_B1-134_page_0]          StackRhythm.java:224  | S6 MeasureStack#11 no correct rhythm
2025-12-26 12:57:54,261 INFO [034_Beethoven_PianoSonata_N8_Mov1_B1-134_page_0]       StepMonitoring.java:98   | PAGE
2025-12-26 12:57:54,266 INFO [034_Beethoven_PianoSonata_N8_Mov1_B1-134_page_0]                Voice.java:257  | Measure{#1} Voice{#5 excess:1/32} too long
2025-12-26 12:57:54,267 INFO [034_Beethoven_PianoSonata_N8_Mov1_B1-134_page_0]                Voice.java:257  | Measure{#3} Voice{#1 excess:1/32} too long
2025-12-26 12:57:54,268 INFO [034_Beethoven_PianoSonata_N8_Mov1_B1-134_page_0]                Voice.java:257  | Measure{#3} Voice{#5 excess:1/32} too long
2025-12-26 12:57:54,268 INFO [034_Beethoven_PianoSonata_N8_Mov1_B1-134_page_0]                Voice.java:257  | Measure{#4} Voice{#1 excess:1/128} too long
2025-12-26 12:57:54,268 INFO [034_Beethoven_PianoSonata_N8_Mov1_B1-134_page_0]                Voice.java:257  | Measure{#6} Voice{#2 excess:1/8} too long
2025-12-26 12:57:54,268 INFO [034_Beethoven_PianoSonata_N8_Mov1_B1-134_page_0]                Voice.java:257  | Measure{#6} Voice{#3 excess:5/32} too long
2025-12-26 12:57:54,268 INFO [034_Beethoven_PianoSonata_N8_Mov1_B1-134_page_0]                Voice.java:257  | Measure{#6} Voice{#5 excess:3/16} too long
2025-12-26 12:57:54,269 INFO [034_Beethoven_PianoSonata_N8_Mov1_B1-134_page_0]                Voice.java:257  | Measure{#7} Voice{#1 excess:1/16} too long
2025-12-26 12:57:54,269 INFO [034_Beethoven_PianoSonata_N8_Mov1_B1-134_page_0]                Voice.java:257  | Measure{#7} Voice{#3 excess:1/16} too long
2025-12-26 12:57:54,269 INFO [034_Beethoven_PianoSonata_N8_Mov1_B1-134_page_0]                Voice.java:257  | Measure{#11} Voice{#1 excess:5/64} too long
2025-12-26 12:57:54,275 INFO [034_Beethoven_PianoSonata_N8_Mov1_B1-134_page_0]                 Book.java:2596 | Book{034_Beethoven_PianoSonata_N8_Mov1_B1-134_page_0} storing
2025-12-26 12:57:54,344 INFO [034_Beethoven_PianoSonata_N8_Mov1_B1-134_page_0]                 Book.java:2577 | Stored /book.xml
2025-12-26 12:57:54,435 INFO [034_Beethoven_PianoSonata_N8_Mov1_B1-134_page_0]           DataHolder.java:348  | Stored /sheet#1/BINARY.png
2025-12-26 12:57:55,891 INFO [034_Beethoven_PianoSonata_N8_Mov1_B1-134_page_0]                Sheet.java:1583 | Stored /sheet#1/sheet#1.xml
2025-12-26 12:57:55,891 INFO [034_Beethoven_PianoSonata_N8_Mov1_B1-134_page_0]                 Book.java:2537 | Book stored as C:\Users\Elliot\Downloads\Audiveris\scores\034_Beethoven_PianoSonata_N8_Mov1_B1-134_page_0.omr
2025-12-26 12:57:55,895 INFO [034_Beethoven_PianoSonata_N8_Mov1_B1-134_page_0]            SheetStub.java:1660 | Disposed sheet
2025-12-26 12:57:55,933 INFO [034_Beethoven_PianoSonata_N8_Mov1_B1-134_page_0]                 Book.java:2064 | End of Stub#1
2025-12-26 12:57:55,934 INFO [034_Beethoven_PianoSonata_N8_Mov1_B1-134_page_0]                 Book.java:2071 | Book processed.
2025-12-26 12:57:56,580 INFO [034_Beethoven_PianoSonata_N8_Mov1_B1-134_page_0]            SheetStub.java:997  | Loaded /sheet#1/sheet#1.xml
2025-12-26 12:57:57,417 INFO [034_Beethoven_PianoSonata_N8_Mov1_B1-134_page_0]      PartwiseBuilder.java:2688 | Exporting sheet(s): [#1]
2025-12-26 12:57:57,637 INFO [034_Beethoven_PianoSonata_N8_Mov1_B1-134_page_0]        ScoreExporter.java:164  | Score 034_Beethoven_PianoSonata_N8_Mov1_B1-134_page_0 exported to C:\Users\Elliot\Downloads\Audiveris\scores\034_Beethoven_PianoSonata_N8_Mov1_B1-134_page_0.mxl
2025-12-26 12:57:57,688 INFO [034_Beethoven_PianoSonata_N8_Mov1_B1-134_page_0]                Score.java:181  | Closing {Score 1}
