2025-12-26 12:58:00,005 INFO [034_Beethoven_PianoSonata_N8_Mov1_B1-134_page_1]                 Book.java:560  | 1 sheet in C:\Users\Elliot\Downloads\Audiveris\scores\034_Beethoven_PianoSonata_N8_Mov1_B1-134_page_1.jpg
2025-12-26 12:58:00,185 INFO []                 Book.java:2577 | Stored /book.xml
2025-12-26 12:58:00,186 INFO []                 Book.java:2537 | Book stored as C:\Users\Elliot\Downloads\Audiveris\scores\034_Beethoven_PianoSonata_N8_Mov1_B1-134_page_1.omr
2025-12-26 12:58:00,195 INFO []                 Book.java:1929 | Book reaching PAGE on sheets:[#1]
2025-12-26 12:58:00,202 INFO [034_Beethoven_PianoSonata_N8_Mov1_B1-134_page_1]       StepMonitoring.java:98   | LOAD
2025-12-26 12:58:00,399 INFO [034_Beethoven_PianoSonata_N8_Mov1_B1-134_page_1]            SheetStub.java:1273 | Loaded image #1 1653x2339 from C:\Users\Elliot\Downloads\Audiveris\scores\034_Beethoven_PianoSonata_N8_Mov1_B1-134_page_1.jpg
2025-12-26 12:58:00,405 INFO [034_Beethoven_PianoSonata_N8_Mov1_B1-134_page_1]            ImageUtil.java:124  | Converting max RGB to gray
2025-12-26 12:58:00,570 INFO [034_Beethoven_PianoSonata_N8_Mov1_B1-134_page_1]       StepMonitoring.java:98   | BINARY
2025-12-26 12:58:00,836 INFO [034_Beethoven_PianoSonata_N8_Mov1_B1-134_page_1]       StepMonitoring.java:98   | SCALE
2025-12-26 12:58:00,866 INFO [034_Beethoven_PianoSonata_N8_Mov1_B1-134_page_1]         ScaleBuilder.java:241  | Beam  guessed height:  5 -- 0.50 of 10 interline
2025-12-26 12:58:00,868 INFO [034_Beethoven_PianoSonata_N8_Mov1_B1-134_page_1]         ScaleBuilder.java:264  | Beam measured height:  6 -- 0.43 of [3..10] range at 378% of needed quorum
2025-12-26 12:58:00,869 INFO [034_Beethoven_PianoSonata_N8_Mov1_B1-134_page_1]            ScaleStep.java:65   | Scale{ interline(11,12,12) line(1,1,3) beam(6)}
2025-12-26 12:58:00,870 INFO [034_Beethoven_PianoSonata_N8_Mov1_B1-134_page_1]       StepMonitoring.java:98   | GRID
2025-12-26 12:58:01,409 INFO [034_Beethoven_PianoSonata_N8_Mov1_B1-134_page_1]       LinesRetriever.java:1500 | Global slope: 0.00000
2025-12-26 12:58:01,491 INFO [034_Beethoven_PianoSonata_N8_Mov1_B1-134_page_1]    ClustersRetriever.java:326  | Retrieved raw line clusters: 12 of sizes [5] with interline(11,12,12)
2025-12-26 12:58:01,704 INFO [034_Beethoven_PianoSonata_N8_Mov1_B1-134_page_1]            PeakGraph.java:310  | Systems: #1[1, 2] #2[3, 4] #3[5, 6] #4[7, 8] #5[9, 10] #6[11, 12]
2025-12-26 12:58:02,068 INFO [034_Beethoven_PianoSonata_N8_Mov1_B1-134_page_1]        SystemManager.java:779  | 1 part along 6 systems
2025-12-26 12:58:02,070 INFO [034_Beethoven_PianoSonata_N8_Mov1_B1-134_page_1]                 Book.java:543  | Created scores: [{Score 1}]
2025-12-26 12:58:02,070 INFO [034_Beethoven_PianoSonata_N8_Mov1_B1-134_page_1]       StepMonitoring.java:98   | HEADERS
2025-12-26 12:58:02,395 INFO []      BasicClassifier.java:286  | Classifier loaded XML norms.
2025-12-26 12:58:02,400 INFO []   AbstractClassifier.java:396  | Classifier data loaded from default uri jar:file:/C:/Users/Elliot/Downloads/Audiveris/app/audiveris.jar!/res/basic-classifier.zip
2025-12-26 12:58:03,580 INFO [034_Beethoven_PianoSonata_N8_Mov1_B1-134_page_1]       StepMonitoring.java:98   | STEM_SEEDS
2025-12-26 12:58:03,639 INFO [034_Beethoven_PianoSonata_N8_Mov1_B1-134_page_1]        StemSeedsStep.java:86   | stem(1 max:2)
2025-12-26 12:58:03,709 INFO [034_Beethoven_PianoSonata_N8_Mov1_B1-134_page_1]       StepMonitoring.java:98   | BEAMS
2025-12-26 12:58:04,968 INFO [034_Beethoven_PianoSonata_N8_Mov1_B1-134_page_1]       StepMonitoring.java:98   | LEDGERS
2025-12-26 12:58:05,365 INFO [034_Beethoven_PianoSonata_N8_Mov1_B1-134_page_1]       StepMonitoring.java:98   | HEADS
2025-12-26 12:58:07,823 INFO [034_Beethoven_PianoSonata_N8_Mov1_B1-134_page_1]        HeadSeedTally.java:235  | Scale information: HeadSeeds{NOTEHEAD_VOID[L:-0.1,R:0.5] NOTEHEAD_BLACK[L:-0.1,R:0.5]}
2025-12-26 12:58:07,825 INFO [034_Beethoven_PianoSonata_N8_Mov1_B1-134_page_1]       StepMonitoring.java:98   | STEMS
2025-12-26 12:58:09,021 INFO [034_Beethoven_PianoSonata_N8_Mov1_B1-134_page_1]       StepMonitoring.java:98   | REDUCTION
2025-12-26 12:58:09,293 INFO [034_Beethoven_PianoSonata_N8_Mov1_B1-134_page_1]        ReductionStep.java:105  | Stems free length median value: 41 pixels, 3.4 interlines
2025-12-26 12:58:09,300 INFO [034_Beethoven_PianoSonata_N8_Mov1_B1-134_page_1]       StepMonitoring.java:98   | CUE_BEAMS
2025-12-26 12:58:09,301 INFO [034_Beethoven_PianoSonata_N8_Mov1_B1-134_page_1]         CueBeamsStep.java:81   | Step CUE_BEAMS is skipped because small heads switch is off
2025-12-26 12:58:09,301 INFO [034_Beethoven_PianoSonata_N8_Mov1_B1-134_page_1]       StepMonitoring.java:98   | TEXTS
2025-12-26 12:58:09,429 WARN [034_Beethoven_PianoSonata_N8_Mov1_B1-134_page_1]         TesseractOCR.java:335  | The collection of supported languages is empty
2025-12-26 12:58:09,429 INFO [034_Beethoven_PianoSonata_N8_Mov1_B1-134_page_1]              OcrUtil.java:106  | Missing support for 'eng' language(s)
2025-12-26 12:58:09,444 INFO [034_Beethoven_PianoSonata_N8_Mov1_B1-134_page_1]       StepMonitoring.java:98   | MEASURES
2025-12-26 12:58:09,461 INFO [034_Beethoven_PianoSonata_N8_Mov1_B1-134_page_1]                 Page.java:307  | 36 raw measures: [6 in system#1, 6 in system#2, 7 in system#3, 5 in system#4, 6 in system#5, 6 in system#6]
2025-12-26 12:58:09,463 INFO [034_Beethoven_PianoSonata_N8_Mov1_B1-134_page_1]       StepMonitoring.java:98   | CHORDS
2025-12-26 12:58:09,490 INFO [034_Beethoven_PianoSonata_N8_Mov1_B1-134_page_1]       StepMonitoring.java:98   | CURVES
2025-12-26 12:58:10,316 INFO [034_Beethoven_PianoSonata_N8_Mov1_B1-134_page_1]         SlursBuilder.java:240  | Slurs: 14
2025-12-26 12:58:10,348 INFO [034_Beethoven_PianoSonata_N8_Mov1_B1-134_page_1]      SegmentsBuilder.java:155  | Segments: 15
2025-12-26 12:58:10,353 INFO [034_Beethoven_PianoSonata_N8_Mov1_B1-134_page_1]       StepMonitoring.java:98   | SYMBOLS
2025-12-26 12:58:11,168 INFO [034_Beethoven_PianoSonata_N8_Mov1_B1-134_page_1]       StepMonitoring.java:98   | LINKS
2025-12-26 12:58:11,180 INFO [034_Beethoven_PianoSonata_N8_Mov1_B1-134_page_1]        SymbolsLinker.java:258  | No chord linked to OctaveShiftInter#9673{(0.182) staff:1 QUINDICESIMA ALTA}
2025-12-26 12:58:11,286 INFO [034_Beethoven_PianoSonata_N8_Mov1_B1-134_page_1]       StepMonitoring.java:98   | RHYTHMS
2025-12-26 12:58:11,383 INFO [034_Beethoven_PianoSonata_N8_Mov1_B1-134_page_1]       StepMonitoring.java:98   | PAGE
2025-12-26 12:58:11,402 INFO [034_Beethoven_PianoSonata_N8_Mov1_B1-134_page_1]                 Book.java:2596 | Book{034_Beethoven_PianoSonata_N8_Mov1_B1-134_page_1} storing
2025-12-26 12:58:11,458 INFO [034_Beethoven_PianoSonata_N8_Mov1_B1-134_page_1]                 Book.java:2577 | Stored /book.xml
2025-12-26 12:58:11,538 INFO [034_Beethoven_PianoSonata_N8_Mov1_B1-134_page_1]           DataHolder.java:348  | Stored /sheet#1/BINARY.png
2025-12-26 12:58:12,547 INFO [034_Beethoven_PianoSonata_N8_Mov1_B1-134_page_1]                Sheet.java:1583 | Stored /sheet#1/sheet#1.xml
2025-12-26 12:58:12,548 INFO [034_Beethoven_PianoSonata_N8_Mov1_B1-134_page_1]                 Book.java:2537 | Book stored as C:\Users\Elliot\Downloads\Audiveris\scores\034_Beethoven_PianoSonata_N8_Mov1_B1-134_page_1.omr
2025-12-26 12:58:12,551 INFO [034_Beethoven_PianoSonata_N8_Mov1_B1-134_page_1]            SheetStub.java:1660 | Disposed sheet
2025-12-26 12:58:12,588 INFO [034_Beethoven_PianoSonata_N8_Mov1_B1-134_page_1]                 Book.java:2064 | End of Stub#1
2025-12-26 12:58:12,590 INFO [034_Beethoven_PianoSonata_N8_Mov1_B1-134_page_1]                 Book.java:2071 | Book processed.
2025-12-26 12:58:13,053 INFO [034_Beethoven_PianoSonata_N8_Mov1_B1-134_page_1]            SheetStub.java:997  | Loaded /sheet#1/sheet#1.xml
2025-12-26 12:58:13,506 INFO [034_Beethoven_PianoSonata_N8_Mov1_B1-134_page_1]      PartwiseBuilder.java:2688 | Exporting sheet(s): [#1]
2025-12-26 12:58:13,675 INFO [034_Beethoven_PianoSonata_N8_Mov1_B1-134_page_1]        ScoreExporter.java:164  | Score 034_Beethoven_PianoSonata_N8_Mov1_B1-134_page_1 exported to C:\Users\Elliot\Downloads\Audiveris\scores\034_Beethoven_PianoSonata_N8_Mov1_B1-134_page_1.mxl
2025-12-26 12:58:13,729 INFO [034_Beethoven_PianoSonata_N8_Mov1_B1-134_page_1]                Score.java:181  | Closing {Score 1}
