2025-12-26 12:59:04,615 INFO [035_Debussy_Arabesque_No1_B1-16_page_0]                 Book.java:560  | 1 sheet in C:\Users\Elliot\Downloads\Audiveris\scores\035_Debussy_Arabesque_No1_B1-16_page_0.jpg
2025-12-26 12:59:04,827 INFO []                 Book.java:2577 | Stored /book.xml
2025-12-26 12:59:04,827 INFO []                 Book.java:2537 | Book stored as C:\Users\Elliot\Downloads\Audiveris\scores\035_Debussy_Arabesque_No1_B1-16_page_0.omr
2025-12-26 12:59:04,837 INFO []                 Book.java:1929 | Book reaching PAGE on sheets:[#1]
2025-12-26 12:59:04,843 INFO [035_Debussy_Arabesque_No1_B1-16_page_0]       StepMonitoring.java:98   | LOAD
2025-12-26 12:59:05,018 INFO [035_Debussy_Arabesque_No1_B1-16_page_0]            SheetStub.java:1273 | Loaded image #1 1653x2339 from C:\Users\Elliot\Downloads\Audiveris\scores\035_Debussy_Arabesque_No1_B1-16_page_0.jpg
2025-12-26 12:59:05,024 INFO [035_Debussy_Arabesque_No1_B1-16_page_0]            ImageUtil.java:124  | Converting max RGB to gray
2025-12-26 12:59:05,248 INFO [035_Debussy_Arabesque_No1_B1-16_page_0]       StepMonitoring.java:98   | BINARY
2025-12-26 12:59:05,570 INFO [035_Debussy_Arabesque_No1_B1-16_page_0]       StepMonitoring.java:98   | SCALE
2025-12-26 12:59:05,599 INFO [035_Debussy_Arabesque_No1_B1-16_page_0]         ScaleBuilder.java:241  | Beam  guessed height:  5 -- 0.50 of 10 interline
2025-12-26 12:59:05,601 INFO [035_Debussy_Arabesque_No1_B1-16_page_0]         ScaleBuilder.java:264  | Beam measured height:  7 -- 0.57 of [3..10] range at 464% of needed quorum
2025-12-26 12:59:05,601 INFO [035_Debussy_Arabesque_No1_B1-16_page_0]            ScaleStep.java:65   | Scale{ interline(11,12,12) line(1,1,2) beam(7)}
2025-12-26 12:59:05,603 INFO [035_Debussy_Arabesque_No1_B1-16_page_0]       StepMonitoring.java:98   | GRID
2025-12-26 12:59:05,976 INFO [035_Debussy_Arabesque_No1_B1-16_page_0]       LinesRetriever.java:1500 | Global slope: 0.00000
2025-12-26 12:59:06,059 INFO [035_Debussy_Arabesque_No1_B1-16_page_0]    ClustersRetriever.java:326  | Retrieved raw line clusters: 10 of sizes [5] with interline(11,12,12)
2025-12-26 12:59:06,263 INFO [035_Debussy_Arabesque_No1_B1-16_page_0]            PeakGraph.java:310  | Systems: #1[1, 2] #2[3, 4] #3[5, 6] #4[7, 8] #5[9, 10]
2025-12-26 12:59:06,567 INFO [035_Debussy_Arabesque_No1_B1-16_page_0]        SystemManager.java:134  | Indentation detected for system #1
2025-12-26 12:59:06,568 INFO [035_Debussy_Arabesque_No1_B1-16_page_0]        SystemManager.java:779  | 1 part along 5 systems
2025-12-26 12:59:06,569 INFO [035_Debussy_Arabesque_No1_B1-16_page_0]                 Book.java:543  | Created scores: [{Score 1}]
2025-12-26 12:59:06,570 INFO [035_Debussy_Arabesque_No1_B1-16_page_0]       StepMonitoring.java:98   | HEADERS
2025-12-26 12:59:06,986 INFO []      BasicClassifier.java:286  | Classifier loaded XML norms.
2025-12-26 12:59:06,989 INFO []   AbstractClassifier.java:396  | Classifier data loaded from default uri jar:file:/C:/Users/Elliot/Downloads/Audiveris/app/audiveris.jar!/res/basic-classifier.zip
2025-12-26 12:59:07,914 INFO [035_Debussy_Arabesque_No1_B1-16_page_0]       StepMonitoring.java:98   | STEM_SEEDS
2025-12-26 12:59:07,975 INFO [035_Debussy_Arabesque_No1_B1-16_page_0]        StemSeedsStep.java:86   | stem(2 max:2)
2025-12-26 12:59:08,045 INFO [035_Debussy_Arabesque_No1_B1-16_page_0]       StepMonitoring.java:98   | BEAMS
2025-12-26 12:59:09,397 INFO [035_Debussy_Arabesque_No1_B1-16_page_0]       StepMonitoring.java:98   | LEDGERS
2025-12-26 12:59:09,565 INFO [035_Debussy_Arabesque_No1_B1-16_page_0]       StepMonitoring.java:98   | HEADS
2025-12-26 12:59:11,392 INFO [035_Debussy_Arabesque_No1_B1-16_page_0]        HeadSeedTally.java:235  | Scale information: HeadSeeds{NOTEHEAD_BLACK[L:-0.2,R:0.5]}
2025-12-26 12:59:11,393 INFO [035_Debussy_Arabesque_No1_B1-16_page_0]       StepMonitoring.java:98   | STEMS
2025-12-26 12:59:12,067 INFO [035_Debussy_Arabesque_No1_B1-16_page_0]       StepMonitoring.java:98   | REDUCTION
2025-12-26 12:59:12,224 INFO [035_Debussy_Arabesque_No1_B1-16_page_0]        ReductionStep.java:105  | Stems free length median value: 37 pixels, 3.1 interlines
2025-12-26 12:59:12,234 INFO [035_Debussy_Arabesque_No1_B1-16_page_0]       StepMonitoring.java:98   | CUE_BEAMS
2025-12-26 12:59:12,234 INFO [035_Debussy_Arabesque_No1_B1-16_page_0]         CueBeamsStep.java:81   | Step CUE_BEAMS is skipped because small heads switch is off
2025-12-26 12:59:12,234 INFO [035_Debussy_Arabesque_No1_B1-16_page_0]       StepMonitoring.java:98   | TEXTS
2025-12-26 12:59:12,325 WARN [035_Debussy_Arabesque_No1_B1-16_page_0]         TesseractOCR.java:335  | The collection of supported languages is empty
2025-12-26 12:59:12,326 INFO [035_Debussy_Arabesque_No1_B1-16_page_0]              OcrUtil.java:106  | Missing support for 'eng' language(s)
2025-12-26 12:59:12,337 INFO [035_Debussy_Arabesque_No1_B1-16_page_0]       StepMonitoring.java:98   | MEASURES
2025-12-26 12:59:12,348 INFO [035_Debussy_Arabesque_No1_B1-16_page_0]                 Page.java:307  | 16 raw measures: [3 in system#1, 3 in system#2, 3 in system#3, 4 in system#4, 3 in system#5]
2025-12-26 12:59:12,349 INFO [035_Debussy_Arabesque_No1_B1-16_page_0]       StepMonitoring.java:98   | CHORDS
2025-12-26 12:59:12,370 INFO [035_Debussy_Arabesque_No1_B1-16_page_0]       StepMonitoring.java:98   | CURVES
2025-12-26 12:59:12,982 INFO [035_Debussy_Arabesque_No1_B1-16_page_0]         SlursBuilder.java:240  | Slurs: 14
2025-12-26 12:59:12,995 INFO [035_Debussy_Arabesque_No1_B1-16_page_0]      SegmentsBuilder.java:155  | Segments: 5
2025-12-26 12:59:13,004 INFO [035_Debussy_Arabesque_No1_B1-16_page_0]       StepMonitoring.java:98   | SYMBOLS
2025-12-26 12:59:13,536 INFO [035_Debussy_Arabesque_No1_B1-16_page_0]       StepMonitoring.java:98   | LINKS
2025-12-26 12:59:13,670 INFO [035_Debussy_Arabesque_No1_B1-16_page_0]       StepMonitoring.java:98   | RHYTHMS
2025-12-26 12:59:13,708 INFO [035_Debussy_Arabesque_No1_B1-16_page_0]        MeasureRhythm.java:1045 | Measure{#2} No timeOffset for HeadChordInter#4231{(0.937/0.937) staff:2 slot#10 dur:1/8}
2025-12-26 12:59:13,710 INFO [035_Debussy_Arabesque_No1_B1-16_page_0]                Voice.java:257  | Measure{#2} Voice{#5 excess:1/8} too long
2025-12-26 12:59:13,711 INFO [035_Debussy_Arabesque_No1_B1-16_page_0]          StackRhythm.java:224  | S1 MeasureStack#2 no correct rhythm
2025-12-26 12:59:13,715 INFO [035_Debussy_Arabesque_No1_B1-16_page_0]        MeasureRhythm.java:1045 | Measure{#3} No timeOffset for HeadChordInter#4215{(0.950/0.950) staff:1 slot#5 dur:1/8}
2025-12-26 12:59:13,718 INFO [035_Debussy_Arabesque_No1_B1-16_page_0]   AbstractChordInter.java:627  | Measure{#3} No timeOffset for HeadChordInter#4218{(0.928/0.928) staff:1 slot#7 dur:1/4}
2025-12-26 12:59:13,719 INFO [035_Debussy_Arabesque_No1_B1-16_page_0]        MeasureRhythm.java:1045 | Measure{#3} No timeOffset for HeadChordInter#4238{(0.861/0.861) staff:2 slot#7 dur:1/2}
2025-12-26 12:59:13,720 INFO [035_Debussy_Arabesque_No1_B1-16_page_0]   AbstractChordInter.java:627  | Measure{#3} No timeOffset for HeadChordInter#4217{(0.915/0.915) staff:1 slot#7 dur:1/4}
2025-12-26 12:59:13,720 INFO [035_Debussy_Arabesque_No1_B1-16_page_0]   AbstractChordInter.java:627  | Measure{#3} No timeOffset for HeadChordInter#4238{(0.861/0.861) staff:2 slot#7 dur:1/2}
2025-12-26 12:59:13,721 INFO [035_Debussy_Arabesque_No1_B1-16_page_0]   AbstractChordInter.java:627  | Measure{#3} No timeOffset for HeadChordInter#4217{(0.915/0.915) staff:1 slot#7 dur:1/4}
2025-12-26 12:59:13,722 INFO [035_Debussy_Arabesque_No1_B1-16_page_0]   AbstractChordInter.java:627  | Measure{#3} No timeOffset for HeadChordInter#4241{(0.911/0.911) staff:2 slot#10 dur:1/4}
2025-12-26 12:59:13,723 INFO [035_Debussy_Arabesque_No1_B1-16_page_0]   AbstractChordInter.java:627  | Measure{#3} No timeOffset for HeadChordInter#4219{(0.929/0.929) staff:1 slot#10 dur:1/4}
2025-12-26 12:59:13,723 INFO [035_Debussy_Arabesque_No1_B1-16_page_0]   AbstractChordInter.java:627  | Measure{#3} No timeOffset for HeadChordInter#4241{(0.911/0.911) staff:2 slot#10 dur:1/4}
2025-12-26 12:59:13,726 INFO [035_Debussy_Arabesque_No1_B1-16_page_0]          StackRhythm.java:224  | S1 MeasureStack#3 no correct rhythm
2025-12-26 12:59:13,733 INFO [035_Debussy_Arabesque_No1_B1-16_page_0]        MeasureRhythm.java:1045 | Measure{#4} No timeOffset for HeadChordInter#4245{(0.956/0.956) staff:3 slot#5 dur:1/8}
2025-12-26 12:59:13,733 INFO [035_Debussy_Arabesque_No1_B1-16_page_0]   AbstractChordInter.java:627  | Measure{#4} No timeOffset for HeadChordInter#4248{(0.933/0.933) staff:3 slot#7 dur:1/4}
2025-12-26 12:59:13,734 INFO [035_Debussy_Arabesque_No1_B1-16_page_0]        MeasureRhythm.java:1045 | Measure{#4} No timeOffset for HeadChordInter#4270{(0.845/0.845) staff:4 slot#7 dur:1/2}
2025-12-26 12:59:13,734 INFO [035_Debussy_Arabesque_No1_B1-16_page_0]   AbstractChordInter.java:627  | Measure{#4} No timeOffset for HeadChordInter#4247{(0.915/0.915) staff:3 slot#7 dur:1/4}
2025-12-26 12:59:13,735 INFO [035_Debussy_Arabesque_No1_B1-16_page_0]   AbstractChordInter.java:627  | Measure{#4} No timeOffset for HeadChordInter#4270{(0.845/0.845) staff:4 slot#7 dur:1/2}
2025-12-26 12:59:13,735 INFO [035_Debussy_Arabesque_No1_B1-16_page_0]   AbstractChordInter.java:627  | Measure{#4} No timeOffset for HeadChordInter#4247{(0.915/0.915) staff:3 slot#7 dur:1/4}
2025-12-26 12:59:13,735 INFO [035_Debussy_Arabesque_No1_B1-16_page_0]   AbstractChordInter.java:627  | Measure{#4} No timeOffset for HeadChordInter#4273{(0.911/0.911) staff:4 slot#10 dur:1/4}
2025-12-26 12:59:13,735 INFO [035_Debussy_Arabesque_No1_B1-16_page_0]   AbstractChordInter.java:627  | Measure{#4} No timeOffset for HeadChordInter#4249{(0.910/0.910) staff:3 slot#10 dur:1/4}
2025-12-26 12:59:13,735 INFO [035_Debussy_Arabesque_No1_B1-16_page_0]   AbstractChordInter.java:627  | Measure{#4} No timeOffset for HeadChordInter#4273{(0.911/0.911) staff:4 slot#10 dur:1/4}
2025-12-26 12:59:13,736 INFO [035_Debussy_Arabesque_No1_B1-16_page_0]          StackRhythm.java:224  | S2 MeasureStack#4 no correct rhythm
2025-12-26 12:59:13,740 INFO [035_Debussy_Arabesque_No1_B1-16_page_0]                Voice.java:257  | Measure{#5} Voice{#1 excess:1/8} too long
2025-12-26 12:59:13,741 INFO [035_Debussy_Arabesque_No1_B1-16_page_0]                Voice.java:257  | Measure{#5} Voice{#7 excess:1/8} too long
2025-12-26 12:59:13,743 INFO [035_Debussy_Arabesque_No1_B1-16_page_0]          StackRhythm.java:224  | S2 MeasureStack#5 no correct rhythm
2025-12-26 12:59:13,748 INFO [035_Debussy_Arabesque_No1_B1-16_page_0]                Voice.java:257  | Measure{#6} Voice{#1 excess:1/8} too long
2025-12-26 12:59:13,749 INFO [035_Debussy_Arabesque_No1_B1-16_page_0]          StackRhythm.java:224  | S2 MeasureStack#6 no correct rhythm
2025-12-26 12:59:13,756 INFO [035_Debussy_Arabesque_No1_B1-16_page_0]                Voice.java:257  | Measure{#8} Voice{#3 excess:1/8} too long
2025-12-26 12:59:13,757 INFO [035_Debussy_Arabesque_No1_B1-16_page_0]          StackRhythm.java:224  | S3 MeasureStack#8 no correct rhythm
2025-12-26 12:59:13,782 INFO [035_Debussy_Arabesque_No1_B1-16_page_0]        MeasureRhythm.java:1045 | Measure{#14} No timeOffset for HeadChordInter#4416{(0.512/0.512) slot#11 dur:1/2}
2025-12-26 12:59:13,783 INFO [035_Debussy_Arabesque_No1_B1-16_page_0]          StackRhythm.java:224  | S5 MeasureStack#14 no correct rhythm
2025-12-26 12:59:13,788 INFO [035_Debussy_Arabesque_No1_B1-16_page_0]       StepMonitoring.java:98   | PAGE
2025-12-26 12:59:13,799 INFO [035_Debussy_Arabesque_No1_B1-16_page_0]                Voice.java:257  | Measure{#2} Voice{#5 excess:1/8} too long
2025-12-26 12:59:13,800 INFO [035_Debussy_Arabesque_No1_B1-16_page_0]                Voice.java:257  | Measure{#5} Voice{#4 excess:1/8} too long
2025-12-26 12:59:13,800 INFO [035_Debussy_Arabesque_No1_B1-16_page_0]                Voice.java:257  | Measure{#5} Voice{#7 excess:1/8} too long
2025-12-26 12:59:13,801 INFO [035_Debussy_Arabesque_No1_B1-16_page_0]                Voice.java:257  | Measure{#6} Voice{#1 excess:1/8} too long
2025-12-26 12:59:13,801 INFO [035_Debussy_Arabesque_No1_B1-16_page_0]                Voice.java:257  | Measure{#8} Voice{#3 excess:1/8} too long
2025-12-26 12:59:13,809 INFO [035_Debussy_Arabesque_No1_B1-16_page_0]                 Book.java:2596 | Book{035_Debussy_Arabesque_No1_B1-16_page_0} storing
2025-12-26 12:59:13,852 INFO [035_Debussy_Arabesque_No1_B1-16_page_0]                 Book.java:2577 | Stored /book.xml
2025-12-26 12:59:13,944 INFO [035_Debussy_Arabesque_No1_B1-16_page_0]           DataHolder.java:348  | Stored /sheet#1/BINARY.png
2025-12-26 12:59:14,831 INFO [035_Debussy_Arabesque_No1_B1-16_page_0]                Sheet.java:1583 | Stored /sheet#1/sheet#1.xml
2025-12-26 12:59:14,832 INFO [035_Debussy_Arabesque_No1_B1-16_page_0]                 Book.java:2537 | Book stored as C:\Users\Elliot\Downloads\Audiveris\scores\035_Debussy_Arabesque_No1_B1-16_page_0.omr
2025-12-26 12:59:14,836 INFO [035_Debussy_Arabesque_No1_B1-16_page_0]            SheetStub.java:1660 | Disposed sheet
2025-12-26 12:59:14,871 INFO [035_Debussy_Arabesque_No1_B1-16_page_0]                 Book.java:2064 | End of Stub#1
2025-12-26 12:59:14,875 INFO [035_Debussy_Arabesque_No1_B1-16_page_0]                 Book.java:2071 | Book processed.
2025-12-26 12:59:15,337 INFO [035_Debussy_Arabesque_No1_B1-16_page_0]            SheetStub.java:997  | Loaded /sheet#1/sheet#1.xml
2025-12-26 12:59:15,803 INFO [035_Debussy_Arabesque_No1_B1-16_page_0]      PartwiseBuilder.java:2688 | Exporting sheet(s): [#1]
2025-12-26 12:59:15,940 INFO [035_Debussy_Arabesque_No1_B1-16_page_0]        ScoreExporter.java:164  | Score 035_Debussy_Arabesque_No1_B1-16_page_0 exported to C:\Users\Elliot\Downloads\Audiveris\scores\035_Debussy_Arabesque_No1_B1-16_page_0.mxl
2025-12-26 12:59:15,989 INFO [035_Debussy_Arabesque_No1_B1-16_page_0]                Score.java:181  | Closing {Score 1}
