2025-12-26 12:59:18,116 INFO [036_Debussy_Arabesque_No2_B19-37_page_0]                 Book.java:560  | 1 sheet in C:\Users\Elliot\Downloads\Audiveris\scores\036_Debussy_Arabesque_No2_B19-37_page_0.jpg
2025-12-26 12:59:18,261 INFO []                 Book.java:2577 | Stored /book.xml
2025-12-26 12:59:18,261 INFO []                 Book.java:2537 | Book stored as C:\Users\Elliot\Downloads\Audiveris\scores\036_Debussy_Arabesque_No2_B19-37_page_0.omr
2025-12-26 12:59:18,266 INFO []                 Book.java:1929 | Book reaching PAGE on sheets:[#1]
2025-12-26 12:59:18,276 INFO [036_Debussy_Arabesque_No2_B19-37_page_0]       StepMonitoring.java:98   | LOAD
2025-12-26 12:59:18,448 INFO [036_Debussy_Arabesque_No2_B19-37_page_0]            SheetStub.java:1273 | Loaded image #1 1653x2339 from C:\Users\Elliot\Downloads\Audiveris\scores\036_Debussy_Arabesque_No2_B19-37_page_0.jpg
2025-12-26 12:59:18,453 INFO [036_Debussy_Arabesque_No2_B19-37_page_0]            ImageUtil.java:124  | Converting max RGB to gray
2025-12-26 12:59:18,622 INFO [036_Debussy_Arabesque_No2_B19-37_page_0]       StepMonitoring.java:98   | BINARY
2025-12-26 12:59:19,005 INFO [036_Debussy_Arabesque_No2_B19-37_page_0]       StepMonitoring.java:98   | SCALE
2025-12-26 12:59:19,031 INFO [036_Debussy_Arabesque_No2_B19-37_page_0]         ScaleBuilder.java:241  | Beam  guessed height:  5 -- 0.50 of 10 interline
2025-12-26 12:59:19,032 INFO [036_Debussy_Arabesque_No2_B19-37_page_0]         ScaleBuilder.java:264  | Beam measured height:  6 -- 0.43 of [3..10] range at 368% of needed quorum
2025-12-26 12:59:19,032 INFO [036_Debussy_Arabesque_No2_B19-37_page_0]            ScaleStep.java:65   | Scale{ interline(11,12,12) line(1,1,3) beam(6)}
2025-12-26 12:59:19,033 INFO [036_Debussy_Arabesque_No2_B19-37_page_0]       StepMonitoring.java:98   | GRID
2025-12-26 12:59:19,592 INFO [036_Debussy_Arabesque_No2_B19-37_page_0]       LinesRetriever.java:1500 | Global slope: 0.00000
2025-12-26 12:59:19,680 INFO [036_Debussy_Arabesque_No2_B19-37_page_0]    ClustersRetriever.java:326  | Retrieved raw line clusters: 12 of sizes [5] with interline(11,12,12)
2025-12-26 12:59:20,015 INFO [036_Debussy_Arabesque_No2_B19-37_page_0]            PeakGraph.java:310  | Systems: #1[1, 2] #2[3, 4] #3[5, 6] #4[7, 8] #5[9, 10] #6[11, 12]
2025-12-26 12:59:20,611 INFO [036_Debussy_Arabesque_No2_B19-37_page_0]        SystemManager.java:134  | Indentation detected for system #1
2025-12-26 12:59:20,612 INFO [036_Debussy_Arabesque_No2_B19-37_page_0]        SystemManager.java:779  | 1 part along 6 systems
2025-12-26 12:59:20,613 INFO [036_Debussy_Arabesque_No2_B19-37_page_0]                 Book.java:543  | Created scores: [{Score 1}]
2025-12-26 12:59:20,614 INFO [036_Debussy_Arabesque_No2_B19-37_page_0]       StepMonitoring.java:98   | HEADERS
2025-12-26 12:59:21,026 INFO [036_Debussy_Arabesque_No2_B19-37_page_0]      BasicClassifier.java:286  | Classifier loaded XML norms.
2025-12-26 12:59:21,030 INFO [036_Debussy_Arabesque_No2_B19-37_page_0]   AbstractClassifier.java:396  | Classifier data loaded from default uri jar:file:/C:/Users/Elliot/Downloads/Audiveris/app/audiveris.jar!/res/basic-classifier.zip
2025-12-26 12:59:21,873 INFO [036_Debussy_Arabesque_No2_B19-37_page_0]       StepMonitoring.java:98   | STEM_SEEDS
2025-12-26 12:59:21,922 INFO [036_Debussy_Arabesque_No2_B19-37_page_0]        StemSeedsStep.java:86   | stem(2 max:3)
2025-12-26 12:59:21,994 INFO [036_Debussy_Arabesque_No2_B19-37_page_0]       StepMonitoring.java:98   | BEAMS
2025-12-26 12:59:23,146 INFO [036_Debussy_Arabesque_No2_B19-37_page_0]       StepMonitoring.java:98   | LEDGERS
2025-12-26 12:59:23,368 INFO [036_Debussy_Arabesque_No2_B19-37_page_0]       StepMonitoring.java:98   | HEADS
2025-12-26 12:59:25,790 INFO [036_Debussy_Arabesque_No2_B19-37_page_0]        HeadSeedTally.java:235  | Scale information: HeadSeeds{NOTEHEAD_VOID[L:-0.1,R:0.4] NOTEHEAD_BLACK[L:-0.3,R:0.3]}
2025-12-26 12:59:25,791 INFO [036_Debussy_Arabesque_No2_B19-37_page_0]       StepMonitoring.java:98   | STEMS
2025-12-26 12:59:27,241 INFO [036_Debussy_Arabesque_No2_B19-37_page_0]       StepMonitoring.java:98   | REDUCTION
2025-12-26 12:59:27,619 INFO [036_Debussy_Arabesque_No2_B19-37_page_0]        ReductionStep.java:105  | Stems free length median value: 41 pixels, 3.4 interlines
2025-12-26 12:59:27,633 INFO [036_Debussy_Arabesque_No2_B19-37_page_0]       StepMonitoring.java:98   | CUE_BEAMS
2025-12-26 12:59:27,633 INFO [036_Debussy_Arabesque_No2_B19-37_page_0]         CueBeamsStep.java:81   | Step CUE_BEAMS is skipped because small heads switch is off
2025-12-26 12:59:27,634 INFO [036_Debussy_Arabesque_No2_B19-37_page_0]       StepMonitoring.java:98   | TEXTS
2025-12-26 12:59:27,777 WARN [036_Debussy_Arabesque_No2_B19-37_page_0]         TesseractOCR.java:335  | The collection of supported languages is empty
2025-12-26 12:59:27,778 INFO [036_Debussy_Arabesque_No2_B19-37_page_0]              OcrUtil.java:106  | Missing support for 'eng' language(s)
2025-12-26 12:59:27,793 INFO [036_Debussy_Arabesque_No2_B19-37_page_0]       StepMonitoring.java:98   | MEASURES
2025-12-26 12:59:27,814 INFO [036_Debussy_Arabesque_No2_B19-37_page_0]                 Page.java:307  | 19 raw measures: [2 in system#1, 3 in system#2, 3 in system#3, 4 in system#4, 3 in system#5, 4 in system#6]
2025-12-26 12:59:27,815 INFO [036_Debussy_Arabesque_No2_B19-37_page_0]       StepMonitoring.java:98   | CHORDS
2025-12-26 12:59:27,856 INFO [036_Debussy_Arabesque_No2_B19-37_page_0]       StepMonitoring.java:98   | CURVES
2025-12-26 12:59:29,079 INFO [036_Debussy_Arabesque_No2_B19-37_page_0]         SlursBuilder.java:240  | Slurs: 45
2025-12-26 12:59:29,109 INFO [036_Debussy_Arabesque_No2_B19-37_page_0]      SegmentsBuilder.java:155  | Segments: 9
2025-12-26 12:59:29,120 INFO [036_Debussy_Arabesque_No2_B19-37_page_0]       StepMonitoring.java:98   | SYMBOLS
2025-12-26 12:59:30,173 INFO [036_Debussy_Arabesque_No2_B19-37_page_0]       StepMonitoring.java:98   | LINKS
2025-12-26 12:59:30,207 INFO [036_Debussy_Arabesque_No2_B19-37_page_0]        SymbolsLinker.java:258  | No chord linked to OctaveShiftInter#8481{(0.139) staff:3 VENTIDUESIMA BASSA}
2025-12-26 12:59:30,353 INFO [036_Debussy_Arabesque_No2_B19-37_page_0]       StepMonitoring.java:98   | RHYTHMS
2025-12-26 12:59:30,411 INFO [036_Debussy_Arabesque_No2_B19-37_page_0]                Voice.java:257  | Measure{#5} Voice{#3 excess:1/8} too long
2025-12-26 12:59:30,412 INFO [036_Debussy_Arabesque_No2_B19-37_page_0]                Voice.java:257  | Measure{#5} Voice{#7 excess:1/8} too long
2025-12-26 12:59:30,413 INFO [036_Debussy_Arabesque_No2_B19-37_page_0]          StackRhythm.java:224  | S2 MeasureStack#5 no correct rhythm
2025-12-26 12:59:30,423 INFO [036_Debussy_Arabesque_No2_B19-37_page_0]                Voice.java:257  | Measure{#6} Voice{#3 excess:1/8} too long
2025-12-26 12:59:30,423 INFO [036_Debussy_Arabesque_No2_B19-37_page_0]                Voice.java:257  | Measure{#6} Voice{#7 excess:1/8} too long
2025-12-26 12:59:30,423 INFO [036_Debussy_Arabesque_No2_B19-37_page_0]          StackRhythm.java:224  | S3 MeasureStack#6 no correct rhythm
2025-12-26 12:59:30,430 INFO [036_Debussy_Arabesque_No2_B19-37_page_0]                Voice.java:257  | Measure{#7} Voice{#6 excess:1/16} too long
2025-12-26 12:59:30,431 INFO [036_Debussy_Arabesque_No2_B19-37_page_0]          StackRhythm.java:224  | S3 MeasureStack#7 no correct rhythm
2025-12-26 12:59:30,439 INFO [036_Debussy_Arabesque_No2_B19-37_page_0]                Voice.java:257  | Measure{#11} Voice{#1 excess:1/4} too long
2025-12-26 12:59:30,439 INFO [036_Debussy_Arabesque_No2_B19-37_page_0]          StackRhythm.java:224  | S4 MeasureStack#11 no correct rhythm
2025-12-26 12:59:30,451 INFO [036_Debussy_Arabesque_No2_B19-37_page_0]                Voice.java:257  | Measure{#15} Voice{#6 excess:3/16} too long
2025-12-26 12:59:30,452 INFO [036_Debussy_Arabesque_No2_B19-37_page_0]                Voice.java:257  | Measure{#15} Voice{#2 excess:3/16} too long
2025-12-26 12:59:30,453 INFO [036_Debussy_Arabesque_No2_B19-37_page_0]          StackRhythm.java:224  | S5 MeasureStack#15 no correct rhythm
2025-12-26 12:59:30,463 INFO [036_Debussy_Arabesque_No2_B19-37_page_0]       StepMonitoring.java:98   | PAGE
2025-12-26 12:59:30,471 INFO [036_Debussy_Arabesque_No2_B19-37_page_0]                Voice.java:257  | Measure{#5} Voice{#3 excess:1/8} too long
2025-12-26 12:59:30,471 INFO [036_Debussy_Arabesque_No2_B19-37_page_0]                Voice.java:257  | Measure{#5} Voice{#7 excess:1/8} too long
2025-12-26 12:59:30,472 INFO [036_Debussy_Arabesque_No2_B19-37_page_0]                Voice.java:257  | Measure{#6} Voice{#3 excess:1/8} too long
2025-12-26 12:59:30,472 INFO [036_Debussy_Arabesque_No2_B19-37_page_0]                Voice.java:257  | Measure{#6} Voice{#7 excess:1/8} too long
2025-12-26 12:59:30,472 INFO [036_Debussy_Arabesque_No2_B19-37_page_0]                Voice.java:257  | Measure{#7} Voice{#6 excess:1/16} too long
2025-12-26 12:59:30,473 INFO [036_Debussy_Arabesque_No2_B19-37_page_0]                Voice.java:257  | Measure{#11} Voice{#2 excess:1/4} too long
2025-12-26 12:59:30,473 INFO [036_Debussy_Arabesque_No2_B19-37_page_0]                Voice.java:257  | Measure{#15} Voice{#2 excess:3/16} too long
2025-12-26 12:59:30,475 INFO [036_Debussy_Arabesque_No2_B19-37_page_0]                Voice.java:257  | Measure{#15} Voice{#6 excess:3/16} too long
2025-12-26 12:59:30,480 INFO [036_Debussy_Arabesque_No2_B19-37_page_0]                 Book.java:2596 | Book{036_Debussy_Arabesque_No2_B19-37_page_0} storing
2025-12-26 12:59:30,544 INFO [036_Debussy_Arabesque_No2_B19-37_page_0]                 Book.java:2577 | Stored /book.xml
2025-12-26 12:59:30,666 INFO [036_Debussy_Arabesque_No2_B19-37_page_0]           DataHolder.java:348  | Stored /sheet#1/BINARY.png
2025-12-26 12:59:31,875 INFO [036_Debussy_Arabesque_No2_B19-37_page_0]                Sheet.java:1583 | Stored /sheet#1/sheet#1.xml
2025-12-26 12:59:31,876 INFO [036_Debussy_Arabesque_No2_B19-37_page_0]                 Book.java:2537 | Book stored as C:\Users\Elliot\Downloads\Audiveris\scores\036_Debussy_Arabesque_No2_B19-37_page_0.omr
2025-12-26 12:59:31,879 INFO [036_Debussy_Arabesque_No2_B19-37_page_0]            SheetStub.java:1660 | Disposed sheet
2025-12-26 12:59:31,919 INFO [036_Debussy_Arabesque_No2_B19-37_page_0]                 Book.java:2064 | End of Stub#1
2025-12-26 12:59:31,920 INFO [036_Debussy_Arabesque_No2_B19-37_page_0]                 Book.java:2071 | Book processed.
2025-12-26 12:59:32,559 INFO [036_Debussy_Arabesque_No2_B19-37_page_0]            SheetStub.java:997  | Loaded /sheet#1/sheet#1.xml
2025-12-26 12:59:33,083 INFO [036_Debussy_Arabesque_No2_B19-37_page_0]      PartwiseBuilder.java:2688 | Exporting sheet(s): [#1]
2025-12-26 12:59:33,241 INFO [036_Debussy_Arabesque_No2_B19-37_page_0]        ScoreExporter.java:164  | Score 036_Debussy_Arabesque_No2_B19-37_page_0 exported to C:\Users\Elliot\Downloads\Audiveris\scores\036_Debussy_Arabesque_No2_B19-37_page_0.mxl
2025-12-26 12:59:33,291 INFO [036_Debussy_Arabesque_No2_B19-37_page_0]                Score.java:181  | Closing {Score 1}
