2025-12-26 12:59:35,725 INFO [037_Debussy_ClairDeLune_B1-8_page_0]                 Book.java:560  | 1 sheet in C:\Users\Elliot\Downloads\Audiveris\scores\037_Debussy_ClairDeLune_B1-8_page_0.jpg
2025-12-26 12:59:35,910 INFO []                 Book.java:2577 | Stored /book.xml
2025-12-26 12:59:35,911 INFO []                 Book.java:2537 | Book stored as C:\Users\Elliot\Downloads\Audiveris\scores\037_Debussy_ClairDeLune_B1-8_page_0.omr
2025-12-26 12:59:35,916 INFO []                 Book.java:1929 | Book reaching PAGE on sheets:[#1]
2025-12-26 12:59:35,922 INFO [037_Debussy_ClairDeLune_B1-8_page_0]       StepMonitoring.java:98   | LOAD
2025-12-26 12:59:36,018 INFO [037_Debussy_ClairDeLune_B1-8_page_0]            SheetStub.java:1273 | Loaded image #1 1653x2339 from C:\Users\Elliot\Downloads\Audiveris\scores\037_Debussy_ClairDeLune_B1-8_page_0.jpg
2025-12-26 12:59:36,022 INFO [037_Debussy_ClairDeLune_B1-8_page_0]            ImageUtil.java:124  | Converting max RGB to gray
2025-12-26 12:59:36,136 INFO [037_Debussy_ClairDeLune_B1-8_page_0]       StepMonitoring.java:98   | BINARY
2025-12-26 12:59:36,509 INFO [037_Debussy_ClairDeLune_B1-8_page_0]       StepMonitoring.java:98   | SCALE
2025-12-26 12:59:36,535 INFO [037_Debussy_ClairDeLune_B1-8_page_0]         ScaleBuilder.java:241  | Beam  guessed height:  5 -- 0.50 of 10 interline
2025-12-26 12:59:36,537 INFO [037_Debussy_ClairDeLune_B1-8_page_0]         ScaleBuilder.java:264  | Beam measured height:  6 -- 0.43 of [3..10] range at 283% of needed quorum
2025-12-26 12:59:36,539 INFO [037_Debussy_ClairDeLune_B1-8_page_0]            ScaleStep.java:65   | Scale{ interline(11,12,12) line(1,1,3) beam(6)}
2025-12-26 12:59:36,540 INFO [037_Debussy_ClairDeLune_B1-8_page_0]       StepMonitoring.java:98   | GRID
2025-12-26 12:59:36,877 INFO [037_Debussy_ClairDeLune_B1-8_page_0]       LinesRetriever.java:1500 | Global slope: 0.00000
2025-12-26 12:59:36,909 INFO [037_Debussy_ClairDeLune_B1-8_page_0]    ClustersRetriever.java:326  | Retrieved raw line clusters: 4 of sizes [5] with interline(11,12,12)
2025-12-26 12:59:36,992 INFO [037_Debussy_ClairDeLune_B1-8_page_0]            PeakGraph.java:310  | Systems: #1[1, 2] #2[3, 4]
2025-12-26 12:59:37,250 INFO [037_Debussy_ClairDeLune_B1-8_page_0]        SystemManager.java:134  | Indentation detected for system #1
2025-12-26 12:59:37,251 INFO [037_Debussy_ClairDeLune_B1-8_page_0]        SystemManager.java:779  | 1 part along 2 systems
2025-12-26 12:59:37,253 INFO [037_Debussy_ClairDeLune_B1-8_page_0]                 Book.java:543  | Created scores: [{Score 1}]
2025-12-26 12:59:37,254 INFO [037_Debussy_ClairDeLune_B1-8_page_0]       StepMonitoring.java:98   | HEADERS
2025-12-26 12:59:37,659 INFO [037_Debussy_ClairDeLune_B1-8_page_0]      BasicClassifier.java:286  | Classifier loaded XML norms.
2025-12-26 12:59:37,663 INFO [037_Debussy_ClairDeLune_B1-8_page_0]   AbstractClassifier.java:396  | Classifier data loaded from default uri jar:file:/C:/Users/Elliot/Downloads/Audiveris/app/audiveris.jar!/res/basic-classifier.zip
2025-12-26 12:59:38,686 INFO [037_Debussy_ClairDeLune_B1-8_page_0]       StepMonitoring.java:98   | STEM_SEEDS
2025-12-26 12:59:38,732 INFO [037_Debussy_ClairDeLune_B1-8_page_0]        StemSeedsStep.java:86   | stem(1 max:3)
2025-12-26 12:59:38,796 INFO [037_Debussy_ClairDeLune_B1-8_page_0]       StepMonitoring.java:98   | BEAMS
2025-12-26 12:59:39,971 INFO [037_Debussy_ClairDeLune_B1-8_page_0]       StepMonitoring.java:98   | LEDGERS
2025-12-26 12:59:40,135 INFO [037_Debussy_ClairDeLune_B1-8_page_0]       StepMonitoring.java:98   | HEADS
2025-12-26 12:59:41,302 INFO [037_Debussy_ClairDeLune_B1-8_page_0]        HeadSeedTally.java:235  | Scale information: HeadSeeds{NOTEHEAD_VOID[L:-0.1,R:0.5] NOTEHEAD_BLACK[L:-0.3,R:0.5]}
2025-12-26 12:59:41,303 INFO [037_Debussy_ClairDeLune_B1-8_page_0]       StepMonitoring.java:98   | STEMS
2025-12-26 12:59:41,912 INFO [037_Debussy_ClairDeLune_B1-8_page_0]       StepMonitoring.java:98   | REDUCTION
2025-12-26 12:59:42,030 INFO [037_Debussy_ClairDeLune_B1-8_page_0]        ReductionStep.java:105  | Stems free length median value: 40 pixels, 3.3 interlines
2025-12-26 12:59:42,036 INFO [037_Debussy_ClairDeLune_B1-8_page_0]       StepMonitoring.java:98   | CUE_BEAMS
2025-12-26 12:59:42,037 INFO [037_Debussy_ClairDeLune_B1-8_page_0]         CueBeamsStep.java:81   | Step CUE_BEAMS is skipped because small heads switch is off
2025-12-26 12:59:42,038 INFO [037_Debussy_ClairDeLune_B1-8_page_0]       StepMonitoring.java:98   | TEXTS
2025-12-26 12:59:42,118 WARN [037_Debussy_ClairDeLune_B1-8_page_0]         TesseractOCR.java:335  | The collection of supported languages is empty
2025-12-26 12:59:42,119 INFO [037_Debussy_ClairDeLune_B1-8_page_0]              OcrUtil.java:106  | Missing support for 'eng' language(s)
2025-12-26 12:59:42,126 INFO [037_Debussy_ClairDeLune_B1-8_page_0]       StepMonitoring.java:98   | MEASURES
2025-12-26 12:59:42,136 INFO [037_Debussy_ClairDeLune_B1-8_page_0]                 Page.java:307  | 8 raw measures: [4 in system#1, 4 in system#2]
2025-12-26 12:59:42,136 INFO [037_Debussy_ClairDeLune_B1-8_page_0]       StepMonitoring.java:98   | CHORDS
2025-12-26 12:59:42,150 INFO [037_Debussy_ClairDeLune_B1-8_page_0]       StepMonitoring.java:98   | CURVES
2025-12-26 12:59:42,878 INFO [037_Debussy_ClairDeLune_B1-8_page_0]         SlursBuilder.java:240  | Slurs: 27
2025-12-26 12:59:42,887 INFO [037_Debussy_ClairDeLune_B1-8_page_0]      SegmentsBuilder.java:155  | Segments: 0
2025-12-26 12:59:42,896 INFO [037_Debussy_ClairDeLune_B1-8_page_0]       StepMonitoring.java:98   | SYMBOLS
2025-12-26 12:59:43,374 INFO [037_Debussy_ClairDeLune_B1-8_page_0]       StepMonitoring.java:98   | LINKS
2025-12-26 12:59:43,448 INFO [037_Debussy_ClairDeLune_B1-8_page_0]       StepMonitoring.java:98   | RHYTHMS
2025-12-26 12:59:43,487 INFO [037_Debussy_ClairDeLune_B1-8_page_0]        MeasureRhythm.java:1277 | Measure{#3} Time inconsistency in {5/8=[HeadChordInter#2071{(0.935/0.935) staff:1 slot#6 off:5/8 dur:1/8}], 3/4=[HeadChordInter#2083{(0.955/0.955) staff:2 slot#6 off:3/4 dur:3/8}]}
2025-12-26 12:59:43,542 INFO [037_Debussy_ClairDeLune_B1-8_page_0]                Voice.java:257  | Measure{#7} Voice{#1 excess:1/16} too long
2025-12-26 12:59:43,543 INFO [037_Debussy_ClairDeLune_B1-8_page_0]          StackRhythm.java:224  | S2 MeasureStack#7 no correct rhythm
2025-12-26 12:59:43,551 INFO [037_Debussy_ClairDeLune_B1-8_page_0]       StepMonitoring.java:98   | PAGE
2025-12-26 12:59:43,559 INFO [037_Debussy_ClairDeLune_B1-8_page_0]                Voice.java:257  | Measure{#7} Voice{#1 excess:1/16} too long
2025-12-26 12:59:43,565 INFO [037_Debussy_ClairDeLune_B1-8_page_0]                 Book.java:2596 | Book{037_Debussy_ClairDeLune_B1-8_page_0} storing
2025-12-26 12:59:43,607 INFO [037_Debussy_ClairDeLune_B1-8_page_0]                 Book.java:2577 | Stored /book.xml
2025-12-26 12:59:43,684 INFO [037_Debussy_ClairDeLune_B1-8_page_0]           DataHolder.java:348  | Stored /sheet#1/BINARY.png
2025-12-26 12:59:44,238 INFO [037_Debussy_ClairDeLune_B1-8_page_0]                Sheet.java:1583 | Stored /sheet#1/sheet#1.xml
2025-12-26 12:59:44,239 INFO [037_Debussy_ClairDeLune_B1-8_page_0]                 Book.java:2537 | Book stored as C:\Users\Elliot\Downloads\Audiveris\scores\037_Debussy_ClairDeLune_B1-8_page_0.omr
2025-12-26 12:59:44,244 INFO [037_Debussy_ClairDeLune_B1-8_page_0]            SheetStub.java:1660 | Disposed sheet
2025-12-26 12:59:44,278 INFO [037_Debussy_ClairDeLune_B1-8_page_0]                 Book.java:2064 | End of Stub#1
2025-12-26 12:59:44,279 INFO [037_Debussy_ClairDeLune_B1-8_page_0]                 Book.java:2071 | Book processed.
2025-12-26 12:59:44,534 INFO [037_Debussy_ClairDeLune_B1-8_page_0]            SheetStub.java:997  | Loaded /sheet#1/sheet#1.xml
2025-12-26 12:59:45,032 INFO [037_Debussy_ClairDeLune_B1-8_page_0]      PartwiseBuilder.java:2688 | Exporting sheet(s): [#1]
2025-12-26 12:59:45,137 INFO [037_Debussy_ClairDeLune_B1-8_page_0]        ScoreExporter.java:164  | Score 037_Debussy_ClairDeLune_B1-8_page_0 exported to C:\Users\Elliot\Downloads\Audiveris\scores\037_Debussy_ClairDeLune_B1-8_page_0.mxl
2025-12-26 12:59:45,177 INFO [037_Debussy_ClairDeLune_B1-8_page_0]                Score.java:181  | Closing {Score 1}
