2025-12-26 13:00:15,598 INFO [040_Schumann_Kreisleriana_op16-8_B0-24_page_0]                 Book.java:560  | 1 sheet in C:\Users\Elliot\Downloads\Audiveris\scores\040_Schumann_Kreisleriana_op16-8_B0-24_page_0.jpg
2025-12-26 13:00:15,765 INFO []                 Book.java:2577 | Stored /book.xml
2025-12-26 13:00:15,766 INFO []                 Book.java:2537 | Book stored as C:\Users\Elliot\Downloads\Audiveris\scores\040_Schumann_Kreisleriana_op16-8_B0-24_page_0.omr
2025-12-26 13:00:15,772 INFO []                 Book.java:1929 | Book reaching PAGE on sheets:[#1]
2025-12-26 13:00:15,780 INFO [040_Schumann_Kreisleriana_op16-8_B0-24_page_0]       StepMonitoring.java:98   | LOAD
2025-12-26 13:00:15,920 INFO [040_Schumann_Kreisleriana_op16-8_B0-24_page_0]            SheetStub.java:1273 | Loaded image #1 1653x2339 from C:\Users\Elliot\Downloads\Audiveris\scores\040_Schumann_Kreisleriana_op16-8_B0-24_page_0.jpg
2025-12-26 13:00:15,923 INFO [040_Schumann_Kreisleriana_op16-8_B0-24_page_0]            ImageUtil.java:124  | Converting max RGB to gray
2025-12-26 13:00:16,087 INFO [040_Schumann_Kreisleriana_op16-8_B0-24_page_0]       StepMonitoring.java:98   | BINARY
2025-12-26 13:00:16,466 INFO [040_Schumann_Kreisleriana_op16-8_B0-24_page_0]       StepMonitoring.java:98   | SCALE
2025-12-26 13:00:16,523 INFO [040_Schumann_Kreisleriana_op16-8_B0-24_page_0]         ScaleBuilder.java:241  | Beam  guessed height:  5 -- 0.50 of 10 interline
2025-12-26 13:00:16,524 INFO [040_Schumann_Kreisleriana_op16-8_B0-24_page_0]         ScaleBuilder.java:264  | Beam measured height:  7 -- 0.57 of [3..10] range at 698% of needed quorum
2025-12-26 13:00:16,525 INFO [040_Schumann_Kreisleriana_op16-8_B0-24_page_0]            ScaleStep.java:65   | Scale{ interline(11,12,12) line(1,1,3) beam(7)}
2025-12-26 13:00:16,526 INFO [040_Schumann_Kreisleriana_op16-8_B0-24_page_0]       StepMonitoring.java:98   | GRID
2025-12-26 13:00:17,231 INFO [040_Schumann_Kreisleriana_op16-8_B0-24_page_0]       LinesRetriever.java:1500 | Global slope: 0.00000
2025-12-26 13:00:17,320 INFO [040_Schumann_Kreisleriana_op16-8_B0-24_page_0]    ClustersRetriever.java:326  | Retrieved raw line clusters: 12 of sizes [5] with interline(11,12,12)
2025-12-26 13:00:17,545 INFO [040_Schumann_Kreisleriana_op16-8_B0-24_page_0]            PeakGraph.java:310  | Systems: #1[1, 2] #2[3, 4] #3[5, 6] #4[7, 8] #5[9, 10] #6[11, 12]
2025-12-26 13:00:17,968 INFO [040_Schumann_Kreisleriana_op16-8_B0-24_page_0]        SystemManager.java:134  | Indentation detected for system #1
2025-12-26 13:00:17,970 INFO [040_Schumann_Kreisleriana_op16-8_B0-24_page_0]        SystemManager.java:779  | 1 part along 6 systems
2025-12-26 13:00:17,971 INFO [040_Schumann_Kreisleriana_op16-8_B0-24_page_0]                 Book.java:543  | Created scores: [{Score 1}]
2025-12-26 13:00:17,972 INFO [040_Schumann_Kreisleriana_op16-8_B0-24_page_0]       StepMonitoring.java:98   | HEADERS
2025-12-26 13:00:18,319 INFO []      BasicClassifier.java:286  | Classifier loaded XML norms.
2025-12-26 13:00:18,323 INFO []   AbstractClassifier.java:396  | Classifier data loaded from default uri jar:file:/C:/Users/Elliot/Downloads/Audiveris/app/audiveris.jar!/res/basic-classifier.zip
2025-12-26 13:00:19,911 INFO [040_Schumann_Kreisleriana_op16-8_B0-24_page_0]       StepMonitoring.java:98   | STEM_SEEDS
2025-12-26 13:00:20,024 INFO [040_Schumann_Kreisleriana_op16-8_B0-24_page_0]        StemSeedsStep.java:86   | stem(2 max:3)
2025-12-26 13:00:20,120 INFO [040_Schumann_Kreisleriana_op16-8_B0-24_page_0]       StepMonitoring.java:98   | BEAMS
2025-12-26 13:00:21,811 INFO [040_Schumann_Kreisleriana_op16-8_B0-24_page_0]       StepMonitoring.java:98   | LEDGERS
2025-12-26 13:00:22,126 INFO [040_Schumann_Kreisleriana_op16-8_B0-24_page_0]       StepMonitoring.java:98   | HEADS
2025-12-26 13:00:24,951 INFO [040_Schumann_Kreisleriana_op16-8_B0-24_page_0]        HeadSeedTally.java:235  | Scale information: HeadSeeds{NOTEHEAD_VOID[R:0.5] NOTEHEAD_BLACK[L:-0.4,R:0.5]}
2025-12-26 13:00:24,952 INFO [040_Schumann_Kreisleriana_op16-8_B0-24_page_0]       StepMonitoring.java:98   | STEMS
2025-12-26 13:00:26,373 INFO [040_Schumann_Kreisleriana_op16-8_B0-24_page_0]       StepMonitoring.java:98   | REDUCTION
2025-12-26 13:00:26,613 INFO [040_Schumann_Kreisleriana_op16-8_B0-24_page_0]        ReductionStep.java:105  | Stems free length median value: 41 pixels, 3.4 interlines
2025-12-26 13:00:26,621 INFO [040_Schumann_Kreisleriana_op16-8_B0-24_page_0]       StepMonitoring.java:98   | CUE_BEAMS
2025-12-26 13:00:26,621 INFO [040_Schumann_Kreisleriana_op16-8_B0-24_page_0]         CueBeamsStep.java:81   | Step CUE_BEAMS is skipped because small heads switch is off
2025-12-26 13:00:26,622 INFO [040_Schumann_Kreisleriana_op16-8_B0-24_page_0]       StepMonitoring.java:98   | TEXTS
2025-12-26 13:00:26,736 WARN [040_Schumann_Kreisleriana_op16-8_B0-24_page_0]         TesseractOCR.java:335  | The collection of supported languages is empty
2025-12-26 13:00:26,736 INFO [040_Schumann_Kreisleriana_op16-8_B0-24_page_0]              OcrUtil.java:106  | Missing support for 'eng' language(s)
2025-12-26 13:00:26,749 INFO [040_Schumann_Kreisleriana_op16-8_B0-24_page_0]       StepMonitoring.java:98   | MEASURES
2025-12-26 13:00:26,759 INFO [040_Schumann_Kreisleriana_op16-8_B0-24_page_0]                 Page.java:307  | 25 raw measures: [4 in system#1, 4 in system#2, 4 in system#3, 4 in system#4, 4 in system#5, 5 in system#6]
2025-12-26 13:00:26,760 INFO [040_Schumann_Kreisleriana_op16-8_B0-24_page_0]       StepMonitoring.java:98   | CHORDS
2025-12-26 13:00:26,786 INFO [040_Schumann_Kreisleriana_op16-8_B0-24_page_0]       StepMonitoring.java:98   | CURVES
2025-12-26 13:00:27,855 INFO [040_Schumann_Kreisleriana_op16-8_B0-24_page_0]         SlursBuilder.java:240  | Slurs: 65
2025-12-26 13:00:27,994 INFO [040_Schumann_Kreisleriana_op16-8_B0-24_page_0]      SegmentsBuilder.java:155  | Segments: 46
2025-12-26 13:00:28,010 INFO [040_Schumann_Kreisleriana_op16-8_B0-24_page_0]       StepMonitoring.java:98   | SYMBOLS
2025-12-26 13:00:29,175 INFO [040_Schumann_Kreisleriana_op16-8_B0-24_page_0]       StepMonitoring.java:98   | LINKS
2025-12-26 13:00:29,325 INFO [040_Schumann_Kreisleriana_op16-8_B0-24_page_0]       StepMonitoring.java:98   | RHYTHMS
2025-12-26 13:00:29,356 INFO [040_Schumann_Kreisleriana_op16-8_B0-24_page_0]        MeasureRhythm.java:1277 | Measure{#2} Time inconsistency in {3/16=[HeadChordInter#7588{(0.956/0.956) staff:1 slot#4 off:3/16 dur:1/8}], 1/4=[HeadChordInter#7587{(0.946/0.946) staff:1 slot#4 off:1/4 dur:1/8}]}
2025-12-26 13:00:29,391 INFO [040_Schumann_Kreisleriana_op16-8_B0-24_page_0]        MeasureRhythm.java:1277 | Measure{#4} Time inconsistency in {9/16=[HeadChordInter#7612{(0.944/0.944) staff:1 slot#8 off:9/16 dur:1/8}], 5/8=[HeadChordInter#7611{(0.948/0.948) staff:1 slot#8 off:5/8 dur:1/8}]}
2025-12-26 13:00:29,441 INFO [040_Schumann_Kreisleriana_op16-8_B0-24_page_0]        MeasureRhythm.java:1277 | Measure{#8} Time inconsistency in {9/16=[HeadChordInter#7662{(0.946/0.946) staff:3 slot#8 off:9/16 dur:1/8}], 5/8=[HeadChordInter#7661{(0.945/0.945) staff:3 slot#8 off:5/8 dur:1/8}]}
2025-12-26 13:00:29,525 INFO [040_Schumann_Kreisleriana_op16-8_B0-24_page_0]        MeasureRhythm.java:1277 | Measure{#18} Time inconsistency in {3/16=[HeadChordInter#7788{(0.953/0.953) staff:9 slot#4 off:3/16 dur:1/8}], 1/4=[HeadChordInter#7787{(0.949/0.949) staff:9 slot#4 off:1/4 dur:1/8}, HeadChordInter#7817{(0.970/0.970) staff:10 slot#4 off:1/4 dur:1/8}]}
2025-12-26 13:00:29,529 INFO [040_Schumann_Kreisleriana_op16-8_B0-24_page_0]        MeasureRhythm.java:1277 | Measure{#18} Time inconsistency in {9/16=[HeadChordInter#7792{(0.947/0.947) staff:9 slot#8 off:9/16 dur:1/8}, HeadChordInter#7819{(0.970/0.970) staff:10 slot#8 off:9/16 dur:1/8}], 5/8=[HeadChordInter#7793{(0.949/0.949) staff:9 slot#8 off:5/8 dur:1/8}]}
2025-12-26 13:00:29,545 INFO [040_Schumann_Kreisleriana_op16-8_B0-24_page_0]        MeasureRhythm.java:1277 | Measure{#20} Time inconsistency in {9/16=[HeadChordInter#7812{(0.946/0.946) staff:9 slot#8 off:9/16 dur:1/8}], 5/8=[HeadChordInter#7811{(0.951/0.951) staff:9 slot#8 off:5/8 dur:1/8}]}
2025-12-26 13:00:29,552 INFO [040_Schumann_Kreisleriana_op16-8_B0-24_page_0]                Voice.java:257  | Measure{#21} Voice{#3 excess:1/16} too long
2025-12-26 13:00:29,553 INFO [040_Schumann_Kreisleriana_op16-8_B0-24_page_0]          StackRhythm.java:224  | S6 MeasureStack#21 no correct rhythm
2025-12-26 13:00:29,559 INFO [040_Schumann_Kreisleriana_op16-8_B0-24_page_0]        MeasureRhythm.java:1277 | Measure{#22} Time inconsistency in {3/16=[HeadChordInter#7845{(0.951/0.951) staff:11 slot#4 off:3/16 dur:1/8}], 1/4=[HeadChordInter#7844{(0.949/0.949) staff:11 slot#4 off:1/4 dur:1/8}]}
2025-12-26 13:00:29,573 INFO [040_Schumann_Kreisleriana_op16-8_B0-24_page_0]        MeasureRhythm.java:1277 | Measure{#24} Time inconsistency in {1/2=[HeadChordInter#7869{(0.946/0.946) staff:11 slot#8 off:1/2 dur:1/8}], 11/16=[HeadChordInter#7870{(0.946/0.946) staff:11 slot#8 off:11/16 dur:1/8}]}
2025-12-26 13:00:29,573 INFO [040_Schumann_Kreisleriana_op16-8_B0-24_page_0]                Voice.java:257  | Measure{#24} Voice{#2 excess:1/16} too long
2025-12-26 13:00:29,575 INFO [040_Schumann_Kreisleriana_op16-8_B0-24_page_0]                Voice.java:257  | Measure{#24} Voice{#5 excess:1/8} too long
2025-12-26 13:00:29,575 INFO [040_Schumann_Kreisleriana_op16-8_B0-24_page_0]          StackRhythm.java:224  | S6 MeasureStack#24 no correct rhythm
2025-12-26 13:00:29,578 INFO [040_Schumann_Kreisleriana_op16-8_B0-24_page_0]       StepMonitoring.java:98   | PAGE
2025-12-26 13:00:29,580 INFO [040_Schumann_Kreisleriana_op16-8_B0-24_page_0]       SheetReduction.java:154  | Gutter. Different glyphs 1/2 ArticulationInter#9286{(0.787/0.908) STACCATO} vs BeamInter#2247{(0.659/0.933) BEAM}
2025-12-26 13:00:29,592 INFO [040_Schumann_Kreisleriana_op16-8_B0-24_page_0]        MeasureRhythm.java:1277 | Measure{#8} Time inconsistency in {9/16=[HeadChordInter#7662{(0.946/0.946) staff:3 slot#8 off:9/16 dur:1/8}], 5/8=[HeadChordInter#7661{(0.945/0.945) staff:3 slot#8 off:5/8 dur:1/8}]}
2025-12-26 13:00:29,602 INFO [040_Schumann_Kreisleriana_op16-8_B0-24_page_0]                Voice.java:257  | Measure{#21} Voice{#3 excess:1/16} too long
2025-12-26 13:00:29,604 INFO [040_Schumann_Kreisleriana_op16-8_B0-24_page_0]                Voice.java:257  | Measure{#24} Voice{#2 excess:1/16} too long
2025-12-26 13:00:29,604 INFO [040_Schumann_Kreisleriana_op16-8_B0-24_page_0]                Voice.java:257  | Measure{#24} Voice{#5 excess:1/8} too long
2025-12-26 13:00:29,612 INFO [040_Schumann_Kreisleriana_op16-8_B0-24_page_0]                 Book.java:2596 | Book{040_Schumann_Kreisleriana_op16-8_B0-24_page_0} storing
2025-12-26 13:00:29,695 INFO [040_Schumann_Kreisleriana_op16-8_B0-24_page_0]                 Book.java:2577 | Stored /book.xml
2025-12-26 13:00:29,794 INFO [040_Schumann_Kreisleriana_op16-8_B0-24_page_0]           DataHolder.java:348  | Stored /sheet#1/BINARY.png
2025-12-26 13:00:31,283 INFO [040_Schumann_Kreisleriana_op16-8_B0-24_page_0]                Sheet.java:1583 | Stored /sheet#1/sheet#1.xml
2025-12-26 13:00:31,283 INFO [040_Schumann_Kreisleriana_op16-8_B0-24_page_0]                 Book.java:2537 | Book stored as C:\Users\Elliot\Downloads\Audiveris\scores\040_Schumann_Kreisleriana_op16-8_B0-24_page_0.omr
2025-12-26 13:00:31,287 INFO [040_Schumann_Kreisleriana_op16-8_B0-24_page_0]            SheetStub.java:1660 | Disposed sheet
2025-12-26 13:00:31,325 INFO [040_Schumann_Kreisleriana_op16-8_B0-24_page_0]                 Book.java:2064 | End of Stub#1
2025-12-26 13:00:31,327 INFO [040_Schumann_Kreisleriana_op16-8_B0-24_page_0]                 Book.java:2071 | Book processed.
2025-12-26 13:00:31,929 INFO [040_Schumann_Kreisleriana_op16-8_B0-24_page_0]            SheetStub.java:997  | Loaded /sheet#1/sheet#1.xml
2025-12-26 13:00:32,604 INFO [040_Schumann_Kreisleriana_op16-8_B0-24_page_0]      PartwiseBuilder.java:2688 | Exporting sheet(s): [#1]
2025-12-26 13:00:32,772 INFO [040_Schumann_Kreisleriana_op16-8_B0-24_page_0]        ScoreExporter.java:164  | Score 040_Schumann_Kreisleriana_op16-8_B0-24_page_0 exported to C:\Users\Elliot\Downloads\Audiveris\scores\040_Schumann_Kreisleriana_op16-8_B0-24_page_0.mxl
2025-12-26 13:00:32,828 INFO [040_Schumann_Kreisleriana_op16-8_B0-24_page_0]                Score.java:181  | Closing {Score 1}
