2025-12-26 13:00:34,720 INFO [041_Bach_Sinfonia_No12_A_B1-14_page_0]                 Book.java:560  | 1 sheet in C:\Users\Elliot\Downloads\Audiveris\scores\041_Bach_Sinfonia_No12_A_B1-14_page_0.jpg
2025-12-26 13:00:34,841 INFO []                 Book.java:2577 | Stored /book.xml
2025-12-26 13:00:34,842 INFO []                 Book.java:2537 | Book stored as C:\Users\Elliot\Downloads\Audiveris\scores\041_Bach_Sinfonia_No12_A_B1-14_page_0.omr
2025-12-26 13:00:34,847 INFO []                 Book.java:1929 | Book reaching PAGE on sheets:[#1]
2025-12-26 13:00:34,850 INFO [041_Bach_Sinfonia_No12_A_B1-14_page_0]       StepMonitoring.java:98   | LOAD
2025-12-26 13:00:34,944 INFO [041_Bach_Sinfonia_No12_A_B1-14_page_0]            SheetStub.java:1273 | Loaded image #1 1653x2339 from C:\Users\Elliot\Downloads\Audiveris\scores\041_Bach_Sinfonia_No12_A_B1-14_page_0.jpg
2025-12-26 13:00:34,949 INFO [041_Bach_Sinfonia_No12_A_B1-14_page_0]            ImageUtil.java:124  | Converting max RGB to gray
2025-12-26 13:00:35,069 INFO [041_Bach_Sinfonia_No12_A_B1-14_page_0]       StepMonitoring.java:98   | BINARY
2025-12-26 13:00:35,288 INFO [041_Bach_Sinfonia_No12_A_B1-14_page_0]       StepMonitoring.java:98   | SCALE
2025-12-26 13:00:35,314 INFO [041_Bach_Sinfonia_No12_A_B1-14_page_0]         ScaleBuilder.java:241  | Beam  guessed height:  6 -- 0.50 of 12 interline
2025-12-26 13:00:35,315 INFO [041_Bach_Sinfonia_No12_A_B1-14_page_0]         ScaleBuilder.java:264  | Beam measured height:  7 -- 0.38 of [4..12] range at 835% of needed quorum
2025-12-26 13:00:35,316 INFO [041_Bach_Sinfonia_No12_A_B1-14_page_0]            ScaleStep.java:65   | Scale{ interline(13,14,14) line(1,1,3) beam(7)}
2025-12-26 13:00:35,316 INFO [041_Bach_Sinfonia_No12_A_B1-14_page_0]       StepMonitoring.java:98   | GRID
2025-12-26 13:00:35,842 INFO [041_Bach_Sinfonia_No12_A_B1-14_page_0]       LinesRetriever.java:1500 | Global slope: 0.00000
2025-12-26 13:00:35,906 INFO [041_Bach_Sinfonia_No12_A_B1-14_page_0]    ClustersRetriever.java:326  | Retrieved raw line clusters: 14 of sizes [5] with interline(13,14,14)
2025-12-26 13:00:36,041 INFO [041_Bach_Sinfonia_No12_A_B1-14_page_0]            PeakGraph.java:310  | Systems: #1[1, 2] #2[3, 4] #3[5, 6] #4[7, 8] #5[9, 10] #6[11, 12] #7[13, 14]
2025-12-26 13:00:36,300 INFO [041_Bach_Sinfonia_No12_A_B1-14_page_0]        SystemManager.java:779  | 1 part along 7 systems
2025-12-26 13:00:36,302 INFO [041_Bach_Sinfonia_No12_A_B1-14_page_0]                 Book.java:543  | Created scores: [{Score 1}]
2025-12-26 13:00:36,302 INFO [041_Bach_Sinfonia_No12_A_B1-14_page_0]       StepMonitoring.java:98   | HEADERS
2025-12-26 13:00:36,605 INFO [041_Bach_Sinfonia_No12_A_B1-14_page_0]      BasicClassifier.java:286  | Classifier loaded XML norms.
2025-12-26 13:00:36,609 INFO [041_Bach_Sinfonia_No12_A_B1-14_page_0]   AbstractClassifier.java:396  | Classifier data loaded from default uri jar:file:/C:/Users/Elliot/Downloads/Audiveris/app/audiveris.jar!/res/basic-classifier.zip
2025-12-26 13:00:37,659 INFO [041_Bach_Sinfonia_No12_A_B1-14_page_0]       StepMonitoring.java:98   | STEM_SEEDS
2025-12-26 13:00:37,698 INFO [041_Bach_Sinfonia_No12_A_B1-14_page_0]        StemSeedsStep.java:86   | stem(2 max:2)
2025-12-26 13:00:37,768 INFO [041_Bach_Sinfonia_No12_A_B1-14_page_0]       StepMonitoring.java:98   | BEAMS
2025-12-26 13:00:39,391 INFO [041_Bach_Sinfonia_No12_A_B1-14_page_0]       StepMonitoring.java:98   | LEDGERS
2025-12-26 13:00:39,801 INFO [041_Bach_Sinfonia_No12_A_B1-14_page_0]       StepMonitoring.java:98   | HEADS
2025-12-26 13:00:43,702 INFO [041_Bach_Sinfonia_No12_A_B1-14_page_0]        HeadSeedTally.java:235  | Scale information: HeadSeeds{NOTEHEAD_BLACK[L:0.1,R:0.5]}
2025-12-26 13:00:43,703 INFO [041_Bach_Sinfonia_No12_A_B1-14_page_0]       StepMonitoring.java:98   | STEMS
2025-12-26 13:00:44,798 INFO [041_Bach_Sinfonia_No12_A_B1-14_page_0]       StepMonitoring.java:98   | REDUCTION
2025-12-26 13:00:45,028 INFO [041_Bach_Sinfonia_No12_A_B1-14_page_0]        ReductionStep.java:105  | Stems free length median value: 48 pixels, 3.4 interlines
2025-12-26 13:00:45,039 INFO [041_Bach_Sinfonia_No12_A_B1-14_page_0]       StepMonitoring.java:98   | CUE_BEAMS
2025-12-26 13:00:45,041 INFO [041_Bach_Sinfonia_No12_A_B1-14_page_0]         CueBeamsStep.java:81   | Step CUE_BEAMS is skipped because small heads switch is off
2025-12-26 13:00:45,041 INFO [041_Bach_Sinfonia_No12_A_B1-14_page_0]       StepMonitoring.java:98   | TEXTS
2025-12-26 13:00:45,162 WARN [041_Bach_Sinfonia_No12_A_B1-14_page_0]         TesseractOCR.java:335  | The collection of supported languages is empty
2025-12-26 13:00:45,163 INFO [041_Bach_Sinfonia_No12_A_B1-14_page_0]              OcrUtil.java:106  | Missing support for 'eng' language(s)
2025-12-26 13:00:45,176 INFO [041_Bach_Sinfonia_No12_A_B1-14_page_0]       StepMonitoring.java:98   | MEASURES
2025-12-26 13:00:45,191 INFO [041_Bach_Sinfonia_No12_A_B1-14_page_0]                 Page.java:307  | 14 raw measures: [2 in system#1, 2 in system#2, 2 in system#3, 2 in system#4, 2 in system#5, 2 in system#6, 2 in system#7]
2025-12-26 13:00:45,192 INFO [041_Bach_Sinfonia_No12_A_B1-14_page_0]       StepMonitoring.java:98   | CHORDS
2025-12-26 13:00:45,217 INFO [041_Bach_Sinfonia_No12_A_B1-14_page_0]       StepMonitoring.java:98   | CURVES
2025-12-26 13:00:45,993 INFO [041_Bach_Sinfonia_No12_A_B1-14_page_0]         SlursBuilder.java:240  | Slurs: 24
2025-12-26 13:00:46,019 INFO [041_Bach_Sinfonia_No12_A_B1-14_page_0]      SegmentsBuilder.java:155  | Segments: 13
2025-12-26 13:00:46,026 INFO [041_Bach_Sinfonia_No12_A_B1-14_page_0]       StepMonitoring.java:98   | SYMBOLS
2025-12-26 13:00:46,509 INFO [041_Bach_Sinfonia_No12_A_B1-14_page_0]       StepMonitoring.java:98   | LINKS
2025-12-26 13:00:46,618 INFO [041_Bach_Sinfonia_No12_A_B1-14_page_0]       StepMonitoring.java:98   | RHYTHMS
2025-12-26 13:00:46,706 INFO [041_Bach_Sinfonia_No12_A_B1-14_page_0]        MeasureRhythm.java:1277 | Measure{#5} Time inconsistency in {1/8=[HeadChordInter#7013{(0.938/0.938) staff:5 slot#4 off:1/8 dur:1/16}], 3/16=[HeadChordInter#7041{(0.953/0.953) staff:6 slot#4 off:3/16 dur:1/16}]}
2025-12-26 13:00:46,707 INFO [041_Bach_Sinfonia_No12_A_B1-14_page_0]        MeasureRhythm.java:1277 | Measure{#5} Time inconsistency in {3/16=[HeadChordInter#7015{(0.958/0.958) staff:5 slot#5 off:3/16 dur:1/8}], 1/4=[HeadChordInter#7014{(0.953/0.953) staff:5 slot#5 off:1/4 dur:1/16}]}
2025-12-26 13:00:46,711 INFO [041_Bach_Sinfonia_No12_A_B1-14_page_0]        MeasureRhythm.java:1277 | Measure{#5} Time inconsistency in {5/16=[HeadChordInter#7018{(0.949/0.949) staff:5 slot#8 off:5/16 dur:1/16}], 7/16=[HeadChordInter#7044{(0.955/0.955) staff:6 slot#8 off:7/16 dur:1/16}]}
2025-12-26 13:00:46,714 INFO [041_Bach_Sinfonia_No12_A_B1-14_page_0]        MeasureRhythm.java:1277 | Measure{#5} Time inconsistency in {3/4=[HeadChordInter#7024{(0.953/0.953) staff:5 slot#13 off:3/4 dur:1/16}, HeadChordInter#7046{(0.951/0.951) staff:6 slot#13 off:3/4 dur:1/16}], 13/16=[HeadChordInter#7025{(0.939/0.939) staff:5 slot#13 off:13/16 dur:1/8}]}
2025-12-26 13:00:46,781 INFO [041_Bach_Sinfonia_No12_A_B1-14_page_0]                Voice.java:257  | Measure{#12} Voice{#6 excess:1/16} too long
2025-12-26 13:00:46,783 INFO [041_Bach_Sinfonia_No12_A_B1-14_page_0]          StackRhythm.java:224  | S6 MeasureStack#12 no correct rhythm
2025-12-26 13:00:46,791 INFO [041_Bach_Sinfonia_No12_A_B1-14_page_0]       StepMonitoring.java:98   | PAGE
2025-12-26 13:00:46,813 INFO [041_Bach_Sinfonia_No12_A_B1-14_page_0]                 Book.java:2596 | Book{041_Bach_Sinfonia_No12_A_B1-14_page_0} storing
2025-12-26 13:00:46,866 INFO [041_Bach_Sinfonia_No12_A_B1-14_page_0]                 Book.java:2577 | Stored /book.xml
2025-12-26 13:00:46,968 INFO [041_Bach_Sinfonia_No12_A_B1-14_page_0]           DataHolder.java:348  | Stored /sheet#1/BINARY.png
2025-12-26 13:00:48,171 INFO [041_Bach_Sinfonia_No12_A_B1-14_page_0]                Sheet.java:1583 | Stored /sheet#1/sheet#1.xml
2025-12-26 13:00:48,171 INFO [041_Bach_Sinfonia_No12_A_B1-14_page_0]                 Book.java:2537 | Book stored as C:\Users\Elliot\Downloads\Audiveris\scores\041_Bach_Sinfonia_No12_A_B1-14_page_0.omr
2025-12-26 13:00:48,175 INFO [041_Bach_Sinfonia_No12_A_B1-14_page_0]            SheetStub.java:1660 | Disposed sheet
2025-12-26 13:00:48,210 INFO [041_Bach_Sinfonia_No12_A_B1-14_page_0]                 Book.java:2064 | End of Stub#1
2025-12-26 13:00:48,211 INFO [041_Bach_Sinfonia_No12_A_B1-14_page_0]                 Book.java:2071 | Book processed.
2025-12-26 13:00:49,168 INFO [041_Bach_Sinfonia_No12_A_B1-14_page_0]            SheetStub.java:997  | Loaded /sheet#1/sheet#1.xml
2025-12-26 13:00:49,609 INFO [041_Bach_Sinfonia_No12_A_B1-14_page_0]      PartwiseBuilder.java:2688 | Exporting sheet(s): [#1]
2025-12-26 13:00:49,760 INFO [041_Bach_Sinfonia_No12_A_B1-14_page_0]        ScoreExporter.java:164  | Score 041_Bach_Sinfonia_No12_A_B1-14_page_0 exported to C:\Users\Elliot\Downloads\Audiveris\scores\041_Bach_Sinfonia_No12_A_B1-14_page_0.mxl
2025-12-26 13:00:49,820 INFO [041_Bach_Sinfonia_No12_A_B1-14_page_0]                Score.java:181  | Closing {Score 1}
