2025-12-26 13:00:52,600 INFO [042_Bach_WTC_I_No2_Cm_Prelude_B1-18_page_0]                 Book.java:560  | 1 sheet in C:\Users\Elliot\Downloads\Audiveris\scores\042_Bach_WTC_I_No2_Cm_Prelude_B1-18_page_0.jpg
2025-12-26 13:00:52,779 INFO []                 Book.java:2577 | Stored /book.xml
2025-12-26 13:00:52,780 INFO []                 Book.java:2537 | Book stored as C:\Users\Elliot\Downloads\Audiveris\scores\042_Bach_WTC_I_No2_Cm_Prelude_B1-18_page_0.omr
2025-12-26 13:00:52,788 INFO []                 Book.java:1929 | Book reaching PAGE on sheets:[#1]
2025-12-26 13:00:52,794 INFO [042_Bach_WTC_I_No2_Cm_Prelude_B1-18_page_0]       StepMonitoring.java:98   | LOAD
2025-12-26 13:00:52,971 INFO [042_Bach_WTC_I_No2_Cm_Prelude_B1-18_page_0]            SheetStub.java:1273 | Loaded image #1 1653x2339 from C:\Users\Elliot\Downloads\Audiveris\scores\042_Bach_WTC_I_No2_Cm_Prelude_B1-18_page_0.jpg
2025-12-26 13:00:52,975 INFO [042_Bach_WTC_I_No2_Cm_Prelude_B1-18_page_0]            ImageUtil.java:124  | Converting max RGB to gray
2025-12-26 13:00:53,148 INFO [042_Bach_WTC_I_No2_Cm_Prelude_B1-18_page_0]       StepMonitoring.java:98   | BINARY
2025-12-26 13:00:53,557 INFO [042_Bach_WTC_I_No2_Cm_Prelude_B1-18_page_0]       StepMonitoring.java:98   | SCALE
2025-12-26 13:00:53,581 INFO [042_Bach_WTC_I_No2_Cm_Prelude_B1-18_page_0]         ScaleBuilder.java:241  | Beam  guessed height:  6 -- 0.50 of 12 interline
2025-12-26 13:00:53,582 INFO [042_Bach_WTC_I_No2_Cm_Prelude_B1-18_page_0]         ScaleBuilder.java:264  | Beam measured height:  7 -- 0.38 of [4..12] range at 1221% of needed quorum
2025-12-26 13:00:53,582 INFO [042_Bach_WTC_I_No2_Cm_Prelude_B1-18_page_0]            ScaleStep.java:65   | Scale{ interline(13,14,14) line(1,1,2) beam(7)}
2025-12-26 13:00:53,583 INFO [042_Bach_WTC_I_No2_Cm_Prelude_B1-18_page_0]       StepMonitoring.java:98   | GRID
2025-12-26 13:00:54,277 INFO [042_Bach_WTC_I_No2_Cm_Prelude_B1-18_page_0]       LinesRetriever.java:1500 | Global slope: 0.00000
2025-12-26 13:00:54,331 INFO [042_Bach_WTC_I_No2_Cm_Prelude_B1-18_page_0]    ClustersRetriever.java:326  | Retrieved raw line clusters: 12 of sizes [5] with interline(13,14,14)
2025-12-26 13:00:54,536 INFO [042_Bach_WTC_I_No2_Cm_Prelude_B1-18_page_0]            PeakGraph.java:310  | Systems: #1[1, 2] #2[3, 4] #3[5, 6] #4[7, 8] #5[9, 10] #6[11, 12]
2025-12-26 13:00:54,837 INFO [042_Bach_WTC_I_No2_Cm_Prelude_B1-18_page_0]        SystemManager.java:779  | 1 part along 6 systems
2025-12-26 13:00:54,840 INFO [042_Bach_WTC_I_No2_Cm_Prelude_B1-18_page_0]                 Book.java:543  | Created scores: [{Score 1}]
2025-12-26 13:00:54,841 INFO [042_Bach_WTC_I_No2_Cm_Prelude_B1-18_page_0]       StepMonitoring.java:98   | HEADERS
2025-12-26 13:00:55,169 INFO []      BasicClassifier.java:286  | Classifier loaded XML norms.
2025-12-26 13:00:55,175 INFO []   AbstractClassifier.java:396  | Classifier data loaded from default uri jar:file:/C:/Users/Elliot/Downloads/Audiveris/app/audiveris.jar!/res/basic-classifier.zip
2025-12-26 13:00:56,070 INFO [042_Bach_WTC_I_No2_Cm_Prelude_B1-18_page_0]       StepMonitoring.java:98   | STEM_SEEDS
2025-12-26 13:00:56,143 INFO [042_Bach_WTC_I_No2_Cm_Prelude_B1-18_page_0]        StemSeedsStep.java:86   | stem(2 max:2)
2025-12-26 13:00:56,255 INFO [042_Bach_WTC_I_No2_Cm_Prelude_B1-18_page_0]       StepMonitoring.java:98   | BEAMS
2025-12-26 13:00:58,376 INFO [042_Bach_WTC_I_No2_Cm_Prelude_B1-18_page_0]       StepMonitoring.java:98   | LEDGERS
2025-12-26 13:00:58,650 INFO [042_Bach_WTC_I_No2_Cm_Prelude_B1-18_page_0]       StepMonitoring.java:98   | HEADS
2025-12-26 13:01:02,462 INFO [042_Bach_WTC_I_No2_Cm_Prelude_B1-18_page_0]        HeadSeedTally.java:235  | Scale information: HeadSeeds{NOTEHEAD_BLACK[L:-0.1,R:0.5]}
2025-12-26 13:01:02,462 INFO [042_Bach_WTC_I_No2_Cm_Prelude_B1-18_page_0]       StepMonitoring.java:98   | STEMS
2025-12-26 13:01:03,105 INFO [042_Bach_WTC_I_No2_Cm_Prelude_B1-18_page_0]           BeamLinker.java:1729 | Not linking shorter BeamInter#2412{(0.608) BEAM}
2025-12-26 13:01:03,778 INFO [042_Bach_WTC_I_No2_Cm_Prelude_B1-18_page_0]           BeamLinker.java:1729 | Not linking shorter BeamInter#2675{(0.616) BEAM}
2025-12-26 13:01:04,259 INFO [042_Bach_WTC_I_No2_Cm_Prelude_B1-18_page_0]           BeamLinker.java:1729 | Not linking shorter BeamInter#2935{(0.605) BEAM}
2025-12-26 13:01:04,535 INFO [042_Bach_WTC_I_No2_Cm_Prelude_B1-18_page_0]       StepMonitoring.java:98   | REDUCTION
2025-12-26 13:01:05,012 INFO [042_Bach_WTC_I_No2_Cm_Prelude_B1-18_page_0]        ReductionStep.java:105  | Stems free length median value: 79 pixels, 5.6 interlines
2025-12-26 13:01:05,026 INFO [042_Bach_WTC_I_No2_Cm_Prelude_B1-18_page_0]       StepMonitoring.java:98   | CUE_BEAMS
2025-12-26 13:01:05,027 INFO [042_Bach_WTC_I_No2_Cm_Prelude_B1-18_page_0]         CueBeamsStep.java:81   | Step CUE_BEAMS is skipped because small heads switch is off
2025-12-26 13:01:05,027 INFO [042_Bach_WTC_I_No2_Cm_Prelude_B1-18_page_0]       StepMonitoring.java:98   | TEXTS
2025-12-26 13:01:05,162 WARN [042_Bach_WTC_I_No2_Cm_Prelude_B1-18_page_0]         TesseractOCR.java:335  | The collection of supported languages is empty
2025-12-26 13:01:05,162 INFO [042_Bach_WTC_I_No2_Cm_Prelude_B1-18_page_0]              OcrUtil.java:106  | Missing support for 'eng' language(s)
2025-12-26 13:01:05,177 INFO [042_Bach_WTC_I_No2_Cm_Prelude_B1-18_page_0]       StepMonitoring.java:98   | MEASURES
2025-12-26 13:01:05,192 INFO [042_Bach_WTC_I_No2_Cm_Prelude_B1-18_page_0]                 Page.java:307  | 18 raw measures: [3 in system#1, 3 in system#2, 3 in system#3, 3 in system#4, 3 in system#5, 3 in system#6]
2025-12-26 13:01:05,192 INFO [042_Bach_WTC_I_No2_Cm_Prelude_B1-18_page_0]       StepMonitoring.java:98   | CHORDS
2025-12-26 13:01:05,240 INFO [042_Bach_WTC_I_No2_Cm_Prelude_B1-18_page_0]       StepMonitoring.java:98   | CURVES
2025-12-26 13:01:06,156 INFO [042_Bach_WTC_I_No2_Cm_Prelude_B1-18_page_0]         SlursBuilder.java:240  | Slurs: 0
2025-12-26 13:01:06,193 INFO [042_Bach_WTC_I_No2_Cm_Prelude_B1-18_page_0]      SegmentsBuilder.java:155  | Segments: 2
2025-12-26 13:01:06,205 INFO [042_Bach_WTC_I_No2_Cm_Prelude_B1-18_page_0]       StepMonitoring.java:98   | SYMBOLS
2025-12-26 13:01:06,688 INFO [042_Bach_WTC_I_No2_Cm_Prelude_B1-18_page_0]       StepMonitoring.java:98   | LINKS
2025-12-26 13:01:06,842 INFO [042_Bach_WTC_I_No2_Cm_Prelude_B1-18_page_0]       StepMonitoring.java:98   | RHYTHMS
2025-12-26 13:01:06,895 INFO [042_Bach_WTC_I_No2_Cm_Prelude_B1-18_page_0]        MeasureRhythm.java:1277 | Measure{#1} Time inconsistency in {5/16=[HeadChordInter#10620{(0.948/0.948) staff:2 slot#6 off:5/16 dur:1/16}], 3/8=[HeadChordInter#10573{(0.931/0.931) staff:1 slot#6 off:3/8 dur:1/8}]}
2025-12-26 13:01:06,897 INFO [042_Bach_WTC_I_No2_Cm_Prelude_B1-18_page_0]        MeasureRhythm.java:1277 | Measure{#1} Time inconsistency in {3/8=[HeadChordInter#10621{(0.933/0.933) staff:2 slot#7 off:3/8 dur:1/16}], 1/2=[HeadChordInter#10574{(0.946/0.946) staff:1 slot#7 off:1/2 dur:1/8}]}
2025-12-26 13:01:06,899 INFO [042_Bach_WTC_I_No2_Cm_Prelude_B1-18_page_0]        MeasureRhythm.java:1277 | Measure{#1} Time inconsistency in {7/16=[HeadChordInter#10622{(0.953/0.953) staff:2 slot#8 off:7/16 dur:1/16}], 5/8=[HeadChordInter#10575{(0.938/0.938) staff:1 slot#8 off:5/8 dur:1/8}]}
2025-12-26 13:01:06,972 INFO [042_Bach_WTC_I_No2_Cm_Prelude_B1-18_page_0]        MeasureRhythm.java:1277 | Measure{#8} Time inconsistency in {5/16=[HeadChordInter#10827{(0.945/0.945) staff:6 slot#6 off:5/16 dur:1/16}], 3/8=[HeadChordInter#10780{(0.931/0.931) staff:5 slot#6 off:3/8 dur:1/8}]}
2025-12-26 13:01:06,973 INFO [042_Bach_WTC_I_No2_Cm_Prelude_B1-18_page_0]        MeasureRhythm.java:1277 | Measure{#8} Time inconsistency in {3/8=[HeadChordInter#10828{(0.931/0.931) staff:6 slot#7 off:3/8 dur:1/16}], 1/2=[HeadChordInter#10781{(0.942/0.942) staff:5 slot#7 off:1/2 dur:1/8}]}
2025-12-26 13:01:06,973 INFO [042_Bach_WTC_I_No2_Cm_Prelude_B1-18_page_0]        MeasureRhythm.java:1277 | Measure{#8} Time inconsistency in {7/16=[HeadChordInter#10829{(0.955/0.955) staff:6 slot#8 off:7/16 dur:1/16}], 5/8=[HeadChordInter#10782{(0.939/0.939) staff:5 slot#8 off:5/8 dur:1/8}]}
2025-12-26 13:01:07,034 INFO [042_Bach_WTC_I_No2_Cm_Prelude_B1-18_page_0]        MeasureRhythm.java:1277 | Measure{#14} Time inconsistency in {5/16=[HeadChordInter#11018{(0.950/0.950) staff:10 slot#6 off:5/16 dur:1/16}], 3/8=[HeadChordInter#10971{(0.954/0.954) staff:9 slot#6 off:3/8 dur:1/8}]}
2025-12-26 13:01:07,035 INFO [042_Bach_WTC_I_No2_Cm_Prelude_B1-18_page_0]        MeasureRhythm.java:1277 | Measure{#14} Time inconsistency in {3/8=[HeadChordInter#11019{(0.935/0.935) staff:10 slot#7 off:3/8 dur:1/16}], 1/2=[HeadChordInter#10972{(0.947/0.947) staff:9 slot#7 off:1/2 dur:1/8}]}
2025-12-26 13:01:07,036 INFO [042_Bach_WTC_I_No2_Cm_Prelude_B1-18_page_0]        MeasureRhythm.java:1277 | Measure{#14} Time inconsistency in {7/16=[HeadChordInter#11020{(0.956/0.956) staff:10 slot#8 off:7/16 dur:1/16}], 5/8=[HeadChordInter#10973{(0.954/0.954) staff:9 slot#8 off:5/8 dur:1/8}]}
2025-12-26 13:01:07,073 INFO [042_Bach_WTC_I_No2_Cm_Prelude_B1-18_page_0]       StepMonitoring.java:98   | PAGE
2025-12-26 13:01:07,082 WARN [042_Bach_WTC_I_No2_Cm_Prelude_B1-18_page_0]         MeasureFixer.java:343  | System#1 No target duration for measures local IDs [1, 2, 3], please check time signatures
2025-12-26 13:01:07,083 WARN [042_Bach_WTC_I_No2_Cm_Prelude_B1-18_page_0]         MeasureFixer.java:343  | System#2 No target duration for measures local IDs [4, 5, 6], please check time signatures
2025-12-26 13:01:07,083 WARN [042_Bach_WTC_I_No2_Cm_Prelude_B1-18_page_0]         MeasureFixer.java:343  | System#3 No target duration for measures local IDs [7, 8, 9], please check time signatures
2025-12-26 13:01:07,084 WARN [042_Bach_WTC_I_No2_Cm_Prelude_B1-18_page_0]         MeasureFixer.java:343  | System#4 No target duration for measures local IDs [10, 11, 12], please check time signatures
2025-12-26 13:01:07,084 WARN [042_Bach_WTC_I_No2_Cm_Prelude_B1-18_page_0]         MeasureFixer.java:343  | System#5 No target duration for measures local IDs [13, 14, 15], please check time signatures
2025-12-26 13:01:07,084 WARN [042_Bach_WTC_I_No2_Cm_Prelude_B1-18_page_0]         MeasureFixer.java:343  | System#6 No target duration for measures local IDs [16, 17, 18], please check time signatures
2025-12-26 13:01:07,090 INFO [042_Bach_WTC_I_No2_Cm_Prelude_B1-18_page_0]                 Book.java:2596 | Book{042_Bach_WTC_I_No2_Cm_Prelude_B1-18_page_0} storing
2025-12-26 13:01:07,158 INFO [042_Bach_WTC_I_No2_Cm_Prelude_B1-18_page_0]                 Book.java:2577 | Stored /book.xml
2025-12-26 13:01:07,241 INFO [042_Bach_WTC_I_No2_Cm_Prelude_B1-18_page_0]           DataHolder.java:348  | Stored /sheet#1/BINARY.png
2025-12-26 13:01:08,733 INFO [042_Bach_WTC_I_No2_Cm_Prelude_B1-18_page_0]                Sheet.java:1583 | Stored /sheet#1/sheet#1.xml
2025-12-26 13:01:08,733 INFO [042_Bach_WTC_I_No2_Cm_Prelude_B1-18_page_0]                 Book.java:2537 | Book stored as C:\Users\Elliot\Downloads\Audiveris\scores\042_Bach_WTC_I_No2_Cm_Prelude_B1-18_page_0.omr
2025-12-26 13:01:08,738 INFO [042_Bach_WTC_I_No2_Cm_Prelude_B1-18_page_0]            SheetStub.java:1660 | Disposed sheet
2025-12-26 13:01:08,785 INFO [042_Bach_WTC_I_No2_Cm_Prelude_B1-18_page_0]                 Book.java:2064 | End of Stub#1
2025-12-26 13:01:08,786 INFO [042_Bach_WTC_I_No2_Cm_Prelude_B1-18_page_0]                 Book.java:2071 | Book processed.
2025-12-26 13:01:09,582 INFO [042_Bach_WTC_I_No2_Cm_Prelude_B1-18_page_0]            SheetStub.java:997  | Loaded /sheet#1/sheet#1.xml
2025-12-26 13:01:10,065 INFO [042_Bach_WTC_I_No2_Cm_Prelude_B1-18_page_0]      PartwiseBuilder.java:2688 | Exporting sheet(s): [#1]
2025-12-26 13:01:10,437 INFO [042_Bach_WTC_I_No2_Cm_Prelude_B1-18_page_0]        ScoreExporter.java:164  | Score 042_Bach_WTC_I_No2_Cm_Prelude_B1-18_page_0 exported to C:\Users\Elliot\Downloads\Audiveris\scores\042_Bach_WTC_I_No2_Cm_Prelude_B1-18_page_0.mxl
2025-12-26 13:01:10,495 INFO [042_Bach_WTC_I_No2_Cm_Prelude_B1-18_page_0]                Score.java:181  | Closing {Score 1}
