2025-12-26 13:01:12,840 INFO [043_Bach_WTC_I_No7_Eb_Prelude_B10-25_page_0]                 Book.java:560  | 1 sheet in C:\Users\Elliot\Downloads\Audiveris\scores\043_Bach_WTC_I_No7_Eb_Prelude_B10-25_page_0.jpg
2025-12-26 13:01:13,027 INFO []                 Book.java:2577 | Stored /book.xml
2025-12-26 13:01:13,028 INFO []                 Book.java:2537 | Book stored as C:\Users\Elliot\Downloads\Audiveris\scores\043_Bach_WTC_I_No7_Eb_Prelude_B10-25_page_0.omr
2025-12-26 13:01:13,034 INFO []                 Book.java:1929 | Book reaching PAGE on sheets:[#1]
2025-12-26 13:01:13,040 INFO [043_Bach_WTC_I_No7_Eb_Prelude_B10-25_page_0]       StepMonitoring.java:98   | LOAD
2025-12-26 13:01:13,205 INFO [043_Bach_WTC_I_No7_Eb_Prelude_B10-25_page_0]            SheetStub.java:1273 | Loaded image #1 1653x2339 from C:\Users\Elliot\Downloads\Audiveris\scores\043_Bach_WTC_I_No7_Eb_Prelude_B10-25_page_0.jpg
2025-12-26 13:01:13,210 INFO [043_Bach_WTC_I_No7_Eb_Prelude_B10-25_page_0]            ImageUtil.java:124  | Converting max RGB to gray
2025-12-26 13:01:13,389 INFO [043_Bach_WTC_I_No7_Eb_Prelude_B10-25_page_0]       StepMonitoring.java:98   | BINARY
2025-12-26 13:01:13,719 INFO [043_Bach_WTC_I_No7_Eb_Prelude_B10-25_page_0]       StepMonitoring.java:98   | SCALE
2025-12-26 13:01:13,746 INFO [043_Bach_WTC_I_No7_Eb_Prelude_B10-25_page_0]         ScaleBuilder.java:241  | Beam  guessed height:  6 -- 0.50 of 12 interline
2025-12-26 13:01:13,748 INFO [043_Bach_WTC_I_No7_Eb_Prelude_B10-25_page_0]         ScaleBuilder.java:264  | Beam measured height:  8 -- 0.50 of [4..12] range at 156% of needed quorum
2025-12-26 13:01:13,748 INFO [043_Bach_WTC_I_No7_Eb_Prelude_B10-25_page_0]            ScaleStep.java:65   | Scale{ interline(13,14,14) line(1,1,3) beam(8)}
2025-12-26 13:01:13,749 INFO [043_Bach_WTC_I_No7_Eb_Prelude_B10-25_page_0]       StepMonitoring.java:98   | GRID
2025-12-26 13:01:14,079 INFO [043_Bach_WTC_I_No7_Eb_Prelude_B10-25_page_0]       LinesRetriever.java:1500 | Global slope: 0.00000
2025-12-26 13:01:14,126 INFO [043_Bach_WTC_I_No7_Eb_Prelude_B10-25_page_0]    ClustersRetriever.java:326  | Retrieved raw line clusters: 8 of sizes [5] with interline(13,14,14)
2025-12-26 13:01:14,229 INFO [043_Bach_WTC_I_No7_Eb_Prelude_B10-25_page_0]            PeakGraph.java:310  | Systems: #1[1, 2] #2[3, 4] #3[5, 6] #4[7, 8]
2025-12-26 13:01:14,514 INFO [043_Bach_WTC_I_No7_Eb_Prelude_B10-25_page_0]        SystemManager.java:134  | Indentation detected for system #1
2025-12-26 13:01:14,515 INFO [043_Bach_WTC_I_No7_Eb_Prelude_B10-25_page_0]        SystemManager.java:779  | 1 part along 4 systems
2025-12-26 13:01:14,515 INFO [043_Bach_WTC_I_No7_Eb_Prelude_B10-25_page_0]                 Book.java:543  | Created scores: [{Score 1}]
2025-12-26 13:01:14,516 INFO [043_Bach_WTC_I_No7_Eb_Prelude_B10-25_page_0]       StepMonitoring.java:98   | HEADERS
2025-12-26 13:01:14,940 INFO [043_Bach_WTC_I_No7_Eb_Prelude_B10-25_page_0]      BasicClassifier.java:286  | Classifier loaded XML norms.
2025-12-26 13:01:14,944 INFO [043_Bach_WTC_I_No7_Eb_Prelude_B10-25_page_0]   AbstractClassifier.java:396  | Classifier data loaded from default uri jar:file:/C:/Users/Elliot/Downloads/Audiveris/app/audiveris.jar!/res/basic-classifier.zip
2025-12-26 13:01:15,695 INFO [043_Bach_WTC_I_No7_Eb_Prelude_B10-25_page_0]       StepMonitoring.java:98   | STEM_SEEDS
2025-12-26 13:01:15,742 INFO [043_Bach_WTC_I_No7_Eb_Prelude_B10-25_page_0]        StemSeedsStep.java:86   | stem(2 max:2)
2025-12-26 13:01:15,797 INFO [043_Bach_WTC_I_No7_Eb_Prelude_B10-25_page_0]       StepMonitoring.java:98   | BEAMS
2025-12-26 13:01:17,404 INFO [043_Bach_WTC_I_No7_Eb_Prelude_B10-25_page_0]       StepMonitoring.java:98   | LEDGERS
2025-12-26 13:01:17,580 INFO [043_Bach_WTC_I_No7_Eb_Prelude_B10-25_page_0]       StepMonitoring.java:98   | HEADS
2025-12-26 13:01:19,704 INFO [043_Bach_WTC_I_No7_Eb_Prelude_B10-25_page_0]        HeadSeedTally.java:235  | Scale information: HeadSeeds{NOTEHEAD_VOID[L:-0.1,R:0.5] NOTEHEAD_BLACK[L:-0.0,R:0.5]}
2025-12-26 13:01:19,706 INFO [043_Bach_WTC_I_No7_Eb_Prelude_B10-25_page_0]       StepMonitoring.java:98   | STEMS
2025-12-26 13:01:20,317 INFO [043_Bach_WTC_I_No7_Eb_Prelude_B10-25_page_0]       StepMonitoring.java:98   | REDUCTION
2025-12-26 13:01:20,484 INFO [043_Bach_WTC_I_No7_Eb_Prelude_B10-25_page_0]        ReductionStep.java:105  | Stems free length median value: 42 pixels, 3.0 interlines
2025-12-26 13:01:20,492 INFO [043_Bach_WTC_I_No7_Eb_Prelude_B10-25_page_0]       StepMonitoring.java:98   | CUE_BEAMS
2025-12-26 13:01:20,493 INFO [043_Bach_WTC_I_No7_Eb_Prelude_B10-25_page_0]         CueBeamsStep.java:81   | Step CUE_BEAMS is skipped because small heads switch is off
2025-12-26 13:01:20,494 INFO [043_Bach_WTC_I_No7_Eb_Prelude_B10-25_page_0]       StepMonitoring.java:98   | TEXTS
2025-12-26 13:01:20,614 WARN [043_Bach_WTC_I_No7_Eb_Prelude_B10-25_page_0]         TesseractOCR.java:335  | The collection of supported languages is empty
2025-12-26 13:01:20,615 INFO [043_Bach_WTC_I_No7_Eb_Prelude_B10-25_page_0]              OcrUtil.java:106  | Missing support for 'eng' language(s)
2025-12-26 13:01:20,626 INFO [043_Bach_WTC_I_No7_Eb_Prelude_B10-25_page_0]       StepMonitoring.java:98   | MEASURES
2025-12-26 13:01:20,641 INFO [043_Bach_WTC_I_No7_Eb_Prelude_B10-25_page_0]                 Page.java:307  | 16 raw measures: [4 in system#1, 4 in system#2, 4 in system#3, 4 in system#4]
2025-12-26 13:01:20,642 INFO [043_Bach_WTC_I_No7_Eb_Prelude_B10-25_page_0]       StepMonitoring.java:98   | CHORDS
2025-12-26 13:01:20,665 INFO [043_Bach_WTC_I_No7_Eb_Prelude_B10-25_page_0]       StepMonitoring.java:98   | CURVES
2025-12-26 13:01:21,353 INFO [043_Bach_WTC_I_No7_Eb_Prelude_B10-25_page_0]         SlursBuilder.java:240  | Slurs: 26
2025-12-26 13:01:21,366 INFO [043_Bach_WTC_I_No7_Eb_Prelude_B10-25_page_0]      SegmentsBuilder.java:155  | Segments: 11
2025-12-26 13:01:21,377 INFO [043_Bach_WTC_I_No7_Eb_Prelude_B10-25_page_0]       StepMonitoring.java:98   | SYMBOLS
2025-12-26 13:01:21,673 INFO [043_Bach_WTC_I_No7_Eb_Prelude_B10-25_page_0]       StepMonitoring.java:98   | LINKS
2025-12-26 13:01:21,737 INFO [043_Bach_WTC_I_No7_Eb_Prelude_B10-25_page_0]       StepMonitoring.java:98   | RHYTHMS
2025-12-26 13:01:21,859 INFO [043_Bach_WTC_I_No7_Eb_Prelude_B10-25_page_0]                Voice.java:257  | Measure{#12} Voice{#1 excess:1/8} too long
2025-12-26 13:01:21,860 INFO [043_Bach_WTC_I_No7_Eb_Prelude_B10-25_page_0]          StackRhythm.java:224  | S3 MeasureStack#12 no correct rhythm
2025-12-26 13:01:21,887 INFO [043_Bach_WTC_I_No7_Eb_Prelude_B10-25_page_0]       StepMonitoring.java:98   | PAGE
2025-12-26 13:01:21,897 INFO [043_Bach_WTC_I_No7_Eb_Prelude_B10-25_page_0]                Voice.java:257  | Measure{#12} Voice{#1 excess:1/8} too long
2025-12-26 13:01:21,905 INFO [043_Bach_WTC_I_No7_Eb_Prelude_B10-25_page_0]                 Book.java:2596 | Book{043_Bach_WTC_I_No7_Eb_Prelude_B10-25_page_0} storing
2025-12-26 13:01:21,957 INFO [043_Bach_WTC_I_No7_Eb_Prelude_B10-25_page_0]                 Book.java:2577 | Stored /book.xml
2025-12-26 13:01:22,089 INFO [043_Bach_WTC_I_No7_Eb_Prelude_B10-25_page_0]           DataHolder.java:348  | Stored /sheet#1/BINARY.png
2025-12-26 13:01:22,901 INFO [043_Bach_WTC_I_No7_Eb_Prelude_B10-25_page_0]                Sheet.java:1583 | Stored /sheet#1/sheet#1.xml
2025-12-26 13:01:22,902 INFO [043_Bach_WTC_I_No7_Eb_Prelude_B10-25_page_0]                 Book.java:2537 | Book stored as C:\Users\Elliot\Downloads\Audiveris\scores\043_Bach_WTC_I_No7_Eb_Prelude_B10-25_page_0.omr
2025-12-26 13:01:22,909 INFO [043_Bach_WTC_I_No7_Eb_Prelude_B10-25_page_0]            SheetStub.java:1660 | Disposed sheet
2025-12-26 13:01:22,954 INFO [043_Bach_WTC_I_No7_Eb_Prelude_B10-25_page_0]                 Book.java:2064 | End of Stub#1
2025-12-26 13:01:22,958 INFO [043_Bach_WTC_I_No7_Eb_Prelude_B10-25_page_0]                 Book.java:2071 | Book processed.
2025-12-26 13:01:23,348 INFO [043_Bach_WTC_I_No7_Eb_Prelude_B10-25_page_0]            SheetStub.java:997  | Loaded /sheet#1/sheet#1.xml
2025-12-26 13:01:23,869 INFO [043_Bach_WTC_I_No7_Eb_Prelude_B10-25_page_0]      PartwiseBuilder.java:2688 | Exporting sheet(s): [#1]
2025-12-26 13:01:24,034 INFO [043_Bach_WTC_I_No7_Eb_Prelude_B10-25_page_0]        ScoreExporter.java:164  | Score 043_Bach_WTC_I_No7_Eb_Prelude_B10-25_page_0 exported to C:\Users\Elliot\Downloads\Audiveris\scores\043_Bach_WTC_I_No7_Eb_Prelude_B10-25_page_0.mxl
2025-12-26 13:01:24,085 INFO [043_Bach_WTC_I_No7_Eb_Prelude_B10-25_page_0]                Score.java:181  | Closing {Score 1}
