2025-12-26 13:01:26,604 INFO [044_Bach_WTC_II_No11_F_Prelude_B1-16_page_0]                 Book.java:560  | 1 sheet in C:\Users\Elliot\Downloads\Audiveris\scores\044_Bach_WTC_II_No11_F_Prelude_B1-16_page_0.jpg
2025-12-26 13:01:26,763 INFO []                 Book.java:2577 | Stored /book.xml
2025-12-26 13:01:26,763 INFO []                 Book.java:2537 | Book stored as C:\Users\Elliot\Downloads\Audiveris\scores\044_Bach_WTC_II_No11_F_Prelude_B1-16_page_0.omr
2025-12-26 13:01:26,771 INFO []                 Book.java:1929 | Book reaching PAGE on sheets:[#1]
2025-12-26 13:01:26,779 INFO [044_Bach_WTC_II_No11_F_Prelude_B1-16_page_0]       StepMonitoring.java:98   | LOAD
2025-12-26 13:01:26,948 INFO [044_Bach_WTC_II_No11_F_Prelude_B1-16_page_0]            SheetStub.java:1273 | Loaded image #1 1653x2339 from C:\Users\Elliot\Downloads\Audiveris\scores\044_Bach_WTC_II_No11_F_Prelude_B1-16_page_0.jpg
2025-12-26 13:01:26,954 INFO [044_Bach_WTC_II_No11_F_Prelude_B1-16_page_0]            ImageUtil.java:124  | Converting max RGB to gray
2025-12-26 13:01:27,145 INFO [044_Bach_WTC_II_No11_F_Prelude_B1-16_page_0]       StepMonitoring.java:98   | BINARY
2025-12-26 13:01:27,485 INFO [044_Bach_WTC_II_No11_F_Prelude_B1-16_page_0]       StepMonitoring.java:98   | SCALE
2025-12-26 13:01:27,516 INFO [044_Bach_WTC_II_No11_F_Prelude_B1-16_page_0]         ScaleBuilder.java:241  | Beam  guessed height:  6 -- 0.50 of 12 interline
2025-12-26 13:01:27,517 INFO [044_Bach_WTC_II_No11_F_Prelude_B1-16_page_0]         ScaleBuilder.java:264  | Beam measured height:  8 -- 0.50 of [4..12] range at 299% of needed quorum
2025-12-26 13:01:27,518 INFO [044_Bach_WTC_II_No11_F_Prelude_B1-16_page_0]            ScaleStep.java:65   | Scale{ interline(13,14,14) line(1,1,4) beam(8)}
2025-12-26 13:01:27,519 INFO [044_Bach_WTC_II_No11_F_Prelude_B1-16_page_0]       StepMonitoring.java:98   | GRID
2025-12-26 13:01:28,081 INFO [044_Bach_WTC_II_No11_F_Prelude_B1-16_page_0]       LinesRetriever.java:1500 | Global slope: 0.00020
2025-12-26 13:01:28,192 INFO [044_Bach_WTC_II_No11_F_Prelude_B1-16_page_0]    ClustersRetriever.java:326  | Retrieved raw line clusters: 10 of sizes [5] with interline(13,14,14)
2025-12-26 13:01:28,401 INFO [044_Bach_WTC_II_No11_F_Prelude_B1-16_page_0]            PeakGraph.java:310  | Systems: #1[1, 2] #2[3, 4] #3[5, 6] #4[7, 8] #5[9, 10]
2025-12-26 13:01:28,862 INFO [044_Bach_WTC_II_No11_F_Prelude_B1-16_page_0]        SystemManager.java:779  | 1 part along 5 systems
2025-12-26 13:01:28,865 INFO [044_Bach_WTC_II_No11_F_Prelude_B1-16_page_0]                 Book.java:543  | Created scores: [{Score 1}]
2025-12-26 13:01:28,876 INFO [044_Bach_WTC_II_No11_F_Prelude_B1-16_page_0]       StepMonitoring.java:98   | HEADERS
2025-12-26 13:01:29,358 INFO []      BasicClassifier.java:286  | Classifier loaded XML norms.
2025-12-26 13:01:29,366 INFO []   AbstractClassifier.java:396  | Classifier data loaded from default uri jar:file:/C:/Users/Elliot/Downloads/Audiveris/app/audiveris.jar!/res/basic-classifier.zip
2025-12-26 13:01:30,537 INFO [044_Bach_WTC_II_No11_F_Prelude_B1-16_page_0]       StepMonitoring.java:98   | STEM_SEEDS
2025-12-26 13:01:30,583 INFO [044_Bach_WTC_II_No11_F_Prelude_B1-16_page_0]        StemSeedsStep.java:86   | stem(2 max:2)
2025-12-26 13:01:30,656 INFO [044_Bach_WTC_II_No11_F_Prelude_B1-16_page_0]       StepMonitoring.java:98   | BEAMS
2025-12-26 13:01:32,337 INFO [044_Bach_WTC_II_No11_F_Prelude_B1-16_page_0]       StepMonitoring.java:98   | LEDGERS
2025-12-26 13:01:32,763 INFO [044_Bach_WTC_II_No11_F_Prelude_B1-16_page_0]       StepMonitoring.java:98   | HEADS
2025-12-26 13:01:35,997 INFO [044_Bach_WTC_II_No11_F_Prelude_B1-16_page_0]        HeadSeedTally.java:235  | Scale information: HeadSeeds{NOTEHEAD_VOID[L:-0.1,R:0.5] NOTEHEAD_BLACK[L:0.2,R:0.5]}
2025-12-26 13:01:35,998 INFO [044_Bach_WTC_II_No11_F_Prelude_B1-16_page_0]       StepMonitoring.java:98   | STEMS
2025-12-26 13:01:37,083 INFO [044_Bach_WTC_II_No11_F_Prelude_B1-16_page_0]       StepMonitoring.java:98   | REDUCTION
2025-12-26 13:01:37,237 INFO [044_Bach_WTC_II_No11_F_Prelude_B1-16_page_0]        ReductionStep.java:105  | Stems free length median value: 42 pixels, 3.0 interlines
2025-12-26 13:01:37,242 INFO [044_Bach_WTC_II_No11_F_Prelude_B1-16_page_0]       StepMonitoring.java:98   | CUE_BEAMS
2025-12-26 13:01:37,242 INFO [044_Bach_WTC_II_No11_F_Prelude_B1-16_page_0]         CueBeamsStep.java:81   | Step CUE_BEAMS is skipped because small heads switch is off
2025-12-26 13:01:37,243 INFO [044_Bach_WTC_II_No11_F_Prelude_B1-16_page_0]       StepMonitoring.java:98   | TEXTS
2025-12-26 13:01:37,369 WARN [044_Bach_WTC_II_No11_F_Prelude_B1-16_page_0]         TesseractOCR.java:335  | The collection of supported languages is empty
2025-12-26 13:01:37,369 INFO [044_Bach_WTC_II_No11_F_Prelude_B1-16_page_0]              OcrUtil.java:106  | Missing support for 'eng' language(s)
2025-12-26 13:01:37,386 INFO [044_Bach_WTC_II_No11_F_Prelude_B1-16_page_0]       StepMonitoring.java:98   | MEASURES
2025-12-26 13:01:37,401 INFO [044_Bach_WTC_II_No11_F_Prelude_B1-16_page_0]                 Page.java:307  | 16 raw measures: [3 in system#1, 3 in system#2, 3 in system#3, 4 in system#4, 3 in system#5]
2025-12-26 13:01:37,401 INFO [044_Bach_WTC_II_No11_F_Prelude_B1-16_page_0]       StepMonitoring.java:98   | CHORDS
2025-12-26 13:01:37,428 INFO [044_Bach_WTC_II_No11_F_Prelude_B1-16_page_0]       StepMonitoring.java:98   | CURVES
2025-12-26 13:01:38,274 INFO [044_Bach_WTC_II_No11_F_Prelude_B1-16_page_0]         SlursBuilder.java:240  | Slurs: 58
2025-12-26 13:01:38,318 INFO [044_Bach_WTC_II_No11_F_Prelude_B1-16_page_0]      SegmentsBuilder.java:155  | Segments: 29
2025-12-26 13:01:38,329 INFO [044_Bach_WTC_II_No11_F_Prelude_B1-16_page_0]       StepMonitoring.java:98   | SYMBOLS
2025-12-26 13:01:38,870 INFO [044_Bach_WTC_II_No11_F_Prelude_B1-16_page_0]       StepMonitoring.java:98   | LINKS
2025-12-26 13:01:39,004 INFO [044_Bach_WTC_II_No11_F_Prelude_B1-16_page_0]       StepMonitoring.java:98   | RHYTHMS
2025-12-26 13:01:39,057 INFO [044_Bach_WTC_II_No11_F_Prelude_B1-16_page_0]        MeasureRhythm.java:1045 | Measure{#2} No timeOffset for HeadChordInter#5318{(0.948/0.948) staff:1 slot#6 dur:1/8}
2025-12-26 13:01:39,059 INFO [044_Bach_WTC_II_No11_F_Prelude_B1-16_page_0]   AbstractChordInter.java:627  | Measure{#2} No timeOffset for HeadChordInter#5320{(0.943/0.943) staff:1 slot#8 dur:1/8}
2025-12-26 13:01:39,060 INFO [044_Bach_WTC_II_No11_F_Prelude_B1-16_page_0]        MeasureRhythm.java:1045 | Measure{#2} No timeOffset for HeadChordInter#5334{(0.948/0.948) staff:2 slot#9 dur:1/8}
2025-12-26 13:01:39,061 INFO [044_Bach_WTC_II_No11_F_Prelude_B1-16_page_0]                Voice.java:257  | Measure{#2} Voice{#1 excess:7/8} too long
2025-12-26 13:01:39,061 INFO [044_Bach_WTC_II_No11_F_Prelude_B1-16_page_0]                Voice.java:257  | Measure{#2} Voice{#7 excess:3/8} too long
2025-12-26 13:01:39,063 INFO [044_Bach_WTC_II_No11_F_Prelude_B1-16_page_0]          StackRhythm.java:224  | S1 MeasureStack#2 no correct rhythm
2025-12-26 13:01:39,160 INFO [044_Bach_WTC_II_No11_F_Prelude_B1-16_page_0]        MeasureRhythm.java:1045 | Measure{#12} No timeOffset for HeadChordInter#5496{(0.941/0.941) staff:7 slot#6 dur:1/4}
2025-12-26 13:01:39,161 INFO [044_Bach_WTC_II_No11_F_Prelude_B1-16_page_0]   AbstractChordInter.java:627  | Measure{#12} No timeOffset for HeadChordInter#5496{(0.941/0.941) staff:7 slot#6 dur:1/4}
2025-12-26 13:01:39,161 INFO [044_Bach_WTC_II_No11_F_Prelude_B1-16_page_0]   AbstractChordInter.java:627  | Measure{#12} No timeOffset for HeadChordInter#5497{(0.934/0.934) staff:7 slot#7 dur:1/4}
2025-12-26 13:01:39,162 INFO [044_Bach_WTC_II_No11_F_Prelude_B1-16_page_0]   AbstractChordInter.java:627  | Measure{#12} No timeOffset for HeadChordInter#5498{(0.943/0.943) staff:7 slot#8 dur:1/4}
2025-12-26 13:01:39,164 INFO [044_Bach_WTC_II_No11_F_Prelude_B1-16_page_0]        MeasureRhythm.java:1045 | Measure{#12} No timeOffset for HeadChordInter#5499{(0.873/0.873) staff:7 slot#9 dur:1/2}
2025-12-26 13:01:39,165 INFO [044_Bach_WTC_II_No11_F_Prelude_B1-16_page_0]        MeasureRhythm.java:1045 | Measure{#12} No timeOffset for HeadChordInter#5501{(0.861/0.861) staff:7 slot#9 dur:1/2}
2025-12-26 13:01:39,165 INFO [044_Bach_WTC_II_No11_F_Prelude_B1-16_page_0]        MeasureRhythm.java:1045 | Measure{#12} No timeOffset for RestChordInter#6278{(0.800/0.800) staff:8 slot#9 dur:1/8}
2025-12-26 13:01:39,165 INFO [044_Bach_WTC_II_No11_F_Prelude_B1-16_page_0]        MeasureRhythm.java:1045 | Measure{#12} No timeOffset for HeadChordInter#5530{(0.880/0.880) staff:8 slot#9 dur:1/2}
2025-12-26 13:01:39,166 INFO [044_Bach_WTC_II_No11_F_Prelude_B1-16_page_0]   AbstractChordInter.java:627  | Measure{#12} No timeOffset for HeadChordInter#5500{(0.850/0.850) staff:7 slot#9 dur:1/2}
2025-12-26 13:01:39,166 INFO [044_Bach_WTC_II_No11_F_Prelude_B1-16_page_0]   AbstractChordInter.java:627  | Measure{#12} No timeOffset for HeadChordInter#5499{(0.873/0.873) staff:7 slot#9 dur:1/2}
2025-12-26 13:01:39,166 INFO [044_Bach_WTC_II_No11_F_Prelude_B1-16_page_0]   AbstractChordInter.java:627  | Measure{#12} No timeOffset for HeadChordInter#5501{(0.861/0.861) staff:7 slot#9 dur:1/2}
2025-12-26 13:01:39,166 INFO [044_Bach_WTC_II_No11_F_Prelude_B1-16_page_0]   AbstractChordInter.java:627  | Measure{#12} No timeOffset for RestChordInter#6278{(0.800/0.800) staff:8 slot#9 dur:1/8}
2025-12-26 13:01:39,166 INFO [044_Bach_WTC_II_No11_F_Prelude_B1-16_page_0]   AbstractChordInter.java:627  | Measure{#12} No timeOffset for HeadChordInter#5530{(0.880/0.880) staff:8 slot#9 dur:1/2}
2025-12-26 13:01:39,167 INFO [044_Bach_WTC_II_No11_F_Prelude_B1-16_page_0]          StackRhythm.java:224  | S4 MeasureStack#12 no correct rhythm
2025-12-26 13:01:39,170 INFO [044_Bach_WTC_II_No11_F_Prelude_B1-16_page_0]                Voice.java:257  | Measure{#13} Voice{#7 excess:1/8} too long
2025-12-26 13:01:39,171 INFO [044_Bach_WTC_II_No11_F_Prelude_B1-16_page_0]          StackRhythm.java:224  | S4 MeasureStack#13 no correct rhythm
2025-12-26 13:01:39,190 INFO [044_Bach_WTC_II_No11_F_Prelude_B1-16_page_0]        MeasureRhythm.java:1045 | Measure{#16} No timeOffset for RestChordInter#6306{(0.792/0.792) staff:9 slot#5 dur:1/2}
2025-12-26 13:01:39,191 INFO [044_Bach_WTC_II_No11_F_Prelude_B1-16_page_0]        MeasureRhythm.java:1045 | Measure{#16} No timeOffset for RestChordInter#6307{(0.792/0.792) staff:10 slot#5 dur:1/2}
2025-12-26 13:01:39,191 INFO [044_Bach_WTC_II_No11_F_Prelude_B1-16_page_0]                Voice.java:257  | Measure{#16} Voice{#1 excess:3/8} too long
2025-12-26 13:01:39,192 INFO [044_Bach_WTC_II_No11_F_Prelude_B1-16_page_0]                Voice.java:257  | Measure{#16} Voice{#7 excess:3/8} too long
2025-12-26 13:01:39,192 INFO [044_Bach_WTC_II_No11_F_Prelude_B1-16_page_0]          StackRhythm.java:224  | S5 MeasureStack#16 no correct rhythm
2025-12-26 13:01:39,192 INFO [044_Bach_WTC_II_No11_F_Prelude_B1-16_page_0]       StepMonitoring.java:98   | PAGE
2025-12-26 13:01:39,198 INFO [044_Bach_WTC_II_No11_F_Prelude_B1-16_page_0]                Voice.java:257  | Measure{#2} Voice{#1 excess:7/8} too long
2025-12-26 13:01:39,199 INFO [044_Bach_WTC_II_No11_F_Prelude_B1-16_page_0]                Voice.java:257  | Measure{#2} Voice{#7 excess:3/8} too long
2025-12-26 13:01:39,201 INFO [044_Bach_WTC_II_No11_F_Prelude_B1-16_page_0]                Voice.java:257  | Measure{#13} Voice{#6 excess:1/8} too long
2025-12-26 13:01:39,201 INFO [044_Bach_WTC_II_No11_F_Prelude_B1-16_page_0]                Voice.java:257  | Measure{#16} Voice{#2 excess:3/8} too long
2025-12-26 13:01:39,202 INFO [044_Bach_WTC_II_No11_F_Prelude_B1-16_page_0]                Voice.java:257  | Measure{#16} Voice{#5 excess:3/8} too long
2025-12-26 13:01:39,208 INFO [044_Bach_WTC_II_No11_F_Prelude_B1-16_page_0]                 Book.java:2596 | Book{044_Bach_WTC_II_No11_F_Prelude_B1-16_page_0} storing
2025-12-26 13:01:39,269 INFO [044_Bach_WTC_II_No11_F_Prelude_B1-16_page_0]                 Book.java:2577 | Stored /book.xml
2025-12-26 13:01:39,388 INFO [044_Bach_WTC_II_No11_F_Prelude_B1-16_page_0]           DataHolder.java:348  | Stored /sheet#1/BINARY.png
2025-12-26 13:01:40,294 INFO [044_Bach_WTC_II_No11_F_Prelude_B1-16_page_0]                Sheet.java:1583 | Stored /sheet#1/sheet#1.xml
2025-12-26 13:01:40,295 INFO [044_Bach_WTC_II_No11_F_Prelude_B1-16_page_0]                 Book.java:2537 | Book stored as C:\Users\Elliot\Downloads\Audiveris\scores\044_Bach_WTC_II_No11_F_Prelude_B1-16_page_0.omr
2025-12-26 13:01:40,300 INFO [044_Bach_WTC_II_No11_F_Prelude_B1-16_page_0]            SheetStub.java:1660 | Disposed sheet
2025-12-26 13:01:40,343 INFO [044_Bach_WTC_II_No11_F_Prelude_B1-16_page_0]                 Book.java:2064 | End of Stub#1
2025-12-26 13:01:40,344 INFO [044_Bach_WTC_II_No11_F_Prelude_B1-16_page_0]                 Book.java:2071 | Book processed.
2025-12-26 13:01:40,938 INFO [044_Bach_WTC_II_No11_F_Prelude_B1-16_page_0]            SheetStub.java:997  | Loaded /sheet#1/sheet#1.xml
2025-12-26 13:01:41,496 INFO [044_Bach_WTC_II_No11_F_Prelude_B1-16_page_0]      PartwiseBuilder.java:2688 | Exporting sheet(s): [#1]
2025-12-26 13:01:41,647 INFO [044_Bach_WTC_II_No11_F_Prelude_B1-16_page_0]        ScoreExporter.java:164  | Score 044_Bach_WTC_II_No11_F_Prelude_B1-16_page_0 exported to C:\Users\Elliot\Downloads\Audiveris\scores\044_Bach_WTC_II_No11_F_Prelude_B1-16_page_0.mxl
2025-12-26 13:01:41,689 INFO [044_Bach_WTC_II_No11_F_Prelude_B1-16_page_0]                Score.java:181  | Closing {Score 1}
