2025-12-26 13:01:43,841 INFO [045_Bach_FrenchSuite_No3_Minuet_B1-16_page_0]                 Book.java:560  | 1 sheet in C:\Users\Elliot\Downloads\Audiveris\scores\045_Bach_FrenchSuite_No3_Minuet_B1-16_page_0.jpg
2025-12-26 13:01:43,985 INFO []                 Book.java:2577 | Stored /book.xml
2025-12-26 13:01:43,986 INFO []                 Book.java:2537 | Book stored as C:\Users\Elliot\Downloads\Audiveris\scores\045_Bach_FrenchSuite_No3_Minuet_B1-16_page_0.omr
2025-12-26 13:01:43,993 INFO []                 Book.java:1929 | Book reaching PAGE on sheets:[#1]
2025-12-26 13:01:44,001 INFO [045_Bach_FrenchSuite_No3_Minuet_B1-16_page_0]       StepMonitoring.java:98   | LOAD
2025-12-26 13:01:44,136 INFO [045_Bach_FrenchSuite_No3_Minuet_B1-16_page_0]            SheetStub.java:1273 | Loaded image #1 1653x2339 from C:\Users\Elliot\Downloads\Audiveris\scores\045_Bach_FrenchSuite_No3_Minuet_B1-16_page_0.jpg
2025-12-26 13:01:44,141 INFO [045_Bach_FrenchSuite_No3_Minuet_B1-16_page_0]            ImageUtil.java:124  | Converting max RGB to gray
2025-12-26 13:01:44,287 INFO [045_Bach_FrenchSuite_No3_Minuet_B1-16_page_0]       StepMonitoring.java:98   | BINARY
2025-12-26 13:01:44,638 INFO [045_Bach_FrenchSuite_No3_Minuet_B1-16_page_0]       StepMonitoring.java:98   | SCALE
2025-12-26 13:01:44,666 INFO [045_Bach_FrenchSuite_No3_Minuet_B1-16_page_0]         ScaleBuilder.java:241  | Beam  guessed height:  6 -- 0.50 of 11 interline
2025-12-26 13:01:44,668 INFO [045_Bach_FrenchSuite_No3_Minuet_B1-16_page_0]         ScaleBuilder.java:264  | Beam measured height:  7 -- 0.43 of [4..11] range at 916% of needed quorum
2025-12-26 13:01:44,668 INFO [045_Bach_FrenchSuite_No3_Minuet_B1-16_page_0]            ScaleStep.java:65   | Scale{ interline(12,13,13) line(1,1,2) beam(7)}
2025-12-26 13:01:44,669 INFO [045_Bach_FrenchSuite_No3_Minuet_B1-16_page_0]       StepMonitoring.java:98   | GRID
2025-12-26 13:01:45,344 INFO [045_Bach_FrenchSuite_No3_Minuet_B1-16_page_0]       LinesRetriever.java:1500 | Global slope: 0.00000
2025-12-26 13:01:45,455 INFO [045_Bach_FrenchSuite_No3_Minuet_B1-16_page_0]    ClustersRetriever.java:326  | Retrieved raw line clusters: 12 of sizes [5] with interline(12,13,13)
2025-12-26 13:01:45,950 INFO [045_Bach_FrenchSuite_No3_Minuet_B1-16_page_0]            PeakGraph.java:310  | Systems: #1[1, 2] #2[3, 4] #3[5, 6] #4[7, 8] #5[9, 10] #6[11, 12]
2025-12-26 13:01:46,304 INFO [045_Bach_FrenchSuite_No3_Minuet_B1-16_page_0]        SystemManager.java:779  | 1 part along 6 systems
2025-12-26 13:01:46,305 INFO [045_Bach_FrenchSuite_No3_Minuet_B1-16_page_0]                 Book.java:543  | Created scores: [{Score 1}]
2025-12-26 13:01:46,306 INFO [045_Bach_FrenchSuite_No3_Minuet_B1-16_page_0]       StepMonitoring.java:98   | HEADERS
2025-12-26 13:01:46,774 INFO []      BasicClassifier.java:286  | Classifier loaded XML norms.
2025-12-26 13:01:46,786 INFO []   AbstractClassifier.java:396  | Classifier data loaded from default uri jar:file:/C:/Users/Elliot/Downloads/Audiveris/app/audiveris.jar!/res/basic-classifier.zip
2025-12-26 13:01:47,889 INFO [045_Bach_FrenchSuite_No3_Minuet_B1-16_page_0]       StepMonitoring.java:98   | STEM_SEEDS
2025-12-26 13:01:47,942 INFO [045_Bach_FrenchSuite_No3_Minuet_B1-16_page_0]        StemSeedsStep.java:86   | stem(2 max:2)
2025-12-26 13:01:48,011 INFO [045_Bach_FrenchSuite_No3_Minuet_B1-16_page_0]       StepMonitoring.java:98   | BEAMS
2025-12-26 13:01:49,445 INFO [045_Bach_FrenchSuite_No3_Minuet_B1-16_page_0]       StepMonitoring.java:98   | LEDGERS
2025-12-26 13:01:49,606 INFO [045_Bach_FrenchSuite_No3_Minuet_B1-16_page_0]       StepMonitoring.java:98   | HEADS
2025-12-26 13:01:52,665 INFO [045_Bach_FrenchSuite_No3_Minuet_B1-16_page_0]        HeadSeedTally.java:235  | Scale information: HeadSeeds{NOTEHEAD_BLACK[L:-0.3,R:0.4]}
2025-12-26 13:01:52,667 INFO [045_Bach_FrenchSuite_No3_Minuet_B1-16_page_0]       StepMonitoring.java:98   | STEMS
2025-12-26 13:01:53,866 INFO [045_Bach_FrenchSuite_No3_Minuet_B1-16_page_0]       StepMonitoring.java:98   | REDUCTION
2025-12-26 13:01:54,137 INFO [045_Bach_FrenchSuite_No3_Minuet_B1-16_page_0]        ReductionStep.java:105  | Stems free length median value: 44 pixels, 3.4 interlines
2025-12-26 13:01:54,145 INFO [045_Bach_FrenchSuite_No3_Minuet_B1-16_page_0]       StepMonitoring.java:98   | CUE_BEAMS
2025-12-26 13:01:54,146 INFO [045_Bach_FrenchSuite_No3_Minuet_B1-16_page_0]         CueBeamsStep.java:81   | Step CUE_BEAMS is skipped because small heads switch is off
2025-12-26 13:01:54,146 INFO [045_Bach_FrenchSuite_No3_Minuet_B1-16_page_0]       StepMonitoring.java:98   | TEXTS
2025-12-26 13:01:54,276 WARN [045_Bach_FrenchSuite_No3_Minuet_B1-16_page_0]         TesseractOCR.java:335  | The collection of supported languages is empty
2025-12-26 13:01:54,277 INFO [045_Bach_FrenchSuite_No3_Minuet_B1-16_page_0]              OcrUtil.java:106  | Missing support for 'eng' language(s)
2025-12-26 13:01:54,290 INFO [045_Bach_FrenchSuite_No3_Minuet_B1-16_page_0]       StepMonitoring.java:98   | MEASURES
2025-12-26 13:01:54,305 INFO [045_Bach_FrenchSuite_No3_Minuet_B1-16_page_0]                 Page.java:307  | 30 raw measures: [7 in system#1, 5 in system#2, 4 in system#3, 4 in system#4, 4 in system#5, 6 in system#6]
2025-12-26 13:01:54,306 INFO [045_Bach_FrenchSuite_No3_Minuet_B1-16_page_0]       StepMonitoring.java:98   | CHORDS
2025-12-26 13:01:54,342 INFO [045_Bach_FrenchSuite_No3_Minuet_B1-16_page_0]       StepMonitoring.java:98   | CURVES
2025-12-26 13:01:55,249 INFO [045_Bach_FrenchSuite_No3_Minuet_B1-16_page_0]         SlursBuilder.java:240  | Slurs: 10
2025-12-26 13:01:55,268 INFO [045_Bach_FrenchSuite_No3_Minuet_B1-16_page_0]      SegmentsBuilder.java:155  | Segments: 9
2025-12-26 13:01:55,276 INFO [045_Bach_FrenchSuite_No3_Minuet_B1-16_page_0]       StepMonitoring.java:98   | SYMBOLS
2025-12-26 13:01:55,762 INFO [045_Bach_FrenchSuite_No3_Minuet_B1-16_page_0]       StepMonitoring.java:98   | LINKS
2025-12-26 13:01:55,860 INFO [045_Bach_FrenchSuite_No3_Minuet_B1-16_page_0]       StepMonitoring.java:98   | RHYTHMS
2025-12-26 13:01:55,937 INFO [045_Bach_FrenchSuite_No3_Minuet_B1-16_page_0]        MeasureRhythm.java:1045 | Measure{#14} No timeOffset for HeadChordInter#6365{(0.527/0.527) staff:6 slot#9 dur:1/2}
2025-12-26 13:01:55,939 INFO [045_Bach_FrenchSuite_No3_Minuet_B1-16_page_0]          StackRhythm.java:224  | S3 MeasureStack#14 no correct rhythm
2025-12-26 13:01:55,947 INFO [045_Bach_FrenchSuite_No3_Minuet_B1-16_page_0]                Voice.java:257  | Measure{#16} Voice{#2 excess:1/16} too long
2025-12-26 13:01:55,948 INFO [045_Bach_FrenchSuite_No3_Minuet_B1-16_page_0]          StackRhythm.java:224  | S3 MeasureStack#16 no correct rhythm
2025-12-26 13:01:55,993 INFO [045_Bach_FrenchSuite_No3_Minuet_B1-16_page_0]       StepMonitoring.java:98   | PAGE
2025-12-26 13:01:56,015 INFO [045_Bach_FrenchSuite_No3_Minuet_B1-16_page_0]                 Book.java:2596 | Book{045_Bach_FrenchSuite_No3_Minuet_B1-16_page_0} storing
2025-12-26 13:01:56,077 INFO [045_Bach_FrenchSuite_No3_Minuet_B1-16_page_0]                 Book.java:2577 | Stored /book.xml
2025-12-26 13:01:56,207 INFO [045_Bach_FrenchSuite_No3_Minuet_B1-16_page_0]           DataHolder.java:348  | Stored /sheet#1/BINARY.png
2025-12-26 13:01:57,400 INFO [045_Bach_FrenchSuite_No3_Minuet_B1-16_page_0]                Sheet.java:1583 | Stored /sheet#1/sheet#1.xml
2025-12-26 13:01:57,400 INFO [045_Bach_FrenchSuite_No3_Minuet_B1-16_page_0]                 Book.java:2537 | Book stored as C:\Users\Elliot\Downloads\Audiveris\scores\045_Bach_FrenchSuite_No3_Minuet_B1-16_page_0.omr
2025-12-26 13:01:57,403 INFO [045_Bach_FrenchSuite_No3_Minuet_B1-16_page_0]            SheetStub.java:1660 | Disposed sheet
2025-12-26 13:01:57,458 INFO [045_Bach_FrenchSuite_No3_Minuet_B1-16_page_0]                 Book.java:2064 | End of Stub#1
2025-12-26 13:01:57,459 INFO [045_Bach_FrenchSuite_No3_Minuet_B1-16_page_0]                 Book.java:2071 | Book processed.
2025-12-26 13:01:57,978 INFO [045_Bach_FrenchSuite_No3_Minuet_B1-16_page_0]            SheetStub.java:997  | Loaded /sheet#1/sheet#1.xml
2025-12-26 13:01:58,547 INFO [045_Bach_FrenchSuite_No3_Minuet_B1-16_page_0]      PartwiseBuilder.java:2688 | Exporting sheet(s): [#1]
2025-12-26 13:01:58,751 INFO [045_Bach_FrenchSuite_No3_Minuet_B1-16_page_0]        ScoreExporter.java:164  | Score 045_Bach_FrenchSuite_No3_Minuet_B1-16_page_0 exported to C:\Users\Elliot\Downloads\Audiveris\scores\045_Bach_FrenchSuite_No3_Minuet_B1-16_page_0.mxl
2025-12-26 13:01:58,812 INFO [045_Bach_FrenchSuite_No3_Minuet_B1-16_page_0]                Score.java:181  | Closing {Score 1}
