2025-12-26 13:02:01,366 INFO [046_Bach_FrenchSuite_No3_Minuet_B1-16_page_0]                 Book.java:560  | 1 sheet in C:\Users\Elliot\Downloads\Audiveris\scores\046_Bach_FrenchSuite_No3_Minuet_B1-16_page_0.jpg
2025-12-26 13:02:01,550 INFO []                 Book.java:2577 | Stored /book.xml
2025-12-26 13:02:01,551 INFO []                 Book.java:2537 | Book stored as C:\Users\Elliot\Downloads\Audiveris\scores\046_Bach_FrenchSuite_No3_Minuet_B1-16_page_0.omr
2025-12-26 13:02:01,560 INFO []                 Book.java:1929 | Book reaching PAGE on sheets:[#1]
2025-12-26 13:02:01,569 INFO [046_Bach_FrenchSuite_No3_Minuet_B1-16_page_0]       StepMonitoring.java:98   | LOAD
2025-12-26 13:02:01,680 INFO [046_Bach_FrenchSuite_No3_Minuet_B1-16_page_0]            SheetStub.java:1273 | Loaded image #1 1653x2339 from C:\Users\Elliot\Downloads\Audiveris\scores\046_Bach_FrenchSuite_No3_Minuet_B1-16_page_0.jpg
2025-12-26 13:02:01,683 INFO [046_Bach_FrenchSuite_No3_Minuet_B1-16_page_0]            ImageUtil.java:124  | Converting max RGB to gray
2025-12-26 13:02:01,838 INFO [046_Bach_FrenchSuite_No3_Minuet_B1-16_page_0]       StepMonitoring.java:98   | BINARY
2025-12-26 13:02:02,229 INFO [046_Bach_FrenchSuite_No3_Minuet_B1-16_page_0]       StepMonitoring.java:98   | SCALE
2025-12-26 13:02:02,258 INFO [046_Bach_FrenchSuite_No3_Minuet_B1-16_page_0]         ScaleBuilder.java:241  | Beam  guessed height:  6 -- 0.50 of 12 interline
2025-12-26 13:02:02,259 INFO [046_Bach_FrenchSuite_No3_Minuet_B1-16_page_0]         ScaleBuilder.java:264  | Beam measured height:  8 -- 0.50 of [4..12] range at 346% of needed quorum
2025-12-26 13:02:02,260 INFO [046_Bach_FrenchSuite_No3_Minuet_B1-16_page_0]            ScaleStep.java:65   | Scale{ interline(13,14,14) line(1,1,2) beam(8)}
2025-12-26 13:02:02,261 INFO [046_Bach_FrenchSuite_No3_Minuet_B1-16_page_0]       StepMonitoring.java:98   | GRID
2025-12-26 13:02:02,640 INFO [046_Bach_FrenchSuite_No3_Minuet_B1-16_page_0]       LinesRetriever.java:1500 | Global slope: 0.00000
2025-12-26 13:02:02,681 INFO [046_Bach_FrenchSuite_No3_Minuet_B1-16_page_0]    ClustersRetriever.java:326  | Retrieved raw line clusters: 10 of sizes [5] with interline(13,14,14)
2025-12-26 13:02:02,806 INFO [046_Bach_FrenchSuite_No3_Minuet_B1-16_page_0]            PeakGraph.java:310  | Systems: #1[1, 2] #2[3, 4] #3[5, 6] #4[7, 8] #5[9, 10]
2025-12-26 13:02:03,056 INFO [046_Bach_FrenchSuite_No3_Minuet_B1-16_page_0]        SystemManager.java:779  | 1 part along 5 systems
2025-12-26 13:02:03,058 INFO [046_Bach_FrenchSuite_No3_Minuet_B1-16_page_0]                 Book.java:543  | Created scores: [{Score 1}]
2025-12-26 13:02:03,059 INFO [046_Bach_FrenchSuite_No3_Minuet_B1-16_page_0]       StepMonitoring.java:98   | HEADERS
2025-12-26 13:02:03,393 INFO [046_Bach_FrenchSuite_No3_Minuet_B1-16_page_0]      BasicClassifier.java:286  | Classifier loaded XML norms.
2025-12-26 13:02:03,427 INFO [046_Bach_FrenchSuite_No3_Minuet_B1-16_page_0]   AbstractClassifier.java:396  | Classifier data loaded from default uri jar:file:/C:/Users/Elliot/Downloads/Audiveris/app/audiveris.jar!/res/basic-classifier.zip
2025-12-26 13:02:04,432 INFO [046_Bach_FrenchSuite_No3_Minuet_B1-16_page_0]       StepMonitoring.java:98   | STEM_SEEDS
2025-12-26 13:02:04,514 INFO [046_Bach_FrenchSuite_No3_Minuet_B1-16_page_0]        StemSeedsStep.java:86   | stem(2 max:2)
2025-12-26 13:02:04,585 INFO [046_Bach_FrenchSuite_No3_Minuet_B1-16_page_0]       StepMonitoring.java:98   | BEAMS
2025-12-26 13:02:06,535 INFO [046_Bach_FrenchSuite_No3_Minuet_B1-16_page_0]       StepMonitoring.java:98   | LEDGERS
2025-12-26 13:02:06,703 INFO [046_Bach_FrenchSuite_No3_Minuet_B1-16_page_0]       StepMonitoring.java:98   | HEADS
2025-12-26 13:02:08,736 INFO [046_Bach_FrenchSuite_No3_Minuet_B1-16_page_0]        HeadSeedTally.java:235  | Scale information: HeadSeeds{NOTEHEAD_BLACK[L:0.2,R:0.4]}
2025-12-26 13:02:08,737 INFO [046_Bach_FrenchSuite_No3_Minuet_B1-16_page_0]       StepMonitoring.java:98   | STEMS
2025-12-26 13:02:09,135 INFO [046_Bach_FrenchSuite_No3_Minuet_B1-16_page_0]       StepMonitoring.java:98   | REDUCTION
2025-12-26 13:02:09,254 INFO [046_Bach_FrenchSuite_No3_Minuet_B1-16_page_0]        ReductionStep.java:105  | Stems free length median value: 49 pixels, 3.5 interlines
2025-12-26 13:02:09,259 INFO [046_Bach_FrenchSuite_No3_Minuet_B1-16_page_0]       StepMonitoring.java:98   | CUE_BEAMS
2025-12-26 13:02:09,260 INFO [046_Bach_FrenchSuite_No3_Minuet_B1-16_page_0]         CueBeamsStep.java:81   | Step CUE_BEAMS is skipped because small heads switch is off
2025-12-26 13:02:09,260 INFO [046_Bach_FrenchSuite_No3_Minuet_B1-16_page_0]       StepMonitoring.java:98   | TEXTS
2025-12-26 13:02:09,353 WARN [046_Bach_FrenchSuite_No3_Minuet_B1-16_page_0]         TesseractOCR.java:335  | The collection of supported languages is empty
2025-12-26 13:02:09,353 INFO [046_Bach_FrenchSuite_No3_Minuet_B1-16_page_0]              OcrUtil.java:106  | Missing support for 'eng' language(s)
2025-12-26 13:02:09,363 INFO [046_Bach_FrenchSuite_No3_Minuet_B1-16_page_0]       StepMonitoring.java:98   | MEASURES
2025-12-26 13:02:09,375 INFO [046_Bach_FrenchSuite_No3_Minuet_B1-16_page_0]                 Page.java:307  | 16 raw measures: [3 in system#1, 3 in system#2, 3 in system#3, 3 in system#4, 4 in system#5]
2025-12-26 13:02:09,376 INFO [046_Bach_FrenchSuite_No3_Minuet_B1-16_page_0]       StepMonitoring.java:98   | CHORDS
2025-12-26 13:02:09,392 INFO [046_Bach_FrenchSuite_No3_Minuet_B1-16_page_0]       StepMonitoring.java:98   | CURVES
2025-12-26 13:02:09,883 INFO [046_Bach_FrenchSuite_No3_Minuet_B1-16_page_0]         SlursBuilder.java:240  | Slurs: 0
2025-12-26 13:02:09,891 INFO [046_Bach_FrenchSuite_No3_Minuet_B1-16_page_0]      SegmentsBuilder.java:155  | Segments: 1
2025-12-26 13:02:09,899 INFO [046_Bach_FrenchSuite_No3_Minuet_B1-16_page_0]       StepMonitoring.java:98   | SYMBOLS
2025-12-26 13:02:10,097 INFO [046_Bach_FrenchSuite_No3_Minuet_B1-16_page_0]       StepMonitoring.java:98   | LINKS
2025-12-26 13:02:10,133 INFO [046_Bach_FrenchSuite_No3_Minuet_B1-16_page_0]       StepMonitoring.java:98   | RHYTHMS
2025-12-26 13:02:10,219 INFO [046_Bach_FrenchSuite_No3_Minuet_B1-16_page_0]       StepMonitoring.java:98   | PAGE
2025-12-26 13:02:10,243 INFO [046_Bach_FrenchSuite_No3_Minuet_B1-16_page_0]                 Book.java:2596 | Book{046_Bach_FrenchSuite_No3_Minuet_B1-16_page_0} storing
2025-12-26 13:02:10,290 INFO [046_Bach_FrenchSuite_No3_Minuet_B1-16_page_0]                 Book.java:2577 | Stored /book.xml
2025-12-26 13:02:10,387 INFO [046_Bach_FrenchSuite_No3_Minuet_B1-16_page_0]           DataHolder.java:348  | Stored /sheet#1/BINARY.png
2025-12-26 13:02:10,977 INFO [046_Bach_FrenchSuite_No3_Minuet_B1-16_page_0]                Sheet.java:1583 | Stored /sheet#1/sheet#1.xml
2025-12-26 13:02:10,977 INFO [046_Bach_FrenchSuite_No3_Minuet_B1-16_page_0]                 Book.java:2537 | Book stored as C:\Users\Elliot\Downloads\Audiveris\scores\046_Bach_FrenchSuite_No3_Minuet_B1-16_page_0.omr
2025-12-26 13:02:10,981 INFO [046_Bach_FrenchSuite_No3_Minuet_B1-16_page_0]            SheetStub.java:1660 | Disposed sheet
2025-12-26 13:02:11,012 INFO [046_Bach_FrenchSuite_No3_Minuet_B1-16_page_0]                 Book.java:2064 | End of Stub#1
2025-12-26 13:02:11,013 INFO [046_Bach_FrenchSuite_No3_Minuet_B1-16_page_0]                 Book.java:2071 | Book processed.
2025-12-26 13:02:11,333 INFO [046_Bach_FrenchSuite_No3_Minuet_B1-16_page_0]            SheetStub.java:997  | Loaded /sheet#1/sheet#1.xml
2025-12-26 13:02:11,805 INFO [046_Bach_FrenchSuite_No3_Minuet_B1-16_page_0]      PartwiseBuilder.java:2688 | Exporting sheet(s): [#1]
2025-12-26 13:02:11,904 INFO [046_Bach_FrenchSuite_No3_Minuet_B1-16_page_0]        ScoreExporter.java:164  | Score 046_Bach_FrenchSuite_No3_Minuet_B1-16_page_0 exported to C:\Users\Elliot\Downloads\Audiveris\scores\046_Bach_FrenchSuite_No3_Minuet_B1-16_page_0.mxl
2025-12-26 13:02:11,944 INFO [046_Bach_FrenchSuite_No3_Minuet_B1-16_page_0]                Score.java:181  | Closing {Score 1}
