2025-12-26 13:02:14,556 INFO [047_Bach_FrenchSuite_No5_Gavotte_B1-18_page_0]                 Book.java:560  | 1 sheet in C:\Users\Elliot\Downloads\Audiveris\scores\047_Bach_FrenchSuite_No5_Gavotte_B1-18_page_0.jpg
2025-12-26 13:02:14,745 INFO []                 Book.java:2577 | Stored /book.xml
2025-12-26 13:02:14,746 INFO []                 Book.java:2537 | Book stored as C:\Users\Elliot\Downloads\Audiveris\scores\047_Bach_FrenchSuite_No5_Gavotte_B1-18_page_0.omr
2025-12-26 13:02:14,752 INFO []                 Book.java:1929 | Book reaching PAGE on sheets:[#1]
2025-12-26 13:02:14,756 INFO [047_Bach_FrenchSuite_No5_Gavotte_B1-18_page_0]       StepMonitoring.java:98   | LOAD
2025-12-26 13:02:14,906 INFO [047_Bach_FrenchSuite_No5_Gavotte_B1-18_page_0]            SheetStub.java:1273 | Loaded image #1 1653x2339 from C:\Users\Elliot\Downloads\Audiveris\scores\047_Bach_FrenchSuite_No5_Gavotte_B1-18_page_0.jpg
2025-12-26 13:02:14,911 INFO [047_Bach_FrenchSuite_No5_Gavotte_B1-18_page_0]            ImageUtil.java:124  | Converting max RGB to gray
2025-12-26 13:02:15,119 INFO [047_Bach_FrenchSuite_No5_Gavotte_B1-18_page_0]       StepMonitoring.java:98   | BINARY
2025-12-26 13:02:15,560 INFO [047_Bach_FrenchSuite_No5_Gavotte_B1-18_page_0]       StepMonitoring.java:98   | SCALE
2025-12-26 13:02:15,589 INFO [047_Bach_FrenchSuite_No5_Gavotte_B1-18_page_0]         ScaleBuilder.java:241  | Beam  guessed height:  6 -- 0.50 of 12 interline
2025-12-26 13:02:15,591 INFO [047_Bach_FrenchSuite_No5_Gavotte_B1-18_page_0]         ScaleBuilder.java:264  | Beam measured height:  8 -- 0.50 of [4..12] range at 343% of needed quorum
2025-12-26 13:02:15,592 INFO [047_Bach_FrenchSuite_No5_Gavotte_B1-18_page_0]            ScaleStep.java:65   | Scale{ interline(13,14,14) line(1,1,2) beam(8)}
2025-12-26 13:02:15,593 INFO [047_Bach_FrenchSuite_No5_Gavotte_B1-18_page_0]       StepMonitoring.java:98   | GRID
2025-12-26 13:02:16,045 INFO [047_Bach_FrenchSuite_No5_Gavotte_B1-18_page_0]       LinesRetriever.java:1500 | Global slope: 0.00000
2025-12-26 13:02:16,098 INFO [047_Bach_FrenchSuite_No5_Gavotte_B1-18_page_0]    ClustersRetriever.java:326  | Retrieved raw line clusters: 12 of sizes [5] with interline(13,14,14)
2025-12-26 13:02:16,301 INFO [047_Bach_FrenchSuite_No5_Gavotte_B1-18_page_0]            PeakGraph.java:310  | Systems: #1[1, 2] #2[3, 4] #3[5, 6] #4[7, 8] #5[9, 10] #6[11, 12]
2025-12-26 13:02:16,561 INFO [047_Bach_FrenchSuite_No5_Gavotte_B1-18_page_0]        SystemManager.java:779  | 1 part along 6 systems
2025-12-26 13:02:16,563 INFO [047_Bach_FrenchSuite_No5_Gavotte_B1-18_page_0]                 Book.java:543  | Created scores: [{Score 1}]
2025-12-26 13:02:16,564 INFO [047_Bach_FrenchSuite_No5_Gavotte_B1-18_page_0]       StepMonitoring.java:98   | HEADERS
2025-12-26 13:02:16,920 INFO [047_Bach_FrenchSuite_No5_Gavotte_B1-18_page_0]      BasicClassifier.java:286  | Classifier loaded XML norms.
2025-12-26 13:02:16,923 INFO [047_Bach_FrenchSuite_No5_Gavotte_B1-18_page_0]   AbstractClassifier.java:396  | Classifier data loaded from default uri jar:file:/C:/Users/Elliot/Downloads/Audiveris/app/audiveris.jar!/res/basic-classifier.zip
2025-12-26 13:02:17,733 INFO [047_Bach_FrenchSuite_No5_Gavotte_B1-18_page_0]       StepMonitoring.java:98   | STEM_SEEDS
2025-12-26 13:02:17,813 INFO [047_Bach_FrenchSuite_No5_Gavotte_B1-18_page_0]        StemSeedsStep.java:86   | stem(2 max:2)
2025-12-26 13:02:17,879 INFO [047_Bach_FrenchSuite_No5_Gavotte_B1-18_page_0]       StepMonitoring.java:98   | BEAMS
2025-12-26 13:02:19,738 INFO [047_Bach_FrenchSuite_No5_Gavotte_B1-18_page_0]       StepMonitoring.java:98   | LEDGERS
2025-12-26 13:02:19,894 INFO [047_Bach_FrenchSuite_No5_Gavotte_B1-18_page_0]       StepMonitoring.java:98   | HEADS
2025-12-26 13:02:23,404 INFO [047_Bach_FrenchSuite_No5_Gavotte_B1-18_page_0]        HeadSeedTally.java:235  | Scale information: HeadSeeds{NOTEHEAD_VOID[L:0.0] NOTEHEAD_BLACK[L:0.1,R:0.5]}
2025-12-26 13:02:23,405 INFO [047_Bach_FrenchSuite_No5_Gavotte_B1-18_page_0]       StepMonitoring.java:98   | STEMS
2025-12-26 13:02:24,221 INFO [047_Bach_FrenchSuite_No5_Gavotte_B1-18_page_0]       StepMonitoring.java:98   | REDUCTION
2025-12-26 13:02:24,412 INFO [047_Bach_FrenchSuite_No5_Gavotte_B1-18_page_0]        ReductionStep.java:105  | Stems free length median value: 48 pixels, 3.4 interlines
2025-12-26 13:02:24,420 INFO [047_Bach_FrenchSuite_No5_Gavotte_B1-18_page_0]       StepMonitoring.java:98   | CUE_BEAMS
2025-12-26 13:02:24,420 INFO [047_Bach_FrenchSuite_No5_Gavotte_B1-18_page_0]         CueBeamsStep.java:81   | Step CUE_BEAMS is skipped because small heads switch is off
2025-12-26 13:02:24,421 INFO [047_Bach_FrenchSuite_No5_Gavotte_B1-18_page_0]       StepMonitoring.java:98   | TEXTS
2025-12-26 13:02:24,530 WARN [047_Bach_FrenchSuite_No5_Gavotte_B1-18_page_0]         TesseractOCR.java:335  | The collection of supported languages is empty
2025-12-26 13:02:24,531 INFO [047_Bach_FrenchSuite_No5_Gavotte_B1-18_page_0]              OcrUtil.java:106  | Missing support for 'eng' language(s)
2025-12-26 13:02:24,544 INFO [047_Bach_FrenchSuite_No5_Gavotte_B1-18_page_0]       StepMonitoring.java:98   | MEASURES
2025-12-26 13:02:24,558 INFO [047_Bach_FrenchSuite_No5_Gavotte_B1-18_page_0]                 Page.java:307  | 25 raw measures: [4 in system#1, 4 in system#2, 4 in system#3, 4 in system#4, 4 in system#5, 5 in system#6]
2025-12-26 13:02:24,558 INFO [047_Bach_FrenchSuite_No5_Gavotte_B1-18_page_0]       StepMonitoring.java:98   | CHORDS
2025-12-26 13:02:24,587 INFO [047_Bach_FrenchSuite_No5_Gavotte_B1-18_page_0]       StepMonitoring.java:98   | CURVES
2025-12-26 13:02:25,360 INFO [047_Bach_FrenchSuite_No5_Gavotte_B1-18_page_0]         SlursBuilder.java:240  | Slurs: 1
2025-12-26 13:02:25,390 INFO [047_Bach_FrenchSuite_No5_Gavotte_B1-18_page_0]      SegmentsBuilder.java:155  | Segments: 9
2025-12-26 13:02:25,399 INFO [047_Bach_FrenchSuite_No5_Gavotte_B1-18_page_0]       StepMonitoring.java:98   | SYMBOLS
2025-12-26 13:02:25,608 INFO [047_Bach_FrenchSuite_No5_Gavotte_B1-18_page_0]       StepMonitoring.java:98   | LINKS
2025-12-26 13:02:25,661 INFO [047_Bach_FrenchSuite_No5_Gavotte_B1-18_page_0]       StepMonitoring.java:98   | RHYTHMS
2025-12-26 13:02:25,778 INFO [047_Bach_FrenchSuite_No5_Gavotte_B1-18_page_0]       StepMonitoring.java:98   | PAGE
2025-12-26 13:02:25,791 INFO [047_Bach_FrenchSuite_No5_Gavotte_B1-18_page_0]                 Book.java:2596 | Book{047_Bach_FrenchSuite_No5_Gavotte_B1-18_page_0} storing
2025-12-26 13:02:25,840 INFO [047_Bach_FrenchSuite_No5_Gavotte_B1-18_page_0]                 Book.java:2577 | Stored /book.xml
2025-12-26 13:02:25,930 INFO [047_Bach_FrenchSuite_No5_Gavotte_B1-18_page_0]           DataHolder.java:348  | Stored /sheet#1/BINARY.png
2025-12-26 13:02:26,791 INFO [047_Bach_FrenchSuite_No5_Gavotte_B1-18_page_0]                Sheet.java:1583 | Stored /sheet#1/sheet#1.xml
2025-12-26 13:02:26,791 INFO [047_Bach_FrenchSuite_No5_Gavotte_B1-18_page_0]                 Book.java:2537 | Book stored as C:\Users\Elliot\Downloads\Audiveris\scores\047_Bach_FrenchSuite_No5_Gavotte_B1-18_page_0.omr
2025-12-26 13:02:26,794 INFO [047_Bach_FrenchSuite_No5_Gavotte_B1-18_page_0]            SheetStub.java:1660 | Disposed sheet
2025-12-26 13:02:26,830 INFO [047_Bach_FrenchSuite_No5_Gavotte_B1-18_page_0]                 Book.java:2064 | End of Stub#1
2025-12-26 13:02:26,830 INFO [047_Bach_FrenchSuite_No5_Gavotte_B1-18_page_0]                 Book.java:2071 | Book processed.
2025-12-26 13:02:27,226 INFO [047_Bach_FrenchSuite_No5_Gavotte_B1-18_page_0]            SheetStub.java:997  | Loaded /sheet#1/sheet#1.xml
2025-12-26 13:02:27,673 INFO [047_Bach_FrenchSuite_No5_Gavotte_B1-18_page_0]      PartwiseBuilder.java:2688 | Exporting sheet(s): [#1]
2025-12-26 13:02:27,792 INFO [047_Bach_FrenchSuite_No5_Gavotte_B1-18_page_0]        ScoreExporter.java:164  | Score 047_Bach_FrenchSuite_No5_Gavotte_B1-18_page_0 exported to C:\Users\Elliot\Downloads\Audiveris\scores\047_Bach_FrenchSuite_No5_Gavotte_B1-18_page_0.mxl
2025-12-26 13:02:27,839 INFO [047_Bach_FrenchSuite_No5_Gavotte_B1-18_page_0]                Score.java:181  | Closing {Score 1}
