2025-12-26 13:02:30,376 INFO [048_Bach_EnglishSuite_No2_Prelude_B1-19_page_0]                 Book.java:560  | 1 sheet in C:\Users\Elliot\Downloads\Audiveris\scores\048_Bach_EnglishSuite_No2_Prelude_B1-19_page_0.jpg
2025-12-26 13:02:30,527 INFO []                 Book.java:2577 | Stored /book.xml
2025-12-26 13:02:30,527 INFO []                 Book.java:2537 | Book stored as C:\Users\Elliot\Downloads\Audiveris\scores\048_Bach_EnglishSuite_No2_Prelude_B1-19_page_0.omr
2025-12-26 13:02:30,534 INFO []                 Book.java:1929 | Book reaching PAGE on sheets:[#1]
2025-12-26 13:02:30,544 INFO [048_Bach_EnglishSuite_No2_Prelude_B1-19_page_0]       StepMonitoring.java:98   | LOAD
2025-12-26 13:02:30,781 INFO [048_Bach_EnglishSuite_No2_Prelude_B1-19_page_0]            SheetStub.java:1273 | Loaded image #1 1653x2339 from C:\Users\Elliot\Downloads\Audiveris\scores\048_Bach_EnglishSuite_No2_Prelude_B1-19_page_0.jpg
2025-12-26 13:02:30,786 INFO [048_Bach_EnglishSuite_No2_Prelude_B1-19_page_0]            ImageUtil.java:124  | Converting max RGB to gray
2025-12-26 13:02:30,975 INFO [048_Bach_EnglishSuite_No2_Prelude_B1-19_page_0]       StepMonitoring.java:98   | BINARY
2025-12-26 13:02:31,373 INFO [048_Bach_EnglishSuite_No2_Prelude_B1-19_page_0]       StepMonitoring.java:98   | SCALE
2025-12-26 13:02:31,401 INFO [048_Bach_EnglishSuite_No2_Prelude_B1-19_page_0]         ScaleBuilder.java:241  | Beam  guessed height:  6 -- 0.50 of 12 interline
2025-12-26 13:02:31,402 INFO [048_Bach_EnglishSuite_No2_Prelude_B1-19_page_0]         ScaleBuilder.java:264  | Beam measured height:  8 -- 0.50 of [4..12] range at 789% of needed quorum
2025-12-26 13:02:31,403 INFO [048_Bach_EnglishSuite_No2_Prelude_B1-19_page_0]            ScaleStep.java:65   | Scale{ interline(13,14,14) line(1,1,2) beam(8)}
2025-12-26 13:02:31,404 INFO [048_Bach_EnglishSuite_No2_Prelude_B1-19_page_0]       StepMonitoring.java:98   | GRID
2025-12-26 13:02:31,853 INFO [048_Bach_EnglishSuite_No2_Prelude_B1-19_page_0]       LinesRetriever.java:1500 | Global slope: 0.00000
2025-12-26 13:02:31,904 INFO [048_Bach_EnglishSuite_No2_Prelude_B1-19_page_0]    ClustersRetriever.java:326  | Retrieved raw line clusters: 12 of sizes [5] with interline(13,14,14)
2025-12-26 13:02:32,059 INFO [048_Bach_EnglishSuite_No2_Prelude_B1-19_page_0]            PeakGraph.java:310  | Systems: #1[1, 2] #2[3, 4] #3[5, 6] #4[7, 8] #5[9, 10] #6[11, 12]
2025-12-26 13:02:32,329 INFO [048_Bach_EnglishSuite_No2_Prelude_B1-19_page_0]        SystemManager.java:779  | 1 part along 6 systems
2025-12-26 13:02:32,330 INFO [048_Bach_EnglishSuite_No2_Prelude_B1-19_page_0]                 Book.java:543  | Created scores: [{Score 1}]
2025-12-26 13:02:32,330 INFO [048_Bach_EnglishSuite_No2_Prelude_B1-19_page_0]       StepMonitoring.java:98   | HEADERS
2025-12-26 13:02:32,742 INFO [048_Bach_EnglishSuite_No2_Prelude_B1-19_page_0]      BasicClassifier.java:286  | Classifier loaded XML norms.
2025-12-26 13:02:32,746 INFO [048_Bach_EnglishSuite_No2_Prelude_B1-19_page_0]   AbstractClassifier.java:396  | Classifier data loaded from default uri jar:file:/C:/Users/Elliot/Downloads/Audiveris/app/audiveris.jar!/res/basic-classifier.zip
2025-12-26 13:02:33,658 INFO [048_Bach_EnglishSuite_No2_Prelude_B1-19_page_0]       StepMonitoring.java:98   | STEM_SEEDS
2025-12-26 13:02:33,720 INFO [048_Bach_EnglishSuite_No2_Prelude_B1-19_page_0]        StemSeedsStep.java:86   | stem(2 max:2)
2025-12-26 13:02:33,797 INFO [048_Bach_EnglishSuite_No2_Prelude_B1-19_page_0]       StepMonitoring.java:98   | BEAMS
2025-12-26 13:02:35,817 INFO [048_Bach_EnglishSuite_No2_Prelude_B1-19_page_0]       StepMonitoring.java:98   | LEDGERS
2025-12-26 13:02:36,213 INFO [048_Bach_EnglishSuite_No2_Prelude_B1-19_page_0]       StepMonitoring.java:98   | HEADS
2025-12-26 13:02:39,804 INFO [048_Bach_EnglishSuite_No2_Prelude_B1-19_page_0]        HeadSeedTally.java:235  | Scale information: HeadSeeds{NOTEHEAD_BLACK[L:0.1,R:0.5]}
2025-12-26 13:02:39,806 INFO [048_Bach_EnglishSuite_No2_Prelude_B1-19_page_0]       StepMonitoring.java:98   | STEMS
2025-12-26 13:02:40,918 INFO [048_Bach_EnglishSuite_No2_Prelude_B1-19_page_0]       StepMonitoring.java:98   | REDUCTION
2025-12-26 13:02:41,141 INFO [048_Bach_EnglishSuite_No2_Prelude_B1-19_page_0]        ReductionStep.java:105  | Stems free length median value: 50 pixels, 3.6 interlines
2025-12-26 13:02:41,150 INFO [048_Bach_EnglishSuite_No2_Prelude_B1-19_page_0]       StepMonitoring.java:98   | CUE_BEAMS
2025-12-26 13:02:41,151 INFO [048_Bach_EnglishSuite_No2_Prelude_B1-19_page_0]         CueBeamsStep.java:81   | Step CUE_BEAMS is skipped because small heads switch is off
2025-12-26 13:02:41,152 INFO [048_Bach_EnglishSuite_No2_Prelude_B1-19_page_0]       StepMonitoring.java:98   | TEXTS
2025-12-26 13:02:41,337 WARN [048_Bach_EnglishSuite_No2_Prelude_B1-19_page_0]         TesseractOCR.java:335  | The collection of supported languages is empty
2025-12-26 13:02:41,338 INFO [048_Bach_EnglishSuite_No2_Prelude_B1-19_page_0]              OcrUtil.java:106  | Missing support for 'eng' language(s)
2025-12-26 13:02:41,355 INFO [048_Bach_EnglishSuite_No2_Prelude_B1-19_page_0]       StepMonitoring.java:98   | MEASURES
2025-12-26 13:02:41,373 INFO [048_Bach_EnglishSuite_No2_Prelude_B1-19_page_0]                 Page.java:307  | 19 raw measures: [3 in system#1, 3 in system#2, 3 in system#3, 3 in system#4, 3 in system#5, 4 in system#6]
2025-12-26 13:02:41,373 INFO [048_Bach_EnglishSuite_No2_Prelude_B1-19_page_0]       StepMonitoring.java:98   | CHORDS
2025-12-26 13:02:41,403 INFO [048_Bach_EnglishSuite_No2_Prelude_B1-19_page_0]       StepMonitoring.java:98   | CURVES
2025-12-26 13:02:42,360 INFO [048_Bach_EnglishSuite_No2_Prelude_B1-19_page_0]         SlursBuilder.java:240  | Slurs: 0
2025-12-26 13:02:42,371 INFO [048_Bach_EnglishSuite_No2_Prelude_B1-19_page_0]      SegmentsBuilder.java:155  | Segments: 3
2025-12-26 13:02:42,378 INFO [048_Bach_EnglishSuite_No2_Prelude_B1-19_page_0]       StepMonitoring.java:98   | SYMBOLS
2025-12-26 13:02:42,759 INFO [048_Bach_EnglishSuite_No2_Prelude_B1-19_page_0]       StepMonitoring.java:98   | LINKS
2025-12-26 13:02:42,767 INFO [048_Bach_EnglishSuite_No2_Prelude_B1-19_page_0]             KeyInter.java:1165 | No effective key before AlterInter#6524{(0.569) staff:1 NATURAL pitch:2.0}
2025-12-26 13:02:42,797 INFO [048_Bach_EnglishSuite_No2_Prelude_B1-19_page_0]             KeyInter.java:1165 | No effective key before AlterInter#6551{(0.800) staff:7 NATURAL pitch:1.0}
2025-12-26 13:02:42,817 INFO [048_Bach_EnglishSuite_No2_Prelude_B1-19_page_0]       StepMonitoring.java:98   | RHYTHMS
2025-12-26 13:02:42,944 INFO [048_Bach_EnglishSuite_No2_Prelude_B1-19_page_0]       StepMonitoring.java:98   | PAGE
2025-12-26 13:02:42,956 INFO [048_Bach_EnglishSuite_No2_Prelude_B1-19_page_0]                 Book.java:2596 | Book{048_Bach_EnglishSuite_No2_Prelude_B1-19_page_0} storing
2025-12-26 13:02:43,007 INFO [048_Bach_EnglishSuite_No2_Prelude_B1-19_page_0]                 Book.java:2577 | Stored /book.xml
2025-12-26 13:02:43,101 INFO [048_Bach_EnglishSuite_No2_Prelude_B1-19_page_0]           DataHolder.java:348  | Stored /sheet#1/BINARY.png
2025-12-26 13:02:44,366 INFO [048_Bach_EnglishSuite_No2_Prelude_B1-19_page_0]                Sheet.java:1583 | Stored /sheet#1/sheet#1.xml
2025-12-26 13:02:44,367 INFO [048_Bach_EnglishSuite_No2_Prelude_B1-19_page_0]                 Book.java:2537 | Book stored as C:\Users\Elliot\Downloads\Audiveris\scores\048_Bach_EnglishSuite_No2_Prelude_B1-19_page_0.omr
2025-12-26 13:02:44,372 INFO [048_Bach_EnglishSuite_No2_Prelude_B1-19_page_0]            SheetStub.java:1660 | Disposed sheet
2025-12-26 13:02:44,416 INFO [048_Bach_EnglishSuite_No2_Prelude_B1-19_page_0]                 Book.java:2064 | End of Stub#1
2025-12-26 13:02:44,416 INFO [048_Bach_EnglishSuite_No2_Prelude_B1-19_page_0]                 Book.java:2071 | Book processed.
2025-12-26 13:02:45,178 INFO [048_Bach_EnglishSuite_No2_Prelude_B1-19_page_0]            SheetStub.java:997  | Loaded /sheet#1/sheet#1.xml
2025-12-26 13:02:45,662 INFO [048_Bach_EnglishSuite_No2_Prelude_B1-19_page_0]      PartwiseBuilder.java:2688 | Exporting sheet(s): [#1]
2025-12-26 13:02:45,801 INFO [048_Bach_EnglishSuite_No2_Prelude_B1-19_page_0]        ScoreExporter.java:164  | Score 048_Bach_EnglishSuite_No2_Prelude_B1-19_page_0 exported to C:\Users\Elliot\Downloads\Audiveris\scores\048_Bach_EnglishSuite_No2_Prelude_B1-19_page_0.mxl
2025-12-26 13:02:45,850 INFO [048_Bach_EnglishSuite_No2_Prelude_B1-19_page_0]                Score.java:181  | Closing {Score 1}
