2025-12-26 13:02:48,296 INFO [049_Bach_Partita_No2-6_B1-22_page_0]                 Book.java:560  | 1 sheet in C:\Users\Elliot\Downloads\Audiveris\scores\049_Bach_Partita_No2-6_B1-22_page_0.jpg
2025-12-26 13:02:48,501 INFO []                 Book.java:2577 | Stored /book.xml
2025-12-26 13:02:48,502 INFO []                 Book.java:2537 | Book stored as C:\Users\Elliot\Downloads\Audiveris\scores\049_Bach_Partita_No2-6_B1-22_page_0.omr
2025-12-26 13:02:48,508 INFO []                 Book.java:1929 | Book reaching PAGE on sheets:[#1]
2025-12-26 13:02:48,514 INFO [049_Bach_Partita_No2-6_B1-22_page_0]       StepMonitoring.java:98   | LOAD
2025-12-26 13:02:48,687 INFO [049_Bach_Partita_No2-6_B1-22_page_0]            SheetStub.java:1273 | Loaded image #1 1653x2339 from C:\Users\Elliot\Downloads\Audiveris\scores\049_Bach_Partita_No2-6_B1-22_page_0.jpg
2025-12-26 13:02:48,693 INFO [049_Bach_Partita_No2-6_B1-22_page_0]            ImageUtil.java:124  | Converting max RGB to gray
2025-12-26 13:02:48,885 INFO [049_Bach_Partita_No2-6_B1-22_page_0]       StepMonitoring.java:98   | BINARY
2025-12-26 13:02:49,214 INFO [049_Bach_Partita_No2-6_B1-22_page_0]       StepMonitoring.java:98   | SCALE
2025-12-26 13:02:49,239 INFO [049_Bach_Partita_No2-6_B1-22_page_0]         ScaleBuilder.java:241  | Beam  guessed height:  6 -- 0.50 of 12 interline
2025-12-26 13:02:49,240 INFO [049_Bach_Partita_No2-6_B1-22_page_0]         ScaleBuilder.java:264  | Beam measured height:  7 -- 0.38 of [4..12] range at 680% of needed quorum
2025-12-26 13:02:49,241 INFO [049_Bach_Partita_No2-6_B1-22_page_0]            ScaleStep.java:65   | Scale{ interline(13,14,14) line(1,1,2) beam(7)}
2025-12-26 13:02:49,241 INFO [049_Bach_Partita_No2-6_B1-22_page_0]       StepMonitoring.java:98   | GRID
2025-12-26 13:02:49,629 INFO [049_Bach_Partita_No2-6_B1-22_page_0]       LinesRetriever.java:1500 | Global slope: 0.00000
2025-12-26 13:02:49,681 INFO [049_Bach_Partita_No2-6_B1-22_page_0]    ClustersRetriever.java:326  | Retrieved raw line clusters: 10 of sizes [5] with interline(13,14,14)
2025-12-26 13:02:49,816 INFO [049_Bach_Partita_No2-6_B1-22_page_0]            PeakGraph.java:310  | Systems: #1[1, 2] #2[3, 4] #3[5, 6] #4[7, 8] #5[9, 10]
2025-12-26 13:02:50,062 INFO [049_Bach_Partita_No2-6_B1-22_page_0]        SystemManager.java:779  | 1 part along 5 systems
2025-12-26 13:02:50,065 INFO [049_Bach_Partita_No2-6_B1-22_page_0]                 Book.java:543  | Created scores: [{Score 1}]
2025-12-26 13:02:50,066 INFO [049_Bach_Partita_No2-6_B1-22_page_0]       StepMonitoring.java:98   | HEADERS
2025-12-26 13:02:50,433 INFO [049_Bach_Partita_No2-6_B1-22_page_0]      BasicClassifier.java:286  | Classifier loaded XML norms.
2025-12-26 13:02:50,437 INFO [049_Bach_Partita_No2-6_B1-22_page_0]   AbstractClassifier.java:396  | Classifier data loaded from default uri jar:file:/C:/Users/Elliot/Downloads/Audiveris/app/audiveris.jar!/res/basic-classifier.zip
2025-12-26 13:02:51,478 INFO [049_Bach_Partita_No2-6_B1-22_page_0]       StepMonitoring.java:98   | STEM_SEEDS
2025-12-26 13:02:51,547 INFO [049_Bach_Partita_No2-6_B1-22_page_0]        StemSeedsStep.java:86   | stem(2 max:2)
2025-12-26 13:02:51,629 INFO [049_Bach_Partita_No2-6_B1-22_page_0]       StepMonitoring.java:98   | BEAMS
2025-12-26 13:02:53,377 INFO [049_Bach_Partita_No2-6_B1-22_page_0]       StepMonitoring.java:98   | LEDGERS
2025-12-26 13:02:53,714 INFO [049_Bach_Partita_No2-6_B1-22_page_0]       StepMonitoring.java:98   | HEADS
2025-12-26 13:02:56,940 INFO [049_Bach_Partita_No2-6_B1-22_page_0]        HeadSeedTally.java:235  | Scale information: HeadSeeds{NOTEHEAD_BLACK[L:0.1,R:0.5]}
2025-12-26 13:02:56,941 INFO [049_Bach_Partita_No2-6_B1-22_page_0]       StepMonitoring.java:98   | STEMS
2025-12-26 13:02:57,966 INFO [049_Bach_Partita_No2-6_B1-22_page_0]       StepMonitoring.java:98   | REDUCTION
2025-12-26 13:02:58,187 INFO [049_Bach_Partita_No2-6_B1-22_page_0]        ReductionStep.java:105  | Stems free length median value: 50 pixels, 3.6 interlines
2025-12-26 13:02:58,193 INFO [049_Bach_Partita_No2-6_B1-22_page_0]       StepMonitoring.java:98   | CUE_BEAMS
2025-12-26 13:02:58,194 INFO [049_Bach_Partita_No2-6_B1-22_page_0]         CueBeamsStep.java:81   | Step CUE_BEAMS is skipped because small heads switch is off
2025-12-26 13:02:58,194 INFO [049_Bach_Partita_No2-6_B1-22_page_0]       StepMonitoring.java:98   | TEXTS
2025-12-26 13:02:58,298 WARN [049_Bach_Partita_No2-6_B1-22_page_0]         TesseractOCR.java:335  | The collection of supported languages is empty
2025-12-26 13:02:58,299 INFO [049_Bach_Partita_No2-6_B1-22_page_0]              OcrUtil.java:106  | Missing support for 'eng' language(s)
2025-12-26 13:02:58,310 INFO [049_Bach_Partita_No2-6_B1-22_page_0]       StepMonitoring.java:98   | MEASURES
2025-12-26 13:02:58,318 INFO [049_Bach_Partita_No2-6_B1-22_page_0]                 Page.java:307  | 22 raw measures: [5 in system#1, 4 in system#2, 4 in system#3, 4 in system#4, 5 in system#5]
2025-12-26 13:02:58,319 INFO [049_Bach_Partita_No2-6_B1-22_page_0]       StepMonitoring.java:98   | CHORDS
2025-12-26 13:02:58,341 INFO [049_Bach_Partita_No2-6_B1-22_page_0]       StepMonitoring.java:98   | CURVES
2025-12-26 13:02:59,153 INFO [049_Bach_Partita_No2-6_B1-22_page_0]         SlursBuilder.java:240  | Slurs: 18
2025-12-26 13:02:59,165 INFO [049_Bach_Partita_No2-6_B1-22_page_0]      SegmentsBuilder.java:155  | Segments: 10
2025-12-26 13:02:59,172 INFO [049_Bach_Partita_No2-6_B1-22_page_0]       StepMonitoring.java:98   | SYMBOLS
2025-12-26 13:02:59,616 INFO [049_Bach_Partita_No2-6_B1-22_page_0]       StepMonitoring.java:98   | LINKS
2025-12-26 13:02:59,696 INFO [049_Bach_Partita_No2-6_B1-22_page_0]       StepMonitoring.java:98   | RHYTHMS
2025-12-26 13:02:59,767 INFO [049_Bach_Partita_No2-6_B1-22_page_0]                Voice.java:257  | Measure{#10} Voice{#3 excess:1/8} too long
2025-12-26 13:02:59,769 INFO [049_Bach_Partita_No2-6_B1-22_page_0]          StackRhythm.java:224  | S3 MeasureStack#10 no correct rhythm
2025-12-26 13:02:59,813 INFO [049_Bach_Partita_No2-6_B1-22_page_0]       StepMonitoring.java:98   | PAGE
2025-12-26 13:02:59,821 INFO [049_Bach_Partita_No2-6_B1-22_page_0]                Voice.java:257  | Measure{#10} Voice{#3 excess:1/8} too long
2025-12-26 13:02:59,826 INFO [049_Bach_Partita_No2-6_B1-22_page_0]                 Book.java:2596 | Book{049_Bach_Partita_No2-6_B1-22_page_0} storing
2025-12-26 13:02:59,879 INFO [049_Bach_Partita_No2-6_B1-22_page_0]                 Book.java:2577 | Stored /book.xml
2025-12-26 13:02:59,965 INFO [049_Bach_Partita_No2-6_B1-22_page_0]           DataHolder.java:348  | Stored /sheet#1/BINARY.png
2025-12-26 13:03:00,987 INFO [049_Bach_Partita_No2-6_B1-22_page_0]                Sheet.java:1583 | Stored /sheet#1/sheet#1.xml
2025-12-26 13:03:00,987 INFO [049_Bach_Partita_No2-6_B1-22_page_0]                 Book.java:2537 | Book stored as C:\Users\Elliot\Downloads\Audiveris\scores\049_Bach_Partita_No2-6_B1-22_page_0.omr
2025-12-26 13:03:00,994 INFO [049_Bach_Partita_No2-6_B1-22_page_0]            SheetStub.java:1660 | Disposed sheet
2025-12-26 13:03:01,051 INFO [049_Bach_Partita_No2-6_B1-22_page_0]                 Book.java:2064 | End of Stub#1
2025-12-26 13:03:01,053 INFO [049_Bach_Partita_No2-6_B1-22_page_0]                 Book.java:2071 | Book processed.
2025-12-26 13:03:01,521 INFO [049_Bach_Partita_No2-6_B1-22_page_0]            SheetStub.java:997  | Loaded /sheet#1/sheet#1.xml
2025-12-26 13:03:02,033 INFO [049_Bach_Partita_No2-6_B1-22_page_0]      PartwiseBuilder.java:2688 | Exporting sheet(s): [#1]
2025-12-26 13:03:02,185 INFO [049_Bach_Partita_No2-6_B1-22_page_0]        ScoreExporter.java:164  | Score 049_Bach_Partita_No2-6_B1-22_page_0 exported to C:\Users\Elliot\Downloads\Audiveris\scores\049_Bach_Partita_No2-6_B1-22_page_0.mxl
2025-12-26 13:03:02,234 INFO [049_Bach_Partita_No2-6_B1-22_page_0]                Score.java:181  | Closing {Score 1}
