2025-12-26 13:03:04,703 INFO [050_Bach_Partita_No4-2_B1-11_page_0]                 Book.java:560  | 1 sheet in C:\Users\Elliot\Downloads\Audiveris\scores\050_Bach_Partita_No4-2_B1-11_page_0.jpg
2025-12-26 13:03:04,910 INFO []                 Book.java:2577 | Stored /book.xml
2025-12-26 13:03:04,911 INFO []                 Book.java:2537 | Book stored as C:\Users\Elliot\Downloads\Audiveris\scores\050_Bach_Partita_No4-2_B1-11_page_0.omr
2025-12-26 13:03:04,917 INFO []                 Book.java:1929 | Book reaching PAGE on sheets:[#1]
2025-12-26 13:03:04,919 INFO [050_Bach_Partita_No4-2_B1-11_page_0]       StepMonitoring.java:98   | LOAD
2025-12-26 13:03:05,084 INFO [050_Bach_Partita_No4-2_B1-11_page_0]            SheetStub.java:1273 | Loaded image #1 1653x2339 from C:\Users\Elliot\Downloads\Audiveris\scores\050_Bach_Partita_No4-2_B1-11_page_0.jpg
2025-12-26 13:03:05,089 INFO [050_Bach_Partita_No4-2_B1-11_page_0]            ImageUtil.java:124  | Converting max RGB to gray
2025-12-26 13:03:05,314 INFO [050_Bach_Partita_No4-2_B1-11_page_0]       StepMonitoring.java:98   | BINARY
2025-12-26 13:03:05,719 INFO [050_Bach_Partita_No4-2_B1-11_page_0]       StepMonitoring.java:98   | SCALE
2025-12-26 13:03:05,745 INFO [050_Bach_Partita_No4-2_B1-11_page_0]         ScaleBuilder.java:241  | Beam  guessed height:  6 -- 0.50 of 12 interline
2025-12-26 13:03:05,746 INFO [050_Bach_Partita_No4-2_B1-11_page_0]         ScaleBuilder.java:264  | Beam measured height:  7 -- 0.38 of [4..12] range at 574% of needed quorum
2025-12-26 13:03:05,747 INFO [050_Bach_Partita_No4-2_B1-11_page_0]            ScaleStep.java:65   | Scale{ interline(13,14,14) line(1,1,3) beam(7)}
2025-12-26 13:03:05,749 INFO [050_Bach_Partita_No4-2_B1-11_page_0]       StepMonitoring.java:98   | GRID
2025-12-26 13:03:06,157 INFO [050_Bach_Partita_No4-2_B1-11_page_0]       LinesRetriever.java:1500 | Global slope: 0.00000
2025-12-26 13:03:06,228 INFO [050_Bach_Partita_No4-2_B1-11_page_0]    ClustersRetriever.java:326  | Retrieved raw line clusters: 10 of sizes [5] with interline(13,14,14)
2025-12-26 13:03:06,394 INFO [050_Bach_Partita_No4-2_B1-11_page_0]            PeakGraph.java:310  | Systems: #1[1, 2] #2[3, 4] #3[5, 6] #4[7, 8] #5[9, 10]
2025-12-26 13:03:06,815 INFO [050_Bach_Partita_No4-2_B1-11_page_0]        SystemManager.java:779  | 1 part along 5 systems
2025-12-26 13:03:06,816 INFO [050_Bach_Partita_No4-2_B1-11_page_0]                 Book.java:543  | Created scores: [{Score 1}]
2025-12-26 13:03:06,817 INFO [050_Bach_Partita_No4-2_B1-11_page_0]       StepMonitoring.java:98   | HEADERS
2025-12-26 13:03:07,208 INFO []      BasicClassifier.java:286  | Classifier loaded XML norms.
2025-12-26 13:03:07,213 INFO []   AbstractClassifier.java:396  | Classifier data loaded from default uri jar:file:/C:/Users/Elliot/Downloads/Audiveris/app/audiveris.jar!/res/basic-classifier.zip
2025-12-26 13:03:08,297 INFO [050_Bach_Partita_No4-2_B1-11_page_0]       StepMonitoring.java:98   | STEM_SEEDS
2025-12-26 13:03:08,372 INFO [050_Bach_Partita_No4-2_B1-11_page_0]        StemSeedsStep.java:86   | stem(2 max:2)
2025-12-26 13:03:08,427 INFO [050_Bach_Partita_No4-2_B1-11_page_0]       StepMonitoring.java:98   | BEAMS
2025-12-26 13:03:10,122 INFO [050_Bach_Partita_No4-2_B1-11_page_0]       StepMonitoring.java:98   | LEDGERS
2025-12-26 13:03:10,331 INFO [050_Bach_Partita_No4-2_B1-11_page_0]       StepMonitoring.java:98   | HEADS
2025-12-26 13:03:13,298 INFO [050_Bach_Partita_No4-2_B1-11_page_0]        HeadSeedTally.java:235  | Scale information: HeadSeeds{NOTEHEAD_VOID[L:-0.1] NOTEHEAD_BLACK[L:0.3,R:0.5]}
2025-12-26 13:03:13,299 INFO [050_Bach_Partita_No4-2_B1-11_page_0]       StepMonitoring.java:98   | STEMS
2025-12-26 13:03:14,084 INFO [050_Bach_Partita_No4-2_B1-11_page_0]       StepMonitoring.java:98   | REDUCTION
2025-12-26 13:03:14,285 INFO [050_Bach_Partita_No4-2_B1-11_page_0]        ReductionStep.java:105  | Stems free length median value: 49 pixels, 3.5 interlines
2025-12-26 13:03:14,293 INFO [050_Bach_Partita_No4-2_B1-11_page_0]       StepMonitoring.java:98   | CUE_BEAMS
2025-12-26 13:03:14,294 INFO [050_Bach_Partita_No4-2_B1-11_page_0]         CueBeamsStep.java:81   | Step CUE_BEAMS is skipped because small heads switch is off
2025-12-26 13:03:14,295 INFO [050_Bach_Partita_No4-2_B1-11_page_0]       StepMonitoring.java:98   | TEXTS
2025-12-26 13:03:14,448 WARN [050_Bach_Partita_No4-2_B1-11_page_0]         TesseractOCR.java:335  | The collection of supported languages is empty
2025-12-26 13:03:14,449 INFO [050_Bach_Partita_No4-2_B1-11_page_0]              OcrUtil.java:106  | Missing support for 'eng' language(s)
2025-12-26 13:03:14,464 INFO [050_Bach_Partita_No4-2_B1-11_page_0]       StepMonitoring.java:98   | MEASURES
2025-12-26 13:03:14,483 INFO [050_Bach_Partita_No4-2_B1-11_page_0]                 Page.java:307  | 12 raw measures: [3 in system#1, 2 in system#2, 3 in system#3, 2 in system#4, 2 in system#5]
2025-12-26 13:03:14,484 INFO [050_Bach_Partita_No4-2_B1-11_page_0]       StepMonitoring.java:98   | CHORDS
2025-12-26 13:03:14,519 INFO [050_Bach_Partita_No4-2_B1-11_page_0]       StepMonitoring.java:98   | CURVES
2025-12-26 13:03:15,242 INFO [050_Bach_Partita_No4-2_B1-11_page_0]         SlursBuilder.java:240  | Slurs: 29
2025-12-26 13:03:15,269 INFO [050_Bach_Partita_No4-2_B1-11_page_0]      SegmentsBuilder.java:155  | Segments: 12
2025-12-26 13:03:15,277 INFO [050_Bach_Partita_No4-2_B1-11_page_0]       StepMonitoring.java:98   | SYMBOLS
2025-12-26 13:03:15,562 INFO [050_Bach_Partita_No4-2_B1-11_page_0]       StepMonitoring.java:98   | LINKS
2025-12-26 13:03:15,661 INFO [050_Bach_Partita_No4-2_B1-11_page_0]       StepMonitoring.java:98   | RHYTHMS
2025-12-26 13:03:15,720 INFO [050_Bach_Partita_No4-2_B1-11_page_0]                Voice.java:257  | Measure{#3} Voice{#1 excess:7/16} too long
2025-12-26 13:03:15,722 INFO [050_Bach_Partita_No4-2_B1-11_page_0]                Voice.java:257  | Measure{#3} Voice{#7 excess:7/16} too long
2025-12-26 13:03:15,723 INFO [050_Bach_Partita_No4-2_B1-11_page_0]                Voice.java:257  | Measure{#3} Voice{#8 excess:7/16} too long
2025-12-26 13:03:15,725 INFO [050_Bach_Partita_No4-2_B1-11_page_0]          StackRhythm.java:224  | S1 MeasureStack#3 no correct rhythm
2025-12-26 13:03:15,766 INFO [050_Bach_Partita_No4-2_B1-11_page_0]        MeasureRhythm.java:1277 | Measure{#6} Time inconsistency in {3/8=[HeadChordInter#4593{(0.945/0.945) staff:5 slot#5 off:3/8 dur:1/16}], 1/2=[HeadChordInter#4634{(0.935/0.935) staff:6 slot#5 off:1/2 dur:1/4}]}
2025-12-26 13:03:15,767 INFO [050_Bach_Partita_No4-2_B1-11_page_0]        MeasureRhythm.java:1277 | Measure{#6} Time inconsistency in {1/2=[HeadChordInter#4595{(0.936/0.936) staff:5 slot#7 off:1/2 dur:1/16}], 5/8=[HeadChordInter#4636{(0.952/0.952) staff:6 slot#7 off:5/8 dur:1/8}]}
2025-12-26 13:03:15,781 INFO [050_Bach_Partita_No4-2_B1-11_page_0]        MeasureRhythm.java:1277 | Measure{#7} Time inconsistency in {7/16=[HeadChordInter#4606{(0.945/0.945) staff:5 slot#8 off:7/16 dur:1/16}], 1/2=[HeadChordInter#4644{(0.945/0.945) staff:6 slot#8 off:1/2 dur:1/8}]}
2025-12-26 13:03:15,782 INFO [050_Bach_Partita_No4-2_B1-11_page_0]        MeasureRhythm.java:1277 | Measure{#7} Time inconsistency in {9/16=[HeadChordInter#4608{(0.945/0.945) staff:5 slot#10 off:9/16 dur:1/16}], 5/8=[HeadChordInter#4646{(0.941/0.941) staff:6 slot#10 off:5/8 dur:1/8}]}
2025-12-26 13:03:15,825 INFO [050_Bach_Partita_No4-2_B1-11_page_0]        MeasureRhythm.java:1277 | Measure{#10} Time inconsistency in {7/16=[HeadChordInter#4680{(0.953/0.953) staff:7 slot#8 off:7/16 dur:1/16}], 1/2=[HeadChordInter#4705{(0.954/0.954) staff:8 slot#8 off:1/2 dur:1/8}]}
2025-12-26 13:03:15,826 INFO [050_Bach_Partita_No4-2_B1-11_page_0]        MeasureRhythm.java:1277 | Measure{#10} Time inconsistency in {9/16=[HeadChordInter#4683{(0.948/0.948) staff:7 slot#11 off:9/16 dur:1/16}], 5/8=[HeadChordInter#4707{(0.944/0.944) staff:8 slot#11 off:5/8 dur:1/8}]}
2025-12-26 13:03:15,851 INFO [050_Bach_Partita_No4-2_B1-11_page_0]       StepMonitoring.java:98   | PAGE
2025-12-26 13:03:15,861 INFO [050_Bach_Partita_No4-2_B1-11_page_0]                Voice.java:257  | Measure{#3} Voice{#1 excess:7/16} too long
2025-12-26 13:03:15,862 INFO [050_Bach_Partita_No4-2_B1-11_page_0]                Voice.java:257  | Measure{#3} Voice{#7 excess:7/16} too long
2025-12-26 13:03:15,862 INFO [050_Bach_Partita_No4-2_B1-11_page_0]                Voice.java:257  | Measure{#3} Voice{#8 excess:7/16} too long
2025-12-26 13:03:15,870 INFO [050_Bach_Partita_No4-2_B1-11_page_0]                 Book.java:2596 | Book{050_Bach_Partita_No4-2_B1-11_page_0} storing
2025-12-26 13:03:15,927 INFO [050_Bach_Partita_No4-2_B1-11_page_0]                 Book.java:2577 | Stored /book.xml
2025-12-26 13:03:16,038 INFO [050_Bach_Partita_No4-2_B1-11_page_0]           DataHolder.java:348  | Stored /sheet#1/BINARY.png
2025-12-26 13:03:17,250 INFO [050_Bach_Partita_No4-2_B1-11_page_0]                Sheet.java:1583 | Stored /sheet#1/sheet#1.xml
2025-12-26 13:03:17,251 INFO [050_Bach_Partita_No4-2_B1-11_page_0]                 Book.java:2537 | Book stored as C:\Users\Elliot\Downloads\Audiveris\scores\050_Bach_Partita_No4-2_B1-11_page_0.omr
2025-12-26 13:03:17,256 INFO [050_Bach_Partita_No4-2_B1-11_page_0]            SheetStub.java:1660 | Disposed sheet
2025-12-26 13:03:17,297 INFO [050_Bach_Partita_No4-2_B1-11_page_0]                 Book.java:2064 | End of Stub#1
2025-12-26 13:03:17,298 INFO [050_Bach_Partita_No4-2_B1-11_page_0]                 Book.java:2071 | Book processed.
2025-12-26 13:03:17,824 INFO [050_Bach_Partita_No4-2_B1-11_page_0]            SheetStub.java:997  | Loaded /sheet#1/sheet#1.xml
2025-12-26 13:03:18,528 INFO [050_Bach_Partita_No4-2_B1-11_page_0]      PartwiseBuilder.java:2688 | Exporting sheet(s): [#1]
2025-12-26 13:03:18,783 INFO [050_Bach_Partita_No4-2_B1-11_page_0]        ScoreExporter.java:164  | Score 050_Bach_Partita_No4-2_B1-11_page_0 exported to C:\Users\Elliot\Downloads\Audiveris\scores\050_Bach_Partita_No4-2_B1-11_page_0.mxl
2025-12-26 13:03:18,839 INFO [050_Bach_Partita_No4-2_B1-11_page_0]                Score.java:181  | Closing {Score 1}
