2025-12-26 13:03:21,169 INFO [051_Mozart_PSon_K279_C_i_B31-45_page_0]                 Book.java:560  | 1 sheet in C:\Users\Elliot\Downloads\Audiveris\scores\051_Mozart_PSon_K279_C_i_B31-45_page_0.jpg
2025-12-26 13:03:21,356 INFO []                 Book.java:2577 | Stored /book.xml
2025-12-26 13:03:21,357 INFO []                 Book.java:2537 | Book stored as C:\Users\Elliot\Downloads\Audiveris\scores\051_Mozart_PSon_K279_C_i_B31-45_page_0.omr
2025-12-26 13:03:21,361 INFO []                 Book.java:1929 | Book reaching PAGE on sheets:[#1]
2025-12-26 13:03:21,367 INFO [051_Mozart_PSon_K279_C_i_B31-45_page_0]       StepMonitoring.java:98   | LOAD
2025-12-26 13:03:21,511 INFO [051_Mozart_PSon_K279_C_i_B31-45_page_0]            SheetStub.java:1273 | Loaded image #1 1653x2339 from C:\Users\Elliot\Downloads\Audiveris\scores\051_Mozart_PSon_K279_C_i_B31-45_page_0.jpg
2025-12-26 13:03:21,514 INFO [051_Mozart_PSon_K279_C_i_B31-45_page_0]            ImageUtil.java:124  | Converting max RGB to gray
2025-12-26 13:03:21,662 INFO [051_Mozart_PSon_K279_C_i_B31-45_page_0]       StepMonitoring.java:98   | BINARY
2025-12-26 13:03:22,003 INFO [051_Mozart_PSon_K279_C_i_B31-45_page_0]       StepMonitoring.java:98   | SCALE
2025-12-26 13:03:22,037 INFO [051_Mozart_PSon_K279_C_i_B31-45_page_0]         ScaleBuilder.java:241  | Beam  guessed height:  5 -- 0.50 of 10 interline
2025-12-26 13:03:22,037 INFO [051_Mozart_PSon_K279_C_i_B31-45_page_0]         ScaleBuilder.java:264  | Beam measured height:  6 -- 0.43 of [3..10] range at 667% of needed quorum
2025-12-26 13:03:22,038 INFO [051_Mozart_PSon_K279_C_i_B31-45_page_0]            ScaleStep.java:65   | Scale{ interline(11,12,12) line(1,1,2) beam(6)}
2025-12-26 13:03:22,039 INFO [051_Mozart_PSon_K279_C_i_B31-45_page_0]       StepMonitoring.java:98   | GRID
2025-12-26 13:03:22,545 INFO [051_Mozart_PSon_K279_C_i_B31-45_page_0]       LinesRetriever.java:1500 | Global slope: 0.00000
2025-12-26 13:03:22,608 INFO [051_Mozart_PSon_K279_C_i_B31-45_page_0]    ClustersRetriever.java:326  | Retrieved raw line clusters: 10 of sizes [5] with interline(11,12,12)
2025-12-26 13:03:22,776 INFO [051_Mozart_PSon_K279_C_i_B31-45_page_0]            PeakGraph.java:310  | Systems: #1[1, 2] #2[3, 4] #3[5, 6] #4[7, 8] #5[9, 10]
2025-12-26 13:03:22,996 INFO [051_Mozart_PSon_K279_C_i_B31-45_page_0]        SystemManager.java:779  | 1 part along 5 systems
2025-12-26 13:03:22,997 INFO [051_Mozart_PSon_K279_C_i_B31-45_page_0]                 Book.java:543  | Created scores: [{Score 1}]
2025-12-26 13:03:22,998 INFO [051_Mozart_PSon_K279_C_i_B31-45_page_0]       StepMonitoring.java:98   | HEADERS
2025-12-26 13:03:23,310 INFO [051_Mozart_PSon_K279_C_i_B31-45_page_0]      BasicClassifier.java:286  | Classifier loaded XML norms.
2025-12-26 13:03:23,313 INFO [051_Mozart_PSon_K279_C_i_B31-45_page_0]   AbstractClassifier.java:396  | Classifier data loaded from default uri jar:file:/C:/Users/Elliot/Downloads/Audiveris/app/audiveris.jar!/res/basic-classifier.zip
2025-12-26 13:03:24,222 INFO [051_Mozart_PSon_K279_C_i_B31-45_page_0]       StepMonitoring.java:98   | STEM_SEEDS
2025-12-26 13:03:24,267 INFO [051_Mozart_PSon_K279_C_i_B31-45_page_0]        StemSeedsStep.java:86   | stem(2 max:3)
2025-12-26 13:03:24,344 INFO [051_Mozart_PSon_K279_C_i_B31-45_page_0]       StepMonitoring.java:98   | BEAMS
2025-12-26 13:03:25,638 INFO [051_Mozart_PSon_K279_C_i_B31-45_page_0]       StepMonitoring.java:98   | LEDGERS
2025-12-26 13:03:25,774 INFO [051_Mozart_PSon_K279_C_i_B31-45_page_0]       StepMonitoring.java:98   | HEADS
2025-12-26 13:03:27,949 INFO [051_Mozart_PSon_K279_C_i_B31-45_page_0]        HeadSeedTally.java:235  | Scale information: HeadSeeds{NOTEHEAD_VOID[L:0.0] NOTEHEAD_BLACK[L:-0.4,R:0.3]}
2025-12-26 13:03:27,949 INFO [051_Mozart_PSon_K279_C_i_B31-45_page_0]       StepMonitoring.java:98   | STEMS
2025-12-26 13:03:28,857 INFO [051_Mozart_PSon_K279_C_i_B31-45_page_0]       StepMonitoring.java:98   | REDUCTION
2025-12-26 13:03:29,089 INFO [051_Mozart_PSon_K279_C_i_B31-45_page_0]        ReductionStep.java:105  | Stems free length median value: 41 pixels, 3.4 interlines
2025-12-26 13:03:29,096 INFO [051_Mozart_PSon_K279_C_i_B31-45_page_0]       StepMonitoring.java:98   | CUE_BEAMS
2025-12-26 13:03:29,097 INFO [051_Mozart_PSon_K279_C_i_B31-45_page_0]         CueBeamsStep.java:81   | Step CUE_BEAMS is skipped because small heads switch is off
2025-12-26 13:03:29,097 INFO [051_Mozart_PSon_K279_C_i_B31-45_page_0]       StepMonitoring.java:98   | TEXTS
2025-12-26 13:03:29,192 WARN [051_Mozart_PSon_K279_C_i_B31-45_page_0]         TesseractOCR.java:335  | The collection of supported languages is empty
2025-12-26 13:03:29,193 INFO [051_Mozart_PSon_K279_C_i_B31-45_page_0]              OcrUtil.java:106  | Missing support for 'eng' language(s)
2025-12-26 13:03:29,205 INFO [051_Mozart_PSon_K279_C_i_B31-45_page_0]       StepMonitoring.java:98   | MEASURES
2025-12-26 13:03:29,218 INFO [051_Mozart_PSon_K279_C_i_B31-45_page_0]                 Page.java:307  | 15 raw measures: [3 in system#1, 3 in system#2, 3 in system#3, 3 in system#4, 3 in system#5]
2025-12-26 13:03:29,219 INFO [051_Mozart_PSon_K279_C_i_B31-45_page_0]       StepMonitoring.java:98   | CHORDS
2025-12-26 13:03:29,261 INFO [051_Mozart_PSon_K279_C_i_B31-45_page_0]       StepMonitoring.java:98   | CURVES
2025-12-26 13:03:30,057 INFO [051_Mozart_PSon_K279_C_i_B31-45_page_0]         SlursBuilder.java:240  | Slurs: 13
2025-12-26 13:03:30,070 INFO [051_Mozart_PSon_K279_C_i_B31-45_page_0]      SegmentsBuilder.java:155  | Segments: 6
2025-12-26 13:03:30,078 INFO [051_Mozart_PSon_K279_C_i_B31-45_page_0]       StepMonitoring.java:98   | SYMBOLS
2025-12-26 13:03:30,513 INFO [051_Mozart_PSon_K279_C_i_B31-45_page_0]       StepMonitoring.java:98   | LINKS
2025-12-26 13:03:30,548 INFO [051_Mozart_PSon_K279_C_i_B31-45_page_0]             KeyInter.java:1165 | No effective key before AlterInter#6313{(0.800) staff:3 NATURAL pitch:1.0}
2025-12-26 13:03:30,557 INFO [051_Mozart_PSon_K279_C_i_B31-45_page_0]             KeyInter.java:1165 | No effective key before AlterInter#6367{(0.737) staff:5 NATURAL pitch:5.0}
2025-12-26 13:03:30,564 INFO [051_Mozart_PSon_K279_C_i_B31-45_page_0]             KeyInter.java:1165 | No effective key before AlterInter#6389{(0.800) staff:7 NATURAL pitch:3.0}
2025-12-26 13:03:30,565 INFO [051_Mozart_PSon_K279_C_i_B31-45_page_0]             KeyInter.java:1165 | No effective key before AlterInter#6396{(0.800) staff:7 NATURAL pitch:0.0}
2025-12-26 13:03:30,565 INFO [051_Mozart_PSon_K279_C_i_B31-45_page_0]             KeyInter.java:1165 | No effective key before AlterInter#6390{(0.800) staff:8 NATURAL pitch:5.0}
2025-12-26 13:03:30,566 INFO [051_Mozart_PSon_K279_C_i_B31-45_page_0]             KeyInter.java:1165 | No effective key before AlterInter#6391{(0.798) staff:8 NATURAL pitch:-2.0}
2025-12-26 13:03:30,585 INFO [051_Mozart_PSon_K279_C_i_B31-45_page_0]       StepMonitoring.java:98   | RHYTHMS
2025-12-26 13:03:30,669 INFO [051_Mozart_PSon_K279_C_i_B31-45_page_0]        MeasureRhythm.java:1045 | Measure{#6} No timeOffset for HeadChordInter#5712{(0.966/0.966) staff:4 slot#2 dur:1/4}
2025-12-26 13:03:30,670 INFO [051_Mozart_PSon_K279_C_i_B31-45_page_0]   AbstractChordInter.java:627  | Measure{#6} No timeOffset for HeadChordInter#5712{(0.966/0.966) staff:4 slot#2 dur:1/4}
2025-12-26 13:03:30,670 INFO [051_Mozart_PSon_K279_C_i_B31-45_page_0]   AbstractChordInter.java:627  | Measure{#6} No timeOffset for HeadChordInter#5712{(0.966/0.966) staff:4 slot#2 dur:1/4}
2025-12-26 13:03:30,671 INFO [051_Mozart_PSon_K279_C_i_B31-45_page_0]   AbstractChordInter.java:627  | Measure{#6} No timeOffset for HeadChordInter#5712{(0.966/0.966) staff:4 slot#2 dur:1/4}
2025-12-26 13:03:30,671 INFO [051_Mozart_PSon_K279_C_i_B31-45_page_0]          StackRhythm.java:224  | S2 MeasureStack#6 no correct rhythm
2025-12-26 13:03:30,712 INFO [051_Mozart_PSon_K279_C_i_B31-45_page_0]       StepMonitoring.java:98   | PAGE
2025-12-26 13:03:30,720 INFO [051_Mozart_PSon_K279_C_i_B31-45_page_0]                 Book.java:2596 | Book{051_Mozart_PSon_K279_C_i_B31-45_page_0} storing
2025-12-26 13:03:30,768 INFO [051_Mozart_PSon_K279_C_i_B31-45_page_0]                 Book.java:2577 | Stored /book.xml
2025-12-26 13:03:30,862 INFO [051_Mozart_PSon_K279_C_i_B31-45_page_0]           DataHolder.java:348  | Stored /sheet#1/BINARY.png
2025-12-26 13:03:31,748 INFO [051_Mozart_PSon_K279_C_i_B31-45_page_0]                Sheet.java:1583 | Stored /sheet#1/sheet#1.xml
2025-12-26 13:03:31,749 INFO [051_Mozart_PSon_K279_C_i_B31-45_page_0]                 Book.java:2537 | Book stored as C:\Users\Elliot\Downloads\Audiveris\scores\051_Mozart_PSon_K279_C_i_B31-45_page_0.omr
2025-12-26 13:03:31,756 INFO [051_Mozart_PSon_K279_C_i_B31-45_page_0]            SheetStub.java:1660 | Disposed sheet
2025-12-26 13:03:31,813 INFO [051_Mozart_PSon_K279_C_i_B31-45_page_0]                 Book.java:2064 | End of Stub#1
2025-12-26 13:03:31,815 INFO [051_Mozart_PSon_K279_C_i_B31-45_page_0]                 Book.java:2071 | Book processed.
2025-12-26 13:03:32,293 INFO [051_Mozart_PSon_K279_C_i_B31-45_page_0]            SheetStub.java:997  | Loaded /sheet#1/sheet#1.xml
2025-12-26 13:03:32,787 INFO [051_Mozart_PSon_K279_C_i_B31-45_page_0]      PartwiseBuilder.java:2688 | Exporting sheet(s): [#1]
2025-12-26 13:03:32,933 INFO [051_Mozart_PSon_K279_C_i_B31-45_page_0]        ScoreExporter.java:164  | Score 051_Mozart_PSon_K279_C_i_B31-45_page_0 exported to C:\Users\Elliot\Downloads\Audiveris\scores\051_Mozart_PSon_K279_C_i_B31-45_page_0.mxl
2025-12-26 13:03:32,981 INFO [051_Mozart_PSon_K279_C_i_B31-45_page_0]                Score.java:181  | Closing {Score 1}
