2025-12-26 13:03:35,429 INFO [052_Mozart_PSon_K280_F_ii_B9-19_page_0]                 Book.java:560  | 1 sheet in C:\Users\Elliot\Downloads\Audiveris\scores\052_Mozart_PSon_K280_F_ii_B9-19_page_0.jpg
2025-12-26 13:03:35,589 INFO []                 Book.java:2577 | Stored /book.xml
2025-12-26 13:03:35,590 INFO []                 Book.java:2537 | Book stored as C:\Users\Elliot\Downloads\Audiveris\scores\052_Mozart_PSon_K280_F_ii_B9-19_page_0.omr
2025-12-26 13:03:35,598 INFO []                 Book.java:1929 | Book reaching PAGE on sheets:[#1]
2025-12-26 13:03:35,603 INFO [052_Mozart_PSon_K280_F_ii_B9-19_page_0]       StepMonitoring.java:98   | LOAD
2025-12-26 13:03:35,770 INFO [052_Mozart_PSon_K280_F_ii_B9-19_page_0]            SheetStub.java:1273 | Loaded image #1 1653x2339 from C:\Users\Elliot\Downloads\Audiveris\scores\052_Mozart_PSon_K280_F_ii_B9-19_page_0.jpg
2025-12-26 13:03:35,773 INFO [052_Mozart_PSon_K280_F_ii_B9-19_page_0]            ImageUtil.java:124  | Converting max RGB to gray
2025-12-26 13:03:35,952 INFO [052_Mozart_PSon_K280_F_ii_B9-19_page_0]       StepMonitoring.java:98   | BINARY
2025-12-26 13:03:36,275 INFO [052_Mozart_PSon_K280_F_ii_B9-19_page_0]       StepMonitoring.java:98   | SCALE
2025-12-26 13:03:36,322 INFO [052_Mozart_PSon_K280_F_ii_B9-19_page_0]         ScaleBuilder.java:241  | Beam  guessed height:  5 -- 0.50 of 10 interline
2025-12-26 13:03:36,325 INFO [052_Mozart_PSon_K280_F_ii_B9-19_page_0]         ScaleBuilder.java:264  | Beam measured height:  6 -- 0.43 of [3..10] range at 953% of needed quorum
2025-12-26 13:03:36,326 INFO [052_Mozart_PSon_K280_F_ii_B9-19_page_0]            ScaleStep.java:65   | Scale{ interline(11,12,12) line(1,1,3) beam(6)}
2025-12-26 13:03:36,328 INFO [052_Mozart_PSon_K280_F_ii_B9-19_page_0]       StepMonitoring.java:98   | GRID
2025-12-26 13:03:36,726 INFO [052_Mozart_PSon_K280_F_ii_B9-19_page_0]       LinesRetriever.java:1500 | Global slope: 0.00000
2025-12-26 13:03:36,769 INFO [052_Mozart_PSon_K280_F_ii_B9-19_page_0]    ClustersRetriever.java:326  | Retrieved raw line clusters: 8 of sizes [5] with interline(11,12,12)
2025-12-26 13:03:36,893 INFO [052_Mozart_PSon_K280_F_ii_B9-19_page_0]            PeakGraph.java:310  | Systems: #1[1, 2] #2[3, 4] #3[5, 6] #4[7, 8]
2025-12-26 13:03:37,167 INFO [052_Mozart_PSon_K280_F_ii_B9-19_page_0]        SystemManager.java:134  | Indentation detected for system #1
2025-12-26 13:03:37,169 INFO [052_Mozart_PSon_K280_F_ii_B9-19_page_0]        SystemManager.java:779  | 1 part along 4 systems
2025-12-26 13:03:37,170 INFO [052_Mozart_PSon_K280_F_ii_B9-19_page_0]                 Book.java:543  | Created scores: [{Score 1}]
2025-12-26 13:03:37,170 INFO [052_Mozart_PSon_K280_F_ii_B9-19_page_0]       StepMonitoring.java:98   | HEADERS
2025-12-26 13:03:37,545 INFO [052_Mozart_PSon_K280_F_ii_B9-19_page_0]      BasicClassifier.java:286  | Classifier loaded XML norms.
2025-12-26 13:03:37,549 INFO [052_Mozart_PSon_K280_F_ii_B9-19_page_0]   AbstractClassifier.java:396  | Classifier data loaded from default uri jar:file:/C:/Users/Elliot/Downloads/Audiveris/app/audiveris.jar!/res/basic-classifier.zip
2025-12-26 13:03:38,907 INFO [052_Mozart_PSon_K280_F_ii_B9-19_page_0]       StepMonitoring.java:98   | STEM_SEEDS
2025-12-26 13:03:38,964 INFO [052_Mozart_PSon_K280_F_ii_B9-19_page_0]        StemSeedsStep.java:86   | stem(2 max:3)
2025-12-26 13:03:39,004 INFO [052_Mozart_PSon_K280_F_ii_B9-19_page_0]       StepMonitoring.java:98   | BEAMS
2025-12-26 13:03:40,201 INFO [052_Mozart_PSon_K280_F_ii_B9-19_page_0]       StepMonitoring.java:98   | LEDGERS
2025-12-26 13:03:40,293 INFO [052_Mozart_PSon_K280_F_ii_B9-19_page_0]       StepMonitoring.java:98   | HEADS
2025-12-26 13:03:42,108 INFO [052_Mozart_PSon_K280_F_ii_B9-19_page_0]        HeadSeedTally.java:235  | Scale information: HeadSeeds{NOTEHEAD_BLACK[L:-0.3,R:0.3]}
2025-12-26 13:03:42,109 INFO [052_Mozart_PSon_K280_F_ii_B9-19_page_0]       StepMonitoring.java:98   | STEMS
2025-12-26 13:03:42,917 INFO [052_Mozart_PSon_K280_F_ii_B9-19_page_0]       StepMonitoring.java:98   | REDUCTION
2025-12-26 13:03:43,074 INFO [052_Mozart_PSon_K280_F_ii_B9-19_page_0]        ReductionStep.java:105  | Stems free length median value: 42 pixels, 3.5 interlines
2025-12-26 13:03:43,081 INFO [052_Mozart_PSon_K280_F_ii_B9-19_page_0]       StepMonitoring.java:98   | CUE_BEAMS
2025-12-26 13:03:43,082 INFO [052_Mozart_PSon_K280_F_ii_B9-19_page_0]         CueBeamsStep.java:81   | Step CUE_BEAMS is skipped because small heads switch is off
2025-12-26 13:03:43,083 INFO [052_Mozart_PSon_K280_F_ii_B9-19_page_0]       StepMonitoring.java:98   | TEXTS
2025-12-26 13:03:43,181 WARN [052_Mozart_PSon_K280_F_ii_B9-19_page_0]         TesseractOCR.java:335  | The collection of supported languages is empty
2025-12-26 13:03:43,182 INFO [052_Mozart_PSon_K280_F_ii_B9-19_page_0]              OcrUtil.java:106  | Missing support for 'eng' language(s)
2025-12-26 13:03:43,192 INFO [052_Mozart_PSon_K280_F_ii_B9-19_page_0]       StepMonitoring.java:98   | MEASURES
2025-12-26 13:03:43,208 INFO [052_Mozart_PSon_K280_F_ii_B9-19_page_0]                 Page.java:307  | 11 raw measures: [3 in system#1, 3 in system#2, 3 in system#3, 2 in system#4]
2025-12-26 13:03:43,209 INFO [052_Mozart_PSon_K280_F_ii_B9-19_page_0]       StepMonitoring.java:98   | CHORDS
2025-12-26 13:03:43,225 INFO [052_Mozart_PSon_K280_F_ii_B9-19_page_0]       StepMonitoring.java:98   | CURVES
2025-12-26 13:03:44,018 INFO [052_Mozart_PSon_K280_F_ii_B9-19_page_0]         SlursBuilder.java:240  | Slurs: 23
2025-12-26 13:03:44,029 INFO [052_Mozart_PSon_K280_F_ii_B9-19_page_0]      SegmentsBuilder.java:155  | Segments: 7
2025-12-26 13:03:44,035 INFO [052_Mozart_PSon_K280_F_ii_B9-19_page_0]       StepMonitoring.java:98   | SYMBOLS
2025-12-26 13:03:44,343 INFO [052_Mozart_PSon_K280_F_ii_B9-19_page_0]       StepMonitoring.java:98   | LINKS
2025-12-26 13:03:44,406 INFO [052_Mozart_PSon_K280_F_ii_B9-19_page_0]       StepMonitoring.java:98   | RHYTHMS
2025-12-26 13:03:44,505 INFO [052_Mozart_PSon_K280_F_ii_B9-19_page_0]       StepMonitoring.java:98   | PAGE
2025-12-26 13:03:44,516 INFO [052_Mozart_PSon_K280_F_ii_B9-19_page_0]                 Book.java:2596 | Book{052_Mozart_PSon_K280_F_ii_B9-19_page_0} storing
2025-12-26 13:03:44,570 INFO [052_Mozart_PSon_K280_F_ii_B9-19_page_0]                 Book.java:2577 | Stored /book.xml
2025-12-26 13:03:44,701 INFO [052_Mozart_PSon_K280_F_ii_B9-19_page_0]           DataHolder.java:348  | Stored /sheet#1/BINARY.png
2025-12-26 13:03:45,640 INFO [052_Mozart_PSon_K280_F_ii_B9-19_page_0]                Sheet.java:1583 | Stored /sheet#1/sheet#1.xml
2025-12-26 13:03:45,641 INFO [052_Mozart_PSon_K280_F_ii_B9-19_page_0]                 Book.java:2537 | Book stored as C:\Users\Elliot\Downloads\Audiveris\scores\052_Mozart_PSon_K280_F_ii_B9-19_page_0.omr
2025-12-26 13:03:45,647 INFO [052_Mozart_PSon_K280_F_ii_B9-19_page_0]            SheetStub.java:1660 | Disposed sheet
2025-12-26 13:03:45,698 INFO [052_Mozart_PSon_K280_F_ii_B9-19_page_0]                 Book.java:2064 | End of Stub#1
2025-12-26 13:03:45,700 INFO [052_Mozart_PSon_K280_F_ii_B9-19_page_0]                 Book.java:2071 | Book processed.
2025-12-26 13:03:46,203 INFO [052_Mozart_PSon_K280_F_ii_B9-19_page_0]            SheetStub.java:997  | Loaded /sheet#1/sheet#1.xml
2025-12-26 13:03:46,842 INFO [052_Mozart_PSon_K280_F_ii_B9-19_page_0]      PartwiseBuilder.java:2688 | Exporting sheet(s): [#1]
2025-12-26 13:03:46,955 INFO [052_Mozart_PSon_K280_F_ii_B9-19_page_0]        ScoreExporter.java:164  | Score 052_Mozart_PSon_K280_F_ii_B9-19_page_0 exported to C:\Users\Elliot\Downloads\Audiveris\scores\052_Mozart_PSon_K280_F_ii_B9-19_page_0.mxl
2025-12-26 13:03:47,002 INFO [052_Mozart_PSon_K280_F_ii_B9-19_page_0]                Score.java:181  | Closing {Score 1}
