2025-12-26 13:03:49,036 INFO [053_Mozart_PSon_K281_Bb_i_B8-21_page_0]                 Book.java:560  | 1 sheet in C:\Users\Elliot\Downloads\Audiveris\scores\053_Mozart_PSon_K281_Bb_i_B8-21_page_0.jpg
2025-12-26 13:03:49,206 INFO []                 Book.java:2577 | Stored /book.xml
2025-12-26 13:03:49,207 INFO []                 Book.java:2537 | Book stored as C:\Users\Elliot\Downloads\Audiveris\scores\053_Mozart_PSon_K281_Bb_i_B8-21_page_0.omr
2025-12-26 13:03:49,214 INFO []                 Book.java:1929 | Book reaching PAGE on sheets:[#1]
2025-12-26 13:03:49,219 INFO [053_Mozart_PSon_K281_Bb_i_B8-21_page_0]       StepMonitoring.java:98   | LOAD
2025-12-26 13:03:49,343 INFO [053_Mozart_PSon_K281_Bb_i_B8-21_page_0]            SheetStub.java:1273 | Loaded image #1 1653x2339 from C:\Users\Elliot\Downloads\Audiveris\scores\053_Mozart_PSon_K281_Bb_i_B8-21_page_0.jpg
2025-12-26 13:03:49,346 INFO [053_Mozart_PSon_K281_Bb_i_B8-21_page_0]            ImageUtil.java:124  | Converting max RGB to gray
2025-12-26 13:03:49,538 INFO [053_Mozart_PSon_K281_Bb_i_B8-21_page_0]       StepMonitoring.java:98   | BINARY
2025-12-26 13:03:49,851 INFO [053_Mozart_PSon_K281_Bb_i_B8-21_page_0]       StepMonitoring.java:98   | SCALE
2025-12-26 13:03:49,876 INFO [053_Mozart_PSon_K281_Bb_i_B8-21_page_0]         ScaleBuilder.java:241  | Beam  guessed height:  5 -- 0.50 of 10 interline
2025-12-26 13:03:49,878 INFO [053_Mozart_PSon_K281_Bb_i_B8-21_page_0]         ScaleBuilder.java:264  | Beam measured height:  6 -- 0.43 of [3..10] range at 1178% of needed quorum
2025-12-26 13:03:49,879 INFO [053_Mozart_PSon_K281_Bb_i_B8-21_page_0]            ScaleStep.java:65   | Scale{ interline(11,12,12) line(1,1,3) beam(6)}
2025-12-26 13:03:49,880 INFO [053_Mozart_PSon_K281_Bb_i_B8-21_page_0]       StepMonitoring.java:98   | GRID
2025-12-26 13:03:50,318 INFO [053_Mozart_PSon_K281_Bb_i_B8-21_page_0]       LinesRetriever.java:1500 | Global slope: 0.00000
2025-12-26 13:03:50,383 INFO [053_Mozart_PSon_K281_Bb_i_B8-21_page_0]    ClustersRetriever.java:326  | Retrieved raw line clusters: 10 of sizes [5] with interline(11,12,12)
2025-12-26 13:03:50,506 INFO [053_Mozart_PSon_K281_Bb_i_B8-21_page_0]            PeakGraph.java:310  | Systems: #1[1, 2] #2[3, 4] #3[5, 6] #4[7, 8] #5[9, 10]
2025-12-26 13:03:50,747 INFO [053_Mozart_PSon_K281_Bb_i_B8-21_page_0]        SystemManager.java:134  | Indentation detected for system #1
2025-12-26 13:03:50,748 INFO [053_Mozart_PSon_K281_Bb_i_B8-21_page_0]        SystemManager.java:779  | 1 part along 5 systems
2025-12-26 13:03:50,749 INFO [053_Mozart_PSon_K281_Bb_i_B8-21_page_0]                 Book.java:543  | Created scores: [{Score 1}]
2025-12-26 13:03:50,750 INFO [053_Mozart_PSon_K281_Bb_i_B8-21_page_0]       StepMonitoring.java:98   | HEADERS
2025-12-26 13:03:51,082 INFO [053_Mozart_PSon_K281_Bb_i_B8-21_page_0]      BasicClassifier.java:286  | Classifier loaded XML norms.
2025-12-26 13:03:51,086 INFO [053_Mozart_PSon_K281_Bb_i_B8-21_page_0]   AbstractClassifier.java:396  | Classifier data loaded from default uri jar:file:/C:/Users/Elliot/Downloads/Audiveris/app/audiveris.jar!/res/basic-classifier.zip
2025-12-26 13:03:52,042 INFO [053_Mozart_PSon_K281_Bb_i_B8-21_page_0]       StepMonitoring.java:98   | STEM_SEEDS
2025-12-26 13:03:52,076 INFO [053_Mozart_PSon_K281_Bb_i_B8-21_page_0]        StemSeedsStep.java:86   | stem(2 max:3)
2025-12-26 13:03:52,122 INFO [053_Mozart_PSon_K281_Bb_i_B8-21_page_0]       StepMonitoring.java:98   | BEAMS
2025-12-26 13:03:53,273 INFO [053_Mozart_PSon_K281_Bb_i_B8-21_page_0]       StepMonitoring.java:98   | LEDGERS
2025-12-26 13:03:53,478 INFO [053_Mozart_PSon_K281_Bb_i_B8-21_page_0]       StepMonitoring.java:98   | HEADS
2025-12-26 13:03:55,487 INFO [053_Mozart_PSon_K281_Bb_i_B8-21_page_0]        HeadSeedTally.java:235  | Scale information: HeadSeeds{NOTEHEAD_BLACK[L:-0.4,R:0.3]}
2025-12-26 13:03:55,488 INFO [053_Mozart_PSon_K281_Bb_i_B8-21_page_0]       StepMonitoring.java:98   | STEMS
2025-12-26 13:03:56,372 INFO [053_Mozart_PSon_K281_Bb_i_B8-21_page_0]       StepMonitoring.java:98   | REDUCTION
2025-12-26 13:03:56,595 INFO [053_Mozart_PSon_K281_Bb_i_B8-21_page_0]        ReductionStep.java:105  | Stems free length median value: 42 pixels, 3.5 interlines
2025-12-26 13:03:56,601 INFO [053_Mozart_PSon_K281_Bb_i_B8-21_page_0]       StepMonitoring.java:98   | CUE_BEAMS
2025-12-26 13:03:56,601 INFO [053_Mozart_PSon_K281_Bb_i_B8-21_page_0]         CueBeamsStep.java:81   | Step CUE_BEAMS is skipped because small heads switch is off
2025-12-26 13:03:56,602 INFO [053_Mozart_PSon_K281_Bb_i_B8-21_page_0]       StepMonitoring.java:98   | TEXTS
2025-12-26 13:03:56,699 WARN [053_Mozart_PSon_K281_Bb_i_B8-21_page_0]         TesseractOCR.java:335  | The collection of supported languages is empty
2025-12-26 13:03:56,700 INFO [053_Mozart_PSon_K281_Bb_i_B8-21_page_0]              OcrUtil.java:106  | Missing support for 'eng' language(s)
2025-12-26 13:03:56,709 INFO [053_Mozart_PSon_K281_Bb_i_B8-21_page_0]       StepMonitoring.java:98   | MEASURES
2025-12-26 13:03:56,721 INFO [053_Mozart_PSon_K281_Bb_i_B8-21_page_0]                 Page.java:307  | 14 raw measures: [3 in system#1, 2 in system#2, 2 in system#3, 3 in system#4, 4 in system#5]
2025-12-26 13:03:56,722 INFO [053_Mozart_PSon_K281_Bb_i_B8-21_page_0]       StepMonitoring.java:98   | CHORDS
2025-12-26 13:03:56,743 INFO [053_Mozart_PSon_K281_Bb_i_B8-21_page_0]       StepMonitoring.java:98   | CURVES
2025-12-26 13:03:57,615 INFO [053_Mozart_PSon_K281_Bb_i_B8-21_page_0]         SlursBuilder.java:240  | Slurs: 19
2025-12-26 13:03:57,623 INFO [053_Mozart_PSon_K281_Bb_i_B8-21_page_0]      SegmentsBuilder.java:155  | Segments: 0
2025-12-26 13:03:57,630 INFO [053_Mozart_PSon_K281_Bb_i_B8-21_page_0]       StepMonitoring.java:98   | SYMBOLS
2025-12-26 13:03:58,015 INFO [053_Mozart_PSon_K281_Bb_i_B8-21_page_0]       StepMonitoring.java:98   | LINKS
2025-12-26 13:03:58,127 INFO [053_Mozart_PSon_K281_Bb_i_B8-21_page_0]       StepMonitoring.java:98   | RHYTHMS
2025-12-26 13:03:58,224 INFO [053_Mozart_PSon_K281_Bb_i_B8-21_page_0]       StepMonitoring.java:98   | PAGE
2025-12-26 13:03:58,234 INFO [053_Mozart_PSon_K281_Bb_i_B8-21_page_0]                 Book.java:2596 | Book{053_Mozart_PSon_K281_Bb_i_B8-21_page_0} storing
2025-12-26 13:03:58,276 INFO [053_Mozart_PSon_K281_Bb_i_B8-21_page_0]                 Book.java:2577 | Stored /book.xml
2025-12-26 13:03:58,385 INFO [053_Mozart_PSon_K281_Bb_i_B8-21_page_0]           DataHolder.java:348  | Stored /sheet#1/BINARY.png
2025-12-26 13:03:59,518 INFO [053_Mozart_PSon_K281_Bb_i_B8-21_page_0]                Sheet.java:1583 | Stored /sheet#1/sheet#1.xml
2025-12-26 13:03:59,519 INFO [053_Mozart_PSon_K281_Bb_i_B8-21_page_0]                 Book.java:2537 | Book stored as C:\Users\Elliot\Downloads\Audiveris\scores\053_Mozart_PSon_K281_Bb_i_B8-21_page_0.omr
2025-12-26 13:03:59,525 INFO [053_Mozart_PSon_K281_Bb_i_B8-21_page_0]            SheetStub.java:1660 | Disposed sheet
2025-12-26 13:03:59,573 INFO [053_Mozart_PSon_K281_Bb_i_B8-21_page_0]                 Book.java:2064 | End of Stub#1
2025-12-26 13:03:59,575 INFO [053_Mozart_PSon_K281_Bb_i_B8-21_page_0]                 Book.java:2071 | Book processed.
2025-12-26 13:04:00,109 INFO [053_Mozart_PSon_K281_Bb_i_B8-21_page_0]            SheetStub.java:997  | Loaded /sheet#1/sheet#1.xml
2025-12-26 13:04:00,655 INFO [053_Mozart_PSon_K281_Bb_i_B8-21_page_0]      PartwiseBuilder.java:2688 | Exporting sheet(s): [#1]
2025-12-26 13:04:00,777 INFO [053_Mozart_PSon_K281_Bb_i_B8-21_page_0]        ScoreExporter.java:164  | Score 053_Mozart_PSon_K281_Bb_i_B8-21_page_0 exported to C:\Users\Elliot\Downloads\Audiveris\scores\053_Mozart_PSon_K281_Bb_i_B8-21_page_0.mxl
2025-12-26 13:04:00,819 INFO [053_Mozart_PSon_K281_Bb_i_B8-21_page_0]                Score.java:181  | Closing {Score 1}
