2025-12-26 13:04:03,405 INFO [054_Mozart_PSon_K282_Eb_Minuet1_page_0]                 Book.java:560  | 1 sheet in C:\Users\Elliot\Downloads\Audiveris\scores\054_Mozart_PSon_K282_Eb_Minuet1_page_0.jpg
2025-12-26 13:04:03,610 INFO []                 Book.java:2577 | Stored /book.xml
2025-12-26 13:04:03,611 INFO []                 Book.java:2537 | Book stored as C:\Users\Elliot\Downloads\Audiveris\scores\054_Mozart_PSon_K282_Eb_Minuet1_page_0.omr
2025-12-26 13:04:03,620 INFO []                 Book.java:1929 | Book reaching PAGE on sheets:[#1]
2025-12-26 13:04:03,626 INFO [054_Mozart_PSon_K282_Eb_Minuet1_page_0]       StepMonitoring.java:98   | LOAD
2025-12-26 13:04:03,807 INFO [054_Mozart_PSon_K282_Eb_Minuet1_page_0]            SheetStub.java:1273 | Loaded image #1 1653x2339 from C:\Users\Elliot\Downloads\Audiveris\scores\054_Mozart_PSon_K282_Eb_Minuet1_page_0.jpg
2025-12-26 13:04:03,812 INFO [054_Mozart_PSon_K282_Eb_Minuet1_page_0]            ImageUtil.java:124  | Converting max RGB to gray
2025-12-26 13:04:04,001 INFO [054_Mozart_PSon_K282_Eb_Minuet1_page_0]       StepMonitoring.java:98   | BINARY
2025-12-26 13:04:04,311 INFO [054_Mozart_PSon_K282_Eb_Minuet1_page_0]       StepMonitoring.java:98   | SCALE
2025-12-26 13:04:04,348 INFO [054_Mozart_PSon_K282_Eb_Minuet1_page_0]         ScaleBuilder.java:241  | Beam  guessed height:  5 -- 0.50 of 10 interline
2025-12-26 13:04:04,349 INFO [054_Mozart_PSon_K282_Eb_Minuet1_page_0]         ScaleBuilder.java:264  | Beam measured height:  6 -- 0.43 of [3..10] range at 260% of needed quorum
2025-12-26 13:04:04,350 INFO [054_Mozart_PSon_K282_Eb_Minuet1_page_0]            ScaleStep.java:65   | Scale{ interline(11,12,12) line(1,1,3) beam(6)}
2025-12-26 13:04:04,351 INFO [054_Mozart_PSon_K282_Eb_Minuet1_page_0]       StepMonitoring.java:98   | GRID
2025-12-26 13:04:04,817 INFO [054_Mozart_PSon_K282_Eb_Minuet1_page_0]       LinesRetriever.java:1500 | Global slope: 0.00000
2025-12-26 13:04:04,919 INFO [054_Mozart_PSon_K282_Eb_Minuet1_page_0]    ClustersRetriever.java:326  | Retrieved raw line clusters: 14 of sizes [5] with interline(11,12,12)
2025-12-26 13:04:05,177 INFO [054_Mozart_PSon_K282_Eb_Minuet1_page_0]            PeakGraph.java:310  | Systems: #1[1, 2] #2[3, 4] #3[5, 6] #4[7, 8] #5[9, 10] #6[11, 12] #7[13, 14]
2025-12-26 13:04:05,497 INFO [054_Mozart_PSon_K282_Eb_Minuet1_page_0]        SystemManager.java:779  | 1 part along 7 systems
2025-12-26 13:04:05,499 INFO [054_Mozart_PSon_K282_Eb_Minuet1_page_0]                 Book.java:543  | Created scores: [{Score 1}]
2025-12-26 13:04:05,499 INFO [054_Mozart_PSon_K282_Eb_Minuet1_page_0]       StepMonitoring.java:98   | HEADERS
2025-12-26 13:04:05,884 INFO [054_Mozart_PSon_K282_Eb_Minuet1_page_0]      BasicClassifier.java:286  | Classifier loaded XML norms.
2025-12-26 13:04:05,888 INFO [054_Mozart_PSon_K282_Eb_Minuet1_page_0]   AbstractClassifier.java:396  | Classifier data loaded from default uri jar:file:/C:/Users/Elliot/Downloads/Audiveris/app/audiveris.jar!/res/basic-classifier.zip
2025-12-26 13:04:07,316 INFO [054_Mozart_PSon_K282_Eb_Minuet1_page_0]       StepMonitoring.java:98   | STEM_SEEDS
2025-12-26 13:04:07,373 INFO [054_Mozart_PSon_K282_Eb_Minuet1_page_0]        StemSeedsStep.java:86   | stem(2 max:3)
2025-12-26 13:04:07,447 INFO [054_Mozart_PSon_K282_Eb_Minuet1_page_0]       StepMonitoring.java:98   | BEAMS
2025-12-26 13:04:08,700 INFO [054_Mozart_PSon_K282_Eb_Minuet1_page_0]       StepMonitoring.java:98   | LEDGERS
2025-12-26 13:04:09,095 INFO [054_Mozart_PSon_K282_Eb_Minuet1_page_0]       StepMonitoring.java:98   | HEADS
2025-12-26 13:04:12,218 INFO [054_Mozart_PSon_K282_Eb_Minuet1_page_0]        HeadSeedTally.java:235  | Scale information: HeadSeeds{NOTEHEAD_BLACK[L:-0.4,R:0.3]}
2025-12-26 13:04:12,219 INFO [054_Mozart_PSon_K282_Eb_Minuet1_page_0]       StepMonitoring.java:98   | STEMS
2025-12-26 13:04:13,159 INFO [054_Mozart_PSon_K282_Eb_Minuet1_page_0]       StepMonitoring.java:98   | REDUCTION
2025-12-26 13:04:13,356 INFO [054_Mozart_PSon_K282_Eb_Minuet1_page_0]        ReductionStep.java:105  | Stems free length median value: 41 pixels, 3.4 interlines
2025-12-26 13:04:13,366 INFO [054_Mozart_PSon_K282_Eb_Minuet1_page_0]       StepMonitoring.java:98   | CUE_BEAMS
2025-12-26 13:04:13,366 INFO [054_Mozart_PSon_K282_Eb_Minuet1_page_0]         CueBeamsStep.java:81   | Step CUE_BEAMS is skipped because small heads switch is off
2025-12-26 13:04:13,367 INFO [054_Mozart_PSon_K282_Eb_Minuet1_page_0]       StepMonitoring.java:98   | TEXTS
2025-12-26 13:04:13,489 WARN [054_Mozart_PSon_K282_Eb_Minuet1_page_0]         TesseractOCR.java:335  | The collection of supported languages is empty
2025-12-26 13:04:13,490 INFO [054_Mozart_PSon_K282_Eb_Minuet1_page_0]              OcrUtil.java:106  | Missing support for 'eng' language(s)
2025-12-26 13:04:13,510 INFO [054_Mozart_PSon_K282_Eb_Minuet1_page_0]       StepMonitoring.java:98   | MEASURES
2025-12-26 13:04:13,525 INFO [054_Mozart_PSon_K282_Eb_Minuet1_page_0]                 Page.java:307  | 33 raw measures: [5 in system#1, 4 in system#2, 4 in system#3, 5 in system#4, 5 in system#5, 5 in system#6, 5 in system#7]
2025-12-26 13:04:13,527 INFO [054_Mozart_PSon_K282_Eb_Minuet1_page_0]       StepMonitoring.java:98   | CHORDS
2025-12-26 13:04:13,563 INFO [054_Mozart_PSon_K282_Eb_Minuet1_page_0]       StepMonitoring.java:98   | CURVES
2025-12-26 13:04:14,342 INFO [054_Mozart_PSon_K282_Eb_Minuet1_page_0]         SlursBuilder.java:240  | Slurs: 41
2025-12-26 13:04:14,354 INFO [054_Mozart_PSon_K282_Eb_Minuet1_page_0]      SegmentsBuilder.java:155  | Segments: 0
2025-12-26 13:04:14,362 INFO [054_Mozart_PSon_K282_Eb_Minuet1_page_0]       StepMonitoring.java:98   | SYMBOLS
2025-12-26 13:04:14,748 INFO [054_Mozart_PSon_K282_Eb_Minuet1_page_0]       StepMonitoring.java:98   | LINKS
2025-12-26 13:04:14,831 INFO [054_Mozart_PSon_K282_Eb_Minuet1_page_0]       StepMonitoring.java:98   | RHYTHMS
2025-12-26 13:04:14,882 INFO [054_Mozart_PSon_K282_Eb_Minuet1_page_0]        MeasureRhythm.java:1045 | Measure{#3} No timeOffset for HeadChordInter#5952{(0.937/0.937) staff:1 slot#4 dur:1/4}
2025-12-26 13:04:14,883 INFO [054_Mozart_PSon_K282_Eb_Minuet1_page_0]                Voice.java:257  | Measure{#3} Voice{#1 excess:1/8} too long
2025-12-26 13:04:14,884 INFO [054_Mozart_PSon_K282_Eb_Minuet1_page_0]          StackRhythm.java:224  | S1 MeasureStack#3 no correct rhythm
2025-12-26 13:04:14,921 INFO [054_Mozart_PSon_K282_Eb_Minuet1_page_0]                Voice.java:257  | Measure{#12} Voice{#1 excess:1/16} too long
2025-12-26 13:04:14,922 INFO [054_Mozart_PSon_K282_Eb_Minuet1_page_0]          StackRhythm.java:224  | S3 MeasureStack#12 no correct rhythm
2025-12-26 13:04:14,957 INFO [054_Mozart_PSon_K282_Eb_Minuet1_page_0]                Voice.java:257  | Measure{#23} Voice{#5 excess:1/16} too long
2025-12-26 13:04:14,958 INFO [054_Mozart_PSon_K282_Eb_Minuet1_page_0]          StackRhythm.java:224  | S5 MeasureStack#23 no correct rhythm
2025-12-26 13:04:14,984 INFO [054_Mozart_PSon_K282_Eb_Minuet1_page_0]                Voice.java:257  | Measure{#31} Voice{#1 excess:1/16} too long
2025-12-26 13:04:14,985 INFO [054_Mozart_PSon_K282_Eb_Minuet1_page_0]          StackRhythm.java:224  | S7 MeasureStack#31 no correct rhythm
2025-12-26 13:04:14,990 INFO [054_Mozart_PSon_K282_Eb_Minuet1_page_0]       StepMonitoring.java:98   | PAGE
2025-12-26 13:04:15,000 INFO [054_Mozart_PSon_K282_Eb_Minuet1_page_0]                Voice.java:257  | Measure{#3} Voice{#1 excess:1/8} too long
2025-12-26 13:04:15,001 INFO [054_Mozart_PSon_K282_Eb_Minuet1_page_0]                Voice.java:257  | Measure{#12} Voice{#1 excess:1/16} too long
2025-12-26 13:04:15,003 INFO [054_Mozart_PSon_K282_Eb_Minuet1_page_0]                Voice.java:257  | Measure{#23} Voice{#5 excess:1/16} too long
2025-12-26 13:04:15,004 INFO [054_Mozart_PSon_K282_Eb_Minuet1_page_0]                Voice.java:257  | Measure{#31} Voice{#1 excess:1/16} too long
2025-12-26 13:04:15,012 INFO [054_Mozart_PSon_K282_Eb_Minuet1_page_0]                 Book.java:2596 | Book{054_Mozart_PSon_K282_Eb_Minuet1_page_0} storing
2025-12-26 13:04:15,058 INFO [054_Mozart_PSon_K282_Eb_Minuet1_page_0]                 Book.java:2577 | Stored /book.xml
2025-12-26 13:04:15,195 INFO [054_Mozart_PSon_K282_Eb_Minuet1_page_0]           DataHolder.java:348  | Stored /sheet#1/BINARY.png
2025-12-26 13:04:16,372 INFO [054_Mozart_PSon_K282_Eb_Minuet1_page_0]                Sheet.java:1583 | Stored /sheet#1/sheet#1.xml
2025-12-26 13:04:16,373 INFO [054_Mozart_PSon_K282_Eb_Minuet1_page_0]                 Book.java:2537 | Book stored as C:\Users\Elliot\Downloads\Audiveris\scores\054_Mozart_PSon_K282_Eb_Minuet1_page_0.omr
2025-12-26 13:04:16,378 INFO [054_Mozart_PSon_K282_Eb_Minuet1_page_0]            SheetStub.java:1660 | Disposed sheet
2025-12-26 13:04:16,425 INFO [054_Mozart_PSon_K282_Eb_Minuet1_page_0]                 Book.java:2064 | End of Stub#1
2025-12-26 13:04:16,426 INFO [054_Mozart_PSon_K282_Eb_Minuet1_page_0]                 Book.java:2071 | Book processed.
2025-12-26 13:04:16,939 INFO [054_Mozart_PSon_K282_Eb_Minuet1_page_0]            SheetStub.java:997  | Loaded /sheet#1/sheet#1.xml
2025-12-26 13:04:17,464 INFO [054_Mozart_PSon_K282_Eb_Minuet1_page_0]      PartwiseBuilder.java:2688 | Exporting sheet(s): [#1]
2025-12-26 13:04:17,591 INFO [054_Mozart_PSon_K282_Eb_Minuet1_page_0]        ScoreExporter.java:164  | Score 054_Mozart_PSon_K282_Eb_Minuet1_page_0 exported to C:\Users\Elliot\Downloads\Audiveris\scores\054_Mozart_PSon_K282_Eb_Minuet1_page_0.mxl
2025-12-26 13:04:17,634 INFO [054_Mozart_PSon_K282_Eb_Minuet1_page_0]                Score.java:181  | Closing {Score 1}
