2025-12-26 13:04:20,134 INFO [055_Mozart_PSon_K284_D_i_B1-21_page_0]                 Book.java:560  | 1 sheet in C:\Users\Elliot\Downloads\Audiveris\scores\055_Mozart_PSon_K284_D_i_B1-21_page_0.jpg
2025-12-26 13:04:20,325 INFO []                 Book.java:2577 | Stored /book.xml
2025-12-26 13:04:20,326 INFO []                 Book.java:2537 | Book stored as C:\Users\Elliot\Downloads\Audiveris\scores\055_Mozart_PSon_K284_D_i_B1-21_page_0.omr
2025-12-26 13:04:20,333 INFO []                 Book.java:1929 | Book reaching PAGE on sheets:[#1]
2025-12-26 13:04:20,337 INFO [055_Mozart_PSon_K284_D_i_B1-21_page_0]       StepMonitoring.java:98   | LOAD
2025-12-26 13:04:20,607 INFO [055_Mozart_PSon_K284_D_i_B1-21_page_0]            SheetStub.java:1273 | Loaded image #1 1653x2339 from C:\Users\Elliot\Downloads\Audiveris\scores\055_Mozart_PSon_K284_D_i_B1-21_page_0.jpg
2025-12-26 13:04:20,614 INFO [055_Mozart_PSon_K284_D_i_B1-21_page_0]            ImageUtil.java:124  | Converting max RGB to gray
2025-12-26 13:04:20,851 INFO [055_Mozart_PSon_K284_D_i_B1-21_page_0]       StepMonitoring.java:98   | BINARY
2025-12-26 13:04:21,166 INFO [055_Mozart_PSon_K284_D_i_B1-21_page_0]       StepMonitoring.java:98   | SCALE
2025-12-26 13:04:21,190 INFO [055_Mozart_PSon_K284_D_i_B1-21_page_0]         ScaleBuilder.java:241  | Beam  guessed height:  5 -- 0.50 of 10 interline
2025-12-26 13:04:21,191 INFO [055_Mozart_PSon_K284_D_i_B1-21_page_0]         ScaleBuilder.java:264  | Beam measured height:  6 -- 0.43 of [3..10] range at 747% of needed quorum
2025-12-26 13:04:21,191 INFO [055_Mozart_PSon_K284_D_i_B1-21_page_0]            ScaleStep.java:65   | Scale{ interline(11,12,12) line(1,1,2) beam(6)}
2025-12-26 13:04:21,192 INFO [055_Mozart_PSon_K284_D_i_B1-21_page_0]       StepMonitoring.java:98   | GRID
2025-12-26 13:04:21,768 INFO [055_Mozart_PSon_K284_D_i_B1-21_page_0]       LinesRetriever.java:1500 | Global slope: 0.00000
2025-12-26 13:04:21,883 INFO [055_Mozart_PSon_K284_D_i_B1-21_page_0]    ClustersRetriever.java:326  | Retrieved raw line clusters: 14 of sizes [5] with interline(11,12,12)
2025-12-26 13:04:22,113 INFO [055_Mozart_PSon_K284_D_i_B1-21_page_0]            PeakGraph.java:310  | Systems: #1[1, 2] #2[3, 4] #3[5, 6] #4[7, 8] #5[9, 10] #6[11, 12] #7[13, 14]
2025-12-26 13:04:22,452 INFO [055_Mozart_PSon_K284_D_i_B1-21_page_0]        SystemManager.java:134  | Indentation detected for system #1
2025-12-26 13:04:22,454 INFO [055_Mozart_PSon_K284_D_i_B1-21_page_0]        SystemManager.java:779  | 1 part along 7 systems
2025-12-26 13:04:22,455 INFO [055_Mozart_PSon_K284_D_i_B1-21_page_0]                 Book.java:543  | Created scores: [{Score 1}]
2025-12-26 13:04:22,456 INFO [055_Mozart_PSon_K284_D_i_B1-21_page_0]       StepMonitoring.java:98   | HEADERS
2025-12-26 13:04:22,907 INFO []      BasicClassifier.java:286  | Classifier loaded XML norms.
2025-12-26 13:04:22,913 INFO []   AbstractClassifier.java:396  | Classifier data loaded from default uri jar:file:/C:/Users/Elliot/Downloads/Audiveris/app/audiveris.jar!/res/basic-classifier.zip
2025-12-26 13:04:24,057 INFO [055_Mozart_PSon_K284_D_i_B1-21_page_0]       StepMonitoring.java:98   | STEM_SEEDS
2025-12-26 13:04:24,129 INFO [055_Mozart_PSon_K284_D_i_B1-21_page_0]        StemSeedsStep.java:86   | stem(2 max:3)
2025-12-26 13:04:24,228 INFO [055_Mozart_PSon_K284_D_i_B1-21_page_0]       StepMonitoring.java:98   | BEAMS
2025-12-26 13:04:25,807 INFO [055_Mozart_PSon_K284_D_i_B1-21_page_0]       StepMonitoring.java:98   | LEDGERS
2025-12-26 13:04:26,165 INFO [055_Mozart_PSon_K284_D_i_B1-21_page_0]       StepMonitoring.java:98   | HEADS
2025-12-26 13:04:29,207 INFO [055_Mozart_PSon_K284_D_i_B1-21_page_0]        HeadSeedTally.java:235  | Scale information: HeadSeeds{NOTEHEAD_BLACK[L:-0.4,R:0.3]}
2025-12-26 13:04:29,208 INFO [055_Mozart_PSon_K284_D_i_B1-21_page_0]       StepMonitoring.java:98   | STEMS
2025-12-26 13:04:30,279 INFO [055_Mozart_PSon_K284_D_i_B1-21_page_0]       StepMonitoring.java:98   | REDUCTION
2025-12-26 13:04:30,553 INFO [055_Mozart_PSon_K284_D_i_B1-21_page_0]        ReductionStep.java:105  | Stems free length median value: 41 pixels, 3.4 interlines
2025-12-26 13:04:30,563 INFO [055_Mozart_PSon_K284_D_i_B1-21_page_0]       StepMonitoring.java:98   | CUE_BEAMS
2025-12-26 13:04:30,565 INFO [055_Mozart_PSon_K284_D_i_B1-21_page_0]         CueBeamsStep.java:81   | Step CUE_BEAMS is skipped because small heads switch is off
2025-12-26 13:04:30,566 INFO [055_Mozart_PSon_K284_D_i_B1-21_page_0]       StepMonitoring.java:98   | TEXTS
2025-12-26 13:04:30,665 WARN [055_Mozart_PSon_K284_D_i_B1-21_page_0]         TesseractOCR.java:335  | The collection of supported languages is empty
2025-12-26 13:04:30,666 INFO [055_Mozart_PSon_K284_D_i_B1-21_page_0]              OcrUtil.java:106  | Missing support for 'eng' language(s)
2025-12-26 13:04:30,682 INFO [055_Mozart_PSon_K284_D_i_B1-21_page_0]       StepMonitoring.java:98   | MEASURES
2025-12-26 13:04:30,701 INFO [055_Mozart_PSon_K284_D_i_B1-21_page_0]                 Page.java:307  | 21 raw measures: [3 in system#1, 3 in system#2, 3 in system#3, 3 in system#4, 3 in system#5, 3 in system#6, 3 in system#7]
2025-12-26 13:04:30,701 INFO [055_Mozart_PSon_K284_D_i_B1-21_page_0]       StepMonitoring.java:98   | CHORDS
2025-12-26 13:04:30,726 INFO [055_Mozart_PSon_K284_D_i_B1-21_page_0]       StepMonitoring.java:98   | CURVES
2025-12-26 13:04:31,571 INFO [055_Mozart_PSon_K284_D_i_B1-21_page_0]         SlursBuilder.java:240  | Slurs: 19
2025-12-26 13:04:31,581 INFO [055_Mozart_PSon_K284_D_i_B1-21_page_0]      SegmentsBuilder.java:155  | Segments: 0
2025-12-26 13:04:31,587 INFO [055_Mozart_PSon_K284_D_i_B1-21_page_0]       StepMonitoring.java:98   | SYMBOLS
2025-12-26 13:04:31,948 INFO [055_Mozart_PSon_K284_D_i_B1-21_page_0]       StepMonitoring.java:98   | LINKS
2025-12-26 13:04:32,040 INFO [055_Mozart_PSon_K284_D_i_B1-21_page_0]       StepMonitoring.java:98   | RHYTHMS
2025-12-26 13:04:32,143 INFO [055_Mozart_PSon_K284_D_i_B1-21_page_0]                Voice.java:257  | Measure{#16} Voice{#6 excess:7/16} too long
2025-12-26 13:04:32,146 INFO [055_Mozart_PSon_K284_D_i_B1-21_page_0]          StackRhythm.java:224  | S6 MeasureStack#16 no correct rhythm
2025-12-26 13:04:32,167 INFO [055_Mozart_PSon_K284_D_i_B1-21_page_0]       StepMonitoring.java:98   | PAGE
2025-12-26 13:04:32,175 INFO [055_Mozart_PSon_K284_D_i_B1-21_page_0]                Voice.java:257  | Measure{#16} Voice{#6 excess:7/16} too long
2025-12-26 13:04:32,180 INFO [055_Mozart_PSon_K284_D_i_B1-21_page_0]                 Book.java:2596 | Book{055_Mozart_PSon_K284_D_i_B1-21_page_0} storing
2025-12-26 13:04:32,234 INFO [055_Mozart_PSon_K284_D_i_B1-21_page_0]                 Book.java:2577 | Stored /book.xml
2025-12-26 13:04:32,331 INFO [055_Mozart_PSon_K284_D_i_B1-21_page_0]           DataHolder.java:348  | Stored /sheet#1/BINARY.png
2025-12-26 13:04:33,601 INFO [055_Mozart_PSon_K284_D_i_B1-21_page_0]                Sheet.java:1583 | Stored /sheet#1/sheet#1.xml
2025-12-26 13:04:33,602 INFO [055_Mozart_PSon_K284_D_i_B1-21_page_0]                 Book.java:2537 | Book stored as C:\Users\Elliot\Downloads\Audiveris\scores\055_Mozart_PSon_K284_D_i_B1-21_page_0.omr
2025-12-26 13:04:33,605 INFO [055_Mozart_PSon_K284_D_i_B1-21_page_0]            SheetStub.java:1660 | Disposed sheet
2025-12-26 13:04:33,655 INFO [055_Mozart_PSon_K284_D_i_B1-21_page_0]                 Book.java:2064 | End of Stub#1
2025-12-26 13:04:33,656 INFO [055_Mozart_PSon_K284_D_i_B1-21_page_0]                 Book.java:2071 | Book processed.
2025-12-26 13:04:34,329 INFO [055_Mozart_PSon_K284_D_i_B1-21_page_0]            SheetStub.java:997  | Loaded /sheet#1/sheet#1.xml
2025-12-26 13:04:34,938 INFO [055_Mozart_PSon_K284_D_i_B1-21_page_0]      PartwiseBuilder.java:2688 | Exporting sheet(s): [#1]
2025-12-26 13:04:35,084 INFO [055_Mozart_PSon_K284_D_i_B1-21_page_0]        ScoreExporter.java:164  | Score 055_Mozart_PSon_K284_D_i_B1-21_page_0 exported to C:\Users\Elliot\Downloads\Audiveris\scores\055_Mozart_PSon_K284_D_i_B1-21_page_0.mxl
2025-12-26 13:04:35,138 INFO [055_Mozart_PSon_K284_D_i_B1-21_page_0]                Score.java:181  | Closing {Score 1}
