2025-12-26 13:04:52,793 INFO [057_Mozart_PSon_K332_F_iii_B1-32_page_0]                 Book.java:560  | 1 sheet in C:\Users\Elliot\Downloads\Audiveris\scores\057_Mozart_PSon_K332_F_iii_B1-32_page_0.jpg
2025-12-26 13:04:53,039 INFO []                 Book.java:2577 | Stored /book.xml
2025-12-26 13:04:53,040 INFO []                 Book.java:2537 | Book stored as C:\Users\Elliot\Downloads\Audiveris\scores\057_Mozart_PSon_K332_F_iii_B1-32_page_0.omr
2025-12-26 13:04:53,048 INFO []                 Book.java:1929 | Book reaching PAGE on sheets:[#1]
2025-12-26 13:04:53,051 INFO [057_Mozart_PSon_K332_F_iii_B1-32_page_0]       StepMonitoring.java:98   | LOAD
2025-12-26 13:04:53,254 INFO [057_Mozart_PSon_K332_F_iii_B1-32_page_0]            SheetStub.java:1273 | Loaded image #1 1653x2339 from C:\Users\Elliot\Downloads\Audiveris\scores\057_Mozart_PSon_K332_F_iii_B1-32_page_0.jpg
2025-12-26 13:04:53,258 INFO [057_Mozart_PSon_K332_F_iii_B1-32_page_0]            ImageUtil.java:124  | Converting max RGB to gray
2025-12-26 13:04:53,468 INFO [057_Mozart_PSon_K332_F_iii_B1-32_page_0]       StepMonitoring.java:98   | BINARY
2025-12-26 13:04:53,824 INFO [057_Mozart_PSon_K332_F_iii_B1-32_page_0]       StepMonitoring.java:98   | SCALE
2025-12-26 13:04:53,854 INFO [057_Mozart_PSon_K332_F_iii_B1-32_page_0]         ScaleBuilder.java:241  | Beam  guessed height:  5 -- 0.50 of 10 interline
2025-12-26 13:04:53,856 INFO [057_Mozart_PSon_K332_F_iii_B1-32_page_0]         ScaleBuilder.java:264  | Beam measured height:  6 -- 0.43 of [3..10] range at 602% of needed quorum
2025-12-26 13:04:53,857 INFO [057_Mozart_PSon_K332_F_iii_B1-32_page_0]            ScaleStep.java:65   | Scale{ interline(11,12,12) line(1,1,2) beam(6)}
2025-12-26 13:04:53,859 INFO [057_Mozart_PSon_K332_F_iii_B1-32_page_0]       StepMonitoring.java:98   | GRID
2025-12-26 13:04:54,486 INFO [057_Mozart_PSon_K332_F_iii_B1-32_page_0]       LinesRetriever.java:1500 | Global slope: 0.00000
2025-12-26 13:04:54,569 INFO [057_Mozart_PSon_K332_F_iii_B1-32_page_0]    ClustersRetriever.java:326  | Retrieved raw line clusters: 16 of sizes [5] with interline(11,12,12)
2025-12-26 13:04:54,866 INFO [057_Mozart_PSon_K332_F_iii_B1-32_page_0]            PeakGraph.java:310  | Systems: #1[1, 2] #2[3, 4] #3[5, 6] #4[7, 8] #5[9, 10] #6[11, 12] #7[13, 14] #8[15, 16]
2025-12-26 13:04:55,177 INFO [057_Mozart_PSon_K332_F_iii_B1-32_page_0]        SystemManager.java:134  | Indentation detected for system #1
2025-12-26 13:04:55,179 INFO [057_Mozart_PSon_K332_F_iii_B1-32_page_0]        SystemManager.java:779  | 1 part along 8 systems
2025-12-26 13:04:55,180 INFO [057_Mozart_PSon_K332_F_iii_B1-32_page_0]                 Book.java:543  | Created scores: [{Score 1}]
2025-12-26 13:04:55,181 INFO [057_Mozart_PSon_K332_F_iii_B1-32_page_0]       StepMonitoring.java:98   | HEADERS
2025-12-26 13:04:55,578 INFO [057_Mozart_PSon_K332_F_iii_B1-32_page_0]      BasicClassifier.java:286  | Classifier loaded XML norms.
2025-12-26 13:04:55,583 INFO [057_Mozart_PSon_K332_F_iii_B1-32_page_0]   AbstractClassifier.java:396  | Classifier data loaded from default uri jar:file:/C:/Users/Elliot/Downloads/Audiveris/app/audiveris.jar!/res/basic-classifier.zip
2025-12-26 13:04:56,740 INFO [057_Mozart_PSon_K332_F_iii_B1-32_page_0]       StepMonitoring.java:98   | STEM_SEEDS
2025-12-26 13:04:56,802 INFO [057_Mozart_PSon_K332_F_iii_B1-32_page_0]        StemSeedsStep.java:86   | stem(2 max:3)
2025-12-26 13:04:56,877 INFO [057_Mozart_PSon_K332_F_iii_B1-32_page_0]       StepMonitoring.java:98   | BEAMS
2025-12-26 13:04:58,274 INFO [057_Mozart_PSon_K332_F_iii_B1-32_page_0]       StepMonitoring.java:98   | LEDGERS
2025-12-26 13:04:58,534 INFO [057_Mozart_PSon_K332_F_iii_B1-32_page_0]       StepMonitoring.java:98   | HEADS
2025-12-26 13:05:01,898 INFO [057_Mozart_PSon_K332_F_iii_B1-32_page_0]        HeadSeedTally.java:235  | Scale information: HeadSeeds{NOTEHEAD_BLACK[L:-0.4,R:0.4]}
2025-12-26 13:05:01,899 INFO [057_Mozart_PSon_K332_F_iii_B1-32_page_0]       StepMonitoring.java:98   | STEMS
2025-12-26 13:05:03,144 INFO [057_Mozart_PSon_K332_F_iii_B1-32_page_0]       StepMonitoring.java:98   | REDUCTION
2025-12-26 13:05:03,531 INFO [057_Mozart_PSon_K332_F_iii_B1-32_page_0]        ReductionStep.java:105  | Stems free length median value: 42 pixels, 3.5 interlines
2025-12-26 13:05:03,543 INFO [057_Mozart_PSon_K332_F_iii_B1-32_page_0]       StepMonitoring.java:98   | CUE_BEAMS
2025-12-26 13:05:03,544 INFO [057_Mozart_PSon_K332_F_iii_B1-32_page_0]         CueBeamsStep.java:81   | Step CUE_BEAMS is skipped because small heads switch is off
2025-12-26 13:05:03,545 INFO [057_Mozart_PSon_K332_F_iii_B1-32_page_0]       StepMonitoring.java:98   | TEXTS
2025-12-26 13:05:03,658 WARN [057_Mozart_PSon_K332_F_iii_B1-32_page_0]         TesseractOCR.java:335  | The collection of supported languages is empty
2025-12-26 13:05:03,659 INFO [057_Mozart_PSon_K332_F_iii_B1-32_page_0]              OcrUtil.java:106  | Missing support for 'eng' language(s)
2025-12-26 13:05:03,673 INFO [057_Mozart_PSon_K332_F_iii_B1-32_page_0]       StepMonitoring.java:98   | MEASURES
2025-12-26 13:05:03,687 INFO [057_Mozart_PSon_K332_F_iii_B1-32_page_0]                 Page.java:307  | 32 raw measures: [3 in system#1, 4 in system#2, 4 in system#3, 4 in system#4, 4 in system#5, 4 in system#6, 5 in system#7, 4 in system#8]
2025-12-26 13:05:03,689 INFO [057_Mozart_PSon_K332_F_iii_B1-32_page_0]       StepMonitoring.java:98   | CHORDS
2025-12-26 13:05:03,735 INFO [057_Mozart_PSon_K332_F_iii_B1-32_page_0]       StepMonitoring.java:98   | CURVES
2025-12-26 13:05:04,840 INFO [057_Mozart_PSon_K332_F_iii_B1-32_page_0]         SlursBuilder.java:240  | Slurs: 35
2025-12-26 13:05:04,871 INFO [057_Mozart_PSon_K332_F_iii_B1-32_page_0]      SegmentsBuilder.java:155  | Segments: 4
2025-12-26 13:05:04,879 INFO [057_Mozart_PSon_K332_F_iii_B1-32_page_0]       StepMonitoring.java:98   | SYMBOLS
2025-12-26 13:05:05,619 INFO [057_Mozart_PSon_K332_F_iii_B1-32_page_0]       StepMonitoring.java:98   | LINKS
2025-12-26 13:05:05,766 INFO [057_Mozart_PSon_K332_F_iii_B1-32_page_0]       StepMonitoring.java:98   | RHYTHMS
2025-12-26 13:05:05,853 INFO [057_Mozart_PSon_K332_F_iii_B1-32_page_0]                Voice.java:257  | Measure{#11} Voice{#7 excess:1/8} too long
2025-12-26 13:05:05,855 INFO [057_Mozart_PSon_K332_F_iii_B1-32_page_0]          StackRhythm.java:224  | S3 MeasureStack#11 no correct rhythm
2025-12-26 13:05:05,911 INFO [057_Mozart_PSon_K332_F_iii_B1-32_page_0]        MeasureRhythm.java:1045 | Measure{#31} No timeOffset for HeadChordInter#8506{(0.943/0.943) staff:15 slot#4 dur:3/16}
2025-12-26 13:05:05,912 INFO [057_Mozart_PSon_K332_F_iii_B1-32_page_0]                Voice.java:257  | Measure{#31} Voice{#1 excess:1/8} too long
2025-12-26 13:05:05,913 INFO [057_Mozart_PSon_K332_F_iii_B1-32_page_0]          StackRhythm.java:224  | S8 MeasureStack#31 no correct rhythm
2025-12-26 13:05:05,915 INFO [057_Mozart_PSon_K332_F_iii_B1-32_page_0]       StepMonitoring.java:98   | PAGE
2025-12-26 13:05:05,922 INFO [057_Mozart_PSon_K332_F_iii_B1-32_page_0]                Voice.java:257  | Measure{#11} Voice{#7 excess:1/8} too long
2025-12-26 13:05:05,924 INFO [057_Mozart_PSon_K332_F_iii_B1-32_page_0]                Voice.java:257  | Measure{#31} Voice{#1 excess:1/8} too long
2025-12-26 13:05:05,931 INFO [057_Mozart_PSon_K332_F_iii_B1-32_page_0]                 Book.java:2596 | Book{057_Mozart_PSon_K332_F_iii_B1-32_page_0} storing
2025-12-26 13:05:06,013 INFO [057_Mozart_PSon_K332_F_iii_B1-32_page_0]                 Book.java:2577 | Stored /book.xml
2025-12-26 13:05:06,134 INFO [057_Mozart_PSon_K332_F_iii_B1-32_page_0]           DataHolder.java:348  | Stored /sheet#1/BINARY.png
2025-12-26 13:05:07,421 INFO [057_Mozart_PSon_K332_F_iii_B1-32_page_0]                Sheet.java:1583 | Stored /sheet#1/sheet#1.xml
2025-12-26 13:05:07,422 INFO [057_Mozart_PSon_K332_F_iii_B1-32_page_0]                 Book.java:2537 | Book stored as C:\Users\Elliot\Downloads\Audiveris\scores\057_Mozart_PSon_K332_F_iii_B1-32_page_0.omr
2025-12-26 13:05:07,429 INFO [057_Mozart_PSon_K332_F_iii_B1-32_page_0]            SheetStub.java:1660 | Disposed sheet
2025-12-26 13:05:07,463 INFO [057_Mozart_PSon_K332_F_iii_B1-32_page_0]                 Book.java:2064 | End of Stub#1
2025-12-26 13:05:07,465 INFO [057_Mozart_PSon_K332_F_iii_B1-32_page_0]                 Book.java:2071 | Book processed.
2025-12-26 13:05:08,113 INFO [057_Mozart_PSon_K332_F_iii_B1-32_page_0]            SheetStub.java:997  | Loaded /sheet#1/sheet#1.xml
2025-12-26 13:05:08,619 INFO [057_Mozart_PSon_K332_F_iii_B1-32_page_0]      PartwiseBuilder.java:2688 | Exporting sheet(s): [#1]
2025-12-26 13:05:08,774 INFO [057_Mozart_PSon_K332_F_iii_B1-32_page_0]        ScoreExporter.java:164  | Score 057_Mozart_PSon_K332_F_iii_B1-32_page_0 exported to C:\Users\Elliot\Downloads\Audiveris\scores\057_Mozart_PSon_K332_F_iii_B1-32_page_0.mxl
2025-12-26 13:05:08,830 INFO [057_Mozart_PSon_K332_F_iii_B1-32_page_0]                Score.java:181  | Closing {Score 1}
