2025-12-26 13:05:11,370 INFO [058_Mozart_PSon_K457_c_iii_B0-30_page_0]                 Book.java:560  | 1 sheet in C:\Users\Elliot\Downloads\Audiveris\scores\058_Mozart_PSon_K457_c_iii_B0-30_page_0.jpg
2025-12-26 13:05:11,570 INFO []                 Book.java:2577 | Stored /book.xml
2025-12-26 13:05:11,571 INFO []                 Book.java:2537 | Book stored as C:\Users\Elliot\Downloads\Audiveris\scores\058_Mozart_PSon_K457_c_iii_B0-30_page_0.omr
2025-12-26 13:05:11,578 INFO []                 Book.java:1929 | Book reaching PAGE on sheets:[#1]
2025-12-26 13:05:11,584 INFO [058_Mozart_PSon_K457_c_iii_B0-30_page_0]       StepMonitoring.java:98   | LOAD
2025-12-26 13:05:11,728 INFO [058_Mozart_PSon_K457_c_iii_B0-30_page_0]            SheetStub.java:1273 | Loaded image #1 1653x2339 from C:\Users\Elliot\Downloads\Audiveris\scores\058_Mozart_PSon_K457_c_iii_B0-30_page_0.jpg
2025-12-26 13:05:11,733 INFO [058_Mozart_PSon_K457_c_iii_B0-30_page_0]            ImageUtil.java:124  | Converting max RGB to gray
2025-12-26 13:05:11,947 INFO [058_Mozart_PSon_K457_c_iii_B0-30_page_0]       StepMonitoring.java:98   | BINARY
2025-12-26 13:05:12,316 INFO [058_Mozart_PSon_K457_c_iii_B0-30_page_0]       StepMonitoring.java:98   | SCALE
2025-12-26 13:05:12,344 INFO [058_Mozart_PSon_K457_c_iii_B0-30_page_0]         ScaleBuilder.java:241  | Beam  guessed height:  5 -- 0.50 of 10 interline
2025-12-26 13:05:12,347 INFO [058_Mozart_PSon_K457_c_iii_B0-30_page_0]         ScaleBuilder.java:264  | Beam measured height:  6 -- 0.43 of [3..10] range at 166% of needed quorum
2025-12-26 13:05:12,348 INFO [058_Mozart_PSon_K457_c_iii_B0-30_page_0]            ScaleStep.java:65   | Scale{ interline(11,12,12) line(1,1,3) beam(6)}
2025-12-26 13:05:12,348 INFO [058_Mozart_PSon_K457_c_iii_B0-30_page_0]       StepMonitoring.java:98   | GRID
2025-12-26 13:05:12,765 INFO [058_Mozart_PSon_K457_c_iii_B0-30_page_0]       LinesRetriever.java:1500 | Global slope: 0.00000
2025-12-26 13:05:12,852 INFO [058_Mozart_PSon_K457_c_iii_B0-30_page_0]    ClustersRetriever.java:326  | Retrieved raw line clusters: 10 of sizes [5] with interline(11,12,12)
2025-12-26 13:05:13,024 INFO [058_Mozart_PSon_K457_c_iii_B0-30_page_0]            PeakGraph.java:310  | Systems: #1[1, 2] #2[3, 4] #3[5, 6] #4[7, 8] #5[9, 10]
2025-12-26 13:05:13,366 INFO [058_Mozart_PSon_K457_c_iii_B0-30_page_0]        SystemManager.java:134  | Indentation detected for system #1
2025-12-26 13:05:13,367 INFO [058_Mozart_PSon_K457_c_iii_B0-30_page_0]        SystemManager.java:779  | 1 part along 5 systems
2025-12-26 13:05:13,368 INFO [058_Mozart_PSon_K457_c_iii_B0-30_page_0]                 Book.java:543  | Created scores: [{Score 1}]
2025-12-26 13:05:13,369 INFO [058_Mozart_PSon_K457_c_iii_B0-30_page_0]       StepMonitoring.java:98   | HEADERS
2025-12-26 13:05:13,740 INFO [058_Mozart_PSon_K457_c_iii_B0-30_page_0]      BasicClassifier.java:286  | Classifier loaded XML norms.
2025-12-26 13:05:13,743 INFO [058_Mozart_PSon_K457_c_iii_B0-30_page_0]   AbstractClassifier.java:396  | Classifier data loaded from default uri jar:file:/C:/Users/Elliot/Downloads/Audiveris/app/audiveris.jar!/res/basic-classifier.zip
2025-12-26 13:05:14,996 INFO [058_Mozart_PSon_K457_c_iii_B0-30_page_0]       StepMonitoring.java:98   | STEM_SEEDS
2025-12-26 13:05:15,095 INFO [058_Mozart_PSon_K457_c_iii_B0-30_page_0]        StemSeedsStep.java:86   | stem(2 max:3)
2025-12-26 13:05:15,158 INFO [058_Mozart_PSon_K457_c_iii_B0-30_page_0]       StepMonitoring.java:98   | BEAMS
2025-12-26 13:05:16,229 INFO [058_Mozart_PSon_K457_c_iii_B0-30_page_0]       StepMonitoring.java:98   | LEDGERS
2025-12-26 13:05:16,454 INFO [058_Mozart_PSon_K457_c_iii_B0-30_page_0]       StepMonitoring.java:98   | HEADS
2025-12-26 13:05:18,473 INFO [058_Mozart_PSon_K457_c_iii_B0-30_page_0]        HeadSeedTally.java:235  | Scale information: HeadSeeds{NOTEHEAD_VOID[L:-0.4,R:0.5] NOTEHEAD_BLACK[L:-0.4,R:0.5]}
2025-12-26 13:05:18,473 INFO [058_Mozart_PSon_K457_c_iii_B0-30_page_0]       StepMonitoring.java:98   | STEMS
2025-12-26 13:05:19,220 INFO [058_Mozart_PSon_K457_c_iii_B0-30_page_0]       StepMonitoring.java:98   | REDUCTION
2025-12-26 13:05:19,389 INFO [058_Mozart_PSon_K457_c_iii_B0-30_page_0]        ReductionStep.java:105  | Stems free length median value: 41 pixels, 3.4 interlines
2025-12-26 13:05:19,395 INFO [058_Mozart_PSon_K457_c_iii_B0-30_page_0]       StepMonitoring.java:98   | CUE_BEAMS
2025-12-26 13:05:19,396 INFO [058_Mozart_PSon_K457_c_iii_B0-30_page_0]         CueBeamsStep.java:81   | Step CUE_BEAMS is skipped because small heads switch is off
2025-12-26 13:05:19,396 INFO [058_Mozart_PSon_K457_c_iii_B0-30_page_0]       StepMonitoring.java:98   | TEXTS
2025-12-26 13:05:19,479 WARN [058_Mozart_PSon_K457_c_iii_B0-30_page_0]         TesseractOCR.java:335  | The collection of supported languages is empty
2025-12-26 13:05:19,480 INFO [058_Mozart_PSon_K457_c_iii_B0-30_page_0]              OcrUtil.java:106  | Missing support for 'eng' language(s)
2025-12-26 13:05:19,499 INFO [058_Mozart_PSon_K457_c_iii_B0-30_page_0]       StepMonitoring.java:98   | MEASURES
2025-12-26 13:05:19,518 INFO [058_Mozart_PSon_K457_c_iii_B0-30_page_0]                 Page.java:307  | 31 raw measures: [6 in system#1, 6 in system#2, 6 in system#3, 6 in system#4, 7 in system#5]
2025-12-26 13:05:19,519 INFO [058_Mozart_PSon_K457_c_iii_B0-30_page_0]       StepMonitoring.java:98   | CHORDS
2025-12-26 13:05:19,556 INFO [058_Mozart_PSon_K457_c_iii_B0-30_page_0]       StepMonitoring.java:98   | CURVES
2025-12-26 13:05:20,395 INFO [058_Mozart_PSon_K457_c_iii_B0-30_page_0]         SlursBuilder.java:240  | Slurs: 34
2025-12-26 13:05:20,415 INFO [058_Mozart_PSon_K457_c_iii_B0-30_page_0]      SegmentsBuilder.java:155  | Segments: 8
2025-12-26 13:05:20,424 INFO [058_Mozart_PSon_K457_c_iii_B0-30_page_0]       StepMonitoring.java:98   | SYMBOLS
2025-12-26 13:05:20,888 INFO [058_Mozart_PSon_K457_c_iii_B0-30_page_0]       StepMonitoring.java:98   | LINKS
2025-12-26 13:05:20,896 INFO [058_Mozart_PSon_K457_c_iii_B0-30_page_0]        SymbolsLinker.java:258  | No chord linked to OctaveShiftInter#4976{(0.154) staff:1 OTTAVA ALTA}
2025-12-26 13:05:20,977 INFO [058_Mozart_PSon_K457_c_iii_B0-30_page_0]       StepMonitoring.java:98   | RHYTHMS
2025-12-26 13:05:21,102 INFO [058_Mozart_PSon_K457_c_iii_B0-30_page_0]       StepMonitoring.java:98   | PAGE
2025-12-26 13:05:21,116 INFO [058_Mozart_PSon_K457_c_iii_B0-30_page_0]                 Book.java:2596 | Book{058_Mozart_PSon_K457_c_iii_B0-30_page_0} storing
2025-12-26 13:05:21,175 INFO [058_Mozart_PSon_K457_c_iii_B0-30_page_0]                 Book.java:2577 | Stored /book.xml
2025-12-26 13:05:21,294 INFO [058_Mozart_PSon_K457_c_iii_B0-30_page_0]           DataHolder.java:348  | Stored /sheet#1/BINARY.png
2025-12-26 13:05:22,027 INFO [058_Mozart_PSon_K457_c_iii_B0-30_page_0]                Sheet.java:1583 | Stored /sheet#1/sheet#1.xml
2025-12-26 13:05:22,028 INFO [058_Mozart_PSon_K457_c_iii_B0-30_page_0]                 Book.java:2537 | Book stored as C:\Users\Elliot\Downloads\Audiveris\scores\058_Mozart_PSon_K457_c_iii_B0-30_page_0.omr
2025-12-26 13:05:22,033 INFO [058_Mozart_PSon_K457_c_iii_B0-30_page_0]            SheetStub.java:1660 | Disposed sheet
2025-12-26 13:05:22,068 INFO [058_Mozart_PSon_K457_c_iii_B0-30_page_0]                 Book.java:2064 | End of Stub#1
2025-12-26 13:05:22,069 INFO [058_Mozart_PSon_K457_c_iii_B0-30_page_0]                 Book.java:2071 | Book processed.
2025-12-26 13:05:22,430 INFO [058_Mozart_PSon_K457_c_iii_B0-30_page_0]            SheetStub.java:997  | Loaded /sheet#1/sheet#1.xml
2025-12-26 13:05:23,008 INFO [058_Mozart_PSon_K457_c_iii_B0-30_page_0]      PartwiseBuilder.java:2688 | Exporting sheet(s): [#1]
2025-12-26 13:05:23,169 INFO [058_Mozart_PSon_K457_c_iii_B0-30_page_0]        ScoreExporter.java:164  | Score 058_Mozart_PSon_K457_c_iii_B0-30_page_0 exported to C:\Users\Elliot\Downloads\Audiveris\scores\058_Mozart_PSon_K457_c_iii_B0-30_page_0.mxl
2025-12-26 13:05:23,220 INFO [058_Mozart_PSon_K457_c_iii_B0-30_page_0]                Score.java:181  | Closing {Score 1}
