2025-12-26 13:05:25,874 INFO [059_Mozart_Fantasie_K475_B5-15_page_0]                 Book.java:560  | 1 sheet in C:\Users\Elliot\Downloads\Audiveris\scores\059_Mozart_Fantasie_K475_B5-15_page_0.jpg
2025-12-26 13:05:26,111 INFO []                 Book.java:2577 | Stored /book.xml
2025-12-26 13:05:26,112 INFO []                 Book.java:2537 | Book stored as C:\Users\Elliot\Downloads\Audiveris\scores\059_Mozart_Fantasie_K475_B5-15_page_0.omr
2025-12-26 13:05:26,119 INFO []                 Book.java:1929 | Book reaching PAGE on sheets:[#1]
2025-12-26 13:05:26,125 INFO [059_Mozart_Fantasie_K475_B5-15_page_0]       StepMonitoring.java:98   | LOAD
2025-12-26 13:05:26,257 INFO [059_Mozart_Fantasie_K475_B5-15_page_0]            SheetStub.java:1273 | Loaded image #1 1653x2339 from C:\Users\Elliot\Downloads\Audiveris\scores\059_Mozart_Fantasie_K475_B5-15_page_0.jpg
2025-12-26 13:05:26,262 INFO [059_Mozart_Fantasie_K475_B5-15_page_0]            ImageUtil.java:124  | Converting max RGB to gray
2025-12-26 13:05:26,481 INFO [059_Mozart_Fantasie_K475_B5-15_page_0]       StepMonitoring.java:98   | BINARY
2025-12-26 13:05:26,928 INFO [059_Mozart_Fantasie_K475_B5-15_page_0]       StepMonitoring.java:98   | SCALE
2025-12-26 13:05:26,952 INFO [059_Mozart_Fantasie_K475_B5-15_page_0]         ScaleBuilder.java:241  | Beam  guessed height:  5 -- 0.50 of 10 interline
2025-12-26 13:05:26,953 INFO [059_Mozart_Fantasie_K475_B5-15_page_0]         ScaleBuilder.java:264  | Beam measured height:  6 -- 0.43 of [3..10] range at 740% of needed quorum
2025-12-26 13:05:26,953 INFO [059_Mozart_Fantasie_K475_B5-15_page_0]            ScaleStep.java:65   | Scale{ interline(11,12,12) line(1,1,3) beam(6)}
2025-12-26 13:05:26,954 INFO [059_Mozart_Fantasie_K475_B5-15_page_0]       StepMonitoring.java:98   | GRID
2025-12-26 13:05:27,378 INFO [059_Mozart_Fantasie_K475_B5-15_page_0]       LinesRetriever.java:1500 | Global slope: 0.00000
2025-12-26 13:05:27,423 INFO [059_Mozart_Fantasie_K475_B5-15_page_0]    ClustersRetriever.java:326  | Retrieved raw line clusters: 8 of sizes [5] with interline(11,12,12)
2025-12-26 13:05:27,539 INFO [059_Mozart_Fantasie_K475_B5-15_page_0]            PeakGraph.java:310  | Systems: #1[1, 2] #2[3, 4] #3[5, 6] #4[7, 8]
2025-12-26 13:05:27,838 INFO [059_Mozart_Fantasie_K475_B5-15_page_0]        SystemManager.java:134  | Indentation detected for system #1
2025-12-26 13:05:27,839 INFO [059_Mozart_Fantasie_K475_B5-15_page_0]        SystemManager.java:779  | 1 part along 4 systems
2025-12-26 13:05:27,840 INFO [059_Mozart_Fantasie_K475_B5-15_page_0]                 Book.java:543  | Created scores: [{Score 1}]
2025-12-26 13:05:27,841 INFO [059_Mozart_Fantasie_K475_B5-15_page_0]       StepMonitoring.java:98   | HEADERS
2025-12-26 13:05:28,268 INFO [059_Mozart_Fantasie_K475_B5-15_page_0]      BasicClassifier.java:286  | Classifier loaded XML norms.
2025-12-26 13:05:28,272 INFO [059_Mozart_Fantasie_K475_B5-15_page_0]   AbstractClassifier.java:396  | Classifier data loaded from default uri jar:file:/C:/Users/Elliot/Downloads/Audiveris/app/audiveris.jar!/res/basic-classifier.zip
2025-12-26 13:05:29,267 INFO [059_Mozart_Fantasie_K475_B5-15_page_0]       StepMonitoring.java:98   | STEM_SEEDS
2025-12-26 13:05:29,334 INFO [059_Mozart_Fantasie_K475_B5-15_page_0]        StemSeedsStep.java:86   | stem(2 max:2)
2025-12-26 13:05:29,404 INFO [059_Mozart_Fantasie_K475_B5-15_page_0]       StepMonitoring.java:98   | BEAMS
2025-12-26 13:05:30,924 INFO [059_Mozart_Fantasie_K475_B5-15_page_0]       StepMonitoring.java:98   | LEDGERS
2025-12-26 13:05:31,087 INFO [059_Mozart_Fantasie_K475_B5-15_page_0]       StepMonitoring.java:98   | HEADS
2025-12-26 13:05:33,397 INFO [059_Mozart_Fantasie_K475_B5-15_page_0]        HeadSeedTally.java:235  | Scale information: HeadSeeds{NOTEHEAD_BLACK[L:-0.4,R:0.4]}
2025-12-26 13:05:33,399 INFO [059_Mozart_Fantasie_K475_B5-15_page_0]       StepMonitoring.java:98   | STEMS
2025-12-26 13:05:34,850 INFO [059_Mozart_Fantasie_K475_B5-15_page_0]       StepMonitoring.java:98   | REDUCTION
2025-12-26 13:05:35,223 INFO [059_Mozart_Fantasie_K475_B5-15_page_0]        ReductionStep.java:105  | Stems free length median value: 42 pixels, 3.5 interlines
2025-12-26 13:05:35,237 INFO [059_Mozart_Fantasie_K475_B5-15_page_0]       StepMonitoring.java:98   | CUE_BEAMS
2025-12-26 13:05:35,237 INFO [059_Mozart_Fantasie_K475_B5-15_page_0]         CueBeamsStep.java:81   | Step CUE_BEAMS is skipped because small heads switch is off
2025-12-26 13:05:35,238 INFO [059_Mozart_Fantasie_K475_B5-15_page_0]       StepMonitoring.java:98   | TEXTS
2025-12-26 13:05:35,404 WARN [059_Mozart_Fantasie_K475_B5-15_page_0]         TesseractOCR.java:335  | The collection of supported languages is empty
2025-12-26 13:05:35,459 INFO [059_Mozart_Fantasie_K475_B5-15_page_0]              OcrUtil.java:106  | Missing support for 'eng' language(s)
2025-12-26 13:05:35,474 INFO [059_Mozart_Fantasie_K475_B5-15_page_0]       StepMonitoring.java:98   | MEASURES
2025-12-26 13:05:35,497 INFO [059_Mozart_Fantasie_K475_B5-15_page_0]                 Page.java:307  | 11 raw measures: [2 in system#1, 3 in system#2, 3 in system#3, 3 in system#4]
2025-12-26 13:05:35,498 INFO [059_Mozart_Fantasie_K475_B5-15_page_0]       StepMonitoring.java:98   | CHORDS
2025-12-26 13:05:35,546 INFO [059_Mozart_Fantasie_K475_B5-15_page_0]       StepMonitoring.java:98   | CURVES
2025-12-26 13:05:36,267 INFO [059_Mozart_Fantasie_K475_B5-15_page_0]         SlursBuilder.java:240  | Slurs: 11
2025-12-26 13:05:36,275 INFO [059_Mozart_Fantasie_K475_B5-15_page_0]      SegmentsBuilder.java:155  | Segments: 0
2025-12-26 13:05:36,282 INFO [059_Mozart_Fantasie_K475_B5-15_page_0]       StepMonitoring.java:98   | SYMBOLS
2025-12-26 13:05:36,710 INFO [059_Mozart_Fantasie_K475_B5-15_page_0]       StepMonitoring.java:98   | LINKS
2025-12-26 13:05:36,718 INFO [059_Mozart_Fantasie_K475_B5-15_page_0]             KeyInter.java:1165 | No effective key before AlterInter#6801{(0.800) staff:1 NATURAL pitch:5.0}
2025-12-26 13:05:36,737 INFO [059_Mozart_Fantasie_K475_B5-15_page_0]             KeyInter.java:1165 | No effective key before AlterInter#6817{(0.800) staff:3 NATURAL pitch:4.0}
2025-12-26 13:05:36,737 INFO [059_Mozart_Fantasie_K475_B5-15_page_0]             KeyInter.java:1165 | No effective key before AlterInter#6839{(0.737) staff:3 NATURAL pitch:5.0}
2025-12-26 13:05:36,737 INFO [059_Mozart_Fantasie_K475_B5-15_page_0]             KeyInter.java:1165 | No effective key before AlterInter#6811{(0.149) staff:4 NATURAL pitch:2.0}
2025-12-26 13:05:36,754 INFO [059_Mozart_Fantasie_K475_B5-15_page_0]             KeyInter.java:1165 | No effective key before AlterInter#6878{(0.800) staff:6 NATURAL pitch:3.0}
2025-12-26 13:05:36,770 INFO [059_Mozart_Fantasie_K475_B5-15_page_0]             KeyInter.java:1165 | No effective key before AlterInter#6892{(0.800) staff:7 NATURAL pitch:3.0}
2025-12-26 13:05:36,771 INFO [059_Mozart_Fantasie_K475_B5-15_page_0]             KeyInter.java:1165 | No effective key before AlterInter#6897{(0.800) staff:8 NATURAL pitch:1.0}
2025-12-26 13:05:36,771 INFO [059_Mozart_Fantasie_K475_B5-15_page_0]             KeyInter.java:1165 | No effective key before AlterInter#6899{(0.800) staff:8 NATURAL pitch:-2.0}
2025-12-26 13:05:36,772 INFO [059_Mozart_Fantasie_K475_B5-15_page_0]             KeyInter.java:1165 | No effective key before AlterInter#6900{(0.800) staff:8 NATURAL pitch:-3.0}
2025-12-26 13:05:36,813 INFO [059_Mozart_Fantasie_K475_B5-15_page_0]       StepMonitoring.java:98   | RHYTHMS
2025-12-26 13:05:37,020 INFO [059_Mozart_Fantasie_K475_B5-15_page_0]       StepMonitoring.java:98   | PAGE
2025-12-26 13:05:37,037 INFO [059_Mozart_Fantasie_K475_B5-15_page_0]                 Book.java:2596 | Book{059_Mozart_Fantasie_K475_B5-15_page_0} storing
2025-12-26 13:05:37,102 INFO [059_Mozart_Fantasie_K475_B5-15_page_0]                 Book.java:2577 | Stored /book.xml
2025-12-26 13:05:37,216 INFO [059_Mozart_Fantasie_K475_B5-15_page_0]           DataHolder.java:348  | Stored /sheet#1/BINARY.png
2025-12-26 13:05:38,475 INFO [059_Mozart_Fantasie_K475_B5-15_page_0]                Sheet.java:1583 | Stored /sheet#1/sheet#1.xml
2025-12-26 13:05:38,476 INFO [059_Mozart_Fantasie_K475_B5-15_page_0]                 Book.java:2537 | Book stored as C:\Users\Elliot\Downloads\Audiveris\scores\059_Mozart_Fantasie_K475_B5-15_page_0.omr
2025-12-26 13:05:38,481 INFO [059_Mozart_Fantasie_K475_B5-15_page_0]            SheetStub.java:1660 | Disposed sheet
2025-12-26 13:05:38,519 INFO [059_Mozart_Fantasie_K475_B5-15_page_0]                 Book.java:2064 | End of Stub#1
2025-12-26 13:05:38,520 INFO [059_Mozart_Fantasie_K475_B5-15_page_0]                 Book.java:2071 | Book processed.
2025-12-26 13:05:39,069 INFO [059_Mozart_Fantasie_K475_B5-15_page_0]            SheetStub.java:997  | Loaded /sheet#1/sheet#1.xml
2025-12-26 13:05:39,608 INFO [059_Mozart_Fantasie_K475_B5-15_page_0]      PartwiseBuilder.java:2688 | Exporting sheet(s): [#1]
2025-12-26 13:05:39,760 INFO [059_Mozart_Fantasie_K475_B5-15_page_0]        ScoreExporter.java:164  | Score 059_Mozart_Fantasie_K475_B5-15_page_0 exported to C:\Users\Elliot\Downloads\Audiveris\scores\059_Mozart_Fantasie_K475_B5-15_page_0.mxl
2025-12-26 13:05:39,805 INFO [059_Mozart_Fantasie_K475_B5-15_page_0]                Score.java:181  | Closing {Score 1}
