2025-12-26 13:05:42,481 INFO [060_Mozart_PSon_K576_D_i_B8-27_page_0]                 Book.java:560  | 1 sheet in C:\Users\Elliot\Downloads\Audiveris\scores\060_Mozart_PSon_K576_D_i_B8-27_page_0.jpg
2025-12-26 13:05:42,729 INFO []                 Book.java:2577 | Stored /book.xml
2025-12-26 13:05:42,730 INFO []                 Book.java:2537 | Book stored as C:\Users\Elliot\Downloads\Audiveris\scores\060_Mozart_PSon_K576_D_i_B8-27_page_0.omr
2025-12-26 13:05:42,737 INFO []                 Book.java:1929 | Book reaching PAGE on sheets:[#1]
2025-12-26 13:05:42,746 INFO [060_Mozart_PSon_K576_D_i_B8-27_page_0]       StepMonitoring.java:98   | LOAD
2025-12-26 13:05:42,919 INFO [060_Mozart_PSon_K576_D_i_B8-27_page_0]            SheetStub.java:1273 | Loaded image #1 1653x2339 from C:\Users\Elliot\Downloads\Audiveris\scores\060_Mozart_PSon_K576_D_i_B8-27_page_0.jpg
2025-12-26 13:05:42,923 INFO [060_Mozart_PSon_K576_D_i_B8-27_page_0]            ImageUtil.java:124  | Converting max RGB to gray
2025-12-26 13:05:43,127 INFO [060_Mozart_PSon_K576_D_i_B8-27_page_0]       StepMonitoring.java:98   | BINARY
2025-12-26 13:05:43,426 INFO [060_Mozart_PSon_K576_D_i_B8-27_page_0]       StepMonitoring.java:98   | SCALE
2025-12-26 13:05:43,451 INFO [060_Mozart_PSon_K576_D_i_B8-27_page_0]         ScaleBuilder.java:241  | Beam  guessed height:  5 -- 0.50 of 10 interline
2025-12-26 13:05:43,453 INFO [060_Mozart_PSon_K576_D_i_B8-27_page_0]         ScaleBuilder.java:264  | Beam measured height:  6 -- 0.43 of [3..10] range at 615% of needed quorum
2025-12-26 13:05:43,453 INFO [060_Mozart_PSon_K576_D_i_B8-27_page_0]            ScaleStep.java:65   | Scale{ interline(11,12,12) line(1,1,2) beam(6)}
2025-12-26 13:05:43,455 INFO [060_Mozart_PSon_K576_D_i_B8-27_page_0]       StepMonitoring.java:98   | GRID
2025-12-26 13:05:43,900 INFO [060_Mozart_PSon_K576_D_i_B8-27_page_0]       LinesRetriever.java:1500 | Global slope: 0.00000
2025-12-26 13:05:43,966 INFO [060_Mozart_PSon_K576_D_i_B8-27_page_0]    ClustersRetriever.java:326  | Retrieved raw line clusters: 12 of sizes [5] with interline(11,12,12)
2025-12-26 13:05:44,179 INFO [060_Mozart_PSon_K576_D_i_B8-27_page_0]            PeakGraph.java:310  | Systems: #1[1, 2] #2[3, 4] #3[5, 6] #4[7, 8] #5[9, 10] #6[11, 12]
2025-12-26 13:05:44,717 INFO [060_Mozart_PSon_K576_D_i_B8-27_page_0]        SystemManager.java:134  | Indentation detected for system #1
2025-12-26 13:05:44,719 INFO [060_Mozart_PSon_K576_D_i_B8-27_page_0]        SystemManager.java:779  | 1 part along 6 systems
2025-12-26 13:05:44,719 INFO [060_Mozart_PSon_K576_D_i_B8-27_page_0]                 Book.java:543  | Created scores: [{Score 1}]
2025-12-26 13:05:44,720 INFO [060_Mozart_PSon_K576_D_i_B8-27_page_0]       StepMonitoring.java:98   | HEADERS
2025-12-26 13:05:45,184 INFO [060_Mozart_PSon_K576_D_i_B8-27_page_0]      BasicClassifier.java:286  | Classifier loaded XML norms.
2025-12-26 13:05:45,189 INFO [060_Mozart_PSon_K576_D_i_B8-27_page_0]   AbstractClassifier.java:396  | Classifier data loaded from default uri jar:file:/C:/Users/Elliot/Downloads/Audiveris/app/audiveris.jar!/res/basic-classifier.zip
2025-12-26 13:05:46,089 INFO [060_Mozart_PSon_K576_D_i_B8-27_page_0]       StepMonitoring.java:98   | STEM_SEEDS
2025-12-26 13:05:46,143 INFO [060_Mozart_PSon_K576_D_i_B8-27_page_0]        StemSeedsStep.java:86   | stem(2 max:3)
2025-12-26 13:05:46,244 INFO [060_Mozart_PSon_K576_D_i_B8-27_page_0]       StepMonitoring.java:98   | BEAMS
2025-12-26 13:05:47,674 INFO [060_Mozart_PSon_K576_D_i_B8-27_page_0]       StepMonitoring.java:98   | LEDGERS
2025-12-26 13:05:47,852 INFO [060_Mozart_PSon_K576_D_i_B8-27_page_0]       StepMonitoring.java:98   | HEADS
2025-12-26 13:05:50,355 INFO [060_Mozart_PSon_K576_D_i_B8-27_page_0]        HeadSeedTally.java:235  | Scale information: HeadSeeds{NOTEHEAD_BLACK[L:-0.5,R:0.4]}
2025-12-26 13:05:50,356 INFO [060_Mozart_PSon_K576_D_i_B8-27_page_0]       StepMonitoring.java:98   | STEMS
2025-12-26 13:05:51,544 INFO [060_Mozart_PSon_K576_D_i_B8-27_page_0]       StepMonitoring.java:98   | REDUCTION
2025-12-26 13:05:51,752 INFO [060_Mozart_PSon_K576_D_i_B8-27_page_0]        ReductionStep.java:105  | Stems free length median value: 42 pixels, 3.5 interlines
2025-12-26 13:05:51,761 INFO [060_Mozart_PSon_K576_D_i_B8-27_page_0]       StepMonitoring.java:98   | CUE_BEAMS
2025-12-26 13:05:51,762 INFO [060_Mozart_PSon_K576_D_i_B8-27_page_0]         CueBeamsStep.java:81   | Step CUE_BEAMS is skipped because small heads switch is off
2025-12-26 13:05:51,763 INFO [060_Mozart_PSon_K576_D_i_B8-27_page_0]       StepMonitoring.java:98   | TEXTS
2025-12-26 13:05:51,853 WARN [060_Mozart_PSon_K576_D_i_B8-27_page_0]         TesseractOCR.java:335  | The collection of supported languages is empty
2025-12-26 13:05:51,853 INFO [060_Mozart_PSon_K576_D_i_B8-27_page_0]              OcrUtil.java:106  | Missing support for 'eng' language(s)
2025-12-26 13:05:51,866 INFO [060_Mozart_PSon_K576_D_i_B8-27_page_0]       StepMonitoring.java:98   | MEASURES
2025-12-26 13:05:51,880 INFO [060_Mozart_PSon_K576_D_i_B8-27_page_0]                 Page.java:307  | 20 raw measures: [4 in system#1, 4 in system#2, 3 in system#3, 3 in system#4, 3 in system#5, 3 in system#6]
2025-12-26 13:05:51,881 INFO [060_Mozart_PSon_K576_D_i_B8-27_page_0]       StepMonitoring.java:98   | CHORDS
2025-12-26 13:05:51,907 INFO [060_Mozart_PSon_K576_D_i_B8-27_page_0]       StepMonitoring.java:98   | CURVES
2025-12-26 13:05:52,697 INFO [060_Mozart_PSon_K576_D_i_B8-27_page_0]         SlursBuilder.java:240  | Slurs: 21
2025-12-26 13:05:52,716 INFO [060_Mozart_PSon_K576_D_i_B8-27_page_0]      SegmentsBuilder.java:155  | Segments: 0
2025-12-26 13:05:52,725 INFO [060_Mozart_PSon_K576_D_i_B8-27_page_0]       StepMonitoring.java:98   | SYMBOLS
2025-12-26 13:05:53,140 INFO [060_Mozart_PSon_K576_D_i_B8-27_page_0]       StepMonitoring.java:98   | LINKS
2025-12-26 13:05:53,219 INFO [060_Mozart_PSon_K576_D_i_B8-27_page_0]       StepMonitoring.java:98   | RHYTHMS
2025-12-26 13:05:53,354 INFO [060_Mozart_PSon_K576_D_i_B8-27_page_0]                Voice.java:257  | Measure{#18} Voice{#1 excess:1/32} too long
2025-12-26 13:05:53,356 INFO [060_Mozart_PSon_K576_D_i_B8-27_page_0]                Voice.java:257  | Measure{#18} Voice{#9 excess:1/32} too long
2025-12-26 13:05:53,356 INFO [060_Mozart_PSon_K576_D_i_B8-27_page_0]                Voice.java:257  | Measure{#18} Voice{#10 excess:1/32} too long
2025-12-26 13:05:53,357 INFO [060_Mozart_PSon_K576_D_i_B8-27_page_0]          StackRhythm.java:224  | S6 MeasureStack#18 no correct rhythm
2025-12-26 13:05:53,373 INFO [060_Mozart_PSon_K576_D_i_B8-27_page_0]                Voice.java:257  | Measure{#20} Voice{#2 excess:1/16} too long
2025-12-26 13:05:53,373 INFO [060_Mozart_PSon_K576_D_i_B8-27_page_0]                Voice.java:257  | Measure{#20} Voice{#6 excess:1/16} too long
2025-12-26 13:05:53,374 INFO [060_Mozart_PSon_K576_D_i_B8-27_page_0]          StackRhythm.java:224  | S6 MeasureStack#20 no correct rhythm
2025-12-26 13:05:53,386 INFO [060_Mozart_PSon_K576_D_i_B8-27_page_0]       StepMonitoring.java:98   | PAGE
2025-12-26 13:05:53,394 INFO [060_Mozart_PSon_K576_D_i_B8-27_page_0]                Voice.java:257  | Measure{#18} Voice{#1 excess:1/32} too long
2025-12-26 13:05:53,394 INFO [060_Mozart_PSon_K576_D_i_B8-27_page_0]                Voice.java:257  | Measure{#18} Voice{#9 excess:1/32} too long
2025-12-26 13:05:53,395 INFO [060_Mozart_PSon_K576_D_i_B8-27_page_0]                Voice.java:257  | Measure{#18} Voice{#10 excess:1/32} too long
2025-12-26 13:05:53,396 INFO [060_Mozart_PSon_K576_D_i_B8-27_page_0]                Voice.java:257  | Measure{#20} Voice{#2 excess:1/16} too long
2025-12-26 13:05:53,396 INFO [060_Mozart_PSon_K576_D_i_B8-27_page_0]                Voice.java:257  | Measure{#20} Voice{#6 excess:1/16} too long
2025-12-26 13:05:53,403 INFO [060_Mozart_PSon_K576_D_i_B8-27_page_0]                 Book.java:2596 | Book{060_Mozart_PSon_K576_D_i_B8-27_page_0} storing
2025-12-26 13:05:53,451 INFO [060_Mozart_PSon_K576_D_i_B8-27_page_0]                 Book.java:2577 | Stored /book.xml
2025-12-26 13:05:53,560 INFO [060_Mozart_PSon_K576_D_i_B8-27_page_0]           DataHolder.java:348  | Stored /sheet#1/BINARY.png
2025-12-26 13:05:54,654 INFO [060_Mozart_PSon_K576_D_i_B8-27_page_0]                Sheet.java:1583 | Stored /sheet#1/sheet#1.xml
2025-12-26 13:05:54,654 INFO [060_Mozart_PSon_K576_D_i_B8-27_page_0]                 Book.java:2537 | Book stored as C:\Users\Elliot\Downloads\Audiveris\scores\060_Mozart_PSon_K576_D_i_B8-27_page_0.omr
2025-12-26 13:05:54,659 INFO [060_Mozart_PSon_K576_D_i_B8-27_page_0]            SheetStub.java:1660 | Disposed sheet
2025-12-26 13:05:54,691 INFO [060_Mozart_PSon_K576_D_i_B8-27_page_0]                 Book.java:2064 | End of Stub#1
2025-12-26 13:05:54,692 INFO [060_Mozart_PSon_K576_D_i_B8-27_page_0]                 Book.java:2071 | Book processed.
2025-12-26 13:05:55,172 INFO [060_Mozart_PSon_K576_D_i_B8-27_page_0]            SheetStub.java:997  | Loaded /sheet#1/sheet#1.xml
2025-12-26 13:05:55,680 INFO [060_Mozart_PSon_K576_D_i_B8-27_page_0]      PartwiseBuilder.java:2688 | Exporting sheet(s): [#1]
2025-12-26 13:05:55,858 INFO [060_Mozart_PSon_K576_D_i_B8-27_page_0]        ScoreExporter.java:164  | Score 060_Mozart_PSon_K576_D_i_B8-27_page_0 exported to C:\Users\Elliot\Downloads\Audiveris\scores\060_Mozart_PSon_K576_D_i_B8-27_page_0.mxl
2025-12-26 13:05:55,902 INFO [060_Mozart_PSon_K576_D_i_B8-27_page_0]                Score.java:181  | Closing {Score 1}
