2025-12-26 13:05:58,510 INFO [061_Beethoven_ForElise_B77-103_page_0]                 Book.java:560  | 1 sheet in C:\Users\Elliot\Downloads\Audiveris\scores\061_Beethoven_ForElise_B77-103_page_0.jpg
2025-12-26 13:05:58,742 INFO []                 Book.java:2577 | Stored /book.xml
2025-12-26 13:05:58,743 INFO []                 Book.java:2537 | Book stored as C:\Users\Elliot\Downloads\Audiveris\scores\061_Beethoven_ForElise_B77-103_page_0.omr
2025-12-26 13:05:58,752 INFO []                 Book.java:1929 | Book reaching PAGE on sheets:[#1]
2025-12-26 13:05:58,759 INFO [061_Beethoven_ForElise_B77-103_page_0]       StepMonitoring.java:98   | LOAD
2025-12-26 13:05:58,928 INFO [061_Beethoven_ForElise_B77-103_page_0]            SheetStub.java:1273 | Loaded image #1 1653x2339 from C:\Users\Elliot\Downloads\Audiveris\scores\061_Beethoven_ForElise_B77-103_page_0.jpg
2025-12-26 13:05:58,933 INFO [061_Beethoven_ForElise_B77-103_page_0]            ImageUtil.java:124  | Converting max RGB to gray
2025-12-26 13:05:59,091 INFO [061_Beethoven_ForElise_B77-103_page_0]       StepMonitoring.java:98   | BINARY
2025-12-26 13:05:59,411 INFO [061_Beethoven_ForElise_B77-103_page_0]       StepMonitoring.java:98   | SCALE
2025-12-26 13:05:59,442 INFO [061_Beethoven_ForElise_B77-103_page_0]         ScaleBuilder.java:241  | Beam  guessed height:  5 -- 0.50 of 10 interline
2025-12-26 13:05:59,444 INFO [061_Beethoven_ForElise_B77-103_page_0]         ScaleBuilder.java:264  | Beam measured height:  6 -- 0.43 of [3..10] range at 636% of needed quorum
2025-12-26 13:05:59,444 INFO [061_Beethoven_ForElise_B77-103_page_0]            ScaleStep.java:65   | Scale{ interline(11,12,12) line(1,1,2) beam(6)}
2025-12-26 13:05:59,445 INFO [061_Beethoven_ForElise_B77-103_page_0]       StepMonitoring.java:98   | GRID
2025-12-26 13:05:59,879 INFO [061_Beethoven_ForElise_B77-103_page_0]       LinesRetriever.java:1500 | Global slope: 0.00000
2025-12-26 13:05:59,926 INFO [061_Beethoven_ForElise_B77-103_page_0]    ClustersRetriever.java:326  | Retrieved raw line clusters: 10 of sizes [5] with interline(11,12,12)
2025-12-26 13:06:00,125 INFO [061_Beethoven_ForElise_B77-103_page_0]            PeakGraph.java:310  | Systems: #1[1, 2] #2[3, 4] #3[5, 6] #4[7, 8] #5[9, 10]
2025-12-26 13:06:00,415 INFO [061_Beethoven_ForElise_B77-103_page_0]        SystemManager.java:134  | Indentation detected for system #1
2025-12-26 13:06:00,416 INFO [061_Beethoven_ForElise_B77-103_page_0]        SystemManager.java:779  | 1 part along 5 systems
2025-12-26 13:06:00,418 INFO [061_Beethoven_ForElise_B77-103_page_0]                 Book.java:543  | Created scores: [{Score 1}]
2025-12-26 13:06:00,419 INFO [061_Beethoven_ForElise_B77-103_page_0]       StepMonitoring.java:98   | HEADERS
2025-12-26 13:06:00,781 INFO [061_Beethoven_ForElise_B77-103_page_0]      BasicClassifier.java:286  | Classifier loaded XML norms.
2025-12-26 13:06:00,787 INFO [061_Beethoven_ForElise_B77-103_page_0]   AbstractClassifier.java:396  | Classifier data loaded from default uri jar:file:/C:/Users/Elliot/Downloads/Audiveris/app/audiveris.jar!/res/basic-classifier.zip
2025-12-26 13:06:02,169 INFO [061_Beethoven_ForElise_B77-103_page_0]       StepMonitoring.java:98   | STEM_SEEDS
2025-12-26 13:06:02,245 INFO [061_Beethoven_ForElise_B77-103_page_0]        StemSeedsStep.java:86   | stem(2 max:3)
2025-12-26 13:06:02,348 INFO [061_Beethoven_ForElise_B77-103_page_0]       StepMonitoring.java:98   | BEAMS
2025-12-26 13:06:03,747 INFO [061_Beethoven_ForElise_B77-103_page_0]       StepMonitoring.java:98   | LEDGERS
2025-12-26 13:06:03,990 INFO [061_Beethoven_ForElise_B77-103_page_0]       StepMonitoring.java:98   | HEADS
2025-12-26 13:06:06,577 INFO [061_Beethoven_ForElise_B77-103_page_0]        HeadSeedTally.java:235  | Scale information: HeadSeeds{NOTEHEAD_BLACK[L:-0.2,R:0.5]}
2025-12-26 13:06:06,579 INFO [061_Beethoven_ForElise_B77-103_page_0]       StepMonitoring.java:98   | STEMS
2025-12-26 13:06:07,535 INFO [061_Beethoven_ForElise_B77-103_page_0]       StepMonitoring.java:98   | REDUCTION
2025-12-26 13:06:07,833 INFO [061_Beethoven_ForElise_B77-103_page_0]        ReductionStep.java:105  | Stems free length median value: 42 pixels, 3.5 interlines
2025-12-26 13:06:07,841 INFO [061_Beethoven_ForElise_B77-103_page_0]       StepMonitoring.java:98   | CUE_BEAMS
2025-12-26 13:06:07,842 INFO [061_Beethoven_ForElise_B77-103_page_0]         CueBeamsStep.java:81   | Step CUE_BEAMS is skipped because small heads switch is off
2025-12-26 13:06:07,843 INFO [061_Beethoven_ForElise_B77-103_page_0]       StepMonitoring.java:98   | TEXTS
2025-12-26 13:06:07,924 WARN [061_Beethoven_ForElise_B77-103_page_0]         TesseractOCR.java:335  | The collection of supported languages is empty
2025-12-26 13:06:07,925 INFO [061_Beethoven_ForElise_B77-103_page_0]              OcrUtil.java:106  | Missing support for 'eng' language(s)
2025-12-26 13:06:07,933 INFO [061_Beethoven_ForElise_B77-103_page_0]       StepMonitoring.java:98   | MEASURES
2025-12-26 13:06:07,944 INFO [061_Beethoven_ForElise_B77-103_page_0]                 Page.java:307  | 27 raw measures: [4 in system#1, 5 in system#2, 6 in system#3, 6 in system#4, 6 in system#5]
2025-12-26 13:06:07,944 INFO [061_Beethoven_ForElise_B77-103_page_0]       StepMonitoring.java:98   | CHORDS
2025-12-26 13:06:07,962 INFO [061_Beethoven_ForElise_B77-103_page_0]       StepMonitoring.java:98   | CURVES
2025-12-26 13:06:09,115 INFO [061_Beethoven_ForElise_B77-103_page_0]         SlursBuilder.java:240  | Slurs: 6
2025-12-26 13:06:09,127 INFO [061_Beethoven_ForElise_B77-103_page_0]      SegmentsBuilder.java:155  | Segments: 3
2025-12-26 13:06:09,133 INFO [061_Beethoven_ForElise_B77-103_page_0]       StepMonitoring.java:98   | SYMBOLS
2025-12-26 13:06:09,825 INFO [061_Beethoven_ForElise_B77-103_page_0]       StepMonitoring.java:98   | LINKS
2025-12-26 13:06:09,844 INFO [061_Beethoven_ForElise_B77-103_page_0]             KeyInter.java:1165 | No effective key before AlterInter#7242{(0.800) staff:1 NATURAL pitch:-5.0}
2025-12-26 13:06:09,846 INFO [061_Beethoven_ForElise_B77-103_page_0]             KeyInter.java:1165 | No effective key before AlterInter#7245{(0.800) staff:1 NATURAL pitch:-4.0}
2025-12-26 13:06:09,846 INFO [061_Beethoven_ForElise_B77-103_page_0]             KeyInter.java:1165 | No effective key before AlterInter#7248{(0.799) staff:1 NATURAL pitch:-2.0}
2025-12-26 13:06:09,892 INFO [061_Beethoven_ForElise_B77-103_page_0]             KeyInter.java:1165 | No effective key before AlterInter#7260{(0.332) staff:3 NATURAL pitch:-4.0}
2025-12-26 13:06:09,893 INFO [061_Beethoven_ForElise_B77-103_page_0]             KeyInter.java:1165 | No effective key before AlterInter#7262{(0.800) staff:3 NATURAL pitch:-5.0}
2025-12-26 13:06:09,894 INFO [061_Beethoven_ForElise_B77-103_page_0]             KeyInter.java:1165 | No effective key before AlterInter#7264{(0.800) staff:3 NATURAL pitch:-4.0}
2025-12-26 13:06:09,895 INFO [061_Beethoven_ForElise_B77-103_page_0]             KeyInter.java:1165 | No effective key before AlterInter#7267{(0.799) staff:3 NATURAL pitch:-2.0}
2025-12-26 13:06:09,909 INFO [061_Beethoven_ForElise_B77-103_page_0]             KeyInter.java:1165 | No effective key before AlterInter#7305{(0.800) staff:5 NATURAL pitch:-2.0}
2025-12-26 13:06:09,921 INFO [061_Beethoven_ForElise_B77-103_page_0]             KeyInter.java:1165 | No effective key before AlterInter#7406{(0.799) staff:7 NATURAL pitch:-2.0}
2025-12-26 13:06:09,942 INFO [061_Beethoven_ForElise_B77-103_page_0]             KeyInter.java:1165 | No effective key before AlterInter#7459{(0.800) staff:9 NATURAL pitch:-2.0}
2025-12-26 13:06:09,956 INFO [061_Beethoven_ForElise_B77-103_page_0]       StepMonitoring.java:98   | RHYTHMS
2025-12-26 13:06:10,017 INFO [061_Beethoven_ForElise_B77-103_page_0]                Voice.java:257  | Measure{#2} Voice{#3 excess:1/16} too long
2025-12-26 13:06:10,019 INFO [061_Beethoven_ForElise_B77-103_page_0]          StackRhythm.java:224  | S1 MeasureStack#2 no correct rhythm
2025-12-26 13:06:10,027 INFO [061_Beethoven_ForElise_B77-103_page_0]                Voice.java:257  | Measure{#3} Voice{#3 excess:1/16} too long
2025-12-26 13:06:10,029 INFO [061_Beethoven_ForElise_B77-103_page_0]          StackRhythm.java:224  | S1 MeasureStack#3 no correct rhythm
2025-12-26 13:06:10,036 INFO [061_Beethoven_ForElise_B77-103_page_0]                Voice.java:257  | Measure{#4} Voice{#3 excess:1/16} too long
2025-12-26 13:06:10,037 INFO [061_Beethoven_ForElise_B77-103_page_0]          StackRhythm.java:224  | S1 MeasureStack#4 no correct rhythm
2025-12-26 13:06:10,048 INFO [061_Beethoven_ForElise_B77-103_page_0]        MeasureRhythm.java:1045 | Measure{#5} No timeOffset for HeadChordInter#5852{(0.954/0.954) staff:3 slot#7 dur:1/16}
2025-12-26 13:06:10,049 INFO [061_Beethoven_ForElise_B77-103_page_0]                Voice.java:257  | Measure{#5} Voice{#1 excess:1/8} too long
2025-12-26 13:06:10,049 INFO [061_Beethoven_ForElise_B77-103_page_0]                Voice.java:257  | Measure{#5} Voice{#2 excess:1/16} too long
2025-12-26 13:06:10,050 INFO [061_Beethoven_ForElise_B77-103_page_0]          StackRhythm.java:224  | S2 MeasureStack#5 no correct rhythm
2025-12-26 13:06:10,103 INFO [061_Beethoven_ForElise_B77-103_page_0]        MeasureRhythm.java:1045 | Measure{#17} No timeOffset for RestChordInter#7425{(0.798/0.798) staff:7 slot#7 dur:1/16}
2025-12-26 13:06:10,104 INFO [061_Beethoven_ForElise_B77-103_page_0]        MeasureRhythm.java:1045 | Measure{#17} No timeOffset for HeadChordInter#5954{(0.936/0.936) staff:8 slot#7 dur:1/16}
2025-12-26 13:06:10,105 INFO [061_Beethoven_ForElise_B77-103_page_0]                Voice.java:257  | Measure{#17} Voice{#1 excess:7/16} too long
2025-12-26 13:06:10,106 INFO [061_Beethoven_ForElise_B77-103_page_0]          StackRhythm.java:224  | S4 MeasureStack#17 no correct rhythm
2025-12-26 13:06:10,134 INFO [061_Beethoven_ForElise_B77-103_page_0]       StepMonitoring.java:98   | PAGE
2025-12-26 13:06:10,140 INFO [061_Beethoven_ForElise_B77-103_page_0]                Voice.java:257  | Measure{#2} Voice{#3 excess:1/16} too long
2025-12-26 13:06:10,141 INFO [061_Beethoven_ForElise_B77-103_page_0]                Voice.java:257  | Measure{#3} Voice{#3 excess:1/16} too long
2025-12-26 13:06:10,142 INFO [061_Beethoven_ForElise_B77-103_page_0]                Voice.java:257  | Measure{#4} Voice{#3 excess:1/16} too long
2025-12-26 13:06:10,142 INFO [061_Beethoven_ForElise_B77-103_page_0]                Voice.java:257  | Measure{#5} Voice{#1 excess:1/8} too long
2025-12-26 13:06:10,143 INFO [061_Beethoven_ForElise_B77-103_page_0]                Voice.java:257  | Measure{#5} Voice{#2 excess:1/16} too long
2025-12-26 13:06:10,143 INFO [061_Beethoven_ForElise_B77-103_page_0]                Voice.java:257  | Measure{#17} Voice{#1 excess:7/16} too long
2025-12-26 13:06:10,150 INFO [061_Beethoven_ForElise_B77-103_page_0]                 Book.java:2596 | Book{061_Beethoven_ForElise_B77-103_page_0} storing
2025-12-26 13:06:10,205 INFO [061_Beethoven_ForElise_B77-103_page_0]                 Book.java:2577 | Stored /book.xml
2025-12-26 13:06:10,284 INFO [061_Beethoven_ForElise_B77-103_page_0]           DataHolder.java:348  | Stored /sheet#1/BINARY.png
2025-12-26 13:06:11,353 INFO [061_Beethoven_ForElise_B77-103_page_0]                Sheet.java:1583 | Stored /sheet#1/sheet#1.xml
2025-12-26 13:06:11,354 INFO [061_Beethoven_ForElise_B77-103_page_0]                 Book.java:2537 | Book stored as C:\Users\Elliot\Downloads\Audiveris\scores\061_Beethoven_ForElise_B77-103_page_0.omr
2025-12-26 13:06:11,359 INFO [061_Beethoven_ForElise_B77-103_page_0]            SheetStub.java:1660 | Disposed sheet
2025-12-26 13:06:11,397 INFO [061_Beethoven_ForElise_B77-103_page_0]                 Book.java:2064 | End of Stub#1
2025-12-26 13:06:11,398 INFO [061_Beethoven_ForElise_B77-103_page_0]                 Book.java:2071 | Book processed.
2025-12-26 13:06:11,908 INFO [061_Beethoven_ForElise_B77-103_page_0]            SheetStub.java:997  | Loaded /sheet#1/sheet#1.xml
2025-12-26 13:06:12,596 INFO [061_Beethoven_ForElise_B77-103_page_0]      PartwiseBuilder.java:2688 | Exporting sheet(s): [#1]
2025-12-26 13:06:12,726 INFO [061_Beethoven_ForElise_B77-103_page_0]        ScoreExporter.java:164  | Score 061_Beethoven_ForElise_B77-103_page_0 exported to C:\Users\Elliot\Downloads\Audiveris\scores\061_Beethoven_ForElise_B77-103_page_0.mxl
2025-12-26 13:06:12,769 INFO [061_Beethoven_ForElise_B77-103_page_0]                Score.java:181  | Closing {Score 1}
