2025-12-26 13:06:15,142 INFO [062_Beethoven_Minuet_G_WoO10-2_B0-16_page_0]                 Book.java:560  | 1 sheet in C:\Users\Elliot\Downloads\Audiveris\scores\062_Beethoven_Minuet_G_WoO10-2_B0-16_page_0.jpg
2025-12-26 13:06:15,292 INFO []                 Book.java:2577 | Stored /book.xml
2025-12-26 13:06:15,293 INFO []                 Book.java:2537 | Book stored as C:\Users\Elliot\Downloads\Audiveris\scores\062_Beethoven_Minuet_G_WoO10-2_B0-16_page_0.omr
2025-12-26 13:06:15,302 INFO []                 Book.java:1929 | Book reaching PAGE on sheets:[#1]
2025-12-26 13:06:15,308 INFO [062_Beethoven_Minuet_G_WoO10-2_B0-16_page_0]       StepMonitoring.java:98   | LOAD
2025-12-26 13:06:15,446 INFO [062_Beethoven_Minuet_G_WoO10-2_B0-16_page_0]            SheetStub.java:1273 | Loaded image #1 1653x2339 from C:\Users\Elliot\Downloads\Audiveris\scores\062_Beethoven_Minuet_G_WoO10-2_B0-16_page_0.jpg
2025-12-26 13:06:15,449 INFO [062_Beethoven_Minuet_G_WoO10-2_B0-16_page_0]            ImageUtil.java:124  | Converting max RGB to gray
2025-12-26 13:06:15,641 INFO [062_Beethoven_Minuet_G_WoO10-2_B0-16_page_0]       StepMonitoring.java:98   | BINARY
2025-12-26 13:06:16,020 INFO [062_Beethoven_Minuet_G_WoO10-2_B0-16_page_0]       StepMonitoring.java:98   | SCALE
2025-12-26 13:06:16,040 INFO [062_Beethoven_Minuet_G_WoO10-2_B0-16_page_0]         ScaleBuilder.java:241  | Beam  guessed height:  5 -- 0.50 of 10 interline
2025-12-26 13:06:16,042 INFO [062_Beethoven_Minuet_G_WoO10-2_B0-16_page_0]         ScaleBuilder.java:264  | Beam measured height:  7 -- 0.57 of [3..10] range at 218% of needed quorum
2025-12-26 13:06:16,042 INFO [062_Beethoven_Minuet_G_WoO10-2_B0-16_page_0]            ScaleStep.java:65   | Scale{ interline(11,12,12) line(1,1,3) beam(7)}
2025-12-26 13:06:16,044 INFO [062_Beethoven_Minuet_G_WoO10-2_B0-16_page_0]       StepMonitoring.java:98   | GRID
2025-12-26 13:06:16,419 INFO [062_Beethoven_Minuet_G_WoO10-2_B0-16_page_0]       LinesRetriever.java:1500 | Global slope: -0.00099
2025-12-26 13:06:16,481 INFO [062_Beethoven_Minuet_G_WoO10-2_B0-16_page_0]    ClustersRetriever.java:326  | Retrieved raw line clusters: 6 of sizes [5] with interline(11,12,12)
2025-12-26 13:06:16,656 INFO [062_Beethoven_Minuet_G_WoO10-2_B0-16_page_0]            PeakGraph.java:310  | Systems: #1[1, 2] #2[3, 4] #3[5, 6]
2025-12-26 13:06:16,950 INFO [062_Beethoven_Minuet_G_WoO10-2_B0-16_page_0]        SystemManager.java:134  | Indentation detected for system #1
2025-12-26 13:06:16,951 INFO [062_Beethoven_Minuet_G_WoO10-2_B0-16_page_0]        SystemManager.java:779  | 1 part along 3 systems
2025-12-26 13:06:16,952 INFO [062_Beethoven_Minuet_G_WoO10-2_B0-16_page_0]                 Book.java:543  | Created scores: [{Score 1}]
2025-12-26 13:06:16,953 INFO [062_Beethoven_Minuet_G_WoO10-2_B0-16_page_0]       StepMonitoring.java:98   | HEADERS
2025-12-26 13:06:17,387 INFO []      BasicClassifier.java:286  | Classifier loaded XML norms.
2025-12-26 13:06:17,392 INFO []   AbstractClassifier.java:396  | Classifier data loaded from default uri jar:file:/C:/Users/Elliot/Downloads/Audiveris/app/audiveris.jar!/res/basic-classifier.zip
2025-12-26 13:06:18,298 INFO [062_Beethoven_Minuet_G_WoO10-2_B0-16_page_0]       StepMonitoring.java:98   | STEM_SEEDS
2025-12-26 13:06:18,383 INFO [062_Beethoven_Minuet_G_WoO10-2_B0-16_page_0]        StemSeedsStep.java:86   | stem(1 max:3)
2025-12-26 13:06:18,468 INFO [062_Beethoven_Minuet_G_WoO10-2_B0-16_page_0]       StepMonitoring.java:98   | BEAMS
2025-12-26 13:06:19,966 INFO [062_Beethoven_Minuet_G_WoO10-2_B0-16_page_0]       StepMonitoring.java:98   | LEDGERS
2025-12-26 13:06:20,139 INFO [062_Beethoven_Minuet_G_WoO10-2_B0-16_page_0]       StepMonitoring.java:98   | HEADS
2025-12-26 13:06:21,680 INFO [062_Beethoven_Minuet_G_WoO10-2_B0-16_page_0]        HeadSeedTally.java:235  | Scale information: HeadSeeds{NOTEHEAD_BLACK[L:-0.3,R:0.4]}
2025-12-26 13:06:21,681 INFO [062_Beethoven_Minuet_G_WoO10-2_B0-16_page_0]       StepMonitoring.java:98   | STEMS
2025-12-26 13:06:22,533 INFO [062_Beethoven_Minuet_G_WoO10-2_B0-16_page_0]       StepMonitoring.java:98   | REDUCTION
2025-12-26 13:06:22,825 INFO [062_Beethoven_Minuet_G_WoO10-2_B0-16_page_0]        ReductionStep.java:105  | Stems free length median value: 41 pixels, 3.4 interlines
2025-12-26 13:06:22,833 INFO [062_Beethoven_Minuet_G_WoO10-2_B0-16_page_0]       StepMonitoring.java:98   | CUE_BEAMS
2025-12-26 13:06:22,834 INFO [062_Beethoven_Minuet_G_WoO10-2_B0-16_page_0]         CueBeamsStep.java:81   | Step CUE_BEAMS is skipped because small heads switch is off
2025-12-26 13:06:22,835 INFO [062_Beethoven_Minuet_G_WoO10-2_B0-16_page_0]       StepMonitoring.java:98   | TEXTS
2025-12-26 13:06:22,912 WARN [062_Beethoven_Minuet_G_WoO10-2_B0-16_page_0]         TesseractOCR.java:335  | The collection of supported languages is empty
2025-12-26 13:06:22,913 INFO [062_Beethoven_Minuet_G_WoO10-2_B0-16_page_0]              OcrUtil.java:106  | Missing support for 'eng' language(s)
2025-12-26 13:06:22,925 INFO [062_Beethoven_Minuet_G_WoO10-2_B0-16_page_0]       StepMonitoring.java:98   | MEASURES
2025-12-26 13:06:22,938 INFO [062_Beethoven_Minuet_G_WoO10-2_B0-16_page_0]                 Page.java:307  | 17 raw measures: [6 in system#1, 6 in system#2, 5 in system#3]
2025-12-26 13:06:22,938 INFO [062_Beethoven_Minuet_G_WoO10-2_B0-16_page_0]       StepMonitoring.java:98   | CHORDS
2025-12-26 13:06:22,957 INFO [062_Beethoven_Minuet_G_WoO10-2_B0-16_page_0]       StepMonitoring.java:98   | CURVES
2025-12-26 13:06:23,884 INFO [062_Beethoven_Minuet_G_WoO10-2_B0-16_page_0]         SlursBuilder.java:240  | Slurs: 24
2025-12-26 13:06:23,924 INFO [062_Beethoven_Minuet_G_WoO10-2_B0-16_page_0]      SegmentsBuilder.java:155  | Segments: 4
2025-12-26 13:06:23,936 INFO [062_Beethoven_Minuet_G_WoO10-2_B0-16_page_0]       StepMonitoring.java:98   | SYMBOLS
2025-12-26 13:06:24,452 INFO [062_Beethoven_Minuet_G_WoO10-2_B0-16_page_0]       StepMonitoring.java:98   | LINKS
2025-12-26 13:06:24,545 INFO [062_Beethoven_Minuet_G_WoO10-2_B0-16_page_0]       StepMonitoring.java:98   | RHYTHMS
2025-12-26 13:06:24,640 INFO [062_Beethoven_Minuet_G_WoO10-2_B0-16_page_0]       StepMonitoring.java:98   | PAGE
2025-12-26 13:06:24,655 INFO [062_Beethoven_Minuet_G_WoO10-2_B0-16_page_0]                 Book.java:2596 | Book{062_Beethoven_Minuet_G_WoO10-2_B0-16_page_0} storing
2025-12-26 13:06:24,709 INFO [062_Beethoven_Minuet_G_WoO10-2_B0-16_page_0]                 Book.java:2577 | Stored /book.xml
2025-12-26 13:06:24,831 INFO [062_Beethoven_Minuet_G_WoO10-2_B0-16_page_0]           DataHolder.java:348  | Stored /sheet#1/BINARY.png
2025-12-26 13:06:25,656 INFO [062_Beethoven_Minuet_G_WoO10-2_B0-16_page_0]                Sheet.java:1583 | Stored /sheet#1/sheet#1.xml
2025-12-26 13:06:25,656 INFO [062_Beethoven_Minuet_G_WoO10-2_B0-16_page_0]                 Book.java:2537 | Book stored as C:\Users\Elliot\Downloads\Audiveris\scores\062_Beethoven_Minuet_G_WoO10-2_B0-16_page_0.omr
2025-12-26 13:06:25,660 INFO [062_Beethoven_Minuet_G_WoO10-2_B0-16_page_0]            SheetStub.java:1660 | Disposed sheet
2025-12-26 13:06:25,692 INFO [062_Beethoven_Minuet_G_WoO10-2_B0-16_page_0]                 Book.java:2064 | End of Stub#1
2025-12-26 13:06:25,693 INFO [062_Beethoven_Minuet_G_WoO10-2_B0-16_page_0]                 Book.java:2071 | Book processed.
2025-12-26 13:06:26,033 INFO [062_Beethoven_Minuet_G_WoO10-2_B0-16_page_0]            SheetStub.java:997  | Loaded /sheet#1/sheet#1.xml
2025-12-26 13:06:26,585 INFO [062_Beethoven_Minuet_G_WoO10-2_B0-16_page_0]      PartwiseBuilder.java:2688 | Exporting sheet(s): [#1]
2025-12-26 13:06:26,762 INFO [062_Beethoven_Minuet_G_WoO10-2_B0-16_page_0]        ScoreExporter.java:164  | Score 062_Beethoven_Minuet_G_WoO10-2_B0-16_page_0 exported to C:\Users\Elliot\Downloads\Audiveris\scores\062_Beethoven_Minuet_G_WoO10-2_B0-16_page_0.mxl
2025-12-26 13:06:26,804 INFO [062_Beethoven_Minuet_G_WoO10-2_B0-16_page_0]                Score.java:181  | Closing {Score 1}
