2025-12-26 13:06:29,446 INFO [063_Beethoven_PSon_No8_ii_B1-16_page_0]                 Book.java:560  | 1 sheet in C:\Users\Elliot\Downloads\Audiveris\scores\063_Beethoven_PSon_No8_ii_B1-16_page_0.jpg
2025-12-26 13:06:29,623 INFO []                 Book.java:2577 | Stored /book.xml
2025-12-26 13:06:29,625 INFO []                 Book.java:2537 | Book stored as C:\Users\Elliot\Downloads\Audiveris\scores\063_Beethoven_PSon_No8_ii_B1-16_page_0.omr
2025-12-26 13:06:29,631 INFO []                 Book.java:1929 | Book reaching PAGE on sheets:[#1]
2025-12-26 13:06:29,637 INFO [063_Beethoven_PSon_No8_ii_B1-16_page_0]       StepMonitoring.java:98   | LOAD
2025-12-26 13:06:29,768 INFO [063_Beethoven_PSon_No8_ii_B1-16_page_0]            SheetStub.java:1273 | Loaded image #1 1653x2339 from C:\Users\Elliot\Downloads\Audiveris\scores\063_Beethoven_PSon_No8_ii_B1-16_page_0.jpg
2025-12-26 13:06:29,771 INFO [063_Beethoven_PSon_No8_ii_B1-16_page_0]            ImageUtil.java:124  | Converting max RGB to gray
2025-12-26 13:06:29,978 INFO [063_Beethoven_PSon_No8_ii_B1-16_page_0]       StepMonitoring.java:98   | BINARY
2025-12-26 13:06:30,295 INFO [063_Beethoven_PSon_No8_ii_B1-16_page_0]       StepMonitoring.java:98   | SCALE
2025-12-26 13:06:30,338 INFO [063_Beethoven_PSon_No8_ii_B1-16_page_0]         ScaleBuilder.java:241  | Beam  guessed height:  5 -- 0.50 of 10 interline
2025-12-26 13:06:30,340 INFO [063_Beethoven_PSon_No8_ii_B1-16_page_0]         ScaleBuilder.java:264  | Beam measured height:  6 -- 0.43 of [3..10] range at 1166% of needed quorum
2025-12-26 13:06:30,340 INFO [063_Beethoven_PSon_No8_ii_B1-16_page_0]            ScaleStep.java:65   | Scale{ interline(11,12,12) line(1,1,3) beam(6)}
2025-12-26 13:06:30,341 INFO [063_Beethoven_PSon_No8_ii_B1-16_page_0]       StepMonitoring.java:98   | GRID
2025-12-26 13:06:30,791 INFO [063_Beethoven_PSon_No8_ii_B1-16_page_0]       LinesRetriever.java:1500 | Global slope: 0.00000
2025-12-26 13:06:30,850 INFO [063_Beethoven_PSon_No8_ii_B1-16_page_0]    ClustersRetriever.java:326  | Retrieved raw line clusters: 8 of sizes [5] with interline(11,12,12)
2025-12-26 13:06:30,991 INFO [063_Beethoven_PSon_No8_ii_B1-16_page_0]            PeakGraph.java:310  | Systems: #1[1, 2] #2[3, 4] #3[5, 6] #4[7, 8]
2025-12-26 13:06:31,239 INFO [063_Beethoven_PSon_No8_ii_B1-16_page_0]        SystemManager.java:134  | Indentation detected for system #1
2025-12-26 13:06:31,241 INFO [063_Beethoven_PSon_No8_ii_B1-16_page_0]        SystemManager.java:779  | 1 part along 4 systems
2025-12-26 13:06:31,241 INFO [063_Beethoven_PSon_No8_ii_B1-16_page_0]                 Book.java:543  | Created scores: [{Score 1}]
2025-12-26 13:06:31,242 INFO [063_Beethoven_PSon_No8_ii_B1-16_page_0]       StepMonitoring.java:98   | HEADERS
2025-12-26 13:06:31,745 INFO [063_Beethoven_PSon_No8_ii_B1-16_page_0]      BasicClassifier.java:286  | Classifier loaded XML norms.
2025-12-26 13:06:31,749 INFO [063_Beethoven_PSon_No8_ii_B1-16_page_0]   AbstractClassifier.java:396  | Classifier data loaded from default uri jar:file:/C:/Users/Elliot/Downloads/Audiveris/app/audiveris.jar!/res/basic-classifier.zip
2025-12-26 13:06:32,900 INFO [063_Beethoven_PSon_No8_ii_B1-16_page_0]       StepMonitoring.java:98   | STEM_SEEDS
2025-12-26 13:06:32,954 INFO [063_Beethoven_PSon_No8_ii_B1-16_page_0]        StemSeedsStep.java:86   | stem(1 max:2)
2025-12-26 13:06:33,002 INFO [063_Beethoven_PSon_No8_ii_B1-16_page_0]       StepMonitoring.java:98   | BEAMS
2025-12-26 13:06:34,334 INFO [063_Beethoven_PSon_No8_ii_B1-16_page_0]       StepMonitoring.java:98   | LEDGERS
2025-12-26 13:06:34,578 INFO [063_Beethoven_PSon_No8_ii_B1-16_page_0]       StepMonitoring.java:98   | HEADS
2025-12-26 13:06:36,627 INFO [063_Beethoven_PSon_No8_ii_B1-16_page_0]        HeadSeedTally.java:235  | Scale information: HeadSeeds{NOTEHEAD_BLACK[L:-0.1,R:0.5]}
2025-12-26 13:06:36,628 INFO [063_Beethoven_PSon_No8_ii_B1-16_page_0]       StepMonitoring.java:98   | STEMS
2025-12-26 13:06:37,643 INFO [063_Beethoven_PSon_No8_ii_B1-16_page_0]       StepMonitoring.java:98   | REDUCTION
2025-12-26 13:06:37,933 INFO [063_Beethoven_PSon_No8_ii_B1-16_page_0]        ReductionStep.java:105  | Stems free length median value: 37 pixels, 3.1 interlines
2025-12-26 13:06:37,942 INFO [063_Beethoven_PSon_No8_ii_B1-16_page_0]       StepMonitoring.java:98   | CUE_BEAMS
2025-12-26 13:06:37,943 INFO [063_Beethoven_PSon_No8_ii_B1-16_page_0]         CueBeamsStep.java:81   | Step CUE_BEAMS is skipped because small heads switch is off
2025-12-26 13:06:37,944 INFO [063_Beethoven_PSon_No8_ii_B1-16_page_0]       StepMonitoring.java:98   | TEXTS
2025-12-26 13:06:38,039 WARN [063_Beethoven_PSon_No8_ii_B1-16_page_0]         TesseractOCR.java:335  | The collection of supported languages is empty
2025-12-26 13:06:38,040 INFO [063_Beethoven_PSon_No8_ii_B1-16_page_0]              OcrUtil.java:106  | Missing support for 'eng' language(s)
2025-12-26 13:06:38,050 INFO [063_Beethoven_PSon_No8_ii_B1-16_page_0]       StepMonitoring.java:98   | MEASURES
2025-12-26 13:06:38,066 INFO [063_Beethoven_PSon_No8_ii_B1-16_page_0]                 Page.java:307  | 16 raw measures: [4 in system#1, 4 in system#2, 4 in system#3, 4 in system#4]
2025-12-26 13:06:38,066 INFO [063_Beethoven_PSon_No8_ii_B1-16_page_0]       StepMonitoring.java:98   | CHORDS
2025-12-26 13:06:38,095 INFO [063_Beethoven_PSon_No8_ii_B1-16_page_0]       StepMonitoring.java:98   | CURVES
2025-12-26 13:06:38,835 INFO [063_Beethoven_PSon_No8_ii_B1-16_page_0]         SlursBuilder.java:240  | Slurs: 25
2025-12-26 13:06:38,850 INFO [063_Beethoven_PSon_No8_ii_B1-16_page_0]      SegmentsBuilder.java:155  | Segments: 0
2025-12-26 13:06:38,857 INFO [063_Beethoven_PSon_No8_ii_B1-16_page_0]       StepMonitoring.java:98   | SYMBOLS
2025-12-26 13:06:39,311 INFO [063_Beethoven_PSon_No8_ii_B1-16_page_0]       StepMonitoring.java:98   | LINKS
2025-12-26 13:06:39,393 INFO [063_Beethoven_PSon_No8_ii_B1-16_page_0]       StepMonitoring.java:98   | RHYTHMS
2025-12-26 13:06:39,471 INFO [063_Beethoven_PSon_No8_ii_B1-16_page_0]                Voice.java:257  | Measure{#4} Voice{#2 excess:1/8} too long
2025-12-26 13:06:39,473 INFO [063_Beethoven_PSon_No8_ii_B1-16_page_0]          StackRhythm.java:224  | S1 MeasureStack#4 no correct rhythm
2025-12-26 13:06:39,492 INFO [063_Beethoven_PSon_No8_ii_B1-16_page_0]                Voice.java:257  | Measure{#6} Voice{#1 excess:1/4} too long
2025-12-26 13:06:39,493 INFO [063_Beethoven_PSon_No8_ii_B1-16_page_0]          StackRhythm.java:224  | S2 MeasureStack#6 no correct rhythm
2025-12-26 13:06:39,565 INFO [063_Beethoven_PSon_No8_ii_B1-16_page_0]        MeasureRhythm.java:1277 | Measure{#14} Time inconsistency in {5/16=[HeadChordInter#4850{(0.925/0.925) staff:7 slot#6 off:5/16 dur:1/16}], 3/8=[HeadChordInter#4887{(0.925/0.925) staff:8 slot#6 off:3/8 dur:1/8}]}
2025-12-26 13:06:39,566 INFO [063_Beethoven_PSon_No8_ii_B1-16_page_0]        MeasureRhythm.java:1277 | Measure{#14} Time inconsistency in {3/8=[HeadChordInter#4851{(0.943/0.943) staff:7 slot#7 off:3/8 dur:1/16}], 1/2=[HeadChordInter#4888{(0.953/0.953) staff:8 slot#7 off:1/2 dur:1/8}]}
2025-12-26 13:06:39,566 INFO [063_Beethoven_PSon_No8_ii_B1-16_page_0]        MeasureRhythm.java:1277 | Measure{#14} Time inconsistency in {7/16=[HeadChordInter#4852{(0.943/0.943) staff:7 slot#8 off:7/16 dur:1/16}], 5/8=[HeadChordInter#4889{(0.935/0.935) staff:8 slot#8 off:5/8 dur:1/8}]}
2025-12-26 13:06:39,567 INFO [063_Beethoven_PSon_No8_ii_B1-16_page_0]                Voice.java:257  | Measure{#14} Voice{#5 excess:1/4} too long
2025-12-26 13:06:39,568 INFO [063_Beethoven_PSon_No8_ii_B1-16_page_0]          StackRhythm.java:224  | S4 MeasureStack#14 no correct rhythm
2025-12-26 13:06:39,576 INFO [063_Beethoven_PSon_No8_ii_B1-16_page_0]        MeasureRhythm.java:1277 | Measure{#15} Time inconsistency in {1/16=[HeadChordInter#4855{(0.935/0.935) staff:7 slot#2 off:1/16 dur:1/16}], 1/8=[HeadChordInter#4892{(0.924/0.924) staff:8 slot#2 off:1/8 dur:1/8}]}
2025-12-26 13:06:39,577 INFO [063_Beethoven_PSon_No8_ii_B1-16_page_0]        MeasureRhythm.java:1277 | Measure{#15} Time inconsistency in {1/8=[HeadChordInter#4856{(0.955/0.955) staff:7 slot#3 off:1/8 dur:1/16}], 1/4=[HeadChordInter#4893{(0.937/0.937) staff:8 slot#3 off:1/4 dur:1/8}]}
2025-12-26 13:06:39,578 INFO [063_Beethoven_PSon_No8_ii_B1-16_page_0]        MeasureRhythm.java:1277 | Measure{#15} Time inconsistency in {3/16=[HeadChordInter#4857{(0.951/0.951) staff:7 slot#4 off:3/16 dur:1/16}], 3/8=[HeadChordInter#4894{(0.937/0.937) staff:8 slot#4 off:3/8 dur:1/8}]}
2025-12-26 13:06:39,588 INFO [063_Beethoven_PSon_No8_ii_B1-16_page_0]       StepMonitoring.java:98   | PAGE
2025-12-26 13:06:39,598 INFO [063_Beethoven_PSon_No8_ii_B1-16_page_0]                Voice.java:257  | Measure{#4} Voice{#2 excess:1/8} too long
2025-12-26 13:06:39,599 INFO [063_Beethoven_PSon_No8_ii_B1-16_page_0]                Voice.java:257  | Measure{#6} Voice{#1 excess:1/4} too long
2025-12-26 13:06:39,600 INFO [063_Beethoven_PSon_No8_ii_B1-16_page_0]                Voice.java:257  | Measure{#14} Voice{#5 excess:1/4} too long
2025-12-26 13:06:39,608 INFO [063_Beethoven_PSon_No8_ii_B1-16_page_0]                 Book.java:2596 | Book{063_Beethoven_PSon_No8_ii_B1-16_page_0} storing
2025-12-26 13:06:39,664 INFO [063_Beethoven_PSon_No8_ii_B1-16_page_0]                 Book.java:2577 | Stored /book.xml
2025-12-26 13:06:39,812 INFO [063_Beethoven_PSon_No8_ii_B1-16_page_0]           DataHolder.java:348  | Stored /sheet#1/BINARY.png
2025-12-26 13:06:41,006 INFO [063_Beethoven_PSon_No8_ii_B1-16_page_0]                Sheet.java:1583 | Stored /sheet#1/sheet#1.xml
2025-12-26 13:06:41,007 INFO [063_Beethoven_PSon_No8_ii_B1-16_page_0]                 Book.java:2537 | Book stored as C:\Users\Elliot\Downloads\Audiveris\scores\063_Beethoven_PSon_No8_ii_B1-16_page_0.omr
2025-12-26 13:06:41,011 INFO [063_Beethoven_PSon_No8_ii_B1-16_page_0]            SheetStub.java:1660 | Disposed sheet
2025-12-26 13:06:41,050 INFO [063_Beethoven_PSon_No8_ii_B1-16_page_0]                 Book.java:2064 | End of Stub#1
2025-12-26 13:06:41,051 INFO [063_Beethoven_PSon_No8_ii_B1-16_page_0]                 Book.java:2071 | Book processed.
2025-12-26 13:06:41,564 INFO [063_Beethoven_PSon_No8_ii_B1-16_page_0]            SheetStub.java:997  | Loaded /sheet#1/sheet#1.xml
2025-12-26 13:06:42,110 INFO [063_Beethoven_PSon_No8_ii_B1-16_page_0]      PartwiseBuilder.java:2688 | Exporting sheet(s): [#1]
2025-12-26 13:06:42,259 INFO [063_Beethoven_PSon_No8_ii_B1-16_page_0]        ScoreExporter.java:164  | Score 063_Beethoven_PSon_No8_ii_B1-16_page_0 exported to C:\Users\Elliot\Downloads\Audiveris\scores\063_Beethoven_PSon_No8_ii_B1-16_page_0.mxl
2025-12-26 13:06:42,310 INFO [063_Beethoven_PSon_No8_ii_B1-16_page_0]                Score.java:181  | Closing {Score 1}
