2025-12-26 13:06:44,876 INFO [064_Beethoven_PSon_No8_iii_B78-106_page_0]                 Book.java:560  | 1 sheet in C:\Users\Elliot\Downloads\Audiveris\scores\064_Beethoven_PSon_No8_iii_B78-106_page_0.jpg
2025-12-26 13:06:45,063 INFO []                 Book.java:2577 | Stored /book.xml
2025-12-26 13:06:45,063 INFO []                 Book.java:2537 | Book stored as C:\Users\Elliot\Downloads\Audiveris\scores\064_Beethoven_PSon_No8_iii_B78-106_page_0.omr
2025-12-26 13:06:45,069 INFO []                 Book.java:1929 | Book reaching PAGE on sheets:[#1]
2025-12-26 13:06:45,075 INFO [064_Beethoven_PSon_No8_iii_B78-106_page_0]       StepMonitoring.java:98   | LOAD
2025-12-26 13:06:45,258 INFO [064_Beethoven_PSon_No8_iii_B78-106_page_0]            SheetStub.java:1273 | Loaded image #1 1653x2339 from C:\Users\Elliot\Downloads\Audiveris\scores\064_Beethoven_PSon_No8_iii_B78-106_page_0.jpg
2025-12-26 13:06:45,262 INFO [064_Beethoven_PSon_No8_iii_B78-106_page_0]            ImageUtil.java:124  | Converting max RGB to gray
2025-12-26 13:06:45,441 INFO [064_Beethoven_PSon_No8_iii_B78-106_page_0]       StepMonitoring.java:98   | BINARY
2025-12-26 13:06:45,855 INFO [064_Beethoven_PSon_No8_iii_B78-106_page_0]       StepMonitoring.java:98   | SCALE
2025-12-26 13:06:45,878 INFO [064_Beethoven_PSon_No8_iii_B78-106_page_0]         ScaleBuilder.java:241  | Beam  guessed height:  5 -- 0.50 of 10 interline
2025-12-26 13:06:45,880 INFO [064_Beethoven_PSon_No8_iii_B78-106_page_0]         ScaleBuilder.java:264  | Beam measured height:  7 -- 0.57 of [3..10] range at 151% of needed quorum
2025-12-26 13:06:45,880 INFO [064_Beethoven_PSon_No8_iii_B78-106_page_0]            ScaleStep.java:65   | Scale{ interline(11,12,12) line(1,1,2) beam(7)}
2025-12-26 13:06:45,881 INFO [064_Beethoven_PSon_No8_iii_B78-106_page_0]       StepMonitoring.java:98   | GRID
2025-12-26 13:06:46,339 INFO [064_Beethoven_PSon_No8_iii_B78-106_page_0]       LinesRetriever.java:1500 | Global slope: 0.00000
2025-12-26 13:06:46,434 INFO [064_Beethoven_PSon_No8_iii_B78-106_page_0]    ClustersRetriever.java:326  | Retrieved raw line clusters: 12 of sizes [5] with interline(11,12,12)
2025-12-26 13:06:46,619 INFO [064_Beethoven_PSon_No8_iii_B78-106_page_0]            PeakGraph.java:310  | Systems: #1[1, 2] #2[3, 4] #3[5, 6] #4[7, 8] #5[9, 10] #6[11, 12]
2025-12-26 13:06:47,149 INFO [064_Beethoven_PSon_No8_iii_B78-106_page_0]        SystemManager.java:134  | Indentation detected for system #1
2025-12-26 13:06:47,149 INFO [064_Beethoven_PSon_No8_iii_B78-106_page_0]        SystemManager.java:779  | 1 part along 6 systems
2025-12-26 13:06:47,150 INFO [064_Beethoven_PSon_No8_iii_B78-106_page_0]                 Book.java:543  | Created scores: [{Score 1}]
2025-12-26 13:06:47,151 INFO [064_Beethoven_PSon_No8_iii_B78-106_page_0]       StepMonitoring.java:98   | HEADERS
2025-12-26 13:06:47,479 INFO []      BasicClassifier.java:286  | Classifier loaded XML norms.
2025-12-26 13:06:47,485 INFO []   AbstractClassifier.java:396  | Classifier data loaded from default uri jar:file:/C:/Users/Elliot/Downloads/Audiveris/app/audiveris.jar!/res/basic-classifier.zip
2025-12-26 13:06:48,675 INFO [064_Beethoven_PSon_No8_iii_B78-106_page_0]       StepMonitoring.java:98   | STEM_SEEDS
2025-12-26 13:06:48,746 INFO [064_Beethoven_PSon_No8_iii_B78-106_page_0]        StemSeedsStep.java:86   | stem(2 max:2)
2025-12-26 13:06:48,826 INFO [064_Beethoven_PSon_No8_iii_B78-106_page_0]       StepMonitoring.java:98   | BEAMS
2025-12-26 13:06:50,340 INFO [064_Beethoven_PSon_No8_iii_B78-106_page_0]       StepMonitoring.java:98   | LEDGERS
2025-12-26 13:06:50,501 INFO [064_Beethoven_PSon_No8_iii_B78-106_page_0]       StepMonitoring.java:98   | HEADS
2025-12-26 13:06:52,948 INFO [064_Beethoven_PSon_No8_iii_B78-106_page_0]        HeadSeedTally.java:235  | Scale information: HeadSeeds{NOTEHEAD_VOID[L:-0.2,R:0.5] NOTEHEAD_BLACK[L:-0.1,R:0.5]}
2025-12-26 13:06:52,949 INFO [064_Beethoven_PSon_No8_iii_B78-106_page_0]       StepMonitoring.java:98   | STEMS
2025-12-26 13:06:53,851 INFO [064_Beethoven_PSon_No8_iii_B78-106_page_0]       StepMonitoring.java:98   | REDUCTION
2025-12-26 13:06:54,025 INFO [064_Beethoven_PSon_No8_iii_B78-106_page_0]        ReductionStep.java:105  | Stems free length median value: 41 pixels, 3.4 interlines
2025-12-26 13:06:54,032 INFO [064_Beethoven_PSon_No8_iii_B78-106_page_0]       StepMonitoring.java:98   | CUE_BEAMS
2025-12-26 13:06:54,033 INFO [064_Beethoven_PSon_No8_iii_B78-106_page_0]         CueBeamsStep.java:81   | Step CUE_BEAMS is skipped because small heads switch is off
2025-12-26 13:06:54,034 INFO [064_Beethoven_PSon_No8_iii_B78-106_page_0]       StepMonitoring.java:98   | TEXTS
2025-12-26 13:06:54,126 WARN [064_Beethoven_PSon_No8_iii_B78-106_page_0]         TesseractOCR.java:335  | The collection of supported languages is empty
2025-12-26 13:06:54,126 INFO [064_Beethoven_PSon_No8_iii_B78-106_page_0]              OcrUtil.java:106  | Missing support for 'eng' language(s)
2025-12-26 13:06:54,139 INFO [064_Beethoven_PSon_No8_iii_B78-106_page_0]       StepMonitoring.java:98   | MEASURES
2025-12-26 13:06:54,152 INFO [064_Beethoven_PSon_No8_iii_B78-106_page_0]                 Page.java:307  | 29 raw measures: [4 in system#1, 5 in system#2, 6 in system#3, 6 in system#4, 4 in system#5, 4 in system#6]
2025-12-26 13:06:54,153 INFO [064_Beethoven_PSon_No8_iii_B78-106_page_0]       StepMonitoring.java:98   | CHORDS
2025-12-26 13:06:54,175 INFO [064_Beethoven_PSon_No8_iii_B78-106_page_0]       StepMonitoring.java:98   | CURVES
2025-12-26 13:06:54,977 INFO [064_Beethoven_PSon_No8_iii_B78-106_page_0]         SlursBuilder.java:240  | Slurs: 37
2025-12-26 13:06:54,992 INFO [064_Beethoven_PSon_No8_iii_B78-106_page_0]      SegmentsBuilder.java:155  | Segments: 5
2025-12-26 13:06:55,002 INFO [064_Beethoven_PSon_No8_iii_B78-106_page_0]       StepMonitoring.java:98   | SYMBOLS
2025-12-26 13:06:55,521 INFO [064_Beethoven_PSon_No8_iii_B78-106_page_0]       StepMonitoring.java:98   | LINKS
2025-12-26 13:06:55,612 INFO [064_Beethoven_PSon_No8_iii_B78-106_page_0]       StepMonitoring.java:98   | RHYTHMS
2025-12-26 13:06:55,682 INFO [064_Beethoven_PSon_No8_iii_B78-106_page_0]        MeasureRhythm.java:1045 | Measure{#10} No timeOffset for HeadChordInter#4713{(0.924/0.924) staff:5 slot#3 dur:1/2}
2025-12-26 13:06:55,684 INFO [064_Beethoven_PSon_No8_iii_B78-106_page_0]   AbstractChordInter.java:627  | Measure{#10} No timeOffset for HeadChordInter#4713{(0.924/0.924) staff:5 slot#3 dur:1/2}
2025-12-26 13:06:55,686 INFO [064_Beethoven_PSon_No8_iii_B78-106_page_0]          StackRhythm.java:224  | S3 MeasureStack#10 no correct rhythm
2025-12-26 13:06:55,749 INFO [064_Beethoven_PSon_No8_iii_B78-106_page_0]        MeasureRhythm.java:1045 | Measure{#29} No timeOffset for HeadChordInter#4878{(0.926/0.926) staff:12 slot#6 dur:1/2}
2025-12-26 13:06:55,750 INFO [064_Beethoven_PSon_No8_iii_B78-106_page_0]          StackRhythm.java:224  | S6 MeasureStack#29 no correct rhythm
2025-12-26 13:06:55,751 INFO [064_Beethoven_PSon_No8_iii_B78-106_page_0]       StepMonitoring.java:98   | PAGE
2025-12-26 13:06:55,761 INFO [064_Beethoven_PSon_No8_iii_B78-106_page_0]                 Book.java:2596 | Book{064_Beethoven_PSon_No8_iii_B78-106_page_0} storing
2025-12-26 13:06:55,815 INFO [064_Beethoven_PSon_No8_iii_B78-106_page_0]                 Book.java:2577 | Stored /book.xml
2025-12-26 13:06:55,926 INFO [064_Beethoven_PSon_No8_iii_B78-106_page_0]           DataHolder.java:348  | Stored /sheet#1/BINARY.png
2025-12-26 13:06:56,986 INFO [064_Beethoven_PSon_No8_iii_B78-106_page_0]                Sheet.java:1583 | Stored /sheet#1/sheet#1.xml
2025-12-26 13:06:56,987 INFO [064_Beethoven_PSon_No8_iii_B78-106_page_0]                 Book.java:2537 | Book stored as C:\Users\Elliot\Downloads\Audiveris\scores\064_Beethoven_PSon_No8_iii_B78-106_page_0.omr
2025-12-26 13:06:56,994 INFO [064_Beethoven_PSon_No8_iii_B78-106_page_0]            SheetStub.java:1660 | Disposed sheet
2025-12-26 13:06:57,029 INFO [064_Beethoven_PSon_No8_iii_B78-106_page_0]                 Book.java:2064 | End of Stub#1
2025-12-26 13:06:57,031 INFO [064_Beethoven_PSon_No8_iii_B78-106_page_0]                 Book.java:2071 | Book processed.
2025-12-26 13:06:57,480 INFO [064_Beethoven_PSon_No8_iii_B78-106_page_0]            SheetStub.java:997  | Loaded /sheet#1/sheet#1.xml
2025-12-26 13:06:58,117 INFO [064_Beethoven_PSon_No8_iii_B78-106_page_0]      PartwiseBuilder.java:2688 | Exporting sheet(s): [#1]
2025-12-26 13:06:58,230 INFO [064_Beethoven_PSon_No8_iii_B78-106_page_0]        ScoreExporter.java:164  | Score 064_Beethoven_PSon_No8_iii_B78-106_page_0 exported to C:\Users\Elliot\Downloads\Audiveris\scores\064_Beethoven_PSon_No8_iii_B78-106_page_0.mxl
2025-12-26 13:06:58,275 INFO [064_Beethoven_PSon_No8_iii_B78-106_page_0]                Score.java:181  | Closing {Score 1}
