2025-12-26 13:07:00,756 INFO [065_Beethoven_PSon_No14_i_B1-15_page_0]                 Book.java:560  | 1 sheet in C:\Users\Elliot\Downloads\Audiveris\scores\065_Beethoven_PSon_No14_i_B1-15_page_0.jpg
2025-12-26 13:07:01,026 INFO []                 Book.java:2577 | Stored /book.xml
2025-12-26 13:07:01,027 INFO []                 Book.java:2537 | Book stored as C:\Users\Elliot\Downloads\Audiveris\scores\065_Beethoven_PSon_No14_i_B1-15_page_0.omr
2025-12-26 13:07:01,036 INFO []                 Book.java:1929 | Book reaching PAGE on sheets:[#1]
2025-12-26 13:07:01,046 INFO [065_Beethoven_PSon_No14_i_B1-15_page_0]       StepMonitoring.java:98   | LOAD
2025-12-26 13:07:01,231 INFO [065_Beethoven_PSon_No14_i_B1-15_page_0]            SheetStub.java:1273 | Loaded image #1 1653x2339 from C:\Users\Elliot\Downloads\Audiveris\scores\065_Beethoven_PSon_No14_i_B1-15_page_0.jpg
2025-12-26 13:07:01,235 INFO [065_Beethoven_PSon_No14_i_B1-15_page_0]            ImageUtil.java:124  | Converting max RGB to gray
2025-12-26 13:07:01,474 INFO [065_Beethoven_PSon_No14_i_B1-15_page_0]       StepMonitoring.java:98   | BINARY
2025-12-26 13:07:01,771 INFO [065_Beethoven_PSon_No14_i_B1-15_page_0]       StepMonitoring.java:98   | SCALE
2025-12-26 13:07:01,793 INFO [065_Beethoven_PSon_No14_i_B1-15_page_0]         ScaleBuilder.java:241  | Beam  guessed height:  5 -- 0.50 of 10 interline
2025-12-26 13:07:01,794 INFO [065_Beethoven_PSon_No14_i_B1-15_page_0]         ScaleBuilder.java:264  | Beam measured height:  7 -- 0.57 of [3..10] range at 398% of needed quorum
2025-12-26 13:07:01,794 INFO [065_Beethoven_PSon_No14_i_B1-15_page_0]            ScaleStep.java:65   | Scale{ interline(11,12,12) line(1,1,3) beam(7)}
2025-12-26 13:07:01,795 INFO [065_Beethoven_PSon_No14_i_B1-15_page_0]       StepMonitoring.java:98   | GRID
2025-12-26 13:07:02,203 INFO [065_Beethoven_PSon_No14_i_B1-15_page_0]       LinesRetriever.java:1500 | Global slope: 0.00000
2025-12-26 13:07:02,261 INFO [065_Beethoven_PSon_No14_i_B1-15_page_0]    ClustersRetriever.java:326  | Retrieved raw line clusters: 8 of sizes [5] with interline(11,12,12)
2025-12-26 13:07:02,394 INFO [065_Beethoven_PSon_No14_i_B1-15_page_0]            PeakGraph.java:310  | Systems: #1[1, 2] #2[3, 4] #3[5, 6] #4[7, 8]
2025-12-26 13:07:02,610 INFO [065_Beethoven_PSon_No14_i_B1-15_page_0]        SystemManager.java:134  | Indentation detected for system #1
2025-12-26 13:07:02,612 INFO [065_Beethoven_PSon_No14_i_B1-15_page_0]        SystemManager.java:779  | 1 part along 4 systems
2025-12-26 13:07:02,613 INFO [065_Beethoven_PSon_No14_i_B1-15_page_0]                 Book.java:543  | Created scores: [{Score 1}]
2025-12-26 13:07:02,614 INFO [065_Beethoven_PSon_No14_i_B1-15_page_0]       StepMonitoring.java:98   | HEADERS
2025-12-26 13:07:03,011 INFO [065_Beethoven_PSon_No14_i_B1-15_page_0]      BasicClassifier.java:286  | Classifier loaded XML norms.
2025-12-26 13:07:03,019 INFO [065_Beethoven_PSon_No14_i_B1-15_page_0]   AbstractClassifier.java:396  | Classifier data loaded from default uri jar:file:/C:/Users/Elliot/Downloads/Audiveris/app/audiveris.jar!/res/basic-classifier.zip
2025-12-26 13:07:04,121 INFO [065_Beethoven_PSon_No14_i_B1-15_page_0]       StepMonitoring.java:98   | STEM_SEEDS
2025-12-26 13:07:04,189 INFO [065_Beethoven_PSon_No14_i_B1-15_page_0]        StemSeedsStep.java:86   | stem(1 max:2)
2025-12-26 13:07:04,284 INFO [065_Beethoven_PSon_No14_i_B1-15_page_0]       StepMonitoring.java:98   | BEAMS
2025-12-26 13:07:05,792 INFO [065_Beethoven_PSon_No14_i_B1-15_page_0]       StepMonitoring.java:98   | LEDGERS
2025-12-26 13:07:06,022 INFO [065_Beethoven_PSon_No14_i_B1-15_page_0]       StepMonitoring.java:98   | HEADS
2025-12-26 13:07:07,875 INFO [065_Beethoven_PSon_No14_i_B1-15_page_0]        HeadSeedTally.java:235  | Scale information: HeadSeeds{NOTEHEAD_VOID[R:0.5] NOTEHEAD_BLACK[L:-0.1,R:0.5]}
2025-12-26 13:07:07,876 INFO [065_Beethoven_PSon_No14_i_B1-15_page_0]       StepMonitoring.java:98   | STEMS
2025-12-26 13:07:08,767 INFO [065_Beethoven_PSon_No14_i_B1-15_page_0]       StepMonitoring.java:98   | REDUCTION
2025-12-26 13:07:08,931 INFO [065_Beethoven_PSon_No14_i_B1-15_page_0]        ReductionStep.java:105  | Stems free length median value: 40 pixels, 3.3 interlines
2025-12-26 13:07:08,938 INFO [065_Beethoven_PSon_No14_i_B1-15_page_0]       StepMonitoring.java:98   | CUE_BEAMS
2025-12-26 13:07:08,939 INFO [065_Beethoven_PSon_No14_i_B1-15_page_0]         CueBeamsStep.java:81   | Step CUE_BEAMS is skipped because small heads switch is off
2025-12-26 13:07:08,939 INFO [065_Beethoven_PSon_No14_i_B1-15_page_0]       StepMonitoring.java:98   | TEXTS
2025-12-26 13:07:09,056 WARN [065_Beethoven_PSon_No14_i_B1-15_page_0]         TesseractOCR.java:335  | The collection of supported languages is empty
2025-12-26 13:07:09,057 INFO [065_Beethoven_PSon_No14_i_B1-15_page_0]              OcrUtil.java:106  | Missing support for 'eng' language(s)
2025-12-26 13:07:09,076 INFO [065_Beethoven_PSon_No14_i_B1-15_page_0]       StepMonitoring.java:98   | MEASURES
2025-12-26 13:07:09,092 INFO [065_Beethoven_PSon_No14_i_B1-15_page_0]                 Page.java:307  | 15 raw measures: [4 in system#1, 4 in system#2, 4 in system#3, 3 in system#4]
2025-12-26 13:07:09,093 INFO [065_Beethoven_PSon_No14_i_B1-15_page_0]       StepMonitoring.java:98   | CHORDS
2025-12-26 13:07:09,121 INFO [065_Beethoven_PSon_No14_i_B1-15_page_0]       StepMonitoring.java:98   | CURVES
2025-12-26 13:07:09,960 INFO [065_Beethoven_PSon_No14_i_B1-15_page_0]         SlursBuilder.java:240  | Slurs: 15
2025-12-26 13:07:09,972 INFO [065_Beethoven_PSon_No14_i_B1-15_page_0]      SegmentsBuilder.java:155  | Segments: 7
2025-12-26 13:07:09,980 INFO [065_Beethoven_PSon_No14_i_B1-15_page_0]       StepMonitoring.java:98   | SYMBOLS
2025-12-26 13:07:11,008 INFO [065_Beethoven_PSon_No14_i_B1-15_page_0]       StepMonitoring.java:98   | LINKS
2025-12-26 13:07:11,059 INFO [065_Beethoven_PSon_No14_i_B1-15_page_0]             KeyInter.java:1298 | Key built KeyInter#5708{(0.147) staff:5 KEY_FLAT_1 pitch:-0.1 fifths:-1}
2025-12-26 13:07:11,085 INFO [065_Beethoven_PSon_No14_i_B1-15_page_0]       StepMonitoring.java:98   | RHYTHMS
2025-12-26 13:07:11,106 INFO [065_Beethoven_PSon_No14_i_B1-15_page_0]                Voice.java:257  | Measure{#1} Voice{#1 excess:1/8} too long
2025-12-26 13:07:11,108 INFO [065_Beethoven_PSon_No14_i_B1-15_page_0]          StackRhythm.java:224  | S1 MeasureStack#1 no correct rhythm
2025-12-26 13:07:11,114 INFO [065_Beethoven_PSon_No14_i_B1-15_page_0]        MeasureRhythm.java:1045 | Measure{#2} No timeOffset for HeadChordInter#4656{(0.962/0.962) staff:1 slot#10 dur:1/8}
2025-12-26 13:07:11,115 INFO [065_Beethoven_PSon_No14_i_B1-15_page_0]                Voice.java:257  | Measure{#2} Voice{#1 excess:1/8} too long
2025-12-26 13:07:11,115 INFO [065_Beethoven_PSon_No14_i_B1-15_page_0]          StackRhythm.java:224  | S1 MeasureStack#2 no correct rhythm
2025-12-26 13:07:11,119 INFO [065_Beethoven_PSon_No14_i_B1-15_page_0]        MeasureRhythm.java:1045 | Measure{#3} No timeOffset for HeadChordInter#4668{(0.956/0.956) staff:1 slot#10 dur:1/8}
2025-12-26 13:07:11,120 INFO [065_Beethoven_PSon_No14_i_B1-15_page_0]                Voice.java:257  | Measure{#3} Voice{#1 excess:1/8} too long
2025-12-26 13:07:11,121 INFO [065_Beethoven_PSon_No14_i_B1-15_page_0]                Voice.java:257  | Measure{#3} Voice{#6 excess:1/4} too long
2025-12-26 13:07:11,121 INFO [065_Beethoven_PSon_No14_i_B1-15_page_0]          StackRhythm.java:224  | S1 MeasureStack#3 no correct rhythm
2025-12-26 13:07:11,128 INFO [065_Beethoven_PSon_No14_i_B1-15_page_0]        MeasureRhythm.java:1045 | Measure{#4} No timeOffset for HeadChordInter#4686{(0.974/0.974) staff:2 slot#10 dur:1/8}
2025-12-26 13:07:11,129 INFO [065_Beethoven_PSon_No14_i_B1-15_page_0]                Voice.java:257  | Measure{#4} Voice{#1 excess:1/8} too long
2025-12-26 13:07:11,129 INFO [065_Beethoven_PSon_No14_i_B1-15_page_0]                Voice.java:257  | Measure{#4} Voice{#6 excess:1/4} too long
2025-12-26 13:07:11,129 INFO [065_Beethoven_PSon_No14_i_B1-15_page_0]          StackRhythm.java:224  | S1 MeasureStack#4 no correct rhythm
2025-12-26 13:07:11,138 INFO [065_Beethoven_PSon_No14_i_B1-15_page_0]        MeasureRhythm.java:1045 | Measure{#5} No timeOffset for HeadChordInter#4693{(0.941/0.941) staff:3 slot#10 dur:3/16}
2025-12-26 13:07:11,139 INFO [065_Beethoven_PSon_No14_i_B1-15_page_0]        MeasureRhythm.java:1045 | Measure{#5} No timeOffset for HeadChordInter#4694{(0.946/0.946) staff:3 slot#10 dur:1/8}
2025-12-26 13:07:11,140 INFO [065_Beethoven_PSon_No14_i_B1-15_page_0]                Voice.java:257  | Measure{#5} Voice{#1 excess:1/8} too long
2025-12-26 13:07:11,140 INFO [065_Beethoven_PSon_No14_i_B1-15_page_0]                Voice.java:257  | Measure{#5} Voice{#2 excess:1/4} too long
2025-12-26 13:07:11,141 INFO [065_Beethoven_PSon_No14_i_B1-15_page_0]          StackRhythm.java:224  | S2 MeasureStack#5 no correct rhythm
2025-12-26 13:07:11,148 INFO [065_Beethoven_PSon_No14_i_B1-15_page_0]        MeasureRhythm.java:1045 | Measure{#6} No timeOffset for HeadChordInter#4708{(0.940/0.940) staff:3 slot#10 dur:3/16}
2025-12-26 13:07:11,148 INFO [065_Beethoven_PSon_No14_i_B1-15_page_0]        MeasureRhythm.java:1045 | Measure{#6} No timeOffset for HeadChordInter#4709{(0.952/0.952) staff:3 slot#10 dur:1/8}
2025-12-26 13:07:11,149 INFO [065_Beethoven_PSon_No14_i_B1-15_page_0]                Voice.java:257  | Measure{#6} Voice{#2 excess:1/8} too long
2025-12-26 13:07:11,150 INFO [065_Beethoven_PSon_No14_i_B1-15_page_0]          StackRhythm.java:224  | S2 MeasureStack#6 no correct rhythm
2025-12-26 13:07:11,159 INFO [065_Beethoven_PSon_No14_i_B1-15_page_0]        MeasureRhythm.java:1045 | Measure{#7} No timeOffset for HeadChordInter#4724{(0.943/0.943) staff:3 slot#10 dur:1/8}
2025-12-26 13:07:11,161 INFO [065_Beethoven_PSon_No14_i_B1-15_page_0]                Voice.java:257  | Measure{#7} Voice{#2 excess:1/8} too long
2025-12-26 13:07:11,161 INFO [065_Beethoven_PSon_No14_i_B1-15_page_0]                Voice.java:257  | Measure{#7} Voice{#3 excess:1/4} too long
2025-12-26 13:07:11,161 INFO [065_Beethoven_PSon_No14_i_B1-15_page_0]                Voice.java:257  | Measure{#7} Voice{#6 excess:1/4} too long
2025-12-26 13:07:11,162 INFO [065_Beethoven_PSon_No14_i_B1-15_page_0]          StackRhythm.java:224  | S2 MeasureStack#7 no correct rhythm
2025-12-26 13:07:11,167 INFO [065_Beethoven_PSon_No14_i_B1-15_page_0]        MeasureRhythm.java:1045 | Measure{#8} No timeOffset for HeadChordInter#4738{(0.929/0.929) staff:3 slot#10 dur:1/4}
2025-12-26 13:07:11,168 INFO [065_Beethoven_PSon_No14_i_B1-15_page_0]        MeasureRhythm.java:1045 | Measure{#8} No timeOffset for HeadChordInter#4739{(0.944/0.944) staff:3 slot#10 dur:1/8}
2025-12-26 13:07:11,169 INFO [065_Beethoven_PSon_No14_i_B1-15_page_0]                Voice.java:257  | Measure{#8} Voice{#2 excess:1/8} too long
2025-12-26 13:07:11,169 INFO [065_Beethoven_PSon_No14_i_B1-15_page_0]                Voice.java:257  | Measure{#8} Voice{#6 excess:1/4} too long
2025-12-26 13:07:11,170 INFO [065_Beethoven_PSon_No14_i_B1-15_page_0]          StackRhythm.java:224  | S2 MeasureStack#8 no correct rhythm
2025-12-26 13:07:11,180 INFO [065_Beethoven_PSon_No14_i_B1-15_page_0]                Voice.java:257  | Measure{#9} Voice{#4 excess:1/4} too long
2025-12-26 13:07:11,182 INFO [065_Beethoven_PSon_No14_i_B1-15_page_0]          StackRhythm.java:224  | S3 MeasureStack#9 no correct rhythm
2025-12-26 13:07:11,188 INFO [065_Beethoven_PSon_No14_i_B1-15_page_0]        MeasureRhythm.java:1045 | Measure{#10} No timeOffset for HeadChordInter#4771{(0.942/0.942) staff:5 slot#10 dur:3/16}
2025-12-26 13:07:11,188 INFO [065_Beethoven_PSon_No14_i_B1-15_page_0]        MeasureRhythm.java:1045 | Measure{#10} No timeOffset for HeadChordInter#4772{(0.945/0.945) staff:5 slot#10 dur:1/8}
2025-12-26 13:07:11,189 INFO [065_Beethoven_PSon_No14_i_B1-15_page_0]                Voice.java:257  | Measure{#10} Voice{#3 excess:1/8} too long
2025-12-26 13:07:11,190 INFO [065_Beethoven_PSon_No14_i_B1-15_page_0]          StackRhythm.java:224  | S3 MeasureStack#10 no correct rhythm
2025-12-26 13:07:11,197 INFO [065_Beethoven_PSon_No14_i_B1-15_page_0]        MeasureRhythm.java:1045 | Measure{#11} No timeOffset for HeadChordInter#4785{(0.944/0.944) staff:5 slot#10 dur:3/16}
2025-12-26 13:07:11,199 INFO [065_Beethoven_PSon_No14_i_B1-15_page_0]        MeasureRhythm.java:1045 | Measure{#11} No timeOffset for HeadChordInter#4786{(0.946/0.946) staff:5 slot#10 dur:1/8}
2025-12-26 13:07:11,199 INFO [065_Beethoven_PSon_No14_i_B1-15_page_0]                Voice.java:257  | Measure{#11} Voice{#1 excess:1/8} too long
2025-12-26 13:07:11,200 INFO [065_Beethoven_PSon_No14_i_B1-15_page_0]          StackRhythm.java:224  | S3 MeasureStack#11 no correct rhythm
2025-12-26 13:07:11,209 INFO [065_Beethoven_PSon_No14_i_B1-15_page_0]                Voice.java:257  | Measure{#12} Voice{#3 excess:1/8} too long
2025-12-26 13:07:11,209 INFO [065_Beethoven_PSon_No14_i_B1-15_page_0]                Voice.java:257  | Measure{#12} Voice{#6 excess:1/4} too long
2025-12-26 13:07:11,210 INFO [065_Beethoven_PSon_No14_i_B1-15_page_0]          StackRhythm.java:224  | S3 MeasureStack#12 no correct rhythm
2025-12-26 13:07:11,215 INFO [065_Beethoven_PSon_No14_i_B1-15_page_0]        MeasureRhythm.java:1045 | Measure{#13} No timeOffset for HeadChordInter#4808{(0.931/0.931) staff:7 slot#10 dur:1/4}
2025-12-26 13:07:11,216 INFO [065_Beethoven_PSon_No14_i_B1-15_page_0]        MeasureRhythm.java:1045 | Measure{#13} No timeOffset for HeadChordInter#4823{(0.961/0.961) staff:8 slot#10 dur:1/8}
2025-12-26 13:07:11,217 INFO [065_Beethoven_PSon_No14_i_B1-15_page_0]        MeasureRhythm.java:1045 | Measure{#13} No timeOffset for HeadChordInter#4824{(0.918/0.918) staff:8 slot#10 dur:1/4}
2025-12-26 13:07:11,217 INFO [065_Beethoven_PSon_No14_i_B1-15_page_0]                Voice.java:257  | Measure{#13} Voice{#5 excess:1/8} too long
2025-12-26 13:07:11,218 INFO [065_Beethoven_PSon_No14_i_B1-15_page_0]                Voice.java:257  | Measure{#13} Voice{#2 excess:1/4} too long
2025-12-26 13:07:11,219 INFO [065_Beethoven_PSon_No14_i_B1-15_page_0]          StackRhythm.java:224  | S4 MeasureStack#13 no correct rhythm
2025-12-26 13:07:11,224 INFO [065_Beethoven_PSon_No14_i_B1-15_page_0]        MeasureRhythm.java:1045 | Measure{#14} No timeOffset for HeadChordInter#4838{(0.952/0.952) staff:8 slot#10 dur:1/8}
2025-12-26 13:07:11,226 INFO [065_Beethoven_PSon_No14_i_B1-15_page_0]                Voice.java:257  | Measure{#14} Voice{#5 excess:1/8} too long
2025-12-26 13:07:11,227 INFO [065_Beethoven_PSon_No14_i_B1-15_page_0]                Voice.java:257  | Measure{#14} Voice{#2 excess:1/4} too long
2025-12-26 13:07:11,227 INFO [065_Beethoven_PSon_No14_i_B1-15_page_0]                Voice.java:257  | Measure{#14} Voice{#7 excess:1/4} too long
2025-12-26 13:07:11,227 INFO [065_Beethoven_PSon_No14_i_B1-15_page_0]          StackRhythm.java:224  | S4 MeasureStack#14 no correct rhythm
2025-12-26 13:07:11,229 INFO [065_Beethoven_PSon_No14_i_B1-15_page_0]       StepMonitoring.java:98   | PAGE
2025-12-26 13:07:11,235 INFO [065_Beethoven_PSon_No14_i_B1-15_page_0]                Voice.java:257  | Measure{#1} Voice{#1 excess:1/8} too long
2025-12-26 13:07:11,236 INFO [065_Beethoven_PSon_No14_i_B1-15_page_0]                Voice.java:257  | Measure{#2} Voice{#1 excess:1/8} too long
2025-12-26 13:07:11,236 INFO [065_Beethoven_PSon_No14_i_B1-15_page_0]                Voice.java:257  | Measure{#3} Voice{#1 excess:1/8} too long
2025-12-26 13:07:11,237 INFO [065_Beethoven_PSon_No14_i_B1-15_page_0]                Voice.java:257  | Measure{#3} Voice{#6 excess:1/4} too long
2025-12-26 13:07:11,237 INFO [065_Beethoven_PSon_No14_i_B1-15_page_0]                Voice.java:257  | Measure{#4} Voice{#1 excess:1/8} too long
2025-12-26 13:07:11,237 INFO [065_Beethoven_PSon_No14_i_B1-15_page_0]                Voice.java:257  | Measure{#4} Voice{#6 excess:1/4} too long
2025-12-26 13:07:11,238 INFO [065_Beethoven_PSon_No14_i_B1-15_page_0]                Voice.java:257  | Measure{#5} Voice{#1 excess:1/8} too long
2025-12-26 13:07:11,238 INFO [065_Beethoven_PSon_No14_i_B1-15_page_0]                Voice.java:257  | Measure{#5} Voice{#2 excess:1/4} too long
2025-12-26 13:07:11,239 INFO [065_Beethoven_PSon_No14_i_B1-15_page_0]                Voice.java:257  | Measure{#6} Voice{#2 excess:1/8} too long
2025-12-26 13:07:11,240 INFO [065_Beethoven_PSon_No14_i_B1-15_page_0]                Voice.java:257  | Measure{#7} Voice{#2 excess:1/8} too long
2025-12-26 13:07:11,240 INFO [065_Beethoven_PSon_No14_i_B1-15_page_0]                Voice.java:257  | Measure{#7} Voice{#3 excess:1/4} too long
2025-12-26 13:07:11,241 INFO [065_Beethoven_PSon_No14_i_B1-15_page_0]                Voice.java:257  | Measure{#7} Voice{#6 excess:1/4} too long
2025-12-26 13:07:11,241 INFO [065_Beethoven_PSon_No14_i_B1-15_page_0]                Voice.java:257  | Measure{#8} Voice{#2 excess:1/8} too long
2025-12-26 13:07:11,242 INFO [065_Beethoven_PSon_No14_i_B1-15_page_0]                Voice.java:257  | Measure{#8} Voice{#6 excess:1/4} too long
2025-12-26 13:07:11,242 INFO [065_Beethoven_PSon_No14_i_B1-15_page_0]                Voice.java:257  | Measure{#9} Voice{#4 excess:1/4} too long
2025-12-26 13:07:11,243 INFO [065_Beethoven_PSon_No14_i_B1-15_page_0]                Voice.java:257  | Measure{#10} Voice{#3 excess:1/8} too long
2025-12-26 13:07:11,243 INFO [065_Beethoven_PSon_No14_i_B1-15_page_0]                Voice.java:257  | Measure{#11} Voice{#1 excess:1/8} too long
2025-12-26 13:07:11,243 INFO [065_Beethoven_PSon_No14_i_B1-15_page_0]                Voice.java:257  | Measure{#12} Voice{#3 excess:1/8} too long
2025-12-26 13:07:11,244 INFO [065_Beethoven_PSon_No14_i_B1-15_page_0]                Voice.java:257  | Measure{#12} Voice{#6 excess:1/4} too long
2025-12-26 13:07:11,244 INFO [065_Beethoven_PSon_No14_i_B1-15_page_0]                Voice.java:257  | Measure{#13} Voice{#2 excess:1/4} too long
2025-12-26 13:07:11,245 INFO [065_Beethoven_PSon_No14_i_B1-15_page_0]                Voice.java:257  | Measure{#13} Voice{#5 excess:1/8} too long
2025-12-26 13:07:11,245 INFO [065_Beethoven_PSon_No14_i_B1-15_page_0]                Voice.java:257  | Measure{#14} Voice{#2 excess:1/4} too long
2025-12-26 13:07:11,246 INFO [065_Beethoven_PSon_No14_i_B1-15_page_0]                Voice.java:257  | Measure{#14} Voice{#5 excess:1/8} too long
2025-12-26 13:07:11,246 INFO [065_Beethoven_PSon_No14_i_B1-15_page_0]                Voice.java:257  | Measure{#14} Voice{#7 excess:1/4} too long
2025-12-26 13:07:11,251 INFO [065_Beethoven_PSon_No14_i_B1-15_page_0]                 Book.java:2596 | Book{065_Beethoven_PSon_No14_i_B1-15_page_0} storing
2025-12-26 13:07:11,307 INFO [065_Beethoven_PSon_No14_i_B1-15_page_0]                 Book.java:2577 | Stored /book.xml
2025-12-26 13:07:11,417 INFO [065_Beethoven_PSon_No14_i_B1-15_page_0]           DataHolder.java:348  | Stored /sheet#1/BINARY.png
2025-12-26 13:07:12,293 INFO [065_Beethoven_PSon_No14_i_B1-15_page_0]                Sheet.java:1583 | Stored /sheet#1/sheet#1.xml
2025-12-26 13:07:12,294 INFO [065_Beethoven_PSon_No14_i_B1-15_page_0]                 Book.java:2537 | Book stored as C:\Users\Elliot\Downloads\Audiveris\scores\065_Beethoven_PSon_No14_i_B1-15_page_0.omr
2025-12-26 13:07:12,298 INFO [065_Beethoven_PSon_No14_i_B1-15_page_0]            SheetStub.java:1660 | Disposed sheet
2025-12-26 13:07:12,333 INFO [065_Beethoven_PSon_No14_i_B1-15_page_0]                 Book.java:2064 | End of Stub#1
2025-12-26 13:07:12,335 INFO [065_Beethoven_PSon_No14_i_B1-15_page_0]                 Book.java:2071 | Book processed.
2025-12-26 13:07:12,823 INFO [065_Beethoven_PSon_No14_i_B1-15_page_0]            SheetStub.java:997  | Loaded /sheet#1/sheet#1.xml
2025-12-26 13:07:13,406 INFO [065_Beethoven_PSon_No14_i_B1-15_page_0]      PartwiseBuilder.java:2688 | Exporting sheet(s): [#1]
2025-12-26 13:07:13,531 INFO [065_Beethoven_PSon_No14_i_B1-15_page_0]        ScoreExporter.java:164  | Score 065_Beethoven_PSon_No14_i_B1-15_page_0 exported to C:\Users\Elliot\Downloads\Audiveris\scores\065_Beethoven_PSon_No14_i_B1-15_page_0.mxl
2025-12-26 13:07:13,572 INFO [065_Beethoven_PSon_No14_i_B1-15_page_0]                Score.java:181  | Closing {Score 1}
