2025-12-26 13:07:16,013 INFO [066_Beethoven_PSon_No14_ii_B0-36_page_0]                 Book.java:560  | 1 sheet in C:\Users\Elliot\Downloads\Audiveris\scores\066_Beethoven_PSon_No14_ii_B0-36_page_0.jpg
2025-12-26 13:07:16,189 INFO []                 Book.java:2577 | Stored /book.xml
2025-12-26 13:07:16,190 INFO []                 Book.java:2537 | Book stored as C:\Users\Elliot\Downloads\Audiveris\scores\066_Beethoven_PSon_No14_ii_B0-36_page_0.omr
2025-12-26 13:07:16,199 INFO []                 Book.java:1929 | Book reaching PAGE on sheets:[#1]
2025-12-26 13:07:16,201 INFO [066_Beethoven_PSon_No14_ii_B0-36_page_0]       StepMonitoring.java:98   | LOAD
2025-12-26 13:07:16,397 INFO [066_Beethoven_PSon_No14_ii_B0-36_page_0]            SheetStub.java:1273 | Loaded image #1 1653x2339 from C:\Users\Elliot\Downloads\Audiveris\scores\066_Beethoven_PSon_No14_ii_B0-36_page_0.jpg
2025-12-26 13:07:16,401 INFO [066_Beethoven_PSon_No14_ii_B0-36_page_0]            ImageUtil.java:124  | Converting max RGB to gray
2025-12-26 13:07:16,585 INFO [066_Beethoven_PSon_No14_ii_B0-36_page_0]       StepMonitoring.java:98   | BINARY
2025-12-26 13:07:16,995 INFO [066_Beethoven_PSon_No14_ii_B0-36_page_0]       StepMonitoring.java:98   | SCALE
2025-12-26 13:07:17,024 INFO [066_Beethoven_PSon_No14_ii_B0-36_page_0]         ScaleBuilder.java:241  | Beam  guessed height:  5 -- 0.50 of 10 interline
2025-12-26 13:07:17,026 INFO [066_Beethoven_PSon_No14_ii_B0-36_page_0]         ScaleBuilder.java:264  | Beam measured height:  9 -- 0.86 of [3..10] range at 71% of needed quorum
2025-12-26 13:07:17,028 WARN [066_Beethoven_PSon_No14_ii_B0-36_page_0]         ScaleBuilder.java:293  | No reliable beam height found, guessed value: 5
2025-12-26 13:07:17,028 INFO [066_Beethoven_PSon_No14_ii_B0-36_page_0]            ScaleStep.java:65   | Scale{ interline(11,12,12) line(1,1,3) beam(5 extra)}
2025-12-26 13:07:17,029 INFO [066_Beethoven_PSon_No14_ii_B0-36_page_0]       StepMonitoring.java:98   | GRID
2025-12-26 13:07:17,515 INFO [066_Beethoven_PSon_No14_ii_B0-36_page_0]       LinesRetriever.java:1500 | Global slope: 0.00000
2025-12-26 13:07:17,598 INFO [066_Beethoven_PSon_No14_ii_B0-36_page_0]    ClustersRetriever.java:326  | Retrieved raw line clusters: 12 of sizes [5] with interline(11,12,12)
2025-12-26 13:07:17,802 INFO [066_Beethoven_PSon_No14_ii_B0-36_page_0]            PeakGraph.java:310  | Systems: #1[1, 2] #2[3, 4] #3[5, 6] #4[7, 8] #5[9, 10] #6[11, 12]
2025-12-26 13:07:18,179 INFO [066_Beethoven_PSon_No14_ii_B0-36_page_0]        SystemManager.java:134  | Indentation detected for system #1
2025-12-26 13:07:18,180 INFO [066_Beethoven_PSon_No14_ii_B0-36_page_0]        SystemManager.java:779  | 1 part along 6 systems
2025-12-26 13:07:18,181 INFO [066_Beethoven_PSon_No14_ii_B0-36_page_0]                 Book.java:543  | Created scores: [{Score 1}]
2025-12-26 13:07:18,182 INFO [066_Beethoven_PSon_No14_ii_B0-36_page_0]       StepMonitoring.java:98   | HEADERS
2025-12-26 13:07:18,640 INFO [066_Beethoven_PSon_No14_ii_B0-36_page_0]      BasicClassifier.java:286  | Classifier loaded XML norms.
2025-12-26 13:07:18,646 INFO [066_Beethoven_PSon_No14_ii_B0-36_page_0]   AbstractClassifier.java:396  | Classifier data loaded from default uri jar:file:/C:/Users/Elliot/Downloads/Audiveris/app/audiveris.jar!/res/basic-classifier.zip
2025-12-26 13:07:19,900 INFO [066_Beethoven_PSon_No14_ii_B0-36_page_0]       StepMonitoring.java:98   | STEM_SEEDS
2025-12-26 13:07:19,955 INFO [066_Beethoven_PSon_No14_ii_B0-36_page_0]        StemSeedsStep.java:86   | stem(2 max:2)
2025-12-26 13:07:20,026 INFO [066_Beethoven_PSon_No14_ii_B0-36_page_0]       StepMonitoring.java:98   | BEAMS
2025-12-26 13:07:21,336 INFO [066_Beethoven_PSon_No14_ii_B0-36_page_0]       StepMonitoring.java:98   | LEDGERS
2025-12-26 13:07:21,666 INFO [066_Beethoven_PSon_No14_ii_B0-36_page_0]       StepMonitoring.java:98   | HEADS
2025-12-26 13:07:23,800 INFO [066_Beethoven_PSon_No14_ii_B0-36_page_0]        HeadSeedTally.java:235  | Scale information: HeadSeeds{NOTEHEAD_VOID[L:-0.1,R:0.5] NOTEHEAD_BLACK[L:-0.2,R:0.5]}
2025-12-26 13:07:23,801 INFO [066_Beethoven_PSon_No14_ii_B0-36_page_0]       StepMonitoring.java:98   | STEMS
2025-12-26 13:07:24,603 INFO [066_Beethoven_PSon_No14_ii_B0-36_page_0]       StepMonitoring.java:98   | REDUCTION
2025-12-26 13:07:24,789 INFO [066_Beethoven_PSon_No14_ii_B0-36_page_0]        ReductionStep.java:105  | Stems free length median value: 40 pixels, 3.3 interlines
2025-12-26 13:07:24,796 INFO [066_Beethoven_PSon_No14_ii_B0-36_page_0]       StepMonitoring.java:98   | CUE_BEAMS
2025-12-26 13:07:24,797 INFO [066_Beethoven_PSon_No14_ii_B0-36_page_0]         CueBeamsStep.java:81   | Step CUE_BEAMS is skipped because small heads switch is off
2025-12-26 13:07:24,797 INFO [066_Beethoven_PSon_No14_ii_B0-36_page_0]       StepMonitoring.java:98   | TEXTS
2025-12-26 13:07:24,892 WARN [066_Beethoven_PSon_No14_ii_B0-36_page_0]         TesseractOCR.java:335  | The collection of supported languages is empty
2025-12-26 13:07:24,892 INFO [066_Beethoven_PSon_No14_ii_B0-36_page_0]              OcrUtil.java:106  | Missing support for 'eng' language(s)
2025-12-26 13:07:24,904 INFO [066_Beethoven_PSon_No14_ii_B0-36_page_0]       StepMonitoring.java:98   | MEASURES
2025-12-26 13:07:24,917 INFO [066_Beethoven_PSon_No14_ii_B0-36_page_0]                 Page.java:307  | 37 raw measures: [6 in system#1, 6 in system#2, 5 in system#3, 6 in system#4, 7 in system#5, 7 in system#6]
2025-12-26 13:07:24,918 INFO [066_Beethoven_PSon_No14_ii_B0-36_page_0]       StepMonitoring.java:98   | CHORDS
2025-12-26 13:07:24,946 INFO [066_Beethoven_PSon_No14_ii_B0-36_page_0]       StepMonitoring.java:98   | CURVES
2025-12-26 13:07:25,832 INFO [066_Beethoven_PSon_No14_ii_B0-36_page_0]         SlursBuilder.java:240  | Slurs: 63
2025-12-26 13:07:25,847 INFO [066_Beethoven_PSon_No14_ii_B0-36_page_0]      SegmentsBuilder.java:155  | Segments: 5
2025-12-26 13:07:25,854 INFO [066_Beethoven_PSon_No14_ii_B0-36_page_0]       StepMonitoring.java:98   | SYMBOLS
2025-12-26 13:07:26,376 INFO [066_Beethoven_PSon_No14_ii_B0-36_page_0]       StepMonitoring.java:98   | LINKS
2025-12-26 13:07:26,511 INFO [066_Beethoven_PSon_No14_ii_B0-36_page_0]       StepMonitoring.java:98   | RHYTHMS
2025-12-26 13:07:26,561 INFO [066_Beethoven_PSon_No14_ii_B0-36_page_0]        MeasureRhythm.java:1045 | Measure{#5} No timeOffset for HeadChordInter#5599{(0.958/0.958) staff:1 slot#4 dur:1/4}
2025-12-26 13:07:26,562 INFO [066_Beethoven_PSon_No14_ii_B0-36_page_0]        MeasureRhythm.java:1045 | Measure{#5} No timeOffset for HeadChordInter#5611{(0.931/0.931) staff:2 slot#4 dur:1/4}
2025-12-26 13:07:26,563 INFO [066_Beethoven_PSon_No14_ii_B0-36_page_0]                Voice.java:257  | Measure{#5} Voice{#5 excess:1/4} too long
2025-12-26 13:07:26,563 INFO [066_Beethoven_PSon_No14_ii_B0-36_page_0]          StackRhythm.java:224  | S1 MeasureStack#5 no correct rhythm
2025-12-26 13:07:26,649 INFO [066_Beethoven_PSon_No14_ii_B0-36_page_0]       StepMonitoring.java:98   | PAGE
2025-12-26 13:07:26,658 INFO [066_Beethoven_PSon_No14_ii_B0-36_page_0]                Voice.java:257  | Measure{#5} Voice{#5 excess:1/4} too long
2025-12-26 13:07:26,664 INFO [066_Beethoven_PSon_No14_ii_B0-36_page_0]                 Book.java:2596 | Book{066_Beethoven_PSon_No14_ii_B0-36_page_0} storing
2025-12-26 13:07:26,710 INFO [066_Beethoven_PSon_No14_ii_B0-36_page_0]                 Book.java:2577 | Stored /book.xml
2025-12-26 13:07:26,792 INFO [066_Beethoven_PSon_No14_ii_B0-36_page_0]           DataHolder.java:348  | Stored /sheet#1/BINARY.png
2025-12-26 13:07:27,912 INFO [066_Beethoven_PSon_No14_ii_B0-36_page_0]                Sheet.java:1583 | Stored /sheet#1/sheet#1.xml
2025-12-26 13:07:27,913 INFO [066_Beethoven_PSon_No14_ii_B0-36_page_0]                 Book.java:2537 | Book stored as C:\Users\Elliot\Downloads\Audiveris\scores\066_Beethoven_PSon_No14_ii_B0-36_page_0.omr
2025-12-26 13:07:27,920 INFO [066_Beethoven_PSon_No14_ii_B0-36_page_0]            SheetStub.java:1660 | Disposed sheet
2025-12-26 13:07:27,972 INFO [066_Beethoven_PSon_No14_ii_B0-36_page_0]                 Book.java:2064 | End of Stub#1
2025-12-26 13:07:27,973 INFO [066_Beethoven_PSon_No14_ii_B0-36_page_0]                 Book.java:2071 | Book processed.
2025-12-26 13:07:28,451 INFO [066_Beethoven_PSon_No14_ii_B0-36_page_0]            SheetStub.java:997  | Loaded /sheet#1/sheet#1.xml
2025-12-26 13:07:29,045 INFO [066_Beethoven_PSon_No14_ii_B0-36_page_0]      PartwiseBuilder.java:2688 | Exporting sheet(s): [#1]
2025-12-26 13:07:29,197 INFO [066_Beethoven_PSon_No14_ii_B0-36_page_0]        ScoreExporter.java:164  | Score 066_Beethoven_PSon_No14_ii_B0-36_page_0 exported to C:\Users\Elliot\Downloads\Audiveris\scores\066_Beethoven_PSon_No14_ii_B0-36_page_0.mxl
2025-12-26 13:07:29,242 INFO [066_Beethoven_PSon_No14_ii_B0-36_page_0]                Score.java:181  | Closing {Score 1}
