2025-12-26 13:07:51,415 INFO [068_Beethoven_PSon_No21_i_B50-67_page_0]                 Book.java:560  | 1 sheet in C:\Users\Elliot\Downloads\Audiveris\scores\068_Beethoven_PSon_No21_i_B50-67_page_0.jpg
2025-12-26 13:07:51,615 INFO []                 Book.java:2577 | Stored /book.xml
2025-12-26 13:07:51,616 INFO []                 Book.java:2537 | Book stored as C:\Users\Elliot\Downloads\Audiveris\scores\068_Beethoven_PSon_No21_i_B50-67_page_0.omr
2025-12-26 13:07:51,623 INFO []                 Book.java:1929 | Book reaching PAGE on sheets:[#1]
2025-12-26 13:07:51,625 INFO [068_Beethoven_PSon_No21_i_B50-67_page_0]       StepMonitoring.java:98   | LOAD
2025-12-26 13:07:51,807 INFO [068_Beethoven_PSon_No21_i_B50-67_page_0]            SheetStub.java:1273 | Loaded image #1 1653x2339 from C:\Users\Elliot\Downloads\Audiveris\scores\068_Beethoven_PSon_No21_i_B50-67_page_0.jpg
2025-12-26 13:07:51,812 INFO [068_Beethoven_PSon_No21_i_B50-67_page_0]            ImageUtil.java:124  | Converting max RGB to gray
2025-12-26 13:07:51,998 INFO [068_Beethoven_PSon_No21_i_B50-67_page_0]       StepMonitoring.java:98   | BINARY
2025-12-26 13:07:52,380 INFO [068_Beethoven_PSon_No21_i_B50-67_page_0]       StepMonitoring.java:98   | SCALE
2025-12-26 13:07:52,410 INFO [068_Beethoven_PSon_No21_i_B50-67_page_0]         ScaleBuilder.java:241  | Beam  guessed height:  6 -- 0.50 of 12 interline
2025-12-26 13:07:52,412 INFO [068_Beethoven_PSon_No21_i_B50-67_page_0]         ScaleBuilder.java:264  | Beam measured height:  7 -- 0.38 of [4..12] range at 753% of needed quorum
2025-12-26 13:07:52,413 INFO [068_Beethoven_PSon_No21_i_B50-67_page_0]            ScaleStep.java:65   | Scale{ interline(13,14,14) line(1,1,2) beam(7)}
2025-12-26 13:07:52,414 INFO [068_Beethoven_PSon_No21_i_B50-67_page_0]       StepMonitoring.java:98   | GRID
2025-12-26 13:07:53,133 INFO [068_Beethoven_PSon_No21_i_B50-67_page_0]       LinesRetriever.java:1500 | Global slope: 0.00000
2025-12-26 13:07:53,196 INFO [068_Beethoven_PSon_No21_i_B50-67_page_0]    ClustersRetriever.java:326  | Retrieved raw line clusters: 14 of sizes [5] with interline(13,14,14)
2025-12-26 13:07:53,406 INFO [068_Beethoven_PSon_No21_i_B50-67_page_0]            PeakGraph.java:310  | Systems: #1[1, 2] #2[3, 4] #3[5, 6] #4[7, 8] #5[9, 10] #6[11, 12] #7[13, 14]
2025-12-26 13:07:53,742 INFO [068_Beethoven_PSon_No21_i_B50-67_page_0]        SystemManager.java:134  | Indentation detected for system #1
2025-12-26 13:07:53,743 INFO [068_Beethoven_PSon_No21_i_B50-67_page_0]        SystemManager.java:779  | 1 part along 7 systems
2025-12-26 13:07:53,744 INFO [068_Beethoven_PSon_No21_i_B50-67_page_0]                 Book.java:543  | Created scores: [{Score 1}]
2025-12-26 13:07:53,745 INFO [068_Beethoven_PSon_No21_i_B50-67_page_0]       StepMonitoring.java:98   | HEADERS
2025-12-26 13:07:54,133 INFO [068_Beethoven_PSon_No21_i_B50-67_page_0]      BasicClassifier.java:286  | Classifier loaded XML norms.
2025-12-26 13:07:54,139 INFO [068_Beethoven_PSon_No21_i_B50-67_page_0]   AbstractClassifier.java:396  | Classifier data loaded from default uri jar:file:/C:/Users/Elliot/Downloads/Audiveris/app/audiveris.jar!/res/basic-classifier.zip
2025-12-26 13:07:55,083 INFO [068_Beethoven_PSon_No21_i_B50-67_page_0]       StepMonitoring.java:98   | STEM_SEEDS
2025-12-26 13:07:55,163 INFO [068_Beethoven_PSon_No21_i_B50-67_page_0]        StemSeedsStep.java:86   | stem(2 max:2)
2025-12-26 13:07:55,275 INFO [068_Beethoven_PSon_No21_i_B50-67_page_0]       StepMonitoring.java:98   | BEAMS
2025-12-26 13:07:57,401 INFO [068_Beethoven_PSon_No21_i_B50-67_page_0]       StepMonitoring.java:98   | LEDGERS
2025-12-26 13:07:57,700 INFO [068_Beethoven_PSon_No21_i_B50-67_page_0]       StepMonitoring.java:98   | HEADS
2025-12-26 13:08:02,271 INFO [068_Beethoven_PSon_No21_i_B50-67_page_0]        HeadSeedTally.java:235  | Scale information: HeadSeeds{NOTEHEAD_BLACK[L:0.0,R:0.4]}
2025-12-26 13:08:02,273 INFO [068_Beethoven_PSon_No21_i_B50-67_page_0]       StepMonitoring.java:98   | STEMS
2025-12-26 13:08:04,199 INFO [068_Beethoven_PSon_No21_i_B50-67_page_0]       StepMonitoring.java:98   | REDUCTION
2025-12-26 13:08:04,764 INFO [068_Beethoven_PSon_No21_i_B50-67_page_0]        ReductionStep.java:105  | Stems free length median value: 49 pixels, 3.5 interlines
2025-12-26 13:08:04,778 INFO [068_Beethoven_PSon_No21_i_B50-67_page_0]       StepMonitoring.java:98   | CUE_BEAMS
2025-12-26 13:08:04,779 INFO [068_Beethoven_PSon_No21_i_B50-67_page_0]         CueBeamsStep.java:81   | Step CUE_BEAMS is skipped because small heads switch is off
2025-12-26 13:08:04,780 INFO [068_Beethoven_PSon_No21_i_B50-67_page_0]       StepMonitoring.java:98   | TEXTS
2025-12-26 13:08:04,937 WARN [068_Beethoven_PSon_No21_i_B50-67_page_0]         TesseractOCR.java:335  | The collection of supported languages is empty
2025-12-26 13:08:04,938 INFO [068_Beethoven_PSon_No21_i_B50-67_page_0]              OcrUtil.java:106  | Missing support for 'eng' language(s)
2025-12-26 13:08:04,951 INFO [068_Beethoven_PSon_No21_i_B50-67_page_0]       StepMonitoring.java:98   | MEASURES
2025-12-26 13:08:04,969 INFO [068_Beethoven_PSon_No21_i_B50-67_page_0]                 Page.java:307  | 18 raw measures: [3 in system#1, 3 in system#2, 3 in system#3, 2 in system#4, 2 in system#5, 2 in system#6, 3 in system#7]
2025-12-26 13:08:04,970 INFO [068_Beethoven_PSon_No21_i_B50-67_page_0]       StepMonitoring.java:98   | CHORDS
2025-12-26 13:08:05,009 INFO [068_Beethoven_PSon_No21_i_B50-67_page_0]       StepMonitoring.java:98   | CURVES
2025-12-26 13:08:06,230 INFO [068_Beethoven_PSon_No21_i_B50-67_page_0]         SlursBuilder.java:240  | Slurs: 8
2025-12-26 13:08:06,262 INFO [068_Beethoven_PSon_No21_i_B50-67_page_0]      SegmentsBuilder.java:155  | Segments: 6
2025-12-26 13:08:06,271 INFO [068_Beethoven_PSon_No21_i_B50-67_page_0]       StepMonitoring.java:98   | SYMBOLS
2025-12-26 13:08:07,592 INFO [068_Beethoven_PSon_No21_i_B50-67_page_0]       StepMonitoring.java:98   | LINKS
2025-12-26 13:08:07,738 INFO [068_Beethoven_PSon_No21_i_B50-67_page_0]             KeyInter.java:1165 | No effective key before AlterInter#11103{(0.800) staff:13 NATURAL pitch:0.0}
2025-12-26 13:08:07,756 INFO [068_Beethoven_PSon_No21_i_B50-67_page_0]       StepMonitoring.java:98   | RHYTHMS
2025-12-26 13:08:07,802 INFO [068_Beethoven_PSon_No21_i_B50-67_page_0]        MeasureRhythm.java:1045 | Measure{#1} No timeOffset for HeadChordInter#9582{(0.954/0.954) staff:1 slot#10 dur:1/8}
2025-12-26 13:08:07,803 INFO [068_Beethoven_PSon_No21_i_B50-67_page_0]        MeasureRhythm.java:1045 | Measure{#1} No timeOffset for HeadChordInter#9602{(0.931/0.931) slot#10 dur:1/4}
2025-12-26 13:08:07,805 INFO [068_Beethoven_PSon_No21_i_B50-67_page_0]          StackRhythm.java:224  | S1 MeasureStack#1 no correct rhythm
2025-12-26 13:08:07,809 INFO [068_Beethoven_PSon_No21_i_B50-67_page_0]        MeasureRhythm.java:1045 | Measure{#2} No timeOffset for HeadChordInter#9594{(0.934/0.934) staff:1 slot#10 dur:1/8}
2025-12-26 13:08:07,810 INFO [068_Beethoven_PSon_No21_i_B50-67_page_0]        MeasureRhythm.java:1045 | Measure{#2} No timeOffset for HeadChordInter#9605{(0.925/0.925) slot#10 dur:1/4}
2025-12-26 13:08:07,810 INFO [068_Beethoven_PSon_No21_i_B50-67_page_0]          StackRhythm.java:224  | S1 MeasureStack#2 no correct rhythm
2025-12-26 13:08:07,815 INFO [068_Beethoven_PSon_No21_i_B50-67_page_0]        MeasureRhythm.java:1045 | Measure{#3} No timeOffset for HeadChordInter#9599{(0.935/0.935) staff:1 slot#10 dur:1/4}
2025-12-26 13:08:07,816 INFO [068_Beethoven_PSon_No21_i_B50-67_page_0]        MeasureRhythm.java:1045 | Measure{#3} No timeOffset for HeadChordInter#9615{(0.938/0.938) staff:2 slot#10 dur:1/8}
2025-12-26 13:08:07,817 INFO [068_Beethoven_PSon_No21_i_B50-67_page_0]          StackRhythm.java:224  | S1 MeasureStack#3 no correct rhythm
2025-12-26 13:08:07,825 INFO [068_Beethoven_PSon_No21_i_B50-67_page_0]        MeasureRhythm.java:1045 | Measure{#4} No timeOffset for HeadChordInter#9620{(0.930/0.930) staff:3 slot#10 dur:1/4}
2025-12-26 13:08:07,826 INFO [068_Beethoven_PSon_No21_i_B50-67_page_0]        MeasureRhythm.java:1045 | Measure{#4} No timeOffset for HeadChordInter#9654{(0.958/0.958) staff:4 slot#10 dur:1/8}
2025-12-26 13:08:07,827 INFO [068_Beethoven_PSon_No21_i_B50-67_page_0]          StackRhythm.java:224  | S2 MeasureStack#4 no correct rhythm
2025-12-26 13:08:07,836 INFO [068_Beethoven_PSon_No21_i_B50-67_page_0]        MeasureRhythm.java:1045 | Measure{#5} No timeOffset for HeadChordInter#9630{(0.941/0.941) staff:3 slot#10 dur:1/8}
2025-12-26 13:08:07,837 INFO [068_Beethoven_PSon_No21_i_B50-67_page_0]        MeasureRhythm.java:1045 | Measure{#5} No timeOffset for HeadChordInter#9666{(0.952/0.952) staff:4 slot#10 dur:1/8}
2025-12-26 13:08:07,837 INFO [068_Beethoven_PSon_No21_i_B50-67_page_0]                Voice.java:257  | Measure{#5} Voice{#1 excess:1/8} too long
2025-12-26 13:08:07,838 INFO [068_Beethoven_PSon_No21_i_B50-67_page_0]                Voice.java:257  | Measure{#5} Voice{#5 excess:1/8} too long
2025-12-26 13:08:07,838 INFO [068_Beethoven_PSon_No21_i_B50-67_page_0]          StackRhythm.java:224  | S2 MeasureStack#5 no correct rhythm
2025-12-26 13:08:07,849 INFO [068_Beethoven_PSon_No21_i_B50-67_page_0]        MeasureRhythm.java:1045 | Measure{#6} No timeOffset for HeadChordInter#9642{(0.957/0.957) staff:3 slot#10 dur:1/8}
2025-12-26 13:08:07,850 INFO [068_Beethoven_PSon_No21_i_B50-67_page_0]        MeasureRhythm.java:1045 | Measure{#6} No timeOffset for HeadChordInter#9678{(0.942/0.942) staff:4 slot#10 dur:1/8}
2025-12-26 13:08:07,851 INFO [068_Beethoven_PSon_No21_i_B50-67_page_0]                Voice.java:257  | Measure{#6} Voice{#1 excess:1/8} too long
2025-12-26 13:08:07,851 INFO [068_Beethoven_PSon_No21_i_B50-67_page_0]                Voice.java:257  | Measure{#6} Voice{#5 excess:1/8} too long
2025-12-26 13:08:07,851 INFO [068_Beethoven_PSon_No21_i_B50-67_page_0]          StackRhythm.java:224  | S2 MeasureStack#6 no correct rhythm
2025-12-26 13:08:07,858 INFO [068_Beethoven_PSon_No21_i_B50-67_page_0]        MeasureRhythm.java:1045 | Measure{#7} No timeOffset for HeadChordInter#9690{(0.954/0.954) staff:5 slot#10 dur:1/8}
2025-12-26 13:08:07,858 INFO [068_Beethoven_PSon_No21_i_B50-67_page_0]        MeasureRhythm.java:1045 | Measure{#7} No timeOffset for HeadChordInter#9730{(0.937/0.937) staff:6 slot#10 dur:1/8}
2025-12-26 13:08:07,859 INFO [068_Beethoven_PSon_No21_i_B50-67_page_0]                Voice.java:257  | Measure{#7} Voice{#1 excess:1/8} too long
2025-12-26 13:08:07,859 INFO [068_Beethoven_PSon_No21_i_B50-67_page_0]                Voice.java:257  | Measure{#7} Voice{#5 excess:1/8} too long
2025-12-26 13:08:07,859 INFO [068_Beethoven_PSon_No21_i_B50-67_page_0]          StackRhythm.java:224  | S3 MeasureStack#7 no correct rhythm
2025-12-26 13:08:07,865 INFO [068_Beethoven_PSon_No21_i_B50-67_page_0]        MeasureRhythm.java:1045 | Measure{#8} No timeOffset for HeadChordInter#9702{(0.957/0.957) staff:5 slot#10 dur:1/8}
2025-12-26 13:08:07,866 INFO [068_Beethoven_PSon_No21_i_B50-67_page_0]        MeasureRhythm.java:1045 | Measure{#8} No timeOffset for HeadChordInter#9742{(0.940/0.940) staff:6 slot#10 dur:1/8}
2025-12-26 13:08:07,867 INFO [068_Beethoven_PSon_No21_i_B50-67_page_0]                Voice.java:257  | Measure{#8} Voice{#1 excess:1/8} too long
2025-12-26 13:08:07,867 INFO [068_Beethoven_PSon_No21_i_B50-67_page_0]                Voice.java:257  | Measure{#8} Voice{#5 excess:1/8} too long
2025-12-26 13:08:07,867 INFO [068_Beethoven_PSon_No21_i_B50-67_page_0]          StackRhythm.java:224  | S3 MeasureStack#8 no correct rhythm
2025-12-26 13:08:07,960 INFO [068_Beethoven_PSon_No21_i_B50-67_page_0]       StepMonitoring.java:98   | PAGE
2025-12-26 13:08:07,966 INFO [068_Beethoven_PSon_No21_i_B50-67_page_0]                Voice.java:257  | Measure{#5} Voice{#1 excess:1/8} too long
2025-12-26 13:08:07,966 INFO [068_Beethoven_PSon_No21_i_B50-67_page_0]                Voice.java:257  | Measure{#5} Voice{#5 excess:1/8} too long
2025-12-26 13:08:07,967 INFO [068_Beethoven_PSon_No21_i_B50-67_page_0]                Voice.java:257  | Measure{#6} Voice{#1 excess:1/8} too long
2025-12-26 13:08:07,967 INFO [068_Beethoven_PSon_No21_i_B50-67_page_0]                Voice.java:257  | Measure{#6} Voice{#5 excess:1/8} too long
2025-12-26 13:08:07,968 INFO [068_Beethoven_PSon_No21_i_B50-67_page_0]                Voice.java:257  | Measure{#7} Voice{#1 excess:1/8} too long
2025-12-26 13:08:07,968 INFO [068_Beethoven_PSon_No21_i_B50-67_page_0]                Voice.java:257  | Measure{#7} Voice{#5 excess:1/8} too long
2025-12-26 13:08:07,968 INFO [068_Beethoven_PSon_No21_i_B50-67_page_0]                Voice.java:257  | Measure{#8} Voice{#1 excess:1/8} too long
2025-12-26 13:08:07,968 INFO [068_Beethoven_PSon_No21_i_B50-67_page_0]                Voice.java:257  | Measure{#8} Voice{#5 excess:1/8} too long
2025-12-26 13:08:07,974 INFO [068_Beethoven_PSon_No21_i_B50-67_page_0]                 Book.java:2596 | Book{068_Beethoven_PSon_No21_i_B50-67_page_0} storing
2025-12-26 13:08:08,028 INFO [068_Beethoven_PSon_No21_i_B50-67_page_0]                 Book.java:2577 | Stored /book.xml
2025-12-26 13:08:08,129 INFO [068_Beethoven_PSon_No21_i_B50-67_page_0]           DataHolder.java:348  | Stored /sheet#1/BINARY.png
2025-12-26 13:08:09,670 INFO [068_Beethoven_PSon_No21_i_B50-67_page_0]                Sheet.java:1583 | Stored /sheet#1/sheet#1.xml
2025-12-26 13:08:09,671 INFO [068_Beethoven_PSon_No21_i_B50-67_page_0]                 Book.java:2537 | Book stored as C:\Users\Elliot\Downloads\Audiveris\scores\068_Beethoven_PSon_No21_i_B50-67_page_0.omr
2025-12-26 13:08:09,676 INFO [068_Beethoven_PSon_No21_i_B50-67_page_0]            SheetStub.java:1660 | Disposed sheet
2025-12-26 13:08:09,714 INFO [068_Beethoven_PSon_No21_i_B50-67_page_0]                 Book.java:2064 | End of Stub#1
2025-12-26 13:08:09,715 INFO [068_Beethoven_PSon_No21_i_B50-67_page_0]                 Book.java:2071 | Book processed.
2025-12-26 13:08:10,373 INFO [068_Beethoven_PSon_No21_i_B50-67_page_0]            SheetStub.java:997  | Loaded /sheet#1/sheet#1.xml
2025-12-26 13:08:10,909 INFO [068_Beethoven_PSon_No21_i_B50-67_page_0]      PartwiseBuilder.java:2688 | Exporting sheet(s): [#1]
2025-12-26 13:08:11,054 INFO [068_Beethoven_PSon_No21_i_B50-67_page_0]        ScoreExporter.java:164  | Score 068_Beethoven_PSon_No21_i_B50-67_page_0 exported to C:\Users\Elliot\Downloads\Audiveris\scores\068_Beethoven_PSon_No21_i_B50-67_page_0.mxl
2025-12-26 13:08:11,106 INFO [068_Beethoven_PSon_No21_i_B50-67_page_0]                Score.java:181  | Closing {Score 1}
