2025-12-26 13:08:13,570 INFO [069_Beethoven_PSon_No21_iii_B175-199_page_0]                 Book.java:560  | 1 sheet in C:\Users\Elliot\Downloads\Audiveris\scores\069_Beethoven_PSon_No21_iii_B175-199_page_0.jpg
2025-12-26 13:08:13,775 INFO []                 Book.java:2577 | Stored /book.xml
2025-12-26 13:08:13,776 INFO []                 Book.java:2537 | Book stored as C:\Users\Elliot\Downloads\Audiveris\scores\069_Beethoven_PSon_No21_iii_B175-199_page_0.omr
2025-12-26 13:08:13,782 INFO []                 Book.java:1929 | Book reaching PAGE on sheets:[#1]
2025-12-26 13:08:13,788 INFO [069_Beethoven_PSon_No21_iii_B175-199_page_0]       StepMonitoring.java:98   | LOAD
2025-12-26 13:08:13,999 INFO [069_Beethoven_PSon_No21_iii_B175-199_page_0]            SheetStub.java:1273 | Loaded image #1 1653x2339 from C:\Users\Elliot\Downloads\Audiveris\scores\069_Beethoven_PSon_No21_iii_B175-199_page_0.jpg
2025-12-26 13:08:14,004 INFO [069_Beethoven_PSon_No21_iii_B175-199_page_0]            ImageUtil.java:124  | Converting max RGB to gray
2025-12-26 13:08:14,157 INFO [069_Beethoven_PSon_No21_iii_B175-199_page_0]       StepMonitoring.java:98   | BINARY
2025-12-26 13:08:14,473 INFO [069_Beethoven_PSon_No21_iii_B175-199_page_0]       StepMonitoring.java:98   | SCALE
2025-12-26 13:08:14,507 INFO [069_Beethoven_PSon_No21_iii_B175-199_page_0]         ScaleBuilder.java:241  | Beam  guessed height:  6 -- 0.50 of 12 interline
2025-12-26 13:08:14,509 INFO [069_Beethoven_PSon_No21_iii_B175-199_page_0]         ScaleBuilder.java:264  | Beam measured height:  7 -- 0.38 of [4..12] range at 659% of needed quorum
2025-12-26 13:08:14,510 INFO [069_Beethoven_PSon_No21_iii_B175-199_page_0]            ScaleStep.java:65   | Scale{ interline(13,14,14) line(1,1,2) beam(7)}
2025-12-26 13:08:14,511 INFO [069_Beethoven_PSon_No21_iii_B175-199_page_0]       StepMonitoring.java:98   | GRID
2025-12-26 13:08:14,971 INFO [069_Beethoven_PSon_No21_iii_B175-199_page_0]       LinesRetriever.java:1500 | Global slope: 0.00000
2025-12-26 13:08:15,075 INFO [069_Beethoven_PSon_No21_iii_B175-199_page_0]    ClustersRetriever.java:326  | Retrieved raw line clusters: 14 of sizes [5] with interline(13,14,14)
2025-12-26 13:08:15,330 INFO [069_Beethoven_PSon_No21_iii_B175-199_page_0]            PeakGraph.java:310  | Systems: #1[1, 2] #2[3, 4] #3[5, 6] #4[7, 8] #5[9, 10] #6[11, 12] #7[13, 14]
2025-12-26 13:08:15,687 INFO [069_Beethoven_PSon_No21_iii_B175-199_page_0]        SystemManager.java:779  | 1 part along 7 systems
2025-12-26 13:08:15,688 INFO [069_Beethoven_PSon_No21_iii_B175-199_page_0]                 Book.java:543  | Created scores: [{Score 1}]
2025-12-26 13:08:15,690 INFO [069_Beethoven_PSon_No21_iii_B175-199_page_0]       StepMonitoring.java:98   | HEADERS
2025-12-26 13:08:16,026 INFO [069_Beethoven_PSon_No21_iii_B175-199_page_0]      BasicClassifier.java:286  | Classifier loaded XML norms.
2025-12-26 13:08:16,031 INFO [069_Beethoven_PSon_No21_iii_B175-199_page_0]   AbstractClassifier.java:396  | Classifier data loaded from default uri jar:file:/C:/Users/Elliot/Downloads/Audiveris/app/audiveris.jar!/res/basic-classifier.zip
2025-12-26 13:08:17,154 INFO [069_Beethoven_PSon_No21_iii_B175-199_page_0]       StepMonitoring.java:98   | STEM_SEEDS
2025-12-26 13:08:17,231 INFO [069_Beethoven_PSon_No21_iii_B175-199_page_0]        StemSeedsStep.java:86   | stem(2 max:2)
2025-12-26 13:08:17,326 INFO [069_Beethoven_PSon_No21_iii_B175-199_page_0]       StepMonitoring.java:98   | BEAMS
2025-12-26 13:08:19,256 INFO [069_Beethoven_PSon_No21_iii_B175-199_page_0]       StepMonitoring.java:98   | LEDGERS
2025-12-26 13:08:19,592 INFO [069_Beethoven_PSon_No21_iii_B175-199_page_0]       StepMonitoring.java:98   | HEADS
2025-12-26 13:08:23,747 INFO [069_Beethoven_PSon_No21_iii_B175-199_page_0]        HeadSeedTally.java:235  | Scale information: HeadSeeds{NOTEHEAD_BLACK[L:-0.1,R:0.5]}
2025-12-26 13:08:23,748 INFO [069_Beethoven_PSon_No21_iii_B175-199_page_0]       StepMonitoring.java:98   | STEMS
2025-12-26 13:08:25,006 INFO [069_Beethoven_PSon_No21_iii_B175-199_page_0]       StepMonitoring.java:98   | REDUCTION
2025-12-26 13:08:25,399 INFO [069_Beethoven_PSon_No21_iii_B175-199_page_0]        ReductionStep.java:105  | Stems free length median value: 51 pixels, 3.6 interlines
2025-12-26 13:08:25,408 INFO [069_Beethoven_PSon_No21_iii_B175-199_page_0]       StepMonitoring.java:98   | CUE_BEAMS
2025-12-26 13:08:25,409 INFO [069_Beethoven_PSon_No21_iii_B175-199_page_0]         CueBeamsStep.java:81   | Step CUE_BEAMS is skipped because small heads switch is off
2025-12-26 13:08:25,409 INFO [069_Beethoven_PSon_No21_iii_B175-199_page_0]       StepMonitoring.java:98   | TEXTS
2025-12-26 13:08:25,625 WARN [069_Beethoven_PSon_No21_iii_B175-199_page_0]         TesseractOCR.java:335  | The collection of supported languages is empty
2025-12-26 13:08:25,626 INFO [069_Beethoven_PSon_No21_iii_B175-199_page_0]              OcrUtil.java:106  | Missing support for 'eng' language(s)
2025-12-26 13:08:25,644 INFO [069_Beethoven_PSon_No21_iii_B175-199_page_0]       StepMonitoring.java:98   | MEASURES
2025-12-26 13:08:25,658 INFO [069_Beethoven_PSon_No21_iii_B175-199_page_0]                 Page.java:307  | 25 raw measures: [4 in system#1, 4 in system#2, 4 in system#3, 3 in system#4, 3 in system#5, 3 in system#6, 4 in system#7]
2025-12-26 13:08:25,660 INFO [069_Beethoven_PSon_No21_iii_B175-199_page_0]       StepMonitoring.java:98   | CHORDS
2025-12-26 13:08:25,692 INFO [069_Beethoven_PSon_No21_iii_B175-199_page_0]       StepMonitoring.java:98   | CURVES
2025-12-26 13:08:26,811 INFO [069_Beethoven_PSon_No21_iii_B175-199_page_0]         SlursBuilder.java:240  | Slurs: 0
2025-12-26 13:08:26,853 INFO [069_Beethoven_PSon_No21_iii_B175-199_page_0]      SegmentsBuilder.java:155  | Segments: 13
2025-12-26 13:08:26,859 INFO [069_Beethoven_PSon_No21_iii_B175-199_page_0]       StepMonitoring.java:98   | SYMBOLS
2025-12-26 13:08:27,447 INFO [069_Beethoven_PSon_No21_iii_B175-199_page_0]       StepMonitoring.java:98   | LINKS
2025-12-26 13:08:27,611 INFO [069_Beethoven_PSon_No21_iii_B175-199_page_0]       StepMonitoring.java:98   | RHYTHMS
2025-12-26 13:08:27,640 INFO [069_Beethoven_PSon_No21_iii_B175-199_page_0]        MeasureRhythm.java:1277 | Measure{#1} Time inconsistency in {3/16=[RestChordInter#9063{(0.799/0.799) staff:1 slot#4 off:3/16 dur:1/16}], 1/4=[HeadChordInter#8196{(0.963/0.963) staff:2 slot#4 off:1/4 dur:1/8}]}
2025-12-26 13:08:27,641 INFO [069_Beethoven_PSon_No21_iii_B175-199_page_0]        MeasureRhythm.java:1277 | Measure{#1} Time inconsistency in {5/16=[RestChordInter#9064{(0.799/0.799) staff:1 slot#6 off:5/16 dur:1/16}], 3/8=[HeadChordInter#8197{(0.970/0.970) staff:2 slot#6 off:3/8 dur:1/8}]}
2025-12-26 13:08:27,685 INFO [069_Beethoven_PSon_No21_iii_B175-199_page_0]                Voice.java:257  | Measure{#10} Voice{#8 excess:1/16} too long
2025-12-26 13:08:27,687 INFO [069_Beethoven_PSon_No21_iii_B175-199_page_0]          StackRhythm.java:224  | S3 MeasureStack#10 no correct rhythm
2025-12-26 13:08:27,692 INFO [069_Beethoven_PSon_No21_iii_B175-199_page_0]                Voice.java:257  | Measure{#11} Voice{#7 excess:1/16} too long
2025-12-26 13:08:27,693 INFO [069_Beethoven_PSon_No21_iii_B175-199_page_0]          StackRhythm.java:224  | S3 MeasureStack#11 no correct rhythm
2025-12-26 13:08:27,696 INFO [069_Beethoven_PSon_No21_iii_B175-199_page_0]                Voice.java:257  | Measure{#12} Voice{#8 excess:1/16} too long
2025-12-26 13:08:27,697 INFO [069_Beethoven_PSon_No21_iii_B175-199_page_0]          StackRhythm.java:224  | S3 MeasureStack#12 no correct rhythm
2025-12-26 13:08:27,702 INFO [069_Beethoven_PSon_No21_iii_B175-199_page_0]                Voice.java:257  | Measure{#13} Voice{#7 excess:1/16} too long
2025-12-26 13:08:27,703 INFO [069_Beethoven_PSon_No21_iii_B175-199_page_0]          StackRhythm.java:224  | S4 MeasureStack#13 no correct rhythm
2025-12-26 13:08:27,707 INFO [069_Beethoven_PSon_No21_iii_B175-199_page_0]                Voice.java:257  | Measure{#14} Voice{#8 excess:1/16} too long
2025-12-26 13:08:27,707 INFO [069_Beethoven_PSon_No21_iii_B175-199_page_0]          StackRhythm.java:224  | S4 MeasureStack#14 no correct rhythm
2025-12-26 13:08:27,711 INFO [069_Beethoven_PSon_No21_iii_B175-199_page_0]                Voice.java:257  | Measure{#15} Voice{#8 excess:1/16} too long
2025-12-26 13:08:27,711 INFO [069_Beethoven_PSon_No21_iii_B175-199_page_0]          StackRhythm.java:224  | S4 MeasureStack#15 no correct rhythm
2025-12-26 13:08:27,716 INFO [069_Beethoven_PSon_No21_iii_B175-199_page_0]                Voice.java:257  | Measure{#16} Voice{#8 excess:1/16} too long
2025-12-26 13:08:27,717 INFO [069_Beethoven_PSon_No21_iii_B175-199_page_0]          StackRhythm.java:224  | S5 MeasureStack#16 no correct rhythm
2025-12-26 13:08:27,719 INFO [069_Beethoven_PSon_No21_iii_B175-199_page_0]                Voice.java:257  | Measure{#17} Voice{#3 excess:1/16} too long
2025-12-26 13:08:27,720 INFO [069_Beethoven_PSon_No21_iii_B175-199_page_0]          StackRhythm.java:224  | S5 MeasureStack#17 no correct rhythm
2025-12-26 13:08:27,723 INFO [069_Beethoven_PSon_No21_iii_B175-199_page_0]                Voice.java:257  | Measure{#18} Voice{#4 excess:1/16} too long
2025-12-26 13:08:27,725 INFO [069_Beethoven_PSon_No21_iii_B175-199_page_0]          StackRhythm.java:224  | S5 MeasureStack#18 no correct rhythm
2025-12-26 13:08:27,728 INFO [069_Beethoven_PSon_No21_iii_B175-199_page_0]                Voice.java:257  | Measure{#19} Voice{#3 excess:1/16} too long
2025-12-26 13:08:27,728 INFO [069_Beethoven_PSon_No21_iii_B175-199_page_0]          StackRhythm.java:224  | S6 MeasureStack#19 no correct rhythm
2025-12-26 13:08:27,730 INFO [069_Beethoven_PSon_No21_iii_B175-199_page_0]                Voice.java:257  | Measure{#20} Voice{#4 excess:1/16} too long
2025-12-26 13:08:27,731 INFO [069_Beethoven_PSon_No21_iii_B175-199_page_0]          StackRhythm.java:224  | S6 MeasureStack#20 no correct rhythm
2025-12-26 13:08:27,738 INFO [069_Beethoven_PSon_No21_iii_B175-199_page_0]                Voice.java:257  | Measure{#21} Voice{#4 excess:1/16} too long
2025-12-26 13:08:27,738 INFO [069_Beethoven_PSon_No21_iii_B175-199_page_0]          StackRhythm.java:224  | S6 MeasureStack#21 no correct rhythm
2025-12-26 13:08:27,741 INFO [069_Beethoven_PSon_No21_iii_B175-199_page_0]                Voice.java:257  | Measure{#22} Voice{#4 excess:1/16} too long
2025-12-26 13:08:27,742 INFO [069_Beethoven_PSon_No21_iii_B175-199_page_0]          StackRhythm.java:224  | S7 MeasureStack#22 no correct rhythm
2025-12-26 13:08:27,748 INFO [069_Beethoven_PSon_No21_iii_B175-199_page_0]                Voice.java:257  | Measure{#23} Voice{#1 excess:1/16} too long
2025-12-26 13:08:27,748 INFO [069_Beethoven_PSon_No21_iii_B175-199_page_0]                Voice.java:257  | Measure{#23} Voice{#6 excess:1/8} too long
2025-12-26 13:08:27,749 INFO [069_Beethoven_PSon_No21_iii_B175-199_page_0]                Voice.java:257  | Measure{#23} Voice{#2 excess:3/16} too long
2025-12-26 13:08:27,749 INFO [069_Beethoven_PSon_No21_iii_B175-199_page_0]          StackRhythm.java:224  | S7 MeasureStack#23 no correct rhythm
2025-12-26 13:08:27,753 INFO [069_Beethoven_PSon_No21_iii_B175-199_page_0]                Voice.java:257  | Measure{#24} Voice{#4 excess:1/16} too long
2025-12-26 13:08:27,754 INFO [069_Beethoven_PSon_No21_iii_B175-199_page_0]          StackRhythm.java:224  | S7 MeasureStack#24 no correct rhythm
2025-12-26 13:08:27,755 INFO [069_Beethoven_PSon_No21_iii_B175-199_page_0]       StepMonitoring.java:98   | PAGE
2025-12-26 13:08:27,762 INFO [069_Beethoven_PSon_No21_iii_B175-199_page_0]                Voice.java:257  | Measure{#10} Voice{#8 excess:1/16} too long
2025-12-26 13:08:27,762 INFO [069_Beethoven_PSon_No21_iii_B175-199_page_0]                Voice.java:257  | Measure{#11} Voice{#7 excess:1/16} too long
2025-12-26 13:08:27,763 INFO [069_Beethoven_PSon_No21_iii_B175-199_page_0]                Voice.java:257  | Measure{#12} Voice{#8 excess:1/16} too long
2025-12-26 13:08:27,764 INFO [069_Beethoven_PSon_No21_iii_B175-199_page_0]                Voice.java:257  | Measure{#13} Voice{#7 excess:1/16} too long
2025-12-26 13:08:27,765 INFO [069_Beethoven_PSon_No21_iii_B175-199_page_0]                Voice.java:257  | Measure{#14} Voice{#8 excess:1/16} too long
2025-12-26 13:08:27,765 INFO [069_Beethoven_PSon_No21_iii_B175-199_page_0]                Voice.java:257  | Measure{#15} Voice{#8 excess:1/16} too long
2025-12-26 13:08:27,766 INFO [069_Beethoven_PSon_No21_iii_B175-199_page_0]                Voice.java:257  | Measure{#16} Voice{#8 excess:1/16} too long
2025-12-26 13:08:27,766 INFO [069_Beethoven_PSon_No21_iii_B175-199_page_0]                Voice.java:257  | Measure{#17} Voice{#3 excess:1/16} too long
2025-12-26 13:08:27,766 INFO [069_Beethoven_PSon_No21_iii_B175-199_page_0]                Voice.java:257  | Measure{#18} Voice{#4 excess:1/16} too long
2025-12-26 13:08:27,766 INFO [069_Beethoven_PSon_No21_iii_B175-199_page_0]                Voice.java:257  | Measure{#19} Voice{#3 excess:1/16} too long
2025-12-26 13:08:27,767 INFO [069_Beethoven_PSon_No21_iii_B175-199_page_0]                Voice.java:257  | Measure{#20} Voice{#4 excess:1/16} too long
2025-12-26 13:08:27,767 INFO [069_Beethoven_PSon_No21_iii_B175-199_page_0]                Voice.java:257  | Measure{#21} Voice{#4 excess:1/16} too long
2025-12-26 13:08:27,767 INFO [069_Beethoven_PSon_No21_iii_B175-199_page_0]                Voice.java:257  | Measure{#22} Voice{#4 excess:1/16} too long
2025-12-26 13:08:27,767 INFO [069_Beethoven_PSon_No21_iii_B175-199_page_0]                Voice.java:257  | Measure{#23} Voice{#1 excess:1/16} too long
2025-12-26 13:08:27,767 INFO [069_Beethoven_PSon_No21_iii_B175-199_page_0]                Voice.java:257  | Measure{#23} Voice{#2 excess:3/16} too long
2025-12-26 13:08:27,768 INFO [069_Beethoven_PSon_No21_iii_B175-199_page_0]                Voice.java:257  | Measure{#23} Voice{#6 excess:1/8} too long
2025-12-26 13:08:27,768 INFO [069_Beethoven_PSon_No21_iii_B175-199_page_0]                Voice.java:257  | Measure{#24} Voice{#4 excess:1/16} too long
2025-12-26 13:08:27,771 INFO [069_Beethoven_PSon_No21_iii_B175-199_page_0]                 Book.java:2596 | Book{069_Beethoven_PSon_No21_iii_B175-199_page_0} storing
2025-12-26 13:08:27,831 INFO [069_Beethoven_PSon_No21_iii_B175-199_page_0]                 Book.java:2577 | Stored /book.xml
2025-12-26 13:08:27,918 INFO [069_Beethoven_PSon_No21_iii_B175-199_page_0]           DataHolder.java:348  | Stored /sheet#1/BINARY.png
2025-12-26 13:08:29,168 INFO [069_Beethoven_PSon_No21_iii_B175-199_page_0]                Sheet.java:1583 | Stored /sheet#1/sheet#1.xml
2025-12-26 13:08:29,168 INFO [069_Beethoven_PSon_No21_iii_B175-199_page_0]                 Book.java:2537 | Book stored as C:\Users\Elliot\Downloads\Audiveris\scores\069_Beethoven_PSon_No21_iii_B175-199_page_0.omr
2025-12-26 13:08:29,173 INFO [069_Beethoven_PSon_No21_iii_B175-199_page_0]            SheetStub.java:1660 | Disposed sheet
2025-12-26 13:08:29,214 INFO [069_Beethoven_PSon_No21_iii_B175-199_page_0]                 Book.java:2064 | End of Stub#1
2025-12-26 13:08:29,215 INFO [069_Beethoven_PSon_No21_iii_B175-199_page_0]                 Book.java:2071 | Book processed.
2025-12-26 13:08:29,741 INFO [069_Beethoven_PSon_No21_iii_B175-199_page_0]            SheetStub.java:997  | Loaded /sheet#1/sheet#1.xml
2025-12-26 13:08:30,238 INFO [069_Beethoven_PSon_No21_iii_B175-199_page_0]      PartwiseBuilder.java:2688 | Exporting sheet(s): [#1]
2025-12-26 13:08:30,463 INFO [069_Beethoven_PSon_No21_iii_B175-199_page_0]        ScoreExporter.java:164  | Score 069_Beethoven_PSon_No21_iii_B175-199_page_0 exported to C:\Users\Elliot\Downloads\Audiveris\scores\069_Beethoven_PSon_No21_iii_B175-199_page_0.mxl
2025-12-26 13:08:30,516 INFO [069_Beethoven_PSon_No21_iii_B175-199_page_0]                Score.java:181  | Closing {Score 1}
