2025-12-26 13:08:32,973 INFO [070_Beethoven_PSon_No23_ii_B36-53_page_0]                 Book.java:560  | 1 sheet in C:\Users\Elliot\Downloads\Audiveris\scores\070_Beethoven_PSon_No23_ii_B36-53_page_0.jpg
2025-12-26 13:08:33,192 INFO []                 Book.java:2577 | Stored /book.xml
2025-12-26 13:08:33,193 INFO []                 Book.java:2537 | Book stored as C:\Users\Elliot\Downloads\Audiveris\scores\070_Beethoven_PSon_No23_ii_B36-53_page_0.omr
2025-12-26 13:08:33,203 INFO []                 Book.java:1929 | Book reaching PAGE on sheets:[#1]
2025-12-26 13:08:33,207 INFO [070_Beethoven_PSon_No23_ii_B36-53_page_0]       StepMonitoring.java:98   | LOAD
2025-12-26 13:08:33,416 INFO [070_Beethoven_PSon_No23_ii_B36-53_page_0]            SheetStub.java:1273 | Loaded image #1 1653x2339 from C:\Users\Elliot\Downloads\Audiveris\scores\070_Beethoven_PSon_No23_ii_B36-53_page_0.jpg
2025-12-26 13:08:33,422 INFO [070_Beethoven_PSon_No23_ii_B36-53_page_0]            ImageUtil.java:124  | Converting max RGB to gray
2025-12-26 13:08:33,645 INFO [070_Beethoven_PSon_No23_ii_B36-53_page_0]       StepMonitoring.java:98   | BINARY
2025-12-26 13:08:34,026 INFO [070_Beethoven_PSon_No23_ii_B36-53_page_0]       StepMonitoring.java:98   | SCALE
2025-12-26 13:08:34,047 INFO [070_Beethoven_PSon_No23_ii_B36-53_page_0]         ScaleBuilder.java:241  | Beam  guessed height:  5 -- 0.50 of 10 interline
2025-12-26 13:08:34,048 INFO [070_Beethoven_PSon_No23_ii_B36-53_page_0]         ScaleBuilder.java:264  | Beam measured height:  6 -- 0.43 of [3..10] range at 840% of needed quorum
2025-12-26 13:08:34,048 INFO [070_Beethoven_PSon_No23_ii_B36-53_page_0]            ScaleStep.java:65   | Scale{ interline(11,12,12) line(1,1,3) beam(6)}
2025-12-26 13:08:34,049 INFO [070_Beethoven_PSon_No23_ii_B36-53_page_0]       StepMonitoring.java:98   | GRID
2025-12-26 13:08:34,513 INFO [070_Beethoven_PSon_No23_ii_B36-53_page_0]       LinesRetriever.java:1500 | Global slope: 0.00000
2025-12-26 13:08:34,565 INFO [070_Beethoven_PSon_No23_ii_B36-53_page_0]    ClustersRetriever.java:326  | Retrieved raw line clusters: 6 of sizes [5] with interline(11,12,12)
2025-12-26 13:08:34,732 INFO [070_Beethoven_PSon_No23_ii_B36-53_page_0]            PeakGraph.java:310  | Systems: #1[1, 2] #2[3, 4] #3[5, 6]
2025-12-26 13:08:35,022 INFO [070_Beethoven_PSon_No23_ii_B36-53_page_0]        SystemManager.java:134  | Indentation detected for system #1
2025-12-26 13:08:35,023 INFO [070_Beethoven_PSon_No23_ii_B36-53_page_0]        SystemManager.java:779  | 1 part along 3 systems
2025-12-26 13:08:35,024 INFO [070_Beethoven_PSon_No23_ii_B36-53_page_0]                 Book.java:543  | Created scores: [{Score 1}]
2025-12-26 13:08:35,024 INFO [070_Beethoven_PSon_No23_ii_B36-53_page_0]       StepMonitoring.java:98   | HEADERS
2025-12-26 13:08:35,357 INFO [070_Beethoven_PSon_No23_ii_B36-53_page_0]      BasicClassifier.java:286  | Classifier loaded XML norms.
2025-12-26 13:08:35,363 INFO [070_Beethoven_PSon_No23_ii_B36-53_page_0]   AbstractClassifier.java:396  | Classifier data loaded from default uri jar:file:/C:/Users/Elliot/Downloads/Audiveris/app/audiveris.jar!/res/basic-classifier.zip
2025-12-26 13:08:36,394 INFO [070_Beethoven_PSon_No23_ii_B36-53_page_0]       StepMonitoring.java:98   | STEM_SEEDS
2025-12-26 13:08:36,450 INFO [070_Beethoven_PSon_No23_ii_B36-53_page_0]        StemSeedsStep.java:86   | stem(1 max:2)
2025-12-26 13:08:36,509 INFO [070_Beethoven_PSon_No23_ii_B36-53_page_0]       StepMonitoring.java:98   | BEAMS
2025-12-26 13:08:37,789 INFO [070_Beethoven_PSon_No23_ii_B36-53_page_0]       StepMonitoring.java:98   | LEDGERS
2025-12-26 13:08:38,003 INFO [070_Beethoven_PSon_No23_ii_B36-53_page_0]       StepMonitoring.java:98   | HEADS
2025-12-26 13:08:39,796 INFO [070_Beethoven_PSon_No23_ii_B36-53_page_0]        HeadSeedTally.java:235  | Scale information: HeadSeeds{NOTEHEAD_BLACK[L:-0.3,R:0.5]}
2025-12-26 13:08:39,797 INFO [070_Beethoven_PSon_No23_ii_B36-53_page_0]       StepMonitoring.java:98   | STEMS
2025-12-26 13:08:40,630 INFO [070_Beethoven_PSon_No23_ii_B36-53_page_0]       StepMonitoring.java:98   | REDUCTION
2025-12-26 13:08:40,816 INFO [070_Beethoven_PSon_No23_ii_B36-53_page_0]        ReductionStep.java:105  | Stems free length median value: 42 pixels, 3.5 interlines
2025-12-26 13:08:40,820 INFO [070_Beethoven_PSon_No23_ii_B36-53_page_0]       StepMonitoring.java:98   | CUE_BEAMS
2025-12-26 13:08:40,821 INFO [070_Beethoven_PSon_No23_ii_B36-53_page_0]         CueBeamsStep.java:81   | Step CUE_BEAMS is skipped because small heads switch is off
2025-12-26 13:08:40,823 INFO [070_Beethoven_PSon_No23_ii_B36-53_page_0]       StepMonitoring.java:98   | TEXTS
2025-12-26 13:08:40,892 WARN [070_Beethoven_PSon_No23_ii_B36-53_page_0]         TesseractOCR.java:335  | The collection of supported languages is empty
2025-12-26 13:08:40,892 INFO [070_Beethoven_PSon_No23_ii_B36-53_page_0]              OcrUtil.java:106  | Missing support for 'eng' language(s)
2025-12-26 13:08:40,901 INFO [070_Beethoven_PSon_No23_ii_B36-53_page_0]       StepMonitoring.java:98   | MEASURES
2025-12-26 13:08:40,915 INFO [070_Beethoven_PSon_No23_ii_B36-53_page_0]                 Page.java:307  | 16 raw measures: [6 in system#1, 5 in system#2, 5 in system#3]
2025-12-26 13:08:40,915 INFO [070_Beethoven_PSon_No23_ii_B36-53_page_0]       StepMonitoring.java:98   | CHORDS
2025-12-26 13:08:40,941 INFO [070_Beethoven_PSon_No23_ii_B36-53_page_0]       StepMonitoring.java:98   | CURVES
2025-12-26 13:08:41,715 INFO [070_Beethoven_PSon_No23_ii_B36-53_page_0]         SlursBuilder.java:240  | Slurs: 22
2025-12-26 13:08:41,747 INFO [070_Beethoven_PSon_No23_ii_B36-53_page_0]      SegmentsBuilder.java:155  | Segments: 23
2025-12-26 13:08:41,757 INFO [070_Beethoven_PSon_No23_ii_B36-53_page_0]       StepMonitoring.java:98   | SYMBOLS
2025-12-26 13:08:42,190 INFO [070_Beethoven_PSon_No23_ii_B36-53_page_0]       StepMonitoring.java:98   | LINKS
2025-12-26 13:08:42,343 INFO [070_Beethoven_PSon_No23_ii_B36-53_page_0]       StepMonitoring.java:98   | RHYTHMS
2025-12-26 13:08:42,489 INFO [070_Beethoven_PSon_No23_ii_B36-53_page_0]        MeasureRhythm.java:1277 | Measure{#14} Time inconsistency in {1/12=[HeadChordInter#3888{(0.972/0.972) staff:6 slot#3 off:1/12 dur:1/16}], 1/8=[HeadChordInter#3855{(0.945/0.945) staff:5 slot#3 off:1/8 dur:1/16}]}
2025-12-26 13:08:42,490 INFO [070_Beethoven_PSon_No23_ii_B36-53_page_0]        MeasureRhythm.java:1277 | Measure{#14} Time inconsistency in {7/48=[HeadChordInter#3889{(0.970/0.988) staff:6 slot#4 off:7/48 dur:1/24}], 3/16=[HeadChordInter#3856{(0.967/0.967) staff:5 slot#4 off:3/16 dur:1/16}]}
2025-12-26 13:08:42,504 INFO [070_Beethoven_PSon_No23_ii_B36-53_page_0]       StepMonitoring.java:98   | PAGE
2025-12-26 13:08:42,520 INFO [070_Beethoven_PSon_No23_ii_B36-53_page_0]                 Book.java:2596 | Book{070_Beethoven_PSon_No23_ii_B36-53_page_0} storing
2025-12-26 13:08:42,581 INFO [070_Beethoven_PSon_No23_ii_B36-53_page_0]                 Book.java:2577 | Stored /book.xml
2025-12-26 13:08:42,726 INFO [070_Beethoven_PSon_No23_ii_B36-53_page_0]           DataHolder.java:348  | Stored /sheet#1/BINARY.png
2025-12-26 13:08:43,688 INFO [070_Beethoven_PSon_No23_ii_B36-53_page_0]                Sheet.java:1583 | Stored /sheet#1/sheet#1.xml
2025-12-26 13:08:43,689 INFO [070_Beethoven_PSon_No23_ii_B36-53_page_0]                 Book.java:2537 | Book stored as C:\Users\Elliot\Downloads\Audiveris\scores\070_Beethoven_PSon_No23_ii_B36-53_page_0.omr
2025-12-26 13:08:43,694 INFO [070_Beethoven_PSon_No23_ii_B36-53_page_0]            SheetStub.java:1660 | Disposed sheet
2025-12-26 13:08:43,737 INFO [070_Beethoven_PSon_No23_ii_B36-53_page_0]                 Book.java:2064 | End of Stub#1
2025-12-26 13:08:43,739 INFO [070_Beethoven_PSon_No23_ii_B36-53_page_0]                 Book.java:2071 | Book processed.
2025-12-26 13:08:44,228 INFO [070_Beethoven_PSon_No23_ii_B36-53_page_0]            SheetStub.java:997  | Loaded /sheet#1/sheet#1.xml
2025-12-26 13:08:44,699 INFO [070_Beethoven_PSon_No23_ii_B36-53_page_0]      PartwiseBuilder.java:2688 | Exporting sheet(s): [#1]
2025-12-26 13:08:44,840 INFO [070_Beethoven_PSon_No23_ii_B36-53_page_0]        ScoreExporter.java:164  | Score 070_Beethoven_PSon_No23_ii_B36-53_page_0 exported to C:\Users\Elliot\Downloads\Audiveris\scores\070_Beethoven_PSon_No23_ii_B36-53_page_0.mxl
2025-12-26 13:08:44,881 INFO [070_Beethoven_PSon_No23_ii_B36-53_page_0]                Score.java:181  | Closing {Score 1}
