2025-12-26 13:08:47,560 INFO [071_Chopin_Ballade_No1_B8-23_page_0]                 Book.java:560  | 1 sheet in C:\Users\Elliot\Downloads\Audiveris\scores\071_Chopin_Ballade_No1_B8-23_page_0.jpg
2025-12-26 13:08:47,730 INFO []                 Book.java:2577 | Stored /book.xml
2025-12-26 13:08:47,731 INFO []                 Book.java:2537 | Book stored as C:\Users\Elliot\Downloads\Audiveris\scores\071_Chopin_Ballade_No1_B8-23_page_0.omr
2025-12-26 13:08:47,740 INFO []                 Book.java:1929 | Book reaching PAGE on sheets:[#1]
2025-12-26 13:08:47,744 INFO [071_Chopin_Ballade_No1_B8-23_page_0]       StepMonitoring.java:98   | LOAD
2025-12-26 13:08:47,949 INFO [071_Chopin_Ballade_No1_B8-23_page_0]            SheetStub.java:1273 | Loaded image #1 1653x2339 from C:\Users\Elliot\Downloads\Audiveris\scores\071_Chopin_Ballade_No1_B8-23_page_0.jpg
2025-12-26 13:08:47,953 INFO [071_Chopin_Ballade_No1_B8-23_page_0]            ImageUtil.java:124  | Converting max RGB to gray
2025-12-26 13:08:48,129 INFO [071_Chopin_Ballade_No1_B8-23_page_0]       StepMonitoring.java:98   | BINARY
2025-12-26 13:08:48,435 INFO [071_Chopin_Ballade_No1_B8-23_page_0]       StepMonitoring.java:98   | SCALE
2025-12-26 13:08:48,465 INFO [071_Chopin_Ballade_No1_B8-23_page_0]         ScaleBuilder.java:241  | Beam  guessed height:  5 -- 0.50 of 10 interline
2025-12-26 13:08:48,467 INFO [071_Chopin_Ballade_No1_B8-23_page_0]         ScaleBuilder.java:264  | Beam measured height:  6 -- 0.43 of [3..10] range at 130% of needed quorum
2025-12-26 13:08:48,468 INFO [071_Chopin_Ballade_No1_B8-23_page_0]            ScaleStep.java:65   | Scale{ interline(12,12,13) line(1,1,3) beam(6)}
2025-12-26 13:08:48,469 INFO [071_Chopin_Ballade_No1_B8-23_page_0]       StepMonitoring.java:98   | GRID
2025-12-26 13:08:48,938 INFO [071_Chopin_Ballade_No1_B8-23_page_0]       LinesRetriever.java:1500 | Global slope: -0.00079
2025-12-26 13:08:49,021 INFO [071_Chopin_Ballade_No1_B8-23_page_0]    ClustersRetriever.java:326  | Retrieved raw line clusters: 10 of sizes [5] with interline(12,12,13)
2025-12-26 13:08:49,200 INFO [071_Chopin_Ballade_No1_B8-23_page_0]            PeakGraph.java:310  | Systems: #1[1, 2] #2[3, 4] #3[5, 6] #4[7, 8] #5[9, 10]
2025-12-26 13:08:49,518 INFO [071_Chopin_Ballade_No1_B8-23_page_0]        SystemManager.java:779  | 1 part along 5 systems
2025-12-26 13:08:49,520 INFO [071_Chopin_Ballade_No1_B8-23_page_0]                 Book.java:543  | Created scores: [{Score 1}]
2025-12-26 13:08:49,520 INFO [071_Chopin_Ballade_No1_B8-23_page_0]       StepMonitoring.java:98   | HEADERS
2025-12-26 13:08:49,953 INFO [071_Chopin_Ballade_No1_B8-23_page_0]      BasicClassifier.java:286  | Classifier loaded XML norms.
2025-12-26 13:08:49,961 INFO [071_Chopin_Ballade_No1_B8-23_page_0]   AbstractClassifier.java:396  | Classifier data loaded from default uri jar:file:/C:/Users/Elliot/Downloads/Audiveris/app/audiveris.jar!/res/basic-classifier.zip
2025-12-26 13:08:51,119 INFO [071_Chopin_Ballade_No1_B8-23_page_0]       StepMonitoring.java:98   | STEM_SEEDS
2025-12-26 13:08:51,164 INFO [071_Chopin_Ballade_No1_B8-23_page_0]        StemSeedsStep.java:86   | stem(2 max:3)
2025-12-26 13:08:51,210 INFO [071_Chopin_Ballade_No1_B8-23_page_0]       StepMonitoring.java:98   | BEAMS
2025-12-26 13:08:52,335 INFO [071_Chopin_Ballade_No1_B8-23_page_0]       StepMonitoring.java:98   | LEDGERS
2025-12-26 13:08:52,565 INFO [071_Chopin_Ballade_No1_B8-23_page_0]       StepMonitoring.java:98   | HEADS
2025-12-26 13:08:54,887 INFO [071_Chopin_Ballade_No1_B8-23_page_0]        HeadSeedTally.java:235  | Scale information: HeadSeeds{NOTEHEAD_VOID[R:0.0] NOTEHEAD_BLACK[L:-0.6,R:0.0]}
2025-12-26 13:08:54,888 INFO [071_Chopin_Ballade_No1_B8-23_page_0]       StepMonitoring.java:98   | STEMS
2025-12-26 13:08:55,647 INFO [071_Chopin_Ballade_No1_B8-23_page_0]       StepMonitoring.java:98   | REDUCTION
2025-12-26 13:08:55,872 INFO [071_Chopin_Ballade_No1_B8-23_page_0]        ReductionStep.java:105  | Stems free length median value: 42 pixels, 3.5 interlines
2025-12-26 13:08:55,881 INFO [071_Chopin_Ballade_No1_B8-23_page_0]       StepMonitoring.java:98   | CUE_BEAMS
2025-12-26 13:08:55,882 INFO [071_Chopin_Ballade_No1_B8-23_page_0]         CueBeamsStep.java:81   | Step CUE_BEAMS is skipped because small heads switch is off
2025-12-26 13:08:55,882 INFO [071_Chopin_Ballade_No1_B8-23_page_0]       StepMonitoring.java:98   | TEXTS
2025-12-26 13:08:55,975 WARN [071_Chopin_Ballade_No1_B8-23_page_0]         TesseractOCR.java:335  | The collection of supported languages is empty
2025-12-26 13:08:55,976 INFO [071_Chopin_Ballade_No1_B8-23_page_0]              OcrUtil.java:106  | Missing support for 'eng' language(s)
2025-12-26 13:08:55,986 INFO [071_Chopin_Ballade_No1_B8-23_page_0]       StepMonitoring.java:98   | MEASURES
2025-12-26 13:08:55,998 INFO [071_Chopin_Ballade_No1_B8-23_page_0]                 Page.java:307  | 16 raw measures: [3 in system#1, 3 in system#2, 3 in system#3, 3 in system#4, 4 in system#5]
2025-12-26 13:08:55,998 INFO [071_Chopin_Ballade_No1_B8-23_page_0]       StepMonitoring.java:98   | CHORDS
2025-12-26 13:08:56,022 INFO [071_Chopin_Ballade_No1_B8-23_page_0]       StepMonitoring.java:98   | CURVES
2025-12-26 13:08:56,864 INFO [071_Chopin_Ballade_No1_B8-23_page_0]         SlursBuilder.java:240  | Slurs: 58
2025-12-26 13:08:56,887 INFO [071_Chopin_Ballade_No1_B8-23_page_0]      SegmentsBuilder.java:155  | Segments: 10
2025-12-26 13:08:56,904 INFO [071_Chopin_Ballade_No1_B8-23_page_0]       StepMonitoring.java:98   | SYMBOLS
2025-12-26 13:08:57,556 INFO [071_Chopin_Ballade_No1_B8-23_page_0]       StepMonitoring.java:98   | LINKS
2025-12-26 13:08:57,650 INFO [071_Chopin_Ballade_No1_B8-23_page_0]       StepMonitoring.java:98   | RHYTHMS
2025-12-26 13:08:57,775 INFO [071_Chopin_Ballade_No1_B8-23_page_0]       StepMonitoring.java:98   | PAGE
2025-12-26 13:08:57,794 INFO [071_Chopin_Ballade_No1_B8-23_page_0]                 Book.java:2596 | Book{071_Chopin_Ballade_No1_B8-23_page_0} storing
2025-12-26 13:08:57,875 INFO [071_Chopin_Ballade_No1_B8-23_page_0]                 Book.java:2577 | Stored /book.xml
2025-12-26 13:08:58,000 INFO [071_Chopin_Ballade_No1_B8-23_page_0]           DataHolder.java:348  | Stored /sheet#1/BINARY.png
2025-12-26 13:08:59,012 INFO [071_Chopin_Ballade_No1_B8-23_page_0]                Sheet.java:1583 | Stored /sheet#1/sheet#1.xml
2025-12-26 13:08:59,013 INFO [071_Chopin_Ballade_No1_B8-23_page_0]                 Book.java:2537 | Book stored as C:\Users\Elliot\Downloads\Audiveris\scores\071_Chopin_Ballade_No1_B8-23_page_0.omr
2025-12-26 13:08:59,020 INFO [071_Chopin_Ballade_No1_B8-23_page_0]            SheetStub.java:1660 | Disposed sheet
2025-12-26 13:08:59,064 INFO [071_Chopin_Ballade_No1_B8-23_page_0]                 Book.java:2064 | End of Stub#1
2025-12-26 13:08:59,066 INFO [071_Chopin_Ballade_No1_B8-23_page_0]                 Book.java:2071 | Book processed.
2025-12-26 13:08:59,559 INFO [071_Chopin_Ballade_No1_B8-23_page_0]            SheetStub.java:997  | Loaded /sheet#1/sheet#1.xml
2025-12-26 13:09:00,146 INFO [071_Chopin_Ballade_No1_B8-23_page_0]      PartwiseBuilder.java:2688 | Exporting sheet(s): [#1]
2025-12-26 13:09:00,304 INFO [071_Chopin_Ballade_No1_B8-23_page_0]        ScoreExporter.java:164  | Score 071_Chopin_Ballade_No1_B8-23_page_0 exported to C:\Users\Elliot\Downloads\Audiveris\scores\071_Chopin_Ballade_No1_B8-23_page_0.mxl
2025-12-26 13:09:00,355 INFO [071_Chopin_Ballade_No1_B8-23_page_0]                Score.java:181  | Closing {Score 1}
