2025-12-26 13:09:02,928 INFO [072_Chopin_Scherzo_No2_B304-328_page_0]                 Book.java:560  | 1 sheet in C:\Users\Elliot\Downloads\Audiveris\scores\072_Chopin_Scherzo_No2_B304-328_page_0.jpg
2025-12-26 13:09:03,119 INFO []                 Book.java:2577 | Stored /book.xml
2025-12-26 13:09:03,120 INFO []                 Book.java:2537 | Book stored as C:\Users\Elliot\Downloads\Audiveris\scores\072_Chopin_Scherzo_No2_B304-328_page_0.omr
2025-12-26 13:09:03,126 INFO []                 Book.java:1929 | Book reaching PAGE on sheets:[#1]
2025-12-26 13:09:03,128 INFO [072_Chopin_Scherzo_No2_B304-328_page_0]       StepMonitoring.java:98   | LOAD
2025-12-26 13:09:03,314 INFO [072_Chopin_Scherzo_No2_B304-328_page_0]            SheetStub.java:1273 | Loaded image #1 1653x2339 from C:\Users\Elliot\Downloads\Audiveris\scores\072_Chopin_Scherzo_No2_B304-328_page_0.jpg
2025-12-26 13:09:03,320 INFO [072_Chopin_Scherzo_No2_B304-328_page_0]            ImageUtil.java:124  | Converting max RGB to gray
2025-12-26 13:09:03,519 INFO [072_Chopin_Scherzo_No2_B304-328_page_0]       StepMonitoring.java:98   | BINARY
2025-12-26 13:09:03,937 INFO [072_Chopin_Scherzo_No2_B304-328_page_0]       StepMonitoring.java:98   | SCALE
2025-12-26 13:09:03,965 INFO [072_Chopin_Scherzo_No2_B304-328_page_0]         ScaleBuilder.java:241  | Beam  guessed height:  6 -- 0.50 of 11 interline
2025-12-26 13:09:03,968 INFO [072_Chopin_Scherzo_No2_B304-328_page_0]         ScaleBuilder.java:264  | Beam measured height:  6 -- 0.29 of [4..11] range at 135% of needed quorum
2025-12-26 13:09:03,968 INFO [072_Chopin_Scherzo_No2_B304-328_page_0]            ScaleStep.java:65   | Scale{ interline(13,13,14) line(1,1,3) beam(6)}
2025-12-26 13:09:03,969 INFO [072_Chopin_Scherzo_No2_B304-328_page_0]       StepMonitoring.java:98   | GRID
2025-12-26 13:09:04,491 INFO [072_Chopin_Scherzo_No2_B304-328_page_0]       LinesRetriever.java:1500 | Global slope: 0.00000
2025-12-26 13:09:04,582 INFO [072_Chopin_Scherzo_No2_B304-328_page_0]    ClustersRetriever.java:326  | Retrieved raw line clusters: 12 of sizes [5] with interline(13,13,14)
2025-12-26 13:09:04,738 INFO [072_Chopin_Scherzo_No2_B304-328_page_0]            PeakGraph.java:310  | Systems: #1[1, 2] #2[3, 4] #3[5, 6] #4[7, 8] #5[9, 10] #6[11, 12]
2025-12-26 13:09:05,039 INFO [072_Chopin_Scherzo_No2_B304-328_page_0]        SystemManager.java:779  | 1 part along 6 systems
2025-12-26 13:09:05,041 INFO [072_Chopin_Scherzo_No2_B304-328_page_0]                 Book.java:543  | Created scores: [{Score 1}]
2025-12-26 13:09:05,042 INFO [072_Chopin_Scherzo_No2_B304-328_page_0]       StepMonitoring.java:98   | HEADERS
2025-12-26 13:09:05,392 INFO [072_Chopin_Scherzo_No2_B304-328_page_0]      BasicClassifier.java:286  | Classifier loaded XML norms.
2025-12-26 13:09:05,397 INFO [072_Chopin_Scherzo_No2_B304-328_page_0]   AbstractClassifier.java:396  | Classifier data loaded from default uri jar:file:/C:/Users/Elliot/Downloads/Audiveris/app/audiveris.jar!/res/basic-classifier.zip
2025-12-26 13:09:06,559 INFO [072_Chopin_Scherzo_No2_B304-328_page_0]       StepMonitoring.java:98   | STEM_SEEDS
2025-12-26 13:09:06,630 INFO [072_Chopin_Scherzo_No2_B304-328_page_0]        StemSeedsStep.java:86   | stem(2 max:2)
2025-12-26 13:09:06,697 INFO [072_Chopin_Scherzo_No2_B304-328_page_0]       StepMonitoring.java:98   | BEAMS
2025-12-26 13:09:07,979 INFO [072_Chopin_Scherzo_No2_B304-328_page_0]       StepMonitoring.java:98   | LEDGERS
2025-12-26 13:09:08,276 INFO [072_Chopin_Scherzo_No2_B304-328_page_0]       StepMonitoring.java:98   | HEADS
2025-12-26 13:09:11,199 INFO [072_Chopin_Scherzo_No2_B304-328_page_0]        HeadSeedTally.java:235  | Scale information: HeadSeeds{NOTEHEAD_VOID[L:-0.2,R:0.4] NOTEHEAD_BLACK[L:-0.4,R:0.2]}
2025-12-26 13:09:11,200 INFO [072_Chopin_Scherzo_No2_B304-328_page_0]       StepMonitoring.java:98   | STEMS
2025-12-26 13:09:11,926 INFO [072_Chopin_Scherzo_No2_B304-328_page_0]       StepMonitoring.java:98   | REDUCTION
2025-12-26 13:09:12,051 INFO [072_Chopin_Scherzo_No2_B304-328_page_0]        ReductionStep.java:105  | Stems free length median value: 39 pixels, 3.0 interlines
2025-12-26 13:09:12,056 INFO [072_Chopin_Scherzo_No2_B304-328_page_0]       StepMonitoring.java:98   | CUE_BEAMS
2025-12-26 13:09:12,056 INFO [072_Chopin_Scherzo_No2_B304-328_page_0]         CueBeamsStep.java:81   | Step CUE_BEAMS is skipped because small heads switch is off
2025-12-26 13:09:12,057 INFO [072_Chopin_Scherzo_No2_B304-328_page_0]       StepMonitoring.java:98   | TEXTS
2025-12-26 13:09:12,168 WARN [072_Chopin_Scherzo_No2_B304-328_page_0]         TesseractOCR.java:335  | The collection of supported languages is empty
2025-12-26 13:09:12,169 INFO [072_Chopin_Scherzo_No2_B304-328_page_0]              OcrUtil.java:106  | Missing support for 'eng' language(s)
2025-12-26 13:09:12,182 INFO [072_Chopin_Scherzo_No2_B304-328_page_0]       StepMonitoring.java:98   | MEASURES
2025-12-26 13:09:12,194 INFO [072_Chopin_Scherzo_No2_B304-328_page_0]                 Page.java:307  | 25 raw measures: [4 in system#1, 4 in system#2, 4 in system#3, 4 in system#4, 4 in system#5, 5 in system#6]
2025-12-26 13:09:12,196 INFO [072_Chopin_Scherzo_No2_B304-328_page_0]       StepMonitoring.java:98   | CHORDS
2025-12-26 13:09:12,223 INFO [072_Chopin_Scherzo_No2_B304-328_page_0]       StepMonitoring.java:98   | CURVES
2025-12-26 13:09:13,137 INFO [072_Chopin_Scherzo_No2_B304-328_page_0]         SlursBuilder.java:240  | Slurs: 59
2025-12-26 13:09:13,162 INFO [072_Chopin_Scherzo_No2_B304-328_page_0]      SegmentsBuilder.java:155  | Segments: 25
2025-12-26 13:09:13,180 INFO [072_Chopin_Scherzo_No2_B304-328_page_0]       StepMonitoring.java:98   | SYMBOLS
2025-12-26 13:09:13,825 INFO [072_Chopin_Scherzo_No2_B304-328_page_0]       StepMonitoring.java:98   | LINKS
2025-12-26 13:09:13,933 INFO [072_Chopin_Scherzo_No2_B304-328_page_0]       StepMonitoring.java:98   | RHYTHMS
2025-12-26 13:09:13,969 INFO [072_Chopin_Scherzo_No2_B304-328_page_0]                Voice.java:257  | Measure{#2} Voice{#2 excess:1/8} too long
2025-12-26 13:09:13,969 INFO [072_Chopin_Scherzo_No2_B304-328_page_0]                Voice.java:257  | Measure{#2} Voice{#7 excess:1/8} too long
2025-12-26 13:09:13,970 INFO [072_Chopin_Scherzo_No2_B304-328_page_0]          StackRhythm.java:224  | S1 MeasureStack#2 no correct rhythm
2025-12-26 13:09:13,989 INFO [072_Chopin_Scherzo_No2_B304-328_page_0]                Voice.java:257  | Measure{#6} Voice{#2 excess:1/8} too long
2025-12-26 13:09:13,990 INFO [072_Chopin_Scherzo_No2_B304-328_page_0]                Voice.java:257  | Measure{#6} Voice{#7 excess:1/8} too long
2025-12-26 13:09:13,990 INFO [072_Chopin_Scherzo_No2_B304-328_page_0]          StackRhythm.java:224  | S2 MeasureStack#6 no correct rhythm
2025-12-26 13:09:14,003 INFO [072_Chopin_Scherzo_No2_B304-328_page_0]                Voice.java:257  | Measure{#10} Voice{#2 excess:1/8} too long
2025-12-26 13:09:14,004 INFO [072_Chopin_Scherzo_No2_B304-328_page_0]                Voice.java:257  | Measure{#10} Voice{#7 excess:1/8} too long
2025-12-26 13:09:14,005 INFO [072_Chopin_Scherzo_No2_B304-328_page_0]          StackRhythm.java:224  | S3 MeasureStack#10 no correct rhythm
2025-12-26 13:09:14,010 INFO [072_Chopin_Scherzo_No2_B304-328_page_0]                Voice.java:257  | Measure{#12} Voice{#2 excess:1/8} too long
2025-12-26 13:09:14,010 INFO [072_Chopin_Scherzo_No2_B304-328_page_0]                Voice.java:257  | Measure{#12} Voice{#3 excess:1/8} too long
2025-12-26 13:09:14,011 INFO [072_Chopin_Scherzo_No2_B304-328_page_0]          StackRhythm.java:224  | S3 MeasureStack#12 no correct rhythm
2025-12-26 13:09:14,047 INFO [072_Chopin_Scherzo_No2_B304-328_page_0]       StepMonitoring.java:98   | PAGE
2025-12-26 13:09:14,049 INFO [072_Chopin_Scherzo_No2_B304-328_page_0]       SheetReduction.java:154  | Gutter. Different glyphs 5/6 PedalInter#6074{(0.734/0.734) PEDAL_UP_MARK} vs EndingInter#5646{(0.589/0.832) staff:11 ENDING}
2025-12-26 13:09:14,054 INFO [072_Chopin_Scherzo_No2_B304-328_page_0]                Voice.java:257  | Measure{#2} Voice{#2 excess:1/8} too long
2025-12-26 13:09:14,054 INFO [072_Chopin_Scherzo_No2_B304-328_page_0]                Voice.java:257  | Measure{#2} Voice{#7 excess:1/8} too long
2025-12-26 13:09:14,055 INFO [072_Chopin_Scherzo_No2_B304-328_page_0]                Voice.java:257  | Measure{#6} Voice{#2 excess:1/8} too long
2025-12-26 13:09:14,055 INFO [072_Chopin_Scherzo_No2_B304-328_page_0]                Voice.java:257  | Measure{#6} Voice{#7 excess:1/8} too long
2025-12-26 13:09:14,056 INFO [072_Chopin_Scherzo_No2_B304-328_page_0]                Voice.java:257  | Measure{#10} Voice{#2 excess:1/8} too long
2025-12-26 13:09:14,056 INFO [072_Chopin_Scherzo_No2_B304-328_page_0]                Voice.java:257  | Measure{#10} Voice{#7 excess:1/8} too long
2025-12-26 13:09:14,056 INFO [072_Chopin_Scherzo_No2_B304-328_page_0]                Voice.java:257  | Measure{#12} Voice{#2 excess:1/8} too long
2025-12-26 13:09:14,057 INFO [072_Chopin_Scherzo_No2_B304-328_page_0]                Voice.java:257  | Measure{#12} Voice{#3 excess:1/8} too long
2025-12-26 13:09:14,063 INFO [072_Chopin_Scherzo_No2_B304-328_page_0]                 Book.java:2596 | Book{072_Chopin_Scherzo_No2_B304-328_page_0} storing
2025-12-26 13:09:14,115 INFO [072_Chopin_Scherzo_No2_B304-328_page_0]                 Book.java:2577 | Stored /book.xml
2025-12-26 13:09:14,198 INFO [072_Chopin_Scherzo_No2_B304-328_page_0]           DataHolder.java:348  | Stored /sheet#1/BINARY.png
2025-12-26 13:09:15,508 INFO [072_Chopin_Scherzo_No2_B304-328_page_0]                Sheet.java:1583 | Stored /sheet#1/sheet#1.xml
2025-12-26 13:09:15,508 INFO [072_Chopin_Scherzo_No2_B304-328_page_0]                 Book.java:2537 | Book stored as C:\Users\Elliot\Downloads\Audiveris\scores\072_Chopin_Scherzo_No2_B304-328_page_0.omr
2025-12-26 13:09:15,512 INFO [072_Chopin_Scherzo_No2_B304-328_page_0]            SheetStub.java:1660 | Disposed sheet
2025-12-26 13:09:15,547 INFO [072_Chopin_Scherzo_No2_B304-328_page_0]                 Book.java:2064 | End of Stub#1
2025-12-26 13:09:15,549 INFO [072_Chopin_Scherzo_No2_B304-328_page_0]                 Book.java:2071 | Book processed.
2025-12-26 13:09:16,063 INFO [072_Chopin_Scherzo_No2_B304-328_page_0]            SheetStub.java:997  | Loaded /sheet#1/sheet#1.xml
2025-12-26 13:09:16,649 INFO [072_Chopin_Scherzo_No2_B304-328_page_0]      PartwiseBuilder.java:2688 | Exporting sheet(s): [#1]
2025-12-26 13:09:16,778 INFO [072_Chopin_Scherzo_No2_B304-328_page_0]        ScoreExporter.java:164  | Score 072_Chopin_Scherzo_No2_B304-328_page_0 exported to C:\Users\Elliot\Downloads\Audiveris\scores\072_Chopin_Scherzo_No2_B304-328_page_0.mxl
2025-12-26 13:09:16,823 INFO [072_Chopin_Scherzo_No2_B304-328_page_0]                Score.java:181  | Closing {Score 1}
