2025-12-26 13:09:19,304 INFO [073_Chopin_Berceuse_B1-14_page_0]                 Book.java:560  | 1 sheet in C:\Users\Elliot\Downloads\Audiveris\scores\073_Chopin_Berceuse_B1-14_page_0.jpg
2025-12-26 13:09:19,498 INFO []                 Book.java:2577 | Stored /book.xml
2025-12-26 13:09:19,499 INFO []                 Book.java:2537 | Book stored as C:\Users\Elliot\Downloads\Audiveris\scores\073_Chopin_Berceuse_B1-14_page_0.omr
2025-12-26 13:09:19,506 INFO []                 Book.java:1929 | Book reaching PAGE on sheets:[#1]
2025-12-26 13:09:19,514 INFO [073_Chopin_Berceuse_B1-14_page_0]       StepMonitoring.java:98   | LOAD
2025-12-26 13:09:19,664 INFO [073_Chopin_Berceuse_B1-14_page_0]            SheetStub.java:1273 | Loaded image #1 1653x2339 from C:\Users\Elliot\Downloads\Audiveris\scores\073_Chopin_Berceuse_B1-14_page_0.jpg
2025-12-26 13:09:19,669 INFO [073_Chopin_Berceuse_B1-14_page_0]            ImageUtil.java:124  | Converting max RGB to gray
2025-12-26 13:09:19,834 INFO [073_Chopin_Berceuse_B1-14_page_0]       StepMonitoring.java:98   | BINARY
2025-12-26 13:09:20,218 INFO [073_Chopin_Berceuse_B1-14_page_0]       StepMonitoring.java:98   | SCALE
2025-12-26 13:09:20,246 INFO [073_Chopin_Berceuse_B1-14_page_0]         ScaleBuilder.java:241  | Beam  guessed height:  5 -- 0.50 of 10 interline
2025-12-26 13:09:20,248 INFO [073_Chopin_Berceuse_B1-14_page_0]         ScaleBuilder.java:264  | Beam measured height:  6 -- 0.43 of [3..10] range at 478% of needed quorum
2025-12-26 13:09:20,248 INFO [073_Chopin_Berceuse_B1-14_page_0]            ScaleStep.java:65   | Scale{ interline(11,12,12) line(1,1,3) beam(6)}
2025-12-26 13:09:20,249 INFO [073_Chopin_Berceuse_B1-14_page_0]       StepMonitoring.java:98   | GRID
2025-12-26 13:09:20,611 INFO [073_Chopin_Berceuse_B1-14_page_0]       LinesRetriever.java:1500 | Global slope: 0.00000
2025-12-26 13:09:20,660 INFO [073_Chopin_Berceuse_B1-14_page_0]    ClustersRetriever.java:326  | Retrieved raw line clusters: 8 of sizes [5] with interline(11,12,12)
2025-12-26 13:09:20,812 INFO [073_Chopin_Berceuse_B1-14_page_0]            PeakGraph.java:310  | Systems: #1[1, 2] #2[3, 4] #3[5, 6] #4[7, 8]
2025-12-26 13:09:21,140 INFO [073_Chopin_Berceuse_B1-14_page_0]        SystemManager.java:134  | Indentation detected for system #1
2025-12-26 13:09:21,142 INFO [073_Chopin_Berceuse_B1-14_page_0]        SystemManager.java:779  | 1 part along 4 systems
2025-12-26 13:09:21,143 INFO [073_Chopin_Berceuse_B1-14_page_0]                 Book.java:543  | Created scores: [{Score 1}]
2025-12-26 13:09:21,144 INFO [073_Chopin_Berceuse_B1-14_page_0]       StepMonitoring.java:98   | HEADERS
2025-12-26 13:09:21,501 INFO [073_Chopin_Berceuse_B1-14_page_0]      BasicClassifier.java:286  | Classifier loaded XML norms.
2025-12-26 13:09:21,504 INFO [073_Chopin_Berceuse_B1-14_page_0]   AbstractClassifier.java:396  | Classifier data loaded from default uri jar:file:/C:/Users/Elliot/Downloads/Audiveris/app/audiveris.jar!/res/basic-classifier.zip
2025-12-26 13:09:22,440 INFO [073_Chopin_Berceuse_B1-14_page_0]       StepMonitoring.java:98   | STEM_SEEDS
2025-12-26 13:09:22,506 INFO [073_Chopin_Berceuse_B1-14_page_0]        StemSeedsStep.java:86   | stem(1 max:2)
2025-12-26 13:09:22,590 INFO [073_Chopin_Berceuse_B1-14_page_0]       StepMonitoring.java:98   | BEAMS
2025-12-26 13:09:24,038 INFO [073_Chopin_Berceuse_B1-14_page_0]       StepMonitoring.java:98   | LEDGERS
2025-12-26 13:09:24,266 INFO [073_Chopin_Berceuse_B1-14_page_0]       StepMonitoring.java:98   | HEADS
2025-12-26 13:09:26,092 INFO [073_Chopin_Berceuse_B1-14_page_0]        HeadSeedTally.java:235  | Scale information: HeadSeeds{NOTEHEAD_BLACK[L:-0.4,R:0.6]}
2025-12-26 13:09:26,093 INFO [073_Chopin_Berceuse_B1-14_page_0]       StepMonitoring.java:98   | STEMS
2025-12-26 13:09:27,032 INFO [073_Chopin_Berceuse_B1-14_page_0]       StepMonitoring.java:98   | REDUCTION
2025-12-26 13:09:27,221 INFO [073_Chopin_Berceuse_B1-14_page_0]        ReductionStep.java:105  | Stems free length median value: 42 pixels, 3.5 interlines
2025-12-26 13:09:27,230 INFO [073_Chopin_Berceuse_B1-14_page_0]       StepMonitoring.java:98   | CUE_BEAMS
2025-12-26 13:09:27,230 INFO [073_Chopin_Berceuse_B1-14_page_0]         CueBeamsStep.java:81   | Step CUE_BEAMS is skipped because small heads switch is off
2025-12-26 13:09:27,230 INFO [073_Chopin_Berceuse_B1-14_page_0]       StepMonitoring.java:98   | TEXTS
2025-12-26 13:09:27,364 WARN [073_Chopin_Berceuse_B1-14_page_0]         TesseractOCR.java:335  | The collection of supported languages is empty
2025-12-26 13:09:27,365 INFO [073_Chopin_Berceuse_B1-14_page_0]              OcrUtil.java:106  | Missing support for 'eng' language(s)
2025-12-26 13:09:27,383 INFO [073_Chopin_Berceuse_B1-14_page_0]       StepMonitoring.java:98   | MEASURES
2025-12-26 13:09:27,402 INFO [073_Chopin_Berceuse_B1-14_page_0]                 Page.java:307  | 14 raw measures: [4 in system#1, 4 in system#2, 3 in system#3, 3 in system#4]
2025-12-26 13:09:27,403 INFO [073_Chopin_Berceuse_B1-14_page_0]       StepMonitoring.java:98   | CHORDS
2025-12-26 13:09:27,442 INFO [073_Chopin_Berceuse_B1-14_page_0]       StepMonitoring.java:98   | CURVES
2025-12-26 13:09:28,262 INFO [073_Chopin_Berceuse_B1-14_page_0]         SlursBuilder.java:240  | Slurs: 22
2025-12-26 13:09:28,275 INFO [073_Chopin_Berceuse_B1-14_page_0]      SegmentsBuilder.java:155  | Segments: 3
2025-12-26 13:09:28,282 INFO [073_Chopin_Berceuse_B1-14_page_0]       StepMonitoring.java:98   | SYMBOLS
2025-12-26 13:09:28,928 INFO [073_Chopin_Berceuse_B1-14_page_0]       StepMonitoring.java:98   | LINKS
2025-12-26 13:09:28,998 INFO [073_Chopin_Berceuse_B1-14_page_0]       StepMonitoring.java:98   | RHYTHMS
2025-12-26 13:09:29,099 INFO [073_Chopin_Berceuse_B1-14_page_0]        MeasureRhythm.java:1045 | Measure{#9} No timeOffset for HeadChordInter#4449{(0.940/0.940) staff:5 slot#2 dur:1/8}
2025-12-26 13:09:29,102 INFO [073_Chopin_Berceuse_B1-14_page_0]   AbstractChordInter.java:627  | Measure{#9} No timeOffset for HeadChordInter#4452{(0.950/0.950) staff:5 slot#4 dur:1/8}
2025-12-26 13:09:29,103 INFO [073_Chopin_Berceuse_B1-14_page_0]   AbstractChordInter.java:627  | Measure{#9} No timeOffset for HeadChordInter#4452{(0.950/0.950) staff:5 slot#4 dur:1/8}
2025-12-26 13:09:29,105 INFO [073_Chopin_Berceuse_B1-14_page_0]   AbstractChordInter.java:627  | Measure{#9} No timeOffset for HeadChordInter#4457{(0.946/0.946) staff:5 slot#7 dur:1/8}
2025-12-26 13:09:29,106 INFO [073_Chopin_Berceuse_B1-14_page_0]          StackRhythm.java:224  | S3 MeasureStack#9 no correct rhythm
2025-12-26 13:09:29,133 INFO [073_Chopin_Berceuse_B1-14_page_0]        MeasureRhythm.java:1045 | Measure{#13} No timeOffset for HeadChordInter#4510{(0.954/0.954) staff:7 slot#2 dur:1/16}
2025-12-26 13:09:29,133 INFO [073_Chopin_Berceuse_B1-14_page_0]   AbstractChordInter.java:627  | Measure{#13} No timeOffset for HeadChordInter#4522{(0.969/0.969) staff:7 slot#13 dur:1/16}
2025-12-26 13:09:29,135 INFO [073_Chopin_Berceuse_B1-14_page_0]   AbstractChordInter.java:627  | Measure{#13} No timeOffset for HeadChordInter#4522{(0.969/0.969) staff:7 slot#13 dur:1/16}
2025-12-26 13:09:29,136 INFO [073_Chopin_Berceuse_B1-14_page_0]   AbstractChordInter.java:627  | Measure{#13} No timeOffset for HeadChordInter#4522{(0.969/0.969) staff:7 slot#13 dur:1/16}
2025-12-26 13:09:29,137 WARN [073_Chopin_Berceuse_B1-14_page_0]   AbstractChordInter.java:1221 | HeadChordInter#4516{(0.963/0.963) staff:7 slot#8 dur:1/32} Computing beam group times with first chord not set
2025-12-26 13:09:29,138 INFO [073_Chopin_Berceuse_B1-14_page_0]   AbstractChordInter.java:627  | Measure{#13} No timeOffset for HeadChordInter#4516{(0.963/0.963) staff:7 slot#8 dur:1/32}
2025-12-26 13:09:29,138 INFO [073_Chopin_Berceuse_B1-14_page_0]   AbstractChordInter.java:627  | Measure{#13} No timeOffset for HeadChordInter#4518{(0.939/0.939) staff:7 slot#10 dur:1/8}
2025-12-26 13:09:29,140 INFO [073_Chopin_Berceuse_B1-14_page_0]        MeasureRhythm.java:1045 | Measure{#13} No timeOffset for HeadChordInter#4549{(0.937/0.937) slot#10 dur:1/4}
2025-12-26 13:09:29,140 INFO [073_Chopin_Berceuse_B1-14_page_0]          StackRhythm.java:224  | S4 MeasureStack#13 no correct rhythm
2025-12-26 13:09:29,145 INFO [073_Chopin_Berceuse_B1-14_page_0]        MeasureRhythm.java:1045 | Measure{#14} No timeOffset for HeadChordInter#4524{(0.963/0.963) staff:7 slot#2 dur:1/16}
2025-12-26 13:09:29,146 INFO [073_Chopin_Berceuse_B1-14_page_0]        MeasureRhythm.java:1277 | Measure{#14} Time inconsistency in {1/8=[HeadChordInter#4551{(0.966/0.966) staff:8 slot#4 off:1/8 dur:1/8}], 1/4=[HeadChordInter#4526{(0.922/0.922) staff:7 slot#4 off:1/4 dur:1/8}]}
2025-12-26 13:09:29,148 INFO [073_Chopin_Berceuse_B1-14_page_0]        MeasureRhythm.java:1277 | Measure{#14} Time inconsistency in {1/4=[HeadChordInter#4552{(0.977/0.977) staff:8 slot#6 off:1/4 dur:1/8}], 3/8=[HeadChordInter#4529{(0.948/0.948) staff:7 slot#6 off:3/8 dur:1/8}]}
2025-12-26 13:09:29,149 INFO [073_Chopin_Berceuse_B1-14_page_0]   AbstractChordInter.java:627  | Measure{#14} No timeOffset for HeadChordInter#4539{(0.953/0.953) staff:7 slot#13 dur:1/16}
2025-12-26 13:09:29,149 INFO [073_Chopin_Berceuse_B1-14_page_0]   AbstractChordInter.java:627  | Measure{#14} No timeOffset for HeadChordInter#4539{(0.953/0.953) staff:7 slot#13 dur:1/16}
2025-12-26 13:09:29,150 INFO [073_Chopin_Berceuse_B1-14_page_0]          StackRhythm.java:224  | S4 MeasureStack#14 no correct rhythm
2025-12-26 13:09:29,151 INFO [073_Chopin_Berceuse_B1-14_page_0]       StepMonitoring.java:98   | PAGE
2025-12-26 13:09:29,163 INFO [073_Chopin_Berceuse_B1-14_page_0]                 Book.java:2596 | Book{073_Chopin_Berceuse_B1-14_page_0} storing
2025-12-26 13:09:29,206 INFO [073_Chopin_Berceuse_B1-14_page_0]                 Book.java:2577 | Stored /book.xml
2025-12-26 13:09:29,304 INFO [073_Chopin_Berceuse_B1-14_page_0]           DataHolder.java:348  | Stored /sheet#1/BINARY.png
2025-12-26 13:09:30,273 INFO [073_Chopin_Berceuse_B1-14_page_0]                Sheet.java:1583 | Stored /sheet#1/sheet#1.xml
2025-12-26 13:09:30,273 INFO [073_Chopin_Berceuse_B1-14_page_0]                 Book.java:2537 | Book stored as C:\Users\Elliot\Downloads\Audiveris\scores\073_Chopin_Berceuse_B1-14_page_0.omr
2025-12-26 13:09:30,281 INFO [073_Chopin_Berceuse_B1-14_page_0]            SheetStub.java:1660 | Disposed sheet
2025-12-26 13:09:30,326 INFO [073_Chopin_Berceuse_B1-14_page_0]                 Book.java:2064 | End of Stub#1
2025-12-26 13:09:30,328 INFO [073_Chopin_Berceuse_B1-14_page_0]                 Book.java:2071 | Book processed.
2025-12-26 13:09:30,826 INFO [073_Chopin_Berceuse_B1-14_page_0]            SheetStub.java:997  | Loaded /sheet#1/sheet#1.xml
2025-12-26 13:09:31,401 INFO [073_Chopin_Berceuse_B1-14_page_0]      PartwiseBuilder.java:2688 | Exporting sheet(s): [#1]
2025-12-26 13:09:31,560 INFO [073_Chopin_Berceuse_B1-14_page_0]        ScoreExporter.java:164  | Score 073_Chopin_Berceuse_B1-14_page_0 exported to C:\Users\Elliot\Downloads\Audiveris\scores\073_Chopin_Berceuse_B1-14_page_0.mxl
2025-12-26 13:09:31,607 INFO [073_Chopin_Berceuse_B1-14_page_0]                Score.java:181  | Closing {Score 1}
