2025-12-26 13:09:33,972 INFO [074_Chopin_FantaisieImpromptu_B5-24_page_0]                 Book.java:560  | 1 sheet in C:\Users\Elliot\Downloads\Audiveris\scores\074_Chopin_FantaisieImpromptu_B5-24_page_0.jpg
2025-12-26 13:09:34,143 INFO []                 Book.java:2577 | Stored /book.xml
2025-12-26 13:09:34,143 INFO []                 Book.java:2537 | Book stored as C:\Users\Elliot\Downloads\Audiveris\scores\074_Chopin_FantaisieImpromptu_B5-24_page_0.omr
2025-12-26 13:09:34,149 INFO []                 Book.java:1929 | Book reaching PAGE on sheets:[#1]
2025-12-26 13:09:34,157 INFO [074_Chopin_FantaisieImpromptu_B5-24_page_0]       StepMonitoring.java:98   | LOAD
2025-12-26 13:09:34,310 INFO [074_Chopin_FantaisieImpromptu_B5-24_page_0]            SheetStub.java:1273 | Loaded image #1 1653x2339 from C:\Users\Elliot\Downloads\Audiveris\scores\074_Chopin_FantaisieImpromptu_B5-24_page_0.jpg
2025-12-26 13:09:34,314 INFO [074_Chopin_FantaisieImpromptu_B5-24_page_0]            ImageUtil.java:124  | Converting max RGB to gray
2025-12-26 13:09:34,509 INFO [074_Chopin_FantaisieImpromptu_B5-24_page_0]       StepMonitoring.java:98   | BINARY
2025-12-26 13:09:34,853 INFO [074_Chopin_FantaisieImpromptu_B5-24_page_0]       StepMonitoring.java:98   | SCALE
2025-12-26 13:09:34,894 WARN [074_Chopin_FantaisieImpromptu_B5-24_page_0]            SheetStub.java:412  | 074_Chopin_FantaisieImpromptu_B5-24_page_0

 With a too low interline value of 10 pixels,
 either this sheet contains no multi-line staves,
 or the picture resolution is too low (try 300 DPI).

 This interline value is NOT RELIABLE!
2025-12-26 13:09:34,896 INFO [074_Chopin_FantaisieImpromptu_B5-24_page_0]                 Book.java:543  | Created scores: []
2025-12-26 13:09:34,896 INFO [074_Chopin_FantaisieImpromptu_B5-24_page_0]            SheetStub.java:1191 | Sheet 074_Chopin_FantaisieImpromptu_B5-24_page_0 flagged as invalid.
2025-12-26 13:09:34,897 INFO [074_Chopin_FantaisieImpromptu_B5-24_page_0]            SheetStub.java:1410 | StepException cause detected in [LOAD, BINARY, SCALE, GRID, HEADERS, STEM_SEEDS, BEAMS, LEDGERS, HEADS, STEMS, REDUCTION, CUE_BEAMS, TEXTS, MEASURES, CHORDS, CURVES, SYMBOLS, LINKS, RHYTHMS, PAGE]
2025-12-26 13:09:34,899 INFO [074_Chopin_FantaisieImpromptu_B5-24_page_0]                 Book.java:2596 | Book{074_Chopin_FantaisieImpromptu_B5-24_page_0} storing
2025-12-26 13:09:34,917 INFO [074_Chopin_FantaisieImpromptu_B5-24_page_0]                 Book.java:2577 | Stored /book.xml
2025-12-26 13:09:34,996 INFO [074_Chopin_FantaisieImpromptu_B5-24_page_0]           DataHolder.java:348  | Stored /sheet#1/BINARY.png
2025-12-26 13:09:35,272 INFO [074_Chopin_FantaisieImpromptu_B5-24_page_0]                Sheet.java:1583 | Stored /sheet#1/sheet#1.xml
2025-12-26 13:09:35,273 INFO [074_Chopin_FantaisieImpromptu_B5-24_page_0]                 Book.java:2537 | Book stored as C:\Users\Elliot\Downloads\Audiveris\scores\074_Chopin_FantaisieImpromptu_B5-24_page_0.omr
2025-12-26 13:09:35,278 INFO [074_Chopin_FantaisieImpromptu_B5-24_page_0]            SheetStub.java:1660 | Disposed sheet
2025-12-26 13:09:35,297 INFO [074_Chopin_FantaisieImpromptu_B5-24_page_0]                 Book.java:2064 | End of Stub#1
2025-12-26 13:09:35,299 INFO [074_Chopin_FantaisieImpromptu_B5-24_page_0]                 Book.java:2071 | Book processed.
