2025-12-26 13:09:37,827 INFO [075_Chopin_Waltz_Op64-2_B0-19_page_0]                 Book.java:560  | 1 sheet in C:\Users\Elliot\Downloads\Audiveris\scores\075_Chopin_Waltz_Op64-2_B0-19_page_0.jpg
2025-12-26 13:09:38,053 INFO []                 Book.java:2577 | Stored /book.xml
2025-12-26 13:09:38,055 INFO []                 Book.java:2537 | Book stored as C:\Users\Elliot\Downloads\Audiveris\scores\075_Chopin_Waltz_Op64-2_B0-19_page_0.omr
2025-12-26 13:09:38,066 INFO []                 Book.java:1929 | Book reaching PAGE on sheets:[#1]
2025-12-26 13:09:38,070 INFO [075_Chopin_Waltz_Op64-2_B0-19_page_0]       StepMonitoring.java:98   | LOAD
2025-12-26 13:09:38,193 INFO [075_Chopin_Waltz_Op64-2_B0-19_page_0]            SheetStub.java:1273 | Loaded image #1 1653x2339 from C:\Users\Elliot\Downloads\Audiveris\scores\075_Chopin_Waltz_Op64-2_B0-19_page_0.jpg
2025-12-26 13:09:38,197 INFO [075_Chopin_Waltz_Op64-2_B0-19_page_0]            ImageUtil.java:124  | Converting max RGB to gray
2025-12-26 13:09:38,433 INFO [075_Chopin_Waltz_Op64-2_B0-19_page_0]       StepMonitoring.java:98   | BINARY
2025-12-26 13:09:38,822 INFO [075_Chopin_Waltz_Op64-2_B0-19_page_0]       StepMonitoring.java:98   | SCALE
2025-12-26 13:09:38,853 INFO [075_Chopin_Waltz_Op64-2_B0-19_page_0]         ScaleBuilder.java:241  | Beam  guessed height:  5 -- 0.50 of 10 interline
2025-12-26 13:09:38,855 INFO [075_Chopin_Waltz_Op64-2_B0-19_page_0]         ScaleBuilder.java:264  | Beam measured height:  6 -- 0.43 of [3..10] range at 312% of needed quorum
2025-12-26 13:09:38,858 INFO [075_Chopin_Waltz_Op64-2_B0-19_page_0]            ScaleStep.java:65   | Scale{ interline(11,12,12) line(1,1,3) beam(6)}
2025-12-26 13:09:38,859 INFO [075_Chopin_Waltz_Op64-2_B0-19_page_0]       StepMonitoring.java:98   | GRID
2025-12-26 13:09:39,301 INFO [075_Chopin_Waltz_Op64-2_B0-19_page_0]       LinesRetriever.java:1500 | Global slope: 0.00000
2025-12-26 13:09:39,362 INFO [075_Chopin_Waltz_Op64-2_B0-19_page_0]    ClustersRetriever.java:326  | Retrieved raw line clusters: 8 of sizes [5] with interline(11,12,12)
2025-12-26 13:09:39,504 INFO [075_Chopin_Waltz_Op64-2_B0-19_page_0]            PeakGraph.java:310  | Systems: #1[1, 2] #2[3, 4] #3[5, 6] #4[7, 8]
2025-12-26 13:09:39,776 INFO [075_Chopin_Waltz_Op64-2_B0-19_page_0]        SystemManager.java:134  | Indentation detected for system #1
2025-12-26 13:09:39,777 INFO [075_Chopin_Waltz_Op64-2_B0-19_page_0]        SystemManager.java:779  | 1 part along 4 systems
2025-12-26 13:09:39,778 INFO [075_Chopin_Waltz_Op64-2_B0-19_page_0]                 Book.java:543  | Created scores: [{Score 1}]
2025-12-26 13:09:39,779 INFO [075_Chopin_Waltz_Op64-2_B0-19_page_0]       StepMonitoring.java:98   | HEADERS
2025-12-26 13:09:40,164 INFO [075_Chopin_Waltz_Op64-2_B0-19_page_0]      BasicClassifier.java:286  | Classifier loaded XML norms.
2025-12-26 13:09:40,175 INFO [075_Chopin_Waltz_Op64-2_B0-19_page_0]   AbstractClassifier.java:396  | Classifier data loaded from default uri jar:file:/C:/Users/Elliot/Downloads/Audiveris/app/audiveris.jar!/res/basic-classifier.zip
2025-12-26 13:09:41,352 INFO [075_Chopin_Waltz_Op64-2_B0-19_page_0]       StepMonitoring.java:98   | STEM_SEEDS
2025-12-26 13:09:41,400 INFO [075_Chopin_Waltz_Op64-2_B0-19_page_0]        StemSeedsStep.java:86   | stem(2 max:2)
2025-12-26 13:09:41,463 INFO [075_Chopin_Waltz_Op64-2_B0-19_page_0]       StepMonitoring.java:98   | BEAMS
2025-12-26 13:09:42,685 INFO [075_Chopin_Waltz_Op64-2_B0-19_page_0]       StepMonitoring.java:98   | LEDGERS
2025-12-26 13:09:42,837 INFO [075_Chopin_Waltz_Op64-2_B0-19_page_0]       StepMonitoring.java:98   | HEADS
2025-12-26 13:09:44,476 INFO [075_Chopin_Waltz_Op64-2_B0-19_page_0]        HeadSeedTally.java:235  | Scale information: HeadSeeds{NOTEHEAD_VOID[L:-0.0,R:0.5] NOTEHEAD_BLACK[L:-0.2,R:0.5]}
2025-12-26 13:09:44,477 INFO [075_Chopin_Waltz_Op64-2_B0-19_page_0]       StepMonitoring.java:98   | STEMS
2025-12-26 13:09:45,273 INFO [075_Chopin_Waltz_Op64-2_B0-19_page_0]       StepMonitoring.java:98   | REDUCTION
2025-12-26 13:09:45,437 INFO [075_Chopin_Waltz_Op64-2_B0-19_page_0]        ReductionStep.java:105  | Stems free length median value: 40 pixels, 3.3 interlines
2025-12-26 13:09:45,442 INFO [075_Chopin_Waltz_Op64-2_B0-19_page_0]       StepMonitoring.java:98   | CUE_BEAMS
2025-12-26 13:09:45,443 INFO [075_Chopin_Waltz_Op64-2_B0-19_page_0]         CueBeamsStep.java:81   | Step CUE_BEAMS is skipped because small heads switch is off
2025-12-26 13:09:45,443 INFO [075_Chopin_Waltz_Op64-2_B0-19_page_0]       StepMonitoring.java:98   | TEXTS
2025-12-26 13:09:45,520 WARN [075_Chopin_Waltz_Op64-2_B0-19_page_0]         TesseractOCR.java:335  | The collection of supported languages is empty
2025-12-26 13:09:45,520 INFO [075_Chopin_Waltz_Op64-2_B0-19_page_0]              OcrUtil.java:106  | Missing support for 'eng' language(s)
2025-12-26 13:09:45,531 INFO [075_Chopin_Waltz_Op64-2_B0-19_page_0]       StepMonitoring.java:98   | MEASURES
2025-12-26 13:09:45,543 INFO [075_Chopin_Waltz_Op64-2_B0-19_page_0]                 Page.java:307  | 19 raw measures: [5 in system#1, 4 in system#2, 5 in system#3, 5 in system#4]
2025-12-26 13:09:45,544 INFO [075_Chopin_Waltz_Op64-2_B0-19_page_0]       StepMonitoring.java:98   | CHORDS
2025-12-26 13:09:45,564 INFO [075_Chopin_Waltz_Op64-2_B0-19_page_0]       StepMonitoring.java:98   | CURVES
2025-12-26 13:09:46,351 INFO [075_Chopin_Waltz_Op64-2_B0-19_page_0]         SlursBuilder.java:240  | Slurs: 19
2025-12-26 13:09:46,426 INFO [075_Chopin_Waltz_Op64-2_B0-19_page_0]      SegmentsBuilder.java:155  | Segments: 29
2025-12-26 13:09:46,439 INFO [075_Chopin_Waltz_Op64-2_B0-19_page_0]       StepMonitoring.java:98   | SYMBOLS
2025-12-26 13:09:47,159 INFO [075_Chopin_Waltz_Op64-2_B0-19_page_0]       StepMonitoring.java:98   | LINKS
2025-12-26 13:09:47,272 INFO [075_Chopin_Waltz_Op64-2_B0-19_page_0]       StepMonitoring.java:98   | RHYTHMS
2025-12-26 13:09:47,393 INFO [075_Chopin_Waltz_Op64-2_B0-19_page_0]       StepMonitoring.java:98   | PAGE
2025-12-26 13:09:47,412 INFO [075_Chopin_Waltz_Op64-2_B0-19_page_0]                 Book.java:2596 | Book{075_Chopin_Waltz_Op64-2_B0-19_page_0} storing
2025-12-26 13:09:47,462 INFO [075_Chopin_Waltz_Op64-2_B0-19_page_0]                 Book.java:2577 | Stored /book.xml
2025-12-26 13:09:47,556 INFO [075_Chopin_Waltz_Op64-2_B0-19_page_0]           DataHolder.java:348  | Stored /sheet#1/BINARY.png
2025-12-26 13:09:48,423 INFO [075_Chopin_Waltz_Op64-2_B0-19_page_0]                Sheet.java:1583 | Stored /sheet#1/sheet#1.xml
2025-12-26 13:09:48,425 INFO [075_Chopin_Waltz_Op64-2_B0-19_page_0]                 Book.java:2537 | Book stored as C:\Users\Elliot\Downloads\Audiveris\scores\075_Chopin_Waltz_Op64-2_B0-19_page_0.omr
2025-12-26 13:09:48,430 INFO [075_Chopin_Waltz_Op64-2_B0-19_page_0]            SheetStub.java:1660 | Disposed sheet
2025-12-26 13:09:48,466 INFO [075_Chopin_Waltz_Op64-2_B0-19_page_0]                 Book.java:2064 | End of Stub#1
2025-12-26 13:09:48,468 INFO [075_Chopin_Waltz_Op64-2_B0-19_page_0]                 Book.java:2071 | Book processed.
2025-12-26 13:09:48,868 INFO [075_Chopin_Waltz_Op64-2_B0-19_page_0]            SheetStub.java:997  | Loaded /sheet#1/sheet#1.xml
2025-12-26 13:09:49,380 INFO [075_Chopin_Waltz_Op64-2_B0-19_page_0]      PartwiseBuilder.java:2688 | Exporting sheet(s): [#1]
2025-12-26 13:09:49,552 INFO [075_Chopin_Waltz_Op64-2_B0-19_page_0]        ScoreExporter.java:164  | Score 075_Chopin_Waltz_Op64-2_B0-19_page_0 exported to C:\Users\Elliot\Downloads\Audiveris\scores\075_Chopin_Waltz_Op64-2_B0-19_page_0.mxl
2025-12-26 13:09:49,597 INFO [075_Chopin_Waltz_Op64-2_B0-19_page_0]                Score.java:181  | Closing {Score 1}
