2025-12-26 13:09:52,464 INFO [076_Chopin_Waltz_Op69-1_B0-16_page_0]                 Book.java:560  | 1 sheet in C:\Users\Elliot\Downloads\Audiveris\scores\076_Chopin_Waltz_Op69-1_B0-16_page_0.jpg
2025-12-26 13:09:52,662 INFO []                 Book.java:2577 | Stored /book.xml
2025-12-26 13:09:52,664 INFO []                 Book.java:2537 | Book stored as C:\Users\Elliot\Downloads\Audiveris\scores\076_Chopin_Waltz_Op69-1_B0-16_page_0.omr
2025-12-26 13:09:52,669 INFO []                 Book.java:1929 | Book reaching PAGE on sheets:[#1]
2025-12-26 13:09:52,675 INFO [076_Chopin_Waltz_Op69-1_B0-16_page_0]       StepMonitoring.java:98   | LOAD
2025-12-26 13:09:52,788 INFO [076_Chopin_Waltz_Op69-1_B0-16_page_0]            SheetStub.java:1273 | Loaded image #1 1653x2339 from C:\Users\Elliot\Downloads\Audiveris\scores\076_Chopin_Waltz_Op69-1_B0-16_page_0.jpg
2025-12-26 13:09:52,791 INFO [076_Chopin_Waltz_Op69-1_B0-16_page_0]            ImageUtil.java:124  | Converting max RGB to gray
2025-12-26 13:09:52,953 INFO [076_Chopin_Waltz_Op69-1_B0-16_page_0]       StepMonitoring.java:98   | BINARY
2025-12-26 13:09:53,360 INFO [076_Chopin_Waltz_Op69-1_B0-16_page_0]       StepMonitoring.java:98   | SCALE
2025-12-26 13:09:53,391 INFO [076_Chopin_Waltz_Op69-1_B0-16_page_0]         ScaleBuilder.java:241  | Beam  guessed height:  5 -- 0.50 of 10 interline
2025-12-26 13:09:53,393 INFO [076_Chopin_Waltz_Op69-1_B0-16_page_0]         ScaleBuilder.java:264  | Beam measured height:  6 -- 0.43 of [3..10] range at 188% of needed quorum
2025-12-26 13:09:53,394 INFO [076_Chopin_Waltz_Op69-1_B0-16_page_0]            ScaleStep.java:65   | Scale{ interline(11,12,12) line(1,1,3) beam(6)}
2025-12-26 13:09:53,395 INFO [076_Chopin_Waltz_Op69-1_B0-16_page_0]       StepMonitoring.java:98   | GRID
2025-12-26 13:09:53,759 INFO [076_Chopin_Waltz_Op69-1_B0-16_page_0]       LinesRetriever.java:1500 | Global slope: 0.00000
2025-12-26 13:09:53,811 INFO [076_Chopin_Waltz_Op69-1_B0-16_page_0]    ClustersRetriever.java:326  | Retrieved raw line clusters: 6 of sizes [5] with interline(11,12,12)
2025-12-26 13:09:53,915 INFO [076_Chopin_Waltz_Op69-1_B0-16_page_0]            PeakGraph.java:310  | Systems: #1[1, 2] #2[3, 4] #3[5, 6]
2025-12-26 13:09:54,187 INFO [076_Chopin_Waltz_Op69-1_B0-16_page_0]        SystemManager.java:134  | Indentation detected for system #1
2025-12-26 13:09:54,188 INFO [076_Chopin_Waltz_Op69-1_B0-16_page_0]        SystemManager.java:779  | 1 part along 3 systems
2025-12-26 13:09:54,189 INFO [076_Chopin_Waltz_Op69-1_B0-16_page_0]                 Book.java:543  | Created scores: [{Score 1}]
2025-12-26 13:09:54,190 INFO [076_Chopin_Waltz_Op69-1_B0-16_page_0]       StepMonitoring.java:98   | HEADERS
2025-12-26 13:09:54,539 INFO [076_Chopin_Waltz_Op69-1_B0-16_page_0]      BasicClassifier.java:286  | Classifier loaded XML norms.
2025-12-26 13:09:54,545 INFO [076_Chopin_Waltz_Op69-1_B0-16_page_0]   AbstractClassifier.java:396  | Classifier data loaded from default uri jar:file:/C:/Users/Elliot/Downloads/Audiveris/app/audiveris.jar!/res/basic-classifier.zip
2025-12-26 13:09:55,446 INFO [076_Chopin_Waltz_Op69-1_B0-16_page_0]       StepMonitoring.java:98   | STEM_SEEDS
2025-12-26 13:09:55,489 INFO [076_Chopin_Waltz_Op69-1_B0-16_page_0]        StemSeedsStep.java:86   | stem(2 max:3)
2025-12-26 13:09:55,545 INFO [076_Chopin_Waltz_Op69-1_B0-16_page_0]       StepMonitoring.java:98   | BEAMS
2025-12-26 13:09:56,893 INFO [076_Chopin_Waltz_Op69-1_B0-16_page_0]       StepMonitoring.java:98   | LEDGERS
2025-12-26 13:09:57,036 INFO [076_Chopin_Waltz_Op69-1_B0-16_page_0]       StepMonitoring.java:98   | HEADS
2025-12-26 13:09:58,524 INFO [076_Chopin_Waltz_Op69-1_B0-16_page_0]        HeadSeedTally.java:235  | Scale information: HeadSeeds{NOTEHEAD_VOID[L:-0.2] NOTEHEAD_BLACK[L:-0.2,R:0.5]}
2025-12-26 13:09:58,525 INFO [076_Chopin_Waltz_Op69-1_B0-16_page_0]       StepMonitoring.java:98   | STEMS
2025-12-26 13:09:59,390 INFO [076_Chopin_Waltz_Op69-1_B0-16_page_0]       StepMonitoring.java:98   | REDUCTION
2025-12-26 13:09:59,525 INFO [076_Chopin_Waltz_Op69-1_B0-16_page_0]        ReductionStep.java:105  | Stems free length median value: 41 pixels, 3.4 interlines
2025-12-26 13:09:59,532 INFO [076_Chopin_Waltz_Op69-1_B0-16_page_0]       StepMonitoring.java:98   | CUE_BEAMS
2025-12-26 13:09:59,533 INFO [076_Chopin_Waltz_Op69-1_B0-16_page_0]         CueBeamsStep.java:81   | Step CUE_BEAMS is skipped because small heads switch is off
2025-12-26 13:09:59,533 INFO [076_Chopin_Waltz_Op69-1_B0-16_page_0]       StepMonitoring.java:98   | TEXTS
2025-12-26 13:09:59,634 WARN [076_Chopin_Waltz_Op69-1_B0-16_page_0]         TesseractOCR.java:335  | The collection of supported languages is empty
2025-12-26 13:09:59,635 INFO [076_Chopin_Waltz_Op69-1_B0-16_page_0]              OcrUtil.java:106  | Missing support for 'eng' language(s)
2025-12-26 13:09:59,650 INFO [076_Chopin_Waltz_Op69-1_B0-16_page_0]       StepMonitoring.java:98   | MEASURES
2025-12-26 13:09:59,662 INFO [076_Chopin_Waltz_Op69-1_B0-16_page_0]                 Page.java:307  | 17 raw measures: [6 in system#1, 6 in system#2, 5 in system#3]
2025-12-26 13:09:59,663 INFO [076_Chopin_Waltz_Op69-1_B0-16_page_0]       StepMonitoring.java:98   | CHORDS
2025-12-26 13:09:59,690 INFO [076_Chopin_Waltz_Op69-1_B0-16_page_0]       StepMonitoring.java:98   | CURVES
2025-12-26 13:10:00,472 INFO [076_Chopin_Waltz_Op69-1_B0-16_page_0]         SlursBuilder.java:240  | Slurs: 24
2025-12-26 13:10:00,504 INFO [076_Chopin_Waltz_Op69-1_B0-16_page_0]      SegmentsBuilder.java:155  | Segments: 32
2025-12-26 13:10:00,513 INFO [076_Chopin_Waltz_Op69-1_B0-16_page_0]       StepMonitoring.java:98   | SYMBOLS
2025-12-26 13:10:01,498 INFO [076_Chopin_Waltz_Op69-1_B0-16_page_0]       StepMonitoring.java:98   | LINKS
2025-12-26 13:10:01,593 INFO [076_Chopin_Waltz_Op69-1_B0-16_page_0]       StepMonitoring.java:98   | RHYTHMS
2025-12-26 13:10:01,647 INFO [076_Chopin_Waltz_Op69-1_B0-16_page_0]                Voice.java:257  | Measure{#4} Voice{#1 excess:1/8} too long
2025-12-26 13:10:01,649 INFO [076_Chopin_Waltz_Op69-1_B0-16_page_0]          StackRhythm.java:224  | S1 MeasureStack#4 no correct rhythm
2025-12-26 13:10:01,687 INFO [076_Chopin_Waltz_Op69-1_B0-16_page_0]                Voice.java:257  | Measure{#12} Voice{#2 excess:3/16} too long
2025-12-26 13:10:01,689 INFO [076_Chopin_Waltz_Op69-1_B0-16_page_0]          StackRhythm.java:224  | S2 MeasureStack#12 no correct rhythm
2025-12-26 13:10:01,705 INFO [076_Chopin_Waltz_Op69-1_B0-16_page_0]       StepMonitoring.java:98   | PAGE
2025-12-26 13:10:01,715 INFO [076_Chopin_Waltz_Op69-1_B0-16_page_0]                Voice.java:257  | Measure{#4} Voice{#1 excess:1/8} too long
2025-12-26 13:10:01,716 INFO [076_Chopin_Waltz_Op69-1_B0-16_page_0]                Voice.java:257  | Measure{#12} Voice{#2 excess:3/16} too long
2025-12-26 13:10:01,720 INFO [076_Chopin_Waltz_Op69-1_B0-16_page_0]                 Book.java:2596 | Book{076_Chopin_Waltz_Op69-1_B0-16_page_0} storing
2025-12-26 13:10:01,785 INFO [076_Chopin_Waltz_Op69-1_B0-16_page_0]                 Book.java:2577 | Stored /book.xml
2025-12-26 13:10:01,917 INFO [076_Chopin_Waltz_Op69-1_B0-16_page_0]           DataHolder.java:348  | Stored /sheet#1/BINARY.png
2025-12-26 13:10:02,635 INFO [076_Chopin_Waltz_Op69-1_B0-16_page_0]                Sheet.java:1583 | Stored /sheet#1/sheet#1.xml
2025-12-26 13:10:02,636 INFO [076_Chopin_Waltz_Op69-1_B0-16_page_0]                 Book.java:2537 | Book stored as C:\Users\Elliot\Downloads\Audiveris\scores\076_Chopin_Waltz_Op69-1_B0-16_page_0.omr
2025-12-26 13:10:02,643 INFO [076_Chopin_Waltz_Op69-1_B0-16_page_0]            SheetStub.java:1660 | Disposed sheet
2025-12-26 13:10:02,675 INFO [076_Chopin_Waltz_Op69-1_B0-16_page_0]                 Book.java:2064 | End of Stub#1
2025-12-26 13:10:02,676 INFO [076_Chopin_Waltz_Op69-1_B0-16_page_0]                 Book.java:2071 | Book processed.
2025-12-26 13:10:03,046 INFO [076_Chopin_Waltz_Op69-1_B0-16_page_0]            SheetStub.java:997  | Loaded /sheet#1/sheet#1.xml
2025-12-26 13:10:03,629 INFO [076_Chopin_Waltz_Op69-1_B0-16_page_0]      PartwiseBuilder.java:2688 | Exporting sheet(s): [#1]
2025-12-26 13:10:03,859 INFO [076_Chopin_Waltz_Op69-1_B0-16_page_0]        ScoreExporter.java:164  | Score 076_Chopin_Waltz_Op69-1_B0-16_page_0 exported to C:\Users\Elliot\Downloads\Audiveris\scores\076_Chopin_Waltz_Op69-1_B0-16_page_0.mxl
2025-12-26 13:10:03,905 INFO [076_Chopin_Waltz_Op69-1_B0-16_page_0]                Score.java:181  | Closing {Score 1}
