2025-12-26 13:10:06,543 INFO [077_Chopin_Waltz_Op69-2_B33-65_page_0]                 Book.java:560  | 1 sheet in C:\Users\Elliot\Downloads\Audiveris\scores\077_Chopin_Waltz_Op69-2_B33-65_page_0.jpg
2025-12-26 13:10:06,814 INFO []                 Book.java:2577 | Stored /book.xml
2025-12-26 13:10:06,816 INFO []                 Book.java:2537 | Book stored as C:\Users\Elliot\Downloads\Audiveris\scores\077_Chopin_Waltz_Op69-2_B33-65_page_0.omr
2025-12-26 13:10:06,826 INFO []                 Book.java:1929 | Book reaching PAGE on sheets:[#1]
2025-12-26 13:10:06,835 INFO [077_Chopin_Waltz_Op69-2_B33-65_page_0]       StepMonitoring.java:98   | LOAD
2025-12-26 13:10:07,068 INFO [077_Chopin_Waltz_Op69-2_B33-65_page_0]            SheetStub.java:1273 | Loaded image #1 1653x2339 from C:\Users\Elliot\Downloads\Audiveris\scores\077_Chopin_Waltz_Op69-2_B33-65_page_0.jpg
2025-12-26 13:10:07,073 INFO [077_Chopin_Waltz_Op69-2_B33-65_page_0]            ImageUtil.java:124  | Converting max RGB to gray
2025-12-26 13:10:07,294 INFO [077_Chopin_Waltz_Op69-2_B33-65_page_0]       StepMonitoring.java:98   | BINARY
2025-12-26 13:10:07,701 INFO [077_Chopin_Waltz_Op69-2_B33-65_page_0]       StepMonitoring.java:98   | SCALE
2025-12-26 13:10:07,762 INFO [077_Chopin_Waltz_Op69-2_B33-65_page_0]         ScaleBuilder.java:241  | Beam  guessed height:  5 -- 0.50 of 10 interline
2025-12-26 13:10:07,763 INFO [077_Chopin_Waltz_Op69-2_B33-65_page_0]         ScaleBuilder.java:264  | Beam measured height:  6 -- 0.43 of [3..10] range at 225% of needed quorum
2025-12-26 13:10:07,764 INFO [077_Chopin_Waltz_Op69-2_B33-65_page_0]            ScaleStep.java:65   | Scale{ interline(11,12,12) line(1,1,3) beam(6)}
2025-12-26 13:10:07,766 INFO [077_Chopin_Waltz_Op69-2_B33-65_page_0]       StepMonitoring.java:98   | GRID
2025-12-26 13:10:08,305 INFO [077_Chopin_Waltz_Op69-2_B33-65_page_0]       LinesRetriever.java:1500 | Global slope: 0.00000
2025-12-26 13:10:08,399 INFO [077_Chopin_Waltz_Op69-2_B33-65_page_0]    ClustersRetriever.java:326  | Retrieved raw line clusters: 12 of sizes [5] with interline(11,12,12)
2025-12-26 13:10:08,601 INFO [077_Chopin_Waltz_Op69-2_B33-65_page_0]            PeakGraph.java:310  | Systems: #1[1, 2] #2[3, 4] #3[5, 6] #4[7, 8] #5[9, 10] #6[11, 12]
2025-12-26 13:10:08,958 INFO [077_Chopin_Waltz_Op69-2_B33-65_page_0]        SystemManager.java:134  | Indentation detected for system #1
2025-12-26 13:10:08,959 INFO [077_Chopin_Waltz_Op69-2_B33-65_page_0]        SystemManager.java:779  | 1 part along 6 systems
2025-12-26 13:10:08,960 INFO [077_Chopin_Waltz_Op69-2_B33-65_page_0]                 Book.java:543  | Created scores: [{Score 1}]
2025-12-26 13:10:08,961 INFO [077_Chopin_Waltz_Op69-2_B33-65_page_0]       StepMonitoring.java:98   | HEADERS
2025-12-26 13:10:09,291 INFO []      BasicClassifier.java:286  | Classifier loaded XML norms.
2025-12-26 13:10:09,295 INFO []   AbstractClassifier.java:396  | Classifier data loaded from default uri jar:file:/C:/Users/Elliot/Downloads/Audiveris/app/audiveris.jar!/res/basic-classifier.zip
2025-12-26 13:10:10,360 INFO [077_Chopin_Waltz_Op69-2_B33-65_page_0]       StepMonitoring.java:98   | STEM_SEEDS
2025-12-26 13:10:10,414 INFO [077_Chopin_Waltz_Op69-2_B33-65_page_0]        StemSeedsStep.java:86   | stem(2 max:2)
2025-12-26 13:10:10,485 INFO [077_Chopin_Waltz_Op69-2_B33-65_page_0]       StepMonitoring.java:98   | BEAMS
2025-12-26 13:10:11,855 INFO [077_Chopin_Waltz_Op69-2_B33-65_page_0]       StepMonitoring.java:98   | LEDGERS
2025-12-26 13:10:12,182 INFO [077_Chopin_Waltz_Op69-2_B33-65_page_0]       StepMonitoring.java:98   | HEADS
2025-12-26 13:10:14,323 INFO [077_Chopin_Waltz_Op69-2_B33-65_page_0]        HeadSeedTally.java:235  | Scale information: HeadSeeds{NOTEHEAD_BLACK[L:-0.3,R:0.5]}
2025-12-26 13:10:14,324 INFO [077_Chopin_Waltz_Op69-2_B33-65_page_0]       StepMonitoring.java:98   | STEMS
2025-12-26 13:10:14,906 INFO [077_Chopin_Waltz_Op69-2_B33-65_page_0]           BeamLinker.java:1729 | Not linking shorter BeamHookInter#1813{(0.235/0.505) BEAM_HOOK}
2025-12-26 13:10:14,906 INFO [077_Chopin_Waltz_Op69-2_B33-65_page_0]           BeamLinker.java:1729 | Not linking shorter BeamInter#1815{(0.221/0.484) BEAM}
2025-12-26 13:10:15,443 INFO [077_Chopin_Waltz_Op69-2_B33-65_page_0]       StepMonitoring.java:98   | REDUCTION
2025-12-26 13:10:15,687 INFO [077_Chopin_Waltz_Op69-2_B33-65_page_0]        ReductionStep.java:105  | Stems free length median value: 41 pixels, 3.4 interlines
2025-12-26 13:10:15,698 INFO [077_Chopin_Waltz_Op69-2_B33-65_page_0]       StepMonitoring.java:98   | CUE_BEAMS
2025-12-26 13:10:15,699 INFO [077_Chopin_Waltz_Op69-2_B33-65_page_0]         CueBeamsStep.java:81   | Step CUE_BEAMS is skipped because small heads switch is off
2025-12-26 13:10:15,699 INFO [077_Chopin_Waltz_Op69-2_B33-65_page_0]       StepMonitoring.java:98   | TEXTS
2025-12-26 13:10:15,849 WARN [077_Chopin_Waltz_Op69-2_B33-65_page_0]         TesseractOCR.java:335  | The collection of supported languages is empty
2025-12-26 13:10:15,850 INFO [077_Chopin_Waltz_Op69-2_B33-65_page_0]              OcrUtil.java:106  | Missing support for 'eng' language(s)
2025-12-26 13:10:15,862 INFO [077_Chopin_Waltz_Op69-2_B33-65_page_0]       StepMonitoring.java:98   | MEASURES
2025-12-26 13:10:15,873 INFO [077_Chopin_Waltz_Op69-2_B33-65_page_0]                 Page.java:307  | 32 raw measures: [6 in system#1, 6 in system#2, 5 in system#3, 6 in system#4, 5 in system#5, 4 in system#6]
2025-12-26 13:10:15,875 INFO [077_Chopin_Waltz_Op69-2_B33-65_page_0]       StepMonitoring.java:98   | CHORDS
2025-12-26 13:10:15,906 INFO [077_Chopin_Waltz_Op69-2_B33-65_page_0]       StepMonitoring.java:98   | CURVES
2025-12-26 13:10:16,972 INFO [077_Chopin_Waltz_Op69-2_B33-65_page_0]         SlursBuilder.java:240  | Slurs: 31
2025-12-26 13:10:17,021 INFO [077_Chopin_Waltz_Op69-2_B33-65_page_0]      SegmentsBuilder.java:155  | Segments: 30
2025-12-26 13:10:17,031 INFO [077_Chopin_Waltz_Op69-2_B33-65_page_0]       StepMonitoring.java:98   | SYMBOLS
2025-12-26 13:10:17,958 INFO [077_Chopin_Waltz_Op69-2_B33-65_page_0]       StepMonitoring.java:98   | LINKS
2025-12-26 13:10:18,109 INFO [077_Chopin_Waltz_Op69-2_B33-65_page_0]        SymbolsLinker.java:258  | No chord linked to OctaveShiftInter#9584{(0.202) staff:11 QUINDICESIMA BASSA}
2025-12-26 13:10:18,118 INFO [077_Chopin_Waltz_Op69-2_B33-65_page_0]       StepMonitoring.java:98   | RHYTHMS
2025-12-26 13:10:18,174 INFO [077_Chopin_Waltz_Op69-2_B33-65_page_0]                Voice.java:257  | Measure{#14} Voice{#6 excess:1/4} too long
2025-12-26 13:10:18,175 INFO [077_Chopin_Waltz_Op69-2_B33-65_page_0]          StackRhythm.java:224  | S3 MeasureStack#14 no correct rhythm
2025-12-26 13:10:18,206 INFO [077_Chopin_Waltz_Op69-2_B33-65_page_0]                Voice.java:257  | Measure{#31} Voice{#1 excess:1/8} too long
2025-12-26 13:10:18,207 INFO [077_Chopin_Waltz_Op69-2_B33-65_page_0]          StackRhythm.java:224  | S6 MeasureStack#31 no correct rhythm
2025-12-26 13:10:18,209 INFO [077_Chopin_Waltz_Op69-2_B33-65_page_0]       StepMonitoring.java:98   | PAGE
2025-12-26 13:10:18,215 INFO [077_Chopin_Waltz_Op69-2_B33-65_page_0]                Voice.java:257  | Measure{#14} Voice{#6 excess:1/4} too long
2025-12-26 13:10:18,216 INFO [077_Chopin_Waltz_Op69-2_B33-65_page_0]                Voice.java:257  | Measure{#31} Voice{#1 excess:1/8} too long
2025-12-26 13:10:18,222 INFO [077_Chopin_Waltz_Op69-2_B33-65_page_0]                 Book.java:2596 | Book{077_Chopin_Waltz_Op69-2_B33-65_page_0} storing
2025-12-26 13:10:18,285 INFO [077_Chopin_Waltz_Op69-2_B33-65_page_0]                 Book.java:2577 | Stored /book.xml
2025-12-26 13:10:18,423 INFO [077_Chopin_Waltz_Op69-2_B33-65_page_0]           DataHolder.java:348  | Stored /sheet#1/BINARY.png
2025-12-26 13:10:19,702 INFO [077_Chopin_Waltz_Op69-2_B33-65_page_0]                Sheet.java:1583 | Stored /sheet#1/sheet#1.xml
2025-12-26 13:10:19,703 INFO [077_Chopin_Waltz_Op69-2_B33-65_page_0]                 Book.java:2537 | Book stored as C:\Users\Elliot\Downloads\Audiveris\scores\077_Chopin_Waltz_Op69-2_B33-65_page_0.omr
2025-12-26 13:10:19,707 INFO [077_Chopin_Waltz_Op69-2_B33-65_page_0]            SheetStub.java:1660 | Disposed sheet
2025-12-26 13:10:19,744 INFO [077_Chopin_Waltz_Op69-2_B33-65_page_0]                 Book.java:2064 | End of Stub#1
2025-12-26 13:10:19,745 INFO [077_Chopin_Waltz_Op69-2_B33-65_page_0]                 Book.java:2071 | Book processed.
2025-12-26 13:10:20,287 INFO [077_Chopin_Waltz_Op69-2_B33-65_page_0]            SheetStub.java:997  | Loaded /sheet#1/sheet#1.xml
2025-12-26 13:10:21,029 INFO [077_Chopin_Waltz_Op69-2_B33-65_page_0]      PartwiseBuilder.java:2688 | Exporting sheet(s): [#1]
2025-12-26 13:10:21,382 INFO [077_Chopin_Waltz_Op69-2_B33-65_page_0]        ScoreExporter.java:164  | Score 077_Chopin_Waltz_Op69-2_B33-65_page_0 exported to C:\Users\Elliot\Downloads\Audiveris\scores\077_Chopin_Waltz_Op69-2_B33-65_page_0.mxl
2025-12-26 13:10:21,434 INFO [077_Chopin_Waltz_Op69-2_B33-65_page_0]                Score.java:181  | Closing {Score 1}
