2025-12-26 13:10:23,610 INFO [078_Chopin_Etude_Op25-11_B5-12_page_0]                 Book.java:560  | 1 sheet in C:\Users\Elliot\Downloads\Audiveris\scores\078_Chopin_Etude_Op25-11_B5-12_page_0.jpg
2025-12-26 13:10:23,787 INFO []                 Book.java:2577 | Stored /book.xml
2025-12-26 13:10:23,788 INFO []                 Book.java:2537 | Book stored as C:\Users\Elliot\Downloads\Audiveris\scores\078_Chopin_Etude_Op25-11_B5-12_page_0.omr
2025-12-26 13:10:23,796 INFO []                 Book.java:1929 | Book reaching PAGE on sheets:[#1]
2025-12-26 13:10:23,805 INFO [078_Chopin_Etude_Op25-11_B5-12_page_0]       StepMonitoring.java:98   | LOAD
2025-12-26 13:10:23,982 INFO [078_Chopin_Etude_Op25-11_B5-12_page_0]            SheetStub.java:1273 | Loaded image #1 1653x2339 from C:\Users\Elliot\Downloads\Audiveris\scores\078_Chopin_Etude_Op25-11_B5-12_page_0.jpg
2025-12-26 13:10:23,988 INFO [078_Chopin_Etude_Op25-11_B5-12_page_0]            ImageUtil.java:124  | Converting max RGB to gray
2025-12-26 13:10:24,173 INFO [078_Chopin_Etude_Op25-11_B5-12_page_0]       StepMonitoring.java:98   | BINARY
2025-12-26 13:10:24,460 INFO [078_Chopin_Etude_Op25-11_B5-12_page_0]       StepMonitoring.java:98   | SCALE
2025-12-26 13:10:24,486 INFO [078_Chopin_Etude_Op25-11_B5-12_page_0]         ScaleBuilder.java:241  | Beam  guessed height:  5 -- 0.50 of 10 interline
2025-12-26 13:10:24,487 INFO [078_Chopin_Etude_Op25-11_B5-12_page_0]         ScaleBuilder.java:264  | Beam measured height:  6 -- 0.43 of [3..10] range at 724% of needed quorum
2025-12-26 13:10:24,488 INFO [078_Chopin_Etude_Op25-11_B5-12_page_0]            ScaleStep.java:65   | Scale{ interline(11,12,12) line(1,1,3) beam(6)}
2025-12-26 13:10:24,488 INFO [078_Chopin_Etude_Op25-11_B5-12_page_0]       StepMonitoring.java:98   | GRID
2025-12-26 13:10:24,915 INFO [078_Chopin_Etude_Op25-11_B5-12_page_0]       LinesRetriever.java:1500 | Global slope: -0.00044
2025-12-26 13:10:24,970 INFO [078_Chopin_Etude_Op25-11_B5-12_page_0]    ClustersRetriever.java:326  | Retrieved raw line clusters: 8 of sizes [5] with interline(11,12,12)
2025-12-26 13:10:25,123 INFO [078_Chopin_Etude_Op25-11_B5-12_page_0]            PeakGraph.java:310  | Systems: #1[1, 2] #2[3, 4] #3[5, 6] #4[7, 8]
2025-12-26 13:10:25,361 INFO [078_Chopin_Etude_Op25-11_B5-12_page_0]        SystemManager.java:134  | Indentation detected for system #1
2025-12-26 13:10:25,362 INFO [078_Chopin_Etude_Op25-11_B5-12_page_0]        SystemManager.java:779  | 1 part along 4 systems
2025-12-26 13:10:25,363 INFO [078_Chopin_Etude_Op25-11_B5-12_page_0]                 Book.java:543  | Created scores: [{Score 1}]
2025-12-26 13:10:25,364 INFO [078_Chopin_Etude_Op25-11_B5-12_page_0]       StepMonitoring.java:98   | HEADERS
2025-12-26 13:10:25,702 INFO [078_Chopin_Etude_Op25-11_B5-12_page_0]      BasicClassifier.java:286  | Classifier loaded XML norms.
2025-12-26 13:10:25,706 INFO [078_Chopin_Etude_Op25-11_B5-12_page_0]   AbstractClassifier.java:396  | Classifier data loaded from default uri jar:file:/C:/Users/Elliot/Downloads/Audiveris/app/audiveris.jar!/res/basic-classifier.zip
2025-12-26 13:10:26,432 INFO [078_Chopin_Etude_Op25-11_B5-12_page_0]       StepMonitoring.java:98   | STEM_SEEDS
2025-12-26 13:10:26,489 INFO [078_Chopin_Etude_Op25-11_B5-12_page_0]        StemSeedsStep.java:86   | stem(1 max:2)
2025-12-26 13:10:26,558 INFO [078_Chopin_Etude_Op25-11_B5-12_page_0]       StepMonitoring.java:98   | BEAMS
2025-12-26 13:10:27,604 INFO [078_Chopin_Etude_Op25-11_B5-12_page_0]       StepMonitoring.java:98   | LEDGERS
2025-12-26 13:10:27,891 INFO [078_Chopin_Etude_Op25-11_B5-12_page_0]       StepMonitoring.java:98   | HEADS
2025-12-26 13:10:29,463 INFO [078_Chopin_Etude_Op25-11_B5-12_page_0]        HeadSeedTally.java:235  | Scale information: HeadSeeds{NOTEHEAD_BLACK[L:-0.1,R:0.5]}
2025-12-26 13:10:29,464 INFO [078_Chopin_Etude_Op25-11_B5-12_page_0]       StepMonitoring.java:98   | STEMS
2025-12-26 13:10:30,492 INFO [078_Chopin_Etude_Op25-11_B5-12_page_0]       StepMonitoring.java:98   | REDUCTION
2025-12-26 13:10:30,672 INFO [078_Chopin_Etude_Op25-11_B5-12_page_0]        ReductionStep.java:105  | Stems free length median value: 41 pixels, 3.4 interlines
2025-12-26 13:10:30,680 INFO [078_Chopin_Etude_Op25-11_B5-12_page_0]       StepMonitoring.java:98   | CUE_BEAMS
2025-12-26 13:10:30,682 INFO [078_Chopin_Etude_Op25-11_B5-12_page_0]         CueBeamsStep.java:81   | Step CUE_BEAMS is skipped because small heads switch is off
2025-12-26 13:10:30,682 INFO [078_Chopin_Etude_Op25-11_B5-12_page_0]       StepMonitoring.java:98   | TEXTS
2025-12-26 13:10:30,756 WARN [078_Chopin_Etude_Op25-11_B5-12_page_0]         TesseractOCR.java:335  | The collection of supported languages is empty
2025-12-26 13:10:30,756 INFO [078_Chopin_Etude_Op25-11_B5-12_page_0]              OcrUtil.java:106  | Missing support for 'eng' language(s)
2025-12-26 13:10:30,769 INFO [078_Chopin_Etude_Op25-11_B5-12_page_0]       StepMonitoring.java:98   | MEASURES
2025-12-26 13:10:30,783 INFO [078_Chopin_Etude_Op25-11_B5-12_page_0]                 Page.java:307  | 8 raw measures: [2 in system#1, 2 in system#2, 2 in system#3, 2 in system#4]
2025-12-26 13:10:30,783 INFO [078_Chopin_Etude_Op25-11_B5-12_page_0]       StepMonitoring.java:98   | CHORDS
2025-12-26 13:10:30,806 INFO [078_Chopin_Etude_Op25-11_B5-12_page_0]       StepMonitoring.java:98   | CURVES
2025-12-26 13:10:31,614 INFO [078_Chopin_Etude_Op25-11_B5-12_page_0]         SlursBuilder.java:240  | Slurs: 21
2025-12-26 13:10:31,650 INFO [078_Chopin_Etude_Op25-11_B5-12_page_0]      SegmentsBuilder.java:155  | Segments: 13
2025-12-26 13:10:31,660 INFO [078_Chopin_Etude_Op25-11_B5-12_page_0]       StepMonitoring.java:98   | SYMBOLS
2025-12-26 13:10:32,564 INFO [078_Chopin_Etude_Op25-11_B5-12_page_0]       StepMonitoring.java:98   | LINKS
2025-12-26 13:10:32,571 INFO [078_Chopin_Etude_Op25-11_B5-12_page_0]             KeyInter.java:1165 | No effective key before AlterInter#7209{(0.800) staff:1 NATURAL pitch:-5.0}
2025-12-26 13:10:32,572 INFO [078_Chopin_Etude_Op25-11_B5-12_page_0]             KeyInter.java:1165 | No effective key before AlterInter#7244{(0.800) staff:1 NATURAL pitch:-5.0}
2025-12-26 13:10:32,573 INFO [078_Chopin_Etude_Op25-11_B5-12_page_0]             KeyInter.java:1165 | No effective key before AlterInter#7245{(0.521) staff:1 NATURAL pitch:-4.0}
2025-12-26 13:10:32,604 INFO [078_Chopin_Etude_Op25-11_B5-12_page_0]             KeyInter.java:1165 | No effective key before AlterInter#7257{(0.800) staff:3 NATURAL pitch:-4.0}
2025-12-26 13:10:32,605 INFO [078_Chopin_Etude_Op25-11_B5-12_page_0]             KeyInter.java:1165 | No effective key before AlterInter#7326{(0.800) staff:3 NATURAL pitch:-2.0}
2025-12-26 13:10:32,605 INFO [078_Chopin_Etude_Op25-11_B5-12_page_0]             KeyInter.java:1165 | No effective key before AlterInter#7358{(0.800) staff:3 NATURAL pitch:-1.0}
2025-12-26 13:10:32,606 INFO [078_Chopin_Etude_Op25-11_B5-12_page_0]             KeyInter.java:1165 | No effective key before AlterInter#7361{(0.800) staff:3 NATURAL pitch:2.0}
2025-12-26 13:10:32,606 INFO [078_Chopin_Etude_Op25-11_B5-12_page_0]             KeyInter.java:1165 | No effective key before AlterInter#7362{(0.567) staff:3 NATURAL pitch:3.0}
2025-12-26 13:10:32,606 INFO [078_Chopin_Etude_Op25-11_B5-12_page_0]             KeyInter.java:1165 | No effective key before AlterInter#7364{(0.800) staff:3 NATURAL pitch:3.0}
2025-12-26 13:10:32,606 INFO [078_Chopin_Etude_Op25-11_B5-12_page_0]             KeyInter.java:1165 | No effective key before AlterInter#7405{(0.585) staff:3 NATURAL pitch:-3.0}
2025-12-26 13:10:32,619 INFO [078_Chopin_Etude_Op25-11_B5-12_page_0]        SymbolsLinker.java:258  | No chord linked to OctaveShiftInter#7458{(0.546) staff:6 OTTAVA BASSA}
2025-12-26 13:10:32,620 INFO [078_Chopin_Etude_Op25-11_B5-12_page_0]             KeyInter.java:1165 | No effective key before AlterInter#7451{(0.800) staff:6 NATURAL pitch:-3.0}
2025-12-26 13:10:32,654 INFO [078_Chopin_Etude_Op25-11_B5-12_page_0]       StepMonitoring.java:98   | RHYTHMS
2025-12-26 13:10:32,690 INFO [078_Chopin_Etude_Op25-11_B5-12_page_0]        MeasureRhythm.java:1045 | Measure{#1} No timeOffset for HeadChordInter#5714{(0.956/0.956) staff:1 slot#5 dur:1/4}
2025-12-26 13:10:32,691 INFO [078_Chopin_Etude_Op25-11_B5-12_page_0]   AbstractChordInter.java:627  | Measure{#1} No timeOffset for HeadChordInter#5714{(0.956/0.956) staff:1 slot#5 dur:1/4}
2025-12-26 13:10:32,692 INFO [078_Chopin_Etude_Op25-11_B5-12_page_0]   AbstractChordInter.java:627  | Measure{#1} No timeOffset for HeadChordInter#5766{(0.965/0.965) staff:2 slot#11 dur:1/16}
2025-12-26 13:10:32,693 INFO [078_Chopin_Etude_Op25-11_B5-12_page_0]        MeasureRhythm.java:1045 | Measure{#1} No timeOffset for HeadChordInter#5715{(0.951/0.951) staff:1 slot#7 dur:1/4}
2025-12-26 13:10:32,693 INFO [078_Chopin_Etude_Op25-11_B5-12_page_0]   AbstractChordInter.java:627  | Measure{#1} No timeOffset for HeadChordInter#5766{(0.965/0.965) staff:2 slot#11 dur:1/16}
2025-12-26 13:10:32,695 INFO [078_Chopin_Etude_Op25-11_B5-12_page_0]   AbstractChordInter.java:627  | Measure{#1} No timeOffset for HeadChordInter#5715{(0.951/0.951) staff:1 slot#7 dur:1/4}
2025-12-26 13:10:32,697 INFO [078_Chopin_Etude_Op25-11_B5-12_page_0]   AbstractChordInter.java:627  | Measure{#1} No timeOffset for HeadChordInter#5766{(0.965/0.965) staff:2 slot#11 dur:1/16}
2025-12-26 13:10:32,697 INFO [078_Chopin_Etude_Op25-11_B5-12_page_0]   AbstractChordInter.java:627  | Measure{#1} No timeOffset for HeadChordInter#5716{(0.957/0.957) staff:1 slot#8 dur:1/4}
2025-12-26 13:10:32,699 INFO [078_Chopin_Etude_Op25-11_B5-12_page_0]   AbstractChordInter.java:627  | Measure{#1} No timeOffset for HeadChordInter#5766{(0.965/0.965) staff:2 slot#11 dur:1/16}
2025-12-26 13:10:32,699 INFO [078_Chopin_Etude_Op25-11_B5-12_page_0]   AbstractChordInter.java:627  | Measure{#1} No timeOffset for HeadChordInter#5717{(0.951/0.951) staff:1 slot#9 dur:1/4}
2025-12-26 13:10:32,700 INFO [078_Chopin_Etude_Op25-11_B5-12_page_0]   AbstractChordInter.java:627  | Measure{#1} No timeOffset for HeadChordInter#5766{(0.965/0.965) staff:2 slot#11 dur:1/16}
2025-12-26 13:10:32,700 INFO [078_Chopin_Etude_Op25-11_B5-12_page_0]   AbstractChordInter.java:627  | Measure{#1} No timeOffset for HeadChordInter#5718{(0.958/0.958) staff:1 slot#10 dur:1/4}
2025-12-26 13:10:32,701 INFO [078_Chopin_Etude_Op25-11_B5-12_page_0]   AbstractChordInter.java:627  | Measure{#1} No timeOffset for HeadChordInter#5766{(0.965/0.965) staff:2 slot#11 dur:1/16}
2025-12-26 13:10:32,701 INFO [078_Chopin_Etude_Op25-11_B5-12_page_0]   AbstractChordInter.java:627  | Measure{#1} No timeOffset for HeadChordInter#5719{(0.947/0.947) staff:1 slot#11 dur:1/4}
2025-12-26 13:10:32,701 INFO [078_Chopin_Etude_Op25-11_B5-12_page_0]   AbstractChordInter.java:627  | Measure{#1} No timeOffset for HeadChordInter#5767{(0.959/0.959) slot#12 dur:1/4}
2025-12-26 13:10:32,702 INFO [078_Chopin_Etude_Op25-11_B5-12_page_0]   AbstractChordInter.java:627  | Measure{#1} No timeOffset for HeadChordInter#5725{(0.960/0.960) staff:1 slot#17 dur:1/16}
2025-12-26 13:10:32,702 INFO [078_Chopin_Etude_Op25-11_B5-12_page_0]                Voice.java:257  | Measure{#1} Voice{#1 excess:1/8} too long
2025-12-26 13:10:32,704 INFO [078_Chopin_Etude_Op25-11_B5-12_page_0]          StackRhythm.java:224  | S1 MeasureStack#1 no correct rhythm
2025-12-26 13:10:32,722 INFO [078_Chopin_Etude_Op25-11_B5-12_page_0]        MeasureRhythm.java:1045 | Measure{#2} No timeOffset for HeadChordInter#5738{(0.955/0.955) staff:1 slot#5 dur:1/4}
2025-12-26 13:10:32,723 INFO [078_Chopin_Etude_Op25-11_B5-12_page_0]   AbstractChordInter.java:627  | Measure{#2} No timeOffset for HeadChordInter#5738{(0.955/0.955) staff:1 slot#5 dur:1/4}
2025-12-26 13:10:32,724 INFO [078_Chopin_Etude_Op25-11_B5-12_page_0]   AbstractChordInter.java:627  | Measure{#2} No timeOffset for HeadChordInter#5770{(0.961/0.961) slot#6 dur:1/4}
2025-12-26 13:10:32,724 INFO [078_Chopin_Etude_Op25-11_B5-12_page_0]        MeasureRhythm.java:1045 | Measure{#2} No timeOffset for HeadChordInter#5741{(0.745/0.745) staff:1 slot#7 dur:1/4}
2025-12-26 13:10:32,725 INFO [078_Chopin_Etude_Op25-11_B5-12_page_0]   AbstractChordInter.java:627  | Measure{#2} No timeOffset for HeadChordInter#5739{(0.949/0.949) staff:1 slot#7 dur:1/4}
2025-12-26 13:10:32,732 INFO [078_Chopin_Etude_Op25-11_B5-12_page_0]   AbstractChordInter.java:627  | Measure{#2} No timeOffset for HeadChordInter#5741{(0.745/0.745) staff:1 slot#7 dur:1/4}
2025-12-26 13:10:32,735 INFO [078_Chopin_Etude_Op25-11_B5-12_page_0]   AbstractChordInter.java:627  | Measure{#2} No timeOffset for HeadChordInter#5742{(0.958/0.958) staff:1 slot#8 dur:1/4}
2025-12-26 13:10:32,736 INFO [078_Chopin_Etude_Op25-11_B5-12_page_0]   AbstractChordInter.java:627  | Measure{#2} No timeOffset for HeadChordInter#5741{(0.745/0.745) staff:1 slot#7 dur:1/4}
2025-12-26 13:10:32,736 INFO [078_Chopin_Etude_Op25-11_B5-12_page_0]        MeasureRhythm.java:1045 | Measure{#2} No timeOffset for HeadChordInter#5743{(0.950/0.950) staff:1 slot#9 dur:1/4}
2025-12-26 13:10:32,738 INFO [078_Chopin_Etude_Op25-11_B5-12_page_0]   AbstractChordInter.java:627  | Measure{#2} No timeOffset for HeadChordInter#5746{(0.956/0.956) staff:1 slot#9 dur:1/4}
2025-12-26 13:10:32,738 INFO [078_Chopin_Etude_Op25-11_B5-12_page_0]   AbstractChordInter.java:627  | Measure{#2} No timeOffset for HeadChordInter#5745{(0.752/0.752) staff:1 slot#9 dur:3/8}
2025-12-26 13:10:32,740 INFO [078_Chopin_Etude_Op25-11_B5-12_page_0]   AbstractChordInter.java:627  | Measure{#2} No timeOffset for HeadChordInter#5743{(0.950/0.950) staff:1 slot#9 dur:1/4}
2025-12-26 13:10:32,740 INFO [078_Chopin_Etude_Op25-11_B5-12_page_0]   AbstractChordInter.java:627  | Measure{#2} No timeOffset for HeadChordInter#5746{(0.956/0.956) staff:1 slot#9 dur:1/4}
2025-12-26 13:10:32,741 INFO [078_Chopin_Etude_Op25-11_B5-12_page_0]   AbstractChordInter.java:627  | Measure{#2} No timeOffset for HeadChordInter#5745{(0.752/0.752) staff:1 slot#9 dur:3/8}
2025-12-26 13:10:32,741 INFO [078_Chopin_Etude_Op25-11_B5-12_page_0]   AbstractChordInter.java:627  | Measure{#2} No timeOffset for HeadChordInter#5747{(0.948/0.948) staff:1 slot#10 dur:1/4}
2025-12-26 13:10:32,742 INFO [078_Chopin_Etude_Op25-11_B5-12_page_0]   AbstractChordInter.java:627  | Measure{#2} No timeOffset for HeadChordInter#5753{(0.960/0.960) staff:1 slot#16 dur:1/16}
2025-12-26 13:10:32,742 INFO [078_Chopin_Etude_Op25-11_B5-12_page_0]   AbstractChordInter.java:627  | Measure{#2} No timeOffset for HeadChordInter#5745{(0.752/0.752) staff:1 slot#9 dur:3/8}
2025-12-26 13:10:32,743 INFO [078_Chopin_Etude_Op25-11_B5-12_page_0]   AbstractChordInter.java:627  | Measure{#2} No timeOffset for HeadChordInter#5771{(0.915/0.915) slot#11 dur:1/2}
2025-12-26 13:10:32,744 INFO [078_Chopin_Etude_Op25-11_B5-12_page_0]   AbstractChordInter.java:627  | Measure{#2} No timeOffset for HeadChordInter#5753{(0.960/0.960) staff:1 slot#16 dur:1/16}
2025-12-26 13:10:32,744 INFO [078_Chopin_Etude_Op25-11_B5-12_page_0]   AbstractChordInter.java:627  | Measure{#2} No timeOffset for HeadChordInter#5755{(0.772/0.772) staff:1 slot#16 dur:1/4}
2025-12-26 13:10:32,745 INFO [078_Chopin_Etude_Op25-11_B5-12_page_0]   AbstractChordInter.java:627  | Measure{#2} No timeOffset for HeadChordInter#5771{(0.915/0.915) slot#11 dur:1/2}
2025-12-26 13:10:32,747 INFO [078_Chopin_Etude_Op25-11_B5-12_page_0]   AbstractChordInter.java:627  | Measure{#2} No timeOffset for HeadChordInter#5763{(0.949/0.949) staff:1 slot#22 dur:1/16}
2025-12-26 13:10:32,747 INFO [078_Chopin_Etude_Op25-11_B5-12_page_0]   AbstractChordInter.java:627  | Measure{#2} No timeOffset for HeadChordInter#5755{(0.772/0.772) staff:1 slot#16 dur:1/4}
2025-12-26 13:10:32,748 INFO [078_Chopin_Etude_Op25-11_B5-12_page_0]   AbstractChordInter.java:627  | Measure{#2} No timeOffset for HeadChordInter#5771{(0.915/0.915) slot#11 dur:1/2}
2025-12-26 13:10:32,748 INFO [078_Chopin_Etude_Op25-11_B5-12_page_0]                Voice.java:257  | Measure{#2} Voice{#2 excess:1/8} too long
2025-12-26 13:10:32,749 INFO [078_Chopin_Etude_Op25-11_B5-12_page_0]          StackRhythm.java:224  | S1 MeasureStack#2 no correct rhythm
2025-12-26 13:10:32,760 INFO [078_Chopin_Etude_Op25-11_B5-12_page_0]        MeasureRhythm.java:1045 | Measure{#3} No timeOffset for HeadChordInter#5792{(0.947/0.947) staff:3 slot#20 dur:1/16}
2025-12-26 13:10:32,762 INFO [078_Chopin_Etude_Op25-11_B5-12_page_0]        MeasureRhythm.java:1045 | Measure{#3} No timeOffset for HeadChordInter#5830{(0.961/0.961) staff:4 slot#20 dur:1/4}
2025-12-26 13:10:32,763 INFO [078_Chopin_Etude_Op25-11_B5-12_page_0]                Voice.java:257  | Measure{#3} Voice{#1 excess:1/8} too long
2025-12-26 13:10:32,765 INFO [078_Chopin_Etude_Op25-11_B5-12_page_0]          StackRhythm.java:224  | S2 MeasureStack#3 no correct rhythm
2025-12-26 13:10:32,775 INFO [078_Chopin_Etude_Op25-11_B5-12_page_0]        MeasureRhythm.java:1045 | Measure{#4} No timeOffset for HeadChordInter#5820{(0.970/0.970) staff:3 slot#19 dur:1/16}
2025-12-26 13:10:32,776 INFO [078_Chopin_Etude_Op25-11_B5-12_page_0]                Voice.java:257  | Measure{#4} Voice{#7 excess:5/32} too long
2025-12-26 13:10:32,776 INFO [078_Chopin_Etude_Op25-11_B5-12_page_0]                Voice.java:257  | Measure{#4} Voice{#2 excess:3/32} too long
2025-12-26 13:10:32,776 INFO [078_Chopin_Etude_Op25-11_B5-12_page_0]                Voice.java:257  | Measure{#4} Voice{#8 excess:7/32} too long
2025-12-26 13:10:32,776 INFO [078_Chopin_Etude_Op25-11_B5-12_page_0]                Voice.java:257  | Measure{#4} Voice{#3 excess:9/32} too long
2025-12-26 13:10:32,778 INFO [078_Chopin_Etude_Op25-11_B5-12_page_0]          StackRhythm.java:224  | S2 MeasureStack#4 no correct rhythm
2025-12-26 13:10:32,786 INFO [078_Chopin_Etude_Op25-11_B5-12_page_0]        MeasureRhythm.java:1045 | Measure{#5} No timeOffset for HeadChordInter#5852{(0.949/0.949) staff:5 slot#19 dur:1/16}
2025-12-26 13:10:32,787 INFO [078_Chopin_Etude_Op25-11_B5-12_page_0]        MeasureRhythm.java:1045 | Measure{#5} No timeOffset for HeadChordInter#5886{(0.966/0.966) staff:6 slot#19 dur:1/4}
2025-12-26 13:10:32,788 INFO [078_Chopin_Etude_Op25-11_B5-12_page_0]          StackRhythm.java:224  | S3 MeasureStack#5 no correct rhythm
2025-12-26 13:10:32,795 INFO [078_Chopin_Etude_Op25-11_B5-12_page_0]        MeasureRhythm.java:1045 | Measure{#6} No timeOffset for HeadChordInter#5876{(0.949/0.949) staff:5 slot#19 dur:1/16}
2025-12-26 13:10:32,795 INFO [078_Chopin_Etude_Op25-11_B5-12_page_0]        MeasureRhythm.java:1045 | Measure{#6} No timeOffset for HeadChordInter#5892{(0.966/0.966) staff:6 slot#19 dur:1/4}
2025-12-26 13:10:32,796 INFO [078_Chopin_Etude_Op25-11_B5-12_page_0]                Voice.java:257  | Measure{#6} Voice{#1 excess:1/8} too long
2025-12-26 13:10:32,796 INFO [078_Chopin_Etude_Op25-11_B5-12_page_0]          StackRhythm.java:224  | S3 MeasureStack#6 no correct rhythm
2025-12-26 13:10:32,803 INFO [078_Chopin_Etude_Op25-11_B5-12_page_0]        MeasureRhythm.java:1277 | Measure{#7} Time inconsistency in {11/24=[HeadChordInter#5933{(0.939/0.939) staff:8 slot#9 off:11/24 dur:1/12}], 1/2=[HeadChordInter#5901{(0.966/0.966) staff:7 slot#9 off:1/2 dur:1/16}]}
2025-12-26 13:10:32,804 INFO [078_Chopin_Etude_Op25-11_B5-12_page_0]        MeasureRhythm.java:1277 | Measure{#7} Time inconsistency in {13/24=[HeadChordInter#5934{(0.938/0.938) staff:8 slot#11 off:13/24 dur:1/12}], 5/8=[HeadChordInter#5903{(0.961/0.961) staff:7 slot#11 off:5/8 dur:1/16}]}
2025-12-26 13:10:32,806 INFO [078_Chopin_Etude_Op25-11_B5-12_page_0]        MeasureRhythm.java:1045 | Measure{#7} No timeOffset for HeadChordInter#5911{(0.946/0.946) staff:7 slot#19 dur:1/16}
2025-12-26 13:10:32,806 INFO [078_Chopin_Etude_Op25-11_B5-12_page_0]        MeasureRhythm.java:1045 | Measure{#7} No timeOffset for HeadChordInter#5936{(0.965/0.965) staff:8 slot#19 dur:1/4}
2025-12-26 13:10:32,807 INFO [078_Chopin_Etude_Op25-11_B5-12_page_0]                Voice.java:257  | Measure{#7} Voice{#1 excess:1/8} too long
2025-12-26 13:10:32,807 INFO [078_Chopin_Etude_Op25-11_B5-12_page_0]          StackRhythm.java:224  | S4 MeasureStack#7 no correct rhythm
2025-12-26 13:10:32,812 INFO [078_Chopin_Etude_Op25-11_B5-12_page_0]        MeasureRhythm.java:1277 | Measure{#8} Time inconsistency in {11/24=[HeadChordInter#5939{(0.963/0.963) staff:8 slot#9 off:11/24 dur:1/12}], 1/2=[HeadChordInter#5925{(0.967/0.967) staff:7 slot#9 off:1/2 dur:1/16}]}
2025-12-26 13:10:32,814 INFO [078_Chopin_Etude_Op25-11_B5-12_page_0]        MeasureRhythm.java:1277 | Measure{#8} Time inconsistency in {13/24=[HeadChordInter#5940{(0.968/0.968) staff:8 slot#11 off:13/24 dur:1/12}], 5/8=[HeadChordInter#5927{(0.961/0.961) staff:7 slot#11 off:5/8 dur:1/16}]}
2025-12-26 13:10:32,815 INFO [078_Chopin_Etude_Op25-11_B5-12_page_0]        MeasureRhythm.java:1045 | Measure{#8} No timeOffset for RestChordInter#7539{(0.650/0.650) staff:7 slot#14 dur:1/4}
2025-12-26 13:10:32,815 INFO [078_Chopin_Etude_Op25-11_B5-12_page_0]        MeasureRhythm.java:1045 | Measure{#8} No timeOffset for RestChordInter#7540{(0.585/0.585) staff:8 slot#14 dur:1/4}
2025-12-26 13:10:32,816 INFO [078_Chopin_Etude_Op25-11_B5-12_page_0]          StackRhythm.java:224  | S4 MeasureStack#8 no correct rhythm
2025-12-26 13:10:32,816 INFO [078_Chopin_Etude_Op25-11_B5-12_page_0]       StepMonitoring.java:98   | PAGE
2025-12-26 13:10:32,823 INFO [078_Chopin_Etude_Op25-11_B5-12_page_0]                Voice.java:257  | Measure{#1} Voice{#1 excess:1/8} too long
2025-12-26 13:10:32,823 INFO [078_Chopin_Etude_Op25-11_B5-12_page_0]                Voice.java:257  | Measure{#2} Voice{#2 excess:1/8} too long
2025-12-26 13:10:32,824 INFO [078_Chopin_Etude_Op25-11_B5-12_page_0]                Voice.java:257  | Measure{#3} Voice{#1 excess:1/8} too long
2025-12-26 13:10:32,824 INFO [078_Chopin_Etude_Op25-11_B5-12_page_0]                Voice.java:257  | Measure{#4} Voice{#2 excess:3/32} too long
2025-12-26 13:10:32,824 INFO [078_Chopin_Etude_Op25-11_B5-12_page_0]                Voice.java:257  | Measure{#4} Voice{#3 excess:9/32} too long
2025-12-26 13:10:32,824 INFO [078_Chopin_Etude_Op25-11_B5-12_page_0]                Voice.java:257  | Measure{#4} Voice{#7 excess:5/32} too long
2025-12-26 13:10:32,824 INFO [078_Chopin_Etude_Op25-11_B5-12_page_0]                Voice.java:257  | Measure{#4} Voice{#8 excess:7/32} too long
2025-12-26 13:10:32,825 INFO [078_Chopin_Etude_Op25-11_B5-12_page_0]                Voice.java:257  | Measure{#6} Voice{#1 excess:1/8} too long
2025-12-26 13:10:32,825 INFO [078_Chopin_Etude_Op25-11_B5-12_page_0]                Voice.java:257  | Measure{#7} Voice{#1 excess:1/8} too long
2025-12-26 13:10:32,830 INFO [078_Chopin_Etude_Op25-11_B5-12_page_0]                 Book.java:2596 | Book{078_Chopin_Etude_Op25-11_B5-12_page_0} storing
2025-12-26 13:10:32,875 INFO [078_Chopin_Etude_Op25-11_B5-12_page_0]                 Book.java:2577 | Stored /book.xml
2025-12-26 13:10:32,955 INFO [078_Chopin_Etude_Op25-11_B5-12_page_0]           DataHolder.java:348  | Stored /sheet#1/BINARY.png
2025-12-26 13:10:33,744 INFO [078_Chopin_Etude_Op25-11_B5-12_page_0]                Sheet.java:1583 | Stored /sheet#1/sheet#1.xml
2025-12-26 13:10:33,745 INFO [078_Chopin_Etude_Op25-11_B5-12_page_0]                 Book.java:2537 | Book stored as C:\Users\Elliot\Downloads\Audiveris\scores\078_Chopin_Etude_Op25-11_B5-12_page_0.omr
2025-12-26 13:10:33,750 INFO [078_Chopin_Etude_Op25-11_B5-12_page_0]            SheetStub.java:1660 | Disposed sheet
2025-12-26 13:10:33,790 INFO [078_Chopin_Etude_Op25-11_B5-12_page_0]                 Book.java:2064 | End of Stub#1
2025-12-26 13:10:33,791 INFO [078_Chopin_Etude_Op25-11_B5-12_page_0]                 Book.java:2071 | Book processed.
2025-12-26 13:10:34,168 INFO [078_Chopin_Etude_Op25-11_B5-12_page_0]            SheetStub.java:997  | Loaded /sheet#1/sheet#1.xml
2025-12-26 13:10:34,569 INFO [078_Chopin_Etude_Op25-11_B5-12_page_0]      PartwiseBuilder.java:2688 | Exporting sheet(s): [#1]
2025-12-26 13:10:34,686 INFO [078_Chopin_Etude_Op25-11_B5-12_page_0]        ScoreExporter.java:164  | Score 078_Chopin_Etude_Op25-11_B5-12_page_0 exported to C:\Users\Elliot\Downloads\Audiveris\scores\078_Chopin_Etude_Op25-11_B5-12_page_0.mxl
2025-12-26 13:10:34,733 INFO [078_Chopin_Etude_Op25-11_B5-12_page_0]                Score.java:181  | Closing {Score 1}
