2025-12-26 13:10:36,979 INFO [079_Chopin_Prelude_Op28-7_page_0]                 Book.java:560  | 1 sheet in C:\Users\Elliot\Downloads\Audiveris\scores\079_Chopin_Prelude_Op28-7_page_0.jpg
2025-12-26 13:10:37,107 INFO []                 Book.java:2577 | Stored /book.xml
2025-12-26 13:10:37,108 INFO []                 Book.java:2537 | Book stored as C:\Users\Elliot\Downloads\Audiveris\scores\079_Chopin_Prelude_Op28-7_page_0.omr
2025-12-26 13:10:37,113 INFO []                 Book.java:1929 | Book reaching PAGE on sheets:[#1]
2025-12-26 13:10:37,120 INFO [079_Chopin_Prelude_Op28-7_page_0]       StepMonitoring.java:98   | LOAD
2025-12-26 13:10:37,255 INFO [079_Chopin_Prelude_Op28-7_page_0]            SheetStub.java:1273 | Loaded image #1 1653x2339 from C:\Users\Elliot\Downloads\Audiveris\scores\079_Chopin_Prelude_Op28-7_page_0.jpg
2025-12-26 13:10:37,260 INFO [079_Chopin_Prelude_Op28-7_page_0]            ImageUtil.java:124  | Converting max RGB to gray
2025-12-26 13:10:37,396 INFO [079_Chopin_Prelude_Op28-7_page_0]       StepMonitoring.java:98   | BINARY
2025-12-26 13:10:37,702 INFO [079_Chopin_Prelude_Op28-7_page_0]       StepMonitoring.java:98   | SCALE
2025-12-26 13:10:37,731 INFO [079_Chopin_Prelude_Op28-7_page_0]         ScaleBuilder.java:241  | Beam  guessed height:  5 -- 0.50 of 10 interline
2025-12-26 13:10:37,733 INFO [079_Chopin_Prelude_Op28-7_page_0]         ScaleBuilder.java:264  | Beam measured height:  7 -- 0.57 of [3..10] range at 142% of needed quorum
2025-12-26 13:10:37,733 INFO [079_Chopin_Prelude_Op28-7_page_0]            ScaleStep.java:65   | Scale{ interline(11,12,12) line(1,1,3) beam(7)}
2025-12-26 13:10:37,735 INFO [079_Chopin_Prelude_Op28-7_page_0]       StepMonitoring.java:98   | GRID
2025-12-26 13:10:38,133 INFO [079_Chopin_Prelude_Op28-7_page_0]       LinesRetriever.java:1500 | Global slope: 0.00000
2025-12-26 13:10:38,183 INFO [079_Chopin_Prelude_Op28-7_page_0]    ClustersRetriever.java:326  | Retrieved raw line clusters: 8 of sizes [5] with interline(11,12,12)
2025-12-26 13:10:38,311 INFO [079_Chopin_Prelude_Op28-7_page_0]            PeakGraph.java:310  | Systems: #1[1, 2] #2[3, 4] #3[5, 6] #4[7, 8]
2025-12-26 13:10:38,538 INFO [079_Chopin_Prelude_Op28-7_page_0]        SystemManager.java:134  | Indentation detected for system #1
2025-12-26 13:10:38,540 INFO [079_Chopin_Prelude_Op28-7_page_0]        SystemManager.java:779  | 1 part along 4 systems
2025-12-26 13:10:38,541 INFO [079_Chopin_Prelude_Op28-7_page_0]                 Book.java:543  | Created scores: [{Score 1}]
2025-12-26 13:10:38,542 INFO [079_Chopin_Prelude_Op28-7_page_0]       StepMonitoring.java:98   | HEADERS
2025-12-26 13:10:38,855 INFO []      BasicClassifier.java:286  | Classifier loaded XML norms.
2025-12-26 13:10:38,859 INFO []   AbstractClassifier.java:396  | Classifier data loaded from default uri jar:file:/C:/Users/Elliot/Downloads/Audiveris/app/audiveris.jar!/res/basic-classifier.zip
2025-12-26 13:10:39,701 INFO [079_Chopin_Prelude_Op28-7_page_0]       StepMonitoring.java:98   | STEM_SEEDS
2025-12-26 13:10:39,745 INFO [079_Chopin_Prelude_Op28-7_page_0]        StemSeedsStep.java:86   | stem(1 max:3)
2025-12-26 13:10:39,796 INFO [079_Chopin_Prelude_Op28-7_page_0]       StepMonitoring.java:98   | BEAMS
2025-12-26 13:10:40,883 INFO [079_Chopin_Prelude_Op28-7_page_0]       StepMonitoring.java:98   | LEDGERS
2025-12-26 13:10:41,046 INFO [079_Chopin_Prelude_Op28-7_page_0]       StepMonitoring.java:98   | HEADS
2025-12-26 13:10:42,311 INFO [079_Chopin_Prelude_Op28-7_page_0]        HeadSeedTally.java:235  | Scale information: HeadSeeds{NOTEHEAD_VOID[L:0.1,R:0.4] NOTEHEAD_BLACK[L:-0.0,R:0.5]}
2025-12-26 13:10:42,313 INFO [079_Chopin_Prelude_Op28-7_page_0]       StepMonitoring.java:98   | STEMS
2025-12-26 13:10:42,807 INFO [079_Chopin_Prelude_Op28-7_page_0]       StepMonitoring.java:98   | REDUCTION
2025-12-26 13:10:42,945 INFO [079_Chopin_Prelude_Op28-7_page_0]        ReductionStep.java:105  | Stems free length median value: 41 pixels, 3.4 interlines
2025-12-26 13:10:42,949 INFO [079_Chopin_Prelude_Op28-7_page_0]       StepMonitoring.java:98   | CUE_BEAMS
2025-12-26 13:10:42,950 INFO [079_Chopin_Prelude_Op28-7_page_0]         CueBeamsStep.java:81   | Step CUE_BEAMS is skipped because small heads switch is off
2025-12-26 13:10:42,951 INFO [079_Chopin_Prelude_Op28-7_page_0]       StepMonitoring.java:98   | TEXTS
2025-12-26 13:10:43,021 WARN [079_Chopin_Prelude_Op28-7_page_0]         TesseractOCR.java:335  | The collection of supported languages is empty
2025-12-26 13:10:43,021 INFO [079_Chopin_Prelude_Op28-7_page_0]              OcrUtil.java:106  | Missing support for 'eng' language(s)
2025-12-26 13:10:43,032 INFO [079_Chopin_Prelude_Op28-7_page_0]       StepMonitoring.java:98   | MEASURES
2025-12-26 13:10:43,047 INFO [079_Chopin_Prelude_Op28-7_page_0]                 Page.java:307  | 17 raw measures: [5 in system#1, 4 in system#2, 4 in system#3, 4 in system#4]
2025-12-26 13:10:43,048 INFO [079_Chopin_Prelude_Op28-7_page_0]       StepMonitoring.java:98   | CHORDS
2025-12-26 13:10:43,077 INFO [079_Chopin_Prelude_Op28-7_page_0]       StepMonitoring.java:98   | CURVES
2025-12-26 13:10:43,702 INFO [079_Chopin_Prelude_Op28-7_page_0]         SlursBuilder.java:240  | Slurs: 19
2025-12-26 13:10:43,720 INFO [079_Chopin_Prelude_Op28-7_page_0]      SegmentsBuilder.java:155  | Segments: 3
2025-12-26 13:10:43,730 INFO [079_Chopin_Prelude_Op28-7_page_0]       StepMonitoring.java:98   | SYMBOLS
2025-12-26 13:10:44,100 INFO [079_Chopin_Prelude_Op28-7_page_0]       StepMonitoring.java:98   | LINKS
2025-12-26 13:10:44,150 INFO [079_Chopin_Prelude_Op28-7_page_0]       StepMonitoring.java:98   | RHYTHMS
2025-12-26 13:10:44,176 INFO [079_Chopin_Prelude_Op28-7_page_0]        MeasureRhythm.java:1045 | Measure{#2} No timeOffset for HeadChordInter#3143{(0.961/0.961) staff:1 slot#4 dur:1/4}
2025-12-26 13:10:44,177 INFO [079_Chopin_Prelude_Op28-7_page_0]        MeasureRhythm.java:1045 | Measure{#2} No timeOffset for HeadChordInter#3154{(0.967/0.967) staff:2 slot#4 dur:1/4}
2025-12-26 13:10:44,178 INFO [079_Chopin_Prelude_Op28-7_page_0]                Voice.java:257  | Measure{#2} Voice{#1 excess:1/8} too long
2025-12-26 13:10:44,178 INFO [079_Chopin_Prelude_Op28-7_page_0]                Voice.java:257  | Measure{#2} Voice{#6 excess:1/8} too long
2025-12-26 13:10:44,178 INFO [079_Chopin_Prelude_Op28-7_page_0]          StackRhythm.java:224  | S1 MeasureStack#2 no correct rhythm
2025-12-26 13:10:44,211 INFO [079_Chopin_Prelude_Op28-7_page_0]       StepMonitoring.java:98   | PAGE
2025-12-26 13:10:44,217 INFO [079_Chopin_Prelude_Op28-7_page_0]                Voice.java:257  | Measure{#2} Voice{#1 excess:1/8} too long
2025-12-26 13:10:44,217 INFO [079_Chopin_Prelude_Op28-7_page_0]                Voice.java:257  | Measure{#2} Voice{#6 excess:1/8} too long
2025-12-26 13:10:44,224 INFO [079_Chopin_Prelude_Op28-7_page_0]                 Book.java:2596 | Book{079_Chopin_Prelude_Op28-7_page_0} storing
2025-12-26 13:10:44,271 INFO [079_Chopin_Prelude_Op28-7_page_0]                 Book.java:2577 | Stored /book.xml
2025-12-26 13:10:44,326 INFO [079_Chopin_Prelude_Op28-7_page_0]           DataHolder.java:348  | Stored /sheet#1/BINARY.png
2025-12-26 13:10:44,898 INFO [079_Chopin_Prelude_Op28-7_page_0]                Sheet.java:1583 | Stored /sheet#1/sheet#1.xml
2025-12-26 13:10:44,898 INFO [079_Chopin_Prelude_Op28-7_page_0]                 Book.java:2537 | Book stored as C:\Users\Elliot\Downloads\Audiveris\scores\079_Chopin_Prelude_Op28-7_page_0.omr
2025-12-26 13:10:44,905 INFO [079_Chopin_Prelude_Op28-7_page_0]            SheetStub.java:1660 | Disposed sheet
2025-12-26 13:10:44,936 INFO [079_Chopin_Prelude_Op28-7_page_0]                 Book.java:2064 | End of Stub#1
2025-12-26 13:10:44,937 INFO [079_Chopin_Prelude_Op28-7_page_0]                 Book.java:2071 | Book processed.
2025-12-26 13:10:45,228 INFO [079_Chopin_Prelude_Op28-7_page_0]            SheetStub.java:997  | Loaded /sheet#1/sheet#1.xml
2025-12-26 13:10:45,659 INFO [079_Chopin_Prelude_Op28-7_page_0]      PartwiseBuilder.java:2688 | Exporting sheet(s): [#1]
2025-12-26 13:10:45,765 INFO [079_Chopin_Prelude_Op28-7_page_0]        ScoreExporter.java:164  | Score 079_Chopin_Prelude_Op28-7_page_0 exported to C:\Users\Elliot\Downloads\Audiveris\scores\079_Chopin_Prelude_Op28-7_page_0.mxl
2025-12-26 13:10:45,807 INFO [079_Chopin_Prelude_Op28-7_page_0]                Score.java:181  | Closing {Score 1}
