2025-12-26 13:10:47,875 INFO [080_Chopin_Prelude_Op28-19_B0-32_page_0]                 Book.java:560  | 1 sheet in C:\Users\Elliot\Downloads\Audiveris\scores\080_Chopin_Prelude_Op28-19_B0-32_page_0.jpg
2025-12-26 13:10:48,024 INFO []                 Book.java:2577 | Stored /book.xml
2025-12-26 13:10:48,025 INFO []                 Book.java:2537 | Book stored as C:\Users\Elliot\Downloads\Audiveris\scores\080_Chopin_Prelude_Op28-19_B0-32_page_0.omr
2025-12-26 13:10:48,031 INFO []                 Book.java:1929 | Book reaching PAGE on sheets:[#1]
2025-12-26 13:10:48,039 INFO [080_Chopin_Prelude_Op28-19_B0-32_page_0]       StepMonitoring.java:98   | LOAD
2025-12-26 13:10:48,166 INFO [080_Chopin_Prelude_Op28-19_B0-32_page_0]            SheetStub.java:1273 | Loaded image #1 1653x2339 from C:\Users\Elliot\Downloads\Audiveris\scores\080_Chopin_Prelude_Op28-19_B0-32_page_0.jpg
2025-12-26 13:10:48,169 INFO [080_Chopin_Prelude_Op28-19_B0-32_page_0]            ImageUtil.java:124  | Converting max RGB to gray
2025-12-26 13:10:48,322 INFO [080_Chopin_Prelude_Op28-19_B0-32_page_0]       StepMonitoring.java:98   | BINARY
2025-12-26 13:10:48,599 INFO [080_Chopin_Prelude_Op28-19_B0-32_page_0]       StepMonitoring.java:98   | SCALE
2025-12-26 13:10:48,620 INFO [080_Chopin_Prelude_Op28-19_B0-32_page_0]         ScaleBuilder.java:241  | Beam  guessed height:  4 -- 0.50 of 9 interline
2025-12-26 13:10:48,621 INFO [080_Chopin_Prelude_Op28-19_B0-32_page_0]         ScaleBuilder.java:264  | Beam measured height:  6 -- 0.50 of [3..9] range at 483% of needed quorum
2025-12-26 13:10:48,622 INFO [080_Chopin_Prelude_Op28-19_B0-32_page_0]            ScaleStep.java:65   | Scale{ interline(11,11,12) line(1,1,2) beam(6)}
2025-12-26 13:10:48,623 INFO [080_Chopin_Prelude_Op28-19_B0-32_page_0]       StepMonitoring.java:98   | GRID
2025-12-26 13:10:49,181 INFO [080_Chopin_Prelude_Op28-19_B0-32_page_0]       LinesRetriever.java:1500 | Global slope: 0.00000
2025-12-26 13:10:49,248 INFO [080_Chopin_Prelude_Op28-19_B0-32_page_0]    ClustersRetriever.java:326  | Retrieved raw line clusters: 10 of sizes [5] with interline(11,11,12)
2025-12-26 13:10:49,430 INFO [080_Chopin_Prelude_Op28-19_B0-32_page_0]            PeakGraph.java:310  | Systems: #1[1, 2] #2[3, 4] #3[5, 6] #4[7, 8] #5[9, 10]
2025-12-26 13:10:49,701 INFO [080_Chopin_Prelude_Op28-19_B0-32_page_0]        SystemManager.java:779  | 1 part along 5 systems
2025-12-26 13:10:49,702 INFO [080_Chopin_Prelude_Op28-19_B0-32_page_0]                 Book.java:543  | Created scores: [{Score 1}]
2025-12-26 13:10:49,702 INFO [080_Chopin_Prelude_Op28-19_B0-32_page_0]       StepMonitoring.java:98   | HEADERS
2025-12-26 13:10:50,041 INFO [080_Chopin_Prelude_Op28-19_B0-32_page_0]      BasicClassifier.java:286  | Classifier loaded XML norms.
2025-12-26 13:10:50,045 INFO [080_Chopin_Prelude_Op28-19_B0-32_page_0]   AbstractClassifier.java:396  | Classifier data loaded from default uri jar:file:/C:/Users/Elliot/Downloads/Audiveris/app/audiveris.jar!/res/basic-classifier.zip
2025-12-26 13:10:50,782 INFO [080_Chopin_Prelude_Op28-19_B0-32_page_0]       StepMonitoring.java:98   | STEM_SEEDS
2025-12-26 13:10:50,827 INFO [080_Chopin_Prelude_Op28-19_B0-32_page_0]        StemSeedsStep.java:86   | stem(1 max:2)
2025-12-26 13:10:50,883 INFO [080_Chopin_Prelude_Op28-19_B0-32_page_0]       StepMonitoring.java:98   | BEAMS
2025-12-26 13:10:52,124 INFO [080_Chopin_Prelude_Op28-19_B0-32_page_0]       StepMonitoring.java:98   | LEDGERS
2025-12-26 13:10:52,553 INFO [080_Chopin_Prelude_Op28-19_B0-32_page_0]       StepMonitoring.java:98   | HEADS
2025-12-26 13:10:54,470 INFO [080_Chopin_Prelude_Op28-19_B0-32_page_0]        HeadSeedTally.java:235  | Scale information: HeadSeeds{NOTEHEAD_BLACK[L:0.2,R:0.5]}
2025-12-26 13:10:54,474 INFO [080_Chopin_Prelude_Op28-19_B0-32_page_0]       StepMonitoring.java:98   | STEMS
2025-12-26 13:10:55,756 INFO [080_Chopin_Prelude_Op28-19_B0-32_page_0]       StepMonitoring.java:98   | REDUCTION
2025-12-26 13:10:56,018 INFO [080_Chopin_Prelude_Op28-19_B0-32_page_0]        ReductionStep.java:105  | Stems free length median value: 41 pixels, 3.7 interlines
2025-12-26 13:10:56,025 INFO [080_Chopin_Prelude_Op28-19_B0-32_page_0]       StepMonitoring.java:98   | CUE_BEAMS
2025-12-26 13:10:56,026 INFO [080_Chopin_Prelude_Op28-19_B0-32_page_0]         CueBeamsStep.java:81   | Step CUE_BEAMS is skipped because small heads switch is off
2025-12-26 13:10:56,026 INFO [080_Chopin_Prelude_Op28-19_B0-32_page_0]       StepMonitoring.java:98   | TEXTS
2025-12-26 13:10:56,191 WARN [080_Chopin_Prelude_Op28-19_B0-32_page_0]         TesseractOCR.java:335  | The collection of supported languages is empty
2025-12-26 13:10:56,193 INFO [080_Chopin_Prelude_Op28-19_B0-32_page_0]              OcrUtil.java:106  | Missing support for 'eng' language(s)
2025-12-26 13:10:56,205 INFO [080_Chopin_Prelude_Op28-19_B0-32_page_0]       StepMonitoring.java:98   | MEASURES
2025-12-26 13:10:56,217 INFO [080_Chopin_Prelude_Op28-19_B0-32_page_0]                 Page.java:307  | 20 raw measures: [4 in system#1, 4 in system#2, 4 in system#3, 4 in system#4, 4 in system#5]
2025-12-26 13:10:56,218 INFO [080_Chopin_Prelude_Op28-19_B0-32_page_0]       StepMonitoring.java:98   | CHORDS
2025-12-26 13:10:56,249 INFO [080_Chopin_Prelude_Op28-19_B0-32_page_0]       StepMonitoring.java:98   | CURVES
2025-12-26 13:10:57,471 INFO [080_Chopin_Prelude_Op28-19_B0-32_page_0]         SlursBuilder.java:240  | Slurs: 3
2025-12-26 13:10:57,588 INFO [080_Chopin_Prelude_Op28-19_B0-32_page_0]      SegmentsBuilder.java:155  | Segments: 51
2025-12-26 13:10:57,619 INFO [080_Chopin_Prelude_Op28-19_B0-32_page_0]       StepMonitoring.java:98   | SYMBOLS
2025-12-26 13:10:58,146 INFO [080_Chopin_Prelude_Op28-19_B0-32_page_0]       StepMonitoring.java:98   | LINKS
2025-12-26 13:10:58,158 INFO [080_Chopin_Prelude_Op28-19_B0-32_page_0]        SymbolsLinker.java:258  | No chord linked to OctaveShiftInter#8234{(0.735) staff:1 OTTAVA ALTA}
2025-12-26 13:10:58,253 INFO [080_Chopin_Prelude_Op28-19_B0-32_page_0]       StepMonitoring.java:98   | RHYTHMS
2025-12-26 13:10:58,287 INFO [080_Chopin_Prelude_Op28-19_B0-32_page_0]        MeasureRhythm.java:1277 | Measure{#2} Time inconsistency in {1/12=[HeadChordInter#7082{(0.967/0.967) staff:1 slot#2 off:1/12 dur:1/12}], 1/8=[HeadChordInter#7109{(0.943/0.943) staff:2 slot#2 off:1/8 dur:1/8}]}
2025-12-26 13:10:58,289 INFO [080_Chopin_Prelude_Op28-19_B0-32_page_0]        MeasureRhythm.java:1277 | Measure{#2} Time inconsistency in {1/6=[HeadChordInter#7083{(0.953/0.953) staff:1 slot#3 off:1/6 dur:1/12}], 1/4=[HeadChordInter#7110{(0.962/0.962) staff:2 slot#3 off:1/4 dur:1/8}]}
2025-12-26 13:10:58,296 INFO [080_Chopin_Prelude_Op28-19_B0-32_page_0]        MeasureRhythm.java:1277 | Measure{#2} Time inconsistency in {1/3=[HeadChordInter#7085{(0.955/0.955) staff:1 slot#5 off:1/3 dur:1/12}], 3/8=[HeadChordInter#7112{(0.930/0.930) staff:2 slot#5 off:3/8 dur:1/8}]}
2025-12-26 13:10:58,297 INFO [080_Chopin_Prelude_Op28-19_B0-32_page_0]        MeasureRhythm.java:1277 | Measure{#2} Time inconsistency in {5/12=[HeadChordInter#7086{(0.938/0.938) staff:1 slot#6 off:5/12 dur:1/12}], 1/2=[HeadChordInter#7113{(0.956/0.956) staff:2 slot#6 off:1/2 dur:1/8}]}
2025-12-26 13:10:58,299 INFO [080_Chopin_Prelude_Op28-19_B0-32_page_0]        MeasureRhythm.java:1277 | Measure{#2} Time inconsistency in {11/24=[HeadChordInter#7088{(0.953/0.953) staff:1 slot#8 off:11/24 dur:1/12}], 1/2=[HeadChordInter#7115{(0.931/0.931) staff:2 slot#8 off:1/2 dur:1/8}]}
2025-12-26 13:10:58,300 INFO [080_Chopin_Prelude_Op28-19_B0-32_page_0]        MeasureRhythm.java:1277 | Measure{#2} Time inconsistency in {13/24=[HeadChordInter#7089{(0.948/0.948) staff:1 slot#9 off:13/24 dur:1/12}], 5/8=[HeadChordInter#7116{(0.956/0.956) staff:2 slot#9 off:5/8 dur:1/8}]}
2025-12-26 13:10:58,309 INFO [080_Chopin_Prelude_Op28-19_B0-32_page_0]        MeasureRhythm.java:1045 | Measure{#3} No timeOffset for HeadChordInter#7096{(0.967/0.967) staff:1 slot#7 dur:1/8}
2025-12-26 13:10:58,312 INFO [080_Chopin_Prelude_Op28-19_B0-32_page_0]        MeasureRhythm.java:1045 | Measure{#3} No timeOffset for HeadChordInter#7123{(0.951/0.951) staff:2 slot#7 dur:1/8}
2025-12-26 13:10:58,313 INFO [080_Chopin_Prelude_Op28-19_B0-32_page_0]          StackRhythm.java:224  | S1 MeasureStack#3 no correct rhythm
2025-12-26 13:10:58,320 INFO [080_Chopin_Prelude_Op28-19_B0-32_page_0]        MeasureRhythm.java:1045 | Measure{#4} No timeOffset for HeadChordInter#7105{(0.965/0.965) staff:1 slot#7 dur:1/8}
2025-12-26 13:10:58,321 INFO [080_Chopin_Prelude_Op28-19_B0-32_page_0]        MeasureRhythm.java:1045 | Measure{#4} No timeOffset for HeadChordInter#7132{(0.945/0.945) staff:2 slot#7 dur:1/8}
2025-12-26 13:10:58,322 INFO [080_Chopin_Prelude_Op28-19_B0-32_page_0]          StackRhythm.java:224  | S1 MeasureStack#4 no correct rhythm
2025-12-26 13:10:58,329 INFO [080_Chopin_Prelude_Op28-19_B0-32_page_0]        MeasureRhythm.java:1045 | Measure{#5} No timeOffset for HeadChordInter#7141{(0.966/0.966) staff:3 slot#7 dur:1/8}
2025-12-26 13:10:58,330 INFO [080_Chopin_Prelude_Op28-19_B0-32_page_0]        MeasureRhythm.java:1045 | Measure{#5} No timeOffset for HeadChordInter#7177{(0.947/0.947) staff:4 slot#7 dur:1/8}
2025-12-26 13:10:58,331 INFO [080_Chopin_Prelude_Op28-19_B0-32_page_0]          StackRhythm.java:224  | S2 MeasureStack#5 no correct rhythm
2025-12-26 13:10:58,336 INFO [080_Chopin_Prelude_Op28-19_B0-32_page_0]        MeasureRhythm.java:1045 | Measure{#6} No timeOffset for HeadChordInter#7150{(0.951/0.951) staff:3 slot#7 dur:1/8}
2025-12-26 13:10:58,337 INFO [080_Chopin_Prelude_Op28-19_B0-32_page_0]        MeasureRhythm.java:1045 | Measure{#6} No timeOffset for HeadChordInter#7186{(0.947/0.947) staff:4 slot#7 dur:1/8}
2025-12-26 13:10:58,338 INFO [080_Chopin_Prelude_Op28-19_B0-32_page_0]          StackRhythm.java:224  | S2 MeasureStack#6 no correct rhythm
2025-12-26 13:10:58,345 INFO [080_Chopin_Prelude_Op28-19_B0-32_page_0]        MeasureRhythm.java:1045 | Measure{#7} No timeOffset for HeadChordInter#7159{(0.931/0.931) staff:3 slot#7 dur:1/8}
2025-12-26 13:10:58,345 INFO [080_Chopin_Prelude_Op28-19_B0-32_page_0]        MeasureRhythm.java:1045 | Measure{#7} No timeOffset for HeadChordInter#7195{(0.939/0.939) staff:4 slot#7 dur:1/8}
2025-12-26 13:10:58,346 INFO [080_Chopin_Prelude_Op28-19_B0-32_page_0]          StackRhythm.java:224  | S2 MeasureStack#7 no correct rhythm
2025-12-26 13:10:58,351 INFO [080_Chopin_Prelude_Op28-19_B0-32_page_0]        MeasureRhythm.java:1045 | Measure{#8} No timeOffset for HeadChordInter#7168{(0.948/0.948) staff:3 slot#7 dur:1/8}
2025-12-26 13:10:58,351 INFO [080_Chopin_Prelude_Op28-19_B0-32_page_0]        MeasureRhythm.java:1045 | Measure{#8} No timeOffset for HeadChordInter#7204{(0.950/0.950) staff:4 slot#7 dur:1/8}
2025-12-26 13:10:58,352 INFO [080_Chopin_Prelude_Op28-19_B0-32_page_0]          StackRhythm.java:224  | S2 MeasureStack#8 no correct rhythm
2025-12-26 13:10:58,355 INFO [080_Chopin_Prelude_Op28-19_B0-32_page_0]        MeasureRhythm.java:1045 | Measure{#9} No timeOffset for HeadChordInter#7213{(0.939/0.939) staff:5 slot#7 dur:1/8}
2025-12-26 13:10:58,357 INFO [080_Chopin_Prelude_Op28-19_B0-32_page_0]        MeasureRhythm.java:1045 | Measure{#9} No timeOffset for HeadChordInter#7249{(0.943/0.943) staff:6 slot#7 dur:1/8}
2025-12-26 13:10:58,360 INFO [080_Chopin_Prelude_Op28-19_B0-32_page_0]          StackRhythm.java:224  | S3 MeasureStack#9 no correct rhythm
2025-12-26 13:10:58,364 INFO [080_Chopin_Prelude_Op28-19_B0-32_page_0]        MeasureRhythm.java:1045 | Measure{#10} No timeOffset for HeadChordInter#7222{(0.937/0.937) staff:5 slot#7 dur:1/8}
2025-12-26 13:10:58,365 INFO [080_Chopin_Prelude_Op28-19_B0-32_page_0]        MeasureRhythm.java:1045 | Measure{#10} No timeOffset for HeadChordInter#7258{(0.962/0.962) staff:6 slot#7 dur:1/8}
2025-12-26 13:10:58,366 INFO [080_Chopin_Prelude_Op28-19_B0-32_page_0]          StackRhythm.java:224  | S3 MeasureStack#10 no correct rhythm
2025-12-26 13:10:58,370 INFO [080_Chopin_Prelude_Op28-19_B0-32_page_0]        MeasureRhythm.java:1045 | Measure{#11} No timeOffset for HeadChordInter#7231{(0.968/0.968) staff:5 slot#7 dur:1/8}
2025-12-26 13:10:58,370 INFO [080_Chopin_Prelude_Op28-19_B0-32_page_0]        MeasureRhythm.java:1045 | Measure{#11} No timeOffset for HeadChordInter#7267{(0.950/0.950) staff:6 slot#7 dur:1/8}
2025-12-26 13:10:58,371 INFO [080_Chopin_Prelude_Op28-19_B0-32_page_0]          StackRhythm.java:224  | S3 MeasureStack#11 no correct rhythm
2025-12-26 13:10:58,377 INFO [080_Chopin_Prelude_Op28-19_B0-32_page_0]        MeasureRhythm.java:1277 | Measure{#12} Time inconsistency in {11/24=[HeadChordInter#7238{(0.946/0.946) staff:5 slot#5 off:11/24 dur:1/12}], 1/2=[HeadChordInter#7274{(0.973/0.973) staff:6 slot#5 off:1/2 dur:1/8}]}
2025-12-26 13:10:58,378 INFO [080_Chopin_Prelude_Op28-19_B0-32_page_0]        MeasureRhythm.java:1277 | Measure{#12} Time inconsistency in {13/24=[HeadChordInter#7239{(0.952/0.952) staff:5 slot#6 off:13/24 dur:1/12}], 5/8=[HeadChordInter#7275{(0.950/0.950) staff:6 slot#6 off:5/8 dur:1/8}]}
2025-12-26 13:10:58,379 INFO [080_Chopin_Prelude_Op28-19_B0-32_page_0]                Voice.java:257  | Measure{#12} Voice{#1 excess:1/4} too long
2025-12-26 13:10:58,380 INFO [080_Chopin_Prelude_Op28-19_B0-32_page_0]                Voice.java:257  | Measure{#12} Voice{#6 excess:1/4} too long
2025-12-26 13:10:58,380 INFO [080_Chopin_Prelude_Op28-19_B0-32_page_0]          StackRhythm.java:224  | S3 MeasureStack#12 no correct rhythm
2025-12-26 13:10:58,385 INFO [080_Chopin_Prelude_Op28-19_B0-32_page_0]        MeasureRhythm.java:1045 | Measure{#13} No timeOffset for HeadChordInter#7285{(0.968/0.968) staff:7 slot#7 dur:1/8}
2025-12-26 13:10:58,386 INFO [080_Chopin_Prelude_Op28-19_B0-32_page_0]        MeasureRhythm.java:1045 | Measure{#13} No timeOffset for HeadChordInter#7321{(0.951/0.951) staff:8 slot#7 dur:1/8}
2025-12-26 13:10:58,386 INFO [080_Chopin_Prelude_Op28-19_B0-32_page_0]          StackRhythm.java:224  | S4 MeasureStack#13 no correct rhythm
2025-12-26 13:10:58,391 INFO [080_Chopin_Prelude_Op28-19_B0-32_page_0]        MeasureRhythm.java:1045 | Measure{#14} No timeOffset for HeadChordInter#7294{(0.965/0.965) staff:7 slot#7 dur:1/8}
2025-12-26 13:10:58,392 INFO [080_Chopin_Prelude_Op28-19_B0-32_page_0]        MeasureRhythm.java:1045 | Measure{#14} No timeOffset for HeadChordInter#7330{(0.950/0.950) staff:8 slot#7 dur:1/8}
2025-12-26 13:10:58,393 INFO [080_Chopin_Prelude_Op28-19_B0-32_page_0]          StackRhythm.java:224  | S4 MeasureStack#14 no correct rhythm
2025-12-26 13:10:58,396 INFO [080_Chopin_Prelude_Op28-19_B0-32_page_0]        MeasureRhythm.java:1045 | Measure{#15} No timeOffset for HeadChordInter#7303{(0.964/0.964) staff:7 slot#7 dur:1/8}
2025-12-26 13:10:58,397 INFO [080_Chopin_Prelude_Op28-19_B0-32_page_0]        MeasureRhythm.java:1045 | Measure{#15} No timeOffset for HeadChordInter#7339{(0.939/0.939) staff:8 slot#7 dur:1/8}
2025-12-26 13:10:58,398 INFO [080_Chopin_Prelude_Op28-19_B0-32_page_0]          StackRhythm.java:224  | S4 MeasureStack#15 no correct rhythm
2025-12-26 13:10:58,403 INFO [080_Chopin_Prelude_Op28-19_B0-32_page_0]        MeasureRhythm.java:1045 | Measure{#16} No timeOffset for HeadChordInter#7312{(0.964/0.964) staff:7 slot#7 dur:1/8}
2025-12-26 13:10:58,404 INFO [080_Chopin_Prelude_Op28-19_B0-32_page_0]        MeasureRhythm.java:1045 | Measure{#16} No timeOffset for HeadChordInter#7348{(0.946/0.946) staff:8 slot#7 dur:1/8}
2025-12-26 13:10:58,405 INFO [080_Chopin_Prelude_Op28-19_B0-32_page_0]          StackRhythm.java:224  | S4 MeasureStack#16 no correct rhythm
2025-12-26 13:10:58,410 INFO [080_Chopin_Prelude_Op28-19_B0-32_page_0]        MeasureRhythm.java:1045 | Measure{#17} No timeOffset for HeadChordInter#7357{(0.963/0.963) staff:9 slot#7 dur:1/8}
2025-12-26 13:10:58,411 INFO [080_Chopin_Prelude_Op28-19_B0-32_page_0]        MeasureRhythm.java:1045 | Measure{#17} No timeOffset for HeadChordInter#7393{(0.943/0.943) staff:10 slot#7 dur:1/8}
2025-12-26 13:10:58,411 INFO [080_Chopin_Prelude_Op28-19_B0-32_page_0]          StackRhythm.java:224  | S5 MeasureStack#17 no correct rhythm
2025-12-26 13:10:58,415 INFO [080_Chopin_Prelude_Op28-19_B0-32_page_0]        MeasureRhythm.java:1045 | Measure{#18} No timeOffset for HeadChordInter#7366{(0.936/0.936) staff:9 slot#7 dur:1/8}
2025-12-26 13:10:58,416 INFO [080_Chopin_Prelude_Op28-19_B0-32_page_0]        MeasureRhythm.java:1045 | Measure{#18} No timeOffset for HeadChordInter#7402{(0.945/0.945) staff:10 slot#7 dur:1/8}
2025-12-26 13:10:58,417 INFO [080_Chopin_Prelude_Op28-19_B0-32_page_0]          StackRhythm.java:224  | S5 MeasureStack#18 no correct rhythm
2025-12-26 13:10:58,420 INFO [080_Chopin_Prelude_Op28-19_B0-32_page_0]        MeasureRhythm.java:1045 | Measure{#19} No timeOffset for HeadChordInter#7375{(0.943/0.943) staff:9 slot#7 dur:1/8}
2025-12-26 13:10:58,421 INFO [080_Chopin_Prelude_Op28-19_B0-32_page_0]        MeasureRhythm.java:1045 | Measure{#19} No timeOffset for HeadChordInter#7411{(0.944/0.944) staff:10 slot#7 dur:1/8}
2025-12-26 13:10:58,422 INFO [080_Chopin_Prelude_Op28-19_B0-32_page_0]          StackRhythm.java:224  | S5 MeasureStack#19 no correct rhythm
2025-12-26 13:10:58,425 INFO [080_Chopin_Prelude_Op28-19_B0-32_page_0]        MeasureRhythm.java:1045 | Measure{#20} No timeOffset for HeadChordInter#7384{(0.943/0.943) staff:9 slot#7 dur:1/8}
2025-12-26 13:10:58,426 INFO [080_Chopin_Prelude_Op28-19_B0-32_page_0]        MeasureRhythm.java:1045 | Measure{#20} No timeOffset for HeadChordInter#7420{(0.945/0.945) staff:10 slot#7 dur:1/8}
2025-12-26 13:10:58,427 INFO [080_Chopin_Prelude_Op28-19_B0-32_page_0]          StackRhythm.java:224  | S5 MeasureStack#20 no correct rhythm
2025-12-26 13:10:58,428 INFO [080_Chopin_Prelude_Op28-19_B0-32_page_0]       StepMonitoring.java:98   | PAGE
2025-12-26 13:10:58,433 INFO [080_Chopin_Prelude_Op28-19_B0-32_page_0]                Voice.java:257  | Measure{#12} Voice{#1 excess:1/4} too long
2025-12-26 13:10:58,433 INFO [080_Chopin_Prelude_Op28-19_B0-32_page_0]                Voice.java:257  | Measure{#12} Voice{#6 excess:1/4} too long
2025-12-26 13:10:58,438 INFO [080_Chopin_Prelude_Op28-19_B0-32_page_0]                 Book.java:2596 | Book{080_Chopin_Prelude_Op28-19_B0-32_page_0} storing
2025-12-26 13:10:58,497 INFO [080_Chopin_Prelude_Op28-19_B0-32_page_0]                 Book.java:2577 | Stored /book.xml
2025-12-26 13:10:58,590 INFO [080_Chopin_Prelude_Op28-19_B0-32_page_0]           DataHolder.java:348  | Stored /sheet#1/BINARY.png
2025-12-26 13:10:59,813 INFO [080_Chopin_Prelude_Op28-19_B0-32_page_0]                Sheet.java:1583 | Stored /sheet#1/sheet#1.xml
2025-12-26 13:10:59,814 INFO [080_Chopin_Prelude_Op28-19_B0-32_page_0]                 Book.java:2537 | Book stored as C:\Users\Elliot\Downloads\Audiveris\scores\080_Chopin_Prelude_Op28-19_B0-32_page_0.omr
2025-12-26 13:10:59,819 INFO [080_Chopin_Prelude_Op28-19_B0-32_page_0]            SheetStub.java:1660 | Disposed sheet
2025-12-26 13:10:59,866 INFO [080_Chopin_Prelude_Op28-19_B0-32_page_0]                 Book.java:2064 | End of Stub#1
2025-12-26 13:10:59,867 INFO [080_Chopin_Prelude_Op28-19_B0-32_page_0]                 Book.java:2071 | Book processed.
2025-12-26 13:11:00,302 INFO [080_Chopin_Prelude_Op28-19_B0-32_page_0]            SheetStub.java:997  | Loaded /sheet#1/sheet#1.xml
2025-12-26 13:11:00,750 INFO [080_Chopin_Prelude_Op28-19_B0-32_page_0]      PartwiseBuilder.java:2688 | Exporting sheet(s): [#1]
2025-12-26 13:11:00,882 INFO [080_Chopin_Prelude_Op28-19_B0-32_page_0]        ScoreExporter.java:164  | Score 080_Chopin_Prelude_Op28-19_B0-32_page_0 exported to C:\Users\Elliot\Downloads\Audiveris\scores\080_Chopin_Prelude_Op28-19_B0-32_page_0.mxl
2025-12-26 13:11:00,931 INFO [080_Chopin_Prelude_Op28-19_B0-32_page_0]                Score.java:181  | Closing {Score 1}
