2025-12-26 13:11:02,787 INFO [080_Chopin_Prelude_Op28-19_B0-32_page_1]                 Book.java:560  | 1 sheet in C:\Users\Elliot\Downloads\Audiveris\scores\080_Chopin_Prelude_Op28-19_B0-32_page_1.jpg
2025-12-26 13:11:02,929 INFO []                 Book.java:2577 | Stored /book.xml
2025-12-26 13:11:02,930 INFO []                 Book.java:2537 | Book stored as C:\Users\Elliot\Downloads\Audiveris\scores\080_Chopin_Prelude_Op28-19_B0-32_page_1.omr
2025-12-26 13:11:02,939 INFO []                 Book.java:1929 | Book reaching PAGE on sheets:[#1]
2025-12-26 13:11:02,942 INFO [080_Chopin_Prelude_Op28-19_B0-32_page_1]       StepMonitoring.java:98   | LOAD
2025-12-26 13:11:03,024 INFO [080_Chopin_Prelude_Op28-19_B0-32_page_1]            SheetStub.java:1273 | Loaded image #1 1653x2339 from C:\Users\Elliot\Downloads\Audiveris\scores\080_Chopin_Prelude_Op28-19_B0-32_page_1.jpg
2025-12-26 13:11:03,027 INFO [080_Chopin_Prelude_Op28-19_B0-32_page_1]            ImageUtil.java:124  | Converting max RGB to gray
2025-12-26 13:11:03,133 INFO [080_Chopin_Prelude_Op28-19_B0-32_page_1]       StepMonitoring.java:98   | BINARY
2025-12-26 13:11:03,372 INFO [080_Chopin_Prelude_Op28-19_B0-32_page_1]       StepMonitoring.java:98   | SCALE
2025-12-26 13:11:03,395 INFO [080_Chopin_Prelude_Op28-19_B0-32_page_1]         ScaleBuilder.java:241  | Beam  guessed height:  4 -- 0.50 of 9 interline
2025-12-26 13:11:03,396 INFO [080_Chopin_Prelude_Op28-19_B0-32_page_1]         ScaleBuilder.java:264  | Beam measured height:  6 -- 0.50 of [3..9] range at 499% of needed quorum
2025-12-26 13:11:03,397 INFO [080_Chopin_Prelude_Op28-19_B0-32_page_1]            ScaleStep.java:65   | Scale{ interline(11,11,12) line(1,1,2) beam(6)}
2025-12-26 13:11:03,398 INFO [080_Chopin_Prelude_Op28-19_B0-32_page_1]       StepMonitoring.java:98   | GRID
2025-12-26 13:11:03,699 INFO [080_Chopin_Prelude_Op28-19_B0-32_page_1]       LinesRetriever.java:1500 | Global slope: 0.00000
2025-12-26 13:11:03,761 INFO [080_Chopin_Prelude_Op28-19_B0-32_page_1]    ClustersRetriever.java:326  | Retrieved raw line clusters: 8 of sizes [5] with interline(11,11,12)
2025-12-26 13:11:03,968 INFO [080_Chopin_Prelude_Op28-19_B0-32_page_1]            PeakGraph.java:310  | Systems: #1[1, 2] #2[3, 4] #3[5, 6] #4[7, 8]
2025-12-26 13:11:04,254 INFO [080_Chopin_Prelude_Op28-19_B0-32_page_1]        SystemManager.java:779  | 1 part along 4 systems
2025-12-26 13:11:04,255 INFO [080_Chopin_Prelude_Op28-19_B0-32_page_1]                 Book.java:543  | Created scores: [{Score 1}]
2025-12-26 13:11:04,256 INFO [080_Chopin_Prelude_Op28-19_B0-32_page_1]       StepMonitoring.java:98   | HEADERS
2025-12-26 13:11:04,616 INFO [080_Chopin_Prelude_Op28-19_B0-32_page_1]      BasicClassifier.java:286  | Classifier loaded XML norms.
2025-12-26 13:11:04,620 INFO [080_Chopin_Prelude_Op28-19_B0-32_page_1]   AbstractClassifier.java:396  | Classifier data loaded from default uri jar:file:/C:/Users/Elliot/Downloads/Audiveris/app/audiveris.jar!/res/basic-classifier.zip
2025-12-26 13:11:05,304 INFO [080_Chopin_Prelude_Op28-19_B0-32_page_1]       StepMonitoring.java:98   | STEM_SEEDS
2025-12-26 13:11:05,338 INFO [080_Chopin_Prelude_Op28-19_B0-32_page_1]        StemSeedsStep.java:86   | stem(1 max:2)
2025-12-26 13:11:05,384 INFO [080_Chopin_Prelude_Op28-19_B0-32_page_1]       StepMonitoring.java:98   | BEAMS
2025-12-26 13:11:06,356 INFO [080_Chopin_Prelude_Op28-19_B0-32_page_1]       StepMonitoring.java:98   | LEDGERS
2025-12-26 13:11:06,760 INFO [080_Chopin_Prelude_Op28-19_B0-32_page_1]       StepMonitoring.java:98   | HEADS
2025-12-26 13:11:08,229 INFO [080_Chopin_Prelude_Op28-19_B0-32_page_1]        HeadSeedTally.java:235  | Scale information: HeadSeeds{NOTEHEAD_BLACK[L:0.2,R:0.5]}
2025-12-26 13:11:08,230 INFO [080_Chopin_Prelude_Op28-19_B0-32_page_1]       StepMonitoring.java:98   | STEMS
2025-12-26 13:11:09,030 INFO [080_Chopin_Prelude_Op28-19_B0-32_page_1]       StepMonitoring.java:98   | REDUCTION
2025-12-26 13:11:09,199 INFO [080_Chopin_Prelude_Op28-19_B0-32_page_1]        ReductionStep.java:105  | Stems free length median value: 64 pixels, 5.8 interlines
2025-12-26 13:11:09,204 INFO [080_Chopin_Prelude_Op28-19_B0-32_page_1]       StepMonitoring.java:98   | CUE_BEAMS
2025-12-26 13:11:09,205 INFO [080_Chopin_Prelude_Op28-19_B0-32_page_1]         CueBeamsStep.java:81   | Step CUE_BEAMS is skipped because small heads switch is off
2025-12-26 13:11:09,205 INFO [080_Chopin_Prelude_Op28-19_B0-32_page_1]       StepMonitoring.java:98   | TEXTS
2025-12-26 13:11:09,279 WARN [080_Chopin_Prelude_Op28-19_B0-32_page_1]         TesseractOCR.java:335  | The collection of supported languages is empty
2025-12-26 13:11:09,280 INFO [080_Chopin_Prelude_Op28-19_B0-32_page_1]              OcrUtil.java:106  | Missing support for 'eng' language(s)
2025-12-26 13:11:09,288 INFO [080_Chopin_Prelude_Op28-19_B0-32_page_1]       StepMonitoring.java:98   | MEASURES
2025-12-26 13:11:09,300 INFO [080_Chopin_Prelude_Op28-19_B0-32_page_1]                 Page.java:307  | 13 raw measures: [4 in system#1, 4 in system#2, 3 in system#3, 2 in system#4]
2025-12-26 13:11:09,301 INFO [080_Chopin_Prelude_Op28-19_B0-32_page_1]       StepMonitoring.java:98   | CHORDS
2025-12-26 13:11:09,328 INFO [080_Chopin_Prelude_Op28-19_B0-32_page_1]       StepMonitoring.java:98   | CURVES
2025-12-26 13:11:09,859 INFO [080_Chopin_Prelude_Op28-19_B0-32_page_1]         SlursBuilder.java:240  | Slurs: 1
2025-12-26 13:11:09,919 INFO [080_Chopin_Prelude_Op28-19_B0-32_page_1]      SegmentsBuilder.java:155  | Segments: 33
2025-12-26 13:11:09,939 INFO [080_Chopin_Prelude_Op28-19_B0-32_page_1]       StepMonitoring.java:98   | SYMBOLS
2025-12-26 13:11:10,398 INFO [080_Chopin_Prelude_Op28-19_B0-32_page_1]       StepMonitoring.java:98   | LINKS
2025-12-26 13:11:10,460 INFO [080_Chopin_Prelude_Op28-19_B0-32_page_1]       StepMonitoring.java:98   | RHYTHMS
2025-12-26 13:11:10,529 INFO [080_Chopin_Prelude_Op28-19_B0-32_page_1]        MeasureRhythm.java:1277 | Measure{#7} Time inconsistency in {5/24=[HeadChordInter#5543{(0.951/0.951) staff:3 slot#3 off:5/24 dur:1/12}], 1/4=[HeadChordInter#5579{(0.963/0.963) staff:4 slot#3 off:1/4 dur:1/8}]}
2025-12-26 13:11:10,532 INFO [080_Chopin_Prelude_Op28-19_B0-32_page_1]        MeasureRhythm.java:1277 | Measure{#7} Time inconsistency in {1/2=[HeadChordInter#5546{(0.948/0.948) staff:3 slot#6 off:1/2 dur:1/8}], 13/24=[HeadChordInter#5582{(0.952/0.952) staff:4 slot#6 off:13/24 dur:1/8}]}
2025-12-26 13:11:10,558 INFO [080_Chopin_Prelude_Op28-19_B0-32_page_1]       StepMonitoring.java:98   | PAGE
2025-12-26 13:11:10,561 INFO [080_Chopin_Prelude_Op28-19_B0-32_page_1]       SheetReduction.java:154  | Gutter. Different glyphs 3/4 ArticulationInter#6324{(0.342/0.592) STACCATO} vs EndingInter#5747{(0.725/0.932) staff:7 ENDING}
2025-12-26 13:11:10,567 WARN [080_Chopin_Prelude_Op28-19_B0-32_page_1]         MeasureFixer.java:343  | System#1 No target duration for measures local IDs [1, 2, 3, 4], please check time signatures
2025-12-26 13:11:10,568 WARN [080_Chopin_Prelude_Op28-19_B0-32_page_1]         MeasureFixer.java:343  | System#2 No target duration for measures local IDs [5, 6, 7, 8], please check time signatures
2025-12-26 13:11:10,569 WARN [080_Chopin_Prelude_Op28-19_B0-32_page_1]         MeasureFixer.java:343  | System#3 No target duration for measures local IDs [9, 10, 11], please check time signatures
2025-12-26 13:11:10,569 WARN [080_Chopin_Prelude_Op28-19_B0-32_page_1]         MeasureFixer.java:343  | System#4 No target duration for measures local IDs [12, 13], please check time signatures
2025-12-26 13:11:10,573 INFO [080_Chopin_Prelude_Op28-19_B0-32_page_1]                 Book.java:2596 | Book{080_Chopin_Prelude_Op28-19_B0-32_page_1} storing
2025-12-26 13:11:10,616 INFO [080_Chopin_Prelude_Op28-19_B0-32_page_1]                 Book.java:2577 | Stored /book.xml
2025-12-26 13:11:10,683 INFO [080_Chopin_Prelude_Op28-19_B0-32_page_1]           DataHolder.java:348  | Stored /sheet#1/BINARY.png
2025-12-26 13:11:11,456 INFO [080_Chopin_Prelude_Op28-19_B0-32_page_1]                Sheet.java:1583 | Stored /sheet#1/sheet#1.xml
2025-12-26 13:11:11,457 INFO [080_Chopin_Prelude_Op28-19_B0-32_page_1]                 Book.java:2537 | Book stored as C:\Users\Elliot\Downloads\Audiveris\scores\080_Chopin_Prelude_Op28-19_B0-32_page_1.omr
2025-12-26 13:11:11,461 INFO [080_Chopin_Prelude_Op28-19_B0-32_page_1]            SheetStub.java:1660 | Disposed sheet
2025-12-26 13:11:11,493 INFO [080_Chopin_Prelude_Op28-19_B0-32_page_1]                 Book.java:2064 | End of Stub#1
2025-12-26 13:11:11,494 INFO [080_Chopin_Prelude_Op28-19_B0-32_page_1]                 Book.java:2071 | Book processed.
2025-12-26 13:11:11,864 INFO [080_Chopin_Prelude_Op28-19_B0-32_page_1]            SheetStub.java:997  | Loaded /sheet#1/sheet#1.xml
2025-12-26 13:11:12,245 INFO [080_Chopin_Prelude_Op28-19_B0-32_page_1]      PartwiseBuilder.java:2688 | Exporting sheet(s): [#1]
2025-12-26 13:11:12,388 INFO [080_Chopin_Prelude_Op28-19_B0-32_page_1]        ScoreExporter.java:164  | Score 080_Chopin_Prelude_Op28-19_B0-32_page_1 exported to C:\Users\Elliot\Downloads\Audiveris\scores\080_Chopin_Prelude_Op28-19_B0-32_page_1.mxl
2025-12-26 13:11:12,430 INFO [080_Chopin_Prelude_Op28-19_B0-32_page_1]                Score.java:181  | Closing {Score 1}
