2025-12-26 13:11:14,106 INFO [081_Schumann_Kinderszenen_Op15-1_page_0]                 Book.java:560  | 1 sheet in C:\Users\Elliot\Downloads\Audiveris\scores\081_Schumann_Kinderszenen_Op15-1_page_0.jpg
2025-12-26 13:11:14,239 INFO []                 Book.java:2577 | Stored /book.xml
2025-12-26 13:11:14,240 INFO []                 Book.java:2537 | Book stored as C:\Users\Elliot\Downloads\Audiveris\scores\081_Schumann_Kinderszenen_Op15-1_page_0.omr
2025-12-26 13:11:14,245 INFO []                 Book.java:1929 | Book reaching PAGE on sheets:[#1]
2025-12-26 13:11:14,250 INFO [081_Schumann_Kinderszenen_Op15-1_page_0]       StepMonitoring.java:98   | LOAD
2025-12-26 13:11:14,348 INFO [081_Schumann_Kinderszenen_Op15-1_page_0]            SheetStub.java:1273 | Loaded image #1 1653x2339 from C:\Users\Elliot\Downloads\Audiveris\scores\081_Schumann_Kinderszenen_Op15-1_page_0.jpg
2025-12-26 13:11:14,351 INFO [081_Schumann_Kinderszenen_Op15-1_page_0]            ImageUtil.java:124  | Converting max RGB to gray
2025-12-26 13:11:14,451 INFO [081_Schumann_Kinderszenen_Op15-1_page_0]       StepMonitoring.java:98   | BINARY
2025-12-26 13:11:14,668 INFO [081_Schumann_Kinderszenen_Op15-1_page_0]       StepMonitoring.java:98   | SCALE
2025-12-26 13:11:14,689 INFO [081_Schumann_Kinderszenen_Op15-1_page_0]         ScaleBuilder.java:241  | Beam  guessed height:  5 -- 0.50 of 10 interline
2025-12-26 13:11:14,690 INFO [081_Schumann_Kinderszenen_Op15-1_page_0]         ScaleBuilder.java:264  | Beam measured height:  6 -- 0.43 of [3..10] range at 248% of needed quorum
2025-12-26 13:11:14,690 INFO [081_Schumann_Kinderszenen_Op15-1_page_0]            ScaleStep.java:65   | Scale{ interline(11,12,12) line(1,1,3) beam(6)}
2025-12-26 13:11:14,691 INFO [081_Schumann_Kinderszenen_Op15-1_page_0]       StepMonitoring.java:98   | GRID
2025-12-26 13:11:14,997 INFO [081_Schumann_Kinderszenen_Op15-1_page_0]       LinesRetriever.java:1500 | Global slope: 0.00000
2025-12-26 13:11:15,054 INFO [081_Schumann_Kinderszenen_Op15-1_page_0]    ClustersRetriever.java:326  | Retrieved raw line clusters: 8 of sizes [5] with interline(11,12,12)
2025-12-26 13:11:15,203 INFO [081_Schumann_Kinderszenen_Op15-1_page_0]            PeakGraph.java:310  | Systems: #1[1, 2] #2[3, 4] #3[5, 6] #4[7, 8]
2025-12-26 13:11:15,432 INFO [081_Schumann_Kinderszenen_Op15-1_page_0]        SystemManager.java:134  | Indentation detected for system #1
2025-12-26 13:11:15,434 INFO [081_Schumann_Kinderszenen_Op15-1_page_0]        SystemManager.java:779  | 1 part along 4 systems
2025-12-26 13:11:15,435 INFO [081_Schumann_Kinderszenen_Op15-1_page_0]                 Book.java:543  | Created scores: [{Score 1}]
2025-12-26 13:11:15,436 INFO [081_Schumann_Kinderszenen_Op15-1_page_0]       StepMonitoring.java:98   | HEADERS
2025-12-26 13:11:15,763 INFO []      BasicClassifier.java:286  | Classifier loaded XML norms.
2025-12-26 13:11:15,767 INFO []   AbstractClassifier.java:396  | Classifier data loaded from default uri jar:file:/C:/Users/Elliot/Downloads/Audiveris/app/audiveris.jar!/res/basic-classifier.zip
2025-12-26 13:11:16,592 INFO [081_Schumann_Kinderszenen_Op15-1_page_0]       StepMonitoring.java:98   | STEM_SEEDS
2025-12-26 13:11:16,627 INFO [081_Schumann_Kinderszenen_Op15-1_page_0]        StemSeedsStep.java:86   | stem(2 max:2)
2025-12-26 13:11:16,671 INFO [081_Schumann_Kinderszenen_Op15-1_page_0]       StepMonitoring.java:98   | BEAMS
2025-12-26 13:11:17,481 INFO [081_Schumann_Kinderszenen_Op15-1_page_0]       StepMonitoring.java:98   | LEDGERS
2025-12-26 13:11:17,671 INFO [081_Schumann_Kinderszenen_Op15-1_page_0]       StepMonitoring.java:98   | HEADS
2025-12-26 13:11:19,076 INFO [081_Schumann_Kinderszenen_Op15-1_page_0]        HeadSeedTally.java:235  | Scale information: HeadSeeds{NOTEHEAD_BLACK[L:-0.3,R:0.4]}
2025-12-26 13:11:19,077 INFO [081_Schumann_Kinderszenen_Op15-1_page_0]       StepMonitoring.java:98   | STEMS
2025-12-26 13:11:19,802 INFO [081_Schumann_Kinderszenen_Op15-1_page_0]       StepMonitoring.java:98   | REDUCTION
2025-12-26 13:11:19,995 INFO [081_Schumann_Kinderszenen_Op15-1_page_0]        ReductionStep.java:105  | Stems free length median value: 41 pixels, 3.4 interlines
2025-12-26 13:11:20,000 INFO [081_Schumann_Kinderszenen_Op15-1_page_0]       StepMonitoring.java:98   | CUE_BEAMS
2025-12-26 13:11:20,000 INFO [081_Schumann_Kinderszenen_Op15-1_page_0]         CueBeamsStep.java:81   | Step CUE_BEAMS is skipped because small heads switch is off
2025-12-26 13:11:20,000 INFO [081_Schumann_Kinderszenen_Op15-1_page_0]       StepMonitoring.java:98   | TEXTS
2025-12-26 13:11:20,084 WARN [081_Schumann_Kinderszenen_Op15-1_page_0]         TesseractOCR.java:335  | The collection of supported languages is empty
2025-12-26 13:11:20,084 INFO [081_Schumann_Kinderszenen_Op15-1_page_0]              OcrUtil.java:106  | Missing support for 'eng' language(s)
2025-12-26 13:11:20,103 INFO [081_Schumann_Kinderszenen_Op15-1_page_0]       StepMonitoring.java:98   | MEASURES
2025-12-26 13:11:20,119 INFO [081_Schumann_Kinderszenen_Op15-1_page_0]                 Page.java:307  | 22 raw measures: [6 in system#1, 6 in system#2, 6 in system#3, 4 in system#4]
2025-12-26 13:11:20,119 INFO [081_Schumann_Kinderszenen_Op15-1_page_0]       StepMonitoring.java:98   | CHORDS
2025-12-26 13:11:20,146 INFO [081_Schumann_Kinderszenen_Op15-1_page_0]       StepMonitoring.java:98   | CURVES
2025-12-26 13:11:20,798 INFO [081_Schumann_Kinderszenen_Op15-1_page_0]         SlursBuilder.java:240  | Slurs: 21
2025-12-26 13:11:20,896 INFO [081_Schumann_Kinderszenen_Op15-1_page_0]      SegmentsBuilder.java:155  | Segments: 14
2025-12-26 13:11:20,907 INFO [081_Schumann_Kinderszenen_Op15-1_page_0]       StepMonitoring.java:98   | SYMBOLS
2025-12-26 13:11:21,609 INFO [081_Schumann_Kinderszenen_Op15-1_page_0]       StepMonitoring.java:98   | LINKS
2025-12-26 13:11:21,661 INFO [081_Schumann_Kinderszenen_Op15-1_page_0]       StepMonitoring.java:98   | RHYTHMS
2025-12-26 13:11:21,685 INFO [081_Schumann_Kinderszenen_Op15-1_page_0]                Voice.java:257  | Measure{#1} Voice{#7 excess:1/12} too long
2025-12-26 13:11:21,687 INFO [081_Schumann_Kinderszenen_Op15-1_page_0]          StackRhythm.java:224  | S1 MeasureStack#1 no correct rhythm
2025-12-26 13:11:21,695 INFO [081_Schumann_Kinderszenen_Op15-1_page_0]                Voice.java:257  | Measure{#2} Voice{#7 excess:1/8} too long
2025-12-26 13:11:21,696 INFO [081_Schumann_Kinderszenen_Op15-1_page_0]          StackRhythm.java:224  | S1 MeasureStack#2 no correct rhythm
2025-12-26 13:11:21,700 INFO [081_Schumann_Kinderszenen_Op15-1_page_0]                Voice.java:257  | Measure{#3} Voice{#7 excess:1/8} too long
2025-12-26 13:11:21,700 INFO [081_Schumann_Kinderszenen_Op15-1_page_0]          StackRhythm.java:224  | S1 MeasureStack#3 no correct rhythm
2025-12-26 13:11:21,709 INFO [081_Schumann_Kinderszenen_Op15-1_page_0]                Voice.java:257  | Measure{#4} Voice{#7 excess:1/8} too long
2025-12-26 13:11:21,710 INFO [081_Schumann_Kinderszenen_Op15-1_page_0]          StackRhythm.java:224  | S1 MeasureStack#4 no correct rhythm
2025-12-26 13:11:21,716 INFO [081_Schumann_Kinderszenen_Op15-1_page_0]                Voice.java:257  | Measure{#5} Voice{#5 excess:1/8} too long
2025-12-26 13:11:21,716 INFO [081_Schumann_Kinderszenen_Op15-1_page_0]                Voice.java:257  | Measure{#5} Voice{#7 excess:1/8} too long
2025-12-26 13:11:21,717 INFO [081_Schumann_Kinderszenen_Op15-1_page_0]          StackRhythm.java:224  | S1 MeasureStack#5 no correct rhythm
2025-12-26 13:11:21,723 INFO [081_Schumann_Kinderszenen_Op15-1_page_0]                Voice.java:257  | Measure{#6} Voice{#1 excess:3/16} too long
2025-12-26 13:11:21,723 INFO [081_Schumann_Kinderszenen_Op15-1_page_0]                Voice.java:257  | Measure{#6} Voice{#2 excess:1/16} too long
2025-12-26 13:11:21,725 INFO [081_Schumann_Kinderszenen_Op15-1_page_0]                Voice.java:257  | Measure{#6} Voice{#8 excess:1/16} too long
2025-12-26 13:11:21,726 INFO [081_Schumann_Kinderszenen_Op15-1_page_0]          StackRhythm.java:224  | S1 MeasureStack#6 no correct rhythm
2025-12-26 13:11:21,732 INFO [081_Schumann_Kinderszenen_Op15-1_page_0]                Voice.java:257  | Measure{#7} Voice{#7 excess:1/8} too long
2025-12-26 13:11:21,733 INFO [081_Schumann_Kinderszenen_Op15-1_page_0]          StackRhythm.java:224  | S2 MeasureStack#7 no correct rhythm
2025-12-26 13:11:21,735 INFO [081_Schumann_Kinderszenen_Op15-1_page_0]                Voice.java:257  | Measure{#8} Voice{#6 excess:1/8} too long
2025-12-26 13:11:21,736 INFO [081_Schumann_Kinderszenen_Op15-1_page_0]          StackRhythm.java:224  | S2 MeasureStack#8 no correct rhythm
2025-12-26 13:11:21,740 INFO [081_Schumann_Kinderszenen_Op15-1_page_0]                Voice.java:257  | Measure{#9} Voice{#5 excess:1/8} too long
2025-12-26 13:11:21,741 INFO [081_Schumann_Kinderszenen_Op15-1_page_0]                Voice.java:257  | Measure{#9} Voice{#6 excess:1/8} too long
2025-12-26 13:11:21,741 INFO [081_Schumann_Kinderszenen_Op15-1_page_0]          StackRhythm.java:224  | S2 MeasureStack#9 no correct rhythm
2025-12-26 13:11:21,744 INFO [081_Schumann_Kinderszenen_Op15-1_page_0]                Voice.java:257  | Measure{#10} Voice{#7 excess:1/8} too long
2025-12-26 13:11:21,744 INFO [081_Schumann_Kinderszenen_Op15-1_page_0]          StackRhythm.java:224  | S2 MeasureStack#10 no correct rhythm
2025-12-26 13:11:21,746 INFO [081_Schumann_Kinderszenen_Op15-1_page_0]                Voice.java:257  | Measure{#11} Voice{#5 excess:1/8} too long
2025-12-26 13:11:21,747 INFO [081_Schumann_Kinderszenen_Op15-1_page_0]                Voice.java:257  | Measure{#11} Voice{#6 excess:1/8} too long
2025-12-26 13:11:21,747 INFO [081_Schumann_Kinderszenen_Op15-1_page_0]          StackRhythm.java:224  | S2 MeasureStack#11 no correct rhythm
2025-12-26 13:11:21,750 INFO [081_Schumann_Kinderszenen_Op15-1_page_0]                Voice.java:257  | Measure{#12} Voice{#3 excess:1/4} too long
2025-12-26 13:11:21,750 INFO [081_Schumann_Kinderszenen_Op15-1_page_0]                Voice.java:257  | Measure{#12} Voice{#7 excess:1/8} too long
2025-12-26 13:11:21,751 INFO [081_Schumann_Kinderszenen_Op15-1_page_0]          StackRhythm.java:224  | S2 MeasureStack#12 no correct rhythm
2025-12-26 13:11:21,754 INFO [081_Schumann_Kinderszenen_Op15-1_page_0]                Voice.java:257  | Measure{#13} Voice{#7 excess:1/4} too long
2025-12-26 13:11:21,755 INFO [081_Schumann_Kinderszenen_Op15-1_page_0]          StackRhythm.java:224  | S3 MeasureStack#13 no correct rhythm
2025-12-26 13:11:21,760 INFO [081_Schumann_Kinderszenen_Op15-1_page_0]                Voice.java:257  | Measure{#14} Voice{#1 excess:1/16} too long
2025-12-26 13:11:21,760 INFO [081_Schumann_Kinderszenen_Op15-1_page_0]                Voice.java:257  | Measure{#14} Voice{#7 excess:3/16} too long
2025-12-26 13:11:21,761 INFO [081_Schumann_Kinderszenen_Op15-1_page_0]                Voice.java:257  | Measure{#14} Voice{#8 excess:3/16} too long
2025-12-26 13:11:21,761 INFO [081_Schumann_Kinderszenen_Op15-1_page_0]                Voice.java:257  | Measure{#14} Voice{#9 excess:1/16} too long
2025-12-26 13:11:21,761 INFO [081_Schumann_Kinderszenen_Op15-1_page_0]          StackRhythm.java:224  | S3 MeasureStack#14 no correct rhythm
2025-12-26 13:11:21,765 INFO [081_Schumann_Kinderszenen_Op15-1_page_0]                Voice.java:257  | Measure{#15} Voice{#7 excess:1/12} too long
2025-12-26 13:11:21,766 INFO [081_Schumann_Kinderszenen_Op15-1_page_0]          StackRhythm.java:224  | S3 MeasureStack#15 no correct rhythm
2025-12-26 13:11:21,769 INFO [081_Schumann_Kinderszenen_Op15-1_page_0]                Voice.java:257  | Measure{#16} Voice{#1 excess:1/8} too long
2025-12-26 13:11:21,770 INFO [081_Schumann_Kinderszenen_Op15-1_page_0]                Voice.java:257  | Measure{#16} Voice{#7 excess:1/8} too long
2025-12-26 13:11:21,771 INFO [081_Schumann_Kinderszenen_Op15-1_page_0]          StackRhythm.java:224  | S3 MeasureStack#16 no correct rhythm
2025-12-26 13:11:21,775 INFO [081_Schumann_Kinderszenen_Op15-1_page_0]                Voice.java:257  | Measure{#17} Voice{#7 excess:1/8} too long
2025-12-26 13:11:21,776 INFO [081_Schumann_Kinderszenen_Op15-1_page_0]          StackRhythm.java:224  | S3 MeasureStack#17 no correct rhythm
2025-12-26 13:11:21,780 INFO [081_Schumann_Kinderszenen_Op15-1_page_0]                Voice.java:257  | Measure{#18} Voice{#1 excess:1/8} too long
2025-12-26 13:11:21,781 INFO [081_Schumann_Kinderszenen_Op15-1_page_0]                Voice.java:257  | Measure{#18} Voice{#7 excess:1/8} too long
2025-12-26 13:11:21,782 INFO [081_Schumann_Kinderszenen_Op15-1_page_0]          StackRhythm.java:224  | S3 MeasureStack#18 no correct rhythm
2025-12-26 13:11:21,785 INFO [081_Schumann_Kinderszenen_Op15-1_page_0]        MeasureRhythm.java:1045 | Measure{#19} No timeOffset for RestChordInter#5720{(0.793/0.793) staff:8 slot#7 dur:1/8}
2025-12-26 13:11:21,786 INFO [081_Schumann_Kinderszenen_Op15-1_page_0]                Voice.java:257  | Measure{#19} Voice{#6 excess:1/8} too long
2025-12-26 13:11:21,787 INFO [081_Schumann_Kinderszenen_Op15-1_page_0]          StackRhythm.java:224  | S4 MeasureStack#19 no correct rhythm
2025-12-26 13:11:21,791 INFO [081_Schumann_Kinderszenen_Op15-1_page_0]                Voice.java:257  | Measure{#20} Voice{#7 excess:1/8} too long
2025-12-26 13:11:21,791 INFO [081_Schumann_Kinderszenen_Op15-1_page_0]          StackRhythm.java:224  | S4 MeasureStack#20 no correct rhythm
2025-12-26 13:11:21,795 INFO [081_Schumann_Kinderszenen_Op15-1_page_0]                Voice.java:257  | Measure{#21} Voice{#7 excess:1/8} too long
2025-12-26 13:11:21,795 INFO [081_Schumann_Kinderszenen_Op15-1_page_0]          StackRhythm.java:224  | S4 MeasureStack#21 no correct rhythm
2025-12-26 13:11:21,797 INFO [081_Schumann_Kinderszenen_Op15-1_page_0]        MeasureRhythm.java:1045 | Measure{#22} No timeOffset for RestChordInter#5727{(0.783/0.783) staff:8 slot#3 dur:1/8}
2025-12-26 13:11:21,798 INFO [081_Schumann_Kinderszenen_Op15-1_page_0]        MeasureRhythm.java:1045 | Measure{#22} No timeOffset for HeadChordInter#4741{(0.942/0.942) staff:8 slot#3 dur:1/4}
2025-12-26 13:11:21,798 INFO [081_Schumann_Kinderszenen_Op15-1_page_0]   AbstractChordInter.java:627  | Measure{#22} No timeOffset for RestChordInter#5727{(0.783/0.783) staff:8 slot#3 dur:1/8}
2025-12-26 13:11:21,798 INFO [081_Schumann_Kinderszenen_Op15-1_page_0]   AbstractChordInter.java:627  | Measure{#22} No timeOffset for HeadChordInter#4721{(0.959/0.959) staff:7 slot#7 dur:1/8}
2025-12-26 13:11:21,799 INFO [081_Schumann_Kinderszenen_Op15-1_page_0]        MeasureRhythm.java:1045 | Measure{#22} No timeOffset for HeadChordInter#4720{(0.956/0.956) staff:7 slot#4 dur:1/4}
2025-12-26 13:11:21,799 INFO [081_Schumann_Kinderszenen_Op15-1_page_0]                Voice.java:257  | Measure{#22} Voice{#5 excess:1/8} too long
2025-12-26 13:11:21,799 INFO [081_Schumann_Kinderszenen_Op15-1_page_0]          StackRhythm.java:224  | S4 MeasureStack#22 no correct rhythm
2025-12-26 13:11:21,799 INFO [081_Schumann_Kinderszenen_Op15-1_page_0]       StepMonitoring.java:98   | PAGE
2025-12-26 13:11:21,805 INFO [081_Schumann_Kinderszenen_Op15-1_page_0]                Voice.java:257  | Measure{#1} Voice{#7 excess:1/12} too long
2025-12-26 13:11:21,806 INFO [081_Schumann_Kinderszenen_Op15-1_page_0]                Voice.java:257  | Measure{#2} Voice{#7 excess:1/8} too long
2025-12-26 13:11:21,807 INFO [081_Schumann_Kinderszenen_Op15-1_page_0]                Voice.java:257  | Measure{#3} Voice{#7 excess:1/8} too long
2025-12-26 13:11:21,807 INFO [081_Schumann_Kinderszenen_Op15-1_page_0]                Voice.java:257  | Measure{#4} Voice{#7 excess:1/8} too long
2025-12-26 13:11:21,807 INFO [081_Schumann_Kinderszenen_Op15-1_page_0]                Voice.java:257  | Measure{#5} Voice{#5 excess:1/8} too long
2025-12-26 13:11:21,807 INFO [081_Schumann_Kinderszenen_Op15-1_page_0]                Voice.java:257  | Measure{#5} Voice{#7 excess:1/8} too long
2025-12-26 13:11:21,808 INFO [081_Schumann_Kinderszenen_Op15-1_page_0]                Voice.java:257  | Measure{#6} Voice{#1 excess:3/16} too long
2025-12-26 13:11:21,808 INFO [081_Schumann_Kinderszenen_Op15-1_page_0]                Voice.java:257  | Measure{#6} Voice{#2 excess:1/16} too long
2025-12-26 13:11:21,808 INFO [081_Schumann_Kinderszenen_Op15-1_page_0]                Voice.java:257  | Measure{#6} Voice{#8 excess:1/16} too long
2025-12-26 13:11:21,809 INFO [081_Schumann_Kinderszenen_Op15-1_page_0]                Voice.java:257  | Measure{#7} Voice{#7 excess:1/8} too long
2025-12-26 13:11:21,809 INFO [081_Schumann_Kinderszenen_Op15-1_page_0]                Voice.java:257  | Measure{#8} Voice{#6 excess:1/8} too long
2025-12-26 13:11:21,809 INFO [081_Schumann_Kinderszenen_Op15-1_page_0]                Voice.java:257  | Measure{#9} Voice{#5 excess:1/8} too long
2025-12-26 13:11:21,809 INFO [081_Schumann_Kinderszenen_Op15-1_page_0]                Voice.java:257  | Measure{#9} Voice{#6 excess:1/8} too long
2025-12-26 13:11:21,810 INFO [081_Schumann_Kinderszenen_Op15-1_page_0]                Voice.java:257  | Measure{#10} Voice{#7 excess:1/8} too long
2025-12-26 13:11:21,810 INFO [081_Schumann_Kinderszenen_Op15-1_page_0]                Voice.java:257  | Measure{#11} Voice{#5 excess:1/8} too long
2025-12-26 13:11:21,810 INFO [081_Schumann_Kinderszenen_Op15-1_page_0]                Voice.java:257  | Measure{#11} Voice{#6 excess:1/8} too long
2025-12-26 13:11:21,810 INFO [081_Schumann_Kinderszenen_Op15-1_page_0]                Voice.java:257  | Measure{#12} Voice{#3 excess:1/4} too long
2025-12-26 13:11:21,810 INFO [081_Schumann_Kinderszenen_Op15-1_page_0]                Voice.java:257  | Measure{#12} Voice{#7 excess:1/8} too long
2025-12-26 13:11:21,810 INFO [081_Schumann_Kinderszenen_Op15-1_page_0]                Voice.java:257  | Measure{#13} Voice{#7 excess:1/4} too long
2025-12-26 13:11:21,811 INFO [081_Schumann_Kinderszenen_Op15-1_page_0]                Voice.java:257  | Measure{#14} Voice{#1 excess:1/16} too long
2025-12-26 13:11:21,811 INFO [081_Schumann_Kinderszenen_Op15-1_page_0]                Voice.java:257  | Measure{#14} Voice{#7 excess:3/16} too long
2025-12-26 13:11:21,811 INFO [081_Schumann_Kinderszenen_Op15-1_page_0]                Voice.java:257  | Measure{#14} Voice{#8 excess:3/16} too long
2025-12-26 13:11:21,811 INFO [081_Schumann_Kinderszenen_Op15-1_page_0]                Voice.java:257  | Measure{#14} Voice{#9 excess:1/16} too long
2025-12-26 13:11:21,811 INFO [081_Schumann_Kinderszenen_Op15-1_page_0]                Voice.java:257  | Measure{#15} Voice{#7 excess:1/12} too long
2025-12-26 13:11:21,811 INFO [081_Schumann_Kinderszenen_Op15-1_page_0]                Voice.java:257  | Measure{#16} Voice{#1 excess:1/8} too long
2025-12-26 13:11:21,811 INFO [081_Schumann_Kinderszenen_Op15-1_page_0]                Voice.java:257  | Measure{#16} Voice{#7 excess:1/8} too long
2025-12-26 13:11:21,812 INFO [081_Schumann_Kinderszenen_Op15-1_page_0]                Voice.java:257  | Measure{#17} Voice{#7 excess:1/8} too long
2025-12-26 13:11:21,812 INFO [081_Schumann_Kinderszenen_Op15-1_page_0]                Voice.java:257  | Measure{#18} Voice{#1 excess:1/8} too long
2025-12-26 13:11:21,812 INFO [081_Schumann_Kinderszenen_Op15-1_page_0]                Voice.java:257  | Measure{#18} Voice{#7 excess:1/8} too long
2025-12-26 13:11:21,812 INFO [081_Schumann_Kinderszenen_Op15-1_page_0]                Voice.java:257  | Measure{#19} Voice{#6 excess:1/8} too long
2025-12-26 13:11:21,813 INFO [081_Schumann_Kinderszenen_Op15-1_page_0]                Voice.java:257  | Measure{#20} Voice{#7 excess:1/8} too long
2025-12-26 13:11:21,813 INFO [081_Schumann_Kinderszenen_Op15-1_page_0]                Voice.java:257  | Measure{#21} Voice{#7 excess:1/8} too long
2025-12-26 13:11:21,813 INFO [081_Schumann_Kinderszenen_Op15-1_page_0]                Voice.java:257  | Measure{#22} Voice{#5 excess:1/8} too long
2025-12-26 13:11:21,816 INFO [081_Schumann_Kinderszenen_Op15-1_page_0]                 Book.java:2596 | Book{081_Schumann_Kinderszenen_Op15-1_page_0} storing
2025-12-26 13:11:21,863 INFO [081_Schumann_Kinderszenen_Op15-1_page_0]                 Book.java:2577 | Stored /book.xml
2025-12-26 13:11:21,936 INFO [081_Schumann_Kinderszenen_Op15-1_page_0]           DataHolder.java:348  | Stored /sheet#1/BINARY.png
2025-12-26 13:11:22,633 INFO [081_Schumann_Kinderszenen_Op15-1_page_0]                Sheet.java:1583 | Stored /sheet#1/sheet#1.xml
2025-12-26 13:11:22,634 INFO [081_Schumann_Kinderszenen_Op15-1_page_0]                 Book.java:2537 | Book stored as C:\Users\Elliot\Downloads\Audiveris\scores\081_Schumann_Kinderszenen_Op15-1_page_0.omr
2025-12-26 13:11:22,640 INFO [081_Schumann_Kinderszenen_Op15-1_page_0]            SheetStub.java:1660 | Disposed sheet
2025-12-26 13:11:22,676 INFO [081_Schumann_Kinderszenen_Op15-1_page_0]                 Book.java:2064 | End of Stub#1
2025-12-26 13:11:22,677 INFO [081_Schumann_Kinderszenen_Op15-1_page_0]                 Book.java:2071 | Book processed.
2025-12-26 13:11:23,032 INFO [081_Schumann_Kinderszenen_Op15-1_page_0]            SheetStub.java:997  | Loaded /sheet#1/sheet#1.xml
2025-12-26 13:11:23,428 INFO [081_Schumann_Kinderszenen_Op15-1_page_0]      PartwiseBuilder.java:2688 | Exporting sheet(s): [#1]
2025-12-26 13:11:23,551 INFO [081_Schumann_Kinderszenen_Op15-1_page_0]        ScoreExporter.java:164  | Score 081_Schumann_Kinderszenen_Op15-1_page_0 exported to C:\Users\Elliot\Downloads\Audiveris\scores\081_Schumann_Kinderszenen_Op15-1_page_0.mxl
2025-12-26 13:11:23,595 INFO [081_Schumann_Kinderszenen_Op15-1_page_0]                Score.java:181  | Closing {Score 1}
