2025-12-26 13:11:25,267 INFO [082_Schumann_FrohlicherLandmann_Op68-10_B0-15_page_0]                 Book.java:560  | 1 sheet in C:\Users\Elliot\Downloads\Audiveris\scores\082_Schumann_FrohlicherLandmann_Op68-10_B0-15_page_0.jpg
2025-12-26 13:11:25,378 INFO []                 Book.java:2577 | Stored /book.xml
2025-12-26 13:11:25,379 INFO []                 Book.java:2537 | Book stored as C:\Users\Elliot\Downloads\Audiveris\scores\082_Schumann_FrohlicherLandmann_Op68-10_B0-15_page_0.omr
2025-12-26 13:11:25,389 INFO []                 Book.java:1929 | Book reaching PAGE on sheets:[#1]
2025-12-26 13:11:25,391 INFO [082_Schumann_FrohlicherLandmann_Op68-10_B0-15_page_0]       StepMonitoring.java:98   | LOAD
2025-12-26 13:11:25,477 INFO [082_Schumann_FrohlicherLandmann_Op68-10_B0-15_page_0]            SheetStub.java:1273 | Loaded image #1 1653x2339 from C:\Users\Elliot\Downloads\Audiveris\scores\082_Schumann_FrohlicherLandmann_Op68-10_B0-15_page_0.jpg
2025-12-26 13:11:25,481 INFO [082_Schumann_FrohlicherLandmann_Op68-10_B0-15_page_0]            ImageUtil.java:124  | Converting max RGB to gray
2025-12-26 13:11:25,595 INFO [082_Schumann_FrohlicherLandmann_Op68-10_B0-15_page_0]       StepMonitoring.java:98   | BINARY
2025-12-26 13:11:25,831 INFO [082_Schumann_FrohlicherLandmann_Op68-10_B0-15_page_0]       StepMonitoring.java:98   | SCALE
2025-12-26 13:11:25,854 INFO [082_Schumann_FrohlicherLandmann_Op68-10_B0-15_page_0]         ScaleBuilder.java:241  | Beam  guessed height:  6 -- 0.50 of 11 interline
2025-12-26 13:11:25,855 INFO [082_Schumann_FrohlicherLandmann_Op68-10_B0-15_page_0]         ScaleBuilder.java:264  | Beam measured height:  7 -- 0.43 of [4..11] range at 319% of needed quorum
2025-12-26 13:11:25,856 INFO [082_Schumann_FrohlicherLandmann_Op68-10_B0-15_page_0]            ScaleStep.java:65   | Scale{ interline(13,13,14) line(1,1,3) beam(7)}
2025-12-26 13:11:25,857 INFO [082_Schumann_FrohlicherLandmann_Op68-10_B0-15_page_0]       StepMonitoring.java:98   | GRID
2025-12-26 13:11:26,235 INFO [082_Schumann_FrohlicherLandmann_Op68-10_B0-15_page_0]       LinesRetriever.java:1500 | Global slope: 0.00000
2025-12-26 13:11:26,282 INFO [082_Schumann_FrohlicherLandmann_Op68-10_B0-15_page_0]    ClustersRetriever.java:326  | Retrieved raw line clusters: 8 of sizes [5] with interline(13,13,14)
2025-12-26 13:11:26,426 INFO [082_Schumann_FrohlicherLandmann_Op68-10_B0-15_page_0]            PeakGraph.java:310  | Systems: #1[1, 2] #2[3, 4] #3[5, 6] #4[7, 8]
2025-12-26 13:11:26,656 INFO [082_Schumann_FrohlicherLandmann_Op68-10_B0-15_page_0]        SystemManager.java:134  | Indentation detected for system #1
2025-12-26 13:11:26,658 INFO [082_Schumann_FrohlicherLandmann_Op68-10_B0-15_page_0]        SystemManager.java:779  | 1 part along 4 systems
2025-12-26 13:11:26,659 INFO [082_Schumann_FrohlicherLandmann_Op68-10_B0-15_page_0]                 Book.java:543  | Created scores: [{Score 1}]
2025-12-26 13:11:26,660 INFO [082_Schumann_FrohlicherLandmann_Op68-10_B0-15_page_0]       StepMonitoring.java:98   | HEADERS
2025-12-26 13:11:26,980 INFO []      BasicClassifier.java:286  | Classifier loaded XML norms.
2025-12-26 13:11:26,986 INFO []   AbstractClassifier.java:396  | Classifier data loaded from default uri jar:file:/C:/Users/Elliot/Downloads/Audiveris/app/audiveris.jar!/res/basic-classifier.zip
2025-12-26 13:11:27,602 INFO [082_Schumann_FrohlicherLandmann_Op68-10_B0-15_page_0]       StepMonitoring.java:98   | STEM_SEEDS
2025-12-26 13:11:27,646 INFO [082_Schumann_FrohlicherLandmann_Op68-10_B0-15_page_0]        StemSeedsStep.java:86   | stem(2 max:3)
2025-12-26 13:11:27,686 INFO [082_Schumann_FrohlicherLandmann_Op68-10_B0-15_page_0]       StepMonitoring.java:98   | BEAMS
2025-12-26 13:11:28,656 INFO [082_Schumann_FrohlicherLandmann_Op68-10_B0-15_page_0]       StepMonitoring.java:98   | LEDGERS
2025-12-26 13:11:28,794 INFO [082_Schumann_FrohlicherLandmann_Op68-10_B0-15_page_0]       StepMonitoring.java:98   | HEADS
2025-12-26 13:11:30,779 INFO [082_Schumann_FrohlicherLandmann_Op68-10_B0-15_page_0]        HeadSeedTally.java:235  | Scale information: HeadSeeds{NOTEHEAD_BLACK[L:-0.3,R:0.3]}
2025-12-26 13:11:30,779 INFO [082_Schumann_FrohlicherLandmann_Op68-10_B0-15_page_0]       StepMonitoring.java:98   | STEMS
2025-12-26 13:11:31,571 INFO [082_Schumann_FrohlicherLandmann_Op68-10_B0-15_page_0]       StepMonitoring.java:98   | REDUCTION
2025-12-26 13:11:31,797 INFO [082_Schumann_FrohlicherLandmann_Op68-10_B0-15_page_0]        ReductionStep.java:105  | Stems free length median value: 47 pixels, 3.6 interlines
2025-12-26 13:11:31,802 INFO [082_Schumann_FrohlicherLandmann_Op68-10_B0-15_page_0]       StepMonitoring.java:98   | CUE_BEAMS
2025-12-26 13:11:31,803 INFO [082_Schumann_FrohlicherLandmann_Op68-10_B0-15_page_0]         CueBeamsStep.java:81   | Step CUE_BEAMS is skipped because small heads switch is off
2025-12-26 13:11:31,803 INFO [082_Schumann_FrohlicherLandmann_Op68-10_B0-15_page_0]       StepMonitoring.java:98   | TEXTS
2025-12-26 13:11:31,893 WARN [082_Schumann_FrohlicherLandmann_Op68-10_B0-15_page_0]         TesseractOCR.java:335  | The collection of supported languages is empty
2025-12-26 13:11:31,893 INFO [082_Schumann_FrohlicherLandmann_Op68-10_B0-15_page_0]              OcrUtil.java:106  | Missing support for 'eng' language(s)
2025-12-26 13:11:31,904 INFO [082_Schumann_FrohlicherLandmann_Op68-10_B0-15_page_0]       StepMonitoring.java:98   | MEASURES
2025-12-26 13:11:31,919 INFO [082_Schumann_FrohlicherLandmann_Op68-10_B0-15_page_0]                 Page.java:307  | 15 raw measures: [5 in system#1, 4 in system#2, 3 in system#3, 3 in system#4]
2025-12-26 13:11:31,920 INFO [082_Schumann_FrohlicherLandmann_Op68-10_B0-15_page_0]       StepMonitoring.java:98   | CHORDS
2025-12-26 13:11:31,938 INFO [082_Schumann_FrohlicherLandmann_Op68-10_B0-15_page_0]       StepMonitoring.java:98   | CURVES
2025-12-26 13:11:32,460 INFO [082_Schumann_FrohlicherLandmann_Op68-10_B0-15_page_0]         SlursBuilder.java:240  | Slurs: 19
2025-12-26 13:11:32,478 INFO [082_Schumann_FrohlicherLandmann_Op68-10_B0-15_page_0]      SegmentsBuilder.java:155  | Segments: 28
2025-12-26 13:11:32,483 INFO [082_Schumann_FrohlicherLandmann_Op68-10_B0-15_page_0]       StepMonitoring.java:98   | SYMBOLS
2025-12-26 13:11:32,906 INFO [082_Schumann_FrohlicherLandmann_Op68-10_B0-15_page_0]       StepMonitoring.java:98   | LINKS
2025-12-26 13:11:32,970 INFO [082_Schumann_FrohlicherLandmann_Op68-10_B0-15_page_0]       StepMonitoring.java:98   | RHYTHMS
2025-12-26 13:11:33,064 INFO [082_Schumann_FrohlicherLandmann_Op68-10_B0-15_page_0]       StepMonitoring.java:98   | PAGE
2025-12-26 13:11:33,077 INFO [082_Schumann_FrohlicherLandmann_Op68-10_B0-15_page_0]                 Book.java:2596 | Book{082_Schumann_FrohlicherLandmann_Op68-10_B0-15_page_0} storing
2025-12-26 13:11:33,128 INFO [082_Schumann_FrohlicherLandmann_Op68-10_B0-15_page_0]                 Book.java:2577 | Stored /book.xml
2025-12-26 13:11:33,210 INFO [082_Schumann_FrohlicherLandmann_Op68-10_B0-15_page_0]           DataHolder.java:348  | Stored /sheet#1/BINARY.png
2025-12-26 13:11:33,805 INFO [082_Schumann_FrohlicherLandmann_Op68-10_B0-15_page_0]                Sheet.java:1583 | Stored /sheet#1/sheet#1.xml
2025-12-26 13:11:33,805 INFO [082_Schumann_FrohlicherLandmann_Op68-10_B0-15_page_0]                 Book.java:2537 | Book stored as C:\Users\Elliot\Downloads\Audiveris\scores\082_Schumann_FrohlicherLandmann_Op68-10_B0-15_page_0.omr
2025-12-26 13:11:33,811 INFO [082_Schumann_FrohlicherLandmann_Op68-10_B0-15_page_0]            SheetStub.java:1660 | Disposed sheet
2025-12-26 13:11:33,846 INFO [082_Schumann_FrohlicherLandmann_Op68-10_B0-15_page_0]                 Book.java:2064 | End of Stub#1
2025-12-26 13:11:33,848 INFO [082_Schumann_FrohlicherLandmann_Op68-10_B0-15_page_0]                 Book.java:2071 | Book processed.
2025-12-26 13:11:34,204 INFO [082_Schumann_FrohlicherLandmann_Op68-10_B0-15_page_0]            SheetStub.java:997  | Loaded /sheet#1/sheet#1.xml
2025-12-26 13:11:34,629 INFO [082_Schumann_FrohlicherLandmann_Op68-10_B0-15_page_0]      PartwiseBuilder.java:2688 | Exporting sheet(s): [#1]
2025-12-26 13:11:34,756 INFO [082_Schumann_FrohlicherLandmann_Op68-10_B0-15_page_0]        ScoreExporter.java:164  | Score 082_Schumann_FrohlicherLandmann_Op68-10_B0-15_page_0 exported to C:\Users\Elliot\Downloads\Audiveris\scores\082_Schumann_FrohlicherLandmann_Op68-10_B0-15_page_0.mxl
2025-12-26 13:11:34,797 INFO [082_Schumann_FrohlicherLandmann_Op68-10_B0-15_page_0]                Score.java:181  | Closing {Score 1}
