2025-12-26 13:11:36,623 INFO [083_Schumann_Kreisleriana_Op16-1_B0-17_page_0]                 Book.java:560  | 1 sheet in C:\Users\Elliot\Downloads\Audiveris\scores\083_Schumann_Kreisleriana_Op16-1_B0-17_page_0.jpg
2025-12-26 13:11:36,747 INFO []                 Book.java:2577 | Stored /book.xml
2025-12-26 13:11:36,748 INFO []                 Book.java:2537 | Book stored as C:\Users\Elliot\Downloads\Audiveris\scores\083_Schumann_Kreisleriana_Op16-1_B0-17_page_0.omr
2025-12-26 13:11:36,753 INFO []                 Book.java:1929 | Book reaching PAGE on sheets:[#1]
2025-12-26 13:11:36,759 INFO [083_Schumann_Kreisleriana_Op16-1_B0-17_page_0]       StepMonitoring.java:98   | LOAD
2025-12-26 13:11:36,858 INFO [083_Schumann_Kreisleriana_Op16-1_B0-17_page_0]            SheetStub.java:1273 | Loaded image #1 1653x2339 from C:\Users\Elliot\Downloads\Audiveris\scores\083_Schumann_Kreisleriana_Op16-1_B0-17_page_0.jpg
2025-12-26 13:11:36,862 INFO [083_Schumann_Kreisleriana_Op16-1_B0-17_page_0]            ImageUtil.java:124  | Converting max RGB to gray
2025-12-26 13:11:36,981 INFO [083_Schumann_Kreisleriana_Op16-1_B0-17_page_0]       StepMonitoring.java:98   | BINARY
2025-12-26 13:11:37,224 INFO [083_Schumann_Kreisleriana_Op16-1_B0-17_page_0]       StepMonitoring.java:98   | SCALE
2025-12-26 13:11:37,257 INFO [083_Schumann_Kreisleriana_Op16-1_B0-17_page_0]         ScaleBuilder.java:241  | Beam  guessed height:  5 -- 0.50 of 10 interline
2025-12-26 13:11:37,261 INFO [083_Schumann_Kreisleriana_Op16-1_B0-17_page_0]         ScaleBuilder.java:264  | Beam measured height:  6 -- 0.43 of [3..10] range at 639% of needed quorum
2025-12-26 13:11:37,262 INFO [083_Schumann_Kreisleriana_Op16-1_B0-17_page_0]            ScaleStep.java:65   | Scale{ interline(11,12,12) line(1,1,3) beam(6)}
2025-12-26 13:11:37,262 INFO [083_Schumann_Kreisleriana_Op16-1_B0-17_page_0]       StepMonitoring.java:98   | GRID
2025-12-26 13:11:37,842 INFO [083_Schumann_Kreisleriana_Op16-1_B0-17_page_0]       LinesRetriever.java:1500 | Global slope: -0.00022
2025-12-26 13:11:37,906 INFO [083_Schumann_Kreisleriana_Op16-1_B0-17_page_0]    ClustersRetriever.java:326  | Retrieved raw line clusters: 12 of sizes [5] with interline(11,12,12)
2025-12-26 13:11:38,073 INFO [083_Schumann_Kreisleriana_Op16-1_B0-17_page_0]            PeakGraph.java:310  | Systems: #1[1, 2] #2[3, 4] #3[5, 6] #4[7, 8] #5[9, 10] #6[11, 12]
2025-12-26 13:11:38,384 INFO [083_Schumann_Kreisleriana_Op16-1_B0-17_page_0]        SystemManager.java:134  | Indentation detected for system #1
2025-12-26 13:11:38,384 INFO [083_Schumann_Kreisleriana_Op16-1_B0-17_page_0]        SystemManager.java:779  | 1 part along 6 systems
2025-12-26 13:11:38,385 INFO [083_Schumann_Kreisleriana_Op16-1_B0-17_page_0]                 Book.java:543  | Created scores: [{Score 1}]
2025-12-26 13:11:38,385 INFO [083_Schumann_Kreisleriana_Op16-1_B0-17_page_0]       StepMonitoring.java:98   | HEADERS
2025-12-26 13:11:38,690 INFO [083_Schumann_Kreisleriana_Op16-1_B0-17_page_0]      BasicClassifier.java:286  | Classifier loaded XML norms.
2025-12-26 13:11:38,694 INFO [083_Schumann_Kreisleriana_Op16-1_B0-17_page_0]   AbstractClassifier.java:396  | Classifier data loaded from default uri jar:file:/C:/Users/Elliot/Downloads/Audiveris/app/audiveris.jar!/res/basic-classifier.zip
2025-12-26 13:11:39,608 INFO [083_Schumann_Kreisleriana_Op16-1_B0-17_page_0]       StepMonitoring.java:98   | STEM_SEEDS
2025-12-26 13:11:39,653 INFO [083_Schumann_Kreisleriana_Op16-1_B0-17_page_0]        StemSeedsStep.java:86   | stem(2 max:3)
2025-12-26 13:11:39,715 INFO [083_Schumann_Kreisleriana_Op16-1_B0-17_page_0]       StepMonitoring.java:98   | BEAMS
2025-12-26 13:11:40,662 INFO [083_Schumann_Kreisleriana_Op16-1_B0-17_page_0]       StepMonitoring.java:98   | LEDGERS
2025-12-26 13:11:40,873 INFO [083_Schumann_Kreisleriana_Op16-1_B0-17_page_0]       StepMonitoring.java:98   | HEADS
2025-12-26 13:11:42,818 INFO [083_Schumann_Kreisleriana_Op16-1_B0-17_page_0]        HeadSeedTally.java:235  | Scale information: HeadSeeds{NOTEHEAD_BLACK[L:-0.4,R:0.3]}
2025-12-26 13:11:42,819 INFO [083_Schumann_Kreisleriana_Op16-1_B0-17_page_0]       StepMonitoring.java:98   | STEMS
2025-12-26 13:11:43,768 INFO [083_Schumann_Kreisleriana_Op16-1_B0-17_page_0]       StepMonitoring.java:98   | REDUCTION
2025-12-26 13:11:43,991 INFO [083_Schumann_Kreisleriana_Op16-1_B0-17_page_0]        ReductionStep.java:105  | Stems free length median value: 42 pixels, 3.5 interlines
2025-12-26 13:11:43,999 INFO [083_Schumann_Kreisleriana_Op16-1_B0-17_page_0]       StepMonitoring.java:98   | CUE_BEAMS
2025-12-26 13:11:43,999 INFO [083_Schumann_Kreisleriana_Op16-1_B0-17_page_0]         CueBeamsStep.java:81   | Step CUE_BEAMS is skipped because small heads switch is off
2025-12-26 13:11:44,000 INFO [083_Schumann_Kreisleriana_Op16-1_B0-17_page_0]       StepMonitoring.java:98   | TEXTS
2025-12-26 13:11:44,106 WARN [083_Schumann_Kreisleriana_Op16-1_B0-17_page_0]         TesseractOCR.java:335  | The collection of supported languages is empty
2025-12-26 13:11:44,107 INFO [083_Schumann_Kreisleriana_Op16-1_B0-17_page_0]              OcrUtil.java:106  | Missing support for 'eng' language(s)
2025-12-26 13:11:44,127 INFO [083_Schumann_Kreisleriana_Op16-1_B0-17_page_0]       StepMonitoring.java:98   | MEASURES
2025-12-26 13:11:44,141 INFO [083_Schumann_Kreisleriana_Op16-1_B0-17_page_0]                 Page.java:307  | 18 raw measures: [3 in system#1, 3 in system#2, 3 in system#3, 3 in system#4, 3 in system#5, 3 in system#6]
2025-12-26 13:11:44,141 INFO [083_Schumann_Kreisleriana_Op16-1_B0-17_page_0]       StepMonitoring.java:98   | CHORDS
2025-12-26 13:11:44,165 INFO [083_Schumann_Kreisleriana_Op16-1_B0-17_page_0]       StepMonitoring.java:98   | CURVES
2025-12-26 13:11:44,904 INFO [083_Schumann_Kreisleriana_Op16-1_B0-17_page_0]         SlursBuilder.java:240  | Slurs: 79
2025-12-26 13:11:44,963 INFO [083_Schumann_Kreisleriana_Op16-1_B0-17_page_0]      SegmentsBuilder.java:155  | Segments: 50
2025-12-26 13:11:44,985 INFO [083_Schumann_Kreisleriana_Op16-1_B0-17_page_0]       StepMonitoring.java:98   | SYMBOLS
2025-12-26 13:11:45,621 INFO [083_Schumann_Kreisleriana_Op16-1_B0-17_page_0]       StepMonitoring.java:98   | LINKS
2025-12-26 13:11:45,704 INFO [083_Schumann_Kreisleriana_Op16-1_B0-17_page_0]             KeyInter.java:1298 | Key built KeyInter#8935{(0.800) staff:11 KEY_FLAT_1 pitch:0.2 fifths:-1}
2025-12-26 13:11:45,705 INFO [083_Schumann_Kreisleriana_Op16-1_B0-17_page_0]             KeyInter.java:1298 | Key built KeyInter#8937{(0.800) staff:12 KEY_FLAT_1 pitch:0.2 fifths:-1}
2025-12-26 13:11:45,715 INFO [083_Schumann_Kreisleriana_Op16-1_B0-17_page_0]       StepMonitoring.java:98   | RHYTHMS
2025-12-26 13:11:45,745 INFO [083_Schumann_Kreisleriana_Op16-1_B0-17_page_0]                Voice.java:257  | Measure{#2} Voice{#2 excess:1/16} too long
2025-12-26 13:11:45,746 INFO [083_Schumann_Kreisleriana_Op16-1_B0-17_page_0]          StackRhythm.java:224  | S1 MeasureStack#2 no correct rhythm
2025-12-26 13:11:45,753 INFO [083_Schumann_Kreisleriana_Op16-1_B0-17_page_0]        MeasureRhythm.java:1045 | Measure{#3} No timeOffset for HeadChordInter#6889{(0.949/0.949) staff:1 slot#10 dur:1/16}
2025-12-26 13:11:45,754 INFO [083_Schumann_Kreisleriana_Op16-1_B0-17_page_0]        MeasureRhythm.java:1045 | Measure{#3} No timeOffset for HeadChordInter#6896{(0.964/0.964) staff:2 slot#10 dur:1/4}
2025-12-26 13:11:45,754 INFO [083_Schumann_Kreisleriana_Op16-1_B0-17_page_0]          StackRhythm.java:224  | S1 MeasureStack#3 no correct rhythm
2025-12-26 13:11:45,761 INFO [083_Schumann_Kreisleriana_Op16-1_B0-17_page_0]        MeasureRhythm.java:1045 | Measure{#4} No timeOffset for HeadChordInter#6897{(0.950/0.950) staff:3 slot#2 dur:1/16}
2025-12-26 13:11:45,762 INFO [083_Schumann_Kreisleriana_Op16-1_B0-17_page_0]        MeasureRhythm.java:1045 | Measure{#4} No timeOffset for HeadChordInter#6934{(0.967/0.967) staff:4 slot#2 dur:1/8}
2025-12-26 13:11:45,762 INFO [083_Schumann_Kreisleriana_Op16-1_B0-17_page_0]   AbstractChordInter.java:627  | Measure{#4} No timeOffset for HeadChordInter#6899{(0.946/0.946) staff:3 slot#4 dur:1/16}
2025-12-26 13:11:45,763 INFO [083_Schumann_Kreisleriana_Op16-1_B0-17_page_0]   AbstractChordInter.java:627  | Measure{#4} No timeOffset for HeadChordInter#6934{(0.967/0.967) staff:4 slot#2 dur:1/8}
2025-12-26 13:11:45,763 INFO [083_Schumann_Kreisleriana_Op16-1_B0-17_page_0]   AbstractChordInter.java:627  | Measure{#4} No timeOffset for HeadChordInter#6902{(0.951/0.951) staff:3 slot#7 dur:1/16}
2025-12-26 13:11:45,764 INFO [083_Schumann_Kreisleriana_Op16-1_B0-17_page_0]   AbstractChordInter.java:627  | Measure{#4} No timeOffset for HeadChordInter#6935{(0.962/0.962) staff:4 slot#5 dur:1/4}
2025-12-26 13:11:45,764 INFO [083_Schumann_Kreisleriana_Op16-1_B0-17_page_0]   AbstractChordInter.java:627  | Measure{#4} No timeOffset for HeadChordInter#6905{(0.941/0.941) staff:3 slot#10 dur:1/16}
2025-12-26 13:11:45,764 INFO [083_Schumann_Kreisleriana_Op16-1_B0-17_page_0]   AbstractChordInter.java:627  | Measure{#4} No timeOffset for HeadChordInter#6935{(0.962/0.962) staff:4 slot#5 dur:1/4}
2025-12-26 13:11:45,765 INFO [083_Schumann_Kreisleriana_Op16-1_B0-17_page_0]          StackRhythm.java:224  | S2 MeasureStack#4 no correct rhythm
2025-12-26 13:11:45,770 INFO [083_Schumann_Kreisleriana_Op16-1_B0-17_page_0]        MeasureRhythm.java:1045 | Measure{#5} No timeOffset for HeadChordInter#6918{(0.956/0.956) staff:3 slot#10 dur:1/16}
2025-12-26 13:11:45,772 INFO [083_Schumann_Kreisleriana_Op16-1_B0-17_page_0]          StackRhythm.java:224  | S2 MeasureStack#5 no correct rhythm
2025-12-26 13:11:45,775 INFO [083_Schumann_Kreisleriana_Op16-1_B0-17_page_0]        MeasureRhythm.java:1045 | Measure{#6} No timeOffset for HeadChordInter#6930{(0.964/0.964) staff:3 slot#10 dur:1/16}
2025-12-26 13:11:45,776 INFO [083_Schumann_Kreisleriana_Op16-1_B0-17_page_0]        MeasureRhythm.java:1045 | Measure{#6} No timeOffset for HeadChordInter#6940{(0.969/0.969) staff:4 slot#10 dur:1/4}
2025-12-26 13:11:45,776 INFO [083_Schumann_Kreisleriana_Op16-1_B0-17_page_0]          StackRhythm.java:224  | S2 MeasureStack#6 no correct rhythm
2025-12-26 13:11:45,782 INFO [083_Schumann_Kreisleriana_Op16-1_B0-17_page_0]        MeasureRhythm.java:1045 | Measure{#7} No timeOffset for HeadChordInter#6950{(0.968/0.968) staff:5 slot#10 dur:1/16}
2025-12-26 13:11:45,782 INFO [083_Schumann_Kreisleriana_Op16-1_B0-17_page_0]        MeasureRhythm.java:1045 | Measure{#7} No timeOffset for HeadChordInter#6976{(0.965/0.965) staff:6 slot#10 dur:1/8}
2025-12-26 13:11:45,783 INFO [083_Schumann_Kreisleriana_Op16-1_B0-17_page_0]          StackRhythm.java:224  | S3 MeasureStack#7 no correct rhythm
2025-12-26 13:11:45,790 INFO [083_Schumann_Kreisleriana_Op16-1_B0-17_page_0]        MeasureRhythm.java:1045 | Measure{#8} No timeOffset for HeadChordInter#6962{(0.970/0.970) staff:5 slot#10 dur:1/16}
2025-12-26 13:11:45,790 INFO [083_Schumann_Kreisleriana_Op16-1_B0-17_page_0]        MeasureRhythm.java:1045 | Measure{#8} No timeOffset for HeadChordInter#6979{(0.964/0.964) staff:6 slot#10 dur:1/8}
2025-12-26 13:11:45,791 INFO [083_Schumann_Kreisleriana_Op16-1_B0-17_page_0]          StackRhythm.java:224  | S3 MeasureStack#8 no correct rhythm
2025-12-26 13:11:45,797 INFO [083_Schumann_Kreisleriana_Op16-1_B0-17_page_0]                Voice.java:257  | Measure{#10} Voice{#6 excess:1/16} too long
2025-12-26 13:11:45,798 INFO [083_Schumann_Kreisleriana_Op16-1_B0-17_page_0]                Voice.java:257  | Measure{#10} Voice{#7 excess:1/8} too long
2025-12-26 13:11:45,798 INFO [083_Schumann_Kreisleriana_Op16-1_B0-17_page_0]          StackRhythm.java:224  | S4 MeasureStack#10 no correct rhythm
2025-12-26 13:11:45,803 INFO [083_Schumann_Kreisleriana_Op16-1_B0-17_page_0]                Voice.java:257  | Measure{#11} Voice{#4 excess:1/16} too long
2025-12-26 13:11:45,804 INFO [083_Schumann_Kreisleriana_Op16-1_B0-17_page_0]          StackRhythm.java:224  | S4 MeasureStack#11 no correct rhythm
2025-12-26 13:11:45,810 INFO [083_Schumann_Kreisleriana_Op16-1_B0-17_page_0]                Voice.java:257  | Measure{#12} Voice{#4 excess:1/16} too long
2025-12-26 13:11:45,811 INFO [083_Schumann_Kreisleriana_Op16-1_B0-17_page_0]          StackRhythm.java:224  | S4 MeasureStack#12 no correct rhythm
2025-12-26 13:11:45,815 INFO [083_Schumann_Kreisleriana_Op16-1_B0-17_page_0]                Voice.java:257  | Measure{#13} Voice{#4 excess:1/16} too long
2025-12-26 13:11:45,815 INFO [083_Schumann_Kreisleriana_Op16-1_B0-17_page_0]          StackRhythm.java:224  | S5 MeasureStack#13 no correct rhythm
2025-12-26 13:11:45,819 INFO [083_Schumann_Kreisleriana_Op16-1_B0-17_page_0]                Voice.java:257  | Measure{#14} Voice{#3 excess:1/16} too long
2025-12-26 13:11:45,820 INFO [083_Schumann_Kreisleriana_Op16-1_B0-17_page_0]          StackRhythm.java:224  | S5 MeasureStack#14 no correct rhythm
2025-12-26 13:11:45,824 INFO [083_Schumann_Kreisleriana_Op16-1_B0-17_page_0]                Voice.java:257  | Measure{#15} Voice{#3 excess:1/16} too long
2025-12-26 13:11:45,825 INFO [083_Schumann_Kreisleriana_Op16-1_B0-17_page_0]          StackRhythm.java:224  | S5 MeasureStack#15 no correct rhythm
2025-12-26 13:11:45,829 INFO [083_Schumann_Kreisleriana_Op16-1_B0-17_page_0]        MeasureRhythm.java:1045 | Measure{#16} No timeOffset for HeadChordInter#7089{(0.946/0.946) staff:11 slot#10 dur:1/16}
2025-12-26 13:11:45,829 INFO [083_Schumann_Kreisleriana_Op16-1_B0-17_page_0]        MeasureRhythm.java:1045 | Measure{#16} No timeOffset for HeadChordInter#7110{(0.944/0.944) staff:12 slot#10 dur:1/8}
2025-12-26 13:11:45,829 INFO [083_Schumann_Kreisleriana_Op16-1_B0-17_page_0]          StackRhythm.java:224  | S6 MeasureStack#16 no correct rhythm
2025-12-26 13:11:45,831 INFO [083_Schumann_Kreisleriana_Op16-1_B0-17_page_0]                Voice.java:257  | Measure{#17} Voice{#4 excess:1/16} too long
2025-12-26 13:11:45,832 INFO [083_Schumann_Kreisleriana_Op16-1_B0-17_page_0]          StackRhythm.java:224  | S6 MeasureStack#17 no correct rhythm
2025-12-26 13:11:45,833 INFO [083_Schumann_Kreisleriana_Op16-1_B0-17_page_0]       StepMonitoring.java:98   | PAGE
2025-12-26 13:11:45,840 INFO [083_Schumann_Kreisleriana_Op16-1_B0-17_page_0]                Voice.java:257  | Measure{#2} Voice{#2 excess:1/16} too long
2025-12-26 13:11:45,841 INFO [083_Schumann_Kreisleriana_Op16-1_B0-17_page_0]                Voice.java:257  | Measure{#10} Voice{#6 excess:1/16} too long
2025-12-26 13:11:45,841 INFO [083_Schumann_Kreisleriana_Op16-1_B0-17_page_0]                Voice.java:257  | Measure{#10} Voice{#7 excess:1/8} too long
2025-12-26 13:11:45,841 INFO [083_Schumann_Kreisleriana_Op16-1_B0-17_page_0]                Voice.java:257  | Measure{#11} Voice{#4 excess:1/16} too long
2025-12-26 13:11:45,841 INFO [083_Schumann_Kreisleriana_Op16-1_B0-17_page_0]                Voice.java:257  | Measure{#12} Voice{#4 excess:1/16} too long
2025-12-26 13:11:45,841 INFO [083_Schumann_Kreisleriana_Op16-1_B0-17_page_0]                Voice.java:257  | Measure{#13} Voice{#4 excess:1/16} too long
2025-12-26 13:11:45,842 INFO [083_Schumann_Kreisleriana_Op16-1_B0-17_page_0]                Voice.java:257  | Measure{#14} Voice{#3 excess:1/16} too long
2025-12-26 13:11:45,842 INFO [083_Schumann_Kreisleriana_Op16-1_B0-17_page_0]                Voice.java:257  | Measure{#15} Voice{#3 excess:1/16} too long
2025-12-26 13:11:45,842 INFO [083_Schumann_Kreisleriana_Op16-1_B0-17_page_0]                Voice.java:257  | Measure{#17} Voice{#4 excess:1/16} too long
2025-12-26 13:11:45,847 INFO [083_Schumann_Kreisleriana_Op16-1_B0-17_page_0]                 Book.java:2596 | Book{083_Schumann_Kreisleriana_Op16-1_B0-17_page_0} storing
2025-12-26 13:11:45,893 INFO [083_Schumann_Kreisleriana_Op16-1_B0-17_page_0]                 Book.java:2577 | Stored /book.xml
2025-12-26 13:11:45,971 INFO [083_Schumann_Kreisleriana_Op16-1_B0-17_page_0]           DataHolder.java:348  | Stored /sheet#1/BINARY.png
2025-12-26 13:11:46,978 INFO [083_Schumann_Kreisleriana_Op16-1_B0-17_page_0]                Sheet.java:1583 | Stored /sheet#1/sheet#1.xml
2025-12-26 13:11:46,979 INFO [083_Schumann_Kreisleriana_Op16-1_B0-17_page_0]                 Book.java:2537 | Book stored as C:\Users\Elliot\Downloads\Audiveris\scores\083_Schumann_Kreisleriana_Op16-1_B0-17_page_0.omr
2025-12-26 13:11:46,982 INFO [083_Schumann_Kreisleriana_Op16-1_B0-17_page_0]            SheetStub.java:1660 | Disposed sheet
2025-12-26 13:11:47,014 INFO [083_Schumann_Kreisleriana_Op16-1_B0-17_page_0]                 Book.java:2064 | End of Stub#1
2025-12-26 13:11:47,015 INFO [083_Schumann_Kreisleriana_Op16-1_B0-17_page_0]                 Book.java:2071 | Book processed.
2025-12-26 13:11:47,472 INFO [083_Schumann_Kreisleriana_Op16-1_B0-17_page_0]            SheetStub.java:997  | Loaded /sheet#1/sheet#1.xml
2025-12-26 13:11:47,870 INFO [083_Schumann_Kreisleriana_Op16-1_B0-17_page_0]      PartwiseBuilder.java:2688 | Exporting sheet(s): [#1]
2025-12-26 13:11:47,906 WARN [083_Schumann_Kreisleriana_Op16-1_B0-17_page_0]      PartwiseBuilder.java:898  | No number for SlurInter#7118{(0.646/0.940) SLUR_ABOVE}
2025-12-26 13:11:48,001 INFO [083_Schumann_Kreisleriana_Op16-1_B0-17_page_0]        ScoreExporter.java:164  | Score 083_Schumann_Kreisleriana_Op16-1_B0-17_page_0 exported to C:\Users\Elliot\Downloads\Audiveris\scores\083_Schumann_Kreisleriana_Op16-1_B0-17_page_0.mxl
2025-12-26 13:11:48,054 INFO [083_Schumann_Kreisleriana_Op16-1_B0-17_page_0]                Score.java:181  | Closing {Score 1}
