2025-12-26 13:11:49,804 INFO [084_Schumann_Kreisleriana_Op16-3_B0-32_page_0]                 Book.java:560  | 1 sheet in C:\Users\Elliot\Downloads\Audiveris\scores\084_Schumann_Kreisleriana_Op16-3_B0-32_page_0.jpg
2025-12-26 13:11:49,961 INFO []                 Book.java:2577 | Stored /book.xml
2025-12-26 13:11:49,961 INFO []                 Book.java:2537 | Book stored as C:\Users\Elliot\Downloads\Audiveris\scores\084_Schumann_Kreisleriana_Op16-3_B0-32_page_0.omr
2025-12-26 13:11:49,967 INFO []                 Book.java:1929 | Book reaching PAGE on sheets:[#1]
2025-12-26 13:11:49,973 INFO [084_Schumann_Kreisleriana_Op16-3_B0-32_page_0]       StepMonitoring.java:98   | LOAD
2025-12-26 13:11:50,087 INFO [084_Schumann_Kreisleriana_Op16-3_B0-32_page_0]            SheetStub.java:1273 | Loaded image #1 1653x2339 from C:\Users\Elliot\Downloads\Audiveris\scores\084_Schumann_Kreisleriana_Op16-3_B0-32_page_0.jpg
2025-12-26 13:11:50,091 INFO [084_Schumann_Kreisleriana_Op16-3_B0-32_page_0]            ImageUtil.java:124  | Converting max RGB to gray
2025-12-26 13:11:50,249 INFO [084_Schumann_Kreisleriana_Op16-3_B0-32_page_0]       StepMonitoring.java:98   | BINARY
2025-12-26 13:11:50,607 INFO [084_Schumann_Kreisleriana_Op16-3_B0-32_page_0]       StepMonitoring.java:98   | SCALE
2025-12-26 13:11:50,648 INFO [084_Schumann_Kreisleriana_Op16-3_B0-32_page_0]         ScaleBuilder.java:241  | Beam  guessed height:  5 -- 0.50 of 10 interline
2025-12-26 13:11:50,650 INFO [084_Schumann_Kreisleriana_Op16-3_B0-32_page_0]         ScaleBuilder.java:264  | Beam measured height:  6 -- 0.43 of [3..10] range at 362% of needed quorum
2025-12-26 13:11:50,651 INFO [084_Schumann_Kreisleriana_Op16-3_B0-32_page_0]            ScaleStep.java:65   | Scale{ interline(11,12,12) line(1,1,3) beam(6)}
2025-12-26 13:11:50,652 INFO [084_Schumann_Kreisleriana_Op16-3_B0-32_page_0]       StepMonitoring.java:98   | GRID
2025-12-26 13:11:51,401 INFO [084_Schumann_Kreisleriana_Op16-3_B0-32_page_0]       LinesRetriever.java:1500 | Global slope: 0.00000
2025-12-26 13:11:51,495 INFO [084_Schumann_Kreisleriana_Op16-3_B0-32_page_0]    ClustersRetriever.java:326  | Retrieved raw line clusters: 14 of sizes [5] with interline(11,12,12)
2025-12-26 13:11:51,731 INFO [084_Schumann_Kreisleriana_Op16-3_B0-32_page_0]            PeakGraph.java:310  | Systems: #1[1, 2] #2[3, 4] #3[5, 6] #4[7, 8] #5[9, 10] #6[11, 12] #7[13, 14]
2025-12-26 13:11:52,071 INFO [084_Schumann_Kreisleriana_Op16-3_B0-32_page_0]        SystemManager.java:134  | Indentation detected for system #1
2025-12-26 13:11:52,072 INFO [084_Schumann_Kreisleriana_Op16-3_B0-32_page_0]        SystemManager.java:779  | 1 part along 7 systems
2025-12-26 13:11:52,073 INFO [084_Schumann_Kreisleriana_Op16-3_B0-32_page_0]                 Book.java:543  | Created scores: [{Score 1}]
2025-12-26 13:11:52,073 INFO [084_Schumann_Kreisleriana_Op16-3_B0-32_page_0]       StepMonitoring.java:98   | HEADERS
2025-12-26 13:11:52,423 INFO [084_Schumann_Kreisleriana_Op16-3_B0-32_page_0]      BasicClassifier.java:286  | Classifier loaded XML norms.
2025-12-26 13:11:52,427 INFO [084_Schumann_Kreisleriana_Op16-3_B0-32_page_0]   AbstractClassifier.java:396  | Classifier data loaded from default uri jar:file:/C:/Users/Elliot/Downloads/Audiveris/app/audiveris.jar!/res/basic-classifier.zip
2025-12-26 13:11:53,652 INFO [084_Schumann_Kreisleriana_Op16-3_B0-32_page_0]       StepMonitoring.java:98   | STEM_SEEDS
2025-12-26 13:11:53,698 INFO [084_Schumann_Kreisleriana_Op16-3_B0-32_page_0]        StemSeedsStep.java:86   | stem(2 max:3)
2025-12-26 13:11:53,750 INFO [084_Schumann_Kreisleriana_Op16-3_B0-32_page_0]       StepMonitoring.java:98   | BEAMS
2025-12-26 13:11:54,821 INFO [084_Schumann_Kreisleriana_Op16-3_B0-32_page_0]       StepMonitoring.java:98   | LEDGERS
2025-12-26 13:11:55,092 INFO [084_Schumann_Kreisleriana_Op16-3_B0-32_page_0]       StepMonitoring.java:98   | HEADS
2025-12-26 13:11:57,360 INFO [084_Schumann_Kreisleriana_Op16-3_B0-32_page_0]        HeadSeedTally.java:235  | Scale information: HeadSeeds{NOTEHEAD_BLACK[L:-0.5,R:0.5]}
2025-12-26 13:11:57,361 INFO [084_Schumann_Kreisleriana_Op16-3_B0-32_page_0]       StepMonitoring.java:98   | STEMS
2025-12-26 13:11:58,381 INFO [084_Schumann_Kreisleriana_Op16-3_B0-32_page_0]       StepMonitoring.java:98   | REDUCTION
2025-12-26 13:11:58,601 INFO [084_Schumann_Kreisleriana_Op16-3_B0-32_page_0]        ReductionStep.java:105  | Stems free length median value: 42 pixels, 3.5 interlines
2025-12-26 13:11:58,609 INFO [084_Schumann_Kreisleriana_Op16-3_B0-32_page_0]       StepMonitoring.java:98   | CUE_BEAMS
2025-12-26 13:11:58,610 INFO [084_Schumann_Kreisleriana_Op16-3_B0-32_page_0]         CueBeamsStep.java:81   | Step CUE_BEAMS is skipped because small heads switch is off
2025-12-26 13:11:58,611 INFO [084_Schumann_Kreisleriana_Op16-3_B0-32_page_0]       StepMonitoring.java:98   | TEXTS
2025-12-26 13:11:58,703 WARN [084_Schumann_Kreisleriana_Op16-3_B0-32_page_0]         TesseractOCR.java:335  | The collection of supported languages is empty
2025-12-26 13:11:58,704 INFO [084_Schumann_Kreisleriana_Op16-3_B0-32_page_0]              OcrUtil.java:106  | Missing support for 'eng' language(s)
2025-12-26 13:11:58,718 INFO [084_Schumann_Kreisleriana_Op16-3_B0-32_page_0]       StepMonitoring.java:98   | MEASURES
2025-12-26 13:11:58,727 INFO [084_Schumann_Kreisleriana_Op16-3_B0-32_page_0]                 Page.java:307  | 33 raw measures: [5 in system#1, 5 in system#2, 5 in system#3, 5 in system#4, 4 in system#5, 4 in system#6, 5 in system#7]
2025-12-26 13:11:58,727 INFO [084_Schumann_Kreisleriana_Op16-3_B0-32_page_0]       StepMonitoring.java:98   | CHORDS
2025-12-26 13:11:58,753 INFO [084_Schumann_Kreisleriana_Op16-3_B0-32_page_0]       StepMonitoring.java:98   | CURVES
2025-12-26 13:11:59,642 INFO [084_Schumann_Kreisleriana_Op16-3_B0-32_page_0]         SlursBuilder.java:240  | Slurs: 64
2025-12-26 13:11:59,760 INFO [084_Schumann_Kreisleriana_Op16-3_B0-32_page_0]      SegmentsBuilder.java:155  | Segments: 40
2025-12-26 13:11:59,771 INFO [084_Schumann_Kreisleriana_Op16-3_B0-32_page_0]       StepMonitoring.java:98   | SYMBOLS
2025-12-26 13:12:00,558 INFO [084_Schumann_Kreisleriana_Op16-3_B0-32_page_0]       StepMonitoring.java:98   | LINKS
2025-12-26 13:12:00,666 INFO [084_Schumann_Kreisleriana_Op16-3_B0-32_page_0]       StepMonitoring.java:98   | RHYTHMS
2025-12-26 13:12:00,701 INFO [084_Schumann_Kreisleriana_Op16-3_B0-32_page_0]                Voice.java:257  | Measure{#5} Voice{#2 excess:1/16} too long
2025-12-26 13:12:00,701 INFO [084_Schumann_Kreisleriana_Op16-3_B0-32_page_0]                Voice.java:257  | Measure{#5} Voice{#6 excess:1/16} too long
2025-12-26 13:12:00,702 INFO [084_Schumann_Kreisleriana_Op16-3_B0-32_page_0]          StackRhythm.java:224  | S1 MeasureStack#5 no correct rhythm
2025-12-26 13:12:00,716 INFO [084_Schumann_Kreisleriana_Op16-3_B0-32_page_0]                Voice.java:257  | Measure{#10} Voice{#2 excess:1/16} too long
2025-12-26 13:12:00,717 INFO [084_Schumann_Kreisleriana_Op16-3_B0-32_page_0]          StackRhythm.java:224  | S2 MeasureStack#10 no correct rhythm
2025-12-26 13:12:00,719 INFO [084_Schumann_Kreisleriana_Op16-3_B0-32_page_0]                Voice.java:257  | Measure{#11} Voice{#5 excess:1/8} too long
2025-12-26 13:12:00,719 INFO [084_Schumann_Kreisleriana_Op16-3_B0-32_page_0]          StackRhythm.java:224  | S3 MeasureStack#11 no correct rhythm
2025-12-26 13:12:00,725 INFO [084_Schumann_Kreisleriana_Op16-3_B0-32_page_0]                Voice.java:257  | Measure{#14} Voice{#1 excess:1/16} too long
2025-12-26 13:12:00,726 INFO [084_Schumann_Kreisleriana_Op16-3_B0-32_page_0]          StackRhythm.java:224  | S3 MeasureStack#14 no correct rhythm
2025-12-26 13:12:00,730 INFO [084_Schumann_Kreisleriana_Op16-3_B0-32_page_0]                Voice.java:257  | Measure{#16} Voice{#1 excess:1/8} too long
2025-12-26 13:12:00,730 INFO [084_Schumann_Kreisleriana_Op16-3_B0-32_page_0]          StackRhythm.java:224  | S4 MeasureStack#16 no correct rhythm
2025-12-26 13:12:00,738 INFO [084_Schumann_Kreisleriana_Op16-3_B0-32_page_0]                Voice.java:257  | Measure{#20} Voice{#2 excess:1/8} too long
2025-12-26 13:12:00,740 INFO [084_Schumann_Kreisleriana_Op16-3_B0-32_page_0]          StackRhythm.java:224  | S4 MeasureStack#20 no correct rhythm
2025-12-26 13:12:00,743 INFO [084_Schumann_Kreisleriana_Op16-3_B0-32_page_0]        MeasureRhythm.java:1045 | Measure{#22} No timeOffset for HeadChordInter#8244{(0.939/0.939) staff:9 slot#8 dur:1/8}
2025-12-26 13:12:00,744 INFO [084_Schumann_Kreisleriana_Op16-3_B0-32_page_0]          StackRhythm.java:224  | S5 MeasureStack#22 no correct rhythm
2025-12-26 13:12:00,747 INFO [084_Schumann_Kreisleriana_Op16-3_B0-32_page_0]                Voice.java:257  | Measure{#24} Voice{#1 excess:1/8} too long
2025-12-26 13:12:00,747 INFO [084_Schumann_Kreisleriana_Op16-3_B0-32_page_0]          StackRhythm.java:224  | S5 MeasureStack#24 no correct rhythm
2025-12-26 13:12:00,754 INFO [084_Schumann_Kreisleriana_Op16-3_B0-32_page_0]                Voice.java:257  | Measure{#28} Voice{#2 excess:1/16} too long
2025-12-26 13:12:00,755 INFO [084_Schumann_Kreisleriana_Op16-3_B0-32_page_0]          StackRhythm.java:224  | S6 MeasureStack#28 no correct rhythm
2025-12-26 13:12:00,757 INFO [084_Schumann_Kreisleriana_Op16-3_B0-32_page_0]                Voice.java:257  | Measure{#29} Voice{#1 excess:1/8} too long
2025-12-26 13:12:00,758 INFO [084_Schumann_Kreisleriana_Op16-3_B0-32_page_0]          StackRhythm.java:224  | S7 MeasureStack#29 no correct rhythm
2025-12-26 13:12:00,762 INFO [084_Schumann_Kreisleriana_Op16-3_B0-32_page_0]                Voice.java:257  | Measure{#31} Voice{#1 excess:1/8} too long
2025-12-26 13:12:00,762 INFO [084_Schumann_Kreisleriana_Op16-3_B0-32_page_0]          StackRhythm.java:224  | S7 MeasureStack#31 no correct rhythm
2025-12-26 13:12:00,764 INFO [084_Schumann_Kreisleriana_Op16-3_B0-32_page_0]       StepMonitoring.java:98   | PAGE
2025-12-26 13:12:00,766 INFO [084_Schumann_Kreisleriana_Op16-3_B0-32_page_0]       SheetReduction.java:154  | Gutter. Different glyphs 1/2 ArticulationInter#9842{(0.787/0.900) STACCATO} vs SlurInter#8454{(0.647/0.942) SLUR_ABOVE}
2025-12-26 13:12:00,770 INFO [084_Schumann_Kreisleriana_Op16-3_B0-32_page_0]                Voice.java:257  | Measure{#5} Voice{#2 excess:1/16} too long
2025-12-26 13:12:00,770 INFO [084_Schumann_Kreisleriana_Op16-3_B0-32_page_0]                Voice.java:257  | Measure{#5} Voice{#6 excess:1/16} too long
2025-12-26 13:12:00,771 INFO [084_Schumann_Kreisleriana_Op16-3_B0-32_page_0]                Voice.java:257  | Measure{#10} Voice{#2 excess:1/16} too long
2025-12-26 13:12:00,772 INFO [084_Schumann_Kreisleriana_Op16-3_B0-32_page_0]                Voice.java:257  | Measure{#11} Voice{#5 excess:1/8} too long
2025-12-26 13:12:00,772 INFO [084_Schumann_Kreisleriana_Op16-3_B0-32_page_0]                Voice.java:257  | Measure{#14} Voice{#1 excess:1/16} too long
2025-12-26 13:12:00,773 INFO [084_Schumann_Kreisleriana_Op16-3_B0-32_page_0]                Voice.java:257  | Measure{#16} Voice{#1 excess:1/8} too long
2025-12-26 13:12:00,773 INFO [084_Schumann_Kreisleriana_Op16-3_B0-32_page_0]                Voice.java:257  | Measure{#20} Voice{#2 excess:1/8} too long
2025-12-26 13:12:00,774 INFO [084_Schumann_Kreisleriana_Op16-3_B0-32_page_0]                Voice.java:257  | Measure{#24} Voice{#1 excess:1/8} too long
2025-12-26 13:12:00,774 INFO [084_Schumann_Kreisleriana_Op16-3_B0-32_page_0]                Voice.java:257  | Measure{#28} Voice{#2 excess:1/16} too long
2025-12-26 13:12:00,775 INFO [084_Schumann_Kreisleriana_Op16-3_B0-32_page_0]                Voice.java:257  | Measure{#29} Voice{#1 excess:1/8} too long
2025-12-26 13:12:00,775 INFO [084_Schumann_Kreisleriana_Op16-3_B0-32_page_0]                Voice.java:257  | Measure{#31} Voice{#1 excess:1/8} too long
2025-12-26 13:12:00,781 INFO [084_Schumann_Kreisleriana_Op16-3_B0-32_page_0]                 Book.java:2596 | Book{084_Schumann_Kreisleriana_Op16-3_B0-32_page_0} storing
2025-12-26 13:12:00,832 INFO [084_Schumann_Kreisleriana_Op16-3_B0-32_page_0]                 Book.java:2577 | Stored /book.xml
2025-12-26 13:12:00,913 INFO [084_Schumann_Kreisleriana_Op16-3_B0-32_page_0]           DataHolder.java:348  | Stored /sheet#1/BINARY.png
2025-12-26 13:12:01,888 INFO [084_Schumann_Kreisleriana_Op16-3_B0-32_page_0]                Sheet.java:1583 | Stored /sheet#1/sheet#1.xml
2025-12-26 13:12:01,889 INFO [084_Schumann_Kreisleriana_Op16-3_B0-32_page_0]                 Book.java:2537 | Book stored as C:\Users\Elliot\Downloads\Audiveris\scores\084_Schumann_Kreisleriana_Op16-3_B0-32_page_0.omr
2025-12-26 13:12:01,895 INFO [084_Schumann_Kreisleriana_Op16-3_B0-32_page_0]            SheetStub.java:1660 | Disposed sheet
2025-12-26 13:12:01,929 INFO [084_Schumann_Kreisleriana_Op16-3_B0-32_page_0]                 Book.java:2064 | End of Stub#1
2025-12-26 13:12:01,930 INFO [084_Schumann_Kreisleriana_Op16-3_B0-32_page_0]                 Book.java:2071 | Book processed.
2025-12-26 13:12:02,391 INFO [084_Schumann_Kreisleriana_Op16-3_B0-32_page_0]            SheetStub.java:997  | Loaded /sheet#1/sheet#1.xml
2025-12-26 13:12:02,818 INFO [084_Schumann_Kreisleriana_Op16-3_B0-32_page_0]      PartwiseBuilder.java:2688 | Exporting sheet(s): [#1]
2025-12-26 13:12:02,957 INFO [084_Schumann_Kreisleriana_Op16-3_B0-32_page_0]        ScoreExporter.java:164  | Score 084_Schumann_Kreisleriana_Op16-3_B0-32_page_0 exported to C:\Users\Elliot\Downloads\Audiveris\scores\084_Schumann_Kreisleriana_Op16-3_B0-32_page_0.mxl
2025-12-26 13:12:03,012 INFO [084_Schumann_Kreisleriana_Op16-3_B0-32_page_0]                Score.java:181  | Closing {Score 1}
