2025-12-26 13:12:04,833 INFO [085_Schumann_FantasieStucke_Op12-7_B1-38_page_0]                 Book.java:560  | 1 sheet in C:\Users\Elliot\Downloads\Audiveris\scores\085_Schumann_FantasieStucke_Op12-7_B1-38_page_0.jpg
2025-12-26 13:12:04,961 INFO []                 Book.java:2577 | Stored /book.xml
2025-12-26 13:12:04,962 INFO []                 Book.java:2537 | Book stored as C:\Users\Elliot\Downloads\Audiveris\scores\085_Schumann_FantasieStucke_Op12-7_B1-38_page_0.omr
2025-12-26 13:12:04,967 INFO []                 Book.java:1929 | Book reaching PAGE on sheets:[#1]
2025-12-26 13:12:04,975 INFO [085_Schumann_FantasieStucke_Op12-7_B1-38_page_0]       StepMonitoring.java:98   | LOAD
2025-12-26 13:12:05,081 INFO [085_Schumann_FantasieStucke_Op12-7_B1-38_page_0]            SheetStub.java:1273 | Loaded image #1 1653x2339 from C:\Users\Elliot\Downloads\Audiveris\scores\085_Schumann_FantasieStucke_Op12-7_B1-38_page_0.jpg
2025-12-26 13:12:05,084 INFO [085_Schumann_FantasieStucke_Op12-7_B1-38_page_0]            ImageUtil.java:124  | Converting max RGB to gray
2025-12-26 13:12:05,190 INFO [085_Schumann_FantasieStucke_Op12-7_B1-38_page_0]       StepMonitoring.java:98   | BINARY
2025-12-26 13:12:05,426 INFO [085_Schumann_FantasieStucke_Op12-7_B1-38_page_0]       StepMonitoring.java:98   | SCALE
2025-12-26 13:12:05,450 INFO [085_Schumann_FantasieStucke_Op12-7_B1-38_page_0]         ScaleBuilder.java:241  | Beam  guessed height:  5 -- 0.50 of 10 interline
2025-12-26 13:12:05,452 INFO [085_Schumann_FantasieStucke_Op12-7_B1-38_page_0]         ScaleBuilder.java:264  | Beam measured height:  7 -- 0.57 of [3..10] range at 811% of needed quorum
2025-12-26 13:12:05,453 INFO [085_Schumann_FantasieStucke_Op12-7_B1-38_page_0]            ScaleStep.java:65   | Scale{ interline(12,12,13) line(1,1,2) beam(7)}
2025-12-26 13:12:05,454 INFO [085_Schumann_FantasieStucke_Op12-7_B1-38_page_0]       StepMonitoring.java:98   | GRID
2025-12-26 13:12:06,001 INFO [085_Schumann_FantasieStucke_Op12-7_B1-38_page_0]       LinesRetriever.java:1500 | Global slope: 0.00000
2025-12-26 13:12:06,078 INFO [085_Schumann_FantasieStucke_Op12-7_B1-38_page_0]    ClustersRetriever.java:326  | Retrieved raw line clusters: 14 of sizes [5] with interline(12,12,13)
2025-12-26 13:12:06,368 INFO [085_Schumann_FantasieStucke_Op12-7_B1-38_page_0]            PeakGraph.java:310  | Systems: #1[1, 2] #2[3, 4] #3[5, 6] #4[7, 8] #5[9, 10] #6[11, 12] #7[13, 14]
2025-12-26 13:12:06,665 INFO [085_Schumann_FantasieStucke_Op12-7_B1-38_page_0]        SystemManager.java:134  | Indentation detected for system #1
2025-12-26 13:12:06,667 INFO [085_Schumann_FantasieStucke_Op12-7_B1-38_page_0]        SystemManager.java:779  | 1 part along 7 systems
2025-12-26 13:12:06,668 INFO [085_Schumann_FantasieStucke_Op12-7_B1-38_page_0]                 Book.java:543  | Created scores: [{Score 1}]
2025-12-26 13:12:06,669 INFO [085_Schumann_FantasieStucke_Op12-7_B1-38_page_0]       StepMonitoring.java:98   | HEADERS
2025-12-26 13:12:07,026 INFO [085_Schumann_FantasieStucke_Op12-7_B1-38_page_0]      BasicClassifier.java:286  | Classifier loaded XML norms.
2025-12-26 13:12:07,029 INFO [085_Schumann_FantasieStucke_Op12-7_B1-38_page_0]   AbstractClassifier.java:396  | Classifier data loaded from default uri jar:file:/C:/Users/Elliot/Downloads/Audiveris/app/audiveris.jar!/res/basic-classifier.zip
2025-12-26 13:12:07,829 INFO [085_Schumann_FantasieStucke_Op12-7_B1-38_page_0]       StepMonitoring.java:98   | STEM_SEEDS
2025-12-26 13:12:07,868 INFO [085_Schumann_FantasieStucke_Op12-7_B1-38_page_0]        StemSeedsStep.java:86   | stem(1 max:2)
2025-12-26 13:12:07,934 INFO [085_Schumann_FantasieStucke_Op12-7_B1-38_page_0]       StepMonitoring.java:98   | BEAMS
2025-12-26 13:12:09,328 INFO [085_Schumann_FantasieStucke_Op12-7_B1-38_page_0]       StepMonitoring.java:98   | LEDGERS
2025-12-26 13:12:09,649 INFO [085_Schumann_FantasieStucke_Op12-7_B1-38_page_0]       StepMonitoring.java:98   | HEADS
2025-12-26 13:12:16,995 INFO [085_Schumann_FantasieStucke_Op12-7_B1-38_page_0]        HeadSeedTally.java:235  | Scale information: HeadSeeds{NOTEHEAD_BLACK[L:-0.3,R:0.4]}
2025-12-26 13:12:16,996 INFO [085_Schumann_FantasieStucke_Op12-7_B1-38_page_0]       StepMonitoring.java:98   | STEMS
2025-12-26 13:12:18,391 INFO [085_Schumann_FantasieStucke_Op12-7_B1-38_page_0]       StepMonitoring.java:98   | REDUCTION
2025-12-26 13:12:18,715 INFO [085_Schumann_FantasieStucke_Op12-7_B1-38_page_0]        ReductionStep.java:105  | Stems free length median value: 44 pixels, 3.7 interlines
2025-12-26 13:12:18,727 INFO [085_Schumann_FantasieStucke_Op12-7_B1-38_page_0]       StepMonitoring.java:98   | CUE_BEAMS
2025-12-26 13:12:18,727 INFO [085_Schumann_FantasieStucke_Op12-7_B1-38_page_0]         CueBeamsStep.java:81   | Step CUE_BEAMS is skipped because small heads switch is off
2025-12-26 13:12:18,728 INFO [085_Schumann_FantasieStucke_Op12-7_B1-38_page_0]       StepMonitoring.java:98   | TEXTS
2025-12-26 13:12:18,849 WARN [085_Schumann_FantasieStucke_Op12-7_B1-38_page_0]         TesseractOCR.java:335  | The collection of supported languages is empty
2025-12-26 13:12:18,849 INFO [085_Schumann_FantasieStucke_Op12-7_B1-38_page_0]              OcrUtil.java:106  | Missing support for 'eng' language(s)
2025-12-26 13:12:18,863 INFO [085_Schumann_FantasieStucke_Op12-7_B1-38_page_0]       StepMonitoring.java:98   | MEASURES
2025-12-26 13:12:18,878 INFO [085_Schumann_FantasieStucke_Op12-7_B1-38_page_0]                 Page.java:307  | 38 raw measures: [6 in system#1, 6 in system#2, 5 in system#3, 6 in system#4, 5 in system#5, 5 in system#6, 5 in system#7]
2025-12-26 13:12:18,879 INFO [085_Schumann_FantasieStucke_Op12-7_B1-38_page_0]       StepMonitoring.java:98   | CHORDS
2025-12-26 13:12:18,916 INFO [085_Schumann_FantasieStucke_Op12-7_B1-38_page_0]       StepMonitoring.java:98   | CURVES
2025-12-26 13:12:19,851 INFO [085_Schumann_FantasieStucke_Op12-7_B1-38_page_0]         SlursBuilder.java:240  | Slurs: 7
2025-12-26 13:12:20,042 INFO [085_Schumann_FantasieStucke_Op12-7_B1-38_page_0]      SegmentsBuilder.java:155  | Segments: 42
2025-12-26 13:12:20,076 INFO [085_Schumann_FantasieStucke_Op12-7_B1-38_page_0]       StepMonitoring.java:98   | SYMBOLS
2025-12-26 13:12:20,835 INFO [085_Schumann_FantasieStucke_Op12-7_B1-38_page_0]       StepMonitoring.java:98   | LINKS
2025-12-26 13:12:20,932 INFO [085_Schumann_FantasieStucke_Op12-7_B1-38_page_0]       StepMonitoring.java:98   | RHYTHMS
2025-12-26 13:12:20,982 INFO [085_Schumann_FantasieStucke_Op12-7_B1-38_page_0]        MeasureRhythm.java:1277 | Measure{#8} Time inconsistency in {1/4=[HeadChordInter#10373{(0.937/0.937) staff:4 slot#4 off:1/4 dur:1/8}], 5/16=[HeadChordInter#10332{(0.950/0.950) staff:3 slot#4 off:5/16 dur:1/8}]}
2025-12-26 13:12:20,983 INFO [085_Schumann_FantasieStucke_Op12-7_B1-38_page_0]        MeasureRhythm.java:1277 | Measure{#8} Time inconsistency in {3/8=[HeadChordInter#10374{(0.957/0.957) staff:4 slot#5 off:3/8 dur:1/8}], 7/16=[HeadChordInter#10333{(0.955/0.955) staff:3 slot#5 off:7/16 dur:1/8}]}
2025-12-26 13:12:20,987 INFO [085_Schumann_FantasieStucke_Op12-7_B1-38_page_0]                Voice.java:257  | Measure{#8} Voice{#1 excess:1/16} too long
2025-12-26 13:12:20,988 INFO [085_Schumann_FantasieStucke_Op12-7_B1-38_page_0]                Voice.java:257  | Measure{#8} Voice{#6 excess:1/16} too long
2025-12-26 13:12:20,989 INFO [085_Schumann_FantasieStucke_Op12-7_B1-38_page_0]          StackRhythm.java:224  | S2 MeasureStack#8 no correct rhythm
2025-12-26 13:12:21,001 INFO [085_Schumann_FantasieStucke_Op12-7_B1-38_page_0]                Voice.java:257  | Measure{#13} Voice{#1 excess:3/32} too long
2025-12-26 13:12:21,001 INFO [085_Schumann_FantasieStucke_Op12-7_B1-38_page_0]                Voice.java:257  | Measure{#13} Voice{#6 excess:3/32} too long
2025-12-26 13:12:21,002 INFO [085_Schumann_FantasieStucke_Op12-7_B1-38_page_0]          StackRhythm.java:224  | S3 MeasureStack#13 no correct rhythm
2025-12-26 13:12:21,003 INFO [085_Schumann_FantasieStucke_Op12-7_B1-38_page_0]                Voice.java:257  | Measure{#14} Voice{#1 excess:3/32} too long
2025-12-26 13:12:21,004 INFO [085_Schumann_FantasieStucke_Op12-7_B1-38_page_0]                Voice.java:257  | Measure{#14} Voice{#6 excess:7/32} too long
2025-12-26 13:12:21,006 INFO [085_Schumann_FantasieStucke_Op12-7_B1-38_page_0]          StackRhythm.java:224  | S3 MeasureStack#14 no correct rhythm
2025-12-26 13:12:21,018 INFO [085_Schumann_FantasieStucke_Op12-7_B1-38_page_0]                Voice.java:257  | Measure{#19} Voice{#6 excess:3/16} too long
2025-12-26 13:12:21,019 INFO [085_Schumann_FantasieStucke_Op12-7_B1-38_page_0]          StackRhythm.java:224  | S4 MeasureStack#19 no correct rhythm
2025-12-26 13:12:21,027 INFO [085_Schumann_FantasieStucke_Op12-7_B1-38_page_0]                Voice.java:257  | Measure{#23} Voice{#6 excess:3/16} too long
2025-12-26 13:12:21,028 INFO [085_Schumann_FantasieStucke_Op12-7_B1-38_page_0]          StackRhythm.java:224  | S4 MeasureStack#23 no correct rhythm
2025-12-26 13:12:21,062 INFO [085_Schumann_FantasieStucke_Op12-7_B1-38_page_0]        MeasureRhythm.java:1277 | Measure{#38} Time inconsistency in {1/16=[HeadChordInter#10689{(0.941/0.941) staff:13 slot#2 off:1/16 dur:1/16}], 1/8=[HeadChordInter#10688{(0.963/0.963) staff:13 slot#2 off:1/8 dur:1/8}]}
2025-12-26 13:12:21,063 INFO [085_Schumann_FantasieStucke_Op12-7_B1-38_page_0]        MeasureRhythm.java:1277 | Measure{#38} Time inconsistency in {1/8=[HeadChordInter#10690{(0.950/0.950) staff:13 slot#3 off:1/8 dur:1/16}], 1/4=[HeadChordInter#10691{(0.959/0.959) staff:13 slot#3 off:1/4 dur:1/8}]}
2025-12-26 13:12:21,064 INFO [085_Schumann_FantasieStucke_Op12-7_B1-38_page_0]        MeasureRhythm.java:1277 | Measure{#38} Time inconsistency in {3/16=[HeadChordInter#10692{(0.962/0.962) staff:13 slot#4 off:3/16 dur:1/16}], 3/8=[HeadChordInter#10693{(0.949/0.949) staff:13 slot#4 off:3/8 dur:1/8}]}
2025-12-26 13:12:21,065 INFO [085_Schumann_FantasieStucke_Op12-7_B1-38_page_0]       StepMonitoring.java:98   | PAGE
2025-12-26 13:12:21,072 INFO [085_Schumann_FantasieStucke_Op12-7_B1-38_page_0]                Voice.java:257  | Measure{#8} Voice{#1 excess:1/16} too long
2025-12-26 13:12:21,073 INFO [085_Schumann_FantasieStucke_Op12-7_B1-38_page_0]                Voice.java:257  | Measure{#8} Voice{#6 excess:1/16} too long
2025-12-26 13:12:21,074 INFO [085_Schumann_FantasieStucke_Op12-7_B1-38_page_0]                Voice.java:257  | Measure{#13} Voice{#1 excess:3/32} too long
2025-12-26 13:12:21,074 INFO [085_Schumann_FantasieStucke_Op12-7_B1-38_page_0]                Voice.java:257  | Measure{#13} Voice{#6 excess:3/32} too long
2025-12-26 13:12:21,074 INFO [085_Schumann_FantasieStucke_Op12-7_B1-38_page_0]                Voice.java:257  | Measure{#14} Voice{#1 excess:3/32} too long
2025-12-26 13:12:21,074 INFO [085_Schumann_FantasieStucke_Op12-7_B1-38_page_0]                Voice.java:257  | Measure{#14} Voice{#6 excess:7/32} too long
2025-12-26 13:12:21,075 INFO [085_Schumann_FantasieStucke_Op12-7_B1-38_page_0]                Voice.java:257  | Measure{#19} Voice{#6 excess:3/16} too long
2025-12-26 13:12:21,075 INFO [085_Schumann_FantasieStucke_Op12-7_B1-38_page_0]                Voice.java:257  | Measure{#23} Voice{#6 excess:3/16} too long
2025-12-26 13:12:21,079 INFO [085_Schumann_FantasieStucke_Op12-7_B1-38_page_0]                 Book.java:2596 | Book{085_Schumann_FantasieStucke_Op12-7_B1-38_page_0} storing
2025-12-26 13:12:21,135 INFO [085_Schumann_FantasieStucke_Op12-7_B1-38_page_0]                 Book.java:2577 | Stored /book.xml
2025-12-26 13:12:21,228 INFO [085_Schumann_FantasieStucke_Op12-7_B1-38_page_0]           DataHolder.java:348  | Stored /sheet#1/BINARY.png
2025-12-26 13:12:22,395 INFO [085_Schumann_FantasieStucke_Op12-7_B1-38_page_0]                Sheet.java:1583 | Stored /sheet#1/sheet#1.xml
2025-12-26 13:12:22,396 INFO [085_Schumann_FantasieStucke_Op12-7_B1-38_page_0]                 Book.java:2537 | Book stored as C:\Users\Elliot\Downloads\Audiveris\scores\085_Schumann_FantasieStucke_Op12-7_B1-38_page_0.omr
2025-12-26 13:12:22,399 INFO [085_Schumann_FantasieStucke_Op12-7_B1-38_page_0]            SheetStub.java:1660 | Disposed sheet
2025-12-26 13:12:22,435 INFO [085_Schumann_FantasieStucke_Op12-7_B1-38_page_0]                 Book.java:2064 | End of Stub#1
2025-12-26 13:12:22,436 INFO [085_Schumann_FantasieStucke_Op12-7_B1-38_page_0]                 Book.java:2071 | Book processed.
2025-12-26 13:12:22,987 INFO [085_Schumann_FantasieStucke_Op12-7_B1-38_page_0]            SheetStub.java:997  | Loaded /sheet#1/sheet#1.xml
2025-12-26 13:12:23,372 INFO [085_Schumann_FantasieStucke_Op12-7_B1-38_page_0]      PartwiseBuilder.java:2688 | Exporting sheet(s): [#1]
2025-12-26 13:12:23,564 INFO [085_Schumann_FantasieStucke_Op12-7_B1-38_page_0]        ScoreExporter.java:164  | Score 085_Schumann_FantasieStucke_Op12-7_B1-38_page_0 exported to C:\Users\Elliot\Downloads\Audiveris\scores\085_Schumann_FantasieStucke_Op12-7_B1-38_page_0.mxl
2025-12-26 13:12:23,622 INFO [085_Schumann_FantasieStucke_Op12-7_B1-38_page_0]                Score.java:181  | Closing {Score 1}
