2025-12-26 13:12:50,093 INFO [088_Debussy_Prelude_Book1_No2_B1-22_page_0]                 Book.java:560  | 1 sheet in C:\Users\Elliot\Downloads\Audiveris\scores\088_Debussy_Prelude_Book1_No2_B1-22_page_0.jpg
2025-12-26 13:12:50,214 INFO []                 Book.java:2577 | Stored /book.xml
2025-12-26 13:12:50,215 INFO []                 Book.java:2537 | Book stored as C:\Users\Elliot\Downloads\Audiveris\scores\088_Debussy_Prelude_Book1_No2_B1-22_page_0.omr
2025-12-26 13:12:50,221 INFO []                 Book.java:1929 | Book reaching PAGE on sheets:[#1]
2025-12-26 13:12:50,223 INFO [088_Debussy_Prelude_Book1_No2_B1-22_page_0]       StepMonitoring.java:98   | LOAD
2025-12-26 13:12:50,323 INFO [088_Debussy_Prelude_Book1_No2_B1-22_page_0]            SheetStub.java:1273 | Loaded image #1 1653x2339 from C:\Users\Elliot\Downloads\Audiveris\scores\088_Debussy_Prelude_Book1_No2_B1-22_page_0.jpg
2025-12-26 13:12:50,327 INFO [088_Debussy_Prelude_Book1_No2_B1-22_page_0]            ImageUtil.java:124  | Converting max RGB to gray
2025-12-26 13:12:50,468 INFO [088_Debussy_Prelude_Book1_No2_B1-22_page_0]       StepMonitoring.java:98   | BINARY
2025-12-26 13:12:50,719 INFO [088_Debussy_Prelude_Book1_No2_B1-22_page_0]       StepMonitoring.java:98   | SCALE
2025-12-26 13:12:50,752 INFO [088_Debussy_Prelude_Book1_No2_B1-22_page_0]         ScaleBuilder.java:241  | Beam  guessed height:  5 -- 0.50 of 10 interline
2025-12-26 13:12:50,753 INFO [088_Debussy_Prelude_Book1_No2_B1-22_page_0]         ScaleBuilder.java:264  | Beam measured height:  7 -- 0.57 of [3..10] range at 521% of needed quorum
2025-12-26 13:12:50,754 INFO [088_Debussy_Prelude_Book1_No2_B1-22_page_0]            ScaleStep.java:65   | Scale{ interline(12,12,13) line(1,1,3) beam(7)}
2025-12-26 13:12:50,755 INFO [088_Debussy_Prelude_Book1_No2_B1-22_page_0]       StepMonitoring.java:98   | GRID
2025-12-26 13:12:51,126 INFO [088_Debussy_Prelude_Book1_No2_B1-22_page_0]       LinesRetriever.java:1500 | Global slope: 0.00000
2025-12-26 13:12:51,235 INFO [088_Debussy_Prelude_Book1_No2_B1-22_page_0]    ClustersRetriever.java:326  | Retrieved raw line clusters: 8 of sizes [5] with interline(12,12,13)
2025-12-26 13:12:51,411 INFO [088_Debussy_Prelude_Book1_No2_B1-22_page_0]            PeakGraph.java:310  | Systems: #1[1, 2] #2[3, 4] #3[5, 6] #4[7, 8]
2025-12-26 13:12:51,677 INFO [088_Debussy_Prelude_Book1_No2_B1-22_page_0]        SystemManager.java:779  | 1 part along 4 systems
2025-12-26 13:12:51,679 INFO [088_Debussy_Prelude_Book1_No2_B1-22_page_0]                 Book.java:543  | Created scores: [{Score 1}]
2025-12-26 13:12:51,680 INFO [088_Debussy_Prelude_Book1_No2_B1-22_page_0]       StepMonitoring.java:98   | HEADERS
2025-12-26 13:12:52,023 INFO [088_Debussy_Prelude_Book1_No2_B1-22_page_0]      BasicClassifier.java:286  | Classifier loaded XML norms.
2025-12-26 13:12:52,027 INFO [088_Debussy_Prelude_Book1_No2_B1-22_page_0]   AbstractClassifier.java:396  | Classifier data loaded from default uri jar:file:/C:/Users/Elliot/Downloads/Audiveris/app/audiveris.jar!/res/basic-classifier.zip
2025-12-26 13:12:52,960 INFO [088_Debussy_Prelude_Book1_No2_B1-22_page_0]       StepMonitoring.java:98   | STEM_SEEDS
2025-12-26 13:12:52,987 INFO [088_Debussy_Prelude_Book1_No2_B1-22_page_0]        StemSeedsStep.java:86   | stem(2 max:3)
2025-12-26 13:12:53,036 INFO [088_Debussy_Prelude_Book1_No2_B1-22_page_0]       StepMonitoring.java:98   | BEAMS
2025-12-26 13:12:54,072 INFO [088_Debussy_Prelude_Book1_No2_B1-22_page_0]       StepMonitoring.java:98   | LEDGERS
2025-12-26 13:12:54,258 INFO [088_Debussy_Prelude_Book1_No2_B1-22_page_0]       StepMonitoring.java:98   | HEADS
2025-12-26 13:12:55,776 INFO [088_Debussy_Prelude_Book1_No2_B1-22_page_0]        HeadSeedTally.java:235  | Scale information: HeadSeeds{NOTEHEAD_BLACK[L:-0.4,R:0.4]}
2025-12-26 13:12:55,777 INFO [088_Debussy_Prelude_Book1_No2_B1-22_page_0]       StepMonitoring.java:98   | STEMS
2025-12-26 13:12:56,571 INFO [088_Debussy_Prelude_Book1_No2_B1-22_page_0]       StepMonitoring.java:98   | REDUCTION
2025-12-26 13:12:56,772 INFO [088_Debussy_Prelude_Book1_No2_B1-22_page_0]        ReductionStep.java:105  | Stems free length median value: 38 pixels, 3.2 interlines
2025-12-26 13:12:56,782 INFO [088_Debussy_Prelude_Book1_No2_B1-22_page_0]       StepMonitoring.java:98   | CUE_BEAMS
2025-12-26 13:12:56,783 INFO [088_Debussy_Prelude_Book1_No2_B1-22_page_0]         CueBeamsStep.java:81   | Step CUE_BEAMS is skipped because small heads switch is off
2025-12-26 13:12:56,784 INFO [088_Debussy_Prelude_Book1_No2_B1-22_page_0]       StepMonitoring.java:98   | TEXTS
2025-12-26 13:12:56,883 WARN [088_Debussy_Prelude_Book1_No2_B1-22_page_0]         TesseractOCR.java:335  | The collection of supported languages is empty
2025-12-26 13:12:56,884 INFO [088_Debussy_Prelude_Book1_No2_B1-22_page_0]              OcrUtil.java:106  | Missing support for 'eng' language(s)
2025-12-26 13:12:56,896 INFO [088_Debussy_Prelude_Book1_No2_B1-22_page_0]       StepMonitoring.java:98   | MEASURES
2025-12-26 13:12:56,905 INFO [088_Debussy_Prelude_Book1_No2_B1-22_page_0]                 Page.java:307  | 17 raw measures: [4 in system#1, 5 in system#2, 4 in system#3, 4 in system#4]
2025-12-26 13:12:56,906 INFO [088_Debussy_Prelude_Book1_No2_B1-22_page_0]       StepMonitoring.java:98   | CHORDS
2025-12-26 13:12:56,923 INFO [088_Debussy_Prelude_Book1_No2_B1-22_page_0]       StepMonitoring.java:98   | CURVES
2025-12-26 13:12:57,516 INFO [088_Debussy_Prelude_Book1_No2_B1-22_page_0]         SlursBuilder.java:240  | Slurs: 47
2025-12-26 13:12:57,561 INFO [088_Debussy_Prelude_Book1_No2_B1-22_page_0]      SegmentsBuilder.java:155  | Segments: 38
2025-12-26 13:12:57,573 INFO [088_Debussy_Prelude_Book1_No2_B1-22_page_0]       StepMonitoring.java:98   | SYMBOLS
2025-12-26 13:12:58,234 INFO [088_Debussy_Prelude_Book1_No2_B1-22_page_0]       StepMonitoring.java:98   | LINKS
2025-12-26 13:12:58,239 INFO [088_Debussy_Prelude_Book1_No2_B1-22_page_0]        SymbolsLinker.java:258  | No chord linked to OctaveShiftInter#5299{(0.558) staff:1 OTTAVA ALTA}
2025-12-26 13:12:58,292 INFO [088_Debussy_Prelude_Book1_No2_B1-22_page_0]             KeyInter.java:1165 | No effective key before AlterInter#5610{(0.737) staff:8 NATURAL pitch:5.0}
2025-12-26 13:12:58,317 INFO [088_Debussy_Prelude_Book1_No2_B1-22_page_0]       StepMonitoring.java:98   | RHYTHMS
2025-12-26 13:12:58,367 INFO [088_Debussy_Prelude_Book1_No2_B1-22_page_0]                Voice.java:257  | Measure{#10} Voice{#1 excess:1/4} too long
2025-12-26 13:12:58,369 INFO [088_Debussy_Prelude_Book1_No2_B1-22_page_0]          StackRhythm.java:224  | S3 MeasureStack#10 no correct rhythm
2025-12-26 13:12:58,379 INFO [088_Debussy_Prelude_Book1_No2_B1-22_page_0]                Voice.java:257  | Measure{#14} Voice{#6 excess:1/8} too long
2025-12-26 13:12:58,380 INFO [088_Debussy_Prelude_Book1_No2_B1-22_page_0]          StackRhythm.java:224  | S4 MeasureStack#14 no correct rhythm
2025-12-26 13:12:58,387 INFO [088_Debussy_Prelude_Book1_No2_B1-22_page_0]       StepMonitoring.java:98   | PAGE
2025-12-26 13:12:58,395 INFO [088_Debussy_Prelude_Book1_No2_B1-22_page_0]                Voice.java:257  | Measure{#10} Voice{#1 excess:1/4} too long
2025-12-26 13:12:58,396 INFO [088_Debussy_Prelude_Book1_No2_B1-22_page_0]                Voice.java:257  | Measure{#14} Voice{#6 excess:1/8} too long
2025-12-26 13:12:58,400 INFO [088_Debussy_Prelude_Book1_No2_B1-22_page_0]                 Book.java:2596 | Book{088_Debussy_Prelude_Book1_No2_B1-22_page_0} storing
2025-12-26 13:12:58,443 INFO [088_Debussy_Prelude_Book1_No2_B1-22_page_0]                 Book.java:2577 | Stored /book.xml
2025-12-26 13:12:58,511 INFO [088_Debussy_Prelude_Book1_No2_B1-22_page_0]           DataHolder.java:348  | Stored /sheet#1/BINARY.png
2025-12-26 13:12:59,162 INFO [088_Debussy_Prelude_Book1_No2_B1-22_page_0]                Sheet.java:1583 | Stored /sheet#1/sheet#1.xml
2025-12-26 13:12:59,163 INFO [088_Debussy_Prelude_Book1_No2_B1-22_page_0]                 Book.java:2537 | Book stored as C:\Users\Elliot\Downloads\Audiveris\scores\088_Debussy_Prelude_Book1_No2_B1-22_page_0.omr
2025-12-26 13:12:59,167 INFO [088_Debussy_Prelude_Book1_No2_B1-22_page_0]            SheetStub.java:1660 | Disposed sheet
2025-12-26 13:12:59,202 INFO [088_Debussy_Prelude_Book1_No2_B1-22_page_0]                 Book.java:2064 | End of Stub#1
2025-12-26 13:12:59,203 INFO [088_Debussy_Prelude_Book1_No2_B1-22_page_0]                 Book.java:2071 | Book processed.
2025-12-26 13:12:59,538 INFO [088_Debussy_Prelude_Book1_No2_B1-22_page_0]            SheetStub.java:997  | Loaded /sheet#1/sheet#1.xml
2025-12-26 13:12:59,925 INFO [088_Debussy_Prelude_Book1_No2_B1-22_page_0]      PartwiseBuilder.java:2688 | Exporting sheet(s): [#1]
2025-12-26 13:13:00,043 INFO [088_Debussy_Prelude_Book1_No2_B1-22_page_0]        ScoreExporter.java:164  | Score 088_Debussy_Prelude_Book1_No2_B1-22_page_0 exported to C:\Users\Elliot\Downloads\Audiveris\scores\088_Debussy_Prelude_Book1_No2_B1-22_page_0.mxl
2025-12-26 13:13:00,091 INFO [088_Debussy_Prelude_Book1_No2_B1-22_page_0]                Score.java:181  | Closing {Score 1}
