2025-12-26 13:13:01,963 INFO [088_Debussy_Prelude_Book1_No2_B1-22_page_1]                 Book.java:560  | 1 sheet in C:\Users\Elliot\Downloads\Audiveris\scores\088_Debussy_Prelude_Book1_No2_B1-22_page_1.jpg
2025-12-26 13:13:02,068 INFO []                 Book.java:2577 | Stored /book.xml
2025-12-26 13:13:02,069 INFO []                 Book.java:2537 | Book stored as C:\Users\Elliot\Downloads\Audiveris\scores\088_Debussy_Prelude_Book1_No2_B1-22_page_1.omr
2025-12-26 13:13:02,075 INFO []                 Book.java:1929 | Book reaching PAGE on sheets:[#1]
2025-12-26 13:13:02,082 INFO [088_Debussy_Prelude_Book1_No2_B1-22_page_1]       StepMonitoring.java:98   | LOAD
2025-12-26 13:13:02,149 INFO [088_Debussy_Prelude_Book1_No2_B1-22_page_1]            SheetStub.java:1273 | Loaded image #1 1653x2339 from C:\Users\Elliot\Downloads\Audiveris\scores\088_Debussy_Prelude_Book1_No2_B1-22_page_1.jpg
2025-12-26 13:13:02,152 INFO [088_Debussy_Prelude_Book1_No2_B1-22_page_1]            ImageUtil.java:124  | Converting max RGB to gray
2025-12-26 13:13:02,277 INFO [088_Debussy_Prelude_Book1_No2_B1-22_page_1]       StepMonitoring.java:98   | BINARY
2025-12-26 13:13:02,467 INFO [088_Debussy_Prelude_Book1_No2_B1-22_page_1]       StepMonitoring.java:98   | SCALE
2025-12-26 13:13:02,480 INFO [088_Debussy_Prelude_Book1_No2_B1-22_page_1]         ScaleBuilder.java:241  | Beam  guessed height:  5 -- 0.50 of 10 interline
2025-12-26 13:13:02,481 INFO [088_Debussy_Prelude_Book1_No2_B1-22_page_1]         ScaleBuilder.java:264  | Beam measured height:  7 -- 0.57 of [3..10] range at 377% of needed quorum
2025-12-26 13:13:02,482 INFO [088_Debussy_Prelude_Book1_No2_B1-22_page_1]            ScaleStep.java:65   | Scale{ interline(12,12,13) line(1,1,3) beam(7)}
2025-12-26 13:13:02,482 INFO [088_Debussy_Prelude_Book1_No2_B1-22_page_1]       StepMonitoring.java:98   | GRID
2025-12-26 13:13:02,647 INFO [088_Debussy_Prelude_Book1_No2_B1-22_page_1]       LinesRetriever.java:1500 | Global slope: 0.00000
2025-12-26 13:13:02,668 INFO [088_Debussy_Prelude_Book1_No2_B1-22_page_1]    ClustersRetriever.java:326  | Retrieved raw line clusters: 2 of sizes [5] with interline(12,12,13)
2025-12-26 13:13:02,714 INFO [088_Debussy_Prelude_Book1_No2_B1-22_page_1]            PeakGraph.java:310  | Systems: #1[1, 2]
2025-12-26 13:13:02,879 INFO [088_Debussy_Prelude_Book1_No2_B1-22_page_1]        SystemManager.java:779  | 1 part along 1 system
2025-12-26 13:13:02,882 INFO [088_Debussy_Prelude_Book1_No2_B1-22_page_1]                 Book.java:543  | Created scores: [{Score 1}]
2025-12-26 13:13:02,883 INFO [088_Debussy_Prelude_Book1_No2_B1-22_page_1]       StepMonitoring.java:98   | HEADERS
2025-12-26 13:13:03,233 INFO [088_Debussy_Prelude_Book1_No2_B1-22_page_1]      BasicClassifier.java:286  | Classifier loaded XML norms.
2025-12-26 13:13:03,238 INFO [088_Debussy_Prelude_Book1_No2_B1-22_page_1]   AbstractClassifier.java:396  | Classifier data loaded from default uri jar:file:/C:/Users/Elliot/Downloads/Audiveris/app/audiveris.jar!/res/basic-classifier.zip
2025-12-26 13:13:03,777 INFO [088_Debussy_Prelude_Book1_No2_B1-22_page_1]       StepMonitoring.java:98   | STEM_SEEDS
2025-12-26 13:13:03,809 INFO [088_Debussy_Prelude_Book1_No2_B1-22_page_1]        StemSeedsStep.java:86   | stem(2 max:3)
2025-12-26 13:13:03,831 INFO [088_Debussy_Prelude_Book1_No2_B1-22_page_1]       StepMonitoring.java:98   | BEAMS
2025-12-26 13:13:04,628 INFO [088_Debussy_Prelude_Book1_No2_B1-22_page_1]       StepMonitoring.java:98   | LEDGERS
2025-12-26 13:13:04,729 INFO [088_Debussy_Prelude_Book1_No2_B1-22_page_1]       StepMonitoring.java:98   | HEADS
2025-12-26 13:13:05,282 INFO [088_Debussy_Prelude_Book1_No2_B1-22_page_1]        HeadSeedTally.java:235  | Scale information: HeadSeeds{NOTEHEAD_BLACK[L:-0.0,R:0.3]}
2025-12-26 13:13:05,283 INFO [088_Debussy_Prelude_Book1_No2_B1-22_page_1]       StepMonitoring.java:98   | STEMS
2025-12-26 13:13:05,638 INFO [088_Debussy_Prelude_Book1_No2_B1-22_page_1]       StepMonitoring.java:98   | REDUCTION
2025-12-26 13:13:05,734 INFO [088_Debussy_Prelude_Book1_No2_B1-22_page_1]        ReductionStep.java:105  | Stems free length median value: 44 pixels, 3.7 interlines
2025-12-26 13:13:05,738 INFO [088_Debussy_Prelude_Book1_No2_B1-22_page_1]       StepMonitoring.java:98   | CUE_BEAMS
2025-12-26 13:13:05,738 INFO [088_Debussy_Prelude_Book1_No2_B1-22_page_1]         CueBeamsStep.java:81   | Step CUE_BEAMS is skipped because small heads switch is off
2025-12-26 13:13:05,739 INFO [088_Debussy_Prelude_Book1_No2_B1-22_page_1]       StepMonitoring.java:98   | TEXTS
2025-12-26 13:13:05,785 WARN [088_Debussy_Prelude_Book1_No2_B1-22_page_1]         TesseractOCR.java:335  | The collection of supported languages is empty
2025-12-26 13:13:05,786 INFO [088_Debussy_Prelude_Book1_No2_B1-22_page_1]              OcrUtil.java:106  | Missing support for 'eng' language(s)
2025-12-26 13:13:05,795 INFO [088_Debussy_Prelude_Book1_No2_B1-22_page_1]       StepMonitoring.java:98   | MEASURES
2025-12-26 13:13:05,804 INFO [088_Debussy_Prelude_Book1_No2_B1-22_page_1]                 Page.java:307  | 5 raw measures: [5 in system#1]
2025-12-26 13:13:05,805 INFO [088_Debussy_Prelude_Book1_No2_B1-22_page_1]       StepMonitoring.java:98   | CHORDS
2025-12-26 13:13:05,813 INFO [088_Debussy_Prelude_Book1_No2_B1-22_page_1]       StepMonitoring.java:98   | CURVES
2025-12-26 13:13:06,185 INFO [088_Debussy_Prelude_Book1_No2_B1-22_page_1]         SlursBuilder.java:240  | Slurs: 7
2025-12-26 13:13:06,195 INFO [088_Debussy_Prelude_Book1_No2_B1-22_page_1]      SegmentsBuilder.java:155  | Segments: 13
2025-12-26 13:13:06,209 INFO [088_Debussy_Prelude_Book1_No2_B1-22_page_1]       StepMonitoring.java:98   | SYMBOLS
2025-12-26 13:13:06,581 INFO [088_Debussy_Prelude_Book1_No2_B1-22_page_1]       StepMonitoring.java:98   | LINKS
2025-12-26 13:13:06,614 INFO [088_Debussy_Prelude_Book1_No2_B1-22_page_1]       StepMonitoring.java:98   | RHYTHMS
2025-12-26 13:13:06,661 INFO [088_Debussy_Prelude_Book1_No2_B1-22_page_1]       StepMonitoring.java:98   | PAGE
2025-12-26 13:13:06,666 WARN [088_Debussy_Prelude_Book1_No2_B1-22_page_1]         MeasureFixer.java:343  | System#1 No target duration for measures local IDs [1, 2, 3, 4, 5], please check time signatures
2025-12-26 13:13:06,671 INFO [088_Debussy_Prelude_Book1_No2_B1-22_page_1]                 Book.java:2596 | Book{088_Debussy_Prelude_Book1_No2_B1-22_page_1} storing
2025-12-26 13:13:06,701 INFO [088_Debussy_Prelude_Book1_No2_B1-22_page_1]                 Book.java:2577 | Stored /book.xml
2025-12-26 13:13:06,772 INFO [088_Debussy_Prelude_Book1_No2_B1-22_page_1]           DataHolder.java:348  | Stored /sheet#1/BINARY.png
2025-12-26 13:13:07,148 INFO [088_Debussy_Prelude_Book1_No2_B1-22_page_1]                Sheet.java:1583 | Stored /sheet#1/sheet#1.xml
2025-12-26 13:13:07,149 INFO [088_Debussy_Prelude_Book1_No2_B1-22_page_1]                 Book.java:2537 | Book stored as C:\Users\Elliot\Downloads\Audiveris\scores\088_Debussy_Prelude_Book1_No2_B1-22_page_1.omr
2025-12-26 13:13:07,153 INFO [088_Debussy_Prelude_Book1_No2_B1-22_page_1]            SheetStub.java:1660 | Disposed sheet
2025-12-26 13:13:07,179 INFO [088_Debussy_Prelude_Book1_No2_B1-22_page_1]                 Book.java:2064 | End of Stub#1
2025-12-26 13:13:07,180 INFO [088_Debussy_Prelude_Book1_No2_B1-22_page_1]                 Book.java:2071 | Book processed.
2025-12-26 13:13:07,358 INFO [088_Debussy_Prelude_Book1_No2_B1-22_page_1]            SheetStub.java:997  | Loaded /sheet#1/sheet#1.xml
2025-12-26 13:13:07,776 INFO [088_Debussy_Prelude_Book1_No2_B1-22_page_1]      PartwiseBuilder.java:2688 | Exporting sheet(s): [#1]
2025-12-26 13:13:07,847 INFO [088_Debussy_Prelude_Book1_No2_B1-22_page_1]        ScoreExporter.java:164  | Score 088_Debussy_Prelude_Book1_No2_B1-22_page_1 exported to C:\Users\Elliot\Downloads\Audiveris\scores\088_Debussy_Prelude_Book1_No2_B1-22_page_1.mxl
2025-12-26 13:13:07,887 INFO [088_Debussy_Prelude_Book1_No2_B1-22_page_1]                Score.java:181  | Closing {Score 1}
