2025-12-26 13:13:09,567 INFO [089_Debussy_Reverie_B1-18_page_0]                 Book.java:560  | 1 sheet in C:\Users\Elliot\Downloads\Audiveris\scores\089_Debussy_Reverie_B1-18_page_0.jpg
2025-12-26 13:13:09,676 INFO []                 Book.java:2577 | Stored /book.xml
2025-12-26 13:13:09,677 INFO []                 Book.java:2537 | Book stored as C:\Users\Elliot\Downloads\Audiveris\scores\089_Debussy_Reverie_B1-18_page_0.omr
2025-12-26 13:13:09,683 INFO []                 Book.java:1929 | Book reaching PAGE on sheets:[#1]
2025-12-26 13:13:09,692 INFO [089_Debussy_Reverie_B1-18_page_0]       StepMonitoring.java:98   | LOAD
2025-12-26 13:13:09,789 INFO [089_Debussy_Reverie_B1-18_page_0]            SheetStub.java:1273 | Loaded image #1 1653x2339 from C:\Users\Elliot\Downloads\Audiveris\scores\089_Debussy_Reverie_B1-18_page_0.jpg
2025-12-26 13:13:09,793 INFO [089_Debussy_Reverie_B1-18_page_0]            ImageUtil.java:124  | Converting max RGB to gray
2025-12-26 13:13:09,923 INFO [089_Debussy_Reverie_B1-18_page_0]       StepMonitoring.java:98   | BINARY
2025-12-26 13:13:10,166 INFO [089_Debussy_Reverie_B1-18_page_0]       StepMonitoring.java:98   | SCALE
2025-12-26 13:13:10,197 INFO [089_Debussy_Reverie_B1-18_page_0]         ScaleBuilder.java:241  | Beam  guessed height:  6 -- 0.50 of 12 interline
2025-12-26 13:13:10,200 INFO [089_Debussy_Reverie_B1-18_page_0]         ScaleBuilder.java:264  | Beam measured height:  8 -- 0.50 of [4..12] range at 279% of needed quorum
2025-12-26 13:13:10,201 INFO [089_Debussy_Reverie_B1-18_page_0]            ScaleStep.java:65   | Scale{ interline(14,14,14) line(1,1,3) beam(8)}
2025-12-26 13:13:10,203 INFO [089_Debussy_Reverie_B1-18_page_0]       StepMonitoring.java:98   | GRID
2025-12-26 13:13:10,588 INFO [089_Debussy_Reverie_B1-18_page_0]       LinesRetriever.java:1500 | Global slope: 0.00000
2025-12-26 13:13:10,687 INFO [089_Debussy_Reverie_B1-18_page_0]    ClustersRetriever.java:326  | Retrieved raw line clusters: 10 of sizes [5] with interline(14,14,14)
2025-12-26 13:13:10,861 INFO [089_Debussy_Reverie_B1-18_page_0]            PeakGraph.java:310  | Systems: #1[1, 2] #2[3, 4] #3[5, 6] #4[7, 8] #5[9, 10]
2025-12-26 13:13:11,100 INFO [089_Debussy_Reverie_B1-18_page_0]        SystemManager.java:134  | Indentation detected for system #1
2025-12-26 13:13:11,101 INFO [089_Debussy_Reverie_B1-18_page_0]        SystemManager.java:779  | 1 part along 5 systems
2025-12-26 13:13:11,102 INFO [089_Debussy_Reverie_B1-18_page_0]                 Book.java:543  | Created scores: [{Score 1}]
2025-12-26 13:13:11,103 INFO [089_Debussy_Reverie_B1-18_page_0]       StepMonitoring.java:98   | HEADERS
2025-12-26 13:13:11,409 INFO [089_Debussy_Reverie_B1-18_page_0]      BasicClassifier.java:286  | Classifier loaded XML norms.
2025-12-26 13:13:11,412 INFO [089_Debussy_Reverie_B1-18_page_0]   AbstractClassifier.java:396  | Classifier data loaded from default uri jar:file:/C:/Users/Elliot/Downloads/Audiveris/app/audiveris.jar!/res/basic-classifier.zip
2025-12-26 13:13:12,081 INFO [089_Debussy_Reverie_B1-18_page_0]       StepMonitoring.java:98   | STEM_SEEDS
2025-12-26 13:13:12,127 INFO [089_Debussy_Reverie_B1-18_page_0]        StemSeedsStep.java:86   | stem(2 max:3)
2025-12-26 13:13:12,186 INFO [089_Debussy_Reverie_B1-18_page_0]       StepMonitoring.java:98   | BEAMS
2025-12-26 13:13:13,331 INFO [089_Debussy_Reverie_B1-18_page_0]       StepMonitoring.java:98   | LEDGERS
2025-12-26 13:13:13,502 INFO [089_Debussy_Reverie_B1-18_page_0]       StepMonitoring.java:98   | HEADS
2025-12-26 13:13:15,711 INFO [089_Debussy_Reverie_B1-18_page_0]        HeadSeedTally.java:235  | Scale information: HeadSeeds{NOTEHEAD_VOID[L:0.4] NOTEHEAD_BLACK[L:0.3,R:0.4]}
2025-12-26 13:13:15,712 INFO [089_Debussy_Reverie_B1-18_page_0]       StepMonitoring.java:98   | STEMS
2025-12-26 13:13:16,283 INFO [089_Debussy_Reverie_B1-18_page_0]       StepMonitoring.java:98   | REDUCTION
2025-12-26 13:13:16,458 INFO [089_Debussy_Reverie_B1-18_page_0]        ReductionStep.java:105  | Stems free length median value: 49 pixels, 3.5 interlines
2025-12-26 13:13:16,464 INFO [089_Debussy_Reverie_B1-18_page_0]       StepMonitoring.java:98   | CUE_BEAMS
2025-12-26 13:13:16,465 INFO [089_Debussy_Reverie_B1-18_page_0]         CueBeamsStep.java:81   | Step CUE_BEAMS is skipped because small heads switch is off
2025-12-26 13:13:16,465 INFO [089_Debussy_Reverie_B1-18_page_0]       StepMonitoring.java:98   | TEXTS
2025-12-26 13:13:16,565 WARN [089_Debussy_Reverie_B1-18_page_0]         TesseractOCR.java:335  | The collection of supported languages is empty
2025-12-26 13:13:16,565 INFO [089_Debussy_Reverie_B1-18_page_0]              OcrUtil.java:106  | Missing support for 'eng' language(s)
2025-12-26 13:13:16,575 INFO [089_Debussy_Reverie_B1-18_page_0]       StepMonitoring.java:98   | MEASURES
2025-12-26 13:13:16,587 INFO [089_Debussy_Reverie_B1-18_page_0]                 Page.java:307  | 18 raw measures: [3 in system#1, 4 in system#2, 4 in system#3, 4 in system#4, 3 in system#5]
2025-12-26 13:13:16,588 INFO [089_Debussy_Reverie_B1-18_page_0]       StepMonitoring.java:98   | CHORDS
2025-12-26 13:13:16,607 INFO [089_Debussy_Reverie_B1-18_page_0]       StepMonitoring.java:98   | CURVES
2025-12-26 13:13:17,219 INFO [089_Debussy_Reverie_B1-18_page_0]         SlursBuilder.java:240  | Slurs: 47
2025-12-26 13:13:17,256 INFO [089_Debussy_Reverie_B1-18_page_0]      SegmentsBuilder.java:155  | Segments: 18
2025-12-26 13:13:17,263 INFO [089_Debussy_Reverie_B1-18_page_0]       StepMonitoring.java:98   | SYMBOLS
2025-12-26 13:13:17,811 INFO [089_Debussy_Reverie_B1-18_page_0]       StepMonitoring.java:98   | LINKS
2025-12-26 13:13:17,860 INFO [089_Debussy_Reverie_B1-18_page_0]        SymbolsLinker.java:258  | No chord linked to OctaveShiftInter#4945{(0.188) staff:7 OTTAVA BASSA}
2025-12-26 13:13:17,861 INFO [089_Debussy_Reverie_B1-18_page_0]        SymbolsLinker.java:258  | No chord linked to OctaveShiftInter#4968{(0.401) staff:7 QUINDICESIMA BASSA}
2025-12-26 13:13:17,879 INFO [089_Debussy_Reverie_B1-18_page_0]       StepMonitoring.java:98   | RHYTHMS
2025-12-26 13:13:17,954 INFO [089_Debussy_Reverie_B1-18_page_0]       StepMonitoring.java:98   | PAGE
2025-12-26 13:13:17,967 INFO [089_Debussy_Reverie_B1-18_page_0]                 Book.java:2596 | Book{089_Debussy_Reverie_B1-18_page_0} storing
2025-12-26 13:13:18,009 INFO [089_Debussy_Reverie_B1-18_page_0]                 Book.java:2577 | Stored /book.xml
2025-12-26 13:13:18,079 INFO [089_Debussy_Reverie_B1-18_page_0]           DataHolder.java:348  | Stored /sheet#1/BINARY.png
2025-12-26 13:13:18,852 INFO [089_Debussy_Reverie_B1-18_page_0]                Sheet.java:1583 | Stored /sheet#1/sheet#1.xml
2025-12-26 13:13:18,853 INFO [089_Debussy_Reverie_B1-18_page_0]                 Book.java:2537 | Book stored as C:\Users\Elliot\Downloads\Audiveris\scores\089_Debussy_Reverie_B1-18_page_0.omr
2025-12-26 13:13:18,858 INFO [089_Debussy_Reverie_B1-18_page_0]            SheetStub.java:1660 | Disposed sheet
2025-12-26 13:13:18,887 INFO [089_Debussy_Reverie_B1-18_page_0]                 Book.java:2064 | End of Stub#1
2025-12-26 13:13:18,888 INFO [089_Debussy_Reverie_B1-18_page_0]                 Book.java:2071 | Book processed.
2025-12-26 13:13:19,250 INFO [089_Debussy_Reverie_B1-18_page_0]            SheetStub.java:997  | Loaded /sheet#1/sheet#1.xml
2025-12-26 13:13:19,636 INFO [089_Debussy_Reverie_B1-18_page_0]      PartwiseBuilder.java:2688 | Exporting sheet(s): [#1]
2025-12-26 13:13:19,743 INFO [089_Debussy_Reverie_B1-18_page_0]        ScoreExporter.java:164  | Score 089_Debussy_Reverie_B1-18_page_0 exported to C:\Users\Elliot\Downloads\Audiveris\scores\089_Debussy_Reverie_B1-18_page_0.mxl
2025-12-26 13:13:19,791 INFO [089_Debussy_Reverie_B1-18_page_0]                Score.java:181  | Closing {Score 1}
