2025-12-26 13:13:21,526 INFO [090_Debussy_GolliwoggsCakewalk_B1-25_page_0]                 Book.java:560  | 1 sheet in C:\Users\Elliot\Downloads\Audiveris\scores\090_Debussy_GolliwoggsCakewalk_B1-25_page_0.jpg
2025-12-26 13:13:21,640 INFO []                 Book.java:2577 | Stored /book.xml
2025-12-26 13:13:21,641 INFO []                 Book.java:2537 | Book stored as C:\Users\Elliot\Downloads\Audiveris\scores\090_Debussy_GolliwoggsCakewalk_B1-25_page_0.omr
2025-12-26 13:13:21,645 INFO []                 Book.java:1929 | Book reaching PAGE on sheets:[#1]
2025-12-26 13:13:21,649 INFO [090_Debussy_GolliwoggsCakewalk_B1-25_page_0]       StepMonitoring.java:98   | LOAD
2025-12-26 13:13:21,735 INFO [090_Debussy_GolliwoggsCakewalk_B1-25_page_0]            SheetStub.java:1273 | Loaded image #1 1653x2339 from C:\Users\Elliot\Downloads\Audiveris\scores\090_Debussy_GolliwoggsCakewalk_B1-25_page_0.jpg
2025-12-26 13:13:21,738 INFO [090_Debussy_GolliwoggsCakewalk_B1-25_page_0]            ImageUtil.java:124  | Converting max RGB to gray
2025-12-26 13:13:21,842 INFO [090_Debussy_GolliwoggsCakewalk_B1-25_page_0]       StepMonitoring.java:98   | BINARY
2025-12-26 13:13:22,066 INFO [090_Debussy_GolliwoggsCakewalk_B1-25_page_0]       StepMonitoring.java:98   | SCALE
2025-12-26 13:13:22,088 INFO [090_Debussy_GolliwoggsCakewalk_B1-25_page_0]         ScaleBuilder.java:241  | Beam  guessed height:  5 -- 0.50 of 10 interline
2025-12-26 13:13:22,090 INFO [090_Debussy_GolliwoggsCakewalk_B1-25_page_0]         ScaleBuilder.java:264  | Beam measured height:  7 -- 0.57 of [3..10] range at 473% of needed quorum
2025-12-26 13:13:22,091 INFO [090_Debussy_GolliwoggsCakewalk_B1-25_page_0]            ScaleStep.java:65   | Scale{ interline(11,12,12) line(1,1,2) beam(7)}
2025-12-26 13:13:22,092 INFO [090_Debussy_GolliwoggsCakewalk_B1-25_page_0]       StepMonitoring.java:98   | GRID
2025-12-26 13:13:22,422 INFO [090_Debussy_GolliwoggsCakewalk_B1-25_page_0]       LinesRetriever.java:1500 | Global slope: 0.00000
2025-12-26 13:13:22,535 INFO [090_Debussy_GolliwoggsCakewalk_B1-25_page_0]    ClustersRetriever.java:326  | Retrieved raw line clusters: 10 of sizes [5] with interline(11,12,12)
2025-12-26 13:13:22,743 INFO [090_Debussy_GolliwoggsCakewalk_B1-25_page_0]            PeakGraph.java:310  | Systems: #1[1, 2] #2[3, 4] #3[5, 6] #4[7, 8] #5[9, 10]
2025-12-26 13:13:22,961 INFO [090_Debussy_GolliwoggsCakewalk_B1-25_page_0]        SystemManager.java:134  | Indentation detected for system #1
2025-12-26 13:13:22,962 INFO [090_Debussy_GolliwoggsCakewalk_B1-25_page_0]        SystemManager.java:779  | 1 part along 5 systems
2025-12-26 13:13:22,963 INFO [090_Debussy_GolliwoggsCakewalk_B1-25_page_0]                 Book.java:543  | Created scores: [{Score 1}]
2025-12-26 13:13:22,964 INFO [090_Debussy_GolliwoggsCakewalk_B1-25_page_0]       StepMonitoring.java:98   | HEADERS
2025-12-26 13:13:23,267 INFO [090_Debussy_GolliwoggsCakewalk_B1-25_page_0]      BasicClassifier.java:286  | Classifier loaded XML norms.
2025-12-26 13:13:23,269 INFO [090_Debussy_GolliwoggsCakewalk_B1-25_page_0]   AbstractClassifier.java:396  | Classifier data loaded from default uri jar:file:/C:/Users/Elliot/Downloads/Audiveris/app/audiveris.jar!/res/basic-classifier.zip
2025-12-26 13:13:23,964 INFO [090_Debussy_GolliwoggsCakewalk_B1-25_page_0]       StepMonitoring.java:98   | STEM_SEEDS
2025-12-26 13:13:23,999 INFO [090_Debussy_GolliwoggsCakewalk_B1-25_page_0]        StemSeedsStep.java:86   | stem(1 max:2)
2025-12-26 13:13:24,045 INFO [090_Debussy_GolliwoggsCakewalk_B1-25_page_0]       StepMonitoring.java:98   | BEAMS
2025-12-26 13:13:25,214 INFO [090_Debussy_GolliwoggsCakewalk_B1-25_page_0]       StepMonitoring.java:98   | LEDGERS
2025-12-26 13:13:25,471 INFO [090_Debussy_GolliwoggsCakewalk_B1-25_page_0]       StepMonitoring.java:98   | HEADS
2025-12-26 13:13:27,173 INFO [090_Debussy_GolliwoggsCakewalk_B1-25_page_0]        HeadSeedTally.java:235  | Scale information: HeadSeeds{NOTEHEAD_BLACK[L:-0.2,R:0.4]}
2025-12-26 13:13:27,173 INFO [090_Debussy_GolliwoggsCakewalk_B1-25_page_0]       StepMonitoring.java:98   | STEMS
2025-12-26 13:13:28,079 INFO [090_Debussy_GolliwoggsCakewalk_B1-25_page_0]       StepMonitoring.java:98   | REDUCTION
2025-12-26 13:13:28,314 INFO [090_Debussy_GolliwoggsCakewalk_B1-25_page_0]        ReductionStep.java:105  | Stems free length median value: 36 pixels, 3.0 interlines
2025-12-26 13:13:28,321 INFO [090_Debussy_GolliwoggsCakewalk_B1-25_page_0]       StepMonitoring.java:98   | CUE_BEAMS
2025-12-26 13:13:28,322 INFO [090_Debussy_GolliwoggsCakewalk_B1-25_page_0]         CueBeamsStep.java:81   | Step CUE_BEAMS is skipped because small heads switch is off
2025-12-26 13:13:28,323 INFO [090_Debussy_GolliwoggsCakewalk_B1-25_page_0]       StepMonitoring.java:98   | TEXTS
2025-12-26 13:13:28,400 WARN [090_Debussy_GolliwoggsCakewalk_B1-25_page_0]         TesseractOCR.java:335  | The collection of supported languages is empty
2025-12-26 13:13:28,401 INFO [090_Debussy_GolliwoggsCakewalk_B1-25_page_0]              OcrUtil.java:106  | Missing support for 'eng' language(s)
2025-12-26 13:13:28,416 INFO [090_Debussy_GolliwoggsCakewalk_B1-25_page_0]       StepMonitoring.java:98   | MEASURES
2025-12-26 13:13:28,433 INFO [090_Debussy_GolliwoggsCakewalk_B1-25_page_0]                 Page.java:307  | 25 raw measures: [4 in system#1, 5 in system#2, 5 in system#3, 5 in system#4, 6 in system#5]
2025-12-26 13:13:28,434 INFO [090_Debussy_GolliwoggsCakewalk_B1-25_page_0]       StepMonitoring.java:98   | CHORDS
2025-12-26 13:13:28,459 INFO [090_Debussy_GolliwoggsCakewalk_B1-25_page_0]       StepMonitoring.java:98   | CURVES
2025-12-26 13:13:29,062 INFO [090_Debussy_GolliwoggsCakewalk_B1-25_page_0]         SlursBuilder.java:240  | Slurs: 23
2025-12-26 13:13:29,108 INFO [090_Debussy_GolliwoggsCakewalk_B1-25_page_0]      SegmentsBuilder.java:155  | Segments: 50
2025-12-26 13:13:29,120 INFO [090_Debussy_GolliwoggsCakewalk_B1-25_page_0]       StepMonitoring.java:98   | SYMBOLS
2025-12-26 13:13:29,936 INFO [090_Debussy_GolliwoggsCakewalk_B1-25_page_0]       StepMonitoring.java:98   | LINKS
2025-12-26 13:13:30,003 INFO [090_Debussy_GolliwoggsCakewalk_B1-25_page_0]       StepMonitoring.java:98   | RHYTHMS
2025-12-26 13:13:30,022 INFO [090_Debussy_GolliwoggsCakewalk_B1-25_page_0]        MeasureRhythm.java:1277 | Measure{#1} Time inconsistency in {1/16=[HeadChordInter#6575{(0.949/0.949) staff:2 slot#2 off:1/16 dur:1/8}], 1/8=[HeadChordInter#6557{(0.937/0.937) staff:1 slot#2 off:1/8 dur:1/8}]}
2025-12-26 13:13:30,023 INFO [090_Debussy_GolliwoggsCakewalk_B1-25_page_0]        MeasureRhythm.java:1277 | Measure{#1} Time inconsistency in {3/16=[HeadChordInter#6576{(0.949/0.949) staff:2 slot#3 off:3/16 dur:1/16}], 1/4=[HeadChordInter#6558{(0.951/0.951) staff:1 slot#3 off:1/4 dur:1/8}]}
2025-12-26 13:13:30,029 INFO [090_Debussy_GolliwoggsCakewalk_B1-25_page_0]        MeasureRhythm.java:1277 | Measure{#2} Time inconsistency in {1/16=[HeadChordInter#6580{(0.949/0.949) staff:2 slot#2 off:1/16 dur:1/8}], 1/8=[HeadChordInter#6562{(0.941/0.941) staff:1 slot#2 off:1/8 dur:1/8}]}
2025-12-26 13:13:30,030 INFO [090_Debussy_GolliwoggsCakewalk_B1-25_page_0]        MeasureRhythm.java:1277 | Measure{#2} Time inconsistency in {3/16=[HeadChordInter#6581{(0.944/0.944) staff:2 slot#3 off:3/16 dur:1/16}], 1/4=[HeadChordInter#6563{(0.957/0.957) staff:1 slot#3 off:1/4 dur:1/16}]}
2025-12-26 13:13:30,044 INFO [090_Debussy_GolliwoggsCakewalk_B1-25_page_0]                Voice.java:257  | Measure{#6} Voice{#1 excess:1/8} too long
2025-12-26 13:13:30,044 INFO [090_Debussy_GolliwoggsCakewalk_B1-25_page_0]          StackRhythm.java:224  | S2 MeasureStack#6 no correct rhythm
2025-12-26 13:13:30,049 INFO [090_Debussy_GolliwoggsCakewalk_B1-25_page_0]                Voice.java:257  | Measure{#8} Voice{#1 excess:1/8} too long
2025-12-26 13:13:30,050 INFO [090_Debussy_GolliwoggsCakewalk_B1-25_page_0]                Voice.java:257  | Measure{#8} Voice{#6 excess:1/8} too long
2025-12-26 13:13:30,051 INFO [090_Debussy_GolliwoggsCakewalk_B1-25_page_0]          StackRhythm.java:224  | S2 MeasureStack#8 no correct rhythm
2025-12-26 13:13:30,054 INFO [090_Debussy_GolliwoggsCakewalk_B1-25_page_0]        MeasureRhythm.java:1277 | Measure{#9} Time inconsistency in {7/24=[HeadChordInter#6601{(0.968/0.968) staff:3 slot#4 off:7/24 dur:1/12}], 1/3=[HeadChordInter#6618{(0.967/0.967) staff:4 slot#4 off:1/3 dur:1/8}]}
2025-12-26 13:13:30,055 INFO [090_Debussy_GolliwoggsCakewalk_B1-25_page_0]                Voice.java:257  | Measure{#9} Voice{#1 excess:3/8} too long
2025-12-26 13:13:30,055 INFO [090_Debussy_GolliwoggsCakewalk_B1-25_page_0]          StackRhythm.java:224  | S2 MeasureStack#9 no correct rhythm
2025-12-26 13:13:30,072 INFO [090_Debussy_GolliwoggsCakewalk_B1-25_page_0]        MeasureRhythm.java:1045 | Measure{#17} No timeOffset for HeadChordInter#6678{(0.549/0.549) staff:7 slot#5 dur:1/2}
2025-12-26 13:13:30,073 INFO [090_Debussy_GolliwoggsCakewalk_B1-25_page_0]          StackRhythm.java:224  | S4 MeasureStack#17 no correct rhythm
2025-12-26 13:13:30,077 INFO [090_Debussy_GolliwoggsCakewalk_B1-25_page_0]        MeasureRhythm.java:1045 | Measure{#19} No timeOffset for HeadChordInter#6690{(0.947/0.947) staff:7 slot#5 dur:1/8}
2025-12-26 13:13:30,078 INFO [090_Debussy_GolliwoggsCakewalk_B1-25_page_0]        MeasureRhythm.java:1045 | Measure{#19} No timeOffset for RestChordInter#8379{(0.793/0.793) staff:7 slot#5 dur:1/8}
2025-12-26 13:13:30,078 INFO [090_Debussy_GolliwoggsCakewalk_B1-25_page_0]        MeasureRhythm.java:1045 | Measure{#19} No timeOffset for HeadChordInter#6712{(0.961/0.961) staff:8 slot#5 dur:1/8}
2025-12-26 13:13:30,079 INFO [090_Debussy_GolliwoggsCakewalk_B1-25_page_0]   AbstractChordInter.java:627  | Measure{#19} No timeOffset for HeadChordInter#6691{(0.937/0.937) staff:7 slot#6 dur:1/8}
2025-12-26 13:13:30,079 INFO [090_Debussy_GolliwoggsCakewalk_B1-25_page_0]   AbstractChordInter.java:627  | Measure{#19} No timeOffset for RestChordInter#8379{(0.793/0.793) staff:7 slot#5 dur:1/8}
2025-12-26 13:13:30,079 INFO [090_Debussy_GolliwoggsCakewalk_B1-25_page_0]   AbstractChordInter.java:627  | Measure{#19} No timeOffset for HeadChordInter#6713{(0.969/0.969) staff:8 slot#6 dur:1/8}
2025-12-26 13:13:30,079 INFO [090_Debussy_GolliwoggsCakewalk_B1-25_page_0]                Voice.java:257  | Measure{#19} Voice{#2 excess:1/8} too long
2025-12-26 13:13:30,080 INFO [090_Debussy_GolliwoggsCakewalk_B1-25_page_0]          StackRhythm.java:224  | S4 MeasureStack#19 no correct rhythm
2025-12-26 13:13:30,086 INFO [090_Debussy_GolliwoggsCakewalk_B1-25_page_0]        MeasureRhythm.java:1045 | Measure{#22} No timeOffset for HeadChordInter#6723{(0.952/0.952) staff:9 slot#5 dur:1/8}
2025-12-26 13:13:30,087 INFO [090_Debussy_GolliwoggsCakewalk_B1-25_page_0]        MeasureRhythm.java:1045 | Measure{#22} No timeOffset for HeadChordInter#6746{(0.957/0.957) staff:10 slot#5 dur:1/8}
2025-12-26 13:13:30,087 INFO [090_Debussy_GolliwoggsCakewalk_B1-25_page_0]                Voice.java:257  | Measure{#22} Voice{#1 excess:1/8} too long
2025-12-26 13:13:30,088 INFO [090_Debussy_GolliwoggsCakewalk_B1-25_page_0]          StackRhythm.java:224  | S5 MeasureStack#22 no correct rhythm
2025-12-26 13:13:30,092 INFO [090_Debussy_GolliwoggsCakewalk_B1-25_page_0]       StepMonitoring.java:98   | PAGE
2025-12-26 13:13:30,099 INFO [090_Debussy_GolliwoggsCakewalk_B1-25_page_0]                Voice.java:257  | Measure{#6} Voice{#1 excess:1/8} too long
2025-12-26 13:13:30,100 INFO [090_Debussy_GolliwoggsCakewalk_B1-25_page_0]                Voice.java:257  | Measure{#8} Voice{#1 excess:1/8} too long
2025-12-26 13:13:30,100 INFO [090_Debussy_GolliwoggsCakewalk_B1-25_page_0]                Voice.java:257  | Measure{#8} Voice{#6 excess:1/8} too long
2025-12-26 13:13:30,101 INFO [090_Debussy_GolliwoggsCakewalk_B1-25_page_0]                Voice.java:257  | Measure{#9} Voice{#1 excess:3/8} too long
2025-12-26 13:13:30,101 INFO [090_Debussy_GolliwoggsCakewalk_B1-25_page_0]                Voice.java:257  | Measure{#19} Voice{#2 excess:1/8} too long
2025-12-26 13:13:30,102 INFO [090_Debussy_GolliwoggsCakewalk_B1-25_page_0]                Voice.java:257  | Measure{#22} Voice{#1 excess:1/8} too long
2025-12-26 13:13:30,106 INFO [090_Debussy_GolliwoggsCakewalk_B1-25_page_0]                 Book.java:2596 | Book{090_Debussy_GolliwoggsCakewalk_B1-25_page_0} storing
2025-12-26 13:13:30,148 INFO [090_Debussy_GolliwoggsCakewalk_B1-25_page_0]                 Book.java:2577 | Stored /book.xml
2025-12-26 13:13:30,226 INFO [090_Debussy_GolliwoggsCakewalk_B1-25_page_0]           DataHolder.java:348  | Stored /sheet#1/BINARY.png
2025-12-26 13:13:31,047 INFO [090_Debussy_GolliwoggsCakewalk_B1-25_page_0]                Sheet.java:1583 | Stored /sheet#1/sheet#1.xml
2025-12-26 13:13:31,048 INFO [090_Debussy_GolliwoggsCakewalk_B1-25_page_0]                 Book.java:2537 | Book stored as C:\Users\Elliot\Downloads\Audiveris\scores\090_Debussy_GolliwoggsCakewalk_B1-25_page_0.omr
2025-12-26 13:13:31,053 INFO [090_Debussy_GolliwoggsCakewalk_B1-25_page_0]            SheetStub.java:1660 | Disposed sheet
2025-12-26 13:13:31,085 INFO [090_Debussy_GolliwoggsCakewalk_B1-25_page_0]                 Book.java:2064 | End of Stub#1
2025-12-26 13:13:31,086 INFO [090_Debussy_GolliwoggsCakewalk_B1-25_page_0]                 Book.java:2071 | Book processed.
2025-12-26 13:13:31,488 INFO [090_Debussy_GolliwoggsCakewalk_B1-25_page_0]            SheetStub.java:997  | Loaded /sheet#1/sheet#1.xml
2025-12-26 13:13:31,892 INFO [090_Debussy_GolliwoggsCakewalk_B1-25_page_0]      PartwiseBuilder.java:2688 | Exporting sheet(s): [#1]
2025-12-26 13:13:32,004 INFO [090_Debussy_GolliwoggsCakewalk_B1-25_page_0]        ScoreExporter.java:164  | Score 090_Debussy_GolliwoggsCakewalk_B1-25_page_0 exported to C:\Users\Elliot\Downloads\Audiveris\scores\090_Debussy_GolliwoggsCakewalk_B1-25_page_0.mxl
2025-12-26 13:13:32,051 INFO [090_Debussy_GolliwoggsCakewalk_B1-25_page_0]                Score.java:181  | Closing {Score 1}
