2025-12-26 13:13:33,756 INFO [091_Grieg_LyricPieces_Op12-1_B1-12_page_0]                 Book.java:560  | 1 sheet in C:\Users\Elliot\Downloads\Audiveris\scores\091_Grieg_LyricPieces_Op12-1_B1-12_page_0.jpg
2025-12-26 13:13:33,865 INFO []                 Book.java:2577 | Stored /book.xml
2025-12-26 13:13:33,866 INFO []                 Book.java:2537 | Book stored as C:\Users\Elliot\Downloads\Audiveris\scores\091_Grieg_LyricPieces_Op12-1_B1-12_page_0.omr
2025-12-26 13:13:33,870 INFO []                 Book.java:1929 | Book reaching PAGE on sheets:[#1]
2025-12-26 13:13:33,876 INFO [091_Grieg_LyricPieces_Op12-1_B1-12_page_0]       StepMonitoring.java:98   | LOAD
2025-12-26 13:13:33,963 INFO [091_Grieg_LyricPieces_Op12-1_B1-12_page_0]            SheetStub.java:1273 | Loaded image #1 1653x2339 from C:\Users\Elliot\Downloads\Audiveris\scores\091_Grieg_LyricPieces_Op12-1_B1-12_page_0.jpg
2025-12-26 13:13:33,966 INFO [091_Grieg_LyricPieces_Op12-1_B1-12_page_0]            ImageUtil.java:124  | Converting max RGB to gray
2025-12-26 13:13:34,122 INFO [091_Grieg_LyricPieces_Op12-1_B1-12_page_0]       StepMonitoring.java:98   | BINARY
2025-12-26 13:13:34,373 INFO [091_Grieg_LyricPieces_Op12-1_B1-12_page_0]       StepMonitoring.java:98   | SCALE
2025-12-26 13:13:34,394 INFO [091_Grieg_LyricPieces_Op12-1_B1-12_page_0]         ScaleBuilder.java:241  | Beam  guessed height:  5 -- 0.50 of 10 interline
2025-12-26 13:13:34,395 INFO [091_Grieg_LyricPieces_Op12-1_B1-12_page_0]         ScaleBuilder.java:264  | Beam measured height:  7 -- 0.57 of [3..10] range at 495% of needed quorum
2025-12-26 13:13:34,396 INFO [091_Grieg_LyricPieces_Op12-1_B1-12_page_0]            ScaleStep.java:65   | Scale{ interline(11,12,12) line(1,1,3) beam(7)}
2025-12-26 13:13:34,397 INFO [091_Grieg_LyricPieces_Op12-1_B1-12_page_0]       StepMonitoring.java:98   | GRID
2025-12-26 13:13:34,666 INFO [091_Grieg_LyricPieces_Op12-1_B1-12_page_0]       LinesRetriever.java:1500 | Global slope: 0.00000
2025-12-26 13:13:34,703 INFO [091_Grieg_LyricPieces_Op12-1_B1-12_page_0]    ClustersRetriever.java:326  | Retrieved raw line clusters: 6 of sizes [5] with interline(11,12,12)
2025-12-26 13:13:34,816 INFO [091_Grieg_LyricPieces_Op12-1_B1-12_page_0]            PeakGraph.java:310  | Systems: #1[1, 2] #2[3, 4] #3[5, 6]
2025-12-26 13:13:35,053 INFO [091_Grieg_LyricPieces_Op12-1_B1-12_page_0]        SystemManager.java:134  | Indentation detected for system #1
2025-12-26 13:13:35,054 INFO [091_Grieg_LyricPieces_Op12-1_B1-12_page_0]        SystemManager.java:779  | 1 part along 3 systems
2025-12-26 13:13:35,055 INFO [091_Grieg_LyricPieces_Op12-1_B1-12_page_0]                 Book.java:543  | Created scores: [{Score 1}]
2025-12-26 13:13:35,056 INFO [091_Grieg_LyricPieces_Op12-1_B1-12_page_0]       StepMonitoring.java:98   | HEADERS
2025-12-26 13:13:35,429 INFO [091_Grieg_LyricPieces_Op12-1_B1-12_page_0]      BasicClassifier.java:286  | Classifier loaded XML norms.
2025-12-26 13:13:35,434 INFO [091_Grieg_LyricPieces_Op12-1_B1-12_page_0]   AbstractClassifier.java:396  | Classifier data loaded from default uri jar:file:/C:/Users/Elliot/Downloads/Audiveris/app/audiveris.jar!/res/basic-classifier.zip
2025-12-26 13:13:36,222 INFO [091_Grieg_LyricPieces_Op12-1_B1-12_page_0]       StepMonitoring.java:98   | STEM_SEEDS
2025-12-26 13:13:36,263 INFO [091_Grieg_LyricPieces_Op12-1_B1-12_page_0]        StemSeedsStep.java:86   | stem(2 max:2)
2025-12-26 13:13:36,308 INFO [091_Grieg_LyricPieces_Op12-1_B1-12_page_0]       StepMonitoring.java:98   | BEAMS
2025-12-26 13:13:37,353 INFO [091_Grieg_LyricPieces_Op12-1_B1-12_page_0]       StepMonitoring.java:98   | LEDGERS
2025-12-26 13:13:37,588 INFO [091_Grieg_LyricPieces_Op12-1_B1-12_page_0]       StepMonitoring.java:98   | HEADS
2025-12-26 13:13:38,751 INFO [091_Grieg_LyricPieces_Op12-1_B1-12_page_0]        HeadSeedTally.java:235  | Scale information: HeadSeeds{NOTEHEAD_BLACK[L:-0.4,R:0.4]}
2025-12-26 13:13:38,752 INFO [091_Grieg_LyricPieces_Op12-1_B1-12_page_0]       StepMonitoring.java:98   | STEMS
2025-12-26 13:13:39,252 INFO [091_Grieg_LyricPieces_Op12-1_B1-12_page_0]       StepMonitoring.java:98   | REDUCTION
2025-12-26 13:13:39,370 INFO [091_Grieg_LyricPieces_Op12-1_B1-12_page_0]        ReductionStep.java:105  | Stems free length median value: 36 pixels, 3.0 interlines
2025-12-26 13:13:39,375 INFO [091_Grieg_LyricPieces_Op12-1_B1-12_page_0]       StepMonitoring.java:98   | CUE_BEAMS
2025-12-26 13:13:39,376 INFO [091_Grieg_LyricPieces_Op12-1_B1-12_page_0]         CueBeamsStep.java:81   | Step CUE_BEAMS is skipped because small heads switch is off
2025-12-26 13:13:39,377 INFO [091_Grieg_LyricPieces_Op12-1_B1-12_page_0]       StepMonitoring.java:98   | TEXTS
2025-12-26 13:13:39,438 WARN [091_Grieg_LyricPieces_Op12-1_B1-12_page_0]         TesseractOCR.java:335  | The collection of supported languages is empty
2025-12-26 13:13:39,438 INFO [091_Grieg_LyricPieces_Op12-1_B1-12_page_0]              OcrUtil.java:106  | Missing support for 'eng' language(s)
2025-12-26 13:13:39,449 INFO [091_Grieg_LyricPieces_Op12-1_B1-12_page_0]       StepMonitoring.java:98   | MEASURES
2025-12-26 13:13:39,460 INFO [091_Grieg_LyricPieces_Op12-1_B1-12_page_0]                 Page.java:307  | 12 raw measures: [4 in system#1, 4 in system#2, 4 in system#3]
2025-12-26 13:13:39,460 INFO [091_Grieg_LyricPieces_Op12-1_B1-12_page_0]       StepMonitoring.java:98   | CHORDS
2025-12-26 13:13:39,482 INFO [091_Grieg_LyricPieces_Op12-1_B1-12_page_0]       StepMonitoring.java:98   | CURVES
2025-12-26 13:13:39,920 INFO [091_Grieg_LyricPieces_Op12-1_B1-12_page_0]         SlursBuilder.java:240  | Slurs: 31
2025-12-26 13:13:39,933 INFO [091_Grieg_LyricPieces_Op12-1_B1-12_page_0]      SegmentsBuilder.java:155  | Segments: 17
2025-12-26 13:13:39,942 INFO [091_Grieg_LyricPieces_Op12-1_B1-12_page_0]       StepMonitoring.java:98   | SYMBOLS
2025-12-26 13:13:40,311 INFO [091_Grieg_LyricPieces_Op12-1_B1-12_page_0]       StepMonitoring.java:98   | LINKS
2025-12-26 13:13:40,373 INFO [091_Grieg_LyricPieces_Op12-1_B1-12_page_0]       StepMonitoring.java:98   | RHYTHMS
2025-12-26 13:13:40,435 INFO [091_Grieg_LyricPieces_Op12-1_B1-12_page_0]       StepMonitoring.java:98   | PAGE
2025-12-26 13:13:40,445 INFO [091_Grieg_LyricPieces_Op12-1_B1-12_page_0]                 Book.java:2596 | Book{091_Grieg_LyricPieces_Op12-1_B1-12_page_0} storing
2025-12-26 13:13:40,486 INFO [091_Grieg_LyricPieces_Op12-1_B1-12_page_0]                 Book.java:2577 | Stored /book.xml
2025-12-26 13:13:40,608 INFO [091_Grieg_LyricPieces_Op12-1_B1-12_page_0]           DataHolder.java:348  | Stored /sheet#1/BINARY.png
2025-12-26 13:13:41,157 INFO [091_Grieg_LyricPieces_Op12-1_B1-12_page_0]                Sheet.java:1583 | Stored /sheet#1/sheet#1.xml
2025-12-26 13:13:41,158 INFO [091_Grieg_LyricPieces_Op12-1_B1-12_page_0]                 Book.java:2537 | Book stored as C:\Users\Elliot\Downloads\Audiveris\scores\091_Grieg_LyricPieces_Op12-1_B1-12_page_0.omr
2025-12-26 13:13:41,163 INFO [091_Grieg_LyricPieces_Op12-1_B1-12_page_0]            SheetStub.java:1660 | Disposed sheet
2025-12-26 13:13:41,197 INFO [091_Grieg_LyricPieces_Op12-1_B1-12_page_0]                 Book.java:2064 | End of Stub#1
2025-12-26 13:13:41,198 INFO [091_Grieg_LyricPieces_Op12-1_B1-12_page_0]                 Book.java:2071 | Book processed.
2025-12-26 13:13:41,507 INFO [091_Grieg_LyricPieces_Op12-1_B1-12_page_0]            SheetStub.java:997  | Loaded /sheet#1/sheet#1.xml
2025-12-26 13:13:41,897 INFO [091_Grieg_LyricPieces_Op12-1_B1-12_page_0]      PartwiseBuilder.java:2688 | Exporting sheet(s): [#1]
2025-12-26 13:13:42,002 INFO [091_Grieg_LyricPieces_Op12-1_B1-12_page_0]        ScoreExporter.java:164  | Score 091_Grieg_LyricPieces_Op12-1_B1-12_page_0 exported to C:\Users\Elliot\Downloads\Audiveris\scores\091_Grieg_LyricPieces_Op12-1_B1-12_page_0.mxl
2025-12-26 13:13:42,044 INFO [091_Grieg_LyricPieces_Op12-1_B1-12_page_0]                Score.java:181  | Closing {Score 1}
