2025-12-26 13:13:43,868 INFO [092_Grieg_LyricPieces_Op38-1_B1-16_page_0]                 Book.java:560  | 1 sheet in C:\Users\Elliot\Downloads\Audiveris\scores\092_Grieg_LyricPieces_Op38-1_B1-16_page_0.jpg
2025-12-26 13:13:43,992 INFO []                 Book.java:2577 | Stored /book.xml
2025-12-26 13:13:43,993 INFO []                 Book.java:2537 | Book stored as C:\Users\Elliot\Downloads\Audiveris\scores\092_Grieg_LyricPieces_Op38-1_B1-16_page_0.omr
2025-12-26 13:13:43,998 INFO []                 Book.java:1929 | Book reaching PAGE on sheets:[#1]
2025-12-26 13:13:44,003 INFO [092_Grieg_LyricPieces_Op38-1_B1-16_page_0]       StepMonitoring.java:98   | LOAD
2025-12-26 13:13:44,094 INFO [092_Grieg_LyricPieces_Op38-1_B1-16_page_0]            SheetStub.java:1273 | Loaded image #1 1653x2339 from C:\Users\Elliot\Downloads\Audiveris\scores\092_Grieg_LyricPieces_Op38-1_B1-16_page_0.jpg
2025-12-26 13:13:44,098 INFO [092_Grieg_LyricPieces_Op38-1_B1-16_page_0]            ImageUtil.java:124  | Converting max RGB to gray
2025-12-26 13:13:44,216 INFO [092_Grieg_LyricPieces_Op38-1_B1-16_page_0]       StepMonitoring.java:98   | BINARY
2025-12-26 13:13:44,434 INFO [092_Grieg_LyricPieces_Op38-1_B1-16_page_0]       StepMonitoring.java:98   | SCALE
2025-12-26 13:13:44,458 INFO [092_Grieg_LyricPieces_Op38-1_B1-16_page_0]         ScaleBuilder.java:241  | Beam  guessed height:  5 -- 0.50 of 10 interline
2025-12-26 13:13:44,459 INFO [092_Grieg_LyricPieces_Op38-1_B1-16_page_0]         ScaleBuilder.java:264  | Beam measured height:  6 -- 0.43 of [3..10] range at 151% of needed quorum
2025-12-26 13:13:44,460 INFO [092_Grieg_LyricPieces_Op38-1_B1-16_page_0]            ScaleStep.java:65   | Scale{ interline(11,12,12) line(1,1,3) beam(6)}
2025-12-26 13:13:44,461 INFO [092_Grieg_LyricPieces_Op38-1_B1-16_page_0]       StepMonitoring.java:98   | GRID
2025-12-26 13:13:44,734 INFO [092_Grieg_LyricPieces_Op38-1_B1-16_page_0]       LinesRetriever.java:1500 | Global slope: 0.00000
2025-12-26 13:13:44,769 INFO [092_Grieg_LyricPieces_Op38-1_B1-16_page_0]    ClustersRetriever.java:326  | Retrieved raw line clusters: 8 of sizes [5] with interline(11,12,12)
2025-12-26 13:13:44,868 INFO [092_Grieg_LyricPieces_Op38-1_B1-16_page_0]            PeakGraph.java:310  | Systems: #1[1, 2] #2[3, 4] #3[5, 6] #4[7, 8]
2025-12-26 13:13:45,066 INFO [092_Grieg_LyricPieces_Op38-1_B1-16_page_0]        SystemManager.java:134  | Indentation detected for system #1
2025-12-26 13:13:45,067 INFO [092_Grieg_LyricPieces_Op38-1_B1-16_page_0]        SystemManager.java:779  | 1 part along 4 systems
2025-12-26 13:13:45,069 INFO [092_Grieg_LyricPieces_Op38-1_B1-16_page_0]                 Book.java:543  | Created scores: [{Score 1}]
2025-12-26 13:13:45,069 INFO [092_Grieg_LyricPieces_Op38-1_B1-16_page_0]       StepMonitoring.java:98   | HEADERS
2025-12-26 13:13:45,403 INFO [092_Grieg_LyricPieces_Op38-1_B1-16_page_0]      BasicClassifier.java:286  | Classifier loaded XML norms.
2025-12-26 13:13:45,406 INFO [092_Grieg_LyricPieces_Op38-1_B1-16_page_0]   AbstractClassifier.java:396  | Classifier data loaded from default uri jar:file:/C:/Users/Elliot/Downloads/Audiveris/app/audiveris.jar!/res/basic-classifier.zip
2025-12-26 13:13:46,119 INFO [092_Grieg_LyricPieces_Op38-1_B1-16_page_0]       StepMonitoring.java:98   | STEM_SEEDS
2025-12-26 13:13:46,162 INFO [092_Grieg_LyricPieces_Op38-1_B1-16_page_0]        StemSeedsStep.java:86   | stem(2 max:3)
2025-12-26 13:13:46,215 INFO [092_Grieg_LyricPieces_Op38-1_B1-16_page_0]       StepMonitoring.java:98   | BEAMS
2025-12-26 13:13:47,110 INFO [092_Grieg_LyricPieces_Op38-1_B1-16_page_0]       StepMonitoring.java:98   | LEDGERS
2025-12-26 13:13:47,205 INFO [092_Grieg_LyricPieces_Op38-1_B1-16_page_0]       StepMonitoring.java:98   | HEADS
2025-12-26 13:13:48,489 INFO [092_Grieg_LyricPieces_Op38-1_B1-16_page_0]        HeadSeedTally.java:235  | Scale information: HeadSeeds{NOTEHEAD_BLACK[L:-0.4,R:0.5]}
2025-12-26 13:13:48,490 INFO [092_Grieg_LyricPieces_Op38-1_B1-16_page_0]       StepMonitoring.java:98   | STEMS
2025-12-26 13:13:48,966 INFO [092_Grieg_LyricPieces_Op38-1_B1-16_page_0]       StepMonitoring.java:98   | REDUCTION
2025-12-26 13:13:49,151 INFO [092_Grieg_LyricPieces_Op38-1_B1-16_page_0]        ReductionStep.java:105  | Stems free length median value: 42 pixels, 3.5 interlines
2025-12-26 13:13:49,156 INFO [092_Grieg_LyricPieces_Op38-1_B1-16_page_0]       StepMonitoring.java:98   | CUE_BEAMS
2025-12-26 13:13:49,157 INFO [092_Grieg_LyricPieces_Op38-1_B1-16_page_0]         CueBeamsStep.java:81   | Step CUE_BEAMS is skipped because small heads switch is off
2025-12-26 13:13:49,157 INFO [092_Grieg_LyricPieces_Op38-1_B1-16_page_0]       StepMonitoring.java:98   | TEXTS
2025-12-26 13:13:49,235 WARN [092_Grieg_LyricPieces_Op38-1_B1-16_page_0]         TesseractOCR.java:335  | The collection of supported languages is empty
2025-12-26 13:13:49,235 INFO [092_Grieg_LyricPieces_Op38-1_B1-16_page_0]              OcrUtil.java:106  | Missing support for 'eng' language(s)
2025-12-26 13:13:49,246 INFO [092_Grieg_LyricPieces_Op38-1_B1-16_page_0]       StepMonitoring.java:98   | MEASURES
2025-12-26 13:13:49,259 INFO [092_Grieg_LyricPieces_Op38-1_B1-16_page_0]                 Page.java:307  | 16 raw measures: [4 in system#1, 4 in system#2, 4 in system#3, 4 in system#4]
2025-12-26 13:13:49,259 INFO [092_Grieg_LyricPieces_Op38-1_B1-16_page_0]       StepMonitoring.java:98   | CHORDS
2025-12-26 13:13:49,280 INFO [092_Grieg_LyricPieces_Op38-1_B1-16_page_0]       StepMonitoring.java:98   | CURVES
2025-12-26 13:13:49,815 INFO [092_Grieg_LyricPieces_Op38-1_B1-16_page_0]         SlursBuilder.java:240  | Slurs: 8
2025-12-26 13:13:49,821 INFO [092_Grieg_LyricPieces_Op38-1_B1-16_page_0]      SegmentsBuilder.java:155  | Segments: 3
2025-12-26 13:13:49,826 INFO [092_Grieg_LyricPieces_Op38-1_B1-16_page_0]       StepMonitoring.java:98   | SYMBOLS
2025-12-26 13:13:50,074 INFO [092_Grieg_LyricPieces_Op38-1_B1-16_page_0]       StepMonitoring.java:98   | LINKS
2025-12-26 13:13:50,123 INFO [092_Grieg_LyricPieces_Op38-1_B1-16_page_0]       StepMonitoring.java:98   | RHYTHMS
2025-12-26 13:13:50,147 INFO [092_Grieg_LyricPieces_Op38-1_B1-16_page_0]                Voice.java:257  | Measure{#1} Voice{#5 excess:1/8} too long
2025-12-26 13:13:50,150 INFO [092_Grieg_LyricPieces_Op38-1_B1-16_page_0]          StackRhythm.java:224  | S1 MeasureStack#1 no correct rhythm
2025-12-26 13:13:50,153 INFO [092_Grieg_LyricPieces_Op38-1_B1-16_page_0]                Voice.java:257  | Measure{#2} Voice{#5 excess:1/8} too long
2025-12-26 13:13:50,154 INFO [092_Grieg_LyricPieces_Op38-1_B1-16_page_0]          StackRhythm.java:224  | S1 MeasureStack#2 no correct rhythm
2025-12-26 13:13:50,163 INFO [092_Grieg_LyricPieces_Op38-1_B1-16_page_0]                Voice.java:257  | Measure{#4} Voice{#5 excess:1/8} too long
2025-12-26 13:13:50,164 INFO [092_Grieg_LyricPieces_Op38-1_B1-16_page_0]          StackRhythm.java:224  | S1 MeasureStack#4 no correct rhythm
2025-12-26 13:13:50,180 INFO [092_Grieg_LyricPieces_Op38-1_B1-16_page_0]                Voice.java:257  | Measure{#8} Voice{#5 excess:1/8} too long
2025-12-26 13:13:50,182 INFO [092_Grieg_LyricPieces_Op38-1_B1-16_page_0]          StackRhythm.java:224  | S2 MeasureStack#8 no correct rhythm
2025-12-26 13:13:50,196 INFO [092_Grieg_LyricPieces_Op38-1_B1-16_page_0]                Voice.java:257  | Measure{#11} Voice{#1 excess:1/8} too long
2025-12-26 13:13:50,197 INFO [092_Grieg_LyricPieces_Op38-1_B1-16_page_0]                Voice.java:257  | Measure{#11} Voice{#5 excess:1/8} too long
2025-12-26 13:13:50,198 INFO [092_Grieg_LyricPieces_Op38-1_B1-16_page_0]                Voice.java:257  | Measure{#11} Voice{#6 excess:1/8} too long
2025-12-26 13:13:50,198 INFO [092_Grieg_LyricPieces_Op38-1_B1-16_page_0]          StackRhythm.java:224  | S3 MeasureStack#11 no correct rhythm
2025-12-26 13:13:50,211 INFO [092_Grieg_LyricPieces_Op38-1_B1-16_page_0]       StepMonitoring.java:98   | PAGE
2025-12-26 13:13:50,228 INFO [092_Grieg_LyricPieces_Op38-1_B1-16_page_0]                Voice.java:257  | Measure{#1} Voice{#5 excess:1/8} too long
2025-12-26 13:13:50,229 INFO [092_Grieg_LyricPieces_Op38-1_B1-16_page_0]                Voice.java:257  | Measure{#2} Voice{#5 excess:1/8} too long
2025-12-26 13:13:50,231 INFO [092_Grieg_LyricPieces_Op38-1_B1-16_page_0]                Voice.java:257  | Measure{#4} Voice{#5 excess:1/8} too long
2025-12-26 13:13:50,232 INFO [092_Grieg_LyricPieces_Op38-1_B1-16_page_0]                Voice.java:257  | Measure{#8} Voice{#5 excess:1/8} too long
2025-12-26 13:13:50,232 INFO [092_Grieg_LyricPieces_Op38-1_B1-16_page_0]                Voice.java:257  | Measure{#11} Voice{#1 excess:1/8} too long
2025-12-26 13:13:50,232 INFO [092_Grieg_LyricPieces_Op38-1_B1-16_page_0]                Voice.java:257  | Measure{#11} Voice{#5 excess:1/8} too long
2025-12-26 13:13:50,233 INFO [092_Grieg_LyricPieces_Op38-1_B1-16_page_0]                Voice.java:257  | Measure{#11} Voice{#6 excess:1/8} too long
2025-12-26 13:13:50,239 INFO [092_Grieg_LyricPieces_Op38-1_B1-16_page_0]                 Book.java:2596 | Book{092_Grieg_LyricPieces_Op38-1_B1-16_page_0} storing
2025-12-26 13:13:50,283 INFO [092_Grieg_LyricPieces_Op38-1_B1-16_page_0]                 Book.java:2577 | Stored /book.xml
2025-12-26 13:13:50,358 INFO [092_Grieg_LyricPieces_Op38-1_B1-16_page_0]           DataHolder.java:348  | Stored /sheet#1/BINARY.png
2025-12-26 13:13:50,875 INFO [092_Grieg_LyricPieces_Op38-1_B1-16_page_0]                Sheet.java:1583 | Stored /sheet#1/sheet#1.xml
2025-12-26 13:13:50,876 INFO [092_Grieg_LyricPieces_Op38-1_B1-16_page_0]                 Book.java:2537 | Book stored as C:\Users\Elliot\Downloads\Audiveris\scores\092_Grieg_LyricPieces_Op38-1_B1-16_page_0.omr
2025-12-26 13:13:50,883 INFO [092_Grieg_LyricPieces_Op38-1_B1-16_page_0]            SheetStub.java:1660 | Disposed sheet
2025-12-26 13:13:50,914 INFO [092_Grieg_LyricPieces_Op38-1_B1-16_page_0]                 Book.java:2064 | End of Stub#1
2025-12-26 13:13:50,916 INFO [092_Grieg_LyricPieces_Op38-1_B1-16_page_0]                 Book.java:2071 | Book processed.
2025-12-26 13:13:51,199 INFO [092_Grieg_LyricPieces_Op38-1_B1-16_page_0]            SheetStub.java:997  | Loaded /sheet#1/sheet#1.xml
2025-12-26 13:13:51,651 INFO [092_Grieg_LyricPieces_Op38-1_B1-16_page_0]      PartwiseBuilder.java:2688 | Exporting sheet(s): [#1]
2025-12-26 13:13:51,753 INFO [092_Grieg_LyricPieces_Op38-1_B1-16_page_0]        ScoreExporter.java:164  | Score 092_Grieg_LyricPieces_Op38-1_B1-16_page_0 exported to C:\Users\Elliot\Downloads\Audiveris\scores\092_Grieg_LyricPieces_Op38-1_B1-16_page_0.mxl
2025-12-26 13:13:51,792 INFO [092_Grieg_LyricPieces_Op38-1_B1-16_page_0]                Score.java:181  | Closing {Score 1}
