2025-12-26 13:13:56,627 INFO [094_Grieg_LyricPieces_Op54-3_B1-29_page_0]                 Book.java:560  | 1 sheet in C:\Users\Elliot\Downloads\Audiveris\scores\094_Grieg_LyricPieces_Op54-3_B1-29_page_0.jpg
2025-12-26 13:13:56,749 INFO []                 Book.java:2577 | Stored /book.xml
2025-12-26 13:13:56,749 INFO []                 Book.java:2537 | Book stored as C:\Users\Elliot\Downloads\Audiveris\scores\094_Grieg_LyricPieces_Op54-3_B1-29_page_0.omr
2025-12-26 13:13:56,755 INFO []                 Book.java:1929 | Book reaching PAGE on sheets:[#1]
2025-12-26 13:13:56,761 INFO [094_Grieg_LyricPieces_Op54-3_B1-29_page_0]       StepMonitoring.java:98   | LOAD
2025-12-26 13:13:56,851 INFO [094_Grieg_LyricPieces_Op54-3_B1-29_page_0]            SheetStub.java:1273 | Loaded image #1 1653x2339 from C:\Users\Elliot\Downloads\Audiveris\scores\094_Grieg_LyricPieces_Op54-3_B1-29_page_0.jpg
2025-12-26 13:13:56,855 INFO [094_Grieg_LyricPieces_Op54-3_B1-29_page_0]            ImageUtil.java:124  | Converting max RGB to gray
2025-12-26 13:13:56,978 INFO [094_Grieg_LyricPieces_Op54-3_B1-29_page_0]       StepMonitoring.java:98   | BINARY
2025-12-26 13:13:57,235 INFO [094_Grieg_LyricPieces_Op54-3_B1-29_page_0]       StepMonitoring.java:98   | SCALE
2025-12-26 13:13:57,261 INFO [094_Grieg_LyricPieces_Op54-3_B1-29_page_0]         ScaleBuilder.java:241  | Beam  guessed height:  5 -- 0.50 of 10 interline
2025-12-26 13:13:57,262 INFO [094_Grieg_LyricPieces_Op54-3_B1-29_page_0]         ScaleBuilder.java:264  | Beam measured height:  6 -- 0.43 of [3..10] range at 714% of needed quorum
2025-12-26 13:13:57,263 INFO [094_Grieg_LyricPieces_Op54-3_B1-29_page_0]            ScaleStep.java:65   | Scale{ interline(11,12,12) line(1,1,2) beam(6)}
2025-12-26 13:13:57,263 INFO [094_Grieg_LyricPieces_Op54-3_B1-29_page_0]       StepMonitoring.java:98   | GRID
2025-12-26 13:13:57,656 INFO [094_Grieg_LyricPieces_Op54-3_B1-29_page_0]       LinesRetriever.java:1500 | Global slope: 0.00000
2025-12-26 13:13:57,707 INFO [094_Grieg_LyricPieces_Op54-3_B1-29_page_0]    ClustersRetriever.java:326  | Retrieved raw line clusters: 12 of sizes [5] with interline(11,12,12)
2025-12-26 13:13:57,924 INFO [094_Grieg_LyricPieces_Op54-3_B1-29_page_0]            PeakGraph.java:310  | Systems: #1[1, 2] #2[3, 4] #3[5, 6] #4[7, 8] #5[9, 10] #6[11, 12]
2025-12-26 13:13:58,180 INFO [094_Grieg_LyricPieces_Op54-3_B1-29_page_0]        SystemManager.java:134  | Indentation detected for system #1
2025-12-26 13:13:58,181 INFO [094_Grieg_LyricPieces_Op54-3_B1-29_page_0]        SystemManager.java:779  | 1 part along 6 systems
2025-12-26 13:13:58,182 INFO [094_Grieg_LyricPieces_Op54-3_B1-29_page_0]                 Book.java:543  | Created scores: [{Score 1}]
2025-12-26 13:13:58,182 INFO [094_Grieg_LyricPieces_Op54-3_B1-29_page_0]       StepMonitoring.java:98   | HEADERS
2025-12-26 13:13:58,485 INFO [094_Grieg_LyricPieces_Op54-3_B1-29_page_0]      BasicClassifier.java:286  | Classifier loaded XML norms.
2025-12-26 13:13:58,488 INFO [094_Grieg_LyricPieces_Op54-3_B1-29_page_0]   AbstractClassifier.java:396  | Classifier data loaded from default uri jar:file:/C:/Users/Elliot/Downloads/Audiveris/app/audiveris.jar!/res/basic-classifier.zip
2025-12-26 13:13:59,208 INFO [094_Grieg_LyricPieces_Op54-3_B1-29_page_0]       StepMonitoring.java:98   | STEM_SEEDS
2025-12-26 13:13:59,247 INFO [094_Grieg_LyricPieces_Op54-3_B1-29_page_0]        StemSeedsStep.java:86   | stem(2 max:3)
2025-12-26 13:13:59,300 INFO [094_Grieg_LyricPieces_Op54-3_B1-29_page_0]       StepMonitoring.java:98   | BEAMS
2025-12-26 13:14:00,303 INFO [094_Grieg_LyricPieces_Op54-3_B1-29_page_0]       StepMonitoring.java:98   | LEDGERS
2025-12-26 13:14:00,473 INFO [094_Grieg_LyricPieces_Op54-3_B1-29_page_0]       StepMonitoring.java:98   | HEADS
2025-12-26 13:14:02,485 INFO [094_Grieg_LyricPieces_Op54-3_B1-29_page_0]        HeadSeedTally.java:235  | Scale information: HeadSeeds{NOTEHEAD_BLACK[L:-0.4,R:0.4]}
2025-12-26 13:14:02,487 INFO [094_Grieg_LyricPieces_Op54-3_B1-29_page_0]       StepMonitoring.java:98   | STEMS
2025-12-26 13:14:03,412 INFO [094_Grieg_LyricPieces_Op54-3_B1-29_page_0]       StepMonitoring.java:98   | REDUCTION
2025-12-26 13:14:03,633 INFO [094_Grieg_LyricPieces_Op54-3_B1-29_page_0]        ReductionStep.java:105  | Stems free length median value: 43 pixels, 3.6 interlines
2025-12-26 13:14:03,638 INFO [094_Grieg_LyricPieces_Op54-3_B1-29_page_0]       StepMonitoring.java:98   | CUE_BEAMS
2025-12-26 13:14:03,639 INFO [094_Grieg_LyricPieces_Op54-3_B1-29_page_0]         CueBeamsStep.java:81   | Step CUE_BEAMS is skipped because small heads switch is off
2025-12-26 13:14:03,640 INFO [094_Grieg_LyricPieces_Op54-3_B1-29_page_0]       StepMonitoring.java:98   | TEXTS
2025-12-26 13:14:03,739 WARN [094_Grieg_LyricPieces_Op54-3_B1-29_page_0]         TesseractOCR.java:335  | The collection of supported languages is empty
2025-12-26 13:14:03,746 INFO [094_Grieg_LyricPieces_Op54-3_B1-29_page_0]              OcrUtil.java:106  | Missing support for 'eng' language(s)
2025-12-26 13:14:03,763 INFO [094_Grieg_LyricPieces_Op54-3_B1-29_page_0]       StepMonitoring.java:98   | MEASURES
2025-12-26 13:14:03,778 INFO [094_Grieg_LyricPieces_Op54-3_B1-29_page_0]                 Page.java:307  | 29 raw measures: [5 in system#1, 5 in system#2, 4 in system#3, 4 in system#4, 5 in system#5, 6 in system#6]
2025-12-26 13:14:03,780 INFO [094_Grieg_LyricPieces_Op54-3_B1-29_page_0]       StepMonitoring.java:98   | CHORDS
2025-12-26 13:14:03,800 INFO [094_Grieg_LyricPieces_Op54-3_B1-29_page_0]       StepMonitoring.java:98   | CURVES
2025-12-26 13:14:04,444 INFO [094_Grieg_LyricPieces_Op54-3_B1-29_page_0]         SlursBuilder.java:240  | Slurs: 15
2025-12-26 13:14:04,473 INFO [094_Grieg_LyricPieces_Op54-3_B1-29_page_0]      SegmentsBuilder.java:155  | Segments: 8
2025-12-26 13:14:04,483 INFO [094_Grieg_LyricPieces_Op54-3_B1-29_page_0]       StepMonitoring.java:98   | SYMBOLS
2025-12-26 13:14:05,139 INFO [094_Grieg_LyricPieces_Op54-3_B1-29_page_0]       StepMonitoring.java:98   | LINKS
2025-12-26 13:14:05,240 INFO [094_Grieg_LyricPieces_Op54-3_B1-29_page_0]       StepMonitoring.java:98   | RHYTHMS
2025-12-26 13:14:05,291 INFO [094_Grieg_LyricPieces_Op54-3_B1-29_page_0]                Voice.java:257  | Measure{#13} Voice{#6 excess:1/8} too long
2025-12-26 13:14:05,291 INFO [094_Grieg_LyricPieces_Op54-3_B1-29_page_0]          StackRhythm.java:224  | S3 MeasureStack#13 no correct rhythm
2025-12-26 13:14:05,312 INFO [094_Grieg_LyricPieces_Op54-3_B1-29_page_0]        MeasureRhythm.java:1277 | Measure{#22} Time inconsistency in {1/6=[HeadChordInter#6799{(0.953/0.953) staff:10 slot#3 off:1/6 dur:1/12}], 5/24=[RestChordInter#7901{(0.800/0.800) staff:9 slot#3 off:5/24 dur:1/8}]}
2025-12-26 13:14:05,318 INFO [094_Grieg_LyricPieces_Op54-3_B1-29_page_0]        MeasureRhythm.java:1277 | Measure{#27} Time inconsistency in {1/4=[HeadChordInter#6812{(0.965/0.965) staff:11 slot#4 off:1/4 dur:1/8}], 3/8=[HeadChordInter#6832{(0.958/0.958) staff:12 slot#4 off:3/8 dur:1/8}]}
2025-12-26 13:14:05,321 INFO [094_Grieg_LyricPieces_Op54-3_B1-29_page_0]        MeasureRhythm.java:1277 | Measure{#28} Time inconsistency in {5/24=[RestChordInter#7983{(0.799/0.799) staff:11 slot#3 off:5/24 dur:1/12}], 1/4=[HeadChordInter#6835{(0.961/0.961) staff:12 slot#3 off:1/4 dur:1/8}]}
2025-12-26 13:14:05,322 INFO [094_Grieg_LyricPieces_Op54-3_B1-29_page_0]        MeasureRhythm.java:1277 | Measure{#28} Time inconsistency in {7/24=[HeadChordInter#6814{(0.964/0.964) staff:11 slot#4 off:7/24 dur:1/12}], 3/8=[HeadChordInter#6836{(0.949/0.949) staff:12 slot#4 off:3/8 dur:1/8}]}
2025-12-26 13:14:05,324 INFO [094_Grieg_LyricPieces_Op54-3_B1-29_page_0]       StepMonitoring.java:98   | PAGE
2025-12-26 13:14:05,330 INFO [094_Grieg_LyricPieces_Op54-3_B1-29_page_0]                Voice.java:257  | Measure{#13} Voice{#6 excess:1/8} too long
2025-12-26 13:14:05,334 INFO [094_Grieg_LyricPieces_Op54-3_B1-29_page_0]                 Book.java:2596 | Book{094_Grieg_LyricPieces_Op54-3_B1-29_page_0} storing
2025-12-26 13:14:05,375 INFO [094_Grieg_LyricPieces_Op54-3_B1-29_page_0]                 Book.java:2577 | Stored /book.xml
2025-12-26 13:14:05,466 INFO [094_Grieg_LyricPieces_Op54-3_B1-29_page_0]           DataHolder.java:348  | Stored /sheet#1/BINARY.png
2025-12-26 13:14:06,340 INFO [094_Grieg_LyricPieces_Op54-3_B1-29_page_0]                Sheet.java:1583 | Stored /sheet#1/sheet#1.xml
2025-12-26 13:14:06,341 INFO [094_Grieg_LyricPieces_Op54-3_B1-29_page_0]                 Book.java:2537 | Book stored as C:\Users\Elliot\Downloads\Audiveris\scores\094_Grieg_LyricPieces_Op54-3_B1-29_page_0.omr
2025-12-26 13:14:06,346 INFO [094_Grieg_LyricPieces_Op54-3_B1-29_page_0]            SheetStub.java:1660 | Disposed sheet
2025-12-26 13:14:06,381 INFO [094_Grieg_LyricPieces_Op54-3_B1-29_page_0]                 Book.java:2064 | End of Stub#1
2025-12-26 13:14:06,382 INFO [094_Grieg_LyricPieces_Op54-3_B1-29_page_0]                 Book.java:2071 | Book processed.
2025-12-26 13:14:06,829 INFO [094_Grieg_LyricPieces_Op54-3_B1-29_page_0]            SheetStub.java:997  | Loaded /sheet#1/sheet#1.xml
2025-12-26 13:14:07,247 INFO [094_Grieg_LyricPieces_Op54-3_B1-29_page_0]      PartwiseBuilder.java:2688 | Exporting sheet(s): [#1]
2025-12-26 13:14:07,377 INFO [094_Grieg_LyricPieces_Op54-3_B1-29_page_0]        ScoreExporter.java:164  | Score 094_Grieg_LyricPieces_Op54-3_B1-29_page_0 exported to C:\Users\Elliot\Downloads\Audiveris\scores\094_Grieg_LyricPieces_Op54-3_B1-29_page_0.mxl
2025-12-26 13:14:07,422 INFO [094_Grieg_LyricPieces_Op54-3_B1-29_page_0]                Score.java:181  | Closing {Score 1}
