2025-12-26 13:14:09,358 INFO [095_Grieg_LyricPieces_Op62-2_B0-12_page_0]                 Book.java:560  | 1 sheet in C:\Users\Elliot\Downloads\Audiveris\scores\095_Grieg_LyricPieces_Op62-2_B0-12_page_0.jpg
2025-12-26 13:14:09,467 INFO []                 Book.java:2577 | Stored /book.xml
2025-12-26 13:14:09,468 INFO []                 Book.java:2537 | Book stored as C:\Users\Elliot\Downloads\Audiveris\scores\095_Grieg_LyricPieces_Op62-2_B0-12_page_0.omr
2025-12-26 13:14:09,472 INFO []                 Book.java:1929 | Book reaching PAGE on sheets:[#1]
2025-12-26 13:14:09,477 INFO [095_Grieg_LyricPieces_Op62-2_B0-12_page_0]       StepMonitoring.java:98   | LOAD
2025-12-26 13:14:09,551 INFO [095_Grieg_LyricPieces_Op62-2_B0-12_page_0]            SheetStub.java:1273 | Loaded image #1 1653x2339 from C:\Users\Elliot\Downloads\Audiveris\scores\095_Grieg_LyricPieces_Op62-2_B0-12_page_0.jpg
2025-12-26 13:14:09,554 INFO [095_Grieg_LyricPieces_Op62-2_B0-12_page_0]            ImageUtil.java:124  | Converting max RGB to gray
2025-12-26 13:14:09,665 INFO [095_Grieg_LyricPieces_Op62-2_B0-12_page_0]       StepMonitoring.java:98   | BINARY
2025-12-26 13:14:09,885 INFO [095_Grieg_LyricPieces_Op62-2_B0-12_page_0]       StepMonitoring.java:98   | SCALE
2025-12-26 13:14:09,908 INFO [095_Grieg_LyricPieces_Op62-2_B0-12_page_0]         ScaleBuilder.java:241  | Beam  guessed height:  5 -- 0.50 of 10 interline
2025-12-26 13:14:09,909 INFO [095_Grieg_LyricPieces_Op62-2_B0-12_page_0]         ScaleBuilder.java:264  | Beam measured height:  7 -- 0.57 of [3..10] range at 172% of needed quorum
2025-12-26 13:14:09,910 INFO [095_Grieg_LyricPieces_Op62-2_B0-12_page_0]            ScaleStep.java:65   | Scale{ interline(11,12,12) line(1,1,3) beam(7)}
2025-12-26 13:14:09,910 INFO [095_Grieg_LyricPieces_Op62-2_B0-12_page_0]       StepMonitoring.java:98   | GRID
2025-12-26 13:14:10,167 INFO [095_Grieg_LyricPieces_Op62-2_B0-12_page_0]       LinesRetriever.java:1500 | Global slope: 0.00000
2025-12-26 13:14:10,215 INFO [095_Grieg_LyricPieces_Op62-2_B0-12_page_0]    ClustersRetriever.java:326  | Retrieved raw line clusters: 6 of sizes [5] with interline(11,12,12)
2025-12-26 13:14:10,307 INFO [095_Grieg_LyricPieces_Op62-2_B0-12_page_0]            PeakGraph.java:310  | Systems: #1[1, 2] #2[3, 4] #3[5, 6]
2025-12-26 13:14:10,524 INFO [095_Grieg_LyricPieces_Op62-2_B0-12_page_0]        SystemManager.java:134  | Indentation detected for system #1
2025-12-26 13:14:10,525 INFO [095_Grieg_LyricPieces_Op62-2_B0-12_page_0]        SystemManager.java:779  | 1 part along 3 systems
2025-12-26 13:14:10,526 INFO [095_Grieg_LyricPieces_Op62-2_B0-12_page_0]                 Book.java:543  | Created scores: [{Score 1}]
2025-12-26 13:14:10,527 INFO [095_Grieg_LyricPieces_Op62-2_B0-12_page_0]       StepMonitoring.java:98   | HEADERS
2025-12-26 13:14:10,864 INFO [095_Grieg_LyricPieces_Op62-2_B0-12_page_0]      BasicClassifier.java:286  | Classifier loaded XML norms.
2025-12-26 13:14:10,869 INFO [095_Grieg_LyricPieces_Op62-2_B0-12_page_0]   AbstractClassifier.java:396  | Classifier data loaded from default uri jar:file:/C:/Users/Elliot/Downloads/Audiveris/app/audiveris.jar!/res/basic-classifier.zip
2025-12-26 13:14:11,625 INFO [095_Grieg_LyricPieces_Op62-2_B0-12_page_0]       StepMonitoring.java:98   | STEM_SEEDS
2025-12-26 13:14:11,662 INFO [095_Grieg_LyricPieces_Op62-2_B0-12_page_0]        StemSeedsStep.java:86   | stem(2 max:3)
2025-12-26 13:14:11,697 INFO [095_Grieg_LyricPieces_Op62-2_B0-12_page_0]       StepMonitoring.java:98   | BEAMS
2025-12-26 13:14:12,512 INFO [095_Grieg_LyricPieces_Op62-2_B0-12_page_0]       StepMonitoring.java:98   | LEDGERS
2025-12-26 13:14:12,630 INFO [095_Grieg_LyricPieces_Op62-2_B0-12_page_0]       StepMonitoring.java:98   | HEADS
2025-12-26 13:14:13,721 INFO [095_Grieg_LyricPieces_Op62-2_B0-12_page_0]        HeadSeedTally.java:235  | Scale information: HeadSeeds{NOTEHEAD_VOID[L:-0.5,R:0.3] NOTEHEAD_BLACK[L:-0.6,R:0.5]}
2025-12-26 13:14:13,722 INFO [095_Grieg_LyricPieces_Op62-2_B0-12_page_0]       StepMonitoring.java:98   | STEMS
2025-12-26 13:14:14,150 INFO [095_Grieg_LyricPieces_Op62-2_B0-12_page_0]       StepMonitoring.java:98   | REDUCTION
2025-12-26 13:14:14,264 INFO [095_Grieg_LyricPieces_Op62-2_B0-12_page_0]        ReductionStep.java:105  | Stems free length median value: 41 pixels, 3.4 interlines
2025-12-26 13:14:14,269 INFO [095_Grieg_LyricPieces_Op62-2_B0-12_page_0]       StepMonitoring.java:98   | CUE_BEAMS
2025-12-26 13:14:14,270 INFO [095_Grieg_LyricPieces_Op62-2_B0-12_page_0]         CueBeamsStep.java:81   | Step CUE_BEAMS is skipped because small heads switch is off
2025-12-26 13:14:14,270 INFO [095_Grieg_LyricPieces_Op62-2_B0-12_page_0]       StepMonitoring.java:98   | TEXTS
2025-12-26 13:14:14,338 WARN [095_Grieg_LyricPieces_Op62-2_B0-12_page_0]         TesseractOCR.java:335  | The collection of supported languages is empty
2025-12-26 13:14:14,339 INFO [095_Grieg_LyricPieces_Op62-2_B0-12_page_0]              OcrUtil.java:106  | Missing support for 'eng' language(s)
2025-12-26 13:14:14,353 INFO [095_Grieg_LyricPieces_Op62-2_B0-12_page_0]       StepMonitoring.java:98   | MEASURES
2025-12-26 13:14:14,367 INFO [095_Grieg_LyricPieces_Op62-2_B0-12_page_0]                 Page.java:307  | 13 raw measures: [5 in system#1, 4 in system#2, 4 in system#3]
2025-12-26 13:14:14,368 INFO [095_Grieg_LyricPieces_Op62-2_B0-12_page_0]       StepMonitoring.java:98   | CHORDS
2025-12-26 13:14:14,389 INFO [095_Grieg_LyricPieces_Op62-2_B0-12_page_0]       StepMonitoring.java:98   | CURVES
2025-12-26 13:14:14,892 INFO [095_Grieg_LyricPieces_Op62-2_B0-12_page_0]         SlursBuilder.java:240  | Slurs: 13
2025-12-26 13:14:14,908 INFO [095_Grieg_LyricPieces_Op62-2_B0-12_page_0]      SegmentsBuilder.java:155  | Segments: 18
2025-12-26 13:14:14,919 INFO [095_Grieg_LyricPieces_Op62-2_B0-12_page_0]       StepMonitoring.java:98   | SYMBOLS
2025-12-26 13:14:15,290 INFO [095_Grieg_LyricPieces_Op62-2_B0-12_page_0]       StepMonitoring.java:98   | LINKS
2025-12-26 13:14:15,342 INFO [095_Grieg_LyricPieces_Op62-2_B0-12_page_0]       StepMonitoring.java:98   | RHYTHMS
2025-12-26 13:14:15,431 INFO [095_Grieg_LyricPieces_Op62-2_B0-12_page_0]       StepMonitoring.java:98   | PAGE
2025-12-26 13:14:15,442 INFO [095_Grieg_LyricPieces_Op62-2_B0-12_page_0]                 Book.java:2596 | Book{095_Grieg_LyricPieces_Op62-2_B0-12_page_0} storing
2025-12-26 13:14:15,485 INFO [095_Grieg_LyricPieces_Op62-2_B0-12_page_0]                 Book.java:2577 | Stored /book.xml
2025-12-26 13:14:15,554 INFO [095_Grieg_LyricPieces_Op62-2_B0-12_page_0]           DataHolder.java:348  | Stored /sheet#1/BINARY.png
2025-12-26 13:14:16,071 INFO [095_Grieg_LyricPieces_Op62-2_B0-12_page_0]                Sheet.java:1583 | Stored /sheet#1/sheet#1.xml
2025-12-26 13:14:16,071 INFO [095_Grieg_LyricPieces_Op62-2_B0-12_page_0]                 Book.java:2537 | Book stored as C:\Users\Elliot\Downloads\Audiveris\scores\095_Grieg_LyricPieces_Op62-2_B0-12_page_0.omr
2025-12-26 13:14:16,077 INFO [095_Grieg_LyricPieces_Op62-2_B0-12_page_0]            SheetStub.java:1660 | Disposed sheet
2025-12-26 13:14:16,107 INFO [095_Grieg_LyricPieces_Op62-2_B0-12_page_0]                 Book.java:2064 | End of Stub#1
2025-12-26 13:14:16,108 INFO [095_Grieg_LyricPieces_Op62-2_B0-12_page_0]                 Book.java:2071 | Book processed.
2025-12-26 13:14:16,353 INFO [095_Grieg_LyricPieces_Op62-2_B0-12_page_0]            SheetStub.java:997  | Loaded /sheet#1/sheet#1.xml
2025-12-26 13:14:16,766 INFO [095_Grieg_LyricPieces_Op62-2_B0-12_page_0]      PartwiseBuilder.java:2688 | Exporting sheet(s): [#1]
2025-12-26 13:14:16,857 INFO [095_Grieg_LyricPieces_Op62-2_B0-12_page_0]        ScoreExporter.java:164  | Score 095_Grieg_LyricPieces_Op62-2_B0-12_page_0 exported to C:\Users\Elliot\Downloads\Audiveris\scores\095_Grieg_LyricPieces_Op62-2_B0-12_page_0.mxl
2025-12-26 13:14:16,900 INFO [095_Grieg_LyricPieces_Op62-2_B0-12_page_0]                Score.java:181  | Closing {Score 1}
