2025-12-26 13:14:18,661 INFO [096_Grieg_LyricPieces_Op62-4_B1-29_page_0]                 Book.java:560  | 1 sheet in C:\Users\Elliot\Downloads\Audiveris\scores\096_Grieg_LyricPieces_Op62-4_B1-29_page_0.jpg
2025-12-26 13:14:18,779 INFO []                 Book.java:2577 | Stored /book.xml
2025-12-26 13:14:18,780 INFO []                 Book.java:2537 | Book stored as C:\Users\Elliot\Downloads\Audiveris\scores\096_Grieg_LyricPieces_Op62-4_B1-29_page_0.omr
2025-12-26 13:14:18,786 INFO []                 Book.java:1929 | Book reaching PAGE on sheets:[#1]
2025-12-26 13:14:18,838 INFO [096_Grieg_LyricPieces_Op62-4_B1-29_page_0]       StepMonitoring.java:98   | LOAD
2025-12-26 13:14:18,926 INFO [096_Grieg_LyricPieces_Op62-4_B1-29_page_0]            SheetStub.java:1273 | Loaded image #1 1653x2339 from C:\Users\Elliot\Downloads\Audiveris\scores\096_Grieg_LyricPieces_Op62-4_B1-29_page_0.jpg
2025-12-26 13:14:18,929 INFO [096_Grieg_LyricPieces_Op62-4_B1-29_page_0]            ImageUtil.java:124  | Converting max RGB to gray
2025-12-26 13:14:19,026 INFO [096_Grieg_LyricPieces_Op62-4_B1-29_page_0]       StepMonitoring.java:98   | BINARY
2025-12-26 13:14:19,262 INFO [096_Grieg_LyricPieces_Op62-4_B1-29_page_0]       StepMonitoring.java:98   | SCALE
2025-12-26 13:14:19,281 INFO [096_Grieg_LyricPieces_Op62-4_B1-29_page_0]         ScaleBuilder.java:241  | Beam  guessed height:  6 -- 0.50 of 11 interline
2025-12-26 13:14:19,283 INFO [096_Grieg_LyricPieces_Op62-4_B1-29_page_0]         ScaleBuilder.java:264  | Beam measured height:  7 -- 0.43 of [4..11] range at 1014% of needed quorum
2025-12-26 13:14:19,284 INFO [096_Grieg_LyricPieces_Op62-4_B1-29_page_0]            ScaleStep.java:65   | Scale{ interline(13,13,13) line(1,1,3) beam(7)}
2025-12-26 13:14:19,285 INFO [096_Grieg_LyricPieces_Op62-4_B1-29_page_0]       StepMonitoring.java:98   | GRID
2025-12-26 13:14:19,784 INFO [096_Grieg_LyricPieces_Op62-4_B1-29_page_0]       LinesRetriever.java:1500 | Global slope: 0.00031
2025-12-26 13:14:19,848 INFO [096_Grieg_LyricPieces_Op62-4_B1-29_page_0]    ClustersRetriever.java:326  | Retrieved raw line clusters: 10 of sizes [5] with interline(13,13,13)
2025-12-26 13:14:19,997 INFO [096_Grieg_LyricPieces_Op62-4_B1-29_page_0]            PeakGraph.java:310  | Systems: #1[1, 2] #2[3, 4] #3[5, 6] #4[7, 8] #5[9, 10]
2025-12-26 13:14:20,269 INFO [096_Grieg_LyricPieces_Op62-4_B1-29_page_0]        SystemManager.java:779  | 1 part along 5 systems
2025-12-26 13:14:20,269 INFO [096_Grieg_LyricPieces_Op62-4_B1-29_page_0]                 Book.java:543  | Created scores: [{Score 1}]
2025-12-26 13:14:20,270 INFO [096_Grieg_LyricPieces_Op62-4_B1-29_page_0]       StepMonitoring.java:98   | HEADERS
2025-12-26 13:14:20,606 INFO [096_Grieg_LyricPieces_Op62-4_B1-29_page_0]      BasicClassifier.java:286  | Classifier loaded XML norms.
2025-12-26 13:14:20,609 INFO [096_Grieg_LyricPieces_Op62-4_B1-29_page_0]   AbstractClassifier.java:396  | Classifier data loaded from default uri jar:file:/C:/Users/Elliot/Downloads/Audiveris/app/audiveris.jar!/res/basic-classifier.zip
2025-12-26 13:14:21,338 INFO [096_Grieg_LyricPieces_Op62-4_B1-29_page_0]       StepMonitoring.java:98   | STEM_SEEDS
2025-12-26 13:14:21,383 INFO [096_Grieg_LyricPieces_Op62-4_B1-29_page_0]        StemSeedsStep.java:86   | stem(2 max:3)
2025-12-26 13:14:21,450 INFO [096_Grieg_LyricPieces_Op62-4_B1-29_page_0]       StepMonitoring.java:98   | BEAMS
2025-12-26 13:14:22,896 INFO [096_Grieg_LyricPieces_Op62-4_B1-29_page_0]       StepMonitoring.java:98   | LEDGERS
2025-12-26 13:14:23,248 INFO [096_Grieg_LyricPieces_Op62-4_B1-29_page_0]       StepMonitoring.java:98   | HEADS
2025-12-26 13:14:25,862 INFO [096_Grieg_LyricPieces_Op62-4_B1-29_page_0]        HeadSeedTally.java:235  | Scale information: HeadSeeds{NOTEHEAD_VOID[L:-0.5] NOTEHEAD_BLACK[L:-0.5,R:-0.2]}
2025-12-26 13:14:25,863 INFO [096_Grieg_LyricPieces_Op62-4_B1-29_page_0]       StepMonitoring.java:98   | STEMS
2025-12-26 13:14:27,015 INFO [096_Grieg_LyricPieces_Op62-4_B1-29_page_0]       StepMonitoring.java:98   | REDUCTION
2025-12-26 13:14:27,278 INFO [096_Grieg_LyricPieces_Op62-4_B1-29_page_0]        ReductionStep.java:105  | Stems free length median value: 47 pixels, 3.6 interlines
2025-12-26 13:14:27,284 INFO [096_Grieg_LyricPieces_Op62-4_B1-29_page_0]       StepMonitoring.java:98   | CUE_BEAMS
2025-12-26 13:14:27,286 INFO [096_Grieg_LyricPieces_Op62-4_B1-29_page_0]         CueBeamsStep.java:81   | Step CUE_BEAMS is skipped because small heads switch is off
2025-12-26 13:14:27,287 INFO [096_Grieg_LyricPieces_Op62-4_B1-29_page_0]       StepMonitoring.java:98   | TEXTS
2025-12-26 13:14:27,388 WARN [096_Grieg_LyricPieces_Op62-4_B1-29_page_0]         TesseractOCR.java:335  | The collection of supported languages is empty
2025-12-26 13:14:27,389 INFO [096_Grieg_LyricPieces_Op62-4_B1-29_page_0]              OcrUtil.java:106  | Missing support for 'eng' language(s)
2025-12-26 13:14:27,400 INFO [096_Grieg_LyricPieces_Op62-4_B1-29_page_0]       StepMonitoring.java:98   | MEASURES
2025-12-26 13:14:27,412 INFO [096_Grieg_LyricPieces_Op62-4_B1-29_page_0]                 Page.java:307  | 17 raw measures: [4 in system#1, 3 in system#2, 4 in system#3, 3 in system#4, 3 in system#5]
2025-12-26 13:14:27,413 INFO [096_Grieg_LyricPieces_Op62-4_B1-29_page_0]       StepMonitoring.java:98   | CHORDS
2025-12-26 13:14:27,441 INFO [096_Grieg_LyricPieces_Op62-4_B1-29_page_0]       StepMonitoring.java:98   | CURVES
2025-12-26 13:14:28,151 INFO [096_Grieg_LyricPieces_Op62-4_B1-29_page_0]         SlursBuilder.java:240  | Slurs: 34
2025-12-26 13:14:28,189 INFO [096_Grieg_LyricPieces_Op62-4_B1-29_page_0]      SegmentsBuilder.java:155  | Segments: 13
2025-12-26 13:14:28,206 INFO [096_Grieg_LyricPieces_Op62-4_B1-29_page_0]       StepMonitoring.java:98   | SYMBOLS
2025-12-26 13:14:28,832 INFO [096_Grieg_LyricPieces_Op62-4_B1-29_page_0]       StepMonitoring.java:98   | LINKS
2025-12-26 13:14:28,969 INFO [096_Grieg_LyricPieces_Op62-4_B1-29_page_0]       StepMonitoring.java:98   | RHYTHMS
2025-12-26 13:14:29,116 INFO [096_Grieg_LyricPieces_Op62-4_B1-29_page_0]       StepMonitoring.java:98   | PAGE
2025-12-26 13:14:29,126 INFO [096_Grieg_LyricPieces_Op62-4_B1-29_page_0]                 Book.java:2596 | Book{096_Grieg_LyricPieces_Op62-4_B1-29_page_0} storing
2025-12-26 13:14:29,177 INFO [096_Grieg_LyricPieces_Op62-4_B1-29_page_0]                 Book.java:2577 | Stored /book.xml
2025-12-26 13:14:29,258 INFO [096_Grieg_LyricPieces_Op62-4_B1-29_page_0]           DataHolder.java:348  | Stored /sheet#1/BINARY.png
2025-12-26 13:14:30,239 INFO [096_Grieg_LyricPieces_Op62-4_B1-29_page_0]                Sheet.java:1583 | Stored /sheet#1/sheet#1.xml
2025-12-26 13:14:30,239 INFO [096_Grieg_LyricPieces_Op62-4_B1-29_page_0]                 Book.java:2537 | Book stored as C:\Users\Elliot\Downloads\Audiveris\scores\096_Grieg_LyricPieces_Op62-4_B1-29_page_0.omr
2025-12-26 13:14:30,243 INFO [096_Grieg_LyricPieces_Op62-4_B1-29_page_0]            SheetStub.java:1660 | Disposed sheet
2025-12-26 13:14:30,275 INFO [096_Grieg_LyricPieces_Op62-4_B1-29_page_0]                 Book.java:2064 | End of Stub#1
2025-12-26 13:14:30,275 INFO [096_Grieg_LyricPieces_Op62-4_B1-29_page_0]                 Book.java:2071 | Book processed.
2025-12-26 13:14:30,750 INFO [096_Grieg_LyricPieces_Op62-4_B1-29_page_0]            SheetStub.java:997  | Loaded /sheet#1/sheet#1.xml
2025-12-26 13:14:31,160 INFO [096_Grieg_LyricPieces_Op62-4_B1-29_page_0]      PartwiseBuilder.java:2688 | Exporting sheet(s): [#1]
2025-12-26 13:14:31,340 INFO [096_Grieg_LyricPieces_Op62-4_B1-29_page_0]        ScoreExporter.java:164  | Score 096_Grieg_LyricPieces_Op62-4_B1-29_page_0 exported to C:\Users\Elliot\Downloads\Audiveris\scores\096_Grieg_LyricPieces_Op62-4_B1-29_page_0.mxl
2025-12-26 13:14:31,403 INFO [096_Grieg_LyricPieces_Op62-4_B1-29_page_0]                Score.java:181  | Closing {Score 1}
