2025-12-26 13:14:33,517 INFO [096_Grieg_LyricPieces_Op62-4_B1-29_page_1]                 Book.java:560  | 1 sheet in C:\Users\Elliot\Downloads\Audiveris\scores\096_Grieg_LyricPieces_Op62-4_B1-29_page_1.jpg
2025-12-26 13:14:33,649 INFO []                 Book.java:2577 | Stored /book.xml
2025-12-26 13:14:33,650 INFO []                 Book.java:2537 | Book stored as C:\Users\Elliot\Downloads\Audiveris\scores\096_Grieg_LyricPieces_Op62-4_B1-29_page_1.omr
2025-12-26 13:14:33,655 INFO []                 Book.java:1929 | Book reaching PAGE on sheets:[#1]
2025-12-26 13:14:33,665 INFO [096_Grieg_LyricPieces_Op62-4_B1-29_page_1]       StepMonitoring.java:98   | LOAD
2025-12-26 13:14:33,780 INFO [096_Grieg_LyricPieces_Op62-4_B1-29_page_1]            SheetStub.java:1273 | Loaded image #1 1653x2339 from C:\Users\Elliot\Downloads\Audiveris\scores\096_Grieg_LyricPieces_Op62-4_B1-29_page_1.jpg
2025-12-26 13:14:33,786 INFO [096_Grieg_LyricPieces_Op62-4_B1-29_page_1]            ImageUtil.java:124  | Converting max RGB to gray
2025-12-26 13:14:33,903 INFO [096_Grieg_LyricPieces_Op62-4_B1-29_page_1]       StepMonitoring.java:98   | BINARY
2025-12-26 13:14:34,200 INFO [096_Grieg_LyricPieces_Op62-4_B1-29_page_1]       StepMonitoring.java:98   | SCALE
2025-12-26 13:14:34,223 INFO [096_Grieg_LyricPieces_Op62-4_B1-29_page_1]         ScaleBuilder.java:241  | Beam  guessed height:  6 -- 0.50 of 11 interline
2025-12-26 13:14:34,225 INFO [096_Grieg_LyricPieces_Op62-4_B1-29_page_1]         ScaleBuilder.java:264  | Beam measured height:  7 -- 0.43 of [4..11] range at 1060% of needed quorum
2025-12-26 13:14:34,225 INFO [096_Grieg_LyricPieces_Op62-4_B1-29_page_1]            ScaleStep.java:65   | Scale{ interline(13,13,13) line(1,1,2) beam(7)}
2025-12-26 13:14:34,226 INFO [096_Grieg_LyricPieces_Op62-4_B1-29_page_1]       StepMonitoring.java:98   | GRID
2025-12-26 13:14:34,550 INFO [096_Grieg_LyricPieces_Op62-4_B1-29_page_1]       LinesRetriever.java:1500 | Global slope: 0.00000
2025-12-26 13:14:34,593 INFO [096_Grieg_LyricPieces_Op62-4_B1-29_page_1]    ClustersRetriever.java:326  | Retrieved raw line clusters: 8 of sizes [5] with interline(13,13,13)
2025-12-26 13:14:34,726 INFO [096_Grieg_LyricPieces_Op62-4_B1-29_page_1]            PeakGraph.java:310  | Systems: #1[1, 2] #2[3, 4] #3[5, 6] #4[7, 8]
2025-12-26 13:14:34,944 INFO [096_Grieg_LyricPieces_Op62-4_B1-29_page_1]        SystemManager.java:779  | 1 part along 4 systems
2025-12-26 13:14:34,945 INFO [096_Grieg_LyricPieces_Op62-4_B1-29_page_1]                 Book.java:543  | Created scores: [{Score 1}]
2025-12-26 13:14:34,946 INFO [096_Grieg_LyricPieces_Op62-4_B1-29_page_1]       StepMonitoring.java:98   | HEADERS
2025-12-26 13:14:35,314 INFO []      BasicClassifier.java:286  | Classifier loaded XML norms.
2025-12-26 13:14:35,318 INFO []   AbstractClassifier.java:396  | Classifier data loaded from default uri jar:file:/C:/Users/Elliot/Downloads/Audiveris/app/audiveris.jar!/res/basic-classifier.zip
2025-12-26 13:14:36,018 INFO [096_Grieg_LyricPieces_Op62-4_B1-29_page_1]       StepMonitoring.java:98   | STEM_SEEDS
2025-12-26 13:14:36,065 INFO [096_Grieg_LyricPieces_Op62-4_B1-29_page_1]        StemSeedsStep.java:86   | stem(2 max:3)
2025-12-26 13:14:36,128 INFO [096_Grieg_LyricPieces_Op62-4_B1-29_page_1]       StepMonitoring.java:98   | BEAMS
2025-12-26 13:14:37,423 INFO [096_Grieg_LyricPieces_Op62-4_B1-29_page_1]       StepMonitoring.java:98   | LEDGERS
2025-12-26 13:14:37,579 INFO [096_Grieg_LyricPieces_Op62-4_B1-29_page_1]       StepMonitoring.java:98   | HEADS
2025-12-26 13:14:39,751 INFO [096_Grieg_LyricPieces_Op62-4_B1-29_page_1]        HeadSeedTally.java:235  | Scale information: HeadSeeds{NOTEHEAD_BLACK[L:-0.4,R:-0.1]}
2025-12-26 13:14:39,753 INFO [096_Grieg_LyricPieces_Op62-4_B1-29_page_1]       StepMonitoring.java:98   | STEMS
2025-12-26 13:14:40,850 INFO [096_Grieg_LyricPieces_Op62-4_B1-29_page_1]       StepMonitoring.java:98   | REDUCTION
2025-12-26 13:14:41,097 INFO [096_Grieg_LyricPieces_Op62-4_B1-29_page_1]        ReductionStep.java:105  | Stems free length median value: 47 pixels, 3.6 interlines
2025-12-26 13:14:41,104 INFO [096_Grieg_LyricPieces_Op62-4_B1-29_page_1]       StepMonitoring.java:98   | CUE_BEAMS
2025-12-26 13:14:41,105 INFO [096_Grieg_LyricPieces_Op62-4_B1-29_page_1]         CueBeamsStep.java:81   | Step CUE_BEAMS is skipped because small heads switch is off
2025-12-26 13:14:41,106 INFO [096_Grieg_LyricPieces_Op62-4_B1-29_page_1]       StepMonitoring.java:98   | TEXTS
2025-12-26 13:14:41,222 WARN [096_Grieg_LyricPieces_Op62-4_B1-29_page_1]         TesseractOCR.java:335  | The collection of supported languages is empty
2025-12-26 13:14:41,223 INFO [096_Grieg_LyricPieces_Op62-4_B1-29_page_1]              OcrUtil.java:106  | Missing support for 'eng' language(s)
2025-12-26 13:14:41,235 INFO [096_Grieg_LyricPieces_Op62-4_B1-29_page_1]       StepMonitoring.java:98   | MEASURES
2025-12-26 13:14:41,253 INFO [096_Grieg_LyricPieces_Op62-4_B1-29_page_1]                 Page.java:307  | 12 raw measures: [3 in system#1, 3 in system#2, 3 in system#3, 3 in system#4]
2025-12-26 13:14:41,254 INFO [096_Grieg_LyricPieces_Op62-4_B1-29_page_1]       StepMonitoring.java:98   | CHORDS
2025-12-26 13:14:41,287 INFO [096_Grieg_LyricPieces_Op62-4_B1-29_page_1]       StepMonitoring.java:98   | CURVES
2025-12-26 13:14:41,964 INFO [096_Grieg_LyricPieces_Op62-4_B1-29_page_1]         SlursBuilder.java:240  | Slurs: 3
2025-12-26 13:14:41,999 INFO [096_Grieg_LyricPieces_Op62-4_B1-29_page_1]      SegmentsBuilder.java:155  | Segments: 16
2025-12-26 13:14:42,014 INFO [096_Grieg_LyricPieces_Op62-4_B1-29_page_1]       StepMonitoring.java:98   | SYMBOLS
2025-12-26 13:14:42,533 INFO [096_Grieg_LyricPieces_Op62-4_B1-29_page_1]       StepMonitoring.java:98   | LINKS
2025-12-26 13:14:42,597 INFO [096_Grieg_LyricPieces_Op62-4_B1-29_page_1]             KeyInter.java:1298 | Key built KeyInter#6693{(0.950) staff:6 KEY_FLAT_2 pitch:-1.9 fifths:-2}
2025-12-26 13:14:42,641 INFO [096_Grieg_LyricPieces_Op62-4_B1-29_page_1]       StepMonitoring.java:98   | RHYTHMS
2025-12-26 13:14:42,732 INFO [096_Grieg_LyricPieces_Op62-4_B1-29_page_1]        MeasureRhythm.java:1277 | Measure{#9} Time inconsistency in {5/16=[HeadChordInter#6014{(0.949/0.949) staff:6 slot#6 off:5/16 dur:1/16}], 11/32=[HeadChordInter#5981{(0.939/0.939) staff:5 slot#6 off:11/32 dur:1/16}]}
2025-12-26 13:14:42,734 INFO [096_Grieg_LyricPieces_Op62-4_B1-29_page_1]        MeasureRhythm.java:1277 | Measure{#9} Time inconsistency in {3/8=[HeadChordInter#6015{(0.960/0.960) staff:6 slot#7 off:3/8 dur:1/16}], 13/32=[HeadChordInter#5982{(0.947/0.947) staff:5 slot#7 off:13/32 dur:1/16}]}
2025-12-26 13:14:42,734 INFO [096_Grieg_LyricPieces_Op62-4_B1-29_page_1]        MeasureRhythm.java:1277 | Measure{#9} Time inconsistency in {7/16=[HeadChordInter#6016{(0.958/0.958) staff:6 slot#8 off:7/16 dur:1/16}], 15/32=[HeadChordInter#5983{(0.953/0.953) staff:5 slot#8 off:15/32 dur:1/16}]}
2025-12-26 13:14:42,752 INFO [096_Grieg_LyricPieces_Op62-4_B1-29_page_1]       StepMonitoring.java:98   | PAGE
2025-12-26 13:14:42,760 WARN [096_Grieg_LyricPieces_Op62-4_B1-29_page_1]         MeasureFixer.java:343  | System#1 No target duration for measures local IDs [1, 2, 3], please check time signatures
2025-12-26 13:14:42,760 WARN [096_Grieg_LyricPieces_Op62-4_B1-29_page_1]         MeasureFixer.java:343  | System#2 No target duration for measures local IDs [4, 5, 6], please check time signatures
2025-12-26 13:14:42,761 WARN [096_Grieg_LyricPieces_Op62-4_B1-29_page_1]         MeasureFixer.java:343  | System#3 No target duration for measures local IDs [7, 8, 9], please check time signatures
2025-12-26 13:14:42,761 WARN [096_Grieg_LyricPieces_Op62-4_B1-29_page_1]         MeasureFixer.java:343  | System#4 No target duration for measures local IDs [10, 11, 12], please check time signatures
2025-12-26 13:14:42,765 INFO [096_Grieg_LyricPieces_Op62-4_B1-29_page_1]                 Book.java:2596 | Book{096_Grieg_LyricPieces_Op62-4_B1-29_page_1} storing
2025-12-26 13:14:42,811 INFO [096_Grieg_LyricPieces_Op62-4_B1-29_page_1]                 Book.java:2577 | Stored /book.xml
2025-12-26 13:14:42,899 INFO [096_Grieg_LyricPieces_Op62-4_B1-29_page_1]           DataHolder.java:348  | Stored /sheet#1/BINARY.png
2025-12-26 13:14:43,770 INFO [096_Grieg_LyricPieces_Op62-4_B1-29_page_1]                Sheet.java:1583 | Stored /sheet#1/sheet#1.xml
2025-12-26 13:14:43,771 INFO [096_Grieg_LyricPieces_Op62-4_B1-29_page_1]                 Book.java:2537 | Book stored as C:\Users\Elliot\Downloads\Audiveris\scores\096_Grieg_LyricPieces_Op62-4_B1-29_page_1.omr
2025-12-26 13:14:43,777 INFO [096_Grieg_LyricPieces_Op62-4_B1-29_page_1]            SheetStub.java:1660 | Disposed sheet
2025-12-26 13:14:43,823 INFO [096_Grieg_LyricPieces_Op62-4_B1-29_page_1]                 Book.java:2064 | End of Stub#1
2025-12-26 13:14:43,826 INFO [096_Grieg_LyricPieces_Op62-4_B1-29_page_1]                 Book.java:2071 | Book processed.
2025-12-26 13:14:44,221 INFO [096_Grieg_LyricPieces_Op62-4_B1-29_page_1]            SheetStub.java:997  | Loaded /sheet#1/sheet#1.xml
2025-12-26 13:14:44,680 INFO [096_Grieg_LyricPieces_Op62-4_B1-29_page_1]      PartwiseBuilder.java:2688 | Exporting sheet(s): [#1]
2025-12-26 13:14:44,806 INFO [096_Grieg_LyricPieces_Op62-4_B1-29_page_1]        ScoreExporter.java:164  | Score 096_Grieg_LyricPieces_Op62-4_B1-29_page_1 exported to C:\Users\Elliot\Downloads\Audiveris\scores\096_Grieg_LyricPieces_Op62-4_B1-29_page_1.mxl
2025-12-26 13:14:44,860 INFO [096_Grieg_LyricPieces_Op62-4_B1-29_page_1]                Score.java:181  | Closing {Score 1}
