2025-12-26 13:14:47,034 INFO [097_Grieg_NorwegianDance_Op35-3_B1-32_page_0]                 Book.java:560  | 1 sheet in C:\Users\Elliot\Downloads\Audiveris\scores\097_Grieg_NorwegianDance_Op35-3_B1-32_page_0.jpg
2025-12-26 13:14:47,175 INFO []                 Book.java:2577 | Stored /book.xml
2025-12-26 13:14:47,176 INFO []                 Book.java:2537 | Book stored as C:\Users\Elliot\Downloads\Audiveris\scores\097_Grieg_NorwegianDance_Op35-3_B1-32_page_0.omr
2025-12-26 13:14:47,188 INFO []                 Book.java:1929 | Book reaching PAGE on sheets:[#1]
2025-12-26 13:14:47,193 INFO [097_Grieg_NorwegianDance_Op35-3_B1-32_page_0]       StepMonitoring.java:98   | LOAD
2025-12-26 13:14:47,350 INFO [097_Grieg_NorwegianDance_Op35-3_B1-32_page_0]            SheetStub.java:1273 | Loaded image #1 1653x2339 from C:\Users\Elliot\Downloads\Audiveris\scores\097_Grieg_NorwegianDance_Op35-3_B1-32_page_0.jpg
2025-12-26 13:14:47,355 INFO [097_Grieg_NorwegianDance_Op35-3_B1-32_page_0]            ImageUtil.java:124  | Converting max RGB to gray
2025-12-26 13:14:47,523 INFO [097_Grieg_NorwegianDance_Op35-3_B1-32_page_0]       StepMonitoring.java:98   | BINARY
2025-12-26 13:14:47,804 INFO [097_Grieg_NorwegianDance_Op35-3_B1-32_page_0]       StepMonitoring.java:98   | SCALE
2025-12-26 13:14:47,831 INFO [097_Grieg_NorwegianDance_Op35-3_B1-32_page_0]         ScaleBuilder.java:241  | Beam  guessed height:  5 -- 0.50 of 10 interline
2025-12-26 13:14:47,833 INFO [097_Grieg_NorwegianDance_Op35-3_B1-32_page_0]         ScaleBuilder.java:264  | Beam measured height:  7 -- 0.57 of [3..10] range at 531% of needed quorum
2025-12-26 13:14:47,834 INFO [097_Grieg_NorwegianDance_Op35-3_B1-32_page_0]            ScaleStep.java:65   | Scale{ interline(11,12,12) line(1,1,2) beam(7)}
2025-12-26 13:14:47,836 INFO [097_Grieg_NorwegianDance_Op35-3_B1-32_page_0]       StepMonitoring.java:98   | GRID
2025-12-26 13:14:48,229 INFO [097_Grieg_NorwegianDance_Op35-3_B1-32_page_0]       LinesRetriever.java:1500 | Global slope: 0.00000
2025-12-26 13:14:48,312 INFO [097_Grieg_NorwegianDance_Op35-3_B1-32_page_0]    ClustersRetriever.java:326  | Retrieved raw line clusters: 10 of sizes [5] with interline(11,12,12)
2025-12-26 13:14:48,454 INFO [097_Grieg_NorwegianDance_Op35-3_B1-32_page_0]            PeakGraph.java:310  | Systems: #1[1, 2] #2[3, 4] #3[5, 6] #4[7, 8] #5[9, 10]
2025-12-26 13:14:48,678 INFO [097_Grieg_NorwegianDance_Op35-3_B1-32_page_0]        SystemManager.java:779  | 1 part along 5 systems
2025-12-26 13:14:48,679 INFO [097_Grieg_NorwegianDance_Op35-3_B1-32_page_0]                 Book.java:543  | Created scores: [{Score 1}]
2025-12-26 13:14:48,680 INFO [097_Grieg_NorwegianDance_Op35-3_B1-32_page_0]       StepMonitoring.java:98   | HEADERS
2025-12-26 13:14:49,076 INFO [097_Grieg_NorwegianDance_Op35-3_B1-32_page_0]      BasicClassifier.java:286  | Classifier loaded XML norms.
2025-12-26 13:14:49,079 INFO [097_Grieg_NorwegianDance_Op35-3_B1-32_page_0]   AbstractClassifier.java:396  | Classifier data loaded from default uri jar:file:/C:/Users/Elliot/Downloads/Audiveris/app/audiveris.jar!/res/basic-classifier.zip
2025-12-26 13:14:49,802 INFO [097_Grieg_NorwegianDance_Op35-3_B1-32_page_0]       StepMonitoring.java:98   | STEM_SEEDS
2025-12-26 13:14:49,873 INFO [097_Grieg_NorwegianDance_Op35-3_B1-32_page_0]        StemSeedsStep.java:86   | stem(2 max:3)
2025-12-26 13:14:49,936 INFO [097_Grieg_NorwegianDance_Op35-3_B1-32_page_0]       StepMonitoring.java:98   | BEAMS
2025-12-26 13:14:51,389 INFO [097_Grieg_NorwegianDance_Op35-3_B1-32_page_0]       StepMonitoring.java:98   | LEDGERS
2025-12-26 13:14:51,606 INFO [097_Grieg_NorwegianDance_Op35-3_B1-32_page_0]       StepMonitoring.java:98   | HEADS
2025-12-26 13:14:53,336 INFO [097_Grieg_NorwegianDance_Op35-3_B1-32_page_0]        HeadSeedTally.java:235  | Scale information: HeadSeeds{NOTEHEAD_BLACK[L:-0.5,R:-0.1]}
2025-12-26 13:14:53,337 INFO [097_Grieg_NorwegianDance_Op35-3_B1-32_page_0]       StepMonitoring.java:98   | STEMS
2025-12-26 13:14:54,191 INFO [097_Grieg_NorwegianDance_Op35-3_B1-32_page_0]       StepMonitoring.java:98   | REDUCTION
2025-12-26 13:14:54,440 INFO [097_Grieg_NorwegianDance_Op35-3_B1-32_page_0]        ReductionStep.java:105  | Stems free length median value: 43 pixels, 3.6 interlines
2025-12-26 13:14:54,449 INFO [097_Grieg_NorwegianDance_Op35-3_B1-32_page_0]       StepMonitoring.java:98   | CUE_BEAMS
2025-12-26 13:14:54,450 INFO [097_Grieg_NorwegianDance_Op35-3_B1-32_page_0]         CueBeamsStep.java:81   | Step CUE_BEAMS is skipped because small heads switch is off
2025-12-26 13:14:54,450 INFO [097_Grieg_NorwegianDance_Op35-3_B1-32_page_0]       StepMonitoring.java:98   | TEXTS
2025-12-26 13:14:54,542 WARN [097_Grieg_NorwegianDance_Op35-3_B1-32_page_0]         TesseractOCR.java:335  | The collection of supported languages is empty
2025-12-26 13:14:54,543 INFO [097_Grieg_NorwegianDance_Op35-3_B1-32_page_0]              OcrUtil.java:106  | Missing support for 'eng' language(s)
2025-12-26 13:14:54,552 INFO [097_Grieg_NorwegianDance_Op35-3_B1-32_page_0]       StepMonitoring.java:98   | MEASURES
2025-12-26 13:14:54,565 INFO [097_Grieg_NorwegianDance_Op35-3_B1-32_page_0]                 Page.java:307  | 20 raw measures: [4 in system#1, 4 in system#2, 4 in system#3, 4 in system#4, 4 in system#5]
2025-12-26 13:14:54,565 INFO [097_Grieg_NorwegianDance_Op35-3_B1-32_page_0]       StepMonitoring.java:98   | CHORDS
2025-12-26 13:14:54,587 INFO [097_Grieg_NorwegianDance_Op35-3_B1-32_page_0]       StepMonitoring.java:98   | CURVES
2025-12-26 13:14:55,188 INFO [097_Grieg_NorwegianDance_Op35-3_B1-32_page_0]         SlursBuilder.java:240  | Slurs: 14
2025-12-26 13:14:55,200 INFO [097_Grieg_NorwegianDance_Op35-3_B1-32_page_0]      SegmentsBuilder.java:155  | Segments: 7
2025-12-26 13:14:55,206 INFO [097_Grieg_NorwegianDance_Op35-3_B1-32_page_0]       StepMonitoring.java:98   | SYMBOLS
2025-12-26 13:14:55,813 INFO [097_Grieg_NorwegianDance_Op35-3_B1-32_page_0]       StepMonitoring.java:98   | LINKS
2025-12-26 13:14:55,879 INFO [097_Grieg_NorwegianDance_Op35-3_B1-32_page_0]       StepMonitoring.java:98   | RHYTHMS
2025-12-26 13:14:55,965 INFO [097_Grieg_NorwegianDance_Op35-3_B1-32_page_0]       StepMonitoring.java:98   | PAGE
2025-12-26 13:14:55,980 INFO [097_Grieg_NorwegianDance_Op35-3_B1-32_page_0]                 Book.java:2596 | Book{097_Grieg_NorwegianDance_Op35-3_B1-32_page_0} storing
2025-12-26 13:14:56,030 INFO [097_Grieg_NorwegianDance_Op35-3_B1-32_page_0]                 Book.java:2577 | Stored /book.xml
2025-12-26 13:14:56,096 INFO [097_Grieg_NorwegianDance_Op35-3_B1-32_page_0]           DataHolder.java:348  | Stored /sheet#1/BINARY.png
2025-12-26 13:14:56,849 INFO [097_Grieg_NorwegianDance_Op35-3_B1-32_page_0]                Sheet.java:1583 | Stored /sheet#1/sheet#1.xml
2025-12-26 13:14:56,850 INFO [097_Grieg_NorwegianDance_Op35-3_B1-32_page_0]                 Book.java:2537 | Book stored as C:\Users\Elliot\Downloads\Audiveris\scores\097_Grieg_NorwegianDance_Op35-3_B1-32_page_0.omr
2025-12-26 13:14:56,856 INFO [097_Grieg_NorwegianDance_Op35-3_B1-32_page_0]            SheetStub.java:1660 | Disposed sheet
2025-12-26 13:14:56,892 INFO [097_Grieg_NorwegianDance_Op35-3_B1-32_page_0]                 Book.java:2064 | End of Stub#1
2025-12-26 13:14:56,894 INFO [097_Grieg_NorwegianDance_Op35-3_B1-32_page_0]                 Book.java:2071 | Book processed.
2025-12-26 13:14:57,305 INFO [097_Grieg_NorwegianDance_Op35-3_B1-32_page_0]            SheetStub.java:997  | Loaded /sheet#1/sheet#1.xml
2025-12-26 13:14:57,782 INFO [097_Grieg_NorwegianDance_Op35-3_B1-32_page_0]      PartwiseBuilder.java:2688 | Exporting sheet(s): [#1]
2025-12-26 13:14:57,917 INFO [097_Grieg_NorwegianDance_Op35-3_B1-32_page_0]        ScoreExporter.java:164  | Score 097_Grieg_NorwegianDance_Op35-3_B1-32_page_0 exported to C:\Users\Elliot\Downloads\Audiveris\scores\097_Grieg_NorwegianDance_Op35-3_B1-32_page_0.mxl
2025-12-26 13:14:57,968 INFO [097_Grieg_NorwegianDance_Op35-3_B1-32_page_0]                Score.java:181  | Closing {Score 1}
