2025-12-26 13:15:00,240 INFO [097_Grieg_NorwegianDance_Op35-3_B1-32_page_1]                 Book.java:560  | 1 sheet in C:\Users\Elliot\Downloads\Audiveris\scores\097_Grieg_NorwegianDance_Op35-3_B1-32_page_1.jpg
2025-12-26 13:15:00,379 INFO []                 Book.java:2577 | Stored /book.xml
2025-12-26 13:15:00,379 INFO []                 Book.java:2537 | Book stored as C:\Users\Elliot\Downloads\Audiveris\scores\097_Grieg_NorwegianDance_Op35-3_B1-32_page_1.omr
2025-12-26 13:15:00,386 INFO []                 Book.java:1929 | Book reaching PAGE on sheets:[#1]
2025-12-26 13:15:00,391 INFO [097_Grieg_NorwegianDance_Op35-3_B1-32_page_1]       StepMonitoring.java:98   | LOAD
2025-12-26 13:15:00,545 INFO [097_Grieg_NorwegianDance_Op35-3_B1-32_page_1]            SheetStub.java:1273 | Loaded image #1 1653x2339 from C:\Users\Elliot\Downloads\Audiveris\scores\097_Grieg_NorwegianDance_Op35-3_B1-32_page_1.jpg
2025-12-26 13:15:00,551 INFO [097_Grieg_NorwegianDance_Op35-3_B1-32_page_1]            ImageUtil.java:124  | Converting max RGB to gray
2025-12-26 13:15:00,671 INFO [097_Grieg_NorwegianDance_Op35-3_B1-32_page_1]       StepMonitoring.java:98   | BINARY
2025-12-26 13:15:01,016 INFO [097_Grieg_NorwegianDance_Op35-3_B1-32_page_1]       StepMonitoring.java:98   | SCALE
2025-12-26 13:15:01,034 INFO [097_Grieg_NorwegianDance_Op35-3_B1-32_page_1]         ScaleBuilder.java:241  | Beam  guessed height:  5 -- 0.50 of 10 interline
2025-12-26 13:15:01,035 INFO [097_Grieg_NorwegianDance_Op35-3_B1-32_page_1]         ScaleBuilder.java:264  | Beam measured height:  6 -- 0.43 of [3..10] range at 495% of needed quorum
2025-12-26 13:15:01,036 INFO [097_Grieg_NorwegianDance_Op35-3_B1-32_page_1]            ScaleStep.java:65   | Scale{ interline(11,12,12) line(1,1,2) beam(6)}
2025-12-26 13:15:01,037 INFO [097_Grieg_NorwegianDance_Op35-3_B1-32_page_1]       StepMonitoring.java:98   | GRID
2025-12-26 13:15:01,436 INFO [097_Grieg_NorwegianDance_Op35-3_B1-32_page_1]       LinesRetriever.java:1500 | Global slope: 0.00000
2025-12-26 13:15:01,504 INFO [097_Grieg_NorwegianDance_Op35-3_B1-32_page_1]    ClustersRetriever.java:326  | Retrieved raw line clusters: 6 of sizes [5] with interline(11,12,12)
2025-12-26 13:15:01,718 INFO [097_Grieg_NorwegianDance_Op35-3_B1-32_page_1]            PeakGraph.java:310  | Systems: #1[1, 2] #2[3, 4] #3[5, 6]
2025-12-26 13:15:01,964 INFO [097_Grieg_NorwegianDance_Op35-3_B1-32_page_1]        SystemManager.java:779  | 1 part along 3 systems
2025-12-26 13:15:01,966 INFO [097_Grieg_NorwegianDance_Op35-3_B1-32_page_1]                 Book.java:543  | Created scores: [{Score 1}]
2025-12-26 13:15:01,967 INFO [097_Grieg_NorwegianDance_Op35-3_B1-32_page_1]       StepMonitoring.java:98   | HEADERS
2025-12-26 13:15:02,311 INFO []      BasicClassifier.java:286  | Classifier loaded XML norms.
2025-12-26 13:15:02,315 INFO []   AbstractClassifier.java:396  | Classifier data loaded from default uri jar:file:/C:/Users/Elliot/Downloads/Audiveris/app/audiveris.jar!/res/basic-classifier.zip
2025-12-26 13:15:02,945 INFO [097_Grieg_NorwegianDance_Op35-3_B1-32_page_1]       StepMonitoring.java:98   | STEM_SEEDS
2025-12-26 13:15:02,986 INFO [097_Grieg_NorwegianDance_Op35-3_B1-32_page_1]        StemSeedsStep.java:86   | stem(2 max:3)
2025-12-26 13:15:03,042 INFO [097_Grieg_NorwegianDance_Op35-3_B1-32_page_1]       StepMonitoring.java:98   | BEAMS
2025-12-26 13:15:03,974 INFO [097_Grieg_NorwegianDance_Op35-3_B1-32_page_1]       StepMonitoring.java:98   | LEDGERS
2025-12-26 13:15:04,151 INFO [097_Grieg_NorwegianDance_Op35-3_B1-32_page_1]       StepMonitoring.java:98   | HEADS
2025-12-26 13:15:05,453 INFO [097_Grieg_NorwegianDance_Op35-3_B1-32_page_1]        HeadSeedTally.java:235  | Scale information: HeadSeeds{NOTEHEAD_BLACK[L:-0.5,R:0.5]}
2025-12-26 13:15:05,454 INFO [097_Grieg_NorwegianDance_Op35-3_B1-32_page_1]       StepMonitoring.java:98   | STEMS
2025-12-26 13:15:06,380 INFO [097_Grieg_NorwegianDance_Op35-3_B1-32_page_1]       StepMonitoring.java:98   | REDUCTION
2025-12-26 13:15:06,729 INFO [097_Grieg_NorwegianDance_Op35-3_B1-32_page_1]        ReductionStep.java:105  | Stems free length median value: 42 pixels, 3.5 interlines
2025-12-26 13:15:06,736 INFO [097_Grieg_NorwegianDance_Op35-3_B1-32_page_1]       StepMonitoring.java:98   | CUE_BEAMS
2025-12-26 13:15:06,736 INFO [097_Grieg_NorwegianDance_Op35-3_B1-32_page_1]         CueBeamsStep.java:81   | Step CUE_BEAMS is skipped because small heads switch is off
2025-12-26 13:15:06,738 INFO [097_Grieg_NorwegianDance_Op35-3_B1-32_page_1]       StepMonitoring.java:98   | TEXTS
2025-12-26 13:15:06,807 WARN [097_Grieg_NorwegianDance_Op35-3_B1-32_page_1]         TesseractOCR.java:335  | The collection of supported languages is empty
2025-12-26 13:15:06,808 INFO [097_Grieg_NorwegianDance_Op35-3_B1-32_page_1]              OcrUtil.java:106  | Missing support for 'eng' language(s)
2025-12-26 13:15:06,822 INFO [097_Grieg_NorwegianDance_Op35-3_B1-32_page_1]       StepMonitoring.java:98   | MEASURES
2025-12-26 13:15:06,838 INFO [097_Grieg_NorwegianDance_Op35-3_B1-32_page_1]                 Page.java:307  | 12 raw measures: [4 in system#1, 4 in system#2, 4 in system#3]
2025-12-26 13:15:06,840 INFO [097_Grieg_NorwegianDance_Op35-3_B1-32_page_1]       StepMonitoring.java:98   | CHORDS
2025-12-26 13:15:06,860 INFO [097_Grieg_NorwegianDance_Op35-3_B1-32_page_1]       StepMonitoring.java:98   | CURVES
2025-12-26 13:15:07,474 INFO [097_Grieg_NorwegianDance_Op35-3_B1-32_page_1]         SlursBuilder.java:240  | Slurs: 12
2025-12-26 13:15:07,526 INFO [097_Grieg_NorwegianDance_Op35-3_B1-32_page_1]      SegmentsBuilder.java:155  | Segments: 10
2025-12-26 13:15:07,539 INFO [097_Grieg_NorwegianDance_Op35-3_B1-32_page_1]       StepMonitoring.java:98   | SYMBOLS
2025-12-26 13:15:08,172 INFO [097_Grieg_NorwegianDance_Op35-3_B1-32_page_1]       StepMonitoring.java:98   | LINKS
2025-12-26 13:15:08,260 INFO [097_Grieg_NorwegianDance_Op35-3_B1-32_page_1]       StepMonitoring.java:98   | RHYTHMS
2025-12-26 13:15:08,305 INFO [097_Grieg_NorwegianDance_Op35-3_B1-32_page_1]        MeasureRhythm.java:1277 | Measure{#5} Time inconsistency in {5/16=[HeadChordInter#4031{(0.946/0.946) staff:3 slot#5 off:5/16 dur:1/8}], 3/8=[HeadChordInter#4054{(0.968/0.968) staff:4 slot#5 off:3/8 dur:1/8}]}
2025-12-26 13:15:08,312 INFO [097_Grieg_NorwegianDance_Op35-3_B1-32_page_1]        MeasureRhythm.java:1277 | Measure{#7} Time inconsistency in {5/16=[HeadChordInter#4043{(0.944/0.944) staff:3 slot#5 off:5/16 dur:1/8}], 3/8=[HeadChordInter#4062{(0.960/0.960) staff:4 slot#5 off:3/8 dur:1/8}]}
2025-12-26 13:15:08,342 INFO [097_Grieg_NorwegianDance_Op35-3_B1-32_page_1]       StepMonitoring.java:98   | PAGE
2025-12-26 13:15:08,348 WARN [097_Grieg_NorwegianDance_Op35-3_B1-32_page_1]         MeasureFixer.java:343  | System#1 No target duration for measures local IDs [1, 2, 3, 4], please check time signatures
2025-12-26 13:15:08,350 WARN [097_Grieg_NorwegianDance_Op35-3_B1-32_page_1]         MeasureFixer.java:343  | System#2 No target duration for measures local IDs [5, 6, 7, 8], please check time signatures
2025-12-26 13:15:08,351 WARN [097_Grieg_NorwegianDance_Op35-3_B1-32_page_1]         MeasureFixer.java:343  | System#3 No target duration for measures local IDs [9, 10, 11, 12], please check time signatures
2025-12-26 13:15:08,357 INFO [097_Grieg_NorwegianDance_Op35-3_B1-32_page_1]                 Book.java:2596 | Book{097_Grieg_NorwegianDance_Op35-3_B1-32_page_1} storing
2025-12-26 13:15:08,410 INFO [097_Grieg_NorwegianDance_Op35-3_B1-32_page_1]                 Book.java:2577 | Stored /book.xml
2025-12-26 13:15:08,491 INFO [097_Grieg_NorwegianDance_Op35-3_B1-32_page_1]           DataHolder.java:348  | Stored /sheet#1/BINARY.png
2025-12-26 13:15:09,182 INFO [097_Grieg_NorwegianDance_Op35-3_B1-32_page_1]                Sheet.java:1583 | Stored /sheet#1/sheet#1.xml
2025-12-26 13:15:09,183 INFO [097_Grieg_NorwegianDance_Op35-3_B1-32_page_1]                 Book.java:2537 | Book stored as C:\Users\Elliot\Downloads\Audiveris\scores\097_Grieg_NorwegianDance_Op35-3_B1-32_page_1.omr
2025-12-26 13:15:09,189 INFO [097_Grieg_NorwegianDance_Op35-3_B1-32_page_1]            SheetStub.java:1660 | Disposed sheet
2025-12-26 13:15:09,221 INFO [097_Grieg_NorwegianDance_Op35-3_B1-32_page_1]                 Book.java:2064 | End of Stub#1
2025-12-26 13:15:09,222 INFO [097_Grieg_NorwegianDance_Op35-3_B1-32_page_1]                 Book.java:2071 | Book processed.
2025-12-26 13:15:09,565 INFO [097_Grieg_NorwegianDance_Op35-3_B1-32_page_1]            SheetStub.java:997  | Loaded /sheet#1/sheet#1.xml
2025-12-26 13:15:10,039 INFO [097_Grieg_NorwegianDance_Op35-3_B1-32_page_1]      PartwiseBuilder.java:2688 | Exporting sheet(s): [#1]
2025-12-26 13:15:10,172 INFO [097_Grieg_NorwegianDance_Op35-3_B1-32_page_1]        ScoreExporter.java:164  | Score 097_Grieg_NorwegianDance_Op35-3_B1-32_page_1 exported to C:\Users\Elliot\Downloads\Audiveris\scores\097_Grieg_NorwegianDance_Op35-3_B1-32_page_1.mxl
2025-12-26 13:15:10,225 INFO [097_Grieg_NorwegianDance_Op35-3_B1-32_page_1]                Score.java:181  | Closing {Score 1}
