2025-12-26 13:15:12,436 INFO [098_Grieg_PeerGynt_Op46-2_B1-16_page_0]                 Book.java:560  | 1 sheet in C:\Users\Elliot\Downloads\Audiveris\scores\098_Grieg_PeerGynt_Op46-2_B1-16_page_0.jpg
2025-12-26 13:15:12,587 INFO []                 Book.java:2577 | Stored /book.xml
2025-12-26 13:15:12,588 INFO []                 Book.java:2537 | Book stored as C:\Users\Elliot\Downloads\Audiveris\scores\098_Grieg_PeerGynt_Op46-2_B1-16_page_0.omr
2025-12-26 13:15:12,597 INFO []                 Book.java:1929 | Book reaching PAGE on sheets:[#1]
2025-12-26 13:15:12,605 INFO [098_Grieg_PeerGynt_Op46-2_B1-16_page_0]       StepMonitoring.java:98   | LOAD
2025-12-26 13:15:12,735 INFO [098_Grieg_PeerGynt_Op46-2_B1-16_page_0]            SheetStub.java:1273 | Loaded image #1 1653x2339 from C:\Users\Elliot\Downloads\Audiveris\scores\098_Grieg_PeerGynt_Op46-2_B1-16_page_0.jpg
2025-12-26 13:15:12,739 INFO [098_Grieg_PeerGynt_Op46-2_B1-16_page_0]            ImageUtil.java:124  | Converting max RGB to gray
2025-12-26 13:15:12,854 INFO [098_Grieg_PeerGynt_Op46-2_B1-16_page_0]       StepMonitoring.java:98   | BINARY
2025-12-26 13:15:13,137 INFO [098_Grieg_PeerGynt_Op46-2_B1-16_page_0]       StepMonitoring.java:98   | SCALE
2025-12-26 13:15:13,167 INFO [098_Grieg_PeerGynt_Op46-2_B1-16_page_0]         ScaleBuilder.java:241  | Beam  guessed height:  5 -- 0.50 of 10 interline
2025-12-26 13:15:13,168 INFO [098_Grieg_PeerGynt_Op46-2_B1-16_page_0]         ScaleBuilder.java:264  | Beam measured height:  7 -- 0.57 of [3..10] range at 159% of needed quorum
2025-12-26 13:15:13,169 INFO [098_Grieg_PeerGynt_Op46-2_B1-16_page_0]            ScaleStep.java:65   | Scale{ interline(11,12,12) line(1,1,3) beam(7)}
2025-12-26 13:15:13,170 INFO [098_Grieg_PeerGynt_Op46-2_B1-16_page_0]       StepMonitoring.java:98   | GRID
2025-12-26 13:15:13,606 INFO [098_Grieg_PeerGynt_Op46-2_B1-16_page_0]       LinesRetriever.java:1500 | Global slope: 0.00000
2025-12-26 13:15:13,675 INFO [098_Grieg_PeerGynt_Op46-2_B1-16_page_0]    ClustersRetriever.java:326  | Retrieved raw line clusters: 10 of sizes [5] with interline(11,12,12)
2025-12-26 13:15:13,816 INFO [098_Grieg_PeerGynt_Op46-2_B1-16_page_0]            PeakGraph.java:310  | Systems: #1[1, 2] #2[3, 4] #3[5, 6] #4[7, 8] #5[9, 10]
2025-12-26 13:15:14,063 INFO [098_Grieg_PeerGynt_Op46-2_B1-16_page_0]        SystemManager.java:779  | 1 part along 5 systems
2025-12-26 13:15:14,064 INFO [098_Grieg_PeerGynt_Op46-2_B1-16_page_0]                 Book.java:543  | Created scores: [{Score 1}]
2025-12-26 13:15:14,065 INFO [098_Grieg_PeerGynt_Op46-2_B1-16_page_0]       StepMonitoring.java:98   | HEADERS
2025-12-26 13:15:14,442 INFO [098_Grieg_PeerGynt_Op46-2_B1-16_page_0]      BasicClassifier.java:286  | Classifier loaded XML norms.
2025-12-26 13:15:14,447 INFO [098_Grieg_PeerGynt_Op46-2_B1-16_page_0]   AbstractClassifier.java:396  | Classifier data loaded from default uri jar:file:/C:/Users/Elliot/Downloads/Audiveris/app/audiveris.jar!/res/basic-classifier.zip
2025-12-26 13:15:15,860 INFO [098_Grieg_PeerGynt_Op46-2_B1-16_page_0]       StepMonitoring.java:98   | STEM_SEEDS
2025-12-26 13:15:15,908 INFO [098_Grieg_PeerGynt_Op46-2_B1-16_page_0]        StemSeedsStep.java:86   | stem(2 max:2)
2025-12-26 13:15:15,956 INFO [098_Grieg_PeerGynt_Op46-2_B1-16_page_0]       StepMonitoring.java:98   | BEAMS
2025-12-26 13:15:17,111 INFO [098_Grieg_PeerGynt_Op46-2_B1-16_page_0]       StepMonitoring.java:98   | LEDGERS
2025-12-26 13:15:17,283 INFO [098_Grieg_PeerGynt_Op46-2_B1-16_page_0]       StepMonitoring.java:98   | HEADS
2025-12-26 13:15:18,896 INFO [098_Grieg_PeerGynt_Op46-2_B1-16_page_0]        HeadSeedTally.java:235  | Scale information: HeadSeeds{NOTEHEAD_VOID[L:-0.5,R:0.5] NOTEHEAD_BLACK[L:-0.5,R:0.5]}
2025-12-26 13:15:18,897 INFO [098_Grieg_PeerGynt_Op46-2_B1-16_page_0]       StepMonitoring.java:98   | STEMS
2025-12-26 13:15:19,575 INFO [098_Grieg_PeerGynt_Op46-2_B1-16_page_0]       StepMonitoring.java:98   | REDUCTION
2025-12-26 13:15:19,745 INFO [098_Grieg_PeerGynt_Op46-2_B1-16_page_0]        ReductionStep.java:105  | Stems free length median value: 40 pixels, 3.3 interlines
2025-12-26 13:15:19,752 INFO [098_Grieg_PeerGynt_Op46-2_B1-16_page_0]       StepMonitoring.java:98   | CUE_BEAMS
2025-12-26 13:15:19,753 INFO [098_Grieg_PeerGynt_Op46-2_B1-16_page_0]         CueBeamsStep.java:81   | Step CUE_BEAMS is skipped because small heads switch is off
2025-12-26 13:15:19,753 INFO [098_Grieg_PeerGynt_Op46-2_B1-16_page_0]       StepMonitoring.java:98   | TEXTS
2025-12-26 13:15:19,835 WARN [098_Grieg_PeerGynt_Op46-2_B1-16_page_0]         TesseractOCR.java:335  | The collection of supported languages is empty
2025-12-26 13:15:19,835 INFO [098_Grieg_PeerGynt_Op46-2_B1-16_page_0]              OcrUtil.java:106  | Missing support for 'eng' language(s)
2025-12-26 13:15:19,847 INFO [098_Grieg_PeerGynt_Op46-2_B1-16_page_0]       StepMonitoring.java:98   | MEASURES
2025-12-26 13:15:19,861 INFO [098_Grieg_PeerGynt_Op46-2_B1-16_page_0]                 Page.java:307  | 16 raw measures: [4 in system#1, 3 in system#2, 3 in system#3, 3 in system#4, 3 in system#5]
2025-12-26 13:15:19,862 INFO [098_Grieg_PeerGynt_Op46-2_B1-16_page_0]       StepMonitoring.java:98   | CHORDS
2025-12-26 13:15:19,883 INFO [098_Grieg_PeerGynt_Op46-2_B1-16_page_0]       StepMonitoring.java:98   | CURVES
2025-12-26 13:15:20,426 INFO [098_Grieg_PeerGynt_Op46-2_B1-16_page_0]         SlursBuilder.java:240  | Slurs: 17
2025-12-26 13:15:20,452 INFO [098_Grieg_PeerGynt_Op46-2_B1-16_page_0]      SegmentsBuilder.java:155  | Segments: 13
2025-12-26 13:15:20,463 INFO [098_Grieg_PeerGynt_Op46-2_B1-16_page_0]       StepMonitoring.java:98   | SYMBOLS
2025-12-26 13:15:20,856 INFO [098_Grieg_PeerGynt_Op46-2_B1-16_page_0]       StepMonitoring.java:98   | LINKS
2025-12-26 13:15:20,906 INFO [098_Grieg_PeerGynt_Op46-2_B1-16_page_0]       StepMonitoring.java:98   | RHYTHMS
2025-12-26 13:15:20,975 INFO [098_Grieg_PeerGynt_Op46-2_B1-16_page_0]       StepMonitoring.java:98   | PAGE
2025-12-26 13:15:20,987 INFO [098_Grieg_PeerGynt_Op46-2_B1-16_page_0]                 Book.java:2596 | Book{098_Grieg_PeerGynt_Op46-2_B1-16_page_0} storing
2025-12-26 13:15:21,028 INFO [098_Grieg_PeerGynt_Op46-2_B1-16_page_0]                 Book.java:2577 | Stored /book.xml
2025-12-26 13:15:21,093 INFO [098_Grieg_PeerGynt_Op46-2_B1-16_page_0]           DataHolder.java:348  | Stored /sheet#1/BINARY.png
2025-12-26 13:15:21,773 INFO [098_Grieg_PeerGynt_Op46-2_B1-16_page_0]                Sheet.java:1583 | Stored /sheet#1/sheet#1.xml
2025-12-26 13:15:21,774 INFO [098_Grieg_PeerGynt_Op46-2_B1-16_page_0]                 Book.java:2537 | Book stored as C:\Users\Elliot\Downloads\Audiveris\scores\098_Grieg_PeerGynt_Op46-2_B1-16_page_0.omr
2025-12-26 13:15:21,779 INFO [098_Grieg_PeerGynt_Op46-2_B1-16_page_0]            SheetStub.java:1660 | Disposed sheet
2025-12-26 13:15:21,824 INFO [098_Grieg_PeerGynt_Op46-2_B1-16_page_0]                 Book.java:2064 | End of Stub#1
2025-12-26 13:15:21,825 INFO [098_Grieg_PeerGynt_Op46-2_B1-16_page_0]                 Book.java:2071 | Book processed.
2025-12-26 13:15:22,167 INFO [098_Grieg_PeerGynt_Op46-2_B1-16_page_0]            SheetStub.java:997  | Loaded /sheet#1/sheet#1.xml
2025-12-26 13:15:22,575 INFO [098_Grieg_PeerGynt_Op46-2_B1-16_page_0]      PartwiseBuilder.java:2688 | Exporting sheet(s): [#1]
2025-12-26 13:15:22,675 INFO [098_Grieg_PeerGynt_Op46-2_B1-16_page_0]        ScoreExporter.java:164  | Score 098_Grieg_PeerGynt_Op46-2_B1-16_page_0 exported to C:\Users\Elliot\Downloads\Audiveris\scores\098_Grieg_PeerGynt_Op46-2_B1-16_page_0.mxl
2025-12-26 13:15:22,720 INFO [098_Grieg_PeerGynt_Op46-2_B1-16_page_0]                Score.java:181  | Closing {Score 1}
