2025-12-26 13:15:36,576 INFO [099_Grieg_HolborgSuite_Op40-5_B0-30_page_1]                 Book.java:560  | 1 sheet in C:\Users\Elliot\Downloads\Audiveris\scores\099_Grieg_HolborgSuite_Op40-5_B0-30_page_1.jpg
2025-12-26 13:15:36,778 INFO []                 Book.java:2577 | Stored /book.xml
2025-12-26 13:15:36,779 INFO []                 Book.java:2537 | Book stored as C:\Users\Elliot\Downloads\Audiveris\scores\099_Grieg_HolborgSuite_Op40-5_B0-30_page_1.omr
2025-12-26 13:15:36,784 INFO []                 Book.java:1929 | Book reaching PAGE on sheets:[#1]
2025-12-26 13:15:36,789 INFO [099_Grieg_HolborgSuite_Op40-5_B0-30_page_1]       StepMonitoring.java:98   | LOAD
2025-12-26 13:15:36,886 INFO [099_Grieg_HolborgSuite_Op40-5_B0-30_page_1]            SheetStub.java:1273 | Loaded image #1 1653x2339 from C:\Users\Elliot\Downloads\Audiveris\scores\099_Grieg_HolborgSuite_Op40-5_B0-30_page_1.jpg
2025-12-26 13:15:36,890 INFO [099_Grieg_HolborgSuite_Op40-5_B0-30_page_1]            ImageUtil.java:124  | Converting max RGB to gray
2025-12-26 13:15:37,042 INFO [099_Grieg_HolborgSuite_Op40-5_B0-30_page_1]       StepMonitoring.java:98   | BINARY
2025-12-26 13:15:37,252 INFO [099_Grieg_HolborgSuite_Op40-5_B0-30_page_1]       StepMonitoring.java:98   | SCALE
2025-12-26 13:15:37,277 INFO [099_Grieg_HolborgSuite_Op40-5_B0-30_page_1]         ScaleBuilder.java:241  | Beam  guessed height:  5 -- 0.50 of 10 interline
2025-12-26 13:15:37,279 INFO [099_Grieg_HolborgSuite_Op40-5_B0-30_page_1]         ScaleBuilder.java:264  | Beam measured height:  6 -- 0.43 of [3..10] range at 579% of needed quorum
2025-12-26 13:15:37,280 INFO [099_Grieg_HolborgSuite_Op40-5_B0-30_page_1]            ScaleStep.java:65   | Scale{ interline(11,12,12) line(1,1,3) beam(6)}
2025-12-26 13:15:37,281 INFO [099_Grieg_HolborgSuite_Op40-5_B0-30_page_1]       StepMonitoring.java:98   | GRID
2025-12-26 13:15:37,595 INFO [099_Grieg_HolborgSuite_Op40-5_B0-30_page_1]       LinesRetriever.java:1500 | Global slope: 0.00000
2025-12-26 13:15:37,638 INFO [099_Grieg_HolborgSuite_Op40-5_B0-30_page_1]    ClustersRetriever.java:326  | Retrieved raw line clusters: 6 of sizes [5] with interline(11,12,12)
2025-12-26 13:15:37,722 INFO [099_Grieg_HolborgSuite_Op40-5_B0-30_page_1]            PeakGraph.java:310  | Systems: #1[1, 2] #2[3, 4] #3[5, 6]
2025-12-26 13:15:37,899 INFO [099_Grieg_HolborgSuite_Op40-5_B0-30_page_1]        SystemManager.java:779  | 1 part along 3 systems
2025-12-26 13:15:37,899 INFO [099_Grieg_HolborgSuite_Op40-5_B0-30_page_1]                 Book.java:543  | Created scores: [{Score 1}]
2025-12-26 13:15:37,900 INFO [099_Grieg_HolborgSuite_Op40-5_B0-30_page_1]       StepMonitoring.java:98   | HEADERS
2025-12-26 13:15:38,271 INFO [099_Grieg_HolborgSuite_Op40-5_B0-30_page_1]      BasicClassifier.java:286  | Classifier loaded XML norms.
2025-12-26 13:15:38,277 INFO [099_Grieg_HolborgSuite_Op40-5_B0-30_page_1]   AbstractClassifier.java:396  | Classifier data loaded from default uri jar:file:/C:/Users/Elliot/Downloads/Audiveris/app/audiveris.jar!/res/basic-classifier.zip
2025-12-26 13:15:38,898 INFO [099_Grieg_HolborgSuite_Op40-5_B0-30_page_1]       StepMonitoring.java:98   | STEM_SEEDS
2025-12-26 13:15:38,934 INFO [099_Grieg_HolborgSuite_Op40-5_B0-30_page_1]        StemSeedsStep.java:86   | stem(2 max:2)
2025-12-26 13:15:38,967 INFO [099_Grieg_HolborgSuite_Op40-5_B0-30_page_1]       StepMonitoring.java:98   | BEAMS
2025-12-26 13:15:39,849 INFO [099_Grieg_HolborgSuite_Op40-5_B0-30_page_1]       StepMonitoring.java:98   | LEDGERS
2025-12-26 13:15:39,958 INFO [099_Grieg_HolborgSuite_Op40-5_B0-30_page_1]       StepMonitoring.java:98   | HEADS
2025-12-26 13:15:41,110 INFO [099_Grieg_HolborgSuite_Op40-5_B0-30_page_1]        HeadSeedTally.java:235  | Scale information: HeadSeeds{NOTEHEAD_BLACK[L:-0.4,R:0.5]}
2025-12-26 13:15:41,111 INFO [099_Grieg_HolborgSuite_Op40-5_B0-30_page_1]       StepMonitoring.java:98   | STEMS
2025-12-26 13:15:41,519 INFO [099_Grieg_HolborgSuite_Op40-5_B0-30_page_1]       StepMonitoring.java:98   | REDUCTION
2025-12-26 13:15:46,155 INFO [099_Grieg_HolborgSuite_Op40-5_B0-30_page_1]        ReductionStep.java:105  | Stems free length median value: 42 pixels, 3.5 interlines
2025-12-26 13:15:46,160 INFO [099_Grieg_HolborgSuite_Op40-5_B0-30_page_1]       StepMonitoring.java:98   | CUE_BEAMS
2025-12-26 13:15:46,160 INFO [099_Grieg_HolborgSuite_Op40-5_B0-30_page_1]         CueBeamsStep.java:81   | Step CUE_BEAMS is skipped because small heads switch is off
2025-12-26 13:15:46,161 INFO [099_Grieg_HolborgSuite_Op40-5_B0-30_page_1]       StepMonitoring.java:98   | TEXTS
2025-12-26 13:15:46,227 WARN [099_Grieg_HolborgSuite_Op40-5_B0-30_page_1]         TesseractOCR.java:335  | The collection of supported languages is empty
2025-12-26 13:15:46,227 INFO [099_Grieg_HolborgSuite_Op40-5_B0-30_page_1]              OcrUtil.java:106  | Missing support for 'eng' language(s)
2025-12-26 13:15:46,235 INFO [099_Grieg_HolborgSuite_Op40-5_B0-30_page_1]       StepMonitoring.java:98   | MEASURES
2025-12-26 13:15:46,246 INFO [099_Grieg_HolborgSuite_Op40-5_B0-30_page_1]                 Page.java:307  | 10 raw measures: [4 in system#1, 3 in system#2, 3 in system#3]
2025-12-26 13:15:46,247 INFO [099_Grieg_HolborgSuite_Op40-5_B0-30_page_1]       StepMonitoring.java:98   | CHORDS
2025-12-26 13:15:46,262 INFO [099_Grieg_HolborgSuite_Op40-5_B0-30_page_1]       StepMonitoring.java:98   | CURVES
2025-12-26 13:15:46,705 INFO [099_Grieg_HolborgSuite_Op40-5_B0-30_page_1]         SlursBuilder.java:240  | Slurs: 10
2025-12-26 13:15:46,714 INFO [099_Grieg_HolborgSuite_Op40-5_B0-30_page_1]      SegmentsBuilder.java:155  | Segments: 1
2025-12-26 13:15:46,724 INFO [099_Grieg_HolborgSuite_Op40-5_B0-30_page_1]       StepMonitoring.java:98   | SYMBOLS
2025-12-26 13:15:46,949 INFO [099_Grieg_HolborgSuite_Op40-5_B0-30_page_1]       StepMonitoring.java:98   | LINKS
2025-12-26 13:15:47,003 INFO [099_Grieg_HolborgSuite_Op40-5_B0-30_page_1]       StepMonitoring.java:98   | RHYTHMS
2025-12-26 13:15:47,080 INFO [099_Grieg_HolborgSuite_Op40-5_B0-30_page_1]       StepMonitoring.java:98   | PAGE
2025-12-26 13:15:47,088 WARN [099_Grieg_HolborgSuite_Op40-5_B0-30_page_1]         MeasureFixer.java:343  | System#1 No target duration for measures local IDs [1, 2, 3, 4], please check time signatures
2025-12-26 13:15:47,089 WARN [099_Grieg_HolborgSuite_Op40-5_B0-30_page_1]         MeasureFixer.java:343  | System#2 No target duration for measures local IDs [5, 6, 7], please check time signatures
2025-12-26 13:15:47,089 WARN [099_Grieg_HolborgSuite_Op40-5_B0-30_page_1]         MeasureFixer.java:343  | System#3 No target duration for measures local IDs [8, 9, 10], please check time signatures
2025-12-26 13:15:47,092 INFO [099_Grieg_HolborgSuite_Op40-5_B0-30_page_1]                 Book.java:2596 | Book{099_Grieg_HolborgSuite_Op40-5_B0-30_page_1} storing
2025-12-26 13:15:47,126 INFO [099_Grieg_HolborgSuite_Op40-5_B0-30_page_1]                 Book.java:2577 | Stored /book.xml
2025-12-26 13:15:47,198 INFO [099_Grieg_HolborgSuite_Op40-5_B0-30_page_1]           DataHolder.java:348  | Stored /sheet#1/BINARY.png
2025-12-26 13:15:47,706 INFO [099_Grieg_HolborgSuite_Op40-5_B0-30_page_1]                Sheet.java:1583 | Stored /sheet#1/sheet#1.xml
2025-12-26 13:15:47,707 INFO [099_Grieg_HolborgSuite_Op40-5_B0-30_page_1]                 Book.java:2537 | Book stored as C:\Users\Elliot\Downloads\Audiveris\scores\099_Grieg_HolborgSuite_Op40-5_B0-30_page_1.omr
2025-12-26 13:15:47,710 INFO [099_Grieg_HolborgSuite_Op40-5_B0-30_page_1]            SheetStub.java:1660 | Disposed sheet
2025-12-26 13:15:47,739 INFO [099_Grieg_HolborgSuite_Op40-5_B0-30_page_1]                 Book.java:2064 | End of Stub#1
2025-12-26 13:15:47,740 INFO [099_Grieg_HolborgSuite_Op40-5_B0-30_page_1]                 Book.java:2071 | Book processed.
2025-12-26 13:15:47,973 INFO [099_Grieg_HolborgSuite_Op40-5_B0-30_page_1]            SheetStub.java:997  | Loaded /sheet#1/sheet#1.xml
2025-12-26 13:15:48,368 INFO [099_Grieg_HolborgSuite_Op40-5_B0-30_page_1]      PartwiseBuilder.java:2688 | Exporting sheet(s): [#1]
2025-12-26 13:15:48,460 INFO [099_Grieg_HolborgSuite_Op40-5_B0-30_page_1]        ScoreExporter.java:164  | Score 099_Grieg_HolborgSuite_Op40-5_B0-30_page_1 exported to C:\Users\Elliot\Downloads\Audiveris\scores\099_Grieg_HolborgSuite_Op40-5_B0-30_page_1.mxl
2025-12-26 13:15:48,499 INFO [099_Grieg_HolborgSuite_Op40-5_B0-30_page_1]                Score.java:181  | Closing {Score 1}
