2025-12-26 13:15:24,522 INFO [099_Grieg_HolborgSuite_Op40-5_B0-30_page_0]                 Book.java:560  | 1 sheet in C:\Users\Elliot\Downloads\Audiveris\scores\099_Grieg_HolborgSuite_Op40-5_B0-30_page_0.jpg
2025-12-26 13:15:24,639 INFO []                 Book.java:2577 | Stored /book.xml
2025-12-26 13:15:24,639 INFO []                 Book.java:2537 | Book stored as C:\Users\Elliot\Downloads\Audiveris\scores\099_Grieg_HolborgSuite_Op40-5_B0-30_page_0.omr
2025-12-26 13:15:24,645 INFO []                 Book.java:1929 | Book reaching PAGE on sheets:[#1]
2025-12-26 13:15:24,651 INFO [099_Grieg_HolborgSuite_Op40-5_B0-30_page_0]       StepMonitoring.java:98   | LOAD
2025-12-26 13:15:24,741 INFO [099_Grieg_HolborgSuite_Op40-5_B0-30_page_0]            SheetStub.java:1273 | Loaded image #1 1653x2339 from C:\Users\Elliot\Downloads\Audiveris\scores\099_Grieg_HolborgSuite_Op40-5_B0-30_page_0.jpg
2025-12-26 13:15:24,745 INFO [099_Grieg_HolborgSuite_Op40-5_B0-30_page_0]            ImageUtil.java:124  | Converting max RGB to gray
2025-12-26 13:15:24,886 INFO [099_Grieg_HolborgSuite_Op40-5_B0-30_page_0]       StepMonitoring.java:98   | BINARY
2025-12-26 13:15:25,130 INFO [099_Grieg_HolborgSuite_Op40-5_B0-30_page_0]       StepMonitoring.java:98   | SCALE
2025-12-26 13:15:25,149 INFO [099_Grieg_HolborgSuite_Op40-5_B0-30_page_0]         ScaleBuilder.java:241  | Beam  guessed height:  5 -- 0.50 of 10 interline
2025-12-26 13:15:25,151 INFO [099_Grieg_HolborgSuite_Op40-5_B0-30_page_0]         ScaleBuilder.java:264  | Beam measured height:  7 -- 0.57 of [3..10] range at 438% of needed quorum
2025-12-26 13:15:25,151 INFO [099_Grieg_HolborgSuite_Op40-5_B0-30_page_0]            ScaleStep.java:65   | Scale{ interline(11,12,12) line(1,1,2) beam(7)}
2025-12-26 13:15:25,152 INFO [099_Grieg_HolborgSuite_Op40-5_B0-30_page_0]       StepMonitoring.java:98   | GRID
2025-12-26 13:15:25,436 INFO [099_Grieg_HolborgSuite_Op40-5_B0-30_page_0]       LinesRetriever.java:1500 | Global slope: 0.00000
2025-12-26 13:15:25,477 INFO [099_Grieg_HolborgSuite_Op40-5_B0-30_page_0]    ClustersRetriever.java:326  | Retrieved raw line clusters: 10 of sizes [5] with interline(11,12,12)
2025-12-26 13:15:25,616 INFO [099_Grieg_HolborgSuite_Op40-5_B0-30_page_0]            PeakGraph.java:310  | Systems: #1[1, 2] #2[3, 4] #3[5, 6] #4[7, 8] #5[9, 10]
2025-12-26 13:15:25,862 INFO [099_Grieg_HolborgSuite_Op40-5_B0-30_page_0]        SystemManager.java:779  | 1 part along 5 systems
2025-12-26 13:15:25,864 INFO [099_Grieg_HolborgSuite_Op40-5_B0-30_page_0]                 Book.java:543  | Created scores: [{Score 1}]
2025-12-26 13:15:25,865 INFO [099_Grieg_HolborgSuite_Op40-5_B0-30_page_0]       StepMonitoring.java:98   | HEADERS
2025-12-26 13:15:26,184 INFO [099_Grieg_HolborgSuite_Op40-5_B0-30_page_0]      BasicClassifier.java:286  | Classifier loaded XML norms.
2025-12-26 13:15:26,189 INFO [099_Grieg_HolborgSuite_Op40-5_B0-30_page_0]   AbstractClassifier.java:396  | Classifier data loaded from default uri jar:file:/C:/Users/Elliot/Downloads/Audiveris/app/audiveris.jar!/res/basic-classifier.zip
2025-12-26 13:15:26,897 INFO [099_Grieg_HolborgSuite_Op40-5_B0-30_page_0]       StepMonitoring.java:98   | STEM_SEEDS
2025-12-26 13:15:26,940 INFO [099_Grieg_HolborgSuite_Op40-5_B0-30_page_0]        StemSeedsStep.java:86   | stem(2 max:2)
2025-12-26 13:15:26,976 INFO [099_Grieg_HolborgSuite_Op40-5_B0-30_page_0]       StepMonitoring.java:98   | BEAMS
2025-12-26 13:15:28,079 INFO [099_Grieg_HolborgSuite_Op40-5_B0-30_page_0]       StepMonitoring.java:98   | LEDGERS
2025-12-26 13:15:28,361 INFO [099_Grieg_HolborgSuite_Op40-5_B0-30_page_0]       StepMonitoring.java:98   | HEADS
2025-12-26 13:15:30,058 INFO [099_Grieg_HolborgSuite_Op40-5_B0-30_page_0]        HeadSeedTally.java:235  | Scale information: HeadSeeds{NOTEHEAD_BLACK[L:-0.4,R:0.5]}
2025-12-26 13:15:30,059 INFO [099_Grieg_HolborgSuite_Op40-5_B0-30_page_0]       StepMonitoring.java:98   | STEMS
2025-12-26 13:15:30,680 INFO [099_Grieg_HolborgSuite_Op40-5_B0-30_page_0]       StepMonitoring.java:98   | REDUCTION
2025-12-26 13:15:30,829 INFO [099_Grieg_HolborgSuite_Op40-5_B0-30_page_0]        ReductionStep.java:105  | Stems free length median value: 42 pixels, 3.5 interlines
2025-12-26 13:15:30,834 INFO [099_Grieg_HolborgSuite_Op40-5_B0-30_page_0]       StepMonitoring.java:98   | CUE_BEAMS
2025-12-26 13:15:30,834 INFO [099_Grieg_HolborgSuite_Op40-5_B0-30_page_0]         CueBeamsStep.java:81   | Step CUE_BEAMS is skipped because small heads switch is off
2025-12-26 13:15:30,835 INFO [099_Grieg_HolborgSuite_Op40-5_B0-30_page_0]       StepMonitoring.java:98   | TEXTS
2025-12-26 13:15:30,905 WARN [099_Grieg_HolborgSuite_Op40-5_B0-30_page_0]         TesseractOCR.java:335  | The collection of supported languages is empty
2025-12-26 13:15:30,907 INFO [099_Grieg_HolborgSuite_Op40-5_B0-30_page_0]              OcrUtil.java:106  | Missing support for 'eng' language(s)
2025-12-26 13:15:30,916 INFO [099_Grieg_HolborgSuite_Op40-5_B0-30_page_0]       StepMonitoring.java:98   | MEASURES
2025-12-26 13:15:30,927 INFO [099_Grieg_HolborgSuite_Op40-5_B0-30_page_0]                 Page.java:307  | 21 raw measures: [5 in system#1, 4 in system#2, 4 in system#3, 4 in system#4, 4 in system#5]
2025-12-26 13:15:30,927 INFO [099_Grieg_HolborgSuite_Op40-5_B0-30_page_0]       StepMonitoring.java:98   | CHORDS
2025-12-26 13:15:30,946 INFO [099_Grieg_HolborgSuite_Op40-5_B0-30_page_0]       StepMonitoring.java:98   | CURVES
2025-12-26 13:15:31,535 INFO [099_Grieg_HolborgSuite_Op40-5_B0-30_page_0]         SlursBuilder.java:240  | Slurs: 2
2025-12-26 13:15:31,554 INFO [099_Grieg_HolborgSuite_Op40-5_B0-30_page_0]      SegmentsBuilder.java:155  | Segments: 6
2025-12-26 13:15:31,564 INFO [099_Grieg_HolborgSuite_Op40-5_B0-30_page_0]       StepMonitoring.java:98   | SYMBOLS
2025-12-26 13:15:32,082 INFO [099_Grieg_HolborgSuite_Op40-5_B0-30_page_0]       StepMonitoring.java:98   | LINKS
2025-12-26 13:15:32,135 INFO [099_Grieg_HolborgSuite_Op40-5_B0-30_page_0]       StepMonitoring.java:98   | RHYTHMS
2025-12-26 13:15:32,206 INFO [099_Grieg_HolborgSuite_Op40-5_B0-30_page_0]                Voice.java:257  | Measure{#10} Voice{#5 excess:1/8} too long
2025-12-26 13:15:32,208 INFO [099_Grieg_HolborgSuite_Op40-5_B0-30_page_0]          StackRhythm.java:224  | S3 MeasureStack#10 no correct rhythm
2025-12-26 13:15:32,233 INFO [099_Grieg_HolborgSuite_Op40-5_B0-30_page_0]                Voice.java:257  | Measure{#19} Voice{#6 excess:1/4} too long
2025-12-26 13:15:32,234 INFO [099_Grieg_HolborgSuite_Op40-5_B0-30_page_0]          StackRhythm.java:224  | S5 MeasureStack#19 no correct rhythm
2025-12-26 13:15:32,237 INFO [099_Grieg_HolborgSuite_Op40-5_B0-30_page_0]       StepMonitoring.java:98   | PAGE
2025-12-26 13:15:32,242 INFO [099_Grieg_HolborgSuite_Op40-5_B0-30_page_0]                Voice.java:257  | Measure{#10} Voice{#5 excess:1/8} too long
2025-12-26 13:15:32,244 INFO [099_Grieg_HolborgSuite_Op40-5_B0-30_page_0]                Voice.java:257  | Measure{#19} Voice{#6 excess:1/4} too long
2025-12-26 13:15:32,250 INFO [099_Grieg_HolborgSuite_Op40-5_B0-30_page_0]                 Book.java:2596 | Book{099_Grieg_HolborgSuite_Op40-5_B0-30_page_0} storing
2025-12-26 13:15:32,292 INFO [099_Grieg_HolborgSuite_Op40-5_B0-30_page_0]                 Book.java:2577 | Stored /book.xml
2025-12-26 13:15:32,393 INFO [099_Grieg_HolborgSuite_Op40-5_B0-30_page_0]           DataHolder.java:348  | Stored /sheet#1/BINARY.png
2025-12-26 13:15:33,165 INFO [099_Grieg_HolborgSuite_Op40-5_B0-30_page_0]                Sheet.java:1583 | Stored /sheet#1/sheet#1.xml
2025-12-26 13:15:33,166 INFO [099_Grieg_HolborgSuite_Op40-5_B0-30_page_0]                 Book.java:2537 | Book stored as C:\Users\Elliot\Downloads\Audiveris\scores\099_Grieg_HolborgSuite_Op40-5_B0-30_page_0.omr
2025-12-26 13:15:33,171 INFO [099_Grieg_HolborgSuite_Op40-5_B0-30_page_0]            SheetStub.java:1660 | Disposed sheet
2025-12-26 13:15:33,210 INFO [099_Grieg_HolborgSuite_Op40-5_B0-30_page_0]                 Book.java:2064 | End of Stub#1
2025-12-26 13:15:33,211 INFO [099_Grieg_HolborgSuite_Op40-5_B0-30_page_0]                 Book.java:2071 | Book processed.
2025-12-26 13:15:33,906 INFO [099_Grieg_HolborgSuite_Op40-5_B0-30_page_0]            SheetStub.java:997  | Loaded /sheet#1/sheet#1.xml
2025-12-26 13:15:34,334 INFO [099_Grieg_HolborgSuite_Op40-5_B0-30_page_0]      PartwiseBuilder.java:2688 | Exporting sheet(s): [#1]
2025-12-26 13:15:34,465 INFO [099_Grieg_HolborgSuite_Op40-5_B0-30_page_0]        ScoreExporter.java:164  | Score 099_Grieg_HolborgSuite_Op40-5_B0-30_page_0 exported to C:\Users\Elliot\Downloads\Audiveris\scores\099_Grieg_HolborgSuite_Op40-5_B0-30_page_0.mxl
2025-12-26 13:15:34,513 INFO [099_Grieg_HolborgSuite_Op40-5_B0-30_page_0]                Score.java:181  | Closing {Score 1}
