2025-12-26 13:16:02,881 INFO [100_Grieg_PSon_Mov1_B1-36_page_1]                 Book.java:560  | 1 sheet in C:\Users\Elliot\Downloads\Audiveris\scores\100_Grieg_PSon_Mov1_B1-36_page_1.jpg
2025-12-26 13:16:02,994 INFO []                 Book.java:2577 | Stored /book.xml
2025-12-26 13:16:02,995 INFO []                 Book.java:2537 | Book stored as C:\Users\Elliot\Downloads\Audiveris\scores\100_Grieg_PSon_Mov1_B1-36_page_1.omr
2025-12-26 13:16:02,999 INFO []                 Book.java:1929 | Book reaching PAGE on sheets:[#1]
2025-12-26 13:16:03,006 INFO [100_Grieg_PSon_Mov1_B1-36_page_1]       StepMonitoring.java:98   | LOAD
2025-12-26 13:16:03,094 INFO [100_Grieg_PSon_Mov1_B1-36_page_1]            SheetStub.java:1273 | Loaded image #1 1653x2339 from C:\Users\Elliot\Downloads\Audiveris\scores\100_Grieg_PSon_Mov1_B1-36_page_1.jpg
2025-12-26 13:16:03,097 INFO [100_Grieg_PSon_Mov1_B1-36_page_1]            ImageUtil.java:124  | Converting max RGB to gray
2025-12-26 13:16:03,225 INFO [100_Grieg_PSon_Mov1_B1-36_page_1]       StepMonitoring.java:98   | BINARY
2025-12-26 13:16:03,442 INFO [100_Grieg_PSon_Mov1_B1-36_page_1]       StepMonitoring.java:98   | SCALE
2025-12-26 13:16:03,461 INFO [100_Grieg_PSon_Mov1_B1-36_page_1]         ScaleBuilder.java:241  | Beam  guessed height:  5 -- 0.50 of 10 interline
2025-12-26 13:16:03,462 INFO [100_Grieg_PSon_Mov1_B1-36_page_1]         ScaleBuilder.java:264  | Beam measured height:  6 -- 0.43 of [3..10] range at 506% of needed quorum
2025-12-26 13:16:03,462 INFO [100_Grieg_PSon_Mov1_B1-36_page_1]            ScaleStep.java:65   | Scale{ interline(11,12,12) line(1,1,2) beam(6)}
2025-12-26 13:16:03,463 INFO [100_Grieg_PSon_Mov1_B1-36_page_1]       StepMonitoring.java:98   | GRID
2025-12-26 13:16:03,712 INFO [100_Grieg_PSon_Mov1_B1-36_page_1]       LinesRetriever.java:1500 | Global slope: 0.00000
2025-12-26 13:16:03,741 INFO [100_Grieg_PSon_Mov1_B1-36_page_1]    ClustersRetriever.java:326  | Retrieved raw line clusters: 6 of sizes [5] with interline(11,12,12)
2025-12-26 13:16:03,813 INFO [100_Grieg_PSon_Mov1_B1-36_page_1]            PeakGraph.java:310  | Systems: #1[1, 2] #2[3, 4] #3[5, 6]
2025-12-26 13:16:03,996 INFO [100_Grieg_PSon_Mov1_B1-36_page_1]        SystemManager.java:779  | 1 part along 3 systems
2025-12-26 13:16:03,998 INFO [100_Grieg_PSon_Mov1_B1-36_page_1]                 Book.java:543  | Created scores: [{Score 1}]
2025-12-26 13:16:03,999 INFO [100_Grieg_PSon_Mov1_B1-36_page_1]       StepMonitoring.java:98   | HEADERS
2025-12-26 13:16:04,326 INFO []      BasicClassifier.java:286  | Classifier loaded XML norms.
2025-12-26 13:16:04,329 INFO []   AbstractClassifier.java:396  | Classifier data loaded from default uri jar:file:/C:/Users/Elliot/Downloads/Audiveris/app/audiveris.jar!/res/basic-classifier.zip
2025-12-26 13:16:04,945 INFO [100_Grieg_PSon_Mov1_B1-36_page_1]       StepMonitoring.java:98   | STEM_SEEDS
2025-12-26 13:16:04,976 INFO [100_Grieg_PSon_Mov1_B1-36_page_1]        StemSeedsStep.java:86   | stem(2 max:2)
2025-12-26 13:16:05,005 INFO [100_Grieg_PSon_Mov1_B1-36_page_1]       StepMonitoring.java:98   | BEAMS
2025-12-26 13:16:05,761 INFO [100_Grieg_PSon_Mov1_B1-36_page_1]       StepMonitoring.java:98   | LEDGERS
2025-12-26 13:16:05,879 INFO [100_Grieg_PSon_Mov1_B1-36_page_1]       StepMonitoring.java:98   | HEADS
2025-12-26 13:16:07,060 INFO [100_Grieg_PSon_Mov1_B1-36_page_1]        HeadSeedTally.java:235  | Scale information: HeadSeeds{NOTEHEAD_BLACK[L:-0.4,R:0.5]}
2025-12-26 13:16:07,061 INFO [100_Grieg_PSon_Mov1_B1-36_page_1]       StepMonitoring.java:98   | STEMS
2025-12-26 13:16:07,543 INFO [100_Grieg_PSon_Mov1_B1-36_page_1]       StepMonitoring.java:98   | REDUCTION
2025-12-26 13:16:07,721 INFO [100_Grieg_PSon_Mov1_B1-36_page_1]        ReductionStep.java:105  | Stems free length median value: 42 pixels, 3.5 interlines
2025-12-26 13:16:07,726 INFO [100_Grieg_PSon_Mov1_B1-36_page_1]       StepMonitoring.java:98   | CUE_BEAMS
2025-12-26 13:16:07,727 INFO [100_Grieg_PSon_Mov1_B1-36_page_1]         CueBeamsStep.java:81   | Step CUE_BEAMS is skipped because small heads switch is off
2025-12-26 13:16:07,728 INFO [100_Grieg_PSon_Mov1_B1-36_page_1]       StepMonitoring.java:98   | TEXTS
2025-12-26 13:16:07,797 WARN [100_Grieg_PSon_Mov1_B1-36_page_1]         TesseractOCR.java:335  | The collection of supported languages is empty
2025-12-26 13:16:07,798 INFO [100_Grieg_PSon_Mov1_B1-36_page_1]              OcrUtil.java:106  | Missing support for 'eng' language(s)
2025-12-26 13:16:07,807 INFO [100_Grieg_PSon_Mov1_B1-36_page_1]       StepMonitoring.java:98   | MEASURES
2025-12-26 13:16:07,815 INFO [100_Grieg_PSon_Mov1_B1-36_page_1]                 Page.java:307  | 12 raw measures: [4 in system#1, 4 in system#2, 4 in system#3]
2025-12-26 13:16:07,815 INFO [100_Grieg_PSon_Mov1_B1-36_page_1]       StepMonitoring.java:98   | CHORDS
2025-12-26 13:16:07,828 INFO [100_Grieg_PSon_Mov1_B1-36_page_1]       StepMonitoring.java:98   | CURVES
2025-12-26 13:16:08,211 INFO [100_Grieg_PSon_Mov1_B1-36_page_1]         SlursBuilder.java:240  | Slurs: 0
2025-12-26 13:16:08,221 INFO [100_Grieg_PSon_Mov1_B1-36_page_1]      SegmentsBuilder.java:155  | Segments: 2
2025-12-26 13:16:08,228 INFO [100_Grieg_PSon_Mov1_B1-36_page_1]       StepMonitoring.java:98   | SYMBOLS
2025-12-26 13:16:08,540 INFO [100_Grieg_PSon_Mov1_B1-36_page_1]       StepMonitoring.java:98   | LINKS
2025-12-26 13:16:08,596 INFO [100_Grieg_PSon_Mov1_B1-36_page_1]       StepMonitoring.java:98   | RHYTHMS
2025-12-26 13:16:08,661 INFO [100_Grieg_PSon_Mov1_B1-36_page_1]       StepMonitoring.java:98   | PAGE
2025-12-26 13:16:08,668 WARN [100_Grieg_PSon_Mov1_B1-36_page_1]         MeasureFixer.java:343  | System#1 No target duration for measures local IDs [1, 2, 3, 4], please check time signatures
2025-12-26 13:16:08,669 WARN [100_Grieg_PSon_Mov1_B1-36_page_1]         MeasureFixer.java:343  | System#2 No target duration for measures local IDs [5, 6, 7, 8], please check time signatures
2025-12-26 13:16:08,671 WARN [100_Grieg_PSon_Mov1_B1-36_page_1]         MeasureFixer.java:343  | System#3 No target duration for measures local IDs [9, 10, 11, 12], please check time signatures
2025-12-26 13:16:08,676 INFO [100_Grieg_PSon_Mov1_B1-36_page_1]                 Book.java:2596 | Book{100_Grieg_PSon_Mov1_B1-36_page_1} storing
2025-12-26 13:16:08,717 INFO [100_Grieg_PSon_Mov1_B1-36_page_1]                 Book.java:2577 | Stored /book.xml
2025-12-26 13:16:08,791 INFO [100_Grieg_PSon_Mov1_B1-36_page_1]           DataHolder.java:348  | Stored /sheet#1/BINARY.png
2025-12-26 13:16:09,372 INFO [100_Grieg_PSon_Mov1_B1-36_page_1]                Sheet.java:1583 | Stored /sheet#1/sheet#1.xml
2025-12-26 13:16:09,373 INFO [100_Grieg_PSon_Mov1_B1-36_page_1]                 Book.java:2537 | Book stored as C:\Users\Elliot\Downloads\Audiveris\scores\100_Grieg_PSon_Mov1_B1-36_page_1.omr
2025-12-26 13:16:09,377 INFO [100_Grieg_PSon_Mov1_B1-36_page_1]            SheetStub.java:1660 | Disposed sheet
2025-12-26 13:16:09,408 INFO [100_Grieg_PSon_Mov1_B1-36_page_1]                 Book.java:2064 | End of Stub#1
2025-12-26 13:16:09,410 INFO [100_Grieg_PSon_Mov1_B1-36_page_1]                 Book.java:2071 | Book processed.
2025-12-26 13:16:09,646 INFO [100_Grieg_PSon_Mov1_B1-36_page_1]            SheetStub.java:997  | Loaded /sheet#1/sheet#1.xml
2025-12-26 13:16:10,037 INFO [100_Grieg_PSon_Mov1_B1-36_page_1]      PartwiseBuilder.java:2688 | Exporting sheet(s): [#1]
2025-12-26 13:16:10,138 INFO [100_Grieg_PSon_Mov1_B1-36_page_1]        ScoreExporter.java:164  | Score 100_Grieg_PSon_Mov1_B1-36_page_1 exported to C:\Users\Elliot\Downloads\Audiveris\scores\100_Grieg_PSon_Mov1_B1-36_page_1.mxl
2025-12-26 13:16:10,179 INFO [100_Grieg_PSon_Mov1_B1-36_page_1]                Score.java:181  | Closing {Score 1}
