2025-12-26 13:16:47,227 INFO [104_Liszt_Liebestraum_No3_B25-37_page_0]                 Book.java:560  | 1 sheet in C:\Users\Elliot\Downloads\Audiveris\scores\104_Liszt_Liebestraum_No3_B25-37_page_0.jpg
2025-12-26 13:16:47,352 INFO []                 Book.java:2577 | Stored /book.xml
2025-12-26 13:16:47,353 INFO []                 Book.java:2537 | Book stored as C:\Users\Elliot\Downloads\Audiveris\scores\104_Liszt_Liebestraum_No3_B25-37_page_0.omr
2025-12-26 13:16:47,358 INFO []                 Book.java:1929 | Book reaching PAGE on sheets:[#1]
2025-12-26 13:16:47,363 INFO [104_Liszt_Liebestraum_No3_B25-37_page_0]       StepMonitoring.java:98   | LOAD
2025-12-26 13:16:47,452 INFO [104_Liszt_Liebestraum_No3_B25-37_page_0]            SheetStub.java:1273 | Loaded image #1 1653x2339 from C:\Users\Elliot\Downloads\Audiveris\scores\104_Liszt_Liebestraum_No3_B25-37_page_0.jpg
2025-12-26 13:16:47,455 INFO [104_Liszt_Liebestraum_No3_B25-37_page_0]            ImageUtil.java:124  | Converting max RGB to gray
2025-12-26 13:16:47,579 INFO [104_Liszt_Liebestraum_No3_B25-37_page_0]       StepMonitoring.java:98   | BINARY
2025-12-26 13:16:47,838 INFO [104_Liszt_Liebestraum_No3_B25-37_page_0]       StepMonitoring.java:98   | SCALE
2025-12-26 13:16:47,871 INFO [104_Liszt_Liebestraum_No3_B25-37_page_0]         ScaleBuilder.java:241  | Beam  guessed height:  6 -- 0.50 of 12 interline
2025-12-26 13:16:47,872 INFO [104_Liszt_Liebestraum_No3_B25-37_page_0]         ScaleBuilder.java:264  | Beam measured height:  7 -- 0.38 of [4..12] range at 681% of needed quorum
2025-12-26 13:16:47,873 INFO [104_Liszt_Liebestraum_No3_B25-37_page_0]            ScaleStep.java:65   | Scale{ interline(13,14,14) line(1,1,4) beam(7)}
2025-12-26 13:16:47,873 INFO [104_Liszt_Liebestraum_No3_B25-37_page_0]       StepMonitoring.java:98   | GRID
2025-12-26 13:16:48,270 INFO [104_Liszt_Liebestraum_No3_B25-37_page_0]       LinesRetriever.java:1500 | Global slope: 0.00000
2025-12-26 13:16:48,375 INFO [104_Liszt_Liebestraum_No3_B25-37_page_0]    ClustersRetriever.java:326  | Retrieved raw line clusters: 8 of sizes [5] with interline(13,14,14)
2025-12-26 13:16:48,509 INFO [104_Liszt_Liebestraum_No3_B25-37_page_0]            PeakGraph.java:310  | Systems: #1[1, 2] #2[3, 4] #3[5, 6] #4[7, 8]
2025-12-26 13:16:48,544 INFO [104_Liszt_Liebestraum_No3_B25-37_page_0]        BarsRetriever.java:768  | No brace partner at level:1 for Peak{129-146 F#1998 T#2 [BRACE, BRACE_BOTTOM]}
2025-12-26 13:16:48,545 INFO [104_Liszt_Liebestraum_No3_B25-37_page_0]        BarsRetriever.java:768  | No brace partner at level:1 for Peak{129-146 F#1999 T#4 [BRACE, BRACE_BOTTOM]}
2025-12-26 13:16:48,545 INFO [104_Liszt_Liebestraum_No3_B25-37_page_0]        BarsRetriever.java:768  | No brace partner at level:1 for Peak{129-146 F#2000 T#6 [BRACE, BRACE_BOTTOM]}
2025-12-26 13:16:48,545 INFO [104_Liszt_Liebestraum_No3_B25-37_page_0]        BarsRetriever.java:768  | No brace partner at level:1 for Peak{129-146 F#2001 T#8 [BRACE, BRACE_BOTTOM]}
2025-12-26 13:16:48,754 INFO [104_Liszt_Liebestraum_No3_B25-37_page_0]        SystemManager.java:779  | 2 parts along 4 systems
2025-12-26 13:16:48,755 INFO [104_Liszt_Liebestraum_No3_B25-37_page_0]                 Book.java:543  | Created scores: [{Score 1}]
2025-12-26 13:16:48,756 INFO [104_Liszt_Liebestraum_No3_B25-37_page_0]       StepMonitoring.java:98   | HEADERS
2025-12-26 13:16:49,125 INFO [104_Liszt_Liebestraum_No3_B25-37_page_0]      BasicClassifier.java:286  | Classifier loaded XML norms.
2025-12-26 13:16:49,128 INFO [104_Liszt_Liebestraum_No3_B25-37_page_0]   AbstractClassifier.java:396  | Classifier data loaded from default uri jar:file:/C:/Users/Elliot/Downloads/Audiveris/app/audiveris.jar!/res/basic-classifier.zip
2025-12-26 13:16:49,883 INFO [104_Liszt_Liebestraum_No3_B25-37_page_0]       StepMonitoring.java:98   | STEM_SEEDS
2025-12-26 13:16:49,921 INFO [104_Liszt_Liebestraum_No3_B25-37_page_0]        StemSeedsStep.java:86   | stem(2 max:2)
2025-12-26 13:16:49,992 INFO [104_Liszt_Liebestraum_No3_B25-37_page_0]       StepMonitoring.java:98   | BEAMS
2025-12-26 13:16:51,212 INFO [104_Liszt_Liebestraum_No3_B25-37_page_0]       StepMonitoring.java:98   | LEDGERS
2025-12-26 13:16:51,393 INFO [104_Liszt_Liebestraum_No3_B25-37_page_0]       StepMonitoring.java:98   | HEADS
2025-12-26 13:16:53,675 INFO [104_Liszt_Liebestraum_No3_B25-37_page_0]        HeadSeedTally.java:235  | Scale information: HeadSeeds{NOTEHEAD_VOID[R:0.5] NOTEHEAD_BLACK[L:0.1,R:0.5]}
2025-12-26 13:16:53,675 INFO [104_Liszt_Liebestraum_No3_B25-37_page_0]       StepMonitoring.java:98   | STEMS
2025-12-26 13:16:58,995 INFO [104_Liszt_Liebestraum_No3_B25-37_page_0]       StepMonitoring.java:98   | REDUCTION
2025-12-26 13:16:59,146 INFO [104_Liszt_Liebestraum_No3_B25-37_page_0]        ReductionStep.java:105  | Stems free length median value: 41 pixels, 2.9 interlines
2025-12-26 13:16:59,150 INFO [104_Liszt_Liebestraum_No3_B25-37_page_0]       StepMonitoring.java:98   | CUE_BEAMS
2025-12-26 13:16:59,151 INFO [104_Liszt_Liebestraum_No3_B25-37_page_0]         CueBeamsStep.java:81   | Step CUE_BEAMS is skipped because small heads switch is off
2025-12-26 13:16:59,151 INFO [104_Liszt_Liebestraum_No3_B25-37_page_0]       StepMonitoring.java:98   | TEXTS
2025-12-26 13:16:59,235 WARN [104_Liszt_Liebestraum_No3_B25-37_page_0]         TesseractOCR.java:335  | The collection of supported languages is empty
2025-12-26 13:16:59,236 INFO [104_Liszt_Liebestraum_No3_B25-37_page_0]              OcrUtil.java:106  | Missing support for 'eng' language(s)
2025-12-26 13:16:59,249 INFO [104_Liszt_Liebestraum_No3_B25-37_page_0]       StepMonitoring.java:98   | MEASURES
2025-12-26 13:16:59,260 INFO [104_Liszt_Liebestraum_No3_B25-37_page_0]                 Page.java:307  | 12 raw measures: [3 in system#1, 3 in system#2, 3 in system#3, 3 in system#4]
2025-12-26 13:16:59,260 INFO [104_Liszt_Liebestraum_No3_B25-37_page_0]       StepMonitoring.java:98   | CHORDS
2025-12-26 13:16:59,282 INFO [104_Liszt_Liebestraum_No3_B25-37_page_0]       StepMonitoring.java:98   | CURVES
2025-12-26 13:16:59,913 INFO [104_Liszt_Liebestraum_No3_B25-37_page_0]         SlursBuilder.java:240  | Slurs: 50
2025-12-26 13:16:59,935 INFO [104_Liszt_Liebestraum_No3_B25-37_page_0]      SegmentsBuilder.java:155  | Segments: 3
2025-12-26 13:16:59,943 INFO [104_Liszt_Liebestraum_No3_B25-37_page_0]       StepMonitoring.java:98   | SYMBOLS
2025-12-26 13:17:00,630 INFO [104_Liszt_Liebestraum_No3_B25-37_page_0]       StepMonitoring.java:98   | LINKS
2025-12-26 13:17:00,679 INFO [104_Liszt_Liebestraum_No3_B25-37_page_0]             KeyInter.java:1298 | Key built KeyInter#6235{(0.985) staff:7 KEY_CANCEL pitch:-2.0 fifths:null}
2025-12-26 13:17:00,680 INFO [104_Liszt_Liebestraum_No3_B25-37_page_0]             KeyInter.java:1298 | Key built KeyInter#6241{(0.985) staff:8 KEY_CANCEL pitch:-0.1 fifths:null}
2025-12-26 13:17:00,694 INFO [104_Liszt_Liebestraum_No3_B25-37_page_0]       StepMonitoring.java:98   | RHYTHMS
2025-12-26 13:17:00,785 INFO [104_Liszt_Liebestraum_No3_B25-37_page_0]       StepMonitoring.java:98   | PAGE
2025-12-26 13:17:00,791 WARN [104_Liszt_Liebestraum_No3_B25-37_page_0]         MeasureFixer.java:343  | System#1 No target duration for measures local IDs [1, 2, 3], please check time signatures
2025-12-26 13:17:00,792 WARN [104_Liszt_Liebestraum_No3_B25-37_page_0]         MeasureFixer.java:343  | System#2 No target duration for measures local IDs [4, 5, 6], please check time signatures
2025-12-26 13:17:00,793 WARN [104_Liszt_Liebestraum_No3_B25-37_page_0]         MeasureFixer.java:343  | System#3 No target duration for measures local IDs [7, 8, 9], please check time signatures
2025-12-26 13:17:00,794 WARN [104_Liszt_Liebestraum_No3_B25-37_page_0]         MeasureFixer.java:343  | System#4 No target duration for measures local IDs [10, 11, 12], please check time signatures
2025-12-26 13:17:00,801 INFO [104_Liszt_Liebestraum_No3_B25-37_page_0]                 Book.java:2596 | Book{104_Liszt_Liebestraum_No3_B25-37_page_0} storing
2025-12-26 13:17:00,844 INFO [104_Liszt_Liebestraum_No3_B25-37_page_0]                 Book.java:2577 | Stored /book.xml
2025-12-26 13:17:00,921 INFO [104_Liszt_Liebestraum_No3_B25-37_page_0]           DataHolder.java:348  | Stored /sheet#1/BINARY.png
2025-12-26 13:17:01,636 INFO [104_Liszt_Liebestraum_No3_B25-37_page_0]                Sheet.java:1583 | Stored /sheet#1/sheet#1.xml
2025-12-26 13:17:01,636 INFO [104_Liszt_Liebestraum_No3_B25-37_page_0]                 Book.java:2537 | Book stored as C:\Users\Elliot\Downloads\Audiveris\scores\104_Liszt_Liebestraum_No3_B25-37_page_0.omr
2025-12-26 13:17:01,642 INFO [104_Liszt_Liebestraum_No3_B25-37_page_0]            SheetStub.java:1660 | Disposed sheet
2025-12-26 13:17:01,671 INFO [104_Liszt_Liebestraum_No3_B25-37_page_0]                 Book.java:2064 | End of Stub#1
2025-12-26 13:17:01,672 INFO [104_Liszt_Liebestraum_No3_B25-37_page_0]                 Book.java:2071 | Book processed.
2025-12-26 13:17:02,044 INFO [104_Liszt_Liebestraum_No3_B25-37_page_0]            SheetStub.java:997  | Loaded /sheet#1/sheet#1.xml
2025-12-26 13:17:02,418 INFO [104_Liszt_Liebestraum_No3_B25-37_page_0]      PartwiseBuilder.java:2688 | Exporting sheet(s): [#1]
2025-12-26 13:17:02,436 WARN [104_Liszt_Liebestraum_No3_B25-37_page_0]      PartwiseBuilder.java:1773 | Error visiting KeyInter#6235{(0.985/0.985) staff:7 KEY_CANCEL pitch:-2.0 fifths:null} in {Page#1.1}
java.lang.NumberFormatException: For input string: "null"
	at java.base/java.lang.NumberFormatException.forInputString(Unknown Source)
	at java.base/java.lang.Integer.parseInt(Unknown Source)
	at java.base/java.math.BigInteger.<init>(Unknown Source)
	at java.base/java.math.BigInteger.<init>(Unknown Source)
	at org.audiveris.omr.score.PartwiseBuilder.processKey(PartwiseBuilder.java:1738)
	at org.audiveris.omr.score.PartwiseBuilder.processKeys(PartwiseBuilder.java:1791)
	at org.audiveris.omr.score.PartwiseBuilder.processMeasure(PartwiseBuilder.java:2037)
	at org.audiveris.omr.score.PartwiseBuilder.processPart(PartwiseBuilder.java:2659)
	at org.audiveris.omr.score.PartwiseBuilder.processSystem(PartwiseBuilder.java:3159)
	at org.audiveris.omr.score.PartwiseBuilder.processLogicalPart(PartwiseBuilder.java:1870)
	at org.audiveris.omr.score.PartwiseBuilder.processStub(PartwiseBuilder.java:3110)
	at org.audiveris.omr.score.PartwiseBuilder.processPartList(PartwiseBuilder.java:2691)
	at org.audiveris.omr.score.PartwiseBuilder.processScore(PartwiseBuilder.java:2922)
	at org.audiveris.omr.score.PartwiseBuilder.build(PartwiseBuilder.java:3478)
	at org.audiveris.omr.score.ScoreExporter.export(ScoreExporter.java:122)
	at org.audiveris.omr.score.ScoreExporter.export(ScoreExporter.java:163)
	at org.audiveris.omr.sheet.Book.export(Book.java:630)
	at org.audiveris.omr.CLI$ProcessingTask.processBook(CLI.java:897)
	at org.audiveris.omr.CLI$CliTask.call(CLI.java:505)
	at org.audiveris.omr.Main.runBatchTasks(Main.java:358)
	at org.audiveris.omr.Main.main(Main.java:260)
	at Audiveris.main(Audiveris.java:50)
2025-12-26 13:17:02,452 WARN [104_Liszt_Liebestraum_No3_B25-37_page_0]      PartwiseBuilder.java:1773 | Error visiting KeyInter#6241{(0.985/0.985) staff:8 KEY_CANCEL pitch:-0.1 fifths:null} in {Page#1.1}
java.lang.NumberFormatException: For input string: "null"
	at java.base/java.lang.NumberFormatException.forInputString(Unknown Source)
	at java.base/java.lang.Integer.parseInt(Unknown Source)
	at java.base/java.math.BigInteger.<init>(Unknown Source)
	at java.base/java.math.BigInteger.<init>(Unknown Source)
	at org.audiveris.omr.score.PartwiseBuilder.processKey(PartwiseBuilder.java:1738)
	at org.audiveris.omr.score.PartwiseBuilder.processKeys(PartwiseBuilder.java:1791)
	at org.audiveris.omr.score.PartwiseBuilder.processMeasure(PartwiseBuilder.java:2037)
	at org.audiveris.omr.score.PartwiseBuilder.processPart(PartwiseBuilder.java:2659)
	at org.audiveris.omr.score.PartwiseBuilder.processSystem(PartwiseBuilder.java:3159)
	at org.audiveris.omr.score.PartwiseBuilder.processLogicalPart(PartwiseBuilder.java:1870)
	at org.audiveris.omr.score.PartwiseBuilder.processStub(PartwiseBuilder.java:3110)
	at org.audiveris.omr.score.PartwiseBuilder.processPartList(PartwiseBuilder.java:2691)
	at org.audiveris.omr.score.PartwiseBuilder.processScore(PartwiseBuilder.java:2922)
	at org.audiveris.omr.score.PartwiseBuilder.build(PartwiseBuilder.java:3478)
	at org.audiveris.omr.score.ScoreExporter.export(ScoreExporter.java:122)
	at org.audiveris.omr.score.ScoreExporter.export(ScoreExporter.java:163)
	at org.audiveris.omr.sheet.Book.export(Book.java:630)
	at org.audiveris.omr.CLI$ProcessingTask.processBook(CLI.java:897)
	at org.audiveris.omr.CLI$CliTask.call(CLI.java:505)
	at org.audiveris.omr.Main.runBatchTasks(Main.java:358)
	at org.audiveris.omr.Main.main(Main.java:260)
	at Audiveris.main(Audiveris.java:50)
2025-12-26 13:17:02,535 INFO [104_Liszt_Liebestraum_No3_B25-37_page_0]        ScoreExporter.java:164  | Score 104_Liszt_Liebestraum_No3_B25-37_page_0 exported to C:\Users\Elliot\Downloads\Audiveris\scores\104_Liszt_Liebestraum_No3_B25-37_page_0.mxl
2025-12-26 13:17:02,583 INFO [104_Liszt_Liebestraum_No3_B25-37_page_0]                Score.java:181  | Closing {Score 1}
