2025-12-26 13:17:16,885 INFO [106_Liszt_LaCampanella_B22-41_page_0]                 Book.java:560  | 1 sheet in C:\Users\Elliot\Downloads\Audiveris\scores\106_Liszt_LaCampanella_B22-41_page_0.jpg
2025-12-26 13:17:17,029 INFO []                 Book.java:2577 | Stored /book.xml
2025-12-26 13:17:17,030 INFO []                 Book.java:2537 | Book stored as C:\Users\Elliot\Downloads\Audiveris\scores\106_Liszt_LaCampanella_B22-41_page_0.omr
2025-12-26 13:17:17,037 INFO []                 Book.java:1929 | Book reaching PAGE on sheets:[#1]
2025-12-26 13:17:17,045 INFO [106_Liszt_LaCampanella_B22-41_page_0]       StepMonitoring.java:98   | LOAD
2025-12-26 13:17:17,187 INFO [106_Liszt_LaCampanella_B22-41_page_0]            SheetStub.java:1273 | Loaded image #1 1653x2339 from C:\Users\Elliot\Downloads\Audiveris\scores\106_Liszt_LaCampanella_B22-41_page_0.jpg
2025-12-26 13:17:17,191 INFO [106_Liszt_LaCampanella_B22-41_page_0]            ImageUtil.java:124  | Converting max RGB to gray
2025-12-26 13:17:17,342 INFO [106_Liszt_LaCampanella_B22-41_page_0]       StepMonitoring.java:98   | BINARY
2025-12-26 13:17:17,576 INFO [106_Liszt_LaCampanella_B22-41_page_0]       StepMonitoring.java:98   | SCALE
2025-12-26 13:17:17,601 INFO [106_Liszt_LaCampanella_B22-41_page_0]         ScaleBuilder.java:241  | Beam  guessed height:  4 -- 0.50 of 9 interline
2025-12-26 13:17:17,602 INFO [106_Liszt_LaCampanella_B22-41_page_0]         ScaleBuilder.java:264  | Beam measured height:  6 -- 0.50 of [3..9] range at 826% of needed quorum
2025-12-26 13:17:17,602 INFO [106_Liszt_LaCampanella_B22-41_page_0]            ScaleStep.java:65   | Scale{ interline(11,11,12) line(1,1,2) beam(6)}
2025-12-26 13:17:17,603 INFO [106_Liszt_LaCampanella_B22-41_page_0]       StepMonitoring.java:98   | GRID
2025-12-26 13:17:18,106 INFO [106_Liszt_LaCampanella_B22-41_page_0]       LinesRetriever.java:1500 | Global slope: 0.00000
2025-12-26 13:17:18,187 INFO [106_Liszt_LaCampanella_B22-41_page_0]    ClustersRetriever.java:326  | Retrieved raw line clusters: 14 of sizes [5] with interline(11,11,12)
2025-12-26 13:17:18,382 INFO [106_Liszt_LaCampanella_B22-41_page_0]            PeakGraph.java:310  | Systems: #1[1, 2] #2[3, 4] #3[5, 6] #4[7, 8] #5[9, 10] #6[11, 12] #7[13, 14]
2025-12-26 13:17:18,682 INFO [106_Liszt_LaCampanella_B22-41_page_0]        SystemManager.java:779  | 1 part along 7 systems
2025-12-26 13:17:18,683 INFO [106_Liszt_LaCampanella_B22-41_page_0]                 Book.java:543  | Created scores: [{Score 1}]
2025-12-26 13:17:18,684 INFO [106_Liszt_LaCampanella_B22-41_page_0]       StepMonitoring.java:98   | HEADERS
2025-12-26 13:17:18,981 INFO [106_Liszt_LaCampanella_B22-41_page_0]      BasicClassifier.java:286  | Classifier loaded XML norms.
2025-12-26 13:17:18,985 INFO [106_Liszt_LaCampanella_B22-41_page_0]   AbstractClassifier.java:396  | Classifier data loaded from default uri jar:file:/C:/Users/Elliot/Downloads/Audiveris/app/audiveris.jar!/res/basic-classifier.zip
2025-12-26 13:17:19,854 INFO [106_Liszt_LaCampanella_B22-41_page_0]       StepMonitoring.java:98   | STEM_SEEDS
2025-12-26 13:17:19,903 INFO [106_Liszt_LaCampanella_B22-41_page_0]        StemSeedsStep.java:86   | stem(1 max:2)
2025-12-26 13:17:19,970 INFO [106_Liszt_LaCampanella_B22-41_page_0]       StepMonitoring.java:98   | BEAMS
2025-12-26 13:17:21,017 INFO [106_Liszt_LaCampanella_B22-41_page_0]       StepMonitoring.java:98   | LEDGERS
2025-12-26 13:17:21,332 INFO [106_Liszt_LaCampanella_B22-41_page_0]       StepMonitoring.java:98   | HEADS
2025-12-26 13:17:23,597 INFO [106_Liszt_LaCampanella_B22-41_page_0]        HeadSeedTally.java:235  | Scale information: HeadSeeds{NOTEHEAD_BLACK[L:-0.1,R:0.5]}
2025-12-26 13:17:23,597 INFO [106_Liszt_LaCampanella_B22-41_page_0]       StepMonitoring.java:98   | STEMS
2025-12-26 13:17:24,727 INFO [106_Liszt_LaCampanella_B22-41_page_0]       StepMonitoring.java:98   | REDUCTION
2025-12-26 13:17:24,996 INFO [106_Liszt_LaCampanella_B22-41_page_0]        ReductionStep.java:105  | Stems free length median value: 40 pixels, 3.6 interlines
2025-12-26 13:17:25,003 INFO [106_Liszt_LaCampanella_B22-41_page_0]       StepMonitoring.java:98   | CUE_BEAMS
2025-12-26 13:17:25,005 INFO [106_Liszt_LaCampanella_B22-41_page_0]         CueBeamsStep.java:81   | Step CUE_BEAMS is skipped because small heads switch is off
2025-12-26 13:17:25,006 INFO [106_Liszt_LaCampanella_B22-41_page_0]       StepMonitoring.java:98   | TEXTS
2025-12-26 13:17:25,099 WARN [106_Liszt_LaCampanella_B22-41_page_0]         TesseractOCR.java:335  | The collection of supported languages is empty
2025-12-26 13:17:25,100 INFO [106_Liszt_LaCampanella_B22-41_page_0]              OcrUtil.java:106  | Missing support for 'eng' language(s)
2025-12-26 13:17:25,115 INFO [106_Liszt_LaCampanella_B22-41_page_0]       StepMonitoring.java:98   | MEASURES
2025-12-26 13:17:25,129 INFO [106_Liszt_LaCampanella_B22-41_page_0]                 Page.java:307  | 20 raw measures: [3 in system#1, 3 in system#2, 3 in system#3, 3 in system#4, 3 in system#5, 3 in system#6, 2 in system#7]
2025-12-26 13:17:25,129 INFO [106_Liszt_LaCampanella_B22-41_page_0]       StepMonitoring.java:98   | CHORDS
2025-12-26 13:17:25,157 INFO [106_Liszt_LaCampanella_B22-41_page_0]       StepMonitoring.java:98   | CURVES
2025-12-26 13:17:25,960 INFO [106_Liszt_LaCampanella_B22-41_page_0]         SlursBuilder.java:240  | Slurs: 1
2025-12-26 13:17:25,976 INFO [106_Liszt_LaCampanella_B22-41_page_0]      SegmentsBuilder.java:155  | Segments: 3
2025-12-26 13:17:25,982 INFO [106_Liszt_LaCampanella_B22-41_page_0]       StepMonitoring.java:98   | SYMBOLS
2025-12-26 13:17:26,584 INFO [106_Liszt_LaCampanella_B22-41_page_0]       StepMonitoring.java:98   | LINKS
2025-12-26 13:17:26,606 INFO [106_Liszt_LaCampanella_B22-41_page_0]        SymbolsLinker.java:258  | No chord linked to OctaveShiftInter#9685{(0.699) staff:4 OTTAVA BASSA}
2025-12-26 13:17:26,616 INFO [106_Liszt_LaCampanella_B22-41_page_0]        SymbolsLinker.java:258  | No chord linked to OctaveShiftInter#9718{(0.748) staff:6 OTTAVA BASSA}
2025-12-26 13:17:26,666 INFO [106_Liszt_LaCampanella_B22-41_page_0]       StepMonitoring.java:98   | RHYTHMS
2025-12-26 13:17:26,727 INFO [106_Liszt_LaCampanella_B22-41_page_0]        MeasureRhythm.java:1277 | Measure{#7} Time inconsistency in {1/8=[HeadChordInter#8456{(0.948/0.948) staff:5 slot#5 off:1/8 dur:1/16}], 1/4=[HeadChordInter#8488{(0.952/0.952) staff:6 slot#5 off:1/4 dur:1/16}]}
2025-12-26 13:17:26,728 INFO [106_Liszt_LaCampanella_B22-41_page_0]        MeasureRhythm.java:1277 | Measure{#7} Time inconsistency in {3/16=[HeadChordInter#8457{(0.956/0.956) staff:5 slot#6 off:3/16 dur:1/16}], 5/16=[HeadChordInter#8489{(0.947/0.947) staff:6 slot#6 off:5/16 dur:1/16}]}
2025-12-26 13:17:26,730 INFO [106_Liszt_LaCampanella_B22-41_page_0]        MeasureRhythm.java:1277 | Measure{#7} Time inconsistency in {3/8=[HeadChordInter#8462{(0.954/0.954) staff:5 slot#11 off:3/8 dur:1/16}], 1/2=[HeadChordInter#8494{(0.940/0.940) staff:6 slot#11 off:1/2 dur:1/16}]}
2025-12-26 13:17:26,731 INFO [106_Liszt_LaCampanella_B22-41_page_0]        MeasureRhythm.java:1277 | Measure{#7} Time inconsistency in {7/16=[HeadChordInter#8463{(0.946/0.946) staff:5 slot#12 off:7/16 dur:1/16}], 9/16=[HeadChordInter#8495{(0.953/0.953) staff:6 slot#12 off:9/16 dur:1/16}]}
2025-12-26 13:17:26,738 INFO [106_Liszt_LaCampanella_B22-41_page_0]        MeasureRhythm.java:1277 | Measure{#8} Time inconsistency in {1/8=[HeadChordInter#8468{(0.946/0.946) staff:5 slot#5 off:1/8 dur:1/16}], 1/4=[HeadChordInter#8500{(0.950/0.950) staff:6 slot#5 off:1/4 dur:1/16}]}
2025-12-26 13:17:26,739 INFO [106_Liszt_LaCampanella_B22-41_page_0]        MeasureRhythm.java:1277 | Measure{#8} Time inconsistency in {3/16=[HeadChordInter#8469{(0.954/0.954) staff:5 slot#6 off:3/16 dur:1/16}], 5/16=[HeadChordInter#8501{(0.962/0.962) staff:6 slot#6 off:5/16 dur:1/16}]}
2025-12-26 13:17:26,740 INFO [106_Liszt_LaCampanella_B22-41_page_0]        MeasureRhythm.java:1277 | Measure{#8} Time inconsistency in {3/8=[HeadChordInter#8474{(0.954/0.954) staff:5 slot#11 off:3/8 dur:1/16}], 1/2=[HeadChordInter#8506{(0.960/0.960) staff:6 slot#11 off:1/2 dur:1/16}]}
2025-12-26 13:17:26,741 INFO [106_Liszt_LaCampanella_B22-41_page_0]        MeasureRhythm.java:1277 | Measure{#8} Time inconsistency in {7/16=[HeadChordInter#8475{(0.952/0.952) staff:5 slot#12 off:7/16 dur:1/16}], 9/16=[HeadChordInter#8507{(0.945/0.945) staff:6 slot#12 off:9/16 dur:1/16}]}
2025-12-26 13:17:26,758 INFO [106_Liszt_LaCampanella_B22-41_page_0]                Voice.java:257  | Measure{#12} Voice{#6 excess:1/8} too long
2025-12-26 13:17:26,758 INFO [106_Liszt_LaCampanella_B22-41_page_0]                Voice.java:257  | Measure{#12} Voice{#8 excess:1/8} too long
2025-12-26 13:17:26,759 INFO [106_Liszt_LaCampanella_B22-41_page_0]          StackRhythm.java:224  | S4 MeasureStack#12 no correct rhythm
2025-12-26 13:17:26,794 INFO [106_Liszt_LaCampanella_B22-41_page_0]       StepMonitoring.java:98   | PAGE
2025-12-26 13:17:26,801 INFO [106_Liszt_LaCampanella_B22-41_page_0]                Voice.java:257  | Measure{#12} Voice{#6 excess:1/8} too long
2025-12-26 13:17:26,802 INFO [106_Liszt_LaCampanella_B22-41_page_0]                Voice.java:257  | Measure{#12} Voice{#8 excess:1/8} too long
2025-12-26 13:17:26,809 INFO [106_Liszt_LaCampanella_B22-41_page_0]                 Book.java:2596 | Book{106_Liszt_LaCampanella_B22-41_page_0} storing
2025-12-26 13:17:26,858 INFO [106_Liszt_LaCampanella_B22-41_page_0]                 Book.java:2577 | Stored /book.xml
2025-12-26 13:17:26,945 INFO [106_Liszt_LaCampanella_B22-41_page_0]           DataHolder.java:348  | Stored /sheet#1/BINARY.png
2025-12-26 13:17:27,961 INFO [106_Liszt_LaCampanella_B22-41_page_0]                Sheet.java:1583 | Stored /sheet#1/sheet#1.xml
2025-12-26 13:17:27,962 INFO [106_Liszt_LaCampanella_B22-41_page_0]                 Book.java:2537 | Book stored as C:\Users\Elliot\Downloads\Audiveris\scores\106_Liszt_LaCampanella_B22-41_page_0.omr
2025-12-26 13:17:27,967 INFO [106_Liszt_LaCampanella_B22-41_page_0]            SheetStub.java:1660 | Disposed sheet
2025-12-26 13:17:28,000 INFO [106_Liszt_LaCampanella_B22-41_page_0]                 Book.java:2064 | End of Stub#1
2025-12-26 13:17:28,001 INFO [106_Liszt_LaCampanella_B22-41_page_0]                 Book.java:2071 | Book processed.
2025-12-26 13:17:28,723 INFO [106_Liszt_LaCampanella_B22-41_page_0]            SheetStub.java:997  | Loaded /sheet#1/sheet#1.xml
2025-12-26 13:17:29,138 INFO [106_Liszt_LaCampanella_B22-41_page_0]      PartwiseBuilder.java:2688 | Exporting sheet(s): [#1]
2025-12-26 13:17:29,293 INFO [106_Liszt_LaCampanella_B22-41_page_0]        ScoreExporter.java:164  | Score 106_Liszt_LaCampanella_B22-41_page_0 exported to C:\Users\Elliot\Downloads\Audiveris\scores\106_Liszt_LaCampanella_B22-41_page_0.mxl
2025-12-26 13:17:29,350 INFO [106_Liszt_LaCampanella_B22-41_page_0]                Score.java:181  | Closing {Score 1}
