2025-12-26 13:17:31,271 INFO [107_Rachmaninoff_MusicalMoment_Op16-4_B1-9_page_0]                 Book.java:560  | 1 sheet in C:\Users\Elliot\Downloads\Audiveris\scores\107_Rachmaninoff_MusicalMoment_Op16-4_B1-9_page_0.jpg
2025-12-26 13:17:31,387 INFO []                 Book.java:2577 | Stored /book.xml
2025-12-26 13:17:31,388 INFO []                 Book.java:2537 | Book stored as C:\Users\Elliot\Downloads\Audiveris\scores\107_Rachmaninoff_MusicalMoment_Op16-4_B1-9_page_0.omr
2025-12-26 13:17:31,393 INFO []                 Book.java:1929 | Book reaching PAGE on sheets:[#1]
2025-12-26 13:17:31,401 INFO [107_Rachmaninoff_MusicalMoment_Op16-4_B1-9_page_0]       StepMonitoring.java:98   | LOAD
2025-12-26 13:17:31,501 INFO [107_Rachmaninoff_MusicalMoment_Op16-4_B1-9_page_0]            SheetStub.java:1273 | Loaded image #1 1653x2339 from C:\Users\Elliot\Downloads\Audiveris\scores\107_Rachmaninoff_MusicalMoment_Op16-4_B1-9_page_0.jpg
2025-12-26 13:17:31,504 INFO [107_Rachmaninoff_MusicalMoment_Op16-4_B1-9_page_0]            ImageUtil.java:124  | Converting max RGB to gray
2025-12-26 13:17:31,611 INFO [107_Rachmaninoff_MusicalMoment_Op16-4_B1-9_page_0]       StepMonitoring.java:98   | BINARY
2025-12-26 13:17:31,836 INFO [107_Rachmaninoff_MusicalMoment_Op16-4_B1-9_page_0]       StepMonitoring.java:98   | SCALE
2025-12-26 13:17:31,858 INFO [107_Rachmaninoff_MusicalMoment_Op16-4_B1-9_page_0]         ScaleBuilder.java:241  | Beam  guessed height:  6 -- 0.50 of 11 interline
2025-12-26 13:17:31,859 INFO [107_Rachmaninoff_MusicalMoment_Op16-4_B1-9_page_0]         ScaleBuilder.java:264  | Beam measured height:  6 -- 0.29 of [4..11] range at 842% of needed quorum
2025-12-26 13:17:31,860 INFO [107_Rachmaninoff_MusicalMoment_Op16-4_B1-9_page_0]            ScaleStep.java:65   | Scale{ interline(12,13,13) line(1,1,3) beam(6)}
2025-12-26 13:17:31,861 INFO [107_Rachmaninoff_MusicalMoment_Op16-4_B1-9_page_0]       StepMonitoring.java:98   | GRID
2025-12-26 13:17:32,370 INFO [107_Rachmaninoff_MusicalMoment_Op16-4_B1-9_page_0]       LinesRetriever.java:1500 | Global slope: 0.00000
2025-12-26 13:17:32,428 INFO [107_Rachmaninoff_MusicalMoment_Op16-4_B1-9_page_0]    ClustersRetriever.java:326  | Retrieved raw line clusters: 10 of sizes [5] with interline(12,13,13)
2025-12-26 13:17:32,560 INFO [107_Rachmaninoff_MusicalMoment_Op16-4_B1-9_page_0]            PeakGraph.java:310  | Systems: #1[1, 2] #2[3, 4] #3[5, 6] #4[7, 8] #5[9, 10]
2025-12-26 13:17:32,876 INFO [107_Rachmaninoff_MusicalMoment_Op16-4_B1-9_page_0]        SystemManager.java:779  | 1 part along 5 systems
2025-12-26 13:17:32,877 INFO [107_Rachmaninoff_MusicalMoment_Op16-4_B1-9_page_0]                 Book.java:543  | Created scores: [{Score 1}]
2025-12-26 13:17:32,878 INFO [107_Rachmaninoff_MusicalMoment_Op16-4_B1-9_page_0]       StepMonitoring.java:98   | HEADERS
2025-12-26 13:17:33,201 INFO [107_Rachmaninoff_MusicalMoment_Op16-4_B1-9_page_0]      BasicClassifier.java:286  | Classifier loaded XML norms.
2025-12-26 13:17:33,204 INFO [107_Rachmaninoff_MusicalMoment_Op16-4_B1-9_page_0]   AbstractClassifier.java:396  | Classifier data loaded from default uri jar:file:/C:/Users/Elliot/Downloads/Audiveris/app/audiveris.jar!/res/basic-classifier.zip
2025-12-26 13:17:33,927 INFO [107_Rachmaninoff_MusicalMoment_Op16-4_B1-9_page_0]       StepMonitoring.java:98   | STEM_SEEDS
2025-12-26 13:17:33,961 INFO [107_Rachmaninoff_MusicalMoment_Op16-4_B1-9_page_0]        StemSeedsStep.java:86   | stem(1 max:2)
2025-12-26 13:17:34,013 INFO [107_Rachmaninoff_MusicalMoment_Op16-4_B1-9_page_0]       StepMonitoring.java:98   | BEAMS
2025-12-26 13:17:35,075 INFO [107_Rachmaninoff_MusicalMoment_Op16-4_B1-9_page_0]       StepMonitoring.java:98   | LEDGERS
2025-12-26 13:17:35,235 INFO [107_Rachmaninoff_MusicalMoment_Op16-4_B1-9_page_0]       StepMonitoring.java:98   | HEADS
2025-12-26 13:17:37,272 INFO [107_Rachmaninoff_MusicalMoment_Op16-4_B1-9_page_0]        HeadSeedTally.java:235  | Scale information: HeadSeeds{NOTEHEAD_BLACK[L:-0.3,R:0.5]}
2025-12-26 13:17:37,273 INFO [107_Rachmaninoff_MusicalMoment_Op16-4_B1-9_page_0]       StepMonitoring.java:98   | STEMS
2025-12-26 13:17:38,169 INFO [107_Rachmaninoff_MusicalMoment_Op16-4_B1-9_page_0]       StepMonitoring.java:98   | REDUCTION
2025-12-26 13:17:38,347 INFO [107_Rachmaninoff_MusicalMoment_Op16-4_B1-9_page_0]        ReductionStep.java:105  | Stems free length median value: 44 pixels, 3.4 interlines
2025-12-26 13:17:38,354 INFO [107_Rachmaninoff_MusicalMoment_Op16-4_B1-9_page_0]       StepMonitoring.java:98   | CUE_BEAMS
2025-12-26 13:17:38,354 INFO [107_Rachmaninoff_MusicalMoment_Op16-4_B1-9_page_0]         CueBeamsStep.java:81   | Step CUE_BEAMS is skipped because small heads switch is off
2025-12-26 13:17:38,354 INFO [107_Rachmaninoff_MusicalMoment_Op16-4_B1-9_page_0]       StepMonitoring.java:98   | TEXTS
2025-12-26 13:17:38,451 WARN [107_Rachmaninoff_MusicalMoment_Op16-4_B1-9_page_0]         TesseractOCR.java:335  | The collection of supported languages is empty
2025-12-26 13:17:38,452 INFO [107_Rachmaninoff_MusicalMoment_Op16-4_B1-9_page_0]              OcrUtil.java:106  | Missing support for 'eng' language(s)
2025-12-26 13:17:38,462 INFO [107_Rachmaninoff_MusicalMoment_Op16-4_B1-9_page_0]       StepMonitoring.java:98   | MEASURES
2025-12-26 13:17:38,472 INFO [107_Rachmaninoff_MusicalMoment_Op16-4_B1-9_page_0]                 Page.java:307  | 9 raw measures: [2 in system#1, 2 in system#2, 2 in system#3, 2 in system#4, 1 in system#5]
2025-12-26 13:17:38,473 INFO [107_Rachmaninoff_MusicalMoment_Op16-4_B1-9_page_0]       StepMonitoring.java:98   | CHORDS
2025-12-26 13:17:38,498 INFO [107_Rachmaninoff_MusicalMoment_Op16-4_B1-9_page_0]       StepMonitoring.java:98   | CURVES
2025-12-26 13:17:39,426 INFO [107_Rachmaninoff_MusicalMoment_Op16-4_B1-9_page_0]         SlursBuilder.java:240  | Slurs: 18
2025-12-26 13:17:39,469 INFO [107_Rachmaninoff_MusicalMoment_Op16-4_B1-9_page_0]      SegmentsBuilder.java:155  | Segments: 35
2025-12-26 13:17:39,485 INFO [107_Rachmaninoff_MusicalMoment_Op16-4_B1-9_page_0]       StepMonitoring.java:98   | SYMBOLS
2025-12-26 13:17:40,155 INFO [107_Rachmaninoff_MusicalMoment_Op16-4_B1-9_page_0]       StepMonitoring.java:98   | LINKS
2025-12-26 13:17:40,229 INFO [107_Rachmaninoff_MusicalMoment_Op16-4_B1-9_page_0]       StepMonitoring.java:98   | RHYTHMS
2025-12-26 13:17:40,262 INFO [107_Rachmaninoff_MusicalMoment_Op16-4_B1-9_page_0]        MeasureRhythm.java:1045 | Measure{#1} No timeOffset for HeadChordInter#5847{(0.948/0.948) staff:2 slot#19 dur:1/8}
2025-12-26 13:17:40,263 INFO [107_Rachmaninoff_MusicalMoment_Op16-4_B1-9_page_0]                Voice.java:257  | Measure{#1} Voice{#5 excess:1/8} too long
2025-12-26 13:17:40,264 INFO [107_Rachmaninoff_MusicalMoment_Op16-4_B1-9_page_0]          StackRhythm.java:224  | S1 MeasureStack#1 no correct rhythm
2025-12-26 13:17:40,271 INFO [107_Rachmaninoff_MusicalMoment_Op16-4_B1-9_page_0]        MeasureRhythm.java:1045 | Measure{#2} No timeOffset for RestChordInter#6756{(0.799/0.799) staff:1 slot#19 dur:3/16}
2025-12-26 13:17:40,272 INFO [107_Rachmaninoff_MusicalMoment_Op16-4_B1-9_page_0]        MeasureRhythm.java:1045 | Measure{#2} No timeOffset for HeadChordInter#5871{(0.952/0.952) staff:2 slot#19 dur:1/16}
2025-12-26 13:17:40,273 INFO [107_Rachmaninoff_MusicalMoment_Op16-4_B1-9_page_0]   AbstractChordInter.java:627  | Measure{#2} No timeOffset for RestChordInter#6756{(0.799/0.799) staff:1 slot#19 dur:3/16}
2025-12-26 13:17:40,274 INFO [107_Rachmaninoff_MusicalMoment_Op16-4_B1-9_page_0]   AbstractChordInter.java:627  | Measure{#2} No timeOffset for HeadChordInter#5876{(0.947/0.947) staff:2 slot#24 dur:1/16}
2025-12-26 13:17:40,275 INFO [107_Rachmaninoff_MusicalMoment_Op16-4_B1-9_page_0]                Voice.java:257  | Measure{#2} Voice{#5 excess:1/8} too long
2025-12-26 13:17:40,276 INFO [107_Rachmaninoff_MusicalMoment_Op16-4_B1-9_page_0]          StackRhythm.java:224  | S1 MeasureStack#2 no correct rhythm
2025-12-26 13:17:40,286 INFO [107_Rachmaninoff_MusicalMoment_Op16-4_B1-9_page_0]        MeasureRhythm.java:1045 | Measure{#3} No timeOffset for HeadChordInter#5899{(0.956/0.956) staff:4 slot#19 dur:1/16}
2025-12-26 13:17:40,287 INFO [107_Rachmaninoff_MusicalMoment_Op16-4_B1-9_page_0]   AbstractChordInter.java:627  | Measure{#3} No timeOffset for HeadChordInter#5904{(0.948/0.948) staff:4 slot#24 dur:1/16}
2025-12-26 13:17:40,287 INFO [107_Rachmaninoff_MusicalMoment_Op16-4_B1-9_page_0]        MeasureRhythm.java:1045 | Measure{#3} No timeOffset for RestChordInter#6815{(0.799/0.799) staff:3 slot#22 dur:1/16}
2025-12-26 13:17:40,288 INFO [107_Rachmaninoff_MusicalMoment_Op16-4_B1-9_page_0]   AbstractChordInter.java:627  | Measure{#3} No timeOffset for HeadChordInter#5904{(0.948/0.948) staff:4 slot#24 dur:1/16}
2025-12-26 13:17:40,289 INFO [107_Rachmaninoff_MusicalMoment_Op16-4_B1-9_page_0]   AbstractChordInter.java:627  | Measure{#3} No timeOffset for RestChordInter#6815{(0.799/0.799) staff:3 slot#22 dur:1/16}
2025-12-26 13:17:40,289 INFO [107_Rachmaninoff_MusicalMoment_Op16-4_B1-9_page_0]                Voice.java:257  | Measure{#3} Voice{#5 excess:1/8} too long
2025-12-26 13:17:40,290 INFO [107_Rachmaninoff_MusicalMoment_Op16-4_B1-9_page_0]          StackRhythm.java:224  | S2 MeasureStack#3 no correct rhythm
2025-12-26 13:17:40,302 INFO [107_Rachmaninoff_MusicalMoment_Op16-4_B1-9_page_0]        MeasureRhythm.java:1045 | Measure{#4} No timeOffset for HeadChordInter#5923{(0.942/0.942) staff:4 slot#19 dur:1/16}
2025-12-26 13:17:40,303 INFO [107_Rachmaninoff_MusicalMoment_Op16-4_B1-9_page_0]   AbstractChordInter.java:627  | Measure{#4} No timeOffset for HeadChordInter#5928{(0.951/0.951) staff:4 slot#24 dur:1/16}
2025-12-26 13:17:40,303 INFO [107_Rachmaninoff_MusicalMoment_Op16-4_B1-9_page_0]        MeasureRhythm.java:1045 | Measure{#4} No timeOffset for RestChordInter#6817{(0.798/0.798) staff:3 slot#22 dur:1/16}
2025-12-26 13:17:40,303 INFO [107_Rachmaninoff_MusicalMoment_Op16-4_B1-9_page_0]   AbstractChordInter.java:627  | Measure{#4} No timeOffset for HeadChordInter#5928{(0.951/0.951) staff:4 slot#24 dur:1/16}
2025-12-26 13:17:40,304 INFO [107_Rachmaninoff_MusicalMoment_Op16-4_B1-9_page_0]   AbstractChordInter.java:627  | Measure{#4} No timeOffset for RestChordInter#6817{(0.798/0.798) staff:3 slot#22 dur:1/16}
2025-12-26 13:17:40,304 INFO [107_Rachmaninoff_MusicalMoment_Op16-4_B1-9_page_0]                Voice.java:257  | Measure{#4} Voice{#5 excess:1/8} too long
2025-12-26 13:17:40,305 INFO [107_Rachmaninoff_MusicalMoment_Op16-4_B1-9_page_0]          StackRhythm.java:224  | S2 MeasureStack#4 no correct rhythm
2025-12-26 13:17:40,312 INFO [107_Rachmaninoff_MusicalMoment_Op16-4_B1-9_page_0]        MeasureRhythm.java:1045 | Measure{#5} No timeOffset for HeadChordInter#5932{(0.962/0.962) staff:5 slot#19 dur:1/12}
2025-12-26 13:17:40,315 INFO [107_Rachmaninoff_MusicalMoment_Op16-4_B1-9_page_0]        MeasureRhythm.java:1045 | Measure{#5} No timeOffset for HeadChordInter#5956{(0.957/0.957) staff:6 slot#19 dur:1/16}
2025-12-26 13:17:40,315 INFO [107_Rachmaninoff_MusicalMoment_Op16-4_B1-9_page_0]                Voice.java:257  | Measure{#5} Voice{#6 excess:1/16} too long
2025-12-26 13:17:40,315 INFO [107_Rachmaninoff_MusicalMoment_Op16-4_B1-9_page_0]          StackRhythm.java:224  | S3 MeasureStack#5 no correct rhythm
2025-12-26 13:17:40,321 INFO [107_Rachmaninoff_MusicalMoment_Op16-4_B1-9_page_0]                Voice.java:257  | Measure{#6} Voice{#7 excess:3/16} too long
2025-12-26 13:17:40,321 INFO [107_Rachmaninoff_MusicalMoment_Op16-4_B1-9_page_0]                Voice.java:257  | Measure{#6} Voice{#3 excess:1/8} too long
2025-12-26 13:17:40,322 INFO [107_Rachmaninoff_MusicalMoment_Op16-4_B1-9_page_0]          StackRhythm.java:224  | S3 MeasureStack#6 no correct rhythm
2025-12-26 13:17:40,338 INFO [107_Rachmaninoff_MusicalMoment_Op16-4_B1-9_page_0]        MeasureRhythm.java:1045 | Measure{#7} No timeOffset for HeadChordInter#6026{(0.961/0.961) staff:8 slot#19 dur:1/16}
2025-12-26 13:17:40,338 INFO [107_Rachmaninoff_MusicalMoment_Op16-4_B1-9_page_0]   AbstractChordInter.java:627  | Measure{#7} No timeOffset for HeadChordInter#6031{(0.945/0.945) staff:8 slot#24 dur:1/16}
2025-12-26 13:17:40,339 INFO [107_Rachmaninoff_MusicalMoment_Op16-4_B1-9_page_0]        MeasureRhythm.java:1045 | Measure{#7} No timeOffset for HeadChordInter#5989{(0.924/0.924) staff:7 slot#23 dur:1/16}
2025-12-26 13:17:40,339 INFO [107_Rachmaninoff_MusicalMoment_Op16-4_B1-9_page_0]                Voice.java:257  | Measure{#7} Voice{#2 excess:1/16} too long
2025-12-26 13:17:40,341 INFO [107_Rachmaninoff_MusicalMoment_Op16-4_B1-9_page_0]                Voice.java:257  | Measure{#7} Voice{#3 excess:1/8} too long
2025-12-26 13:17:40,342 INFO [107_Rachmaninoff_MusicalMoment_Op16-4_B1-9_page_0]          StackRhythm.java:224  | S4 MeasureStack#7 no correct rhythm
2025-12-26 13:17:40,356 INFO [107_Rachmaninoff_MusicalMoment_Op16-4_B1-9_page_0]        MeasureRhythm.java:1045 | Measure{#8} No timeOffset for HeadChordInter#6002{(0.949/0.949) staff:7 slot#19 dur:1/16}
2025-12-26 13:17:40,358 INFO [107_Rachmaninoff_MusicalMoment_Op16-4_B1-9_page_0]        MeasureRhythm.java:1045 | Measure{#8} No timeOffset for HeadChordInter#6050{(0.955/0.955) staff:8 slot#19 dur:1/16}
2025-12-26 13:17:40,359 INFO [107_Rachmaninoff_MusicalMoment_Op16-4_B1-9_page_0]                Voice.java:257  | Measure{#8} Voice{#5 excess:1/8} too long
2025-12-26 13:17:40,359 INFO [107_Rachmaninoff_MusicalMoment_Op16-4_B1-9_page_0]                Voice.java:257  | Measure{#8} Voice{#2 excess:1/8} too long
2025-12-26 13:17:40,360 INFO [107_Rachmaninoff_MusicalMoment_Op16-4_B1-9_page_0]          StackRhythm.java:224  | S4 MeasureStack#8 no correct rhythm
2025-12-26 13:17:40,371 INFO [107_Rachmaninoff_MusicalMoment_Op16-4_B1-9_page_0]        MeasureRhythm.java:1045 | Measure{#9} No timeOffset for HeadChordInter#6074{(0.945/0.945) staff:9 slot#19 dur:1/16}
2025-12-26 13:17:40,372 INFO [107_Rachmaninoff_MusicalMoment_Op16-4_B1-9_page_0]        MeasureRhythm.java:1045 | Measure{#9} No timeOffset for HeadChordInter#6098{(0.951/0.951) staff:10 slot#19 dur:1/16}
2025-12-26 13:17:40,372 INFO [107_Rachmaninoff_MusicalMoment_Op16-4_B1-9_page_0]                Voice.java:257  | Measure{#9} Voice{#1 excess:1/8} too long
2025-12-26 13:17:40,372 INFO [107_Rachmaninoff_MusicalMoment_Op16-4_B1-9_page_0]                Voice.java:257  | Measure{#9} Voice{#5 excess:1/8} too long
2025-12-26 13:17:40,373 INFO [107_Rachmaninoff_MusicalMoment_Op16-4_B1-9_page_0]          StackRhythm.java:224  | S5 MeasureStack#9 no correct rhythm
2025-12-26 13:17:40,373 INFO [107_Rachmaninoff_MusicalMoment_Op16-4_B1-9_page_0]       StepMonitoring.java:98   | PAGE
2025-12-26 13:17:40,380 INFO [107_Rachmaninoff_MusicalMoment_Op16-4_B1-9_page_0]                Voice.java:257  | Measure{#1} Voice{#5 excess:1/8} too long
2025-12-26 13:17:40,381 INFO [107_Rachmaninoff_MusicalMoment_Op16-4_B1-9_page_0]                Voice.java:257  | Measure{#2} Voice{#5 excess:1/8} too long
2025-12-26 13:17:40,382 INFO [107_Rachmaninoff_MusicalMoment_Op16-4_B1-9_page_0]                Voice.java:257  | Measure{#3} Voice{#5 excess:1/8} too long
2025-12-26 13:17:40,382 INFO [107_Rachmaninoff_MusicalMoment_Op16-4_B1-9_page_0]                Voice.java:257  | Measure{#4} Voice{#5 excess:1/8} too long
2025-12-26 13:17:40,382 INFO [107_Rachmaninoff_MusicalMoment_Op16-4_B1-9_page_0]                Voice.java:257  | Measure{#5} Voice{#6 excess:1/16} too long
2025-12-26 13:17:40,382 INFO [107_Rachmaninoff_MusicalMoment_Op16-4_B1-9_page_0]                Voice.java:257  | Measure{#6} Voice{#3 excess:1/8} too long
2025-12-26 13:17:40,382 INFO [107_Rachmaninoff_MusicalMoment_Op16-4_B1-9_page_0]                Voice.java:257  | Measure{#6} Voice{#7 excess:3/16} too long
2025-12-26 13:17:40,382 INFO [107_Rachmaninoff_MusicalMoment_Op16-4_B1-9_page_0]                Voice.java:257  | Measure{#7} Voice{#2 excess:1/16} too long
2025-12-26 13:17:40,384 INFO [107_Rachmaninoff_MusicalMoment_Op16-4_B1-9_page_0]                Voice.java:257  | Measure{#7} Voice{#3 excess:1/8} too long
2025-12-26 13:17:40,384 INFO [107_Rachmaninoff_MusicalMoment_Op16-4_B1-9_page_0]                Voice.java:257  | Measure{#8} Voice{#2 excess:1/8} too long
2025-12-26 13:17:40,384 INFO [107_Rachmaninoff_MusicalMoment_Op16-4_B1-9_page_0]                Voice.java:257  | Measure{#8} Voice{#5 excess:1/8} too long
2025-12-26 13:17:40,384 INFO [107_Rachmaninoff_MusicalMoment_Op16-4_B1-9_page_0]                Voice.java:257  | Measure{#9} Voice{#1 excess:1/8} too long
2025-12-26 13:17:40,384 INFO [107_Rachmaninoff_MusicalMoment_Op16-4_B1-9_page_0]                Voice.java:257  | Measure{#9} Voice{#5 excess:1/8} too long
2025-12-26 13:17:40,388 INFO [107_Rachmaninoff_MusicalMoment_Op16-4_B1-9_page_0]                 Book.java:2596 | Book{107_Rachmaninoff_MusicalMoment_Op16-4_B1-9_page_0} storing
2025-12-26 13:17:40,435 INFO [107_Rachmaninoff_MusicalMoment_Op16-4_B1-9_page_0]                 Book.java:2577 | Stored /book.xml
2025-12-26 13:17:40,510 INFO [107_Rachmaninoff_MusicalMoment_Op16-4_B1-9_page_0]           DataHolder.java:348  | Stored /sheet#1/BINARY.png
2025-12-26 13:17:41,430 INFO [107_Rachmaninoff_MusicalMoment_Op16-4_B1-9_page_0]                Sheet.java:1583 | Stored /sheet#1/sheet#1.xml
2025-12-26 13:17:41,431 INFO [107_Rachmaninoff_MusicalMoment_Op16-4_B1-9_page_0]                 Book.java:2537 | Book stored as C:\Users\Elliot\Downloads\Audiveris\scores\107_Rachmaninoff_MusicalMoment_Op16-4_B1-9_page_0.omr
2025-12-26 13:17:41,435 INFO [107_Rachmaninoff_MusicalMoment_Op16-4_B1-9_page_0]            SheetStub.java:1660 | Disposed sheet
2025-12-26 13:17:41,469 INFO [107_Rachmaninoff_MusicalMoment_Op16-4_B1-9_page_0]                 Book.java:2064 | End of Stub#1
2025-12-26 13:17:41,469 INFO [107_Rachmaninoff_MusicalMoment_Op16-4_B1-9_page_0]                 Book.java:2071 | Book processed.
2025-12-26 13:17:41,929 INFO [107_Rachmaninoff_MusicalMoment_Op16-4_B1-9_page_0]            SheetStub.java:997  | Loaded /sheet#1/sheet#1.xml
2025-12-26 13:17:42,306 INFO [107_Rachmaninoff_MusicalMoment_Op16-4_B1-9_page_0]      PartwiseBuilder.java:2688 | Exporting sheet(s): [#1]
2025-12-26 13:17:42,420 INFO [107_Rachmaninoff_MusicalMoment_Op16-4_B1-9_page_0]        ScoreExporter.java:164  | Score 107_Rachmaninoff_MusicalMoment_Op16-4_B1-9_page_0 exported to C:\Users\Elliot\Downloads\Audiveris\scores\107_Rachmaninoff_MusicalMoment_Op16-4_B1-9_page_0.mxl
2025-12-26 13:17:42,472 INFO [107_Rachmaninoff_MusicalMoment_Op16-4_B1-9_page_0]                Score.java:181  | Closing {Score 1}
