2025-12-26 13:17:44,159 INFO [108_Rachmaninoff_Prelude_Op3-2_B0-8_page_0]                 Book.java:560  | 1 sheet in C:\Users\Elliot\Downloads\Audiveris\scores\108_Rachmaninoff_Prelude_Op3-2_B0-8_page_0.jpg
2025-12-26 13:17:44,267 INFO []                 Book.java:2577 | Stored /book.xml
2025-12-26 13:17:44,268 INFO []                 Book.java:2537 | Book stored as C:\Users\Elliot\Downloads\Audiveris\scores\108_Rachmaninoff_Prelude_Op3-2_B0-8_page_0.omr
2025-12-26 13:17:44,274 INFO []                 Book.java:1929 | Book reaching PAGE on sheets:[#1]
2025-12-26 13:17:44,278 INFO [108_Rachmaninoff_Prelude_Op3-2_B0-8_page_0]       StepMonitoring.java:98   | LOAD
2025-12-26 13:17:44,368 INFO [108_Rachmaninoff_Prelude_Op3-2_B0-8_page_0]            SheetStub.java:1273 | Loaded image #1 1653x2339 from C:\Users\Elliot\Downloads\Audiveris\scores\108_Rachmaninoff_Prelude_Op3-2_B0-8_page_0.jpg
2025-12-26 13:17:44,372 INFO [108_Rachmaninoff_Prelude_Op3-2_B0-8_page_0]            ImageUtil.java:124  | Converting max RGB to gray
2025-12-26 13:17:44,491 INFO [108_Rachmaninoff_Prelude_Op3-2_B0-8_page_0]       StepMonitoring.java:98   | BINARY
2025-12-26 13:17:44,753 INFO [108_Rachmaninoff_Prelude_Op3-2_B0-8_page_0]       StepMonitoring.java:98   | SCALE
2025-12-26 13:17:44,789 INFO [108_Rachmaninoff_Prelude_Op3-2_B0-8_page_0]         ScaleBuilder.java:241  | Beam  guessed height:  6 -- 0.50 of 11 interline
2025-12-26 13:17:44,791 INFO [108_Rachmaninoff_Prelude_Op3-2_B0-8_page_0]         ScaleBuilder.java:264  | Beam measured height:  7 -- 0.43 of [4..11] range at 376% of needed quorum
2025-12-26 13:17:44,791 INFO [108_Rachmaninoff_Prelude_Op3-2_B0-8_page_0]            ScaleStep.java:65   | Scale{ interline(12,13,13) line(1,1,3) beam(7)}
2025-12-26 13:17:44,792 INFO [108_Rachmaninoff_Prelude_Op3-2_B0-8_page_0]       StepMonitoring.java:98   | GRID
2025-12-26 13:17:45,156 INFO [108_Rachmaninoff_Prelude_Op3-2_B0-8_page_0]       LinesRetriever.java:1500 | Global slope: 0.00000
2025-12-26 13:17:45,227 INFO [108_Rachmaninoff_Prelude_Op3-2_B0-8_page_0]    ClustersRetriever.java:326  | Retrieved raw line clusters: 8 of sizes [5] with interline(12,13,13)
2025-12-26 13:17:45,399 INFO [108_Rachmaninoff_Prelude_Op3-2_B0-8_page_0]            PeakGraph.java:310  | Systems: #1[1, 2] #2[3, 4] #3[5, 6] #4[7, 8]
2025-12-26 13:17:45,600 INFO [108_Rachmaninoff_Prelude_Op3-2_B0-8_page_0]        SystemManager.java:134  | Indentation detected for system #1
2025-12-26 13:17:45,602 INFO [108_Rachmaninoff_Prelude_Op3-2_B0-8_page_0]        SystemManager.java:779  | 1 part along 4 systems
2025-12-26 13:17:45,603 INFO [108_Rachmaninoff_Prelude_Op3-2_B0-8_page_0]                 Book.java:543  | Created scores: [{Score 1}]
2025-12-26 13:17:45,604 INFO [108_Rachmaninoff_Prelude_Op3-2_B0-8_page_0]       StepMonitoring.java:98   | HEADERS
2025-12-26 13:17:45,928 INFO []      BasicClassifier.java:286  | Classifier loaded XML norms.
2025-12-26 13:17:45,933 INFO []   AbstractClassifier.java:396  | Classifier data loaded from default uri jar:file:/C:/Users/Elliot/Downloads/Audiveris/app/audiveris.jar!/res/basic-classifier.zip
2025-12-26 13:17:46,760 INFO [108_Rachmaninoff_Prelude_Op3-2_B0-8_page_0]       StepMonitoring.java:98   | STEM_SEEDS
2025-12-26 13:17:46,790 INFO [108_Rachmaninoff_Prelude_Op3-2_B0-8_page_0]        StemSeedsStep.java:86   | stem(2 max:3)
2025-12-26 13:17:46,839 INFO [108_Rachmaninoff_Prelude_Op3-2_B0-8_page_0]       StepMonitoring.java:98   | BEAMS
2025-12-26 13:17:47,998 INFO [108_Rachmaninoff_Prelude_Op3-2_B0-8_page_0]       StepMonitoring.java:98   | LEDGERS
2025-12-26 13:17:48,200 INFO [108_Rachmaninoff_Prelude_Op3-2_B0-8_page_0]       StepMonitoring.java:98   | HEADS
2025-12-26 13:17:50,116 INFO [108_Rachmaninoff_Prelude_Op3-2_B0-8_page_0]        HeadSeedTally.java:235  | Scale information: HeadSeeds{NOTEHEAD_BLACK[L:-0.5,R:0.5]}
2025-12-26 13:17:50,117 INFO [108_Rachmaninoff_Prelude_Op3-2_B0-8_page_0]       StepMonitoring.java:98   | STEMS
2025-12-26 13:17:51,043 INFO [108_Rachmaninoff_Prelude_Op3-2_B0-8_page_0]       StepMonitoring.java:98   | REDUCTION
2025-12-26 13:17:51,316 INFO [108_Rachmaninoff_Prelude_Op3-2_B0-8_page_0]        ReductionStep.java:105  | Stems free length median value: 44 pixels, 3.4 interlines
2025-12-26 13:17:51,321 INFO [108_Rachmaninoff_Prelude_Op3-2_B0-8_page_0]       StepMonitoring.java:98   | CUE_BEAMS
2025-12-26 13:17:51,322 INFO [108_Rachmaninoff_Prelude_Op3-2_B0-8_page_0]         CueBeamsStep.java:81   | Step CUE_BEAMS is skipped because small heads switch is off
2025-12-26 13:17:51,322 INFO [108_Rachmaninoff_Prelude_Op3-2_B0-8_page_0]       StepMonitoring.java:98   | TEXTS
2025-12-26 13:17:51,414 WARN [108_Rachmaninoff_Prelude_Op3-2_B0-8_page_0]         TesseractOCR.java:335  | The collection of supported languages is empty
2025-12-26 13:17:51,415 INFO [108_Rachmaninoff_Prelude_Op3-2_B0-8_page_0]              OcrUtil.java:106  | Missing support for 'eng' language(s)
2025-12-26 13:17:51,426 INFO [108_Rachmaninoff_Prelude_Op3-2_B0-8_page_0]       StepMonitoring.java:98   | MEASURES
2025-12-26 13:17:51,435 INFO [108_Rachmaninoff_Prelude_Op3-2_B0-8_page_0]                 Page.java:307  | 9 raw measures: [3 in system#1, 2 in system#2, 2 in system#3, 2 in system#4]
2025-12-26 13:17:51,436 INFO [108_Rachmaninoff_Prelude_Op3-2_B0-8_page_0]       StepMonitoring.java:98   | CHORDS
2025-12-26 13:17:51,452 INFO [108_Rachmaninoff_Prelude_Op3-2_B0-8_page_0]       StepMonitoring.java:98   | CURVES
2025-12-26 13:17:52,038 INFO [108_Rachmaninoff_Prelude_Op3-2_B0-8_page_0]         SlursBuilder.java:240  | Slurs: 23
2025-12-26 13:17:52,085 INFO [108_Rachmaninoff_Prelude_Op3-2_B0-8_page_0]      SegmentsBuilder.java:155  | Segments: 96
2025-12-26 13:17:52,092 INFO [108_Rachmaninoff_Prelude_Op3-2_B0-8_page_0]       StepMonitoring.java:98   | SYMBOLS
2025-12-26 13:17:52,823 INFO [108_Rachmaninoff_Prelude_Op3-2_B0-8_page_0]       StepMonitoring.java:98   | LINKS
2025-12-26 13:17:52,828 INFO [108_Rachmaninoff_Prelude_Op3-2_B0-8_page_0]        SymbolsLinker.java:258  | No chord linked to OctaveShiftInter#6908{(0.139) staff:1 OTTAVA ALTA}
2025-12-26 13:17:52,881 INFO [108_Rachmaninoff_Prelude_Op3-2_B0-8_page_0]       StepMonitoring.java:98   | RHYTHMS
2025-12-26 13:17:52,987 INFO [108_Rachmaninoff_Prelude_Op3-2_B0-8_page_0]       StepMonitoring.java:98   | PAGE
2025-12-26 13:17:52,997 INFO [108_Rachmaninoff_Prelude_Op3-2_B0-8_page_0]                 Book.java:2596 | Book{108_Rachmaninoff_Prelude_Op3-2_B0-8_page_0} storing
2025-12-26 13:17:53,046 INFO [108_Rachmaninoff_Prelude_Op3-2_B0-8_page_0]                 Book.java:2577 | Stored /book.xml
2025-12-26 13:17:53,128 INFO [108_Rachmaninoff_Prelude_Op3-2_B0-8_page_0]           DataHolder.java:348  | Stored /sheet#1/BINARY.png
2025-12-26 13:17:53,844 INFO [108_Rachmaninoff_Prelude_Op3-2_B0-8_page_0]                Sheet.java:1583 | Stored /sheet#1/sheet#1.xml
2025-12-26 13:17:53,845 INFO [108_Rachmaninoff_Prelude_Op3-2_B0-8_page_0]                 Book.java:2537 | Book stored as C:\Users\Elliot\Downloads\Audiveris\scores\108_Rachmaninoff_Prelude_Op3-2_B0-8_page_0.omr
2025-12-26 13:17:53,849 INFO [108_Rachmaninoff_Prelude_Op3-2_B0-8_page_0]            SheetStub.java:1660 | Disposed sheet
2025-12-26 13:17:53,884 INFO [108_Rachmaninoff_Prelude_Op3-2_B0-8_page_0]                 Book.java:2064 | End of Stub#1
2025-12-26 13:17:53,941 INFO [108_Rachmaninoff_Prelude_Op3-2_B0-8_page_0]                 Book.java:2071 | Book processed.
2025-12-26 13:17:54,266 INFO [108_Rachmaninoff_Prelude_Op3-2_B0-8_page_0]            SheetStub.java:997  | Loaded /sheet#1/sheet#1.xml
2025-12-26 13:17:54,632 INFO [108_Rachmaninoff_Prelude_Op3-2_B0-8_page_0]      PartwiseBuilder.java:2688 | Exporting sheet(s): [#1]
2025-12-26 13:17:54,773 INFO [108_Rachmaninoff_Prelude_Op3-2_B0-8_page_0]        ScoreExporter.java:164  | Score 108_Rachmaninoff_Prelude_Op3-2_B0-8_page_0 exported to C:\Users\Elliot\Downloads\Audiveris\scores\108_Rachmaninoff_Prelude_Op3-2_B0-8_page_0.mxl
2025-12-26 13:17:54,817 INFO [108_Rachmaninoff_Prelude_Op3-2_B0-8_page_0]                Score.java:181  | Closing {Score 1}
