2025-12-26 13:18:10,426 INFO [110_Rachmaninoff_Prelude_Op23-9_B1-11_page_0]                 Book.java:560  | 1 sheet in C:\Users\Elliot\Downloads\Audiveris\scores\110_Rachmaninoff_Prelude_Op23-9_B1-11_page_0.jpg
2025-12-26 13:18:10,531 INFO []                 Book.java:2577 | Stored /book.xml
2025-12-26 13:18:10,532 INFO []                 Book.java:2537 | Book stored as C:\Users\Elliot\Downloads\Audiveris\scores\110_Rachmaninoff_Prelude_Op23-9_B1-11_page_0.omr
2025-12-26 13:18:10,537 INFO []                 Book.java:1929 | Book reaching PAGE on sheets:[#1]
2025-12-26 13:18:10,544 INFO [110_Rachmaninoff_Prelude_Op23-9_B1-11_page_0]       StepMonitoring.java:98   | LOAD
2025-12-26 13:18:10,639 INFO [110_Rachmaninoff_Prelude_Op23-9_B1-11_page_0]            SheetStub.java:1273 | Loaded image #1 1653x2339 from C:\Users\Elliot\Downloads\Audiveris\scores\110_Rachmaninoff_Prelude_Op23-9_B1-11_page_0.jpg
2025-12-26 13:18:10,641 INFO [110_Rachmaninoff_Prelude_Op23-9_B1-11_page_0]            ImageUtil.java:124  | Converting max RGB to gray
2025-12-26 13:18:10,757 INFO [110_Rachmaninoff_Prelude_Op23-9_B1-11_page_0]       StepMonitoring.java:98   | BINARY
2025-12-26 13:18:11,009 INFO [110_Rachmaninoff_Prelude_Op23-9_B1-11_page_0]       StepMonitoring.java:98   | SCALE
2025-12-26 13:18:11,034 INFO [110_Rachmaninoff_Prelude_Op23-9_B1-11_page_0]         ScaleBuilder.java:241  | Beam  guessed height:  5 -- 0.50 of 10 interline
2025-12-26 13:18:11,036 INFO [110_Rachmaninoff_Prelude_Op23-9_B1-11_page_0]         ScaleBuilder.java:264  | Beam measured height:  7 -- 0.57 of [3..10] range at 749% of needed quorum
2025-12-26 13:18:11,037 INFO [110_Rachmaninoff_Prelude_Op23-9_B1-11_page_0]            ScaleStep.java:65   | Scale{ interline(12,12,13) line(1,1,3) beam(7)}
2025-12-26 13:18:11,038 INFO [110_Rachmaninoff_Prelude_Op23-9_B1-11_page_0]       StepMonitoring.java:98   | GRID
2025-12-26 13:18:11,657 INFO [110_Rachmaninoff_Prelude_Op23-9_B1-11_page_0]       LinesRetriever.java:1500 | Global slope: 0.00000
2025-12-26 13:18:11,725 INFO [110_Rachmaninoff_Prelude_Op23-9_B1-11_page_0]    ClustersRetriever.java:326  | Retrieved raw line clusters: 12 of sizes [5] with interline(12,12,13)
2025-12-26 13:18:11,880 INFO [110_Rachmaninoff_Prelude_Op23-9_B1-11_page_0]            PeakGraph.java:310  | Systems: #1[1, 2] #2[3, 4] #3[5, 6] #4[7, 8] #5[9, 10] #6[11, 12]
2025-12-26 13:18:12,250 INFO [110_Rachmaninoff_Prelude_Op23-9_B1-11_page_0]        SystemManager.java:779  | 1 part along 6 systems
2025-12-26 13:18:12,251 INFO [110_Rachmaninoff_Prelude_Op23-9_B1-11_page_0]                 Book.java:543  | Created scores: [{Score 1}]
2025-12-26 13:18:12,252 INFO [110_Rachmaninoff_Prelude_Op23-9_B1-11_page_0]       StepMonitoring.java:98   | HEADERS
2025-12-26 13:18:12,567 INFO [110_Rachmaninoff_Prelude_Op23-9_B1-11_page_0]      BasicClassifier.java:286  | Classifier loaded XML norms.
2025-12-26 13:18:12,571 INFO [110_Rachmaninoff_Prelude_Op23-9_B1-11_page_0]   AbstractClassifier.java:396  | Classifier data loaded from default uri jar:file:/C:/Users/Elliot/Downloads/Audiveris/app/audiveris.jar!/res/basic-classifier.zip
2025-12-26 13:18:13,493 INFO [110_Rachmaninoff_Prelude_Op23-9_B1-11_page_0]       StepMonitoring.java:98   | STEM_SEEDS
2025-12-26 13:18:13,536 INFO [110_Rachmaninoff_Prelude_Op23-9_B1-11_page_0]        StemSeedsStep.java:86   | stem(1 max:2)
2025-12-26 13:18:13,585 INFO [110_Rachmaninoff_Prelude_Op23-9_B1-11_page_0]       StepMonitoring.java:98   | BEAMS
2025-12-26 13:18:14,892 INFO [110_Rachmaninoff_Prelude_Op23-9_B1-11_page_0]       StepMonitoring.java:98   | LEDGERS
2025-12-26 13:18:15,147 INFO [110_Rachmaninoff_Prelude_Op23-9_B1-11_page_0]       StepMonitoring.java:98   | HEADS
2025-12-26 13:18:17,639 INFO [110_Rachmaninoff_Prelude_Op23-9_B1-11_page_0]        HeadSeedTally.java:235  | Scale information: HeadSeeds{NOTEHEAD_BLACK[L:-0.3,R:0.4]}
2025-12-26 13:18:17,640 INFO [110_Rachmaninoff_Prelude_Op23-9_B1-11_page_0]       StepMonitoring.java:98   | STEMS
2025-12-26 13:18:18,326 INFO [110_Rachmaninoff_Prelude_Op23-9_B1-11_page_0]           BeamLinker.java:1729 | Not linking shorter BeamHookInter#2192{(0.215/0.572) BEAM_HOOK}
2025-12-26 13:18:19,000 INFO [110_Rachmaninoff_Prelude_Op23-9_B1-11_page_0]       StepMonitoring.java:98   | REDUCTION
2025-12-26 13:18:19,331 INFO [110_Rachmaninoff_Prelude_Op23-9_B1-11_page_0]        ReductionStep.java:105  | Stems free length median value: 45 pixels, 3.8 interlines
2025-12-26 13:18:19,340 INFO [110_Rachmaninoff_Prelude_Op23-9_B1-11_page_0]       StepMonitoring.java:98   | CUE_BEAMS
2025-12-26 13:18:19,340 INFO [110_Rachmaninoff_Prelude_Op23-9_B1-11_page_0]         CueBeamsStep.java:81   | Step CUE_BEAMS is skipped because small heads switch is off
2025-12-26 13:18:19,341 INFO [110_Rachmaninoff_Prelude_Op23-9_B1-11_page_0]       StepMonitoring.java:98   | TEXTS
2025-12-26 13:18:19,478 WARN [110_Rachmaninoff_Prelude_Op23-9_B1-11_page_0]         TesseractOCR.java:335  | The collection of supported languages is empty
2025-12-26 13:18:19,479 INFO [110_Rachmaninoff_Prelude_Op23-9_B1-11_page_0]              OcrUtil.java:106  | Missing support for 'eng' language(s)
2025-12-26 13:18:19,489 INFO [110_Rachmaninoff_Prelude_Op23-9_B1-11_page_0]       StepMonitoring.java:98   | MEASURES
2025-12-26 13:18:19,501 INFO [110_Rachmaninoff_Prelude_Op23-9_B1-11_page_0]                 Page.java:307  | 11 raw measures: [2 in system#1, 2 in system#2, 2 in system#3, 2 in system#4, 2 in system#5, 1 in system#6]
2025-12-26 13:18:19,501 INFO [110_Rachmaninoff_Prelude_Op23-9_B1-11_page_0]       StepMonitoring.java:98   | CHORDS
2025-12-26 13:18:19,524 INFO [110_Rachmaninoff_Prelude_Op23-9_B1-11_page_0]       StepMonitoring.java:98   | CURVES
2025-12-26 13:18:20,351 INFO [110_Rachmaninoff_Prelude_Op23-9_B1-11_page_0]         SlursBuilder.java:240  | Slurs: 66
2025-12-26 13:18:20,412 INFO [110_Rachmaninoff_Prelude_Op23-9_B1-11_page_0]      SegmentsBuilder.java:155  | Segments: 19
2025-12-26 13:18:20,423 INFO [110_Rachmaninoff_Prelude_Op23-9_B1-11_page_0]       StepMonitoring.java:98   | SYMBOLS
2025-12-26 13:18:20,869 INFO [110_Rachmaninoff_Prelude_Op23-9_B1-11_page_0]       StepMonitoring.java:98   | LINKS
2025-12-26 13:18:20,963 INFO [110_Rachmaninoff_Prelude_Op23-9_B1-11_page_0]       StepMonitoring.java:98   | RHYTHMS
2025-12-26 13:18:21,082 INFO [110_Rachmaninoff_Prelude_Op23-9_B1-11_page_0]       StepMonitoring.java:98   | PAGE
2025-12-26 13:18:21,095 INFO [110_Rachmaninoff_Prelude_Op23-9_B1-11_page_0]                 Book.java:2596 | Book{110_Rachmaninoff_Prelude_Op23-9_B1-11_page_0} storing
2025-12-26 13:18:21,152 INFO [110_Rachmaninoff_Prelude_Op23-9_B1-11_page_0]                 Book.java:2577 | Stored /book.xml
2025-12-26 13:18:21,222 INFO [110_Rachmaninoff_Prelude_Op23-9_B1-11_page_0]           DataHolder.java:348  | Stored /sheet#1/BINARY.png
2025-12-26 13:18:22,455 INFO [110_Rachmaninoff_Prelude_Op23-9_B1-11_page_0]                Sheet.java:1583 | Stored /sheet#1/sheet#1.xml
2025-12-26 13:18:22,456 INFO [110_Rachmaninoff_Prelude_Op23-9_B1-11_page_0]                 Book.java:2537 | Book stored as C:\Users\Elliot\Downloads\Audiveris\scores\110_Rachmaninoff_Prelude_Op23-9_B1-11_page_0.omr
2025-12-26 13:18:22,462 INFO [110_Rachmaninoff_Prelude_Op23-9_B1-11_page_0]            SheetStub.java:1660 | Disposed sheet
2025-12-26 13:18:22,498 INFO [110_Rachmaninoff_Prelude_Op23-9_B1-11_page_0]                 Book.java:2064 | End of Stub#1
2025-12-26 13:18:22,499 INFO [110_Rachmaninoff_Prelude_Op23-9_B1-11_page_0]                 Book.java:2071 | Book processed.
2025-12-26 13:18:22,958 INFO [110_Rachmaninoff_Prelude_Op23-9_B1-11_page_0]            SheetStub.java:997  | Loaded /sheet#1/sheet#1.xml
2025-12-26 13:18:23,339 INFO [110_Rachmaninoff_Prelude_Op23-9_B1-11_page_0]      PartwiseBuilder.java:2688 | Exporting sheet(s): [#1]
2025-12-26 13:18:23,536 INFO [110_Rachmaninoff_Prelude_Op23-9_B1-11_page_0]        ScoreExporter.java:164  | Score 110_Rachmaninoff_Prelude_Op23-9_B1-11_page_0 exported to C:\Users\Elliot\Downloads\Audiveris\scores\110_Rachmaninoff_Prelude_Op23-9_B1-11_page_0.mxl
2025-12-26 13:18:23,590 INFO [110_Rachmaninoff_Prelude_Op23-9_B1-11_page_0]                Score.java:181  | Closing {Score 1}
