2025-12-26 13:18:25,553 INFO [111_Schubert_Impromptu_Op90-3_B1-8_page_0]                 Book.java:560  | 1 sheet in C:\Users\Elliot\Downloads\Audiveris\scores\111_Schubert_Impromptu_Op90-3_B1-8_page_0.jpg
2025-12-26 13:18:25,670 INFO []                 Book.java:2577 | Stored /book.xml
2025-12-26 13:18:25,671 INFO []                 Book.java:2537 | Book stored as C:\Users\Elliot\Downloads\Audiveris\scores\111_Schubert_Impromptu_Op90-3_B1-8_page_0.omr
2025-12-26 13:18:25,677 INFO []                 Book.java:1929 | Book reaching PAGE on sheets:[#1]
2025-12-26 13:18:25,684 INFO [111_Schubert_Impromptu_Op90-3_B1-8_page_0]       StepMonitoring.java:98   | LOAD
2025-12-26 13:18:25,820 INFO [111_Schubert_Impromptu_Op90-3_B1-8_page_0]            SheetStub.java:1273 | Loaded image #1 1653x2339 from C:\Users\Elliot\Downloads\Audiveris\scores\111_Schubert_Impromptu_Op90-3_B1-8_page_0.jpg
2025-12-26 13:18:25,825 INFO [111_Schubert_Impromptu_Op90-3_B1-8_page_0]            ImageUtil.java:124  | Converting max RGB to gray
2025-12-26 13:18:25,932 INFO [111_Schubert_Impromptu_Op90-3_B1-8_page_0]       StepMonitoring.java:98   | BINARY
2025-12-26 13:18:26,172 INFO [111_Schubert_Impromptu_Op90-3_B1-8_page_0]       StepMonitoring.java:98   | SCALE
2025-12-26 13:18:26,204 INFO [111_Schubert_Impromptu_Op90-3_B1-8_page_0]         ScaleBuilder.java:241  | Beam  guessed height:  5 -- 0.50 of 10 interline
2025-12-26 13:18:26,206 INFO [111_Schubert_Impromptu_Op90-3_B1-8_page_0]         ScaleBuilder.java:264  | Beam measured height:  6 -- 0.43 of [3..10] range at 429% of needed quorum
2025-12-26 13:18:26,207 INFO [111_Schubert_Impromptu_Op90-3_B1-8_page_0]            ScaleStep.java:65   | Scale{ interline(11,12,12) line(1,1,3) beam(6)}
2025-12-26 13:18:26,208 INFO [111_Schubert_Impromptu_Op90-3_B1-8_page_0]       StepMonitoring.java:98   | GRID
2025-12-26 13:18:26,586 INFO [111_Schubert_Impromptu_Op90-3_B1-8_page_0]       LinesRetriever.java:1500 | Global slope: 0.00000
2025-12-26 13:18:26,673 INFO [111_Schubert_Impromptu_Op90-3_B1-8_page_0]    ClustersRetriever.java:326  | Retrieved raw line clusters: 16 of sizes [5] with interline(11,12,12)
2025-12-26 13:18:26,816 INFO [111_Schubert_Impromptu_Op90-3_B1-8_page_0]            PeakGraph.java:310  | Systems: #1[1, 2] #2[3, 4] #3[5, 6] #4[7, 8] #5[9, 10] #6[11, 12] #7[13, 14] #8[15, 16]
2025-12-26 13:18:27,109 INFO [111_Schubert_Impromptu_Op90-3_B1-8_page_0]        SystemManager.java:134  | Indentation detected for system #1
2025-12-26 13:18:27,111 INFO [111_Schubert_Impromptu_Op90-3_B1-8_page_0]        SystemManager.java:779  | 1 part along 8 systems
2025-12-26 13:18:27,112 INFO [111_Schubert_Impromptu_Op90-3_B1-8_page_0]                 Book.java:543  | Created scores: [{Score 1}]
2025-12-26 13:18:27,113 INFO [111_Schubert_Impromptu_Op90-3_B1-8_page_0]       StepMonitoring.java:98   | HEADERS
2025-12-26 13:18:27,450 INFO []      BasicClassifier.java:286  | Classifier loaded XML norms.
2025-12-26 13:18:27,453 INFO []   AbstractClassifier.java:396  | Classifier data loaded from default uri jar:file:/C:/Users/Elliot/Downloads/Audiveris/app/audiveris.jar!/res/basic-classifier.zip
2025-12-26 13:18:28,752 INFO [111_Schubert_Impromptu_Op90-3_B1-8_page_0]       StepMonitoring.java:98   | STEM_SEEDS
2025-12-26 13:18:28,786 INFO [111_Schubert_Impromptu_Op90-3_B1-8_page_0]        StemSeedsStep.java:86   | stem(1 max:3)
2025-12-26 13:18:28,824 INFO [111_Schubert_Impromptu_Op90-3_B1-8_page_0]       StepMonitoring.java:98   | BEAMS
2025-12-26 13:18:29,664 INFO [111_Schubert_Impromptu_Op90-3_B1-8_page_0]       StepMonitoring.java:98   | LEDGERS
2025-12-26 13:18:29,984 INFO [111_Schubert_Impromptu_Op90-3_B1-8_page_0]       StepMonitoring.java:98   | HEADS
2025-12-26 13:18:31,858 INFO [111_Schubert_Impromptu_Op90-3_B1-8_page_0]        HeadSeedTally.java:235  | Scale information: HeadSeeds{NOTEHEAD_VOID[R:0.5] NOTEHEAD_BLACK[L:-0.2,R:0.5]}
2025-12-26 13:18:31,858 INFO [111_Schubert_Impromptu_Op90-3_B1-8_page_0]       StepMonitoring.java:98   | STEMS
2025-12-26 13:18:32,187 INFO [111_Schubert_Impromptu_Op90-3_B1-8_page_0]           BeamLinker.java:1729 | Not linking shorter BeamInter#1809{(0.332) BEAM}
2025-12-26 13:18:32,190 INFO [111_Schubert_Impromptu_Op90-3_B1-8_page_0]           BeamLinker.java:1729 | Not linking shorter BeamInter#1809{(0.332) BEAM}
2025-12-26 13:18:32,344 INFO [111_Schubert_Impromptu_Op90-3_B1-8_page_0]       StepMonitoring.java:98   | REDUCTION
2025-12-26 13:18:32,487 INFO [111_Schubert_Impromptu_Op90-3_B1-8_page_0]        ReductionStep.java:105  | Stems free length median value: 41 pixels, 3.4 interlines
2025-12-26 13:18:32,491 INFO [111_Schubert_Impromptu_Op90-3_B1-8_page_0]       StepMonitoring.java:98   | CUE_BEAMS
2025-12-26 13:18:32,492 INFO [111_Schubert_Impromptu_Op90-3_B1-8_page_0]         CueBeamsStep.java:81   | Step CUE_BEAMS is skipped because small heads switch is off
2025-12-26 13:18:32,492 INFO [111_Schubert_Impromptu_Op90-3_B1-8_page_0]       StepMonitoring.java:98   | TEXTS
2025-12-26 13:18:32,585 WARN [111_Schubert_Impromptu_Op90-3_B1-8_page_0]         TesseractOCR.java:335  | The collection of supported languages is empty
2025-12-26 13:18:32,585 INFO [111_Schubert_Impromptu_Op90-3_B1-8_page_0]              OcrUtil.java:106  | Missing support for 'eng' language(s)
2025-12-26 13:18:32,597 INFO [111_Schubert_Impromptu_Op90-3_B1-8_page_0]       StepMonitoring.java:98   | MEASURES
2025-12-26 13:18:32,609 INFO [111_Schubert_Impromptu_Op90-3_B1-8_page_0]                 Page.java:307  | 8 raw measures: [1 in system#1, 1 in system#2, 1 in system#3, 1 in system#4, 1 in system#5, 1 in system#6, 1 in system#7, 1 in system#8]
2025-12-26 13:18:32,610 INFO [111_Schubert_Impromptu_Op90-3_B1-8_page_0]       StepMonitoring.java:98   | CHORDS
2025-12-26 13:18:32,628 INFO [111_Schubert_Impromptu_Op90-3_B1-8_page_0]       StepMonitoring.java:98   | CURVES
2025-12-26 13:18:33,170 INFO [111_Schubert_Impromptu_Op90-3_B1-8_page_0]         SlursBuilder.java:240  | Slurs: 6
2025-12-26 13:18:33,194 INFO [111_Schubert_Impromptu_Op90-3_B1-8_page_0]      SegmentsBuilder.java:155  | Segments: 16
2025-12-26 13:18:33,205 INFO [111_Schubert_Impromptu_Op90-3_B1-8_page_0]       StepMonitoring.java:98   | SYMBOLS
2025-12-26 13:18:33,736 INFO [111_Schubert_Impromptu_Op90-3_B1-8_page_0]       StepMonitoring.java:98   | LINKS
2025-12-26 13:18:33,775 INFO [111_Schubert_Impromptu_Op90-3_B1-8_page_0]             KeyInter.java:1298 | Key built KeyInter#6128{(0.799) staff:9 KEY_FLAT_1 pitch:-0.2 fifths:-1}
2025-12-26 13:18:33,782 INFO [111_Schubert_Impromptu_Op90-3_B1-8_page_0]        SymbolsLinker.java:258  | No chord linked to OctaveShiftInter#6086{(0.132) staff:12 VENTIDUESIMA ALTA}
2025-12-26 13:18:33,792 INFO [111_Schubert_Impromptu_Op90-3_B1-8_page_0]       StepMonitoring.java:98   | RHYTHMS
2025-12-26 13:18:33,826 INFO [111_Schubert_Impromptu_Op90-3_B1-8_page_0]        MeasureRhythm.java:1045 | Measure{#1} No timeOffset for HeadChordInter#5059{(0.856/0.856) staff:1 slot#13 dur:1/2}
2025-12-26 13:18:33,827 INFO [111_Schubert_Impromptu_Op90-3_B1-8_page_0]        MeasureRhythm.java:1045 | Measure{#1} No timeOffset for RestChordInter#6022{(0.800/0.800) staff:1 slot#13 dur:1/8}
2025-12-26 13:18:33,828 INFO [111_Schubert_Impromptu_Op90-3_B1-8_page_0]        MeasureRhythm.java:1045 | Measure{#1} No timeOffset for HeadChordInter#5071{(0.906/0.906) staff:2 slot#13 dur:1/2}
2025-12-26 13:18:33,828 INFO [111_Schubert_Impromptu_Op90-3_B1-8_page_0]   AbstractChordInter.java:627  | Measure{#1} No timeOffset for HeadChordInter#5059{(0.856/0.856) staff:1 slot#13 dur:1/2}
2025-12-26 13:18:33,829 INFO [111_Schubert_Impromptu_Op90-3_B1-8_page_0]   AbstractChordInter.java:627  | Measure{#1} No timeOffset for RestChordInter#6022{(0.800/0.800) staff:1 slot#13 dur:1/8}
2025-12-26 13:18:33,829 INFO [111_Schubert_Impromptu_Op90-3_B1-8_page_0]   AbstractChordInter.java:627  | Measure{#1} No timeOffset for HeadChordInter#5071{(0.906/0.906) staff:2 slot#13 dur:1/2}
2025-12-26 13:18:33,829 INFO [111_Schubert_Impromptu_Op90-3_B1-8_page_0]   AbstractChordInter.java:627  | Measure{#1} No timeOffset for HeadChordInter#5059{(0.856/0.856) staff:1 slot#13 dur:1/2}
2025-12-26 13:18:33,830 INFO [111_Schubert_Impromptu_Op90-3_B1-8_page_0]   AbstractChordInter.java:627  | Measure{#1} No timeOffset for HeadChordInter#5064{(0.952/0.952) staff:1 slot#18 dur:1/8}
2025-12-26 13:18:33,830 INFO [111_Schubert_Impromptu_Op90-3_B1-8_page_0]   AbstractChordInter.java:627  | Measure{#1} No timeOffset for HeadChordInter#5071{(0.906/0.906) staff:2 slot#13 dur:1/2}
2025-12-26 13:18:33,831 INFO [111_Schubert_Impromptu_Op90-3_B1-8_page_0]   AbstractChordInter.java:627  | Measure{#1} No timeOffset for HeadChordInter#5065{(0.852/0.852) staff:1 slot#19 dur:1/2}
2025-12-26 13:18:33,831 INFO [111_Schubert_Impromptu_Op90-3_B1-8_page_0]   AbstractChordInter.java:627  | Measure{#1} No timeOffset for RestChordInter#6023{(0.800/0.800) staff:1 slot#19 dur:1/8}
2025-12-26 13:18:33,832 INFO [111_Schubert_Impromptu_Op90-3_B1-8_page_0]   AbstractChordInter.java:627  | Measure{#1} No timeOffset for HeadChordInter#5072{(0.912/0.912) staff:2 slot#19 dur:1/2}
2025-12-26 13:18:33,832 INFO [111_Schubert_Impromptu_Op90-3_B1-8_page_0]                Voice.java:257  | Measure{#1} Voice{#1 excess:1/2} too long
2025-12-26 13:18:33,833 INFO [111_Schubert_Impromptu_Op90-3_B1-8_page_0]          StackRhythm.java:224  | S1 MeasureStack#1 no correct rhythm
2025-12-26 13:18:33,840 INFO [111_Schubert_Impromptu_Op90-3_B1-8_page_0]        MeasureRhythm.java:1045 | Measure{#2} No timeOffset for RestChordInter#6033{(0.800/0.800) staff:3 slot#13 dur:1/8}
2025-12-26 13:18:33,841 INFO [111_Schubert_Impromptu_Op90-3_B1-8_page_0]   AbstractChordInter.java:627  | Measure{#2} No timeOffset for RestChordInter#6033{(0.800/0.800) staff:3 slot#13 dur:1/8}
2025-12-26 13:18:33,841 INFO [111_Schubert_Impromptu_Op90-3_B1-8_page_0]   AbstractChordInter.java:627  | Measure{#2} No timeOffset for HeadChordInter#5088{(0.951/0.951) staff:3 slot#18 dur:1/8}
2025-12-26 13:18:33,842 INFO [111_Schubert_Impromptu_Op90-3_B1-8_page_0]                Voice.java:257  | Measure{#2} Voice{#1 excess:1/2} too long
2025-12-26 13:18:33,842 INFO [111_Schubert_Impromptu_Op90-3_B1-8_page_0]          StackRhythm.java:224  | S2 MeasureStack#2 no correct rhythm
2025-12-26 13:18:33,852 INFO [111_Schubert_Impromptu_Op90-3_B1-8_page_0]        MeasureRhythm.java:1045 | Measure{#3} No timeOffset for HeadChordInter#5106{(0.935/0.935) staff:5 slot#13 dur:1/4}
2025-12-26 13:18:33,853 INFO [111_Schubert_Impromptu_Op90-3_B1-8_page_0]        MeasureRhythm.java:1045 | Measure{#3} No timeOffset for RestChordInter#6043{(0.799/0.799) staff:5 slot#13 dur:1/8}
2025-12-26 13:18:33,853 INFO [111_Schubert_Impromptu_Op90-3_B1-8_page_0]        MeasureRhythm.java:1045 | Measure{#3} No timeOffset for HeadChordInter#5118{(0.926/0.926) staff:6 slot#13 dur:3/4}
2025-12-26 13:18:33,853 INFO [111_Schubert_Impromptu_Op90-3_B1-8_page_0]   AbstractChordInter.java:627  | Measure{#3} No timeOffset for HeadChordInter#5106{(0.935/0.935) staff:5 slot#13 dur:1/4}
2025-12-26 13:18:33,853 INFO [111_Schubert_Impromptu_Op90-3_B1-8_page_0]   AbstractChordInter.java:627  | Measure{#3} No timeOffset for RestChordInter#6043{(0.799/0.799) staff:5 slot#13 dur:1/8}
2025-12-26 13:18:33,854 INFO [111_Schubert_Impromptu_Op90-3_B1-8_page_0]   AbstractChordInter.java:627  | Measure{#3} No timeOffset for HeadChordInter#5118{(0.926/0.926) staff:6 slot#13 dur:3/4}
2025-12-26 13:18:33,854 INFO [111_Schubert_Impromptu_Op90-3_B1-8_page_0]   AbstractChordInter.java:627  | Measure{#3} No timeOffset for HeadChordInter#5106{(0.935/0.935) staff:5 slot#13 dur:1/4}
2025-12-26 13:18:33,855 INFO [111_Schubert_Impromptu_Op90-3_B1-8_page_0]   AbstractChordInter.java:627  | Measure{#3} No timeOffset for HeadChordInter#5108{(0.942/0.942) staff:5 slot#15 dur:1/8}
2025-12-26 13:18:33,855 INFO [111_Schubert_Impromptu_Op90-3_B1-8_page_0]   AbstractChordInter.java:627  | Measure{#3} No timeOffset for HeadChordInter#5118{(0.926/0.926) staff:6 slot#13 dur:3/4}
2025-12-26 13:18:33,856 INFO [111_Schubert_Impromptu_Op90-3_B1-8_page_0]   AbstractChordInter.java:627  | Measure{#3} No timeOffset for HeadChordInter#5109{(0.939/0.939) staff:5 slot#16 dur:1/4}
2025-12-26 13:18:33,856 INFO [111_Schubert_Impromptu_Op90-3_B1-8_page_0]   AbstractChordInter.java:627  | Measure{#3} No timeOffset for RestChordInter#6044{(0.800/0.800) staff:5 slot#16 dur:1/8}
2025-12-26 13:18:33,856 INFO [111_Schubert_Impromptu_Op90-3_B1-8_page_0]   AbstractChordInter.java:627  | Measure{#3} No timeOffset for HeadChordInter#5118{(0.926/0.926) staff:6 slot#13 dur:3/4}
2025-12-26 13:18:33,856 INFO [111_Schubert_Impromptu_Op90-3_B1-8_page_0]   AbstractChordInter.java:627  | Measure{#3} No timeOffset for HeadChordInter#5109{(0.939/0.939) staff:5 slot#16 dur:1/4}
2025-12-26 13:18:33,856 INFO [111_Schubert_Impromptu_Op90-3_B1-8_page_0]   AbstractChordInter.java:627  | Measure{#3} No timeOffset for HeadChordInter#5111{(0.945/0.945) staff:5 slot#18 dur:1/8}
2025-12-26 13:18:33,856 INFO [111_Schubert_Impromptu_Op90-3_B1-8_page_0]   AbstractChordInter.java:627  | Measure{#3} No timeOffset for HeadChordInter#5118{(0.926/0.926) staff:6 slot#13 dur:3/4}
2025-12-26 13:18:33,857 INFO [111_Schubert_Impromptu_Op90-3_B1-8_page_0]   AbstractChordInter.java:627  | Measure{#3} No timeOffset for HeadChordInter#5112{(0.934/0.934) staff:5 slot#19 dur:1/4}
2025-12-26 13:18:33,857 INFO [111_Schubert_Impromptu_Op90-3_B1-8_page_0]   AbstractChordInter.java:627  | Measure{#3} No timeOffset for RestChordInter#6045{(0.800/0.800) staff:5 slot#19 dur:1/8}
2025-12-26 13:18:33,857 INFO [111_Schubert_Impromptu_Op90-3_B1-8_page_0]   AbstractChordInter.java:627  | Measure{#3} No timeOffset for HeadChordInter#5118{(0.926/0.926) staff:6 slot#13 dur:3/4}
2025-12-26 13:18:33,858 INFO [111_Schubert_Impromptu_Op90-3_B1-8_page_0]   AbstractChordInter.java:627  | Measure{#3} No timeOffset for HeadChordInter#5112{(0.934/0.934) staff:5 slot#19 dur:1/4}
2025-12-26 13:18:33,858 INFO [111_Schubert_Impromptu_Op90-3_B1-8_page_0]   AbstractChordInter.java:627  | Measure{#3} No timeOffset for HeadChordInter#5114{(0.941/0.941) staff:5 slot#21 dur:1/8}
2025-12-26 13:18:33,858 INFO [111_Schubert_Impromptu_Op90-3_B1-8_page_0]   AbstractChordInter.java:627  | Measure{#3} No timeOffset for HeadChordInter#5118{(0.926/0.926) staff:6 slot#13 dur:3/4}
2025-12-26 13:18:33,859 INFO [111_Schubert_Impromptu_Op90-3_B1-8_page_0]   AbstractChordInter.java:627  | Measure{#3} No timeOffset for HeadChordInter#5115{(0.940/0.940) staff:5 slot#22 dur:1/4}
2025-12-26 13:18:33,859 INFO [111_Schubert_Impromptu_Op90-3_B1-8_page_0]   AbstractChordInter.java:627  | Measure{#3} No timeOffset for RestChordInter#6046{(0.800/0.800) staff:5 slot#22 dur:1/8}
2025-12-26 13:18:33,860 INFO [111_Schubert_Impromptu_Op90-3_B1-8_page_0]   AbstractChordInter.java:627  | Measure{#3} No timeOffset for HeadChordInter#5119{(0.947/0.947) staff:6 slot#22 dur:1/4}
2025-12-26 13:18:33,860 INFO [111_Schubert_Impromptu_Op90-3_B1-8_page_0]                Voice.java:257  | Measure{#3} Voice{#1 excess:1/2} too long
2025-12-26 13:18:33,860 INFO [111_Schubert_Impromptu_Op90-3_B1-8_page_0]          StackRhythm.java:224  | S3 MeasureStack#3 no correct rhythm
2025-12-26 13:18:33,871 INFO [111_Schubert_Impromptu_Op90-3_B1-8_page_0]        MeasureRhythm.java:1045 | Measure{#4} No timeOffset for HeadChordInter#5132{(0.867/0.867) staff:7 slot#13 dur:3/4}
2025-12-26 13:18:33,871 INFO [111_Schubert_Impromptu_Op90-3_B1-8_page_0]        MeasureRhythm.java:1045 | Measure{#4} No timeOffset for RestChordInter#6060{(0.800/0.800) staff:7 slot#13 dur:1/8}
2025-12-26 13:18:33,872 INFO [111_Schubert_Impromptu_Op90-3_B1-8_page_0]   AbstractChordInter.java:627  | Measure{#4} No timeOffset for HeadChordInter#5132{(0.867/0.867) staff:7 slot#13 dur:3/4}
2025-12-26 13:18:33,872 INFO [111_Schubert_Impromptu_Op90-3_B1-8_page_0]   AbstractChordInter.java:627  | Measure{#4} No timeOffset for RestChordInter#6060{(0.800/0.800) staff:7 slot#13 dur:1/8}
2025-12-26 13:18:33,873 INFO [111_Schubert_Impromptu_Op90-3_B1-8_page_0]   AbstractChordInter.java:627  | Measure{#4} No timeOffset for HeadChordInter#5132{(0.867/0.867) staff:7 slot#13 dur:3/4}
2025-12-26 13:18:33,873 INFO [111_Schubert_Impromptu_Op90-3_B1-8_page_0]   AbstractChordInter.java:627  | Measure{#4} No timeOffset for HeadChordInter#5137{(0.944/0.944) staff:7 slot#18 dur:1/8}
2025-12-26 13:18:33,873 INFO [111_Schubert_Impromptu_Op90-3_B1-8_page_0]   AbstractChordInter.java:627  | Measure{#4} No timeOffset for HeadChordInter#5132{(0.867/0.867) staff:7 slot#13 dur:3/4}
2025-12-26 13:18:33,873 INFO [111_Schubert_Impromptu_Op90-3_B1-8_page_0]   AbstractChordInter.java:627  | Measure{#4} No timeOffset for HeadChordInter#5144{(0.944/0.944) staff:7 slot#24 dur:1/8}
2025-12-26 13:18:33,873 INFO [111_Schubert_Impromptu_Op90-3_B1-8_page_0]                Voice.java:257  | Measure{#4} Voice{#2 excess:1/2} too long
2025-12-26 13:18:33,875 INFO [111_Schubert_Impromptu_Op90-3_B1-8_page_0]                Voice.java:257  | Measure{#4} Voice{#3 excess:1/4} too long
2025-12-26 13:18:33,875 INFO [111_Schubert_Impromptu_Op90-3_B1-8_page_0]                Voice.java:257  | Measure{#4} Voice{#6 excess:1/4} too long
2025-12-26 13:18:33,875 INFO [111_Schubert_Impromptu_Op90-3_B1-8_page_0]          StackRhythm.java:224  | S4 MeasureStack#4 no correct rhythm
2025-12-26 13:18:33,882 INFO [111_Schubert_Impromptu_Op90-3_B1-8_page_0]        MeasureRhythm.java:1045 | Measure{#5} No timeOffset for HeadChordInter#5158{(0.877/0.877) staff:9 slot#13 dur:1/2}
2025-12-26 13:18:33,883 INFO [111_Schubert_Impromptu_Op90-3_B1-8_page_0]        MeasureRhythm.java:1045 | Measure{#5} No timeOffset for RestChordInter#6073{(0.800/0.800) staff:9 slot#13 dur:1/8}
2025-12-26 13:18:33,883 INFO [111_Schubert_Impromptu_Op90-3_B1-8_page_0]        MeasureRhythm.java:1045 | Measure{#5} No timeOffset for HeadChordInter#5170{(0.911/0.911) staff:10 slot#13 dur:1/2}
2025-12-26 13:18:33,884 INFO [111_Schubert_Impromptu_Op90-3_B1-8_page_0]   AbstractChordInter.java:627  | Measure{#5} No timeOffset for HeadChordInter#5158{(0.877/0.877) staff:9 slot#13 dur:1/2}
2025-12-26 13:18:33,884 INFO [111_Schubert_Impromptu_Op90-3_B1-8_page_0]   AbstractChordInter.java:627  | Measure{#5} No timeOffset for RestChordInter#6073{(0.800/0.800) staff:9 slot#13 dur:1/8}
2025-12-26 13:18:33,885 INFO [111_Schubert_Impromptu_Op90-3_B1-8_page_0]   AbstractChordInter.java:627  | Measure{#5} No timeOffset for HeadChordInter#5170{(0.911/0.911) staff:10 slot#13 dur:1/2}
2025-12-26 13:18:33,886 INFO [111_Schubert_Impromptu_Op90-3_B1-8_page_0]   AbstractChordInter.java:627  | Measure{#5} No timeOffset for HeadChordInter#5158{(0.877/0.877) staff:9 slot#13 dur:1/2}
2025-12-26 13:18:33,886 INFO [111_Schubert_Impromptu_Op90-3_B1-8_page_0]   AbstractChordInter.java:627  | Measure{#5} No timeOffset for HeadChordInter#5163{(0.949/0.949) staff:9 slot#18 dur:1/8}
2025-12-26 13:18:33,886 INFO [111_Schubert_Impromptu_Op90-3_B1-8_page_0]   AbstractChordInter.java:627  | Measure{#5} No timeOffset for HeadChordInter#5170{(0.911/0.911) staff:10 slot#13 dur:1/2}
2025-12-26 13:18:33,887 INFO [111_Schubert_Impromptu_Op90-3_B1-8_page_0]   AbstractChordInter.java:627  | Measure{#5} No timeOffset for HeadChordInter#5164{(0.863/0.863) staff:9 slot#19 dur:1/2}
2025-12-26 13:18:33,887 INFO [111_Schubert_Impromptu_Op90-3_B1-8_page_0]   AbstractChordInter.java:627  | Measure{#5} No timeOffset for RestChordInter#6074{(0.800/0.800) staff:9 slot#19 dur:1/8}
2025-12-26 13:18:33,887 INFO [111_Schubert_Impromptu_Op90-3_B1-8_page_0]   AbstractChordInter.java:627  | Measure{#5} No timeOffset for HeadChordInter#5171{(0.918/0.918) staff:10 slot#19 dur:1/2}
2025-12-26 13:18:33,888 INFO [111_Schubert_Impromptu_Op90-3_B1-8_page_0]                Voice.java:257  | Measure{#5} Voice{#1 excess:1/2} too long
2025-12-26 13:18:33,888 INFO [111_Schubert_Impromptu_Op90-3_B1-8_page_0]          StackRhythm.java:224  | S5 MeasureStack#5 no correct rhythm
2025-12-26 13:18:33,892 INFO [111_Schubert_Impromptu_Op90-3_B1-8_page_0]        MeasureRhythm.java:1045 | Measure{#6} No timeOffset for HeadChordInter#5183{(0.873/0.873) staff:11 slot#13 dur:1/2}
2025-12-26 13:18:33,893 INFO [111_Schubert_Impromptu_Op90-3_B1-8_page_0]        MeasureRhythm.java:1045 | Measure{#6} No timeOffset for RestChordInter#6103{(0.800/0.800) staff:11 slot#13 dur:1/8}
2025-12-26 13:18:33,893 INFO [111_Schubert_Impromptu_Op90-3_B1-8_page_0]        MeasureRhythm.java:1045 | Measure{#6} No timeOffset for HeadChordInter#5190{(0.888/0.888) staff:12 slot#13 dur:1/2}
2025-12-26 13:18:33,893 INFO [111_Schubert_Impromptu_Op90-3_B1-8_page_0]   AbstractChordInter.java:627  | Measure{#6} No timeOffset for HeadChordInter#5183{(0.873/0.873) staff:11 slot#13 dur:1/2}
2025-12-26 13:18:33,894 INFO [111_Schubert_Impromptu_Op90-3_B1-8_page_0]   AbstractChordInter.java:627  | Measure{#6} No timeOffset for RestChordInter#6103{(0.800/0.800) staff:11 slot#13 dur:1/8}
2025-12-26 13:18:33,894 INFO [111_Schubert_Impromptu_Op90-3_B1-8_page_0]   AbstractChordInter.java:627  | Measure{#6} No timeOffset for HeadChordInter#5190{(0.888/0.888) staff:12 slot#13 dur:1/2}
2025-12-26 13:18:33,894 INFO [111_Schubert_Impromptu_Op90-3_B1-8_page_0]   AbstractChordInter.java:627  | Measure{#6} No timeOffset for HeadChordInter#5183{(0.873/0.873) staff:11 slot#13 dur:1/2}
2025-12-26 13:18:33,895 INFO [111_Schubert_Impromptu_Op90-3_B1-8_page_0]   AbstractChordInter.java:627  | Measure{#6} No timeOffset for HeadChordInter#5188{(0.951/0.951) staff:11 slot#18 dur:1/8}
2025-12-26 13:18:33,895 INFO [111_Schubert_Impromptu_Op90-3_B1-8_page_0]   AbstractChordInter.java:627  | Measure{#6} No timeOffset for HeadChordInter#5190{(0.888/0.888) staff:12 slot#13 dur:1/2}
2025-12-26 13:18:33,896 INFO [111_Schubert_Impromptu_Op90-3_B1-8_page_0]   AbstractChordInter.java:627  | Measure{#6} No timeOffset for HeadChordInter#5189{(0.874/0.874) staff:11 slot#19 dur:1/2}
2025-12-26 13:18:33,896 INFO [111_Schubert_Impromptu_Op90-3_B1-8_page_0]   AbstractChordInter.java:627  | Measure{#6} No timeOffset for HeadChordInter#5188{(0.951/0.951) staff:11 slot#18 dur:1/8}
2025-12-26 13:18:33,897 INFO [111_Schubert_Impromptu_Op90-3_B1-8_page_0]   AbstractChordInter.java:627  | Measure{#6} No timeOffset for HeadChordInter#5191{(0.930/0.930) staff:12 slot#19 dur:1/2}
2025-12-26 13:18:33,898 INFO [111_Schubert_Impromptu_Op90-3_B1-8_page_0]                Voice.java:257  | Measure{#6} Voice{#1 excess:1/2} too long
2025-12-26 13:18:33,899 INFO [111_Schubert_Impromptu_Op90-3_B1-8_page_0]          StackRhythm.java:224  | S6 MeasureStack#6 no correct rhythm
2025-12-26 13:18:33,905 INFO [111_Schubert_Impromptu_Op90-3_B1-8_page_0]        MeasureRhythm.java:1045 | Measure{#7} No timeOffset for HeadChordInter#5204{(0.934/0.934) staff:13 slot#13 dur:1/4}
2025-12-26 13:18:33,905 INFO [111_Schubert_Impromptu_Op90-3_B1-8_page_0]        MeasureRhythm.java:1045 | Measure{#7} No timeOffset for RestChordInter#6114{(0.800/0.800) staff:13 slot#13 dur:1/8}
2025-12-26 13:18:33,905 INFO [111_Schubert_Impromptu_Op90-3_B1-8_page_0]   AbstractChordInter.java:627  | Measure{#7} No timeOffset for HeadChordInter#5204{(0.934/0.934) staff:13 slot#13 dur:1/4}
2025-12-26 13:18:33,906 INFO [111_Schubert_Impromptu_Op90-3_B1-8_page_0]   AbstractChordInter.java:627  | Measure{#7} No timeOffset for RestChordInter#6114{(0.800/0.800) staff:13 slot#13 dur:1/8}
2025-12-26 13:18:33,906 INFO [111_Schubert_Impromptu_Op90-3_B1-8_page_0]   AbstractChordInter.java:627  | Measure{#7} No timeOffset for HeadChordInter#5204{(0.934/0.934) staff:13 slot#13 dur:1/4}
2025-12-26 13:18:33,906 INFO [111_Schubert_Impromptu_Op90-3_B1-8_page_0]   AbstractChordInter.java:627  | Measure{#7} No timeOffset for HeadChordInter#5206{(0.940/0.940) staff:13 slot#15 dur:1/8}
2025-12-26 13:18:33,907 INFO [111_Schubert_Impromptu_Op90-3_B1-8_page_0]   AbstractChordInter.java:627  | Measure{#7} No timeOffset for HeadChordInter#5207{(0.938/0.938) staff:13 slot#16 dur:1/4}
2025-12-26 13:18:33,907 INFO [111_Schubert_Impromptu_Op90-3_B1-8_page_0]   AbstractChordInter.java:627  | Measure{#7} No timeOffset for RestChordInter#6115{(0.800/0.800) staff:13 slot#16 dur:1/8}
2025-12-26 13:18:33,907 INFO [111_Schubert_Impromptu_Op90-3_B1-8_page_0]   AbstractChordInter.java:627  | Measure{#7} No timeOffset for HeadChordInter#5207{(0.938/0.938) staff:13 slot#16 dur:1/4}
2025-12-26 13:18:33,907 INFO [111_Schubert_Impromptu_Op90-3_B1-8_page_0]   AbstractChordInter.java:627  | Measure{#7} No timeOffset for HeadChordInter#5209{(0.944/0.944) staff:13 slot#18 dur:1/8}
2025-12-26 13:18:33,907 INFO [111_Schubert_Impromptu_Op90-3_B1-8_page_0]   AbstractChordInter.java:627  | Measure{#7} No timeOffset for HeadChordInter#5210{(0.931/0.931) staff:13 slot#19 dur:1/4}
2025-12-26 13:18:33,908 INFO [111_Schubert_Impromptu_Op90-3_B1-8_page_0]   AbstractChordInter.java:627  | Measure{#7} No timeOffset for RestChordInter#6116{(0.800/0.800) staff:13 slot#19 dur:1/8}
2025-12-26 13:18:33,908 INFO [111_Schubert_Impromptu_Op90-3_B1-8_page_0]   AbstractChordInter.java:627  | Measure{#7} No timeOffset for HeadChordInter#5210{(0.931/0.931) staff:13 slot#19 dur:1/4}
2025-12-26 13:18:33,908 INFO [111_Schubert_Impromptu_Op90-3_B1-8_page_0]   AbstractChordInter.java:627  | Measure{#7} No timeOffset for HeadChordInter#5212{(0.939/0.939) staff:13 slot#21 dur:1/8}
2025-12-26 13:18:33,908 INFO [111_Schubert_Impromptu_Op90-3_B1-8_page_0]   AbstractChordInter.java:627  | Measure{#7} No timeOffset for HeadChordInter#5213{(0.938/0.938) staff:13 slot#22 dur:1/4}
2025-12-26 13:18:33,909 INFO [111_Schubert_Impromptu_Op90-3_B1-8_page_0]   AbstractChordInter.java:627  | Measure{#7} No timeOffset for RestChordInter#6117{(0.800/0.800) staff:13 slot#22 dur:1/8}
2025-12-26 13:18:33,909 INFO [111_Schubert_Impromptu_Op90-3_B1-8_page_0]                Voice.java:257  | Measure{#7} Voice{#5 excess:1/4} too long
2025-12-26 13:18:33,909 INFO [111_Schubert_Impromptu_Op90-3_B1-8_page_0]                Voice.java:257  | Measure{#7} Voice{#2 excess:1/4} too long
2025-12-26 13:18:33,909 INFO [111_Schubert_Impromptu_Op90-3_B1-8_page_0]                Voice.java:257  | Measure{#7} Voice{#3 excess:1/2} too long
2025-12-26 13:18:33,909 INFO [111_Schubert_Impromptu_Op90-3_B1-8_page_0]          StackRhythm.java:224  | S7 MeasureStack#7 no correct rhythm
2025-12-26 13:18:33,913 INFO [111_Schubert_Impromptu_Op90-3_B1-8_page_0]        MeasureRhythm.java:1045 | Measure{#8} No timeOffset for RestChordInter#6125{(0.800/0.800) staff:15 slot#13 dur:1/8}
2025-12-26 13:18:33,913 INFO [111_Schubert_Impromptu_Op90-3_B1-8_page_0]   AbstractChordInter.java:627  | Measure{#8} No timeOffset for RestChordInter#6125{(0.800/0.800) staff:15 slot#13 dur:1/8}
2025-12-26 13:18:33,914 INFO [111_Schubert_Impromptu_Op90-3_B1-8_page_0]   AbstractChordInter.java:627  | Measure{#8} No timeOffset for HeadChordInter#5238{(0.950/0.950) staff:15 slot#18 dur:1/8}
2025-12-26 13:18:33,914 INFO [111_Schubert_Impromptu_Op90-3_B1-8_page_0]                Voice.java:257  | Measure{#8} Voice{#1 excess:1/2} too long
2025-12-26 13:18:33,914 INFO [111_Schubert_Impromptu_Op90-3_B1-8_page_0]          StackRhythm.java:224  | S8 MeasureStack#8 no correct rhythm
2025-12-26 13:18:33,915 INFO [111_Schubert_Impromptu_Op90-3_B1-8_page_0]       StepMonitoring.java:98   | PAGE
2025-12-26 13:18:33,919 INFO [111_Schubert_Impromptu_Op90-3_B1-8_page_0]                Voice.java:257  | Measure{#1} Voice{#1 excess:1/2} too long
2025-12-26 13:18:33,920 INFO [111_Schubert_Impromptu_Op90-3_B1-8_page_0]                Voice.java:257  | Measure{#2} Voice{#1 excess:1/2} too long
2025-12-26 13:18:33,920 INFO [111_Schubert_Impromptu_Op90-3_B1-8_page_0]                Voice.java:257  | Measure{#3} Voice{#1 excess:1/2} too long
2025-12-26 13:18:33,920 INFO [111_Schubert_Impromptu_Op90-3_B1-8_page_0]                Voice.java:257  | Measure{#4} Voice{#2 excess:1/2} too long
2025-12-26 13:18:33,921 INFO [111_Schubert_Impromptu_Op90-3_B1-8_page_0]                Voice.java:257  | Measure{#4} Voice{#3 excess:1/4} too long
2025-12-26 13:18:33,921 INFO [111_Schubert_Impromptu_Op90-3_B1-8_page_0]                Voice.java:257  | Measure{#4} Voice{#6 excess:1/4} too long
2025-12-26 13:18:33,921 INFO [111_Schubert_Impromptu_Op90-3_B1-8_page_0]                Voice.java:257  | Measure{#5} Voice{#1 excess:1/2} too long
2025-12-26 13:18:33,921 INFO [111_Schubert_Impromptu_Op90-3_B1-8_page_0]                Voice.java:257  | Measure{#6} Voice{#1 excess:1/2} too long
2025-12-26 13:18:33,921 INFO [111_Schubert_Impromptu_Op90-3_B1-8_page_0]                Voice.java:257  | Measure{#7} Voice{#2 excess:1/4} too long
2025-12-26 13:18:33,922 INFO [111_Schubert_Impromptu_Op90-3_B1-8_page_0]                Voice.java:257  | Measure{#7} Voice{#3 excess:1/2} too long
2025-12-26 13:18:33,922 INFO [111_Schubert_Impromptu_Op90-3_B1-8_page_0]                Voice.java:257  | Measure{#7} Voice{#5 excess:1/4} too long
2025-12-26 13:18:33,922 INFO [111_Schubert_Impromptu_Op90-3_B1-8_page_0]                Voice.java:257  | Measure{#8} Voice{#1 excess:1/2} too long
2025-12-26 13:18:33,925 INFO [111_Schubert_Impromptu_Op90-3_B1-8_page_0]                 Book.java:2596 | Book{111_Schubert_Impromptu_Op90-3_B1-8_page_0} storing
2025-12-26 13:18:33,968 INFO [111_Schubert_Impromptu_Op90-3_B1-8_page_0]                 Book.java:2577 | Stored /book.xml
2025-12-26 13:18:34,055 INFO [111_Schubert_Impromptu_Op90-3_B1-8_page_0]           DataHolder.java:348  | Stored /sheet#1/BINARY.png
2025-12-26 13:18:34,782 INFO [111_Schubert_Impromptu_Op90-3_B1-8_page_0]                Sheet.java:1583 | Stored /sheet#1/sheet#1.xml
2025-12-26 13:18:34,782 INFO [111_Schubert_Impromptu_Op90-3_B1-8_page_0]                 Book.java:2537 | Book stored as C:\Users\Elliot\Downloads\Audiveris\scores\111_Schubert_Impromptu_Op90-3_B1-8_page_0.omr
2025-12-26 13:18:34,789 INFO [111_Schubert_Impromptu_Op90-3_B1-8_page_0]            SheetStub.java:1660 | Disposed sheet
2025-12-26 13:18:34,825 INFO [111_Schubert_Impromptu_Op90-3_B1-8_page_0]                 Book.java:2064 | End of Stub#1
2025-12-26 13:18:34,826 INFO [111_Schubert_Impromptu_Op90-3_B1-8_page_0]                 Book.java:2071 | Book processed.
2025-12-26 13:18:35,220 INFO [111_Schubert_Impromptu_Op90-3_B1-8_page_0]            SheetStub.java:997  | Loaded /sheet#1/sheet#1.xml
2025-12-26 13:18:35,651 INFO [111_Schubert_Impromptu_Op90-3_B1-8_page_0]      PartwiseBuilder.java:2688 | Exporting sheet(s): [#1]
2025-12-26 13:18:35,661 WARN [111_Schubert_Impromptu_Op90-3_B1-8_page_0]      PartwiseBuilder.java:1714 | Error visiting FermataInter#6003{(0.178/0.517) staff:1 FERMATA} in {Page#1.1}
java.lang.NullPointerException: Cannot invoke "org.audiveris.omr.sig.inter.AbstractNoteInter.getStaff()" because "this.current.note" is null
	at org.audiveris.omr.score.PartwiseBuilder.processFermata(PartwiseBuilder.java:1700)
	at org.audiveris.omr.score.PartwiseBuilder.processBarline(PartwiseBuilder.java:1289)
	at org.audiveris.omr.score.PartwiseBuilder.processMeasure(PartwiseBuilder.java:2142)
	at org.audiveris.omr.score.PartwiseBuilder.processPart(PartwiseBuilder.java:2659)
	at org.audiveris.omr.score.PartwiseBuilder.processSystem(PartwiseBuilder.java:3159)
	at org.audiveris.omr.score.PartwiseBuilder.processLogicalPart(PartwiseBuilder.java:1870)
	at org.audiveris.omr.score.PartwiseBuilder.processStub(PartwiseBuilder.java:3110)
	at org.audiveris.omr.score.PartwiseBuilder.processPartList(PartwiseBuilder.java:2691)
	at org.audiveris.omr.score.PartwiseBuilder.processScore(PartwiseBuilder.java:2922)
	at org.audiveris.omr.score.PartwiseBuilder.build(PartwiseBuilder.java:3478)
	at org.audiveris.omr.score.ScoreExporter.export(ScoreExporter.java:122)
	at org.audiveris.omr.score.ScoreExporter.export(ScoreExporter.java:163)
	at org.audiveris.omr.sheet.Book.export(Book.java:630)
	at org.audiveris.omr.CLI$ProcessingTask.processBook(CLI.java:897)
	at org.audiveris.omr.CLI$CliTask.call(CLI.java:505)
	at org.audiveris.omr.Main.runBatchTasks(Main.java:358)
	at org.audiveris.omr.Main.main(Main.java:260)
	at Audiveris.main(Audiveris.java:50)
2025-12-26 13:18:35,745 INFO [111_Schubert_Impromptu_Op90-3_B1-8_page_0]        ScoreExporter.java:164  | Score 111_Schubert_Impromptu_Op90-3_B1-8_page_0 exported to C:\Users\Elliot\Downloads\Audiveris\scores\111_Schubert_Impromptu_Op90-3_B1-8_page_0.mxl
2025-12-26 13:18:35,794 INFO [111_Schubert_Impromptu_Op90-3_B1-8_page_0]                Score.java:181  | Closing {Score 1}
