2025-12-26 13:18:37,643 INFO [112_Schubert_Impromptu_Op90-4_B31-50_page_0]                 Book.java:560  | 1 sheet in C:\Users\Elliot\Downloads\Audiveris\scores\112_Schubert_Impromptu_Op90-4_B31-50_page_0.jpg
2025-12-26 13:18:37,758 INFO []                 Book.java:2577 | Stored /book.xml
2025-12-26 13:18:37,759 INFO []                 Book.java:2537 | Book stored as C:\Users\Elliot\Downloads\Audiveris\scores\112_Schubert_Impromptu_Op90-4_B31-50_page_0.omr
2025-12-26 13:18:37,764 INFO []                 Book.java:1929 | Book reaching PAGE on sheets:[#1]
2025-12-26 13:18:37,770 INFO [112_Schubert_Impromptu_Op90-4_B31-50_page_0]       StepMonitoring.java:98   | LOAD
2025-12-26 13:18:37,862 INFO [112_Schubert_Impromptu_Op90-4_B31-50_page_0]            SheetStub.java:1273 | Loaded image #1 1653x2339 from C:\Users\Elliot\Downloads\Audiveris\scores\112_Schubert_Impromptu_Op90-4_B31-50_page_0.jpg
2025-12-26 13:18:37,865 INFO [112_Schubert_Impromptu_Op90-4_B31-50_page_0]            ImageUtil.java:124  | Converting max RGB to gray
2025-12-26 13:18:37,975 INFO [112_Schubert_Impromptu_Op90-4_B31-50_page_0]       StepMonitoring.java:98   | BINARY
2025-12-26 13:18:38,194 INFO [112_Schubert_Impromptu_Op90-4_B31-50_page_0]       StepMonitoring.java:98   | SCALE
2025-12-26 13:18:38,219 INFO [112_Schubert_Impromptu_Op90-4_B31-50_page_0]         ScaleBuilder.java:241  | Beam  guessed height:  6 -- 0.50 of 11 interline
2025-12-26 13:18:38,220 INFO [112_Schubert_Impromptu_Op90-4_B31-50_page_0]         ScaleBuilder.java:264  | Beam measured height:  7 -- 0.43 of [4..11] range at 706% of needed quorum
2025-12-26 13:18:38,221 INFO [112_Schubert_Impromptu_Op90-4_B31-50_page_0]            ScaleStep.java:65   | Scale{ interline(12,13,13) line(1,1,2) beam(7)}
2025-12-26 13:18:38,222 INFO [112_Schubert_Impromptu_Op90-4_B31-50_page_0]       StepMonitoring.java:98   | GRID
2025-12-26 13:18:38,635 INFO [112_Schubert_Impromptu_Op90-4_B31-50_page_0]       LinesRetriever.java:1500 | Global slope: 0.00000
2025-12-26 13:18:38,695 INFO [112_Schubert_Impromptu_Op90-4_B31-50_page_0]    ClustersRetriever.java:326  | Retrieved raw line clusters: 12 of sizes [5] with interline(12,13,13)
2025-12-26 13:18:38,887 INFO [112_Schubert_Impromptu_Op90-4_B31-50_page_0]            PeakGraph.java:310  | Systems: #1[1, 2] #2[3, 4] #3[5, 6] #4[7, 8] #5[9, 10] #6[11, 12]
2025-12-26 13:18:39,157 INFO [112_Schubert_Impromptu_Op90-4_B31-50_page_0]        SystemManager.java:134  | Indentation detected for system #1
2025-12-26 13:18:39,157 INFO [112_Schubert_Impromptu_Op90-4_B31-50_page_0]        SystemManager.java:779  | 1 part along 6 systems
2025-12-26 13:18:39,158 INFO [112_Schubert_Impromptu_Op90-4_B31-50_page_0]                 Book.java:543  | Created scores: [{Score 1}]
2025-12-26 13:18:39,160 INFO [112_Schubert_Impromptu_Op90-4_B31-50_page_0]       StepMonitoring.java:98   | HEADERS
2025-12-26 13:18:39,477 INFO [112_Schubert_Impromptu_Op90-4_B31-50_page_0]      BasicClassifier.java:286  | Classifier loaded XML norms.
2025-12-26 13:18:39,480 INFO [112_Schubert_Impromptu_Op90-4_B31-50_page_0]   AbstractClassifier.java:396  | Classifier data loaded from default uri jar:file:/C:/Users/Elliot/Downloads/Audiveris/app/audiveris.jar!/res/basic-classifier.zip
2025-12-26 13:18:40,288 INFO [112_Schubert_Impromptu_Op90-4_B31-50_page_0]       StepMonitoring.java:98   | STEM_SEEDS
2025-12-26 13:18:40,328 INFO [112_Schubert_Impromptu_Op90-4_B31-50_page_0]        StemSeedsStep.java:86   | stem(2 max:3)
2025-12-26 13:18:40,373 INFO [112_Schubert_Impromptu_Op90-4_B31-50_page_0]       StepMonitoring.java:98   | BEAMS
2025-12-26 13:18:41,522 INFO [112_Schubert_Impromptu_Op90-4_B31-50_page_0]       StepMonitoring.java:98   | LEDGERS
2025-12-26 13:18:41,713 INFO [112_Schubert_Impromptu_Op90-4_B31-50_page_0]       StepMonitoring.java:98   | HEADS
2025-12-26 13:18:43,644 INFO [112_Schubert_Impromptu_Op90-4_B31-50_page_0]        HeadSeedTally.java:235  | Scale information: HeadSeeds{NOTEHEAD_VOID[L:-0.4] NOTEHEAD_BLACK[L:-0.3,R:0.5]}
2025-12-26 13:18:43,645 INFO [112_Schubert_Impromptu_Op90-4_B31-50_page_0]       StepMonitoring.java:98   | STEMS
2025-12-26 13:18:44,400 INFO [112_Schubert_Impromptu_Op90-4_B31-50_page_0]       StepMonitoring.java:98   | REDUCTION
2025-12-26 13:18:44,569 INFO [112_Schubert_Impromptu_Op90-4_B31-50_page_0]        ReductionStep.java:105  | Stems free length median value: 45 pixels, 3.5 interlines
2025-12-26 13:18:44,575 INFO [112_Schubert_Impromptu_Op90-4_B31-50_page_0]       StepMonitoring.java:98   | CUE_BEAMS
2025-12-26 13:18:44,575 INFO [112_Schubert_Impromptu_Op90-4_B31-50_page_0]         CueBeamsStep.java:81   | Step CUE_BEAMS is skipped because small heads switch is off
2025-12-26 13:18:44,575 INFO [112_Schubert_Impromptu_Op90-4_B31-50_page_0]       StepMonitoring.java:98   | TEXTS
2025-12-26 13:18:44,655 WARN [112_Schubert_Impromptu_Op90-4_B31-50_page_0]         TesseractOCR.java:335  | The collection of supported languages is empty
2025-12-26 13:18:44,656 INFO [112_Schubert_Impromptu_Op90-4_B31-50_page_0]              OcrUtil.java:106  | Missing support for 'eng' language(s)
2025-12-26 13:18:44,668 INFO [112_Schubert_Impromptu_Op90-4_B31-50_page_0]       StepMonitoring.java:98   | MEASURES
2025-12-26 13:18:44,681 INFO [112_Schubert_Impromptu_Op90-4_B31-50_page_0]                 Page.java:307  | 20 raw measures: [3 in system#1, 3 in system#2, 3 in system#3, 4 in system#4, 4 in system#5, 3 in system#6]
2025-12-26 13:18:44,682 INFO [112_Schubert_Impromptu_Op90-4_B31-50_page_0]       StepMonitoring.java:98   | CHORDS
2025-12-26 13:18:44,703 INFO [112_Schubert_Impromptu_Op90-4_B31-50_page_0]       StepMonitoring.java:98   | CURVES
2025-12-26 13:18:45,318 INFO [112_Schubert_Impromptu_Op90-4_B31-50_page_0]         SlursBuilder.java:240  | Slurs: 20
2025-12-26 13:18:45,329 INFO [112_Schubert_Impromptu_Op90-4_B31-50_page_0]      SegmentsBuilder.java:155  | Segments: 7
2025-12-26 13:18:45,333 INFO [112_Schubert_Impromptu_Op90-4_B31-50_page_0]       StepMonitoring.java:98   | SYMBOLS
2025-12-26 13:18:45,696 INFO [112_Schubert_Impromptu_Op90-4_B31-50_page_0]       StepMonitoring.java:98   | LINKS
2025-12-26 13:18:45,741 INFO [112_Schubert_Impromptu_Op90-4_B31-50_page_0]        SymbolsLinker.java:258  | No chord linked to OctaveShiftInter#6120{(0.212) staff:10 OTTAVA BASSA}
2025-12-26 13:18:45,756 INFO [112_Schubert_Impromptu_Op90-4_B31-50_page_0]        SymbolsLinker.java:258  | No chord linked to OctaveShiftInter#6141{(0.212) staff:11 OTTAVA ALTA}
2025-12-26 13:18:45,764 INFO [112_Schubert_Impromptu_Op90-4_B31-50_page_0]       StepMonitoring.java:98   | RHYTHMS
2025-12-26 13:18:45,823 INFO [112_Schubert_Impromptu_Op90-4_B31-50_page_0]        MeasureRhythm.java:1045 | Measure{#11} No timeOffset for RestChordInter#6117{(0.791/0.791) staff:7 slot#10 dur:1/8}
2025-12-26 13:18:45,825 INFO [112_Schubert_Impromptu_Op90-4_B31-50_page_0]          StackRhythm.java:224  | S4 MeasureStack#11 no correct rhythm
2025-12-26 13:18:45,838 INFO [112_Schubert_Impromptu_Op90-4_B31-50_page_0]        MeasureRhythm.java:1045 | Measure{#15} No timeOffset for RestChordInter#6136{(0.797/0.797) staff:9 slot#10 dur:1/8}
2025-12-26 13:18:45,839 INFO [112_Schubert_Impromptu_Op90-4_B31-50_page_0]          StackRhythm.java:224  | S5 MeasureStack#15 no correct rhythm
2025-12-26 13:18:45,842 INFO [112_Schubert_Impromptu_Op90-4_B31-50_page_0]        MeasureRhythm.java:1045 | Measure{#16} No timeOffset for RestChordInter#6137{(0.792/0.792) staff:9 slot#10 dur:1/8}
2025-12-26 13:18:45,842 INFO [112_Schubert_Impromptu_Op90-4_B31-50_page_0]          StackRhythm.java:224  | S5 MeasureStack#16 no correct rhythm
2025-12-26 13:18:45,850 INFO [112_Schubert_Impromptu_Op90-4_B31-50_page_0]       StepMonitoring.java:98   | PAGE
2025-12-26 13:18:45,860 INFO [112_Schubert_Impromptu_Op90-4_B31-50_page_0]                 Book.java:2596 | Book{112_Schubert_Impromptu_Op90-4_B31-50_page_0} storing
2025-12-26 13:18:45,905 INFO [112_Schubert_Impromptu_Op90-4_B31-50_page_0]                 Book.java:2577 | Stored /book.xml
2025-12-26 13:18:45,984 INFO [112_Schubert_Impromptu_Op90-4_B31-50_page_0]           DataHolder.java:348  | Stored /sheet#1/BINARY.png
2025-12-26 13:18:46,837 INFO [112_Schubert_Impromptu_Op90-4_B31-50_page_0]                Sheet.java:1583 | Stored /sheet#1/sheet#1.xml
2025-12-26 13:18:46,838 INFO [112_Schubert_Impromptu_Op90-4_B31-50_page_0]                 Book.java:2537 | Book stored as C:\Users\Elliot\Downloads\Audiveris\scores\112_Schubert_Impromptu_Op90-4_B31-50_page_0.omr
2025-12-26 13:18:46,844 INFO [112_Schubert_Impromptu_Op90-4_B31-50_page_0]            SheetStub.java:1660 | Disposed sheet
2025-12-26 13:18:46,885 INFO [112_Schubert_Impromptu_Op90-4_B31-50_page_0]                 Book.java:2064 | End of Stub#1
2025-12-26 13:18:46,886 INFO [112_Schubert_Impromptu_Op90-4_B31-50_page_0]                 Book.java:2071 | Book processed.
2025-12-26 13:18:47,290 INFO [112_Schubert_Impromptu_Op90-4_B31-50_page_0]            SheetStub.java:997  | Loaded /sheet#1/sheet#1.xml
2025-12-26 13:18:47,671 INFO [112_Schubert_Impromptu_Op90-4_B31-50_page_0]      PartwiseBuilder.java:2688 | Exporting sheet(s): [#1]
2025-12-26 13:18:47,812 INFO [112_Schubert_Impromptu_Op90-4_B31-50_page_0]        ScoreExporter.java:164  | Score 112_Schubert_Impromptu_Op90-4_B31-50_page_0 exported to C:\Users\Elliot\Downloads\Audiveris\scores\112_Schubert_Impromptu_Op90-4_B31-50_page_0.mxl
2025-12-26 13:18:47,870 INFO [112_Schubert_Impromptu_Op90-4_B31-50_page_0]                Score.java:181  | Closing {Score 1}
