2025-12-26 13:19:04,558 INFO [113_Schubert_WandererFantasy_B18-46_page_1]                 Book.java:560  | 1 sheet in C:\Users\Elliot\Downloads\Audiveris\scores\113_Schubert_WandererFantasy_B18-46_page_1.jpg
2025-12-26 13:19:04,714 INFO []                 Book.java:2577 | Stored /book.xml
2025-12-26 13:19:04,714 INFO []                 Book.java:2537 | Book stored as C:\Users\Elliot\Downloads\Audiveris\scores\113_Schubert_WandererFantasy_B18-46_page_1.omr
2025-12-26 13:19:04,720 INFO []                 Book.java:1929 | Book reaching PAGE on sheets:[#1]
2025-12-26 13:19:04,727 INFO [113_Schubert_WandererFantasy_B18-46_page_1]       StepMonitoring.java:98   | LOAD
2025-12-26 13:19:04,809 INFO [113_Schubert_WandererFantasy_B18-46_page_1]            SheetStub.java:1273 | Loaded image #1 1653x2339 from C:\Users\Elliot\Downloads\Audiveris\scores\113_Schubert_WandererFantasy_B18-46_page_1.jpg
2025-12-26 13:19:04,813 INFO [113_Schubert_WandererFantasy_B18-46_page_1]            ImageUtil.java:124  | Converting max RGB to gray
2025-12-26 13:19:04,971 INFO [113_Schubert_WandererFantasy_B18-46_page_1]       StepMonitoring.java:98   | BINARY
2025-12-26 13:19:05,167 INFO [113_Schubert_WandererFantasy_B18-46_page_1]       StepMonitoring.java:98   | SCALE
2025-12-26 13:19:05,182 INFO [113_Schubert_WandererFantasy_B18-46_page_1]         ScaleBuilder.java:241  | Beam  guessed height:  4 -- 0.50 of 9 interline
2025-12-26 13:19:05,183 INFO [113_Schubert_WandererFantasy_B18-46_page_1]         ScaleBuilder.java:264  | Beam measured height:  6 -- 0.50 of [3..9] range at 1059% of needed quorum
2025-12-26 13:19:05,184 INFO [113_Schubert_WandererFantasy_B18-46_page_1]            ScaleStep.java:65   | Scale{ interline(10,11,11) line(1,1,1) beam(6)}
2025-12-26 13:19:05,185 INFO [113_Schubert_WandererFantasy_B18-46_page_1]       StepMonitoring.java:98   | GRID
2025-12-26 13:19:05,423 INFO [113_Schubert_WandererFantasy_B18-46_page_1]       LinesRetriever.java:1500 | Global slope: 0.00000
2025-12-26 13:19:05,446 INFO [113_Schubert_WandererFantasy_B18-46_page_1]    ClustersRetriever.java:326  | Retrieved raw line clusters: 4 of sizes [5] with interline(10,11,11)
2025-12-26 13:19:05,522 INFO [113_Schubert_WandererFantasy_B18-46_page_1]            PeakGraph.java:310  | Systems: #1[1, 2] #2[3, 4]
2025-12-26 13:19:05,712 INFO [113_Schubert_WandererFantasy_B18-46_page_1]        SystemManager.java:779  | 1 part along 2 systems
2025-12-26 13:19:05,713 INFO [113_Schubert_WandererFantasy_B18-46_page_1]                 Book.java:543  | Created scores: [{Score 1}]
2025-12-26 13:19:05,714 INFO [113_Schubert_WandererFantasy_B18-46_page_1]       StepMonitoring.java:98   | HEADERS
2025-12-26 13:19:06,001 INFO [113_Schubert_WandererFantasy_B18-46_page_1]      BasicClassifier.java:286  | Classifier loaded XML norms.
2025-12-26 13:19:06,007 INFO [113_Schubert_WandererFantasy_B18-46_page_1]   AbstractClassifier.java:396  | Classifier data loaded from default uri jar:file:/C:/Users/Elliot/Downloads/Audiveris/app/audiveris.jar!/res/basic-classifier.zip
2025-12-26 13:19:06,560 INFO [113_Schubert_WandererFantasy_B18-46_page_1]       StepMonitoring.java:98   | STEM_SEEDS
2025-12-26 13:19:06,605 INFO [113_Schubert_WandererFantasy_B18-46_page_1]        StemSeedsStep.java:86   | stem(1 max:2)
2025-12-26 13:19:06,649 INFO [113_Schubert_WandererFantasy_B18-46_page_1]       StepMonitoring.java:98   | BEAMS
2025-12-26 13:19:07,546 INFO [113_Schubert_WandererFantasy_B18-46_page_1]       StepMonitoring.java:98   | LEDGERS
2025-12-26 13:19:07,662 INFO [113_Schubert_WandererFantasy_B18-46_page_1]       StepMonitoring.java:98   | HEADS
2025-12-26 13:19:08,606 INFO [113_Schubert_WandererFantasy_B18-46_page_1]        HeadSeedTally.java:235  | Scale information: HeadSeeds{NOTEHEAD_BLACK[L:0.0,R:0.4]}
2025-12-26 13:19:08,607 INFO [113_Schubert_WandererFantasy_B18-46_page_1]       StepMonitoring.java:98   | STEMS
2025-12-26 13:19:09,159 INFO [113_Schubert_WandererFantasy_B18-46_page_1]       StepMonitoring.java:98   | REDUCTION
2025-12-26 13:19:09,290 INFO [113_Schubert_WandererFantasy_B18-46_page_1]        ReductionStep.java:105  | Stems free length median value: 37 pixels, 3.4 interlines
2025-12-26 13:19:09,295 INFO [113_Schubert_WandererFantasy_B18-46_page_1]       StepMonitoring.java:98   | CUE_BEAMS
2025-12-26 13:19:09,296 INFO [113_Schubert_WandererFantasy_B18-46_page_1]         CueBeamsStep.java:81   | Step CUE_BEAMS is skipped because small heads switch is off
2025-12-26 13:19:09,297 INFO [113_Schubert_WandererFantasy_B18-46_page_1]       StepMonitoring.java:98   | TEXTS
2025-12-26 13:19:09,358 WARN [113_Schubert_WandererFantasy_B18-46_page_1]         TesseractOCR.java:335  | The collection of supported languages is empty
2025-12-26 13:19:09,358 INFO [113_Schubert_WandererFantasy_B18-46_page_1]              OcrUtil.java:106  | Missing support for 'eng' language(s)
2025-12-26 13:19:09,366 INFO [113_Schubert_WandererFantasy_B18-46_page_1]       StepMonitoring.java:98   | MEASURES
2025-12-26 13:19:09,377 INFO [113_Schubert_WandererFantasy_B18-46_page_1]                 Page.java:307  | 6 raw measures: [3 in system#1, 3 in system#2]
2025-12-26 13:19:09,378 INFO [113_Schubert_WandererFantasy_B18-46_page_1]       StepMonitoring.java:98   | CHORDS
2025-12-26 13:19:09,400 INFO [113_Schubert_WandererFantasy_B18-46_page_1]       StepMonitoring.java:98   | CURVES
2025-12-26 13:19:09,890 INFO [113_Schubert_WandererFantasy_B18-46_page_1]         SlursBuilder.java:240  | Slurs: 1
2025-12-26 13:19:09,898 INFO [113_Schubert_WandererFantasy_B18-46_page_1]      SegmentsBuilder.java:155  | Segments: 5
2025-12-26 13:19:09,912 INFO [113_Schubert_WandererFantasy_B18-46_page_1]       StepMonitoring.java:98   | SYMBOLS
2025-12-26 13:19:10,115 INFO [113_Schubert_WandererFantasy_B18-46_page_1]       StepMonitoring.java:98   | LINKS
2025-12-26 13:19:10,175 INFO [113_Schubert_WandererFantasy_B18-46_page_1]       StepMonitoring.java:98   | RHYTHMS
2025-12-26 13:19:10,276 INFO [113_Schubert_WandererFantasy_B18-46_page_1]        MeasureRhythm.java:1277 | Measure{#4} Time inconsistency in {1/8=[HeadChordInter#3017{(0.952/0.952) staff:3 slot#4 off:1/8 dur:1/16}], 3/16=[HeadChordInter#3051{(0.957/0.957) staff:4 slot#4 off:3/16 dur:1/16}]}
2025-12-26 13:19:10,281 INFO [113_Schubert_WandererFantasy_B18-46_page_1]        MeasureRhythm.java:1277 | Measure{#4} Time inconsistency in {5/16=[HeadChordInter#3021{(0.954/0.954) staff:3 slot#8 off:5/16 dur:1/16}], 3/8=[HeadChordInter#3055{(0.955/0.955) staff:4 slot#8 off:3/8 dur:1/16}]}
2025-12-26 13:19:10,284 INFO [113_Schubert_WandererFantasy_B18-46_page_1]        MeasureRhythm.java:1277 | Measure{#4} Time inconsistency in {1/2=[HeadChordInter#3025{(0.957/0.957) staff:3 slot#12 off:1/2 dur:1/16}], 9/16=[HeadChordInter#3059{(0.958/0.958) staff:4 slot#12 off:9/16 dur:1/16}]}
2025-12-26 13:19:10,288 INFO [113_Schubert_WandererFantasy_B18-46_page_1]        MeasureRhythm.java:1277 | Measure{#4} Time inconsistency in {11/16=[HeadChordInter#3029{(0.954/0.954) staff:3 slot#16 off:11/16 dur:1/16}], 3/4=[HeadChordInter#3063{(0.957/0.957) staff:4 slot#16 off:3/4 dur:1/16}]}
2025-12-26 13:19:10,296 INFO [113_Schubert_WandererFantasy_B18-46_page_1]        MeasureRhythm.java:1277 | Measure{#5} Time inconsistency in {1/8=[HeadChordInter#3034{(0.955/0.955) staff:3 slot#4 off:1/8 dur:1/16}], 3/16=[HeadChordInter#3067{(0.964/0.964) staff:4 slot#4 off:3/16 dur:1/16}]}
2025-12-26 13:19:10,299 INFO [113_Schubert_WandererFantasy_B18-46_page_1]        MeasureRhythm.java:1277 | Measure{#5} Time inconsistency in {5/16=[HeadChordInter#3038{(0.954/0.954) staff:3 slot#8 off:5/16 dur:1/16}], 3/8=[HeadChordInter#3071{(0.963/0.963) staff:4 slot#8 off:3/8 dur:1/16}]}
2025-12-26 13:19:10,303 INFO [113_Schubert_WandererFantasy_B18-46_page_1]        MeasureRhythm.java:1277 | Measure{#5} Time inconsistency in {1/2=[HeadChordInter#3042{(0.956/0.956) staff:3 slot#12 off:1/2 dur:1/16}], 9/16=[HeadChordInter#3075{(0.963/0.963) staff:4 slot#12 off:9/16 dur:1/16}]}
2025-12-26 13:19:10,306 INFO [113_Schubert_WandererFantasy_B18-46_page_1]        MeasureRhythm.java:1277 | Measure{#5} Time inconsistency in {11/16=[HeadChordInter#3046{(0.955/0.955) staff:3 slot#16 off:11/16 dur:1/16}], 3/4=[HeadChordInter#3079{(0.963/0.963) staff:4 slot#16 off:3/4 dur:1/16}]}
2025-12-26 13:19:10,309 INFO [113_Schubert_WandererFantasy_B18-46_page_1]       StepMonitoring.java:98   | PAGE
2025-12-26 13:19:10,313 WARN [113_Schubert_WandererFantasy_B18-46_page_1]         MeasureFixer.java:343  | System#1 No target duration for measures local IDs [1, 2, 3], please check time signatures
2025-12-26 13:19:10,314 WARN [113_Schubert_WandererFantasy_B18-46_page_1]         MeasureFixer.java:343  | System#2 No target duration for measures local IDs [4, 5, 6], please check time signatures
2025-12-26 13:19:10,321 INFO [113_Schubert_WandererFantasy_B18-46_page_1]                 Book.java:2596 | Book{113_Schubert_WandererFantasy_B18-46_page_1} storing
2025-12-26 13:19:10,356 INFO [113_Schubert_WandererFantasy_B18-46_page_1]                 Book.java:2577 | Stored /book.xml
2025-12-26 13:19:10,445 INFO [113_Schubert_WandererFantasy_B18-46_page_1]           DataHolder.java:348  | Stored /sheet#1/BINARY.png
2025-12-26 13:19:11,036 INFO [113_Schubert_WandererFantasy_B18-46_page_1]                Sheet.java:1583 | Stored /sheet#1/sheet#1.xml
2025-12-26 13:19:11,037 INFO [113_Schubert_WandererFantasy_B18-46_page_1]                 Book.java:2537 | Book stored as C:\Users\Elliot\Downloads\Audiveris\scores\113_Schubert_WandererFantasy_B18-46_page_1.omr
2025-12-26 13:19:11,041 INFO [113_Schubert_WandererFantasy_B18-46_page_1]            SheetStub.java:1660 | Disposed sheet
2025-12-26 13:19:11,073 INFO [113_Schubert_WandererFantasy_B18-46_page_1]                 Book.java:2064 | End of Stub#1
2025-12-26 13:19:11,074 INFO [113_Schubert_WandererFantasy_B18-46_page_1]                 Book.java:2071 | Book processed.
2025-12-26 13:19:11,348 INFO [113_Schubert_WandererFantasy_B18-46_page_1]            SheetStub.java:997  | Loaded /sheet#1/sheet#1.xml
2025-12-26 13:19:11,752 INFO [113_Schubert_WandererFantasy_B18-46_page_1]      PartwiseBuilder.java:2688 | Exporting sheet(s): [#1]
2025-12-26 13:19:11,862 INFO [113_Schubert_WandererFantasy_B18-46_page_1]        ScoreExporter.java:164  | Score 113_Schubert_WandererFantasy_B18-46_page_1 exported to C:\Users\Elliot\Downloads\Audiveris\scores\113_Schubert_WandererFantasy_B18-46_page_1.mxl
2025-12-26 13:19:11,901 INFO [113_Schubert_WandererFantasy_B18-46_page_1]                Score.java:181  | Closing {Score 1}
