2025-12-26 13:19:13,813 INFO [114_Schubert_PSon_No16_D845_Mov3_B0-28_page_0]                 Book.java:560  | 1 sheet in C:\Users\Elliot\Downloads\Audiveris\scores\114_Schubert_PSon_No16_D845_Mov3_B0-28_page_0.jpg
2025-12-26 13:19:13,965 INFO []                 Book.java:2577 | Stored /book.xml
2025-12-26 13:19:13,966 INFO []                 Book.java:2537 | Book stored as C:\Users\Elliot\Downloads\Audiveris\scores\114_Schubert_PSon_No16_D845_Mov3_B0-28_page_0.omr
2025-12-26 13:19:13,976 INFO []                 Book.java:1929 | Book reaching PAGE on sheets:[#1]
2025-12-26 13:19:13,983 INFO [114_Schubert_PSon_No16_D845_Mov3_B0-28_page_0]       StepMonitoring.java:98   | LOAD
2025-12-26 13:19:14,093 INFO [114_Schubert_PSon_No16_D845_Mov3_B0-28_page_0]            SheetStub.java:1273 | Loaded image #1 1653x2339 from C:\Users\Elliot\Downloads\Audiveris\scores\114_Schubert_PSon_No16_D845_Mov3_B0-28_page_0.jpg
2025-12-26 13:19:14,096 INFO [114_Schubert_PSon_No16_D845_Mov3_B0-28_page_0]            ImageUtil.java:124  | Converting max RGB to gray
2025-12-26 13:19:14,202 INFO [114_Schubert_PSon_No16_D845_Mov3_B0-28_page_0]       StepMonitoring.java:98   | BINARY
2025-12-26 13:19:14,419 INFO [114_Schubert_PSon_No16_D845_Mov3_B0-28_page_0]       StepMonitoring.java:98   | SCALE
2025-12-26 13:19:14,442 INFO [114_Schubert_PSon_No16_D845_Mov3_B0-28_page_0]         ScaleBuilder.java:241  | Beam  guessed height:  5 -- 0.50 of 10 interline
2025-12-26 13:19:14,443 INFO [114_Schubert_PSon_No16_D845_Mov3_B0-28_page_0]         ScaleBuilder.java:264  | Beam measured height:  7 -- 0.57 of [3..10] range at 253% of needed quorum
2025-12-26 13:19:14,444 INFO [114_Schubert_PSon_No16_D845_Mov3_B0-28_page_0]            ScaleStep.java:65   | Scale{ interline(11,12,12) line(1,1,3) beam(7)}
2025-12-26 13:19:14,445 INFO [114_Schubert_PSon_No16_D845_Mov3_B0-28_page_0]       StepMonitoring.java:98   | GRID
2025-12-26 13:19:14,826 INFO [114_Schubert_PSon_No16_D845_Mov3_B0-28_page_0]       LinesRetriever.java:1500 | Global slope: 0.00000
2025-12-26 13:19:14,946 INFO [114_Schubert_PSon_No16_D845_Mov3_B0-28_page_0]    ClustersRetriever.java:326  | Retrieved raw line clusters: 8 of sizes [5] with interline(11,12,12)
2025-12-26 13:19:15,123 INFO [114_Schubert_PSon_No16_D845_Mov3_B0-28_page_0]            PeakGraph.java:310  | Systems: #1[1, 2] #2[3, 4] #3[5, 6] #4[7, 8]
2025-12-26 13:19:15,423 INFO [114_Schubert_PSon_No16_D845_Mov3_B0-28_page_0]        SystemManager.java:134  | Indentation detected for system #1
2025-12-26 13:19:15,424 INFO [114_Schubert_PSon_No16_D845_Mov3_B0-28_page_0]        SystemManager.java:779  | 1 part along 4 systems
2025-12-26 13:19:15,425 INFO [114_Schubert_PSon_No16_D845_Mov3_B0-28_page_0]                 Book.java:543  | Created scores: [{Score 1}]
2025-12-26 13:19:15,426 INFO [114_Schubert_PSon_No16_D845_Mov3_B0-28_page_0]       StepMonitoring.java:98   | HEADERS
2025-12-26 13:19:15,765 INFO []      BasicClassifier.java:286  | Classifier loaded XML norms.
2025-12-26 13:19:15,769 INFO []   AbstractClassifier.java:396  | Classifier data loaded from default uri jar:file:/C:/Users/Elliot/Downloads/Audiveris/app/audiveris.jar!/res/basic-classifier.zip
2025-12-26 13:19:16,431 INFO [114_Schubert_PSon_No16_D845_Mov3_B0-28_page_0]       StepMonitoring.java:98   | STEM_SEEDS
2025-12-26 13:19:16,474 INFO [114_Schubert_PSon_No16_D845_Mov3_B0-28_page_0]        StemSeedsStep.java:86   | stem(2 max:3)
2025-12-26 13:19:16,535 INFO [114_Schubert_PSon_No16_D845_Mov3_B0-28_page_0]       StepMonitoring.java:98   | BEAMS
2025-12-26 13:19:17,572 INFO [114_Schubert_PSon_No16_D845_Mov3_B0-28_page_0]       StepMonitoring.java:98   | LEDGERS
2025-12-26 13:19:17,748 INFO [114_Schubert_PSon_No16_D845_Mov3_B0-28_page_0]       StepMonitoring.java:98   | HEADS
2025-12-26 13:19:19,223 INFO [114_Schubert_PSon_No16_D845_Mov3_B0-28_page_0]        HeadSeedTally.java:235  | Scale information: HeadSeeds{NOTEHEAD_VOID[L:-0.4,R:0.5] NOTEHEAD_BLACK[L:-0.4,R:0.4]}
2025-12-26 13:19:19,225 INFO [114_Schubert_PSon_No16_D845_Mov3_B0-28_page_0]       StepMonitoring.java:98   | STEMS
2025-12-26 13:19:20,019 INFO [114_Schubert_PSon_No16_D845_Mov3_B0-28_page_0]       StepMonitoring.java:98   | REDUCTION
2025-12-26 13:19:20,170 INFO [114_Schubert_PSon_No16_D845_Mov3_B0-28_page_0]        ReductionStep.java:105  | Stems free length median value: 41 pixels, 3.4 interlines
2025-12-26 13:19:20,175 INFO [114_Schubert_PSon_No16_D845_Mov3_B0-28_page_0]       StepMonitoring.java:98   | CUE_BEAMS
2025-12-26 13:19:20,175 INFO [114_Schubert_PSon_No16_D845_Mov3_B0-28_page_0]         CueBeamsStep.java:81   | Step CUE_BEAMS is skipped because small heads switch is off
2025-12-26 13:19:20,176 INFO [114_Schubert_PSon_No16_D845_Mov3_B0-28_page_0]       StepMonitoring.java:98   | TEXTS
2025-12-26 13:19:20,259 WARN [114_Schubert_PSon_No16_D845_Mov3_B0-28_page_0]         TesseractOCR.java:335  | The collection of supported languages is empty
2025-12-26 13:19:20,260 INFO [114_Schubert_PSon_No16_D845_Mov3_B0-28_page_0]              OcrUtil.java:106  | Missing support for 'eng' language(s)
2025-12-26 13:19:20,268 INFO [114_Schubert_PSon_No16_D845_Mov3_B0-28_page_0]       StepMonitoring.java:98   | MEASURES
2025-12-26 13:19:20,283 INFO [114_Schubert_PSon_No16_D845_Mov3_B0-28_page_0]                 Page.java:307  | 29 raw measures: [8 in system#1, 7 in system#2, 7 in system#3, 7 in system#4]
2025-12-26 13:19:20,284 INFO [114_Schubert_PSon_No16_D845_Mov3_B0-28_page_0]       StepMonitoring.java:98   | CHORDS
2025-12-26 13:19:20,308 INFO [114_Schubert_PSon_No16_D845_Mov3_B0-28_page_0]       StepMonitoring.java:98   | CURVES
2025-12-26 13:19:20,911 INFO [114_Schubert_PSon_No16_D845_Mov3_B0-28_page_0]         SlursBuilder.java:240  | Slurs: 50
2025-12-26 13:19:20,938 INFO [114_Schubert_PSon_No16_D845_Mov3_B0-28_page_0]      SegmentsBuilder.java:155  | Segments: 22
2025-12-26 13:19:20,948 INFO [114_Schubert_PSon_No16_D845_Mov3_B0-28_page_0]       StepMonitoring.java:98   | SYMBOLS
2025-12-26 13:19:21,477 INFO [114_Schubert_PSon_No16_D845_Mov3_B0-28_page_0]       StepMonitoring.java:98   | LINKS
2025-12-26 13:19:21,510 INFO [114_Schubert_PSon_No16_D845_Mov3_B0-28_page_0]             KeyInter.java:1165 | No effective key before AlterInter#5739{(0.800) staff:5 NATURAL pitch:-3.0}
2025-12-26 13:19:21,511 INFO [114_Schubert_PSon_No16_D845_Mov3_B0-28_page_0]             KeyInter.java:1165 | No effective key before AlterInter#5732{(0.800) staff:6 NATURAL pitch:4.0}
2025-12-26 13:19:21,535 INFO [114_Schubert_PSon_No16_D845_Mov3_B0-28_page_0]       StepMonitoring.java:98   | RHYTHMS
2025-12-26 13:19:21,554 INFO [114_Schubert_PSon_No16_D845_Mov3_B0-28_page_0]                Voice.java:257  | Measure{#2} Voice{#2 excess:1/8} too long
2025-12-26 13:19:21,555 INFO [114_Schubert_PSon_No16_D845_Mov3_B0-28_page_0]          StackRhythm.java:224  | S1 MeasureStack#2 no correct rhythm
2025-12-26 13:19:21,559 INFO [114_Schubert_PSon_No16_D845_Mov3_B0-28_page_0]                Voice.java:257  | Measure{#3} Voice{#2 excess:1/8} too long
2025-12-26 13:19:21,560 INFO [114_Schubert_PSon_No16_D845_Mov3_B0-28_page_0]          StackRhythm.java:224  | S1 MeasureStack#3 no correct rhythm
2025-12-26 13:19:21,584 INFO [114_Schubert_PSon_No16_D845_Mov3_B0-28_page_0]        MeasureRhythm.java:1045 | Measure{#9} No timeOffset for HeadChordInter#4726{(0.948/0.948) staff:3 slot#3 dur:1/4}
2025-12-26 13:19:21,585 INFO [114_Schubert_PSon_No16_D845_Mov3_B0-28_page_0]          StackRhythm.java:224  | S2 MeasureStack#9 no correct rhythm
2025-12-26 13:19:21,595 INFO [114_Schubert_PSon_No16_D845_Mov3_B0-28_page_0]                Voice.java:257  | Measure{#16} Voice{#1 excess:1/8} too long
2025-12-26 13:19:21,596 INFO [114_Schubert_PSon_No16_D845_Mov3_B0-28_page_0]          StackRhythm.java:224  | S3 MeasureStack#16 no correct rhythm
2025-12-26 13:19:21,601 INFO [114_Schubert_PSon_No16_D845_Mov3_B0-28_page_0]                Voice.java:257  | Measure{#20} Voice{#1 excess:1/2} too long
2025-12-26 13:19:21,603 INFO [114_Schubert_PSon_No16_D845_Mov3_B0-28_page_0]                Voice.java:257  | Measure{#20} Voice{#6 excess:1/2} too long
2025-12-26 13:19:21,604 INFO [114_Schubert_PSon_No16_D845_Mov3_B0-28_page_0]          StackRhythm.java:224  | S3 MeasureStack#20 no correct rhythm
2025-12-26 13:19:21,624 INFO [114_Schubert_PSon_No16_D845_Mov3_B0-28_page_0]       StepMonitoring.java:98   | PAGE
2025-12-26 13:19:21,630 INFO [114_Schubert_PSon_No16_D845_Mov3_B0-28_page_0]                Voice.java:257  | Measure{#2} Voice{#2 excess:1/8} too long
2025-12-26 13:19:21,631 INFO [114_Schubert_PSon_No16_D845_Mov3_B0-28_page_0]                Voice.java:257  | Measure{#3} Voice{#2 excess:1/8} too long
2025-12-26 13:19:21,633 INFO [114_Schubert_PSon_No16_D845_Mov3_B0-28_page_0]                Voice.java:257  | Measure{#16} Voice{#1 excess:1/8} too long
2025-12-26 13:19:21,633 INFO [114_Schubert_PSon_No16_D845_Mov3_B0-28_page_0]                Voice.java:257  | Measure{#20} Voice{#1 excess:1/2} too long
2025-12-26 13:19:21,634 INFO [114_Schubert_PSon_No16_D845_Mov3_B0-28_page_0]                Voice.java:257  | Measure{#20} Voice{#6 excess:1/2} too long
2025-12-26 13:19:21,638 INFO [114_Schubert_PSon_No16_D845_Mov3_B0-28_page_0]                 Book.java:2596 | Book{114_Schubert_PSon_No16_D845_Mov3_B0-28_page_0} storing
2025-12-26 13:19:21,682 INFO [114_Schubert_PSon_No16_D845_Mov3_B0-28_page_0]                 Book.java:2577 | Stored /book.xml
2025-12-26 13:19:21,758 INFO [114_Schubert_PSon_No16_D845_Mov3_B0-28_page_0]           DataHolder.java:348  | Stored /sheet#1/BINARY.png
2025-12-26 13:19:22,442 INFO [114_Schubert_PSon_No16_D845_Mov3_B0-28_page_0]                Sheet.java:1583 | Stored /sheet#1/sheet#1.xml
2025-12-26 13:19:22,443 INFO [114_Schubert_PSon_No16_D845_Mov3_B0-28_page_0]                 Book.java:2537 | Book stored as C:\Users\Elliot\Downloads\Audiveris\scores\114_Schubert_PSon_No16_D845_Mov3_B0-28_page_0.omr
2025-12-26 13:19:22,447 INFO [114_Schubert_PSon_No16_D845_Mov3_B0-28_page_0]            SheetStub.java:1660 | Disposed sheet
2025-12-26 13:19:22,480 INFO [114_Schubert_PSon_No16_D845_Mov3_B0-28_page_0]                 Book.java:2064 | End of Stub#1
2025-12-26 13:19:22,482 INFO [114_Schubert_PSon_No16_D845_Mov3_B0-28_page_0]                 Book.java:2071 | Book processed.
2025-12-26 13:19:22,878 INFO [114_Schubert_PSon_No16_D845_Mov3_B0-28_page_0]            SheetStub.java:997  | Loaded /sheet#1/sheet#1.xml
2025-12-26 13:19:23,258 INFO [114_Schubert_PSon_No16_D845_Mov3_B0-28_page_0]      PartwiseBuilder.java:2688 | Exporting sheet(s): [#1]
2025-12-26 13:19:23,375 INFO [114_Schubert_PSon_No16_D845_Mov3_B0-28_page_0]        ScoreExporter.java:164  | Score 114_Schubert_PSon_No16_D845_Mov3_B0-28_page_0 exported to C:\Users\Elliot\Downloads\Audiveris\scores\114_Schubert_PSon_No16_D845_Mov3_B0-28_page_0.mxl
2025-12-26 13:19:23,427 INFO [114_Schubert_PSon_No16_D845_Mov3_B0-28_page_0]                Score.java:181  | Closing {Score 1}
