2025-12-26 13:19:25,255 INFO [115_Brahms_Waltz_Op39-15_B1-23_page_0]                 Book.java:560  | 1 sheet in C:\Users\Elliot\Downloads\Audiveris\scores\115_Brahms_Waltz_Op39-15_B1-23_page_0.jpg
2025-12-26 13:19:25,397 INFO []                 Book.java:2577 | Stored /book.xml
2025-12-26 13:19:25,398 INFO []                 Book.java:2537 | Book stored as C:\Users\Elliot\Downloads\Audiveris\scores\115_Brahms_Waltz_Op39-15_B1-23_page_0.omr
2025-12-26 13:19:25,407 INFO []                 Book.java:1929 | Book reaching PAGE on sheets:[#1]
2025-12-26 13:19:25,411 INFO [115_Brahms_Waltz_Op39-15_B1-23_page_0]       StepMonitoring.java:98   | LOAD
2025-12-26 13:19:25,534 INFO [115_Brahms_Waltz_Op39-15_B1-23_page_0]            SheetStub.java:1273 | Loaded image #1 1653x2339 from C:\Users\Elliot\Downloads\Audiveris\scores\115_Brahms_Waltz_Op39-15_B1-23_page_0.jpg
2025-12-26 13:19:25,539 INFO [115_Brahms_Waltz_Op39-15_B1-23_page_0]            ImageUtil.java:124  | Converting max RGB to gray
2025-12-26 13:19:25,672 INFO [115_Brahms_Waltz_Op39-15_B1-23_page_0]       StepMonitoring.java:98   | BINARY
2025-12-26 13:19:25,992 INFO [115_Brahms_Waltz_Op39-15_B1-23_page_0]       StepMonitoring.java:98   | SCALE
2025-12-26 13:19:26,018 INFO [115_Brahms_Waltz_Op39-15_B1-23_page_0]         ScaleBuilder.java:241  | Beam  guessed height:  6 -- 0.50 of 12 interline
2025-12-26 13:19:26,020 INFO [115_Brahms_Waltz_Op39-15_B1-23_page_0]         ScaleBuilder.java:264  | Beam measured height:  7 -- 0.38 of [4..12] range at 194% of needed quorum
2025-12-26 13:19:26,021 INFO [115_Brahms_Waltz_Op39-15_B1-23_page_0]            ScaleStep.java:65   | Scale{ interline(13,14,14) line(1,1,3) beam(7)}
2025-12-26 13:19:26,022 INFO [115_Brahms_Waltz_Op39-15_B1-23_page_0]       StepMonitoring.java:98   | GRID
2025-12-26 13:19:26,519 INFO [115_Brahms_Waltz_Op39-15_B1-23_page_0]       LinesRetriever.java:1500 | Global slope: 0.00000
2025-12-26 13:19:26,581 INFO [115_Brahms_Waltz_Op39-15_B1-23_page_0]    ClustersRetriever.java:326  | Retrieved raw line clusters: 10 of sizes [5] with interline(13,14,14)
2025-12-26 13:19:26,736 INFO [115_Brahms_Waltz_Op39-15_B1-23_page_0]            PeakGraph.java:310  | Systems: #1[1, 2] #2[3, 4] #3[5, 6] #4[7, 8] #5[9, 10]
2025-12-26 13:19:27,016 INFO [115_Brahms_Waltz_Op39-15_B1-23_page_0]        SystemManager.java:779  | 1 part along 5 systems
2025-12-26 13:19:27,017 INFO [115_Brahms_Waltz_Op39-15_B1-23_page_0]                 Book.java:543  | Created scores: [{Score 1}]
2025-12-26 13:19:27,018 INFO [115_Brahms_Waltz_Op39-15_B1-23_page_0]       StepMonitoring.java:98   | HEADERS
2025-12-26 13:19:27,355 INFO []      BasicClassifier.java:286  | Classifier loaded XML norms.
2025-12-26 13:19:27,359 INFO []   AbstractClassifier.java:396  | Classifier data loaded from default uri jar:file:/C:/Users/Elliot/Downloads/Audiveris/app/audiveris.jar!/res/basic-classifier.zip
2025-12-26 13:19:28,238 INFO [115_Brahms_Waltz_Op39-15_B1-23_page_0]       StepMonitoring.java:98   | STEM_SEEDS
2025-12-26 13:19:28,283 INFO [115_Brahms_Waltz_Op39-15_B1-23_page_0]        StemSeedsStep.java:86   | stem(2 max:2)
2025-12-26 13:19:28,325 INFO [115_Brahms_Waltz_Op39-15_B1-23_page_0]       StepMonitoring.java:98   | BEAMS
2025-12-26 13:19:29,365 INFO [115_Brahms_Waltz_Op39-15_B1-23_page_0]       StepMonitoring.java:98   | LEDGERS
2025-12-26 13:19:29,496 INFO [115_Brahms_Waltz_Op39-15_B1-23_page_0]       StepMonitoring.java:98   | HEADS
2025-12-26 13:19:31,538 INFO [115_Brahms_Waltz_Op39-15_B1-23_page_0]        HeadSeedTally.java:235  | Scale information: HeadSeeds{NOTEHEAD_BLACK[L:0.1,R:0.4]}
2025-12-26 13:19:31,540 INFO [115_Brahms_Waltz_Op39-15_B1-23_page_0]       StepMonitoring.java:98   | STEMS
2025-12-26 13:19:32,201 INFO [115_Brahms_Waltz_Op39-15_B1-23_page_0]       StepMonitoring.java:98   | REDUCTION
2025-12-26 13:19:32,411 INFO [115_Brahms_Waltz_Op39-15_B1-23_page_0]        ReductionStep.java:105  | Stems free length median value: 48 pixels, 3.4 interlines
2025-12-26 13:19:32,421 INFO [115_Brahms_Waltz_Op39-15_B1-23_page_0]       StepMonitoring.java:98   | CUE_BEAMS
2025-12-26 13:19:32,423 INFO [115_Brahms_Waltz_Op39-15_B1-23_page_0]         CueBeamsStep.java:81   | Step CUE_BEAMS is skipped because small heads switch is off
2025-12-26 13:19:32,423 INFO [115_Brahms_Waltz_Op39-15_B1-23_page_0]       StepMonitoring.java:98   | TEXTS
2025-12-26 13:19:32,509 WARN [115_Brahms_Waltz_Op39-15_B1-23_page_0]         TesseractOCR.java:335  | The collection of supported languages is empty
2025-12-26 13:19:32,509 INFO [115_Brahms_Waltz_Op39-15_B1-23_page_0]              OcrUtil.java:106  | Missing support for 'eng' language(s)
2025-12-26 13:19:32,521 INFO [115_Brahms_Waltz_Op39-15_B1-23_page_0]       StepMonitoring.java:98   | MEASURES
2025-12-26 13:19:32,530 INFO [115_Brahms_Waltz_Op39-15_B1-23_page_0]                 Page.java:307  | 22 raw measures: [4 in system#1, 4 in system#2, 4 in system#3, 5 in system#4, 5 in system#5]
2025-12-26 13:19:32,531 INFO [115_Brahms_Waltz_Op39-15_B1-23_page_0]       StepMonitoring.java:98   | CHORDS
2025-12-26 13:19:32,550 INFO [115_Brahms_Waltz_Op39-15_B1-23_page_0]       StepMonitoring.java:98   | CURVES
2025-12-26 13:19:33,025 INFO [115_Brahms_Waltz_Op39-15_B1-23_page_0]         SlursBuilder.java:240  | Slurs: 42
2025-12-26 13:19:33,060 INFO [115_Brahms_Waltz_Op39-15_B1-23_page_0]      SegmentsBuilder.java:155  | Segments: 37
2025-12-26 13:19:33,071 INFO [115_Brahms_Waltz_Op39-15_B1-23_page_0]       StepMonitoring.java:98   | SYMBOLS
2025-12-26 13:19:33,511 INFO [115_Brahms_Waltz_Op39-15_B1-23_page_0]       StepMonitoring.java:98   | LINKS
2025-12-26 13:19:33,591 INFO [115_Brahms_Waltz_Op39-15_B1-23_page_0]       StepMonitoring.java:98   | RHYTHMS
2025-12-26 13:19:33,675 INFO [115_Brahms_Waltz_Op39-15_B1-23_page_0]       StepMonitoring.java:98   | PAGE
2025-12-26 13:19:33,688 INFO [115_Brahms_Waltz_Op39-15_B1-23_page_0]                 Book.java:2596 | Book{115_Brahms_Waltz_Op39-15_B1-23_page_0} storing
2025-12-26 13:19:33,735 INFO [115_Brahms_Waltz_Op39-15_B1-23_page_0]                 Book.java:2577 | Stored /book.xml
2025-12-26 13:19:33,827 INFO [115_Brahms_Waltz_Op39-15_B1-23_page_0]           DataHolder.java:348  | Stored /sheet#1/BINARY.png
2025-12-26 13:19:34,579 INFO [115_Brahms_Waltz_Op39-15_B1-23_page_0]                Sheet.java:1583 | Stored /sheet#1/sheet#1.xml
2025-12-26 13:19:34,580 INFO [115_Brahms_Waltz_Op39-15_B1-23_page_0]                 Book.java:2537 | Book stored as C:\Users\Elliot\Downloads\Audiveris\scores\115_Brahms_Waltz_Op39-15_B1-23_page_0.omr
2025-12-26 13:19:34,587 INFO [115_Brahms_Waltz_Op39-15_B1-23_page_0]            SheetStub.java:1660 | Disposed sheet
2025-12-26 13:19:34,623 INFO [115_Brahms_Waltz_Op39-15_B1-23_page_0]                 Book.java:2064 | End of Stub#1
2025-12-26 13:19:34,625 INFO [115_Brahms_Waltz_Op39-15_B1-23_page_0]                 Book.java:2071 | Book processed.
2025-12-26 13:19:35,030 INFO [115_Brahms_Waltz_Op39-15_B1-23_page_0]            SheetStub.java:997  | Loaded /sheet#1/sheet#1.xml
2025-12-26 13:19:35,426 INFO [115_Brahms_Waltz_Op39-15_B1-23_page_0]      PartwiseBuilder.java:2688 | Exporting sheet(s): [#1]
2025-12-26 13:19:35,547 INFO [115_Brahms_Waltz_Op39-15_B1-23_page_0]        ScoreExporter.java:164  | Score 115_Brahms_Waltz_Op39-15_B1-23_page_0 exported to C:\Users\Elliot\Downloads\Audiveris\scores\115_Brahms_Waltz_Op39-15_B1-23_page_0.mxl
2025-12-26 13:19:35,597 INFO [115_Brahms_Waltz_Op39-15_B1-23_page_0]                Score.java:181  | Closing {Score 1}
