2025-12-26 13:20:03,190 INFO [118_Joplin_TheEntertainer_B1-21_page_0]                 Book.java:560  | 1 sheet in C:\Users\Elliot\Downloads\Audiveris\scores\118_Joplin_TheEntertainer_B1-21_page_0.jpg
2025-12-26 13:20:03,323 INFO []                 Book.java:2577 | Stored /book.xml
2025-12-26 13:20:03,325 INFO []                 Book.java:2537 | Book stored as C:\Users\Elliot\Downloads\Audiveris\scores\118_Joplin_TheEntertainer_B1-21_page_0.omr
2025-12-26 13:20:03,333 INFO []                 Book.java:1929 | Book reaching PAGE on sheets:[#1]
2025-12-26 13:20:03,339 INFO [118_Joplin_TheEntertainer_B1-21_page_0]       StepMonitoring.java:98   | LOAD
2025-12-26 13:20:03,454 INFO [118_Joplin_TheEntertainer_B1-21_page_0]            SheetStub.java:1273 | Loaded image #1 1653x2339 from C:\Users\Elliot\Downloads\Audiveris\scores\118_Joplin_TheEntertainer_B1-21_page_0.jpg
2025-12-26 13:20:03,459 INFO [118_Joplin_TheEntertainer_B1-21_page_0]            ImageUtil.java:124  | Converting max RGB to gray
2025-12-26 13:20:03,580 INFO [118_Joplin_TheEntertainer_B1-21_page_0]       StepMonitoring.java:98   | BINARY
2025-12-26 13:20:03,820 INFO [118_Joplin_TheEntertainer_B1-21_page_0]       StepMonitoring.java:98   | SCALE
2025-12-26 13:20:03,841 INFO [118_Joplin_TheEntertainer_B1-21_page_0]         ScaleBuilder.java:241  | Beam  guessed height:  5 -- 0.50 of 10 interline
2025-12-26 13:20:03,842 INFO [118_Joplin_TheEntertainer_B1-21_page_0]         ScaleBuilder.java:264  | Beam measured height:  6 -- 0.43 of [3..10] range at 628% of needed quorum
2025-12-26 13:20:03,843 INFO [118_Joplin_TheEntertainer_B1-21_page_0]            ScaleStep.java:65   | Scale{ interline(11,12,12) line(1,1,3) beam(6)}
2025-12-26 13:20:03,844 INFO [118_Joplin_TheEntertainer_B1-21_page_0]       StepMonitoring.java:98   | GRID
2025-12-26 13:20:04,191 INFO [118_Joplin_TheEntertainer_B1-21_page_0]       LinesRetriever.java:1500 | Global slope: 0.00000
2025-12-26 13:20:04,307 INFO [118_Joplin_TheEntertainer_B1-21_page_0]    ClustersRetriever.java:326  | Retrieved raw line clusters: 10 of sizes [5] with interline(11,12,12)
2025-12-26 13:20:04,498 INFO [118_Joplin_TheEntertainer_B1-21_page_0]            PeakGraph.java:310  | Systems: #1[1, 2] #2[3, 4] #3[5, 6] #4[7, 8] #5[9, 10]
2025-12-26 13:20:04,760 INFO [118_Joplin_TheEntertainer_B1-21_page_0]        SystemManager.java:134  | Indentation detected for system #1
2025-12-26 13:20:04,761 INFO [118_Joplin_TheEntertainer_B1-21_page_0]        SystemManager.java:779  | 1 part along 5 systems
2025-12-26 13:20:04,762 INFO [118_Joplin_TheEntertainer_B1-21_page_0]                 Book.java:543  | Created scores: [{Score 1}]
2025-12-26 13:20:04,763 INFO [118_Joplin_TheEntertainer_B1-21_page_0]       StepMonitoring.java:98   | HEADERS
2025-12-26 13:20:05,066 INFO []      BasicClassifier.java:286  | Classifier loaded XML norms.
2025-12-26 13:20:05,071 INFO []   AbstractClassifier.java:396  | Classifier data loaded from default uri jar:file:/C:/Users/Elliot/Downloads/Audiveris/app/audiveris.jar!/res/basic-classifier.zip
2025-12-26 13:20:06,072 INFO [118_Joplin_TheEntertainer_B1-21_page_0]       StepMonitoring.java:98   | STEM_SEEDS
2025-12-26 13:20:06,110 INFO [118_Joplin_TheEntertainer_B1-21_page_0]        StemSeedsStep.java:86   | stem(2 max:3)
2025-12-26 13:20:06,149 INFO [118_Joplin_TheEntertainer_B1-21_page_0]       StepMonitoring.java:98   | BEAMS
2025-12-26 13:20:07,147 INFO [118_Joplin_TheEntertainer_B1-21_page_0]       StepMonitoring.java:98   | LEDGERS
2025-12-26 13:20:07,326 INFO [118_Joplin_TheEntertainer_B1-21_page_0]       StepMonitoring.java:98   | HEADS
2025-12-26 13:20:09,209 INFO [118_Joplin_TheEntertainer_B1-21_page_0]        HeadSeedTally.java:235  | Scale information: HeadSeeds{NOTEHEAD_BLACK[L:-0.5,R:0.4]}
2025-12-26 13:20:09,210 INFO [118_Joplin_TheEntertainer_B1-21_page_0]       StepMonitoring.java:98   | STEMS
2025-12-26 13:20:10,133 INFO [118_Joplin_TheEntertainer_B1-21_page_0]       StepMonitoring.java:98   | REDUCTION
2025-12-26 13:20:10,424 INFO [118_Joplin_TheEntertainer_B1-21_page_0]        ReductionStep.java:105  | Stems free length median value: 41 pixels, 3.4 interlines
2025-12-26 13:20:10,433 INFO [118_Joplin_TheEntertainer_B1-21_page_0]       StepMonitoring.java:98   | CUE_BEAMS
2025-12-26 13:20:10,434 INFO [118_Joplin_TheEntertainer_B1-21_page_0]         CueBeamsStep.java:81   | Step CUE_BEAMS is skipped because small heads switch is off
2025-12-26 13:20:10,435 INFO [118_Joplin_TheEntertainer_B1-21_page_0]       StepMonitoring.java:98   | TEXTS
2025-12-26 13:20:10,529 WARN [118_Joplin_TheEntertainer_B1-21_page_0]         TesseractOCR.java:335  | The collection of supported languages is empty
2025-12-26 13:20:10,529 INFO [118_Joplin_TheEntertainer_B1-21_page_0]              OcrUtil.java:106  | Missing support for 'eng' language(s)
2025-12-26 13:20:10,540 INFO [118_Joplin_TheEntertainer_B1-21_page_0]       StepMonitoring.java:98   | MEASURES
2025-12-26 13:20:10,552 INFO [118_Joplin_TheEntertainer_B1-21_page_0]                 Page.java:307  | 20 raw measures: [4 in system#1, 4 in system#2, 4 in system#3, 4 in system#4, 4 in system#5]
2025-12-26 13:20:10,553 INFO [118_Joplin_TheEntertainer_B1-21_page_0]       StepMonitoring.java:98   | CHORDS
2025-12-26 13:20:10,579 INFO [118_Joplin_TheEntertainer_B1-21_page_0]       StepMonitoring.java:98   | CURVES
2025-12-26 13:20:11,128 INFO [118_Joplin_TheEntertainer_B1-21_page_0]         SlursBuilder.java:240  | Slurs: 40
2025-12-26 13:20:11,147 INFO [118_Joplin_TheEntertainer_B1-21_page_0]      SegmentsBuilder.java:155  | Segments: 14
2025-12-26 13:20:11,160 INFO [118_Joplin_TheEntertainer_B1-21_page_0]       StepMonitoring.java:98   | SYMBOLS
2025-12-26 13:20:11,530 INFO [118_Joplin_TheEntertainer_B1-21_page_0]       StepMonitoring.java:98   | LINKS
2025-12-26 13:20:11,615 INFO [118_Joplin_TheEntertainer_B1-21_page_0]             KeyInter.java:1165 | No effective key before AlterInter#7514{(0.800) staff:5 NATURAL pitch:-4.0}
2025-12-26 13:20:11,658 INFO [118_Joplin_TheEntertainer_B1-21_page_0]       StepMonitoring.java:98   | RHYTHMS
2025-12-26 13:20:11,733 INFO [118_Joplin_TheEntertainer_B1-21_page_0]       StepMonitoring.java:98   | PAGE
2025-12-26 13:20:11,744 INFO [118_Joplin_TheEntertainer_B1-21_page_0]                 Book.java:2596 | Book{118_Joplin_TheEntertainer_B1-21_page_0} storing
2025-12-26 13:20:11,793 INFO [118_Joplin_TheEntertainer_B1-21_page_0]                 Book.java:2577 | Stored /book.xml
2025-12-26 13:20:11,867 INFO [118_Joplin_TheEntertainer_B1-21_page_0]           DataHolder.java:348  | Stored /sheet#1/BINARY.png
2025-12-26 13:20:12,766 INFO [118_Joplin_TheEntertainer_B1-21_page_0]                Sheet.java:1583 | Stored /sheet#1/sheet#1.xml
2025-12-26 13:20:12,767 INFO [118_Joplin_TheEntertainer_B1-21_page_0]                 Book.java:2537 | Book stored as C:\Users\Elliot\Downloads\Audiveris\scores\118_Joplin_TheEntertainer_B1-21_page_0.omr
2025-12-26 13:20:12,770 INFO [118_Joplin_TheEntertainer_B1-21_page_0]            SheetStub.java:1660 | Disposed sheet
2025-12-26 13:20:12,804 INFO [118_Joplin_TheEntertainer_B1-21_page_0]                 Book.java:2064 | End of Stub#1
2025-12-26 13:20:12,805 INFO [118_Joplin_TheEntertainer_B1-21_page_0]                 Book.java:2071 | Book processed.
2025-12-26 13:20:13,205 INFO [118_Joplin_TheEntertainer_B1-21_page_0]            SheetStub.java:997  | Loaded /sheet#1/sheet#1.xml
2025-12-26 13:20:13,570 INFO [118_Joplin_TheEntertainer_B1-21_page_0]      PartwiseBuilder.java:2688 | Exporting sheet(s): [#1]
2025-12-26 13:20:13,686 INFO [118_Joplin_TheEntertainer_B1-21_page_0]        ScoreExporter.java:164  | Score 118_Joplin_TheEntertainer_B1-21_page_0 exported to C:\Users\Elliot\Downloads\Audiveris\scores\118_Joplin_TheEntertainer_B1-21_page_0.mxl
2025-12-26 13:20:13,734 INFO [118_Joplin_TheEntertainer_B1-21_page_0]                Score.java:181  | Closing {Score 1}
