2025-12-26 13:20:15,528 INFO [119_Joplin_MapleLeafRag_B0-18_page_0]                 Book.java:560  | 1 sheet in C:\Users\Elliot\Downloads\Audiveris\scores\119_Joplin_MapleLeafRag_B0-18_page_0.jpg
2025-12-26 13:20:15,641 INFO []                 Book.java:2577 | Stored /book.xml
2025-12-26 13:20:15,642 INFO []                 Book.java:2537 | Book stored as C:\Users\Elliot\Downloads\Audiveris\scores\119_Joplin_MapleLeafRag_B0-18_page_0.omr
2025-12-26 13:20:15,647 INFO []                 Book.java:1929 | Book reaching PAGE on sheets:[#1]
2025-12-26 13:20:15,649 INFO [119_Joplin_MapleLeafRag_B0-18_page_0]       StepMonitoring.java:98   | LOAD
2025-12-26 13:20:15,739 INFO [119_Joplin_MapleLeafRag_B0-18_page_0]            SheetStub.java:1273 | Loaded image #1 1653x2339 from C:\Users\Elliot\Downloads\Audiveris\scores\119_Joplin_MapleLeafRag_B0-18_page_0.jpg
2025-12-26 13:20:15,742 INFO [119_Joplin_MapleLeafRag_B0-18_page_0]            ImageUtil.java:124  | Converting max RGB to gray
2025-12-26 13:20:15,858 INFO [119_Joplin_MapleLeafRag_B0-18_page_0]       StepMonitoring.java:98   | BINARY
2025-12-26 13:20:16,079 INFO [119_Joplin_MapleLeafRag_B0-18_page_0]       StepMonitoring.java:98   | SCALE
2025-12-26 13:20:16,099 INFO [119_Joplin_MapleLeafRag_B0-18_page_0]         ScaleBuilder.java:241  | Beam  guessed height:  5 -- 0.50 of 10 interline
2025-12-26 13:20:16,100 INFO [119_Joplin_MapleLeafRag_B0-18_page_0]         ScaleBuilder.java:264  | Beam measured height:  6 -- 0.43 of [3..10] range at 623% of needed quorum
2025-12-26 13:20:16,101 INFO [119_Joplin_MapleLeafRag_B0-18_page_0]            ScaleStep.java:65   | Scale{ interline(11,12,12) line(1,1,2) beam(6)}
2025-12-26 13:20:16,101 INFO [119_Joplin_MapleLeafRag_B0-18_page_0]       StepMonitoring.java:98   | GRID
2025-12-26 13:20:16,391 INFO [119_Joplin_MapleLeafRag_B0-18_page_0]       LinesRetriever.java:1500 | Global slope: 0.00000
2025-12-26 13:20:16,443 INFO [119_Joplin_MapleLeafRag_B0-18_page_0]    ClustersRetriever.java:326  | Retrieved raw line clusters: 8 of sizes [5] with interline(11,12,12)
2025-12-26 13:20:16,591 INFO [119_Joplin_MapleLeafRag_B0-18_page_0]            PeakGraph.java:310  | Systems: #1[1, 2] #2[3, 4] #3[5, 6] #4[7, 8]
2025-12-26 13:20:16,851 INFO [119_Joplin_MapleLeafRag_B0-18_page_0]        SystemManager.java:134  | Indentation detected for system #1
2025-12-26 13:20:16,851 INFO [119_Joplin_MapleLeafRag_B0-18_page_0]        SystemManager.java:779  | 1 part along 4 systems
2025-12-26 13:20:16,852 INFO [119_Joplin_MapleLeafRag_B0-18_page_0]                 Book.java:543  | Created scores: [{Score 1}]
2025-12-26 13:20:16,853 INFO [119_Joplin_MapleLeafRag_B0-18_page_0]       StepMonitoring.java:98   | HEADERS
2025-12-26 13:20:17,164 INFO []      BasicClassifier.java:286  | Classifier loaded XML norms.
2025-12-26 13:20:17,175 INFO []   AbstractClassifier.java:396  | Classifier data loaded from default uri jar:file:/C:/Users/Elliot/Downloads/Audiveris/app/audiveris.jar!/res/basic-classifier.zip
2025-12-26 13:20:17,889 INFO [119_Joplin_MapleLeafRag_B0-18_page_0]       StepMonitoring.java:98   | STEM_SEEDS
2025-12-26 13:20:17,921 INFO [119_Joplin_MapleLeafRag_B0-18_page_0]        StemSeedsStep.java:86   | stem(2 max:3)
2025-12-26 13:20:17,966 INFO [119_Joplin_MapleLeafRag_B0-18_page_0]       StepMonitoring.java:98   | BEAMS
2025-12-26 13:20:18,770 INFO [119_Joplin_MapleLeafRag_B0-18_page_0]       StepMonitoring.java:98   | LEDGERS
2025-12-26 13:20:18,886 INFO [119_Joplin_MapleLeafRag_B0-18_page_0]       StepMonitoring.java:98   | HEADS
2025-12-26 13:20:20,618 INFO [119_Joplin_MapleLeafRag_B0-18_page_0]        HeadSeedTally.java:235  | Scale information: HeadSeeds{NOTEHEAD_BLACK[L:-0.4,R:0.3]}
2025-12-26 13:20:20,618 INFO [119_Joplin_MapleLeafRag_B0-18_page_0]       StepMonitoring.java:98   | STEMS
2025-12-26 13:20:21,513 INFO [119_Joplin_MapleLeafRag_B0-18_page_0]       StepMonitoring.java:98   | REDUCTION
2025-12-26 13:20:21,785 INFO [119_Joplin_MapleLeafRag_B0-18_page_0]        ReductionStep.java:105  | Stems free length median value: 42 pixels, 3.5 interlines
2025-12-26 13:20:21,790 INFO [119_Joplin_MapleLeafRag_B0-18_page_0]       StepMonitoring.java:98   | CUE_BEAMS
2025-12-26 13:20:21,791 INFO [119_Joplin_MapleLeafRag_B0-18_page_0]         CueBeamsStep.java:81   | Step CUE_BEAMS is skipped because small heads switch is off
2025-12-26 13:20:21,792 INFO [119_Joplin_MapleLeafRag_B0-18_page_0]       StepMonitoring.java:98   | TEXTS
2025-12-26 13:20:21,871 WARN [119_Joplin_MapleLeafRag_B0-18_page_0]         TesseractOCR.java:335  | The collection of supported languages is empty
2025-12-26 13:20:21,871 INFO [119_Joplin_MapleLeafRag_B0-18_page_0]              OcrUtil.java:106  | Missing support for 'eng' language(s)
2025-12-26 13:20:21,879 INFO [119_Joplin_MapleLeafRag_B0-18_page_0]       StepMonitoring.java:98   | MEASURES
2025-12-26 13:20:21,889 INFO [119_Joplin_MapleLeafRag_B0-18_page_0]                 Page.java:307  | 17 raw measures: [5 in system#1, 4 in system#2, 4 in system#3, 4 in system#4]
2025-12-26 13:20:21,889 INFO [119_Joplin_MapleLeafRag_B0-18_page_0]       StepMonitoring.java:98   | CHORDS
2025-12-26 13:20:21,914 INFO [119_Joplin_MapleLeafRag_B0-18_page_0]       StepMonitoring.java:98   | CURVES
2025-12-26 13:20:22,452 INFO [119_Joplin_MapleLeafRag_B0-18_page_0]         SlursBuilder.java:240  | Slurs: 21
2025-12-26 13:20:22,471 INFO [119_Joplin_MapleLeafRag_B0-18_page_0]      SegmentsBuilder.java:155  | Segments: 2
2025-12-26 13:20:22,481 INFO [119_Joplin_MapleLeafRag_B0-18_page_0]       StepMonitoring.java:98   | SYMBOLS
2025-12-26 13:20:22,941 INFO [119_Joplin_MapleLeafRag_B0-18_page_0]       StepMonitoring.java:98   | LINKS
2025-12-26 13:20:22,994 INFO [119_Joplin_MapleLeafRag_B0-18_page_0]        SymbolsLinker.java:258  | No chord linked to OctaveShiftInter#6455{(0.205) staff:3 OTTAVA BASSA}
2025-12-26 13:20:22,996 INFO [119_Joplin_MapleLeafRag_B0-18_page_0]        SymbolsLinker.java:258  | No chord linked to OctaveShiftInter#6466{(0.136) staff:3 QUINDICESIMA BASSA}
2025-12-26 13:20:23,064 INFO [119_Joplin_MapleLeafRag_B0-18_page_0]       StepMonitoring.java:98   | RHYTHMS
2025-12-26 13:20:23,118 INFO [119_Joplin_MapleLeafRag_B0-18_page_0]        MeasureRhythm.java:1045 | Measure{#9} No timeOffset for HeadChordInter#5760{(0.565/0.565) staff:4 slot#9 dur:1/2}
2025-12-26 13:20:23,119 INFO [119_Joplin_MapleLeafRag_B0-18_page_0]          StackRhythm.java:224  | S2 MeasureStack#9 no correct rhythm
2025-12-26 13:20:23,124 INFO [119_Joplin_MapleLeafRag_B0-18_page_0]        MeasureRhythm.java:1045 | Measure{#11} No timeOffset for HeadChordInter#5771{(0.966/0.966) staff:5 slot#6 dur:1/4}
2025-12-26 13:20:23,126 INFO [119_Joplin_MapleLeafRag_B0-18_page_0]   AbstractChordInter.java:627  | Measure{#11} No timeOffset for HeadChordInter#5771{(0.966/0.966) staff:5 slot#6 dur:1/4}
2025-12-26 13:20:23,127 INFO [119_Joplin_MapleLeafRag_B0-18_page_0]          StackRhythm.java:224  | S3 MeasureStack#11 no correct rhythm
2025-12-26 13:20:23,133 INFO [119_Joplin_MapleLeafRag_B0-18_page_0]                Voice.java:257  | Measure{#13} Voice{#1 excess:1/16} too long
2025-12-26 13:20:23,134 INFO [119_Joplin_MapleLeafRag_B0-18_page_0]          StackRhythm.java:224  | S3 MeasureStack#13 no correct rhythm
2025-12-26 13:20:23,147 INFO [119_Joplin_MapleLeafRag_B0-18_page_0]       StepMonitoring.java:98   | PAGE
2025-12-26 13:20:23,152 INFO [119_Joplin_MapleLeafRag_B0-18_page_0]                Voice.java:257  | Measure{#13} Voice{#1 excess:1/16} too long
2025-12-26 13:20:23,156 INFO [119_Joplin_MapleLeafRag_B0-18_page_0]                 Book.java:2596 | Book{119_Joplin_MapleLeafRag_B0-18_page_0} storing
2025-12-26 13:20:23,197 INFO [119_Joplin_MapleLeafRag_B0-18_page_0]                 Book.java:2577 | Stored /book.xml
2025-12-26 13:20:23,275 INFO [119_Joplin_MapleLeafRag_B0-18_page_0]           DataHolder.java:348  | Stored /sheet#1/BINARY.png
2025-12-26 13:20:23,941 INFO [119_Joplin_MapleLeafRag_B0-18_page_0]                Sheet.java:1583 | Stored /sheet#1/sheet#1.xml
2025-12-26 13:20:23,942 INFO [119_Joplin_MapleLeafRag_B0-18_page_0]                 Book.java:2537 | Book stored as C:\Users\Elliot\Downloads\Audiveris\scores\119_Joplin_MapleLeafRag_B0-18_page_0.omr
2025-12-26 13:20:23,949 INFO [119_Joplin_MapleLeafRag_B0-18_page_0]            SheetStub.java:1660 | Disposed sheet
2025-12-26 13:20:23,990 INFO [119_Joplin_MapleLeafRag_B0-18_page_0]                 Book.java:2064 | End of Stub#1
2025-12-26 13:20:23,991 INFO [119_Joplin_MapleLeafRag_B0-18_page_0]                 Book.java:2071 | Book processed.
2025-12-26 13:20:24,334 INFO [119_Joplin_MapleLeafRag_B0-18_page_0]            SheetStub.java:997  | Loaded /sheet#1/sheet#1.xml
2025-12-26 13:20:24,727 INFO [119_Joplin_MapleLeafRag_B0-18_page_0]      PartwiseBuilder.java:2688 | Exporting sheet(s): [#1]
2025-12-26 13:20:24,856 INFO [119_Joplin_MapleLeafRag_B0-18_page_0]        ScoreExporter.java:164  | Score 119_Joplin_MapleLeafRag_B0-18_page_0 exported to C:\Users\Elliot\Downloads\Audiveris\scores\119_Joplin_MapleLeafRag_B0-18_page_0.mxl
2025-12-26 13:20:24,902 INFO [119_Joplin_MapleLeafRag_B0-18_page_0]                Score.java:181  | Closing {Score 1}
