2025-12-26 13:20:26,660 INFO [120_Joplin_ScottJoplin'sNewRag_B1-21_page_0]                 Book.java:560  | 1 sheet in C:\Users\Elliot\Downloads\Audiveris\scores\120_Joplin_ScottJoplin'sNewRag_B1-21_page_0.jpg
2025-12-26 13:20:26,780 INFO []                 Book.java:2577 | Stored /book.xml
2025-12-26 13:20:26,780 INFO []                 Book.java:2537 | Book stored as C:\Users\Elliot\Downloads\Audiveris\scores\120_Joplin_ScottJoplin'sNewRag_B1-21_page_0.omr
2025-12-26 13:20:26,786 INFO []                 Book.java:1929 | Book reaching PAGE on sheets:[#1]
2025-12-26 13:20:26,791 INFO [120_Joplin_ScottJoplin'sNewRag_B1-21_page_0]       StepMonitoring.java:98   | LOAD
2025-12-26 13:20:26,876 INFO [120_Joplin_ScottJoplin'sNewRag_B1-21_page_0]            SheetStub.java:1273 | Loaded image #1 1653x2339 from C:\Users\Elliot\Downloads\Audiveris\scores\120_Joplin_ScottJoplin'sNewRag_B1-21_page_0.jpg
2025-12-26 13:20:26,881 INFO [120_Joplin_ScottJoplin'sNewRag_B1-21_page_0]            ImageUtil.java:124  | Converting max RGB to gray
2025-12-26 13:20:26,998 INFO [120_Joplin_ScottJoplin'sNewRag_B1-21_page_0]       StepMonitoring.java:98   | BINARY
2025-12-26 13:20:27,227 INFO [120_Joplin_ScottJoplin'sNewRag_B1-21_page_0]       StepMonitoring.java:98   | SCALE
2025-12-26 13:20:27,254 INFO [120_Joplin_ScottJoplin'sNewRag_B1-21_page_0]         ScaleBuilder.java:241  | Beam  guessed height:  5 -- 0.50 of 10 interline
2025-12-26 13:20:27,256 INFO [120_Joplin_ScottJoplin'sNewRag_B1-21_page_0]         ScaleBuilder.java:264  | Beam measured height:  6 -- 0.43 of [3..10] range at 648% of needed quorum
2025-12-26 13:20:27,257 INFO [120_Joplin_ScottJoplin'sNewRag_B1-21_page_0]            ScaleStep.java:65   | Scale{ interline(11,12,12) line(1,1,2) beam(6)}
2025-12-26 13:20:27,258 INFO [120_Joplin_ScottJoplin'sNewRag_B1-21_page_0]       StepMonitoring.java:98   | GRID
2025-12-26 13:20:27,666 INFO [120_Joplin_ScottJoplin'sNewRag_B1-21_page_0]       LinesRetriever.java:1500 | Global slope: 0.00000
2025-12-26 13:20:27,727 INFO [120_Joplin_ScottJoplin'sNewRag_B1-21_page_0]    ClustersRetriever.java:326  | Retrieved raw line clusters: 10 of sizes [5] with interline(11,12,12)
2025-12-26 13:20:27,897 INFO [120_Joplin_ScottJoplin'sNewRag_B1-21_page_0]            PeakGraph.java:310  | Systems: #1[1, 2] #2[3, 4] #3[5, 6] #4[7, 8] #5[9, 10]
2025-12-26 13:20:28,252 INFO [120_Joplin_ScottJoplin'sNewRag_B1-21_page_0]        SystemManager.java:134  | Indentation detected for system #1
2025-12-26 13:20:28,253 INFO [120_Joplin_ScottJoplin'sNewRag_B1-21_page_0]        SystemManager.java:779  | 1 part along 5 systems
2025-12-26 13:20:28,254 INFO [120_Joplin_ScottJoplin'sNewRag_B1-21_page_0]                 Book.java:543  | Created scores: [{Score 1}]
2025-12-26 13:20:28,254 INFO [120_Joplin_ScottJoplin'sNewRag_B1-21_page_0]       StepMonitoring.java:98   | HEADERS
2025-12-26 13:20:28,622 INFO [120_Joplin_ScottJoplin'sNewRag_B1-21_page_0]      BasicClassifier.java:286  | Classifier loaded XML norms.
2025-12-26 13:20:28,628 INFO [120_Joplin_ScottJoplin'sNewRag_B1-21_page_0]   AbstractClassifier.java:396  | Classifier data loaded from default uri jar:file:/C:/Users/Elliot/Downloads/Audiveris/app/audiveris.jar!/res/basic-classifier.zip
2025-12-26 13:20:29,298 INFO [120_Joplin_ScottJoplin'sNewRag_B1-21_page_0]       StepMonitoring.java:98   | STEM_SEEDS
2025-12-26 13:20:29,330 INFO [120_Joplin_ScottJoplin'sNewRag_B1-21_page_0]        StemSeedsStep.java:86   | stem(2 max:3)
2025-12-26 13:20:29,377 INFO [120_Joplin_ScottJoplin'sNewRag_B1-21_page_0]       StepMonitoring.java:98   | BEAMS
2025-12-26 13:20:30,395 INFO [120_Joplin_ScottJoplin'sNewRag_B1-21_page_0]       StepMonitoring.java:98   | LEDGERS
2025-12-26 13:20:30,574 INFO [120_Joplin_ScottJoplin'sNewRag_B1-21_page_0]       StepMonitoring.java:98   | HEADS
2025-12-26 13:20:32,483 INFO [120_Joplin_ScottJoplin'sNewRag_B1-21_page_0]        HeadSeedTally.java:235  | Scale information: HeadSeeds{NOTEHEAD_BLACK[L:-0.5,R:0.4]}
2025-12-26 13:20:32,484 INFO [120_Joplin_ScottJoplin'sNewRag_B1-21_page_0]       StepMonitoring.java:98   | STEMS
2025-12-26 13:20:33,410 INFO [120_Joplin_ScottJoplin'sNewRag_B1-21_page_0]       StepMonitoring.java:98   | REDUCTION
2025-12-26 13:20:33,660 INFO [120_Joplin_ScottJoplin'sNewRag_B1-21_page_0]        ReductionStep.java:105  | Stems free length median value: 36 pixels, 3.0 interlines
2025-12-26 13:20:33,669 INFO [120_Joplin_ScottJoplin'sNewRag_B1-21_page_0]       StepMonitoring.java:98   | CUE_BEAMS
2025-12-26 13:20:33,670 INFO [120_Joplin_ScottJoplin'sNewRag_B1-21_page_0]         CueBeamsStep.java:81   | Step CUE_BEAMS is skipped because small heads switch is off
2025-12-26 13:20:33,670 INFO [120_Joplin_ScottJoplin'sNewRag_B1-21_page_0]       StepMonitoring.java:98   | TEXTS
2025-12-26 13:20:33,794 WARN [120_Joplin_ScottJoplin'sNewRag_B1-21_page_0]         TesseractOCR.java:335  | The collection of supported languages is empty
2025-12-26 13:20:33,794 INFO [120_Joplin_ScottJoplin'sNewRag_B1-21_page_0]              OcrUtil.java:106  | Missing support for 'eng' language(s)
2025-12-26 13:20:33,806 INFO [120_Joplin_ScottJoplin'sNewRag_B1-21_page_0]       StepMonitoring.java:98   | MEASURES
2025-12-26 13:20:33,819 INFO [120_Joplin_ScottJoplin'sNewRag_B1-21_page_0]                 Page.java:307  | 21 raw measures: [5 in system#1, 4 in system#2, 4 in system#3, 4 in system#4, 4 in system#5]
2025-12-26 13:20:33,819 INFO [120_Joplin_ScottJoplin'sNewRag_B1-21_page_0]       StepMonitoring.java:98   | CHORDS
2025-12-26 13:20:33,844 INFO [120_Joplin_ScottJoplin'sNewRag_B1-21_page_0]       StepMonitoring.java:98   | CURVES
2025-12-26 13:20:34,537 INFO [120_Joplin_ScottJoplin'sNewRag_B1-21_page_0]         SlursBuilder.java:240  | Slurs: 27
2025-12-26 13:20:34,561 INFO [120_Joplin_ScottJoplin'sNewRag_B1-21_page_0]      SegmentsBuilder.java:155  | Segments: 15
2025-12-26 13:20:34,573 INFO [120_Joplin_ScottJoplin'sNewRag_B1-21_page_0]       StepMonitoring.java:98   | SYMBOLS
2025-12-26 13:20:35,099 INFO [120_Joplin_ScottJoplin'sNewRag_B1-21_page_0]       StepMonitoring.java:98   | LINKS
2025-12-26 13:20:35,107 INFO [120_Joplin_ScottJoplin'sNewRag_B1-21_page_0]             KeyInter.java:1165 | No effective key before AlterInter#7494{(0.800) staff:1 NATURAL pitch:-4.0}
2025-12-26 13:20:35,108 INFO [120_Joplin_ScottJoplin'sNewRag_B1-21_page_0]             KeyInter.java:1165 | No effective key before AlterInter#7495{(0.800) staff:2 NATURAL pitch:0.0}
2025-12-26 13:20:35,141 INFO [120_Joplin_ScottJoplin'sNewRag_B1-21_page_0]             KeyInter.java:1165 | No effective key before AlterInter#7611{(0.800) staff:5 NATURAL pitch:-4.0}
2025-12-26 13:20:35,141 INFO [120_Joplin_ScottJoplin'sNewRag_B1-21_page_0]             KeyInter.java:1165 | No effective key before AlterInter#7601{(0.800) staff:6 NATURAL pitch:0.0}
2025-12-26 13:20:35,172 INFO [120_Joplin_ScottJoplin'sNewRag_B1-21_page_0]       StepMonitoring.java:98   | RHYTHMS
2025-12-26 13:20:35,220 INFO [120_Joplin_ScottJoplin'sNewRag_B1-21_page_0]                Voice.java:257  | Measure{#8} Voice{#1 excess:1/4} too long
2025-12-26 13:20:35,222 INFO [120_Joplin_ScottJoplin'sNewRag_B1-21_page_0]          StackRhythm.java:224  | S2 MeasureStack#8 no correct rhythm
2025-12-26 13:20:35,253 INFO [120_Joplin_ScottJoplin'sNewRag_B1-21_page_0]       StepMonitoring.java:98   | PAGE
2025-12-26 13:20:35,260 INFO [120_Joplin_ScottJoplin'sNewRag_B1-21_page_0]                Voice.java:257  | Measure{#8} Voice{#1 excess:1/4} too long
2025-12-26 13:20:35,266 INFO [120_Joplin_ScottJoplin'sNewRag_B1-21_page_0]                 Book.java:2596 | Book{120_Joplin_ScottJoplin'sNewRag_B1-21_page_0} storing
2025-12-26 13:20:35,315 INFO [120_Joplin_ScottJoplin'sNewRag_B1-21_page_0]                 Book.java:2577 | Stored /book.xml
2025-12-26 13:20:35,398 INFO [120_Joplin_ScottJoplin'sNewRag_B1-21_page_0]           DataHolder.java:348  | Stored /sheet#1/BINARY.png
2025-12-26 13:20:36,235 INFO [120_Joplin_ScottJoplin'sNewRag_B1-21_page_0]                Sheet.java:1583 | Stored /sheet#1/sheet#1.xml
2025-12-26 13:20:36,236 INFO [120_Joplin_ScottJoplin'sNewRag_B1-21_page_0]                 Book.java:2537 | Book stored as C:\Users\Elliot\Downloads\Audiveris\scores\120_Joplin_ScottJoplin'sNewRag_B1-21_page_0.omr
2025-12-26 13:20:36,242 INFO [120_Joplin_ScottJoplin'sNewRag_B1-21_page_0]            SheetStub.java:1660 | Disposed sheet
2025-12-26 13:20:36,276 INFO [120_Joplin_ScottJoplin'sNewRag_B1-21_page_0]                 Book.java:2064 | End of Stub#1
2025-12-26 13:20:36,277 INFO [120_Joplin_ScottJoplin'sNewRag_B1-21_page_0]                 Book.java:2071 | Book processed.
2025-12-26 13:20:36,694 INFO [120_Joplin_ScottJoplin'sNewRag_B1-21_page_0]            SheetStub.java:997  | Loaded /sheet#1/sheet#1.xml
2025-12-26 13:20:37,120 INFO [120_Joplin_ScottJoplin'sNewRag_B1-21_page_0]      PartwiseBuilder.java:2688 | Exporting sheet(s): [#1]
2025-12-26 13:20:37,261 INFO [120_Joplin_ScottJoplin'sNewRag_B1-21_page_0]        ScoreExporter.java:164  | Score 120_Joplin_ScottJoplin'sNewRag_B1-21_page_0 exported to C:\Users\Elliot\Downloads\Audiveris\scores\120_Joplin_ScottJoplin'sNewRag_B1-21_page_0.mxl
2025-12-26 13:20:37,312 INFO [120_Joplin_ScottJoplin'sNewRag_B1-21_page_0]                Score.java:181  | Closing {Score 1}
