2025-12-26 13:20:39,140 INFO [121_Beethoven_PSon_No4_Mov1_B1-32_page_0]                 Book.java:560  | 1 sheet in C:\Users\Elliot\Downloads\Audiveris\scores\121_Beethoven_PSon_No4_Mov1_B1-32_page_0.jpg
2025-12-26 13:20:39,260 INFO []                 Book.java:2577 | Stored /book.xml
2025-12-26 13:20:39,261 INFO []                 Book.java:2537 | Book stored as C:\Users\Elliot\Downloads\Audiveris\scores\121_Beethoven_PSon_No4_Mov1_B1-32_page_0.omr
2025-12-26 13:20:39,266 INFO []                 Book.java:1929 | Book reaching PAGE on sheets:[#1]
2025-12-26 13:20:39,272 INFO [121_Beethoven_PSon_No4_Mov1_B1-32_page_0]       StepMonitoring.java:98   | LOAD
2025-12-26 13:20:39,375 INFO [121_Beethoven_PSon_No4_Mov1_B1-32_page_0]            SheetStub.java:1273 | Loaded image #1 1653x2339 from C:\Users\Elliot\Downloads\Audiveris\scores\121_Beethoven_PSon_No4_Mov1_B1-32_page_0.jpg
2025-12-26 13:20:39,378 INFO [121_Beethoven_PSon_No4_Mov1_B1-32_page_0]            ImageUtil.java:124  | Converting max RGB to gray
2025-12-26 13:20:39,493 INFO [121_Beethoven_PSon_No4_Mov1_B1-32_page_0]       StepMonitoring.java:98   | BINARY
2025-12-26 13:20:39,723 INFO [121_Beethoven_PSon_No4_Mov1_B1-32_page_0]       StepMonitoring.java:98   | SCALE
2025-12-26 13:20:39,750 INFO [121_Beethoven_PSon_No4_Mov1_B1-32_page_0]         ScaleBuilder.java:241  | Beam  guessed height:  6 -- 0.50 of 11 interline
2025-12-26 13:20:39,751 INFO [121_Beethoven_PSon_No4_Mov1_B1-32_page_0]         ScaleBuilder.java:264  | Beam measured height:  7 -- 0.43 of [4..11] range at 314% of needed quorum
2025-12-26 13:20:39,752 INFO [121_Beethoven_PSon_No4_Mov1_B1-32_page_0]            ScaleStep.java:65   | Scale{ interline(12,13,13) line(1,1,3) beam(7)}
2025-12-26 13:20:39,753 INFO [121_Beethoven_PSon_No4_Mov1_B1-32_page_0]       StepMonitoring.java:98   | GRID
2025-12-26 13:20:40,271 INFO [121_Beethoven_PSon_No4_Mov1_B1-32_page_0]       LinesRetriever.java:1500 | Global slope: 0.00000
2025-12-26 13:20:40,356 INFO [121_Beethoven_PSon_No4_Mov1_B1-32_page_0]    ClustersRetriever.java:326  | Retrieved raw line clusters: 14 of sizes [5] with interline(12,13,13)
2025-12-26 13:20:40,556 INFO [121_Beethoven_PSon_No4_Mov1_B1-32_page_0]            PeakGraph.java:310  | Systems: #1[1, 2] #2[3, 4] #3[5, 6] #4[7, 8] #5[9, 10] #6[11, 12] #7[13, 14]
2025-12-26 13:20:40,893 INFO [121_Beethoven_PSon_No4_Mov1_B1-32_page_0]        SystemManager.java:779  | 1 part along 7 systems
2025-12-26 13:20:40,894 INFO [121_Beethoven_PSon_No4_Mov1_B1-32_page_0]                 Book.java:543  | Created scores: [{Score 1}]
2025-12-26 13:20:40,895 INFO [121_Beethoven_PSon_No4_Mov1_B1-32_page_0]       StepMonitoring.java:98   | HEADERS
2025-12-26 13:20:41,210 INFO []      BasicClassifier.java:286  | Classifier loaded XML norms.
2025-12-26 13:20:41,213 INFO []   AbstractClassifier.java:396  | Classifier data loaded from default uri jar:file:/C:/Users/Elliot/Downloads/Audiveris/app/audiveris.jar!/res/basic-classifier.zip
2025-12-26 13:20:42,116 INFO [121_Beethoven_PSon_No4_Mov1_B1-32_page_0]       StepMonitoring.java:98   | STEM_SEEDS
2025-12-26 13:20:42,160 INFO [121_Beethoven_PSon_No4_Mov1_B1-32_page_0]        StemSeedsStep.java:86   | stem(2 max:3)
2025-12-26 13:20:42,221 INFO [121_Beethoven_PSon_No4_Mov1_B1-32_page_0]       StepMonitoring.java:98   | BEAMS
2025-12-26 13:20:43,352 INFO [121_Beethoven_PSon_No4_Mov1_B1-32_page_0]       StepMonitoring.java:98   | LEDGERS
2025-12-26 13:20:43,578 INFO [121_Beethoven_PSon_No4_Mov1_B1-32_page_0]       StepMonitoring.java:98   | HEADS
2025-12-26 13:20:46,038 INFO [121_Beethoven_PSon_No4_Mov1_B1-32_page_0]        HeadSeedTally.java:235  | Scale information: HeadSeeds{NOTEHEAD_VOID[L:-0.5,R:0.5] NOTEHEAD_BLACK[L:-0.2,R:0.4]}
2025-12-26 13:20:46,039 INFO [121_Beethoven_PSon_No4_Mov1_B1-32_page_0]       StepMonitoring.java:98   | STEMS
2025-12-26 13:20:46,897 INFO [121_Beethoven_PSon_No4_Mov1_B1-32_page_0]       StepMonitoring.java:98   | REDUCTION
2025-12-26 13:20:47,102 INFO [121_Beethoven_PSon_No4_Mov1_B1-32_page_0]        ReductionStep.java:105  | Stems free length median value: 45 pixels, 3.5 interlines
2025-12-26 13:20:47,110 INFO [121_Beethoven_PSon_No4_Mov1_B1-32_page_0]       StepMonitoring.java:98   | CUE_BEAMS
2025-12-26 13:20:47,111 INFO [121_Beethoven_PSon_No4_Mov1_B1-32_page_0]         CueBeamsStep.java:81   | Step CUE_BEAMS is skipped because small heads switch is off
2025-12-26 13:20:47,112 INFO [121_Beethoven_PSon_No4_Mov1_B1-32_page_0]       StepMonitoring.java:98   | TEXTS
2025-12-26 13:20:47,228 WARN [121_Beethoven_PSon_No4_Mov1_B1-32_page_0]         TesseractOCR.java:335  | The collection of supported languages is empty
2025-12-26 13:20:47,229 INFO [121_Beethoven_PSon_No4_Mov1_B1-32_page_0]              OcrUtil.java:106  | Missing support for 'eng' language(s)
2025-12-26 13:20:47,245 INFO [121_Beethoven_PSon_No4_Mov1_B1-32_page_0]       StepMonitoring.java:98   | MEASURES
2025-12-26 13:20:47,260 INFO [121_Beethoven_PSon_No4_Mov1_B1-32_page_0]                 Page.java:307  | 32 raw measures: [5 in system#1, 4 in system#2, 5 in system#3, 5 in system#4, 5 in system#5, 4 in system#6, 4 in system#7]
2025-12-26 13:20:47,261 INFO [121_Beethoven_PSon_No4_Mov1_B1-32_page_0]       StepMonitoring.java:98   | CHORDS
2025-12-26 13:20:47,292 INFO [121_Beethoven_PSon_No4_Mov1_B1-32_page_0]       StepMonitoring.java:98   | CURVES
2025-12-26 13:20:48,032 INFO [121_Beethoven_PSon_No4_Mov1_B1-32_page_0]         SlursBuilder.java:240  | Slurs: 35
2025-12-26 13:20:48,166 INFO [121_Beethoven_PSon_No4_Mov1_B1-32_page_0]      SegmentsBuilder.java:155  | Segments: 34
2025-12-26 13:20:48,183 INFO [121_Beethoven_PSon_No4_Mov1_B1-32_page_0]       StepMonitoring.java:98   | SYMBOLS
2025-12-26 13:20:48,783 INFO [121_Beethoven_PSon_No4_Mov1_B1-32_page_0]       StepMonitoring.java:98   | LINKS
2025-12-26 13:20:48,858 INFO [121_Beethoven_PSon_No4_Mov1_B1-32_page_0]       StepMonitoring.java:98   | RHYTHMS
2025-12-26 13:20:48,888 INFO [121_Beethoven_PSon_No4_Mov1_B1-32_page_0]                Voice.java:257  | Measure{#4} Voice{#2 excess:1/8} too long
2025-12-26 13:20:48,889 INFO [121_Beethoven_PSon_No4_Mov1_B1-32_page_0]          StackRhythm.java:224  | S1 MeasureStack#4 no correct rhythm
2025-12-26 13:20:48,943 INFO [121_Beethoven_PSon_No4_Mov1_B1-32_page_0]                Voice.java:257  | Measure{#26} Voice{#6 excess:1/8} too long
2025-12-26 13:20:48,944 INFO [121_Beethoven_PSon_No4_Mov1_B1-32_page_0]          StackRhythm.java:224  | S6 MeasureStack#26 no correct rhythm
2025-12-26 13:20:48,947 INFO [121_Beethoven_PSon_No4_Mov1_B1-32_page_0]                Voice.java:257  | Measure{#30} Voice{#1 excess:1/8} too long
2025-12-26 13:20:48,948 INFO [121_Beethoven_PSon_No4_Mov1_B1-32_page_0]          StackRhythm.java:224  | S7 MeasureStack#30 no correct rhythm
2025-12-26 13:20:48,950 INFO [121_Beethoven_PSon_No4_Mov1_B1-32_page_0]       StepMonitoring.java:98   | PAGE
2025-12-26 13:20:48,958 INFO [121_Beethoven_PSon_No4_Mov1_B1-32_page_0]                Voice.java:257  | Measure{#4} Voice{#2 excess:1/8} too long
2025-12-26 13:20:48,959 INFO [121_Beethoven_PSon_No4_Mov1_B1-32_page_0]                Voice.java:257  | Measure{#26} Voice{#6 excess:1/8} too long
2025-12-26 13:20:48,960 INFO [121_Beethoven_PSon_No4_Mov1_B1-32_page_0]                Voice.java:257  | Measure{#30} Voice{#1 excess:1/8} too long
2025-12-26 13:20:48,964 INFO [121_Beethoven_PSon_No4_Mov1_B1-32_page_0]                 Book.java:2596 | Book{121_Beethoven_PSon_No4_Mov1_B1-32_page_0} storing
2025-12-26 13:20:49,025 INFO [121_Beethoven_PSon_No4_Mov1_B1-32_page_0]                 Book.java:2577 | Stored /book.xml
2025-12-26 13:20:49,112 INFO [121_Beethoven_PSon_No4_Mov1_B1-32_page_0]           DataHolder.java:348  | Stored /sheet#1/BINARY.png
2025-12-26 13:20:49,995 INFO [121_Beethoven_PSon_No4_Mov1_B1-32_page_0]                Sheet.java:1583 | Stored /sheet#1/sheet#1.xml
2025-12-26 13:20:49,995 INFO [121_Beethoven_PSon_No4_Mov1_B1-32_page_0]                 Book.java:2537 | Book stored as C:\Users\Elliot\Downloads\Audiveris\scores\121_Beethoven_PSon_No4_Mov1_B1-32_page_0.omr
2025-12-26 13:20:49,998 INFO [121_Beethoven_PSon_No4_Mov1_B1-32_page_0]            SheetStub.java:1660 | Disposed sheet
2025-12-26 13:20:50,031 INFO [121_Beethoven_PSon_No4_Mov1_B1-32_page_0]                 Book.java:2064 | End of Stub#1
2025-12-26 13:20:50,032 INFO [121_Beethoven_PSon_No4_Mov1_B1-32_page_0]                 Book.java:2071 | Book processed.
2025-12-26 13:20:50,482 INFO [121_Beethoven_PSon_No4_Mov1_B1-32_page_0]            SheetStub.java:997  | Loaded /sheet#1/sheet#1.xml
2025-12-26 13:20:50,862 INFO [121_Beethoven_PSon_No4_Mov1_B1-32_page_0]      PartwiseBuilder.java:2688 | Exporting sheet(s): [#1]
2025-12-26 13:20:50,993 INFO [121_Beethoven_PSon_No4_Mov1_B1-32_page_0]        ScoreExporter.java:164  | Score 121_Beethoven_PSon_No4_Mov1_B1-32_page_0 exported to C:\Users\Elliot\Downloads\Audiveris\scores\121_Beethoven_PSon_No4_Mov1_B1-32_page_0.mxl
2025-12-26 13:20:51,052 INFO [121_Beethoven_PSon_No4_Mov1_B1-32_page_0]                Score.java:181  | Closing {Score 1}
