2025-12-26 13:20:52,922 INFO [122_Beethoven_PSon_No5_Mov1_B17-48_page_0]                 Book.java:560  | 1 sheet in C:\Users\Elliot\Downloads\Audiveris\scores\122_Beethoven_PSon_No5_Mov1_B17-48_page_0.jpg
2025-12-26 13:20:53,042 INFO []                 Book.java:2577 | Stored /book.xml
2025-12-26 13:20:53,043 INFO []                 Book.java:2537 | Book stored as C:\Users\Elliot\Downloads\Audiveris\scores\122_Beethoven_PSon_No5_Mov1_B17-48_page_0.omr
2025-12-26 13:20:53,048 INFO []                 Book.java:1929 | Book reaching PAGE on sheets:[#1]
2025-12-26 13:20:53,054 INFO [122_Beethoven_PSon_No5_Mov1_B17-48_page_0]       StepMonitoring.java:98   | LOAD
2025-12-26 13:20:53,150 INFO [122_Beethoven_PSon_No5_Mov1_B17-48_page_0]            SheetStub.java:1273 | Loaded image #1 1653x2339 from C:\Users\Elliot\Downloads\Audiveris\scores\122_Beethoven_PSon_No5_Mov1_B17-48_page_0.jpg
2025-12-26 13:20:53,154 INFO [122_Beethoven_PSon_No5_Mov1_B17-48_page_0]            ImageUtil.java:124  | Converting max RGB to gray
2025-12-26 13:20:53,278 INFO [122_Beethoven_PSon_No5_Mov1_B17-48_page_0]       StepMonitoring.java:98   | BINARY
2025-12-26 13:20:53,527 INFO [122_Beethoven_PSon_No5_Mov1_B17-48_page_0]       StepMonitoring.java:98   | SCALE
2025-12-26 13:20:53,555 INFO [122_Beethoven_PSon_No5_Mov1_B17-48_page_0]         ScaleBuilder.java:241  | Beam  guessed height:  6 -- 0.50 of 11 interline
2025-12-26 13:20:53,557 INFO [122_Beethoven_PSon_No5_Mov1_B17-48_page_0]         ScaleBuilder.java:264  | Beam measured height:  7 -- 0.43 of [4..11] range at 124% of needed quorum
2025-12-26 13:20:53,558 INFO [122_Beethoven_PSon_No5_Mov1_B17-48_page_0]            ScaleStep.java:65   | Scale{ interline(12,13,13) line(1,1,3) beam(7)}
2025-12-26 13:20:53,558 INFO [122_Beethoven_PSon_No5_Mov1_B17-48_page_0]       StepMonitoring.java:98   | GRID
2025-12-26 13:20:54,035 INFO [122_Beethoven_PSon_No5_Mov1_B17-48_page_0]       LinesRetriever.java:1500 | Global slope: 0.00000
2025-12-26 13:20:54,116 INFO [122_Beethoven_PSon_No5_Mov1_B17-48_page_0]    ClustersRetriever.java:326  | Retrieved raw line clusters: 14 of sizes [5] with interline(12,13,13)
2025-12-26 13:20:54,289 INFO [122_Beethoven_PSon_No5_Mov1_B17-48_page_0]            PeakGraph.java:310  | Systems: #1[1, 2] #2[3, 4] #3[5, 6] #4[7, 8] #5[9, 10] #6[11, 12] #7[13, 14]
2025-12-26 13:20:54,626 INFO [122_Beethoven_PSon_No5_Mov1_B17-48_page_0]        SystemManager.java:134  | Indentation detected for system #1
2025-12-26 13:20:54,628 INFO [122_Beethoven_PSon_No5_Mov1_B17-48_page_0]        SystemManager.java:779  | 1 part along 7 systems
2025-12-26 13:20:54,631 INFO [122_Beethoven_PSon_No5_Mov1_B17-48_page_0]                 Book.java:543  | Created scores: [{Score 1}]
2025-12-26 13:20:54,633 INFO [122_Beethoven_PSon_No5_Mov1_B17-48_page_0]       StepMonitoring.java:98   | HEADERS
2025-12-26 13:20:55,037 INFO [122_Beethoven_PSon_No5_Mov1_B17-48_page_0]      BasicClassifier.java:286  | Classifier loaded XML norms.
2025-12-26 13:20:55,041 INFO [122_Beethoven_PSon_No5_Mov1_B17-48_page_0]   AbstractClassifier.java:396  | Classifier data loaded from default uri jar:file:/C:/Users/Elliot/Downloads/Audiveris/app/audiveris.jar!/res/basic-classifier.zip
2025-12-26 13:20:55,822 INFO [122_Beethoven_PSon_No5_Mov1_B17-48_page_0]       StepMonitoring.java:98   | STEM_SEEDS
2025-12-26 13:20:55,863 INFO [122_Beethoven_PSon_No5_Mov1_B17-48_page_0]        StemSeedsStep.java:86   | stem(2 max:3)
2025-12-26 13:20:55,932 INFO [122_Beethoven_PSon_No5_Mov1_B17-48_page_0]       StepMonitoring.java:98   | BEAMS
2025-12-26 13:20:56,870 INFO [122_Beethoven_PSon_No5_Mov1_B17-48_page_0]       StepMonitoring.java:98   | LEDGERS
2025-12-26 13:20:57,036 INFO [122_Beethoven_PSon_No5_Mov1_B17-48_page_0]       StepMonitoring.java:98   | HEADS
2025-12-26 13:20:59,228 INFO [122_Beethoven_PSon_No5_Mov1_B17-48_page_0]        HeadSeedTally.java:235  | Scale information: HeadSeeds{NOTEHEAD_VOID[L:-0.4,R:0.4] NOTEHEAD_BLACK[L:-0.4,R:0.5]}
2025-12-26 13:20:59,229 INFO [122_Beethoven_PSon_No5_Mov1_B17-48_page_0]       StepMonitoring.java:98   | STEMS
2025-12-26 13:20:59,835 INFO [122_Beethoven_PSon_No5_Mov1_B17-48_page_0]       StepMonitoring.java:98   | REDUCTION
2025-12-26 13:21:00,004 INFO [122_Beethoven_PSon_No5_Mov1_B17-48_page_0]        ReductionStep.java:105  | Stems free length median value: 39 pixels, 3.0 interlines
2025-12-26 13:21:00,009 INFO [122_Beethoven_PSon_No5_Mov1_B17-48_page_0]       StepMonitoring.java:98   | CUE_BEAMS
2025-12-26 13:21:00,012 INFO [122_Beethoven_PSon_No5_Mov1_B17-48_page_0]         CueBeamsStep.java:81   | Step CUE_BEAMS is skipped because small heads switch is off
2025-12-26 13:21:00,013 INFO [122_Beethoven_PSon_No5_Mov1_B17-48_page_0]       StepMonitoring.java:98   | TEXTS
2025-12-26 13:21:00,096 WARN [122_Beethoven_PSon_No5_Mov1_B17-48_page_0]         TesseractOCR.java:335  | The collection of supported languages is empty
2025-12-26 13:21:00,096 INFO [122_Beethoven_PSon_No5_Mov1_B17-48_page_0]              OcrUtil.java:106  | Missing support for 'eng' language(s)
2025-12-26 13:21:00,106 INFO [122_Beethoven_PSon_No5_Mov1_B17-48_page_0]       StepMonitoring.java:98   | MEASURES
2025-12-26 13:21:00,120 INFO [122_Beethoven_PSon_No5_Mov1_B17-48_page_0]                 Page.java:307  | 32 raw measures: [4 in system#1, 4 in system#2, 5 in system#3, 5 in system#4, 5 in system#5, 5 in system#6, 4 in system#7]
2025-12-26 13:21:00,121 INFO [122_Beethoven_PSon_No5_Mov1_B17-48_page_0]       StepMonitoring.java:98   | CHORDS
2025-12-26 13:21:00,139 INFO [122_Beethoven_PSon_No5_Mov1_B17-48_page_0]       StepMonitoring.java:98   | CURVES
2025-12-26 13:21:00,803 INFO [122_Beethoven_PSon_No5_Mov1_B17-48_page_0]         SlursBuilder.java:240  | Slurs: 38
2025-12-26 13:21:00,848 INFO [122_Beethoven_PSon_No5_Mov1_B17-48_page_0]      SegmentsBuilder.java:155  | Segments: 22
2025-12-26 13:21:00,862 INFO [122_Beethoven_PSon_No5_Mov1_B17-48_page_0]       StepMonitoring.java:98   | SYMBOLS
2025-12-26 13:21:01,408 INFO [122_Beethoven_PSon_No5_Mov1_B17-48_page_0]       StepMonitoring.java:98   | LINKS
2025-12-26 13:21:01,476 INFO [122_Beethoven_PSon_No5_Mov1_B17-48_page_0]       StepMonitoring.java:98   | RHYTHMS
2025-12-26 13:21:01,533 INFO [122_Beethoven_PSon_No5_Mov1_B17-48_page_0]                Voice.java:257  | Measure{#11} Voice{#6 excess:3/16} too long
2025-12-26 13:21:01,534 INFO [122_Beethoven_PSon_No5_Mov1_B17-48_page_0]          StackRhythm.java:224  | S3 MeasureStack#11 no correct rhythm
2025-12-26 13:21:01,538 INFO [122_Beethoven_PSon_No5_Mov1_B17-48_page_0]        MeasureRhythm.java:1045 | Measure{#17} No timeOffset for HeadChordInter#4378{(0.928/0.928) staff:7 slot#4 dur:1/4}
2025-12-26 13:21:01,538 INFO [122_Beethoven_PSon_No5_Mov1_B17-48_page_0]                Voice.java:257  | Measure{#17} Voice{#1 excess:1/4} too long
2025-12-26 13:21:01,539 INFO [122_Beethoven_PSon_No5_Mov1_B17-48_page_0]          StackRhythm.java:224  | S4 MeasureStack#17 no correct rhythm
2025-12-26 13:21:01,544 INFO [122_Beethoven_PSon_No5_Mov1_B17-48_page_0]        MeasureRhythm.java:1045 | Measure{#21} No timeOffset for HeadChordInter#4394{(0.928/0.928) staff:9 slot#4 dur:1/4}
2025-12-26 13:21:01,545 INFO [122_Beethoven_PSon_No5_Mov1_B17-48_page_0]                Voice.java:257  | Measure{#21} Voice{#1 excess:1/4} too long
2025-12-26 13:21:01,547 INFO [122_Beethoven_PSon_No5_Mov1_B17-48_page_0]          StackRhythm.java:224  | S5 MeasureStack#21 no correct rhythm
2025-12-26 13:21:01,550 INFO [122_Beethoven_PSon_No5_Mov1_B17-48_page_0]        MeasureRhythm.java:1045 | Measure{#25} No timeOffset for HeadChordInter#4415{(0.922/0.922) staff:11 slot#4 dur:1/4}
2025-12-26 13:21:01,551 INFO [122_Beethoven_PSon_No5_Mov1_B17-48_page_0]                Voice.java:257  | Measure{#25} Voice{#1 excess:1/4} too long
2025-12-26 13:21:01,551 INFO [122_Beethoven_PSon_No5_Mov1_B17-48_page_0]          StackRhythm.java:224  | S6 MeasureStack#25 no correct rhythm
2025-12-26 13:21:01,554 INFO [122_Beethoven_PSon_No5_Mov1_B17-48_page_0]        MeasureRhythm.java:1045 | Measure{#28} No timeOffset for RestChordInter#5421{(0.779/0.779) staff:12 slot#2 dur:1/4}
2025-12-26 13:21:01,554 INFO [122_Beethoven_PSon_No5_Mov1_B17-48_page_0]   AbstractChordInter.java:627  | Measure{#28} No timeOffset for RestChordInter#5421{(0.779/0.779) staff:12 slot#2 dur:1/4}
2025-12-26 13:21:01,555 INFO [122_Beethoven_PSon_No5_Mov1_B17-48_page_0]   AbstractChordInter.java:627  | Measure{#28} No timeOffset for RestChordInter#5421{(0.779/0.779) staff:12 slot#2 dur:1/4}
2025-12-26 13:21:01,555 INFO [122_Beethoven_PSon_No5_Mov1_B17-48_page_0]   AbstractChordInter.java:627  | Measure{#28} No timeOffset for RestChordInter#5422{(0.785/0.785) staff:12 slot#4 dur:1/4}
2025-12-26 13:21:01,556 INFO [122_Beethoven_PSon_No5_Mov1_B17-48_page_0]          StackRhythm.java:224  | S6 MeasureStack#28 no correct rhythm
2025-12-26 13:21:01,561 INFO [122_Beethoven_PSon_No5_Mov1_B17-48_page_0]       StepMonitoring.java:98   | PAGE
2025-12-26 13:21:01,571 INFO [122_Beethoven_PSon_No5_Mov1_B17-48_page_0]                Voice.java:257  | Measure{#17} Voice{#1 excess:1/4} too long
2025-12-26 13:21:01,572 INFO [122_Beethoven_PSon_No5_Mov1_B17-48_page_0]                Voice.java:257  | Measure{#21} Voice{#1 excess:1/4} too long
2025-12-26 13:21:01,572 INFO [122_Beethoven_PSon_No5_Mov1_B17-48_page_0]                Voice.java:257  | Measure{#25} Voice{#1 excess:1/4} too long
2025-12-26 13:21:01,578 INFO [122_Beethoven_PSon_No5_Mov1_B17-48_page_0]                 Book.java:2596 | Book{122_Beethoven_PSon_No5_Mov1_B17-48_page_0} storing
2025-12-26 13:21:01,623 INFO [122_Beethoven_PSon_No5_Mov1_B17-48_page_0]                 Book.java:2577 | Stored /book.xml
2025-12-26 13:21:01,699 INFO [122_Beethoven_PSon_No5_Mov1_B17-48_page_0]           DataHolder.java:348  | Stored /sheet#1/BINARY.png
2025-12-26 13:21:02,499 INFO [122_Beethoven_PSon_No5_Mov1_B17-48_page_0]                Sheet.java:1583 | Stored /sheet#1/sheet#1.xml
2025-12-26 13:21:02,500 INFO [122_Beethoven_PSon_No5_Mov1_B17-48_page_0]                 Book.java:2537 | Book stored as C:\Users\Elliot\Downloads\Audiveris\scores\122_Beethoven_PSon_No5_Mov1_B17-48_page_0.omr
2025-12-26 13:21:02,503 INFO [122_Beethoven_PSon_No5_Mov1_B17-48_page_0]            SheetStub.java:1660 | Disposed sheet
2025-12-26 13:21:02,535 INFO [122_Beethoven_PSon_No5_Mov1_B17-48_page_0]                 Book.java:2064 | End of Stub#1
2025-12-26 13:21:02,536 INFO [122_Beethoven_PSon_No5_Mov1_B17-48_page_0]                 Book.java:2071 | Book processed.
2025-12-26 13:21:02,929 INFO [122_Beethoven_PSon_No5_Mov1_B17-48_page_0]            SheetStub.java:997  | Loaded /sheet#1/sheet#1.xml
2025-12-26 13:21:03,341 INFO [122_Beethoven_PSon_No5_Mov1_B17-48_page_0]      PartwiseBuilder.java:2688 | Exporting sheet(s): [#1]
2025-12-26 13:21:03,448 INFO [122_Beethoven_PSon_No5_Mov1_B17-48_page_0]        ScoreExporter.java:164  | Score 122_Beethoven_PSon_No5_Mov1_B17-48_page_0 exported to C:\Users\Elliot\Downloads\Audiveris\scores\122_Beethoven_PSon_No5_Mov1_B17-48_page_0.mxl
2025-12-26 13:21:03,496 INFO [122_Beethoven_PSon_No5_Mov1_B17-48_page_0]                Score.java:181  | Closing {Score 1}
