2025-12-26 13:21:05,470 INFO [123_Beethoven_PSon_No3_Mov2_B11-18_page_0]                 Book.java:560  | 1 sheet in C:\Users\Elliot\Downloads\Audiveris\scores\123_Beethoven_PSon_No3_Mov2_B11-18_page_0.jpg
2025-12-26 13:21:05,594 INFO []                 Book.java:2577 | Stored /book.xml
2025-12-26 13:21:05,594 INFO []                 Book.java:2537 | Book stored as C:\Users\Elliot\Downloads\Audiveris\scores\123_Beethoven_PSon_No3_Mov2_B11-18_page_0.omr
2025-12-26 13:21:05,599 INFO []                 Book.java:1929 | Book reaching PAGE on sheets:[#1]
2025-12-26 13:21:05,606 INFO [123_Beethoven_PSon_No3_Mov2_B11-18_page_0]       StepMonitoring.java:98   | LOAD
2025-12-26 13:21:05,697 INFO [123_Beethoven_PSon_No3_Mov2_B11-18_page_0]            SheetStub.java:1273 | Loaded image #1 1653x2339 from C:\Users\Elliot\Downloads\Audiveris\scores\123_Beethoven_PSon_No3_Mov2_B11-18_page_0.jpg
2025-12-26 13:21:05,699 INFO [123_Beethoven_PSon_No3_Mov2_B11-18_page_0]            ImageUtil.java:124  | Converting max RGB to gray
2025-12-26 13:21:05,810 INFO [123_Beethoven_PSon_No3_Mov2_B11-18_page_0]       StepMonitoring.java:98   | BINARY
2025-12-26 13:21:06,021 INFO [123_Beethoven_PSon_No3_Mov2_B11-18_page_0]       StepMonitoring.java:98   | SCALE
2025-12-26 13:21:06,043 INFO [123_Beethoven_PSon_No3_Mov2_B11-18_page_0]         ScaleBuilder.java:241  | Beam  guessed height:  6 -- 0.50 of 12 interline
2025-12-26 13:21:06,045 INFO [123_Beethoven_PSon_No3_Mov2_B11-18_page_0]         ScaleBuilder.java:264  | Beam measured height:  7 -- 0.38 of [4..12] range at 850% of needed quorum
2025-12-26 13:21:06,046 INFO [123_Beethoven_PSon_No3_Mov2_B11-18_page_0]            ScaleStep.java:65   | Scale{ interline(13,14,14) line(1,1,3) beam(7)}
2025-12-26 13:21:06,047 INFO [123_Beethoven_PSon_No3_Mov2_B11-18_page_0]       StepMonitoring.java:98   | GRID
2025-12-26 13:21:06,376 INFO [123_Beethoven_PSon_No3_Mov2_B11-18_page_0]       LinesRetriever.java:1500 | Global slope: 0.00000
2025-12-26 13:21:06,423 INFO [123_Beethoven_PSon_No3_Mov2_B11-18_page_0]    ClustersRetriever.java:326  | Retrieved raw line clusters: 8 of sizes [5] with interline(13,14,14)
2025-12-26 13:21:06,554 INFO [123_Beethoven_PSon_No3_Mov2_B11-18_page_0]            PeakGraph.java:310  | Systems: #1[1, 2] #2[3, 4] #3[5, 6] #4[7, 8]
2025-12-26 13:21:06,769 INFO [123_Beethoven_PSon_No3_Mov2_B11-18_page_0]        SystemManager.java:779  | 1 part along 4 systems
2025-12-26 13:21:06,771 INFO [123_Beethoven_PSon_No3_Mov2_B11-18_page_0]                 Book.java:543  | Created scores: [{Score 1}]
2025-12-26 13:21:06,771 INFO [123_Beethoven_PSon_No3_Mov2_B11-18_page_0]       StepMonitoring.java:98   | HEADERS
2025-12-26 13:21:07,095 INFO [123_Beethoven_PSon_No3_Mov2_B11-18_page_0]      BasicClassifier.java:286  | Classifier loaded XML norms.
2025-12-26 13:21:07,100 INFO [123_Beethoven_PSon_No3_Mov2_B11-18_page_0]   AbstractClassifier.java:396  | Classifier data loaded from default uri jar:file:/C:/Users/Elliot/Downloads/Audiveris/app/audiveris.jar!/res/basic-classifier.zip
2025-12-26 13:21:07,802 INFO [123_Beethoven_PSon_No3_Mov2_B11-18_page_0]       StepMonitoring.java:98   | STEM_SEEDS
2025-12-26 13:21:07,833 INFO [123_Beethoven_PSon_No3_Mov2_B11-18_page_0]        StemSeedsStep.java:86   | stem(2 max:3)
2025-12-26 13:21:07,873 INFO [123_Beethoven_PSon_No3_Mov2_B11-18_page_0]       StepMonitoring.java:98   | BEAMS
2025-12-26 13:21:09,061 INFO [123_Beethoven_PSon_No3_Mov2_B11-18_page_0]       StepMonitoring.java:98   | LEDGERS
2025-12-26 13:21:09,195 INFO [123_Beethoven_PSon_No3_Mov2_B11-18_page_0]       StepMonitoring.java:98   | HEADS
2025-12-26 13:21:10,861 INFO [123_Beethoven_PSon_No3_Mov2_B11-18_page_0]        HeadSeedTally.java:235  | Scale information: HeadSeeds{NOTEHEAD_BLACK[L:0.1,R:0.5]}
2025-12-26 13:21:10,862 INFO [123_Beethoven_PSon_No3_Mov2_B11-18_page_0]       StepMonitoring.java:98   | STEMS
2025-12-26 13:21:11,529 INFO [123_Beethoven_PSon_No3_Mov2_B11-18_page_0]       StepMonitoring.java:98   | REDUCTION
2025-12-26 13:21:11,659 INFO [123_Beethoven_PSon_No3_Mov2_B11-18_page_0]        ReductionStep.java:105  | Stems free length median value: 48 pixels, 3.4 interlines
2025-12-26 13:21:11,664 INFO [123_Beethoven_PSon_No3_Mov2_B11-18_page_0]       StepMonitoring.java:98   | CUE_BEAMS
2025-12-26 13:21:11,665 INFO [123_Beethoven_PSon_No3_Mov2_B11-18_page_0]         CueBeamsStep.java:81   | Step CUE_BEAMS is skipped because small heads switch is off
2025-12-26 13:21:11,666 INFO [123_Beethoven_PSon_No3_Mov2_B11-18_page_0]       StepMonitoring.java:98   | TEXTS
2025-12-26 13:21:11,758 WARN [123_Beethoven_PSon_No3_Mov2_B11-18_page_0]         TesseractOCR.java:335  | The collection of supported languages is empty
2025-12-26 13:21:11,759 INFO [123_Beethoven_PSon_No3_Mov2_B11-18_page_0]              OcrUtil.java:106  | Missing support for 'eng' language(s)
2025-12-26 13:21:11,772 INFO [123_Beethoven_PSon_No3_Mov2_B11-18_page_0]       StepMonitoring.java:98   | MEASURES
2025-12-26 13:21:11,780 INFO [123_Beethoven_PSon_No3_Mov2_B11-18_page_0]                 Page.java:307  | 8 raw measures: [2 in system#1, 2 in system#2, 2 in system#3, 2 in system#4]
2025-12-26 13:21:11,781 INFO [123_Beethoven_PSon_No3_Mov2_B11-18_page_0]       StepMonitoring.java:98   | CHORDS
2025-12-26 13:21:11,800 INFO [123_Beethoven_PSon_No3_Mov2_B11-18_page_0]       StepMonitoring.java:98   | CURVES
2025-12-26 13:21:12,385 INFO [123_Beethoven_PSon_No3_Mov2_B11-18_page_0]         SlursBuilder.java:240  | Slurs: 19
2025-12-26 13:21:12,396 INFO [123_Beethoven_PSon_No3_Mov2_B11-18_page_0]      SegmentsBuilder.java:155  | Segments: 0
2025-12-26 13:21:12,404 INFO [123_Beethoven_PSon_No3_Mov2_B11-18_page_0]       StepMonitoring.java:98   | SYMBOLS
2025-12-26 13:21:12,767 INFO [123_Beethoven_PSon_No3_Mov2_B11-18_page_0]       StepMonitoring.java:98   | LINKS
2025-12-26 13:21:12,830 INFO [123_Beethoven_PSon_No3_Mov2_B11-18_page_0]       StepMonitoring.java:98   | RHYTHMS
2025-12-26 13:21:12,914 INFO [123_Beethoven_PSon_No3_Mov2_B11-18_page_0]       StepMonitoring.java:98   | PAGE
2025-12-26 13:21:12,929 INFO [123_Beethoven_PSon_No3_Mov2_B11-18_page_0]                 Book.java:2596 | Book{123_Beethoven_PSon_No3_Mov2_B11-18_page_0} storing
2025-12-26 13:21:12,974 INFO [123_Beethoven_PSon_No3_Mov2_B11-18_page_0]                 Book.java:2577 | Stored /book.xml
2025-12-26 13:21:13,037 INFO [123_Beethoven_PSon_No3_Mov2_B11-18_page_0]           DataHolder.java:348  | Stored /sheet#1/BINARY.png
2025-12-26 13:21:13,750 INFO [123_Beethoven_PSon_No3_Mov2_B11-18_page_0]                Sheet.java:1583 | Stored /sheet#1/sheet#1.xml
2025-12-26 13:21:13,750 INFO [123_Beethoven_PSon_No3_Mov2_B11-18_page_0]                 Book.java:2537 | Book stored as C:\Users\Elliot\Downloads\Audiveris\scores\123_Beethoven_PSon_No3_Mov2_B11-18_page_0.omr
2025-12-26 13:21:13,754 INFO [123_Beethoven_PSon_No3_Mov2_B11-18_page_0]            SheetStub.java:1660 | Disposed sheet
2025-12-26 13:21:13,792 INFO [123_Beethoven_PSon_No3_Mov2_B11-18_page_0]                 Book.java:2064 | End of Stub#1
2025-12-26 13:21:13,793 INFO [123_Beethoven_PSon_No3_Mov2_B11-18_page_0]                 Book.java:2071 | Book processed.
2025-12-26 13:21:14,114 INFO [123_Beethoven_PSon_No3_Mov2_B11-18_page_0]            SheetStub.java:997  | Loaded /sheet#1/sheet#1.xml
2025-12-26 13:21:14,521 INFO [123_Beethoven_PSon_No3_Mov2_B11-18_page_0]      PartwiseBuilder.java:2688 | Exporting sheet(s): [#1]
2025-12-26 13:21:14,615 INFO [123_Beethoven_PSon_No3_Mov2_B11-18_page_0]        ScoreExporter.java:164  | Score 123_Beethoven_PSon_No3_Mov2_B11-18_page_0 exported to C:\Users\Elliot\Downloads\Audiveris\scores\123_Beethoven_PSon_No3_Mov2_B11-18_page_0.mxl
2025-12-26 13:21:14,658 INFO [123_Beethoven_PSon_No3_Mov2_B11-18_page_0]                Score.java:181  | Closing {Score 1}
