2025-12-26 13:21:16,403 INFO [124_Beethoven_PSon_No24_Mov1_B29-42_page_0]                 Book.java:560  | 1 sheet in C:\Users\Elliot\Downloads\Audiveris\scores\124_Beethoven_PSon_No24_Mov1_B29-42_page_0.jpg
2025-12-26 13:21:16,533 INFO []                 Book.java:2577 | Stored /book.xml
2025-12-26 13:21:16,534 INFO []                 Book.java:2537 | Book stored as C:\Users\Elliot\Downloads\Audiveris\scores\124_Beethoven_PSon_No24_Mov1_B29-42_page_0.omr
2025-12-26 13:21:16,539 INFO []                 Book.java:1929 | Book reaching PAGE on sheets:[#1]
2025-12-26 13:21:16,546 INFO [124_Beethoven_PSon_No24_Mov1_B29-42_page_0]       StepMonitoring.java:98   | LOAD
2025-12-26 13:21:16,670 INFO [124_Beethoven_PSon_No24_Mov1_B29-42_page_0]            SheetStub.java:1273 | Loaded image #1 1653x2339 from C:\Users\Elliot\Downloads\Audiveris\scores\124_Beethoven_PSon_No24_Mov1_B29-42_page_0.jpg
2025-12-26 13:21:16,675 INFO [124_Beethoven_PSon_No24_Mov1_B29-42_page_0]            ImageUtil.java:124  | Converting max RGB to gray
2025-12-26 13:21:16,791 INFO [124_Beethoven_PSon_No24_Mov1_B29-42_page_0]       StepMonitoring.java:98   | BINARY
2025-12-26 13:21:17,006 INFO [124_Beethoven_PSon_No24_Mov1_B29-42_page_0]       StepMonitoring.java:98   | SCALE
2025-12-26 13:21:17,027 INFO [124_Beethoven_PSon_No24_Mov1_B29-42_page_0]         ScaleBuilder.java:241  | Beam  guessed height:  6 -- 0.50 of 11 interline
2025-12-26 13:21:17,029 INFO [124_Beethoven_PSon_No24_Mov1_B29-42_page_0]         ScaleBuilder.java:264  | Beam measured height:  7 -- 0.43 of [4..11] range at 582% of needed quorum
2025-12-26 13:21:17,030 INFO [124_Beethoven_PSon_No24_Mov1_B29-42_page_0]            ScaleStep.java:65   | Scale{ interline(12,13,13) line(1,1,3) beam(7)}
2025-12-26 13:21:17,031 INFO [124_Beethoven_PSon_No24_Mov1_B29-42_page_0]       StepMonitoring.java:98   | GRID
2025-12-26 13:21:17,366 INFO [124_Beethoven_PSon_No24_Mov1_B29-42_page_0]       LinesRetriever.java:1500 | Global slope: 0.00000
2025-12-26 13:21:17,516 INFO [124_Beethoven_PSon_No24_Mov1_B29-42_page_0]    ClustersRetriever.java:326  | Retrieved raw line clusters: 12 of sizes [5] with interline(12,13,13)
2025-12-26 13:21:17,680 INFO [124_Beethoven_PSon_No24_Mov1_B29-42_page_0]            PeakGraph.java:310  | Systems: #1[1, 2] #2[3, 4] #3[5, 6] #4[7, 8] #5[9, 10] #6[11, 12]
2025-12-26 13:21:17,967 INFO [124_Beethoven_PSon_No24_Mov1_B29-42_page_0]        SystemManager.java:779  | 1 part along 6 systems
2025-12-26 13:21:17,968 INFO [124_Beethoven_PSon_No24_Mov1_B29-42_page_0]                 Book.java:543  | Created scores: [{Score 1}]
2025-12-26 13:21:17,969 INFO [124_Beethoven_PSon_No24_Mov1_B29-42_page_0]       StepMonitoring.java:98   | HEADERS
2025-12-26 13:21:18,289 INFO []      BasicClassifier.java:286  | Classifier loaded XML norms.
2025-12-26 13:21:18,292 INFO []   AbstractClassifier.java:396  | Classifier data loaded from default uri jar:file:/C:/Users/Elliot/Downloads/Audiveris/app/audiveris.jar!/res/basic-classifier.zip
2025-12-26 13:21:19,267 INFO [124_Beethoven_PSon_No24_Mov1_B29-42_page_0]       StepMonitoring.java:98   | STEM_SEEDS
2025-12-26 13:21:19,309 INFO [124_Beethoven_PSon_No24_Mov1_B29-42_page_0]        StemSeedsStep.java:86   | stem(2 max:2)
2025-12-26 13:21:19,352 INFO [124_Beethoven_PSon_No24_Mov1_B29-42_page_0]       StepMonitoring.java:98   | BEAMS
2025-12-26 13:21:20,418 INFO [124_Beethoven_PSon_No24_Mov1_B29-42_page_0]       StepMonitoring.java:98   | LEDGERS
2025-12-26 13:21:20,652 INFO [124_Beethoven_PSon_No24_Mov1_B29-42_page_0]       StepMonitoring.java:98   | HEADS
2025-12-26 13:21:22,604 INFO [124_Beethoven_PSon_No24_Mov1_B29-42_page_0]        HeadSeedTally.java:235  | Scale information: HeadSeeds{NOTEHEAD_BLACK[L:-0.2,R:0.5]}
2025-12-26 13:21:22,605 INFO [124_Beethoven_PSon_No24_Mov1_B29-42_page_0]       StepMonitoring.java:98   | STEMS
2025-12-26 13:21:23,212 INFO [124_Beethoven_PSon_No24_Mov1_B29-42_page_0]       StepMonitoring.java:98   | REDUCTION
2025-12-26 13:21:23,385 INFO [124_Beethoven_PSon_No24_Mov1_B29-42_page_0]        ReductionStep.java:105  | Stems free length median value: 44 pixels, 3.4 interlines
2025-12-26 13:21:23,395 INFO [124_Beethoven_PSon_No24_Mov1_B29-42_page_0]       StepMonitoring.java:98   | CUE_BEAMS
2025-12-26 13:21:23,396 INFO [124_Beethoven_PSon_No24_Mov1_B29-42_page_0]         CueBeamsStep.java:81   | Step CUE_BEAMS is skipped because small heads switch is off
2025-12-26 13:21:23,396 INFO [124_Beethoven_PSon_No24_Mov1_B29-42_page_0]       StepMonitoring.java:98   | TEXTS
2025-12-26 13:21:23,479 WARN [124_Beethoven_PSon_No24_Mov1_B29-42_page_0]         TesseractOCR.java:335  | The collection of supported languages is empty
2025-12-26 13:21:23,479 INFO [124_Beethoven_PSon_No24_Mov1_B29-42_page_0]              OcrUtil.java:106  | Missing support for 'eng' language(s)
2025-12-26 13:21:23,487 INFO [124_Beethoven_PSon_No24_Mov1_B29-42_page_0]       StepMonitoring.java:98   | MEASURES
2025-12-26 13:21:23,500 INFO [124_Beethoven_PSon_No24_Mov1_B29-42_page_0]                 Page.java:307  | 12 raw measures: [2 in system#1, 2 in system#2, 2 in system#3, 2 in system#4, 2 in system#5, 2 in system#6]
2025-12-26 13:21:23,501 INFO [124_Beethoven_PSon_No24_Mov1_B29-42_page_0]       StepMonitoring.java:98   | CHORDS
2025-12-26 13:21:23,528 INFO [124_Beethoven_PSon_No24_Mov1_B29-42_page_0]       StepMonitoring.java:98   | CURVES
2025-12-26 13:21:24,081 INFO [124_Beethoven_PSon_No24_Mov1_B29-42_page_0]         SlursBuilder.java:240  | Slurs: 9
2025-12-26 13:21:24,090 INFO [124_Beethoven_PSon_No24_Mov1_B29-42_page_0]      SegmentsBuilder.java:155  | Segments: 2
2025-12-26 13:21:24,096 INFO [124_Beethoven_PSon_No24_Mov1_B29-42_page_0]       StepMonitoring.java:98   | SYMBOLS
2025-12-26 13:21:24,459 INFO [124_Beethoven_PSon_No24_Mov1_B29-42_page_0]       StepMonitoring.java:98   | LINKS
2025-12-26 13:21:24,528 INFO [124_Beethoven_PSon_No24_Mov1_B29-42_page_0]       StepMonitoring.java:98   | RHYTHMS
2025-12-26 13:21:24,558 INFO [124_Beethoven_PSon_No24_Mov1_B29-42_page_0]                Voice.java:257  | Measure{#1} Voice{#1 excess:1/8} too long
2025-12-26 13:21:24,559 INFO [124_Beethoven_PSon_No24_Mov1_B29-42_page_0]                Voice.java:257  | Measure{#1} Voice{#5 excess:1/8} too long
2025-12-26 13:21:24,561 INFO [124_Beethoven_PSon_No24_Mov1_B29-42_page_0]          StackRhythm.java:224  | S1 MeasureStack#1 no correct rhythm
2025-12-26 13:21:24,570 INFO [124_Beethoven_PSon_No24_Mov1_B29-42_page_0]                Voice.java:257  | Measure{#2} Voice{#3 excess:1/8} too long
2025-12-26 13:21:24,572 INFO [124_Beethoven_PSon_No24_Mov1_B29-42_page_0]                Voice.java:257  | Measure{#2} Voice{#8 excess:1/8} too long
2025-12-26 13:21:24,572 INFO [124_Beethoven_PSon_No24_Mov1_B29-42_page_0]          StackRhythm.java:224  | S1 MeasureStack#2 no correct rhythm
2025-12-26 13:21:24,582 INFO [124_Beethoven_PSon_No24_Mov1_B29-42_page_0]        MeasureRhythm.java:1045 | Measure{#3} No timeOffset for HeadChordInter#4436{(0.947/0.947) staff:3 slot#9 dur:1/8}
2025-12-26 13:21:24,583 INFO [124_Beethoven_PSon_No24_Mov1_B29-42_page_0]        MeasureRhythm.java:1045 | Measure{#3} No timeOffset for HeadChordInter#4453{(0.942/0.942) staff:4 slot#9 dur:1/8}
2025-12-26 13:21:24,583 INFO [124_Beethoven_PSon_No24_Mov1_B29-42_page_0]          StackRhythm.java:224  | S2 MeasureStack#3 no correct rhythm
2025-12-26 13:21:24,615 INFO [124_Beethoven_PSon_No24_Mov1_B29-42_page_0]       StepMonitoring.java:98   | PAGE
2025-12-26 13:21:24,620 INFO [124_Beethoven_PSon_No24_Mov1_B29-42_page_0]                Voice.java:257  | Measure{#1} Voice{#1 excess:1/8} too long
2025-12-26 13:21:24,621 INFO [124_Beethoven_PSon_No24_Mov1_B29-42_page_0]                Voice.java:257  | Measure{#1} Voice{#5 excess:1/8} too long
2025-12-26 13:21:24,622 INFO [124_Beethoven_PSon_No24_Mov1_B29-42_page_0]                Voice.java:257  | Measure{#2} Voice{#3 excess:1/8} too long
2025-12-26 13:21:24,625 INFO [124_Beethoven_PSon_No24_Mov1_B29-42_page_0]                Voice.java:257  | Measure{#2} Voice{#8 excess:1/8} too long
2025-12-26 13:21:24,630 INFO [124_Beethoven_PSon_No24_Mov1_B29-42_page_0]                 Book.java:2596 | Book{124_Beethoven_PSon_No24_Mov1_B29-42_page_0} storing
2025-12-26 13:21:24,670 INFO [124_Beethoven_PSon_No24_Mov1_B29-42_page_0]                 Book.java:2577 | Stored /book.xml
2025-12-26 13:21:24,752 INFO [124_Beethoven_PSon_No24_Mov1_B29-42_page_0]           DataHolder.java:348  | Stored /sheet#1/BINARY.png
2025-12-26 13:21:25,475 INFO [124_Beethoven_PSon_No24_Mov1_B29-42_page_0]                Sheet.java:1583 | Stored /sheet#1/sheet#1.xml
2025-12-26 13:21:25,476 INFO [124_Beethoven_PSon_No24_Mov1_B29-42_page_0]                 Book.java:2537 | Book stored as C:\Users\Elliot\Downloads\Audiveris\scores\124_Beethoven_PSon_No24_Mov1_B29-42_page_0.omr
2025-12-26 13:21:25,482 INFO [124_Beethoven_PSon_No24_Mov1_B29-42_page_0]            SheetStub.java:1660 | Disposed sheet
2025-12-26 13:21:25,518 INFO [124_Beethoven_PSon_No24_Mov1_B29-42_page_0]                 Book.java:2064 | End of Stub#1
2025-12-26 13:21:25,520 INFO [124_Beethoven_PSon_No24_Mov1_B29-42_page_0]                 Book.java:2071 | Book processed.
2025-12-26 13:21:25,845 INFO [124_Beethoven_PSon_No24_Mov1_B29-42_page_0]            SheetStub.java:997  | Loaded /sheet#1/sheet#1.xml
2025-12-26 13:21:26,277 INFO [124_Beethoven_PSon_No24_Mov1_B29-42_page_0]      PartwiseBuilder.java:2688 | Exporting sheet(s): [#1]
2025-12-26 13:21:26,390 INFO [124_Beethoven_PSon_No24_Mov1_B29-42_page_0]        ScoreExporter.java:164  | Score 124_Beethoven_PSon_No24_Mov1_B29-42_page_0 exported to C:\Users\Elliot\Downloads\Audiveris\scores\124_Beethoven_PSon_No24_Mov1_B29-42_page_0.mxl
2025-12-26 13:21:26,429 INFO [124_Beethoven_PSon_No24_Mov1_B29-42_page_0]                Score.java:181  | Closing {Score 1}
