2025-12-26 13:21:39,854 INFO [126_Beethoven_PSon_No28_Mov1_B1-10_page_0]                 Book.java:560  | 1 sheet in C:\Users\Elliot\Downloads\Audiveris\scores\126_Beethoven_PSon_No28_Mov1_B1-10_page_0.jpg
2025-12-26 13:21:39,965 INFO []                 Book.java:2577 | Stored /book.xml
2025-12-26 13:21:39,966 INFO []                 Book.java:2537 | Book stored as C:\Users\Elliot\Downloads\Audiveris\scores\126_Beethoven_PSon_No28_Mov1_B1-10_page_0.omr
2025-12-26 13:21:39,972 INFO []                 Book.java:1929 | Book reaching PAGE on sheets:[#1]
2025-12-26 13:21:39,977 INFO [126_Beethoven_PSon_No28_Mov1_B1-10_page_0]       StepMonitoring.java:98   | LOAD
2025-12-26 13:21:40,059 INFO [126_Beethoven_PSon_No28_Mov1_B1-10_page_0]            SheetStub.java:1273 | Loaded image #1 1653x2339 from C:\Users\Elliot\Downloads\Audiveris\scores\126_Beethoven_PSon_No28_Mov1_B1-10_page_0.jpg
2025-12-26 13:21:40,062 INFO [126_Beethoven_PSon_No28_Mov1_B1-10_page_0]            ImageUtil.java:124  | Converting max RGB to gray
2025-12-26 13:21:40,192 INFO [126_Beethoven_PSon_No28_Mov1_B1-10_page_0]       StepMonitoring.java:98   | BINARY
2025-12-26 13:21:40,397 INFO [126_Beethoven_PSon_No28_Mov1_B1-10_page_0]       StepMonitoring.java:98   | SCALE
2025-12-26 13:21:40,419 INFO [126_Beethoven_PSon_No28_Mov1_B1-10_page_0]         ScaleBuilder.java:241  | Beam  guessed height:  6 -- 0.50 of 12 interline
2025-12-26 13:21:40,421 INFO [126_Beethoven_PSon_No28_Mov1_B1-10_page_0]         ScaleBuilder.java:264  | Beam measured height:  7 -- 0.38 of [4..12] range at 411% of needed quorum
2025-12-26 13:21:40,421 INFO [126_Beethoven_PSon_No28_Mov1_B1-10_page_0]            ScaleStep.java:65   | Scale{ interline(13,14,14) line(1,1,3) beam(7)}
2025-12-26 13:21:40,422 INFO [126_Beethoven_PSon_No28_Mov1_B1-10_page_0]       StepMonitoring.java:98   | GRID
2025-12-26 13:21:40,692 INFO [126_Beethoven_PSon_No28_Mov1_B1-10_page_0]       LinesRetriever.java:1500 | Global slope: 0.00000
2025-12-26 13:21:40,726 INFO [126_Beethoven_PSon_No28_Mov1_B1-10_page_0]    ClustersRetriever.java:326  | Retrieved raw line clusters: 6 of sizes [5] with interline(13,14,14)
2025-12-26 13:21:40,819 INFO [126_Beethoven_PSon_No28_Mov1_B1-10_page_0]            PeakGraph.java:310  | Systems: #1[1, 2] #2[3, 4] #3[5, 6]
2025-12-26 13:21:41,016 INFO [126_Beethoven_PSon_No28_Mov1_B1-10_page_0]        SystemManager.java:134  | Indentation detected for system #1
2025-12-26 13:21:41,017 INFO [126_Beethoven_PSon_No28_Mov1_B1-10_page_0]        SystemManager.java:779  | 1 part along 3 systems
2025-12-26 13:21:41,018 INFO [126_Beethoven_PSon_No28_Mov1_B1-10_page_0]                 Book.java:543  | Created scores: [{Score 1}]
2025-12-26 13:21:41,019 INFO [126_Beethoven_PSon_No28_Mov1_B1-10_page_0]       StepMonitoring.java:98   | HEADERS
2025-12-26 13:21:41,346 INFO [126_Beethoven_PSon_No28_Mov1_B1-10_page_0]      BasicClassifier.java:286  | Classifier loaded XML norms.
2025-12-26 13:21:41,350 INFO [126_Beethoven_PSon_No28_Mov1_B1-10_page_0]   AbstractClassifier.java:396  | Classifier data loaded from default uri jar:file:/C:/Users/Elliot/Downloads/Audiveris/app/audiveris.jar!/res/basic-classifier.zip
2025-12-26 13:21:41,967 INFO [126_Beethoven_PSon_No28_Mov1_B1-10_page_0]       StepMonitoring.java:98   | STEM_SEEDS
2025-12-26 13:21:42,023 INFO [126_Beethoven_PSon_No28_Mov1_B1-10_page_0]        StemSeedsStep.java:86   | stem(2 max:2)
2025-12-26 13:21:42,075 INFO [126_Beethoven_PSon_No28_Mov1_B1-10_page_0]       StepMonitoring.java:98   | BEAMS
2025-12-26 13:21:43,027 INFO [126_Beethoven_PSon_No28_Mov1_B1-10_page_0]       StepMonitoring.java:98   | LEDGERS
2025-12-26 13:21:43,174 INFO [126_Beethoven_PSon_No28_Mov1_B1-10_page_0]       StepMonitoring.java:98   | HEADS
2025-12-26 13:21:44,560 INFO [126_Beethoven_PSon_No28_Mov1_B1-10_page_0]        HeadSeedTally.java:235  | Scale information: HeadSeeds{NOTEHEAD_BLACK[L:0.0,R:0.5]}
2025-12-26 13:21:44,561 INFO [126_Beethoven_PSon_No28_Mov1_B1-10_page_0]       StepMonitoring.java:98   | STEMS
2025-12-26 13:21:45,138 INFO [126_Beethoven_PSon_No28_Mov1_B1-10_page_0]       StepMonitoring.java:98   | REDUCTION
2025-12-26 13:21:45,241 INFO [126_Beethoven_PSon_No28_Mov1_B1-10_page_0]        ReductionStep.java:105  | Stems free length median value: 47 pixels, 3.4 interlines
2025-12-26 13:21:45,244 INFO [126_Beethoven_PSon_No28_Mov1_B1-10_page_0]       StepMonitoring.java:98   | CUE_BEAMS
2025-12-26 13:21:45,245 INFO [126_Beethoven_PSon_No28_Mov1_B1-10_page_0]         CueBeamsStep.java:81   | Step CUE_BEAMS is skipped because small heads switch is off
2025-12-26 13:21:45,245 INFO [126_Beethoven_PSon_No28_Mov1_B1-10_page_0]       StepMonitoring.java:98   | TEXTS
2025-12-26 13:21:45,316 WARN [126_Beethoven_PSon_No28_Mov1_B1-10_page_0]         TesseractOCR.java:335  | The collection of supported languages is empty
2025-12-26 13:21:45,316 INFO [126_Beethoven_PSon_No28_Mov1_B1-10_page_0]              OcrUtil.java:106  | Missing support for 'eng' language(s)
2025-12-26 13:21:45,327 INFO [126_Beethoven_PSon_No28_Mov1_B1-10_page_0]       StepMonitoring.java:98   | MEASURES
2025-12-26 13:21:45,335 INFO [126_Beethoven_PSon_No28_Mov1_B1-10_page_0]                 Page.java:307  | 10 raw measures: [3 in system#1, 3 in system#2, 4 in system#3]
2025-12-26 13:21:45,335 INFO [126_Beethoven_PSon_No28_Mov1_B1-10_page_0]       StepMonitoring.java:98   | CHORDS
2025-12-26 13:21:45,351 INFO [126_Beethoven_PSon_No28_Mov1_B1-10_page_0]       StepMonitoring.java:98   | CURVES
2025-12-26 13:21:45,812 INFO [126_Beethoven_PSon_No28_Mov1_B1-10_page_0]         SlursBuilder.java:240  | Slurs: 19
2025-12-26 13:21:45,825 INFO [126_Beethoven_PSon_No28_Mov1_B1-10_page_0]      SegmentsBuilder.java:155  | Segments: 4
2025-12-26 13:21:45,833 INFO [126_Beethoven_PSon_No28_Mov1_B1-10_page_0]       StepMonitoring.java:98   | SYMBOLS
2025-12-26 13:21:46,312 INFO [126_Beethoven_PSon_No28_Mov1_B1-10_page_0]       StepMonitoring.java:98   | LINKS
2025-12-26 13:21:46,362 INFO [126_Beethoven_PSon_No28_Mov1_B1-10_page_0]       StepMonitoring.java:98   | RHYTHMS
2025-12-26 13:21:46,396 INFO [126_Beethoven_PSon_No28_Mov1_B1-10_page_0]                Voice.java:257  | Measure{#1} Voice{#6 excess:1/4} too long
2025-12-26 13:21:46,399 INFO [126_Beethoven_PSon_No28_Mov1_B1-10_page_0]          StackRhythm.java:224  | S1 MeasureStack#1 no correct rhythm
2025-12-26 13:21:46,465 INFO [126_Beethoven_PSon_No28_Mov1_B1-10_page_0]       StepMonitoring.java:98   | PAGE
2025-12-26 13:21:46,467 INFO [126_Beethoven_PSon_No28_Mov1_B1-10_page_0]       SheetReduction.java:154  | Gutter. Different glyphs 2/3 FermataInter#3529{(0.692/0.927) staff:4 FERMATA_BELOW} vs ArticulationInter#3605{(0.800/0.913) STACCATO}
2025-12-26 13:21:46,473 INFO [126_Beethoven_PSon_No28_Mov1_B1-10_page_0]                Voice.java:257  | Measure{#1} Voice{#6 excess:1/4} too long
2025-12-26 13:21:46,480 INFO [126_Beethoven_PSon_No28_Mov1_B1-10_page_0]                 Book.java:2596 | Book{126_Beethoven_PSon_No28_Mov1_B1-10_page_0} storing
2025-12-26 13:21:46,529 INFO [126_Beethoven_PSon_No28_Mov1_B1-10_page_0]                 Book.java:2577 | Stored /book.xml
2025-12-26 13:21:46,613 INFO [126_Beethoven_PSon_No28_Mov1_B1-10_page_0]           DataHolder.java:348  | Stored /sheet#1/BINARY.png
2025-12-26 13:21:47,187 INFO [126_Beethoven_PSon_No28_Mov1_B1-10_page_0]                Sheet.java:1583 | Stored /sheet#1/sheet#1.xml
2025-12-26 13:21:47,187 INFO [126_Beethoven_PSon_No28_Mov1_B1-10_page_0]                 Book.java:2537 | Book stored as C:\Users\Elliot\Downloads\Audiveris\scores\126_Beethoven_PSon_No28_Mov1_B1-10_page_0.omr
2025-12-26 13:21:47,193 INFO [126_Beethoven_PSon_No28_Mov1_B1-10_page_0]            SheetStub.java:1660 | Disposed sheet
2025-12-26 13:21:47,222 INFO [126_Beethoven_PSon_No28_Mov1_B1-10_page_0]                 Book.java:2064 | End of Stub#1
2025-12-26 13:21:47,223 INFO [126_Beethoven_PSon_No28_Mov1_B1-10_page_0]                 Book.java:2071 | Book processed.
2025-12-26 13:21:47,561 INFO [126_Beethoven_PSon_No28_Mov1_B1-10_page_0]            SheetStub.java:997  | Loaded /sheet#1/sheet#1.xml
2025-12-26 13:21:47,997 INFO [126_Beethoven_PSon_No28_Mov1_B1-10_page_0]      PartwiseBuilder.java:2688 | Exporting sheet(s): [#1]
2025-12-26 13:21:48,092 INFO [126_Beethoven_PSon_No28_Mov1_B1-10_page_0]        ScoreExporter.java:164  | Score 126_Beethoven_PSon_No28_Mov1_B1-10_page_0 exported to C:\Users\Elliot\Downloads\Audiveris\scores\126_Beethoven_PSon_No28_Mov1_B1-10_page_0.mxl
2025-12-26 13:21:48,132 INFO [126_Beethoven_PSon_No28_Mov1_B1-10_page_0]                Score.java:181  | Closing {Score 1}
