2025-12-26 13:21:49,994 INFO [127_Beethoven_PSon_No28_Mov2_B0-12_page_0]                 Book.java:560  | 1 sheet in C:\Users\Elliot\Downloads\Audiveris\scores\127_Beethoven_PSon_No28_Mov2_B0-12_page_0.jpg
2025-12-26 13:21:50,136 INFO []                 Book.java:2577 | Stored /book.xml
2025-12-26 13:21:50,137 INFO []                 Book.java:2537 | Book stored as C:\Users\Elliot\Downloads\Audiveris\scores\127_Beethoven_PSon_No28_Mov2_B0-12_page_0.omr
2025-12-26 13:21:50,146 INFO []                 Book.java:1929 | Book reaching PAGE on sheets:[#1]
2025-12-26 13:21:50,149 INFO [127_Beethoven_PSon_No28_Mov2_B0-12_page_0]       StepMonitoring.java:98   | LOAD
2025-12-26 13:21:50,264 INFO [127_Beethoven_PSon_No28_Mov2_B0-12_page_0]            SheetStub.java:1273 | Loaded image #1 1653x2339 from C:\Users\Elliot\Downloads\Audiveris\scores\127_Beethoven_PSon_No28_Mov2_B0-12_page_0.jpg
2025-12-26 13:21:50,268 INFO [127_Beethoven_PSon_No28_Mov2_B0-12_page_0]            ImageUtil.java:124  | Converting max RGB to gray
2025-12-26 13:21:50,412 INFO [127_Beethoven_PSon_No28_Mov2_B0-12_page_0]       StepMonitoring.java:98   | BINARY
2025-12-26 13:21:50,797 INFO [127_Beethoven_PSon_No28_Mov2_B0-12_page_0]       StepMonitoring.java:98   | SCALE
2025-12-26 13:21:50,826 INFO [127_Beethoven_PSon_No28_Mov2_B0-12_page_0]         ScaleBuilder.java:241  | Beam  guessed height:  6 -- 0.50 of 11 interline
2025-12-26 13:21:50,828 INFO [127_Beethoven_PSon_No28_Mov2_B0-12_page_0]         ScaleBuilder.java:264  | Beam measured height:  7 -- 0.43 of [4..11] range at 642% of needed quorum
2025-12-26 13:21:50,829 INFO [127_Beethoven_PSon_No28_Mov2_B0-12_page_0]            ScaleStep.java:65   | Scale{ interline(12,13,13) line(1,1,3) beam(7)}
2025-12-26 13:21:50,830 INFO [127_Beethoven_PSon_No28_Mov2_B0-12_page_0]       StepMonitoring.java:98   | GRID
2025-12-26 13:21:51,280 INFO [127_Beethoven_PSon_No28_Mov2_B0-12_page_0]       LinesRetriever.java:1500 | Global slope: 0.00000
2025-12-26 13:21:51,332 INFO [127_Beethoven_PSon_No28_Mov2_B0-12_page_0]    ClustersRetriever.java:326  | Retrieved raw line clusters: 10 of sizes [5] with interline(12,13,13)
2025-12-26 13:21:51,479 INFO [127_Beethoven_PSon_No28_Mov2_B0-12_page_0]            PeakGraph.java:310  | Systems: #1[1, 2] #2[3, 4] #3[5, 6] #4[7, 8] #5[9, 10]
2025-12-26 13:21:51,751 INFO [127_Beethoven_PSon_No28_Mov2_B0-12_page_0]        SystemManager.java:779  | 1 part along 5 systems
2025-12-26 13:21:51,752 INFO [127_Beethoven_PSon_No28_Mov2_B0-12_page_0]                 Book.java:543  | Created scores: [{Score 1}]
2025-12-26 13:21:51,753 INFO [127_Beethoven_PSon_No28_Mov2_B0-12_page_0]       StepMonitoring.java:98   | HEADERS
2025-12-26 13:21:52,037 INFO [127_Beethoven_PSon_No28_Mov2_B0-12_page_0]      BasicClassifier.java:286  | Classifier loaded XML norms.
2025-12-26 13:21:52,042 INFO [127_Beethoven_PSon_No28_Mov2_B0-12_page_0]   AbstractClassifier.java:396  | Classifier data loaded from default uri jar:file:/C:/Users/Elliot/Downloads/Audiveris/app/audiveris.jar!/res/basic-classifier.zip
2025-12-26 13:21:52,809 INFO [127_Beethoven_PSon_No28_Mov2_B0-12_page_0]       StepMonitoring.java:98   | STEM_SEEDS
2025-12-26 13:21:52,859 INFO [127_Beethoven_PSon_No28_Mov2_B0-12_page_0]        StemSeedsStep.java:86   | stem(2 max:3)
2025-12-26 13:21:52,910 INFO [127_Beethoven_PSon_No28_Mov2_B0-12_page_0]       StepMonitoring.java:98   | BEAMS
2025-12-26 13:21:54,081 INFO [127_Beethoven_PSon_No28_Mov2_B0-12_page_0]       StepMonitoring.java:98   | LEDGERS
2025-12-26 13:21:54,342 INFO [127_Beethoven_PSon_No28_Mov2_B0-12_page_0]       StepMonitoring.java:98   | HEADS
2025-12-26 13:21:56,270 INFO [127_Beethoven_PSon_No28_Mov2_B0-12_page_0]        HeadSeedTally.java:235  | Scale information: HeadSeeds{NOTEHEAD_BLACK[L:-0.3,R:0.5]}
2025-12-26 13:21:56,271 INFO [127_Beethoven_PSon_No28_Mov2_B0-12_page_0]       StepMonitoring.java:98   | STEMS
2025-12-26 13:21:56,946 INFO [127_Beethoven_PSon_No28_Mov2_B0-12_page_0]       StepMonitoring.java:98   | REDUCTION
2025-12-26 13:21:57,114 INFO [127_Beethoven_PSon_No28_Mov2_B0-12_page_0]        ReductionStep.java:105  | Stems free length median value: 44 pixels, 3.4 interlines
2025-12-26 13:21:57,120 INFO [127_Beethoven_PSon_No28_Mov2_B0-12_page_0]       StepMonitoring.java:98   | CUE_BEAMS
2025-12-26 13:21:57,121 INFO [127_Beethoven_PSon_No28_Mov2_B0-12_page_0]         CueBeamsStep.java:81   | Step CUE_BEAMS is skipped because small heads switch is off
2025-12-26 13:21:57,121 INFO [127_Beethoven_PSon_No28_Mov2_B0-12_page_0]       StepMonitoring.java:98   | TEXTS
2025-12-26 13:21:57,226 WARN [127_Beethoven_PSon_No28_Mov2_B0-12_page_0]         TesseractOCR.java:335  | The collection of supported languages is empty
2025-12-26 13:21:57,227 INFO [127_Beethoven_PSon_No28_Mov2_B0-12_page_0]              OcrUtil.java:106  | Missing support for 'eng' language(s)
2025-12-26 13:21:57,237 INFO [127_Beethoven_PSon_No28_Mov2_B0-12_page_0]       StepMonitoring.java:98   | MEASURES
2025-12-26 13:21:57,248 INFO [127_Beethoven_PSon_No28_Mov2_B0-12_page_0]                 Page.java:307  | 12 raw measures: [3 in system#1, 2 in system#2, 2 in system#3, 2 in system#4, 3 in system#5]
2025-12-26 13:21:57,249 INFO [127_Beethoven_PSon_No28_Mov2_B0-12_page_0]       StepMonitoring.java:98   | CHORDS
2025-12-26 13:21:57,270 INFO [127_Beethoven_PSon_No28_Mov2_B0-12_page_0]       StepMonitoring.java:98   | CURVES
2025-12-26 13:21:57,956 INFO [127_Beethoven_PSon_No28_Mov2_B0-12_page_0]         SlursBuilder.java:240  | Slurs: 24
2025-12-26 13:21:57,971 INFO [127_Beethoven_PSon_No28_Mov2_B0-12_page_0]      SegmentsBuilder.java:155  | Segments: 5
2025-12-26 13:21:57,976 INFO [127_Beethoven_PSon_No28_Mov2_B0-12_page_0]       StepMonitoring.java:98   | SYMBOLS
2025-12-26 13:21:58,388 INFO [127_Beethoven_PSon_No28_Mov2_B0-12_page_0]       StepMonitoring.java:98   | LINKS
2025-12-26 13:21:58,446 INFO [127_Beethoven_PSon_No28_Mov2_B0-12_page_0]       StepMonitoring.java:98   | RHYTHMS
2025-12-26 13:21:58,471 INFO [127_Beethoven_PSon_No28_Mov2_B0-12_page_0]        MeasureRhythm.java:1277 | Measure{#2} Time inconsistency in {7/8=[HeadChordInter#4985{(0.944/0.944) staff:1 slot#12 off:7/8 dur:1/16}], 15/16=[HeadChordInter#5003{(0.953/0.953) staff:2 slot#12 off:15/16 dur:1/16}]}
2025-12-26 13:21:58,485 INFO [127_Beethoven_PSon_No28_Mov2_B0-12_page_0]                Voice.java:257  | Measure{#3} Voice{#3 excess:3/16} too long
2025-12-26 13:21:58,486 INFO [127_Beethoven_PSon_No28_Mov2_B0-12_page_0]          StackRhythm.java:224  | S1 MeasureStack#3 no correct rhythm
2025-12-26 13:21:58,516 INFO [127_Beethoven_PSon_No28_Mov2_B0-12_page_0]        MeasureRhythm.java:1277 | Measure{#6} Time inconsistency in {3/8=[HeadChordInter#5049{(0.941/0.941) staff:5 slot#5 off:3/8 dur:1/16}], 7/16=[HeadChordInter#5048{(0.955/0.955) staff:5 slot#5 off:7/16 dur:1/16}, HeadChordInter#5071{(0.951/0.951) staff:6 slot#5 off:7/16 dur:1/16}]}
2025-12-26 13:21:58,520 INFO [127_Beethoven_PSon_No28_Mov2_B0-12_page_0]        MeasureRhythm.java:1277 | Measure{#6} Time inconsistency in {9/16=[HeadChordInter#5052{(0.950/0.950) staff:5 slot#8 off:9/16 dur:1/16}], 5/8=[HeadChordInter#5053{(0.946/0.946) staff:5 slot#8 off:5/8 dur:1/16}, HeadChordInter#5073{(0.947/0.947) staff:6 slot#8 off:5/8 dur:1/16}]}
2025-12-26 13:21:58,520 INFO [127_Beethoven_PSon_No28_Mov2_B0-12_page_0]        MeasureRhythm.java:1277 | Measure{#6} Time inconsistency in {5/8=[HeadChordInter#5054{(0.942/0.942) staff:5 slot#9 off:5/8 dur:1/8}], 11/16=[HeadChordInter#5055{(0.947/0.947) staff:5 slot#9 off:11/16 dur:1/8}]}
2025-12-26 13:21:58,521 INFO [127_Beethoven_PSon_No28_Mov2_B0-12_page_0]        MeasureRhythm.java:1277 | Measure{#6} Time inconsistency in {3/4=[HeadChordInter#5056{(0.950/0.950) staff:5 slot#11 off:3/4 dur:1/16}], 13/16=[HeadChordInter#5075{(0.951/0.951) staff:6 slot#11 off:13/16 dur:1/16}], 7/8=[HeadChordInter#5057{(0.957/0.957) staff:5 slot#11 off:7/8 dur:1/16}]}
2025-12-26 13:21:58,532 INFO [127_Beethoven_PSon_No28_Mov2_B0-12_page_0]        MeasureRhythm.java:1277 | Measure{#8} Time inconsistency in {3/8=[HeadChordInter#5086{(0.947/0.947) staff:7 slot#5 off:3/8 dur:1/16}], 7/16=[HeadChordInter#5085{(0.955/0.955) staff:7 slot#5 off:7/16 dur:1/16}, HeadChordInter#5104{(0.968/0.968) staff:8 slot#5 off:7/16 dur:1/16}]}
2025-12-26 13:21:58,534 INFO [127_Beethoven_PSon_No28_Mov2_B0-12_page_0]        MeasureRhythm.java:1277 | Measure{#8} Time inconsistency in {13/16=[RestChordInter#5904{(0.800/0.800) staff:8 slot#9 off:13/16 dur:1/16}], 15/16=[RestChordInter#5903{(0.797/0.797) staff:7 slot#9 off:15/16 dur:1/16}]}
2025-12-26 13:21:58,535 INFO [127_Beethoven_PSon_No28_Mov2_B0-12_page_0]                Voice.java:257  | Measure{#8} Voice{#3 excess:1/32} too long
2025-12-26 13:21:58,536 INFO [127_Beethoven_PSon_No28_Mov2_B0-12_page_0]          StackRhythm.java:224  | S4 MeasureStack#8 no correct rhythm
2025-12-26 13:21:58,541 INFO [127_Beethoven_PSon_No28_Mov2_B0-12_page_0]        MeasureRhythm.java:1277 | Measure{#9} Time inconsistency in {3/8=[HeadChordInter#5098{(0.958/0.958) staff:7 slot#5 off:3/8 dur:1/16}], 7/16=[HeadChordInter#5097{(0.947/0.947) staff:7 slot#5 off:7/16 dur:1/16}, HeadChordInter#5110{(0.971/0.971) staff:8 slot#5 off:7/16 dur:1/16}]}
2025-12-26 13:21:58,543 INFO [127_Beethoven_PSon_No28_Mov2_B0-12_page_0]                Voice.java:257  | Measure{#9} Voice{#5 excess:1/4} too long
2025-12-26 13:21:58,544 INFO [127_Beethoven_PSon_No28_Mov2_B0-12_page_0]                Voice.java:257  | Measure{#9} Voice{#3 excess:1/4} too long
2025-12-26 13:21:58,544 INFO [127_Beethoven_PSon_No28_Mov2_B0-12_page_0]                Voice.java:257  | Measure{#9} Voice{#4 excess:5/16} too long
2025-12-26 13:21:58,545 INFO [127_Beethoven_PSon_No28_Mov2_B0-12_page_0]          StackRhythm.java:224  | S4 MeasureStack#9 no correct rhythm
2025-12-26 13:21:58,551 INFO [127_Beethoven_PSon_No28_Mov2_B0-12_page_0]        MeasureRhythm.java:1277 | Measure{#10} Time inconsistency in {3/8=[HeadChordInter#5121{(0.948/0.948) staff:9 slot#5 off:3/8 dur:1/16}, HeadChordInter#5146{(0.954/0.954) staff:10 slot#5 off:3/8 dur:1/16}], 7/16=[HeadChordInter#5122{(0.952/0.952) staff:9 slot#5 off:7/16 dur:1/16}, HeadChordInter#5145{(0.958/0.958) staff:10 slot#5 off:7/16 dur:1/16}]}
2025-12-26 13:21:58,556 INFO [127_Beethoven_PSon_No28_Mov2_B0-12_page_0]        MeasureRhythm.java:1277 | Measure{#11} Time inconsistency in {3/8=[HeadChordInter#5157{(0.969/0.969) staff:10 slot#5 off:3/8 dur:1/16}], 7/16=[HeadChordInter#5158{(0.940/0.940) staff:10 slot#5 off:7/16 dur:1/16}]}
2025-12-26 13:21:58,558 INFO [127_Beethoven_PSon_No28_Mov2_B0-12_page_0]                Voice.java:257  | Measure{#11} Voice{#8 excess:5/16} too long
2025-12-26 13:21:58,559 INFO [127_Beethoven_PSon_No28_Mov2_B0-12_page_0]          StackRhythm.java:224  | S5 MeasureStack#11 no correct rhythm
2025-12-26 13:21:58,566 INFO [127_Beethoven_PSon_No28_Mov2_B0-12_page_0]       StepMonitoring.java:98   | PAGE
2025-12-26 13:21:58,573 INFO [127_Beethoven_PSon_No28_Mov2_B0-12_page_0]                Voice.java:257  | Measure{#3} Voice{#3 excess:3/16} too long
2025-12-26 13:21:58,574 INFO [127_Beethoven_PSon_No28_Mov2_B0-12_page_0]                Voice.java:257  | Measure{#8} Voice{#3 excess:1/32} too long
2025-12-26 13:21:58,575 INFO [127_Beethoven_PSon_No28_Mov2_B0-12_page_0]                Voice.java:257  | Measure{#9} Voice{#3 excess:1/4} too long
2025-12-26 13:21:58,575 INFO [127_Beethoven_PSon_No28_Mov2_B0-12_page_0]                Voice.java:257  | Measure{#9} Voice{#4 excess:5/16} too long
2025-12-26 13:21:58,575 INFO [127_Beethoven_PSon_No28_Mov2_B0-12_page_0]                Voice.java:257  | Measure{#9} Voice{#5 excess:1/4} too long
2025-12-26 13:21:58,575 INFO [127_Beethoven_PSon_No28_Mov2_B0-12_page_0]                Voice.java:257  | Measure{#11} Voice{#8 excess:5/16} too long
2025-12-26 13:21:58,581 INFO [127_Beethoven_PSon_No28_Mov2_B0-12_page_0]                 Book.java:2596 | Book{127_Beethoven_PSon_No28_Mov2_B0-12_page_0} storing
2025-12-26 13:21:58,625 INFO [127_Beethoven_PSon_No28_Mov2_B0-12_page_0]                 Book.java:2577 | Stored /book.xml
2025-12-26 13:21:58,717 INFO [127_Beethoven_PSon_No28_Mov2_B0-12_page_0]           DataHolder.java:348  | Stored /sheet#1/BINARY.png
2025-12-26 13:21:59,468 INFO [127_Beethoven_PSon_No28_Mov2_B0-12_page_0]                Sheet.java:1583 | Stored /sheet#1/sheet#1.xml
2025-12-26 13:21:59,468 INFO [127_Beethoven_PSon_No28_Mov2_B0-12_page_0]                 Book.java:2537 | Book stored as C:\Users\Elliot\Downloads\Audiveris\scores\127_Beethoven_PSon_No28_Mov2_B0-12_page_0.omr
2025-12-26 13:21:59,476 INFO [127_Beethoven_PSon_No28_Mov2_B0-12_page_0]            SheetStub.java:1660 | Disposed sheet
2025-12-26 13:21:59,513 INFO [127_Beethoven_PSon_No28_Mov2_B0-12_page_0]                 Book.java:2064 | End of Stub#1
2025-12-26 13:21:59,514 INFO [127_Beethoven_PSon_No28_Mov2_B0-12_page_0]                 Book.java:2071 | Book processed.
2025-12-26 13:22:00,110 INFO [127_Beethoven_PSon_No28_Mov2_B0-12_page_0]            SheetStub.java:997  | Loaded /sheet#1/sheet#1.xml
2025-12-26 13:22:00,503 INFO [127_Beethoven_PSon_No28_Mov2_B0-12_page_0]      PartwiseBuilder.java:2688 | Exporting sheet(s): [#1]
2025-12-26 13:22:00,645 INFO [127_Beethoven_PSon_No28_Mov2_B0-12_page_0]        ScoreExporter.java:164  | Score 127_Beethoven_PSon_No28_Mov2_B0-12_page_0 exported to C:\Users\Elliot\Downloads\Audiveris\scores\127_Beethoven_PSon_No28_Mov2_B0-12_page_0.mxl
2025-12-26 13:22:00,692 INFO [127_Beethoven_PSon_No28_Mov2_B0-12_page_0]                Score.java:181  | Closing {Score 1}
