2025-12-26 13:22:02,418 INFO [128_Beethoven_PSon_No30_Mov1_B16-44_page_0]                 Book.java:560  | 1 sheet in C:\Users\Elliot\Downloads\Audiveris\scores\128_Beethoven_PSon_No30_Mov1_B16-44_page_0.jpg
2025-12-26 13:22:02,567 INFO []                 Book.java:2577 | Stored /book.xml
2025-12-26 13:22:02,567 INFO []                 Book.java:2537 | Book stored as C:\Users\Elliot\Downloads\Audiveris\scores\128_Beethoven_PSon_No30_Mov1_B16-44_page_0.omr
2025-12-26 13:22:02,572 INFO []                 Book.java:1929 | Book reaching PAGE on sheets:[#1]
2025-12-26 13:22:02,578 INFO [128_Beethoven_PSon_No30_Mov1_B16-44_page_0]       StepMonitoring.java:98   | LOAD
2025-12-26 13:22:02,726 INFO [128_Beethoven_PSon_No30_Mov1_B16-44_page_0]            SheetStub.java:1273 | Loaded image #1 1653x2339 from C:\Users\Elliot\Downloads\Audiveris\scores\128_Beethoven_PSon_No30_Mov1_B16-44_page_0.jpg
2025-12-26 13:22:02,731 INFO [128_Beethoven_PSon_No30_Mov1_B16-44_page_0]            ImageUtil.java:124  | Converting max RGB to gray
2025-12-26 13:22:02,843 INFO [128_Beethoven_PSon_No30_Mov1_B16-44_page_0]       StepMonitoring.java:98   | BINARY
2025-12-26 13:22:03,076 INFO [128_Beethoven_PSon_No30_Mov1_B16-44_page_0]       StepMonitoring.java:98   | SCALE
2025-12-26 13:22:03,099 INFO [128_Beethoven_PSon_No30_Mov1_B16-44_page_0]         ScaleBuilder.java:241  | Beam  guessed height:  6 -- 0.50 of 12 interline
2025-12-26 13:22:03,100 INFO [128_Beethoven_PSon_No30_Mov1_B16-44_page_0]         ScaleBuilder.java:264  | Beam measured height:  8 -- 0.50 of [4..12] range at 490% of needed quorum
2025-12-26 13:22:03,101 INFO [128_Beethoven_PSon_No30_Mov1_B16-44_page_0]            ScaleStep.java:65   | Scale{ interline(13,14,14) line(1,1,2) beam(8)}
2025-12-26 13:22:03,102 INFO [128_Beethoven_PSon_No30_Mov1_B16-44_page_0]       StepMonitoring.java:98   | GRID
2025-12-26 13:22:03,579 INFO [128_Beethoven_PSon_No30_Mov1_B16-44_page_0]       LinesRetriever.java:1500 | Global slope: 0.00000
2025-12-26 13:22:03,652 INFO [128_Beethoven_PSon_No30_Mov1_B16-44_page_0]    ClustersRetriever.java:326  | Retrieved raw line clusters: 12 of sizes [5] with interline(13,14,14)
2025-12-26 13:22:03,882 INFO [128_Beethoven_PSon_No30_Mov1_B16-44_page_0]            PeakGraph.java:310  | Systems: #1[1, 2] #2[3, 4] #3[5, 6] #4[7, 8] #5[9, 10] #6[11, 12]
2025-12-26 13:22:04,168 INFO [128_Beethoven_PSon_No30_Mov1_B16-44_page_0]        SystemManager.java:779  | 1 part along 6 systems
2025-12-26 13:22:04,170 INFO [128_Beethoven_PSon_No30_Mov1_B16-44_page_0]                 Book.java:543  | Created scores: [{Score 1}]
2025-12-26 13:22:04,171 INFO [128_Beethoven_PSon_No30_Mov1_B16-44_page_0]       StepMonitoring.java:98   | HEADERS
2025-12-26 13:22:04,517 INFO []      BasicClassifier.java:286  | Classifier loaded XML norms.
2025-12-26 13:22:04,523 INFO []   AbstractClassifier.java:396  | Classifier data loaded from default uri jar:file:/C:/Users/Elliot/Downloads/Audiveris/app/audiveris.jar!/res/basic-classifier.zip
2025-12-26 13:22:05,284 INFO [128_Beethoven_PSon_No30_Mov1_B16-44_page_0]       StepMonitoring.java:98   | STEM_SEEDS
2025-12-26 13:22:05,321 INFO [128_Beethoven_PSon_No30_Mov1_B16-44_page_0]        StemSeedsStep.java:86   | stem(2 max:3)
2025-12-26 13:22:05,381 INFO [128_Beethoven_PSon_No30_Mov1_B16-44_page_0]       StepMonitoring.java:98   | BEAMS
2025-12-26 13:22:06,706 INFO [128_Beethoven_PSon_No30_Mov1_B16-44_page_0]       StepMonitoring.java:98   | LEDGERS
2025-12-26 13:22:06,998 INFO [128_Beethoven_PSon_No30_Mov1_B16-44_page_0]       StepMonitoring.java:98   | HEADS
2025-12-26 13:22:09,793 INFO [128_Beethoven_PSon_No30_Mov1_B16-44_page_0]        HeadSeedTally.java:235  | Scale information: HeadSeeds{NOTEHEAD_BLACK[L:0.0,R:0.4]}
2025-12-26 13:22:09,794 INFO [128_Beethoven_PSon_No30_Mov1_B16-44_page_0]       StepMonitoring.java:98   | STEMS
2025-12-26 13:22:10,929 INFO [128_Beethoven_PSon_No30_Mov1_B16-44_page_0]       StepMonitoring.java:98   | REDUCTION
2025-12-26 13:22:11,179 INFO [128_Beethoven_PSon_No30_Mov1_B16-44_page_0]        ReductionStep.java:105  | Stems free length median value: 41 pixels, 2.9 interlines
2025-12-26 13:22:11,184 INFO [128_Beethoven_PSon_No30_Mov1_B16-44_page_0]       StepMonitoring.java:98   | CUE_BEAMS
2025-12-26 13:22:11,185 INFO [128_Beethoven_PSon_No30_Mov1_B16-44_page_0]         CueBeamsStep.java:81   | Step CUE_BEAMS is skipped because small heads switch is off
2025-12-26 13:22:11,186 INFO [128_Beethoven_PSon_No30_Mov1_B16-44_page_0]       StepMonitoring.java:98   | TEXTS
2025-12-26 13:22:11,301 WARN [128_Beethoven_PSon_No30_Mov1_B16-44_page_0]         TesseractOCR.java:335  | The collection of supported languages is empty
2025-12-26 13:22:11,302 INFO [128_Beethoven_PSon_No30_Mov1_B16-44_page_0]              OcrUtil.java:106  | Missing support for 'eng' language(s)
2025-12-26 13:22:11,315 INFO [128_Beethoven_PSon_No30_Mov1_B16-44_page_0]       StepMonitoring.java:98   | MEASURES
2025-12-26 13:22:11,327 INFO [128_Beethoven_PSon_No30_Mov1_B16-44_page_0]                 Page.java:307  | 29 raw measures: [5 in system#1, 5 in system#2, 5 in system#3, 5 in system#4, 5 in system#5, 4 in system#6]
2025-12-26 13:22:11,327 INFO [128_Beethoven_PSon_No30_Mov1_B16-44_page_0]       StepMonitoring.java:98   | CHORDS
2025-12-26 13:22:11,353 INFO [128_Beethoven_PSon_No30_Mov1_B16-44_page_0]       StepMonitoring.java:98   | CURVES
2025-12-26 13:22:12,125 INFO [128_Beethoven_PSon_No30_Mov1_B16-44_page_0]         SlursBuilder.java:240  | Slurs: 93
2025-12-26 13:22:12,174 INFO [128_Beethoven_PSon_No30_Mov1_B16-44_page_0]      SegmentsBuilder.java:155  | Segments: 21
2025-12-26 13:22:12,182 INFO [128_Beethoven_PSon_No30_Mov1_B16-44_page_0]       StepMonitoring.java:98   | SYMBOLS
2025-12-26 13:22:13,028 INFO [128_Beethoven_PSon_No30_Mov1_B16-44_page_0]       StepMonitoring.java:98   | LINKS
2025-12-26 13:22:13,084 INFO [128_Beethoven_PSon_No30_Mov1_B16-44_page_0]        SymbolsLinker.java:258  | No chord linked to OctaveShiftInter#9956{(0.125) staff:8 OTTAVA BASSA}
2025-12-26 13:22:13,096 INFO [128_Beethoven_PSon_No30_Mov1_B16-44_page_0]        SymbolsLinker.java:258  | No chord linked to OctaveShiftInter#10020{(0.125) staff:9 OTTAVA ALTA}
2025-12-26 13:22:13,123 INFO [128_Beethoven_PSon_No30_Mov1_B16-44_page_0]       StepMonitoring.java:98   | RHYTHMS
2025-12-26 13:22:13,216 INFO [128_Beethoven_PSon_No30_Mov1_B16-44_page_0]                Voice.java:257  | Measure{#19} Voice{#2 excess:3/16} too long
2025-12-26 13:22:13,217 INFO [128_Beethoven_PSon_No30_Mov1_B16-44_page_0]                Voice.java:257  | Measure{#19} Voice{#3 excess:1/16} too long
2025-12-26 13:22:13,218 INFO [128_Beethoven_PSon_No30_Mov1_B16-44_page_0]          StackRhythm.java:224  | S4 MeasureStack#19 no correct rhythm
2025-12-26 13:22:13,243 INFO [128_Beethoven_PSon_No30_Mov1_B16-44_page_0]       StepMonitoring.java:98   | PAGE
2025-12-26 13:22:13,258 INFO [128_Beethoven_PSon_No30_Mov1_B16-44_page_0]                Voice.java:257  | Measure{#19} Voice{#2 excess:3/16} too long
2025-12-26 13:22:13,258 INFO [128_Beethoven_PSon_No30_Mov1_B16-44_page_0]                Voice.java:257  | Measure{#19} Voice{#3 excess:1/16} too long
2025-12-26 13:22:13,263 INFO [128_Beethoven_PSon_No30_Mov1_B16-44_page_0]                 Book.java:2596 | Book{128_Beethoven_PSon_No30_Mov1_B16-44_page_0} storing
2025-12-26 13:22:13,311 INFO [128_Beethoven_PSon_No30_Mov1_B16-44_page_0]                 Book.java:2577 | Stored /book.xml
2025-12-26 13:22:13,392 INFO [128_Beethoven_PSon_No30_Mov1_B16-44_page_0]           DataHolder.java:348  | Stored /sheet#1/BINARY.png
2025-12-26 13:22:14,428 INFO [128_Beethoven_PSon_No30_Mov1_B16-44_page_0]                Sheet.java:1583 | Stored /sheet#1/sheet#1.xml
2025-12-26 13:22:14,429 INFO [128_Beethoven_PSon_No30_Mov1_B16-44_page_0]                 Book.java:2537 | Book stored as C:\Users\Elliot\Downloads\Audiveris\scores\128_Beethoven_PSon_No30_Mov1_B16-44_page_0.omr
2025-12-26 13:22:14,436 INFO [128_Beethoven_PSon_No30_Mov1_B16-44_page_0]            SheetStub.java:1660 | Disposed sheet
2025-12-26 13:22:14,471 INFO [128_Beethoven_PSon_No30_Mov1_B16-44_page_0]                 Book.java:2064 | End of Stub#1
2025-12-26 13:22:14,472 INFO [128_Beethoven_PSon_No30_Mov1_B16-44_page_0]                 Book.java:2071 | Book processed.
2025-12-26 13:22:15,021 INFO [128_Beethoven_PSon_No30_Mov1_B16-44_page_0]            SheetStub.java:997  | Loaded /sheet#1/sheet#1.xml
2025-12-26 13:22:15,439 INFO [128_Beethoven_PSon_No30_Mov1_B16-44_page_0]      PartwiseBuilder.java:2688 | Exporting sheet(s): [#1]
2025-12-26 13:22:15,628 INFO [128_Beethoven_PSon_No30_Mov1_B16-44_page_0]        ScoreExporter.java:164  | Score 128_Beethoven_PSon_No30_Mov1_B16-44_page_0 exported to C:\Users\Elliot\Downloads\Audiveris\scores\128_Beethoven_PSon_No30_Mov1_B16-44_page_0.mxl
2025-12-26 13:22:15,680 INFO [128_Beethoven_PSon_No30_Mov1_B16-44_page_0]                Score.java:181  | Closing {Score 1}
