2025-12-26 13:22:17,526 INFO [129_Beethoven_PSon_No30_Mov3_B68-99(Var3)_page_0]                 Book.java:560  | 1 sheet in C:\Users\Elliot\Downloads\Audiveris\scores\129_Beethoven_PSon_No30_Mov3_B68-99(Var3)_page_0.jpg
2025-12-26 13:22:17,694 INFO []                 Book.java:2577 | Stored /book.xml
2025-12-26 13:22:17,695 INFO []                 Book.java:2537 | Book stored as C:\Users\Elliot\Downloads\Audiveris\scores\129_Beethoven_PSon_No30_Mov3_B68-99(Var3)_page_0.omr
2025-12-26 13:22:17,701 INFO []                 Book.java:1929 | Book reaching PAGE on sheets:[#1]
2025-12-26 13:22:17,707 INFO [129_Beethoven_PSon_No30_Mov3_B68-99(Var3)_page_0]       StepMonitoring.java:98   | LOAD
2025-12-26 13:22:17,817 INFO [129_Beethoven_PSon_No30_Mov3_B68-99(Var3)_page_0]            SheetStub.java:1273 | Loaded image #1 1653x2339 from C:\Users\Elliot\Downloads\Audiveris\scores\129_Beethoven_PSon_No30_Mov3_B68-99(Var3)_page_0.jpg
2025-12-26 13:22:17,820 INFO [129_Beethoven_PSon_No30_Mov3_B68-99(Var3)_page_0]            ImageUtil.java:124  | Converting max RGB to gray
2025-12-26 13:22:17,919 INFO [129_Beethoven_PSon_No30_Mov3_B68-99(Var3)_page_0]       StepMonitoring.java:98   | BINARY
2025-12-26 13:22:18,151 INFO [129_Beethoven_PSon_No30_Mov3_B68-99(Var3)_page_0]       StepMonitoring.java:98   | SCALE
2025-12-26 13:22:18,175 INFO [129_Beethoven_PSon_No30_Mov3_B68-99(Var3)_page_0]         ScaleBuilder.java:241  | Beam  guessed height:  5 -- 0.50 of 10 interline
2025-12-26 13:22:18,176 INFO [129_Beethoven_PSon_No30_Mov3_B68-99(Var3)_page_0]         ScaleBuilder.java:264  | Beam measured height:  7 -- 0.57 of [3..10] range at 814% of needed quorum
2025-12-26 13:22:18,176 INFO [129_Beethoven_PSon_No30_Mov3_B68-99(Var3)_page_0]            ScaleStep.java:65   | Scale{ interline(12,12,13) line(1,1,2) beam(7)}
2025-12-26 13:22:18,177 INFO [129_Beethoven_PSon_No30_Mov3_B68-99(Var3)_page_0]       StepMonitoring.java:98   | GRID
2025-12-26 13:22:18,804 INFO [129_Beethoven_PSon_No30_Mov3_B68-99(Var3)_page_0]       LinesRetriever.java:1500 | Global slope: 0.00000
2025-12-26 13:22:18,865 INFO [129_Beethoven_PSon_No30_Mov3_B68-99(Var3)_page_0]    ClustersRetriever.java:326  | Retrieved raw line clusters: 16 of sizes [5] with interline(12,12,13)
2025-12-26 13:22:19,011 INFO [129_Beethoven_PSon_No30_Mov3_B68-99(Var3)_page_0]            PeakGraph.java:310  | Systems: #1[1, 2] #2[3, 4] #3[5, 6] #4[7, 8] #5[9, 10] #6[11, 12] #7[13, 14] #8[15, 16]
2025-12-26 13:22:19,294 INFO [129_Beethoven_PSon_No30_Mov3_B68-99(Var3)_page_0]        SystemManager.java:134  | Indentation detected for system #1
2025-12-26 13:22:19,295 INFO [129_Beethoven_PSon_No30_Mov3_B68-99(Var3)_page_0]        SystemManager.java:779  | 1 part along 8 systems
2025-12-26 13:22:19,295 INFO [129_Beethoven_PSon_No30_Mov3_B68-99(Var3)_page_0]                 Book.java:543  | Created scores: [{Score 1}]
2025-12-26 13:22:19,296 INFO [129_Beethoven_PSon_No30_Mov3_B68-99(Var3)_page_0]       StepMonitoring.java:98   | HEADERS
2025-12-26 13:22:19,673 INFO [129_Beethoven_PSon_No30_Mov3_B68-99(Var3)_page_0]      BasicClassifier.java:286  | Classifier loaded XML norms.
2025-12-26 13:22:19,679 INFO [129_Beethoven_PSon_No30_Mov3_B68-99(Var3)_page_0]   AbstractClassifier.java:396  | Classifier data loaded from default uri jar:file:/C:/Users/Elliot/Downloads/Audiveris/app/audiveris.jar!/res/basic-classifier.zip
2025-12-26 13:22:20,669 INFO [129_Beethoven_PSon_No30_Mov3_B68-99(Var3)_page_0]       StepMonitoring.java:98   | STEM_SEEDS
2025-12-26 13:22:20,706 INFO [129_Beethoven_PSon_No30_Mov3_B68-99(Var3)_page_0]        StemSeedsStep.java:86   | stem(2 max:2)
2025-12-26 13:22:20,763 INFO [129_Beethoven_PSon_No30_Mov3_B68-99(Var3)_page_0]       StepMonitoring.java:98   | BEAMS
2025-12-26 13:22:22,022 INFO [129_Beethoven_PSon_No30_Mov3_B68-99(Var3)_page_0]       StepMonitoring.java:98   | LEDGERS
2025-12-26 13:22:22,212 INFO [129_Beethoven_PSon_No30_Mov3_B68-99(Var3)_page_0]       StepMonitoring.java:98   | HEADS
2025-12-26 13:22:25,041 INFO [129_Beethoven_PSon_No30_Mov3_B68-99(Var3)_page_0]        HeadSeedTally.java:235  | Scale information: HeadSeeds{NOTEHEAD_BLACK[L:-0.2,R:0.5]}
2025-12-26 13:22:25,042 INFO [129_Beethoven_PSon_No30_Mov3_B68-99(Var3)_page_0]       StepMonitoring.java:98   | STEMS
2025-12-26 13:22:26,102 INFO [129_Beethoven_PSon_No30_Mov3_B68-99(Var3)_page_0]       StepMonitoring.java:98   | REDUCTION
2025-12-26 13:22:26,360 INFO [129_Beethoven_PSon_No30_Mov3_B68-99(Var3)_page_0]        ReductionStep.java:105  | Stems free length median value: 45 pixels, 3.8 interlines
2025-12-26 13:22:26,368 INFO [129_Beethoven_PSon_No30_Mov3_B68-99(Var3)_page_0]       StepMonitoring.java:98   | CUE_BEAMS
2025-12-26 13:22:26,368 INFO [129_Beethoven_PSon_No30_Mov3_B68-99(Var3)_page_0]         CueBeamsStep.java:81   | Step CUE_BEAMS is skipped because small heads switch is off
2025-12-26 13:22:26,369 INFO [129_Beethoven_PSon_No30_Mov3_B68-99(Var3)_page_0]       StepMonitoring.java:98   | TEXTS
2025-12-26 13:22:26,478 WARN [129_Beethoven_PSon_No30_Mov3_B68-99(Var3)_page_0]         TesseractOCR.java:335  | The collection of supported languages is empty
2025-12-26 13:22:26,478 INFO [129_Beethoven_PSon_No30_Mov3_B68-99(Var3)_page_0]              OcrUtil.java:106  | Missing support for 'eng' language(s)
2025-12-26 13:22:26,497 INFO [129_Beethoven_PSon_No30_Mov3_B68-99(Var3)_page_0]       StepMonitoring.java:98   | MEASURES
2025-12-26 13:22:26,532 INFO [129_Beethoven_PSon_No30_Mov3_B68-99(Var3)_page_0]                 Page.java:307  | 32 raw measures: [4 in system#1, 4 in system#2, 4 in system#3, 4 in system#4, 4 in system#5, 4 in system#6, 4 in system#7, 4 in system#8]
2025-12-26 13:22:26,536 INFO [129_Beethoven_PSon_No30_Mov3_B68-99(Var3)_page_0]       StepMonitoring.java:98   | CHORDS
2025-12-26 13:22:26,584 INFO [129_Beethoven_PSon_No30_Mov3_B68-99(Var3)_page_0]       StepMonitoring.java:98   | CURVES
2025-12-26 13:22:27,311 INFO [129_Beethoven_PSon_No30_Mov3_B68-99(Var3)_page_0]         SlursBuilder.java:240  | Slurs: 6
2025-12-26 13:22:27,325 INFO [129_Beethoven_PSon_No30_Mov3_B68-99(Var3)_page_0]      SegmentsBuilder.java:155  | Segments: 3
2025-12-26 13:22:27,332 INFO [129_Beethoven_PSon_No30_Mov3_B68-99(Var3)_page_0]       StepMonitoring.java:98   | SYMBOLS
2025-12-26 13:22:27,830 INFO [129_Beethoven_PSon_No30_Mov3_B68-99(Var3)_page_0]       StepMonitoring.java:98   | LINKS
2025-12-26 13:22:27,894 INFO [129_Beethoven_PSon_No30_Mov3_B68-99(Var3)_page_0]       StepMonitoring.java:98   | RHYTHMS
2025-12-26 13:22:27,997 INFO [129_Beethoven_PSon_No30_Mov3_B68-99(Var3)_page_0]       StepMonitoring.java:98   | PAGE
2025-12-26 13:22:28,012 INFO [129_Beethoven_PSon_No30_Mov3_B68-99(Var3)_page_0]                 Book.java:2596 | Book{129_Beethoven_PSon_No30_Mov3_B68-99(Var3)_page_0} storing
2025-12-26 13:22:28,063 INFO [129_Beethoven_PSon_No30_Mov3_B68-99(Var3)_page_0]                 Book.java:2577 | Stored /book.xml
2025-12-26 13:22:28,145 INFO [129_Beethoven_PSon_No30_Mov3_B68-99(Var3)_page_0]           DataHolder.java:348  | Stored /sheet#1/BINARY.png
2025-12-26 13:22:29,214 INFO [129_Beethoven_PSon_No30_Mov3_B68-99(Var3)_page_0]                Sheet.java:1583 | Stored /sheet#1/sheet#1.xml
2025-12-26 13:22:29,215 INFO [129_Beethoven_PSon_No30_Mov3_B68-99(Var3)_page_0]                 Book.java:2537 | Book stored as C:\Users\Elliot\Downloads\Audiveris\scores\129_Beethoven_PSon_No30_Mov3_B68-99(Var3)_page_0.omr
2025-12-26 13:22:29,221 INFO [129_Beethoven_PSon_No30_Mov3_B68-99(Var3)_page_0]            SheetStub.java:1660 | Disposed sheet
2025-12-26 13:22:29,255 INFO [129_Beethoven_PSon_No30_Mov3_B68-99(Var3)_page_0]                 Book.java:2064 | End of Stub#1
2025-12-26 13:22:29,357 INFO [129_Beethoven_PSon_No30_Mov3_B68-99(Var3)_page_0]                 Book.java:2071 | Book processed.
2025-12-26 13:22:29,816 INFO [129_Beethoven_PSon_No30_Mov3_B68-99(Var3)_page_0]            SheetStub.java:997  | Loaded /sheet#1/sheet#1.xml
2025-12-26 13:22:30,216 INFO [129_Beethoven_PSon_No30_Mov3_B68-99(Var3)_page_0]      PartwiseBuilder.java:2688 | Exporting sheet(s): [#1]
2025-12-26 13:22:30,376 INFO [129_Beethoven_PSon_No30_Mov3_B68-99(Var3)_page_0]        ScoreExporter.java:164  | Score 129_Beethoven_PSon_No30_Mov3_B68-99(Var3)_page_0 exported to C:\Users\Elliot\Downloads\Audiveris\scores\129_Beethoven_PSon_No30_Mov3_B68-99(Var3)_page_0.mxl
2025-12-26 13:22:30,427 INFO [129_Beethoven_PSon_No30_Mov3_B68-99(Var3)_page_0]                Score.java:181  | Closing {Score 1}
