2025-12-26 13:22:32,174 INFO [130_Beethoven_PSon_No4_Mov3_B1-23_page_0]                 Book.java:560  | 1 sheet in C:\Users\Elliot\Downloads\Audiveris\scores\130_Beethoven_PSon_No4_Mov3_B1-23_page_0.jpg
2025-12-26 13:22:32,298 INFO []                 Book.java:2577 | Stored /book.xml
2025-12-26 13:22:32,298 INFO []                 Book.java:2537 | Book stored as C:\Users\Elliot\Downloads\Audiveris\scores\130_Beethoven_PSon_No4_Mov3_B1-23_page_0.omr
2025-12-26 13:22:32,304 INFO []                 Book.java:1929 | Book reaching PAGE on sheets:[#1]
2025-12-26 13:22:32,308 INFO [130_Beethoven_PSon_No4_Mov3_B1-23_page_0]       StepMonitoring.java:98   | LOAD
2025-12-26 13:22:32,436 INFO [130_Beethoven_PSon_No4_Mov3_B1-23_page_0]            SheetStub.java:1273 | Loaded image #1 1653x2339 from C:\Users\Elliot\Downloads\Audiveris\scores\130_Beethoven_PSon_No4_Mov3_B1-23_page_0.jpg
2025-12-26 13:22:32,439 INFO [130_Beethoven_PSon_No4_Mov3_B1-23_page_0]            ImageUtil.java:124  | Converting max RGB to gray
2025-12-26 13:22:32,588 INFO [130_Beethoven_PSon_No4_Mov3_B1-23_page_0]       StepMonitoring.java:98   | BINARY
2025-12-26 13:22:32,888 INFO [130_Beethoven_PSon_No4_Mov3_B1-23_page_0]       StepMonitoring.java:98   | SCALE
2025-12-26 13:22:32,909 INFO [130_Beethoven_PSon_No4_Mov3_B1-23_page_0]         ScaleBuilder.java:241  | Beam  guessed height:  6 -- 0.50 of 12 interline
2025-12-26 13:22:32,911 INFO [130_Beethoven_PSon_No4_Mov3_B1-23_page_0]         ScaleBuilder.java:264  | Beam measured height:  8 -- 0.50 of [4..12] range at 134% of needed quorum
2025-12-26 13:22:32,912 INFO [130_Beethoven_PSon_No4_Mov3_B1-23_page_0]            ScaleStep.java:65   | Scale{ interline(13,14,14) line(1,1,3) beam(8)}
2025-12-26 13:22:32,913 INFO [130_Beethoven_PSon_No4_Mov3_B1-23_page_0]       StepMonitoring.java:98   | GRID
2025-12-26 13:22:33,249 INFO [130_Beethoven_PSon_No4_Mov3_B1-23_page_0]       LinesRetriever.java:1500 | Global slope: 0.00000
2025-12-26 13:22:33,326 INFO [130_Beethoven_PSon_No4_Mov3_B1-23_page_0]    ClustersRetriever.java:326  | Retrieved raw line clusters: 12 of sizes [5] with interline(13,14,14)
2025-12-26 13:22:33,548 INFO [130_Beethoven_PSon_No4_Mov3_B1-23_page_0]            PeakGraph.java:310  | Systems: #1[1, 2] #2[3, 4] #3[5, 6] #4[7, 8] #5[9, 10] #6[11, 12]
2025-12-26 13:22:33,819 INFO [130_Beethoven_PSon_No4_Mov3_B1-23_page_0]        SystemManager.java:134  | Indentation detected for system #1
2025-12-26 13:22:33,819 INFO [130_Beethoven_PSon_No4_Mov3_B1-23_page_0]        SystemManager.java:779  | 1 part along 6 systems
2025-12-26 13:22:33,820 INFO [130_Beethoven_PSon_No4_Mov3_B1-23_page_0]                 Book.java:543  | Created scores: [{Score 1}]
2025-12-26 13:22:33,821 INFO [130_Beethoven_PSon_No4_Mov3_B1-23_page_0]       StepMonitoring.java:98   | HEADERS
2025-12-26 13:22:34,152 INFO [130_Beethoven_PSon_No4_Mov3_B1-23_page_0]      BasicClassifier.java:286  | Classifier loaded XML norms.
2025-12-26 13:22:34,158 INFO [130_Beethoven_PSon_No4_Mov3_B1-23_page_0]   AbstractClassifier.java:396  | Classifier data loaded from default uri jar:file:/C:/Users/Elliot/Downloads/Audiveris/app/audiveris.jar!/res/basic-classifier.zip
2025-12-26 13:22:34,945 INFO [130_Beethoven_PSon_No4_Mov3_B1-23_page_0]       StepMonitoring.java:98   | STEM_SEEDS
2025-12-26 13:22:34,991 INFO [130_Beethoven_PSon_No4_Mov3_B1-23_page_0]        StemSeedsStep.java:86   | stem(2 max:2)
2025-12-26 13:22:35,037 INFO [130_Beethoven_PSon_No4_Mov3_B1-23_page_0]       StepMonitoring.java:98   | BEAMS
2025-12-26 13:22:36,108 INFO [130_Beethoven_PSon_No4_Mov3_B1-23_page_0]       StepMonitoring.java:98   | LEDGERS
2025-12-26 13:22:36,251 INFO [130_Beethoven_PSon_No4_Mov3_B1-23_page_0]       StepMonitoring.java:98   | HEADS
2025-12-26 13:22:38,391 INFO [130_Beethoven_PSon_No4_Mov3_B1-23_page_0]        HeadSeedTally.java:235  | Scale information: HeadSeeds{NOTEHEAD_VOID[L:-0.1,R:0.4] NOTEHEAD_BLACK[L:-0.1,R:0.4]}
2025-12-26 13:22:38,392 INFO [130_Beethoven_PSon_No4_Mov3_B1-23_page_0]       StepMonitoring.java:98   | STEMS
2025-12-26 13:22:38,926 INFO [130_Beethoven_PSon_No4_Mov3_B1-23_page_0]       StepMonitoring.java:98   | REDUCTION
2025-12-26 13:22:39,085 INFO [130_Beethoven_PSon_No4_Mov3_B1-23_page_0]        ReductionStep.java:105  | Stems free length median value: 47 pixels, 3.4 interlines
2025-12-26 13:22:39,091 INFO [130_Beethoven_PSon_No4_Mov3_B1-23_page_0]       StepMonitoring.java:98   | CUE_BEAMS
2025-12-26 13:22:39,092 INFO [130_Beethoven_PSon_No4_Mov3_B1-23_page_0]         CueBeamsStep.java:81   | Step CUE_BEAMS is skipped because small heads switch is off
2025-12-26 13:22:39,093 INFO [130_Beethoven_PSon_No4_Mov3_B1-23_page_0]       StepMonitoring.java:98   | TEXTS
2025-12-26 13:22:39,184 WARN [130_Beethoven_PSon_No4_Mov3_B1-23_page_0]         TesseractOCR.java:335  | The collection of supported languages is empty
2025-12-26 13:22:39,184 INFO [130_Beethoven_PSon_No4_Mov3_B1-23_page_0]              OcrUtil.java:106  | Missing support for 'eng' language(s)
2025-12-26 13:22:39,200 INFO [130_Beethoven_PSon_No4_Mov3_B1-23_page_0]       StepMonitoring.java:98   | MEASURES
2025-12-26 13:22:39,217 INFO [130_Beethoven_PSon_No4_Mov3_B1-23_page_0]                 Page.java:307  | 23 raw measures: [4 in system#1, 4 in system#2, 4 in system#3, 4 in system#4, 4 in system#5, 3 in system#6]
2025-12-26 13:22:39,217 INFO [130_Beethoven_PSon_No4_Mov3_B1-23_page_0]       StepMonitoring.java:98   | CHORDS
2025-12-26 13:22:39,238 INFO [130_Beethoven_PSon_No4_Mov3_B1-23_page_0]       StepMonitoring.java:98   | CURVES
2025-12-26 13:22:39,813 INFO [130_Beethoven_PSon_No4_Mov3_B1-23_page_0]         SlursBuilder.java:240  | Slurs: 35
2025-12-26 13:22:39,823 INFO [130_Beethoven_PSon_No4_Mov3_B1-23_page_0]      SegmentsBuilder.java:155  | Segments: 7
2025-12-26 13:22:39,833 INFO [130_Beethoven_PSon_No4_Mov3_B1-23_page_0]       StepMonitoring.java:98   | SYMBOLS
2025-12-26 13:22:40,205 INFO [130_Beethoven_PSon_No4_Mov3_B1-23_page_0]       StepMonitoring.java:98   | LINKS
2025-12-26 13:22:40,263 INFO [130_Beethoven_PSon_No4_Mov3_B1-23_page_0]       StepMonitoring.java:98   | RHYTHMS
2025-12-26 13:22:40,320 INFO [130_Beethoven_PSon_No4_Mov3_B1-23_page_0]        MeasureRhythm.java:1045 | Measure{#10} No timeOffset for HeadChordInter#4138{(0.943/0.943) staff:6 slot#3 dur:1/4}
2025-12-26 13:22:40,321 INFO [130_Beethoven_PSon_No4_Mov3_B1-23_page_0]        MeasureRhythm.java:1045 | Measure{#10} No timeOffset for RestChordInter#4635{(0.762/0.762) staff:6 slot#3 dur:1/4}
2025-12-26 13:22:40,321 INFO [130_Beethoven_PSon_No4_Mov3_B1-23_page_0]   AbstractChordInter.java:627  | Measure{#10} No timeOffset for HeadChordInter#4138{(0.943/0.943) staff:6 slot#3 dur:1/4}
2025-12-26 13:22:40,322 INFO [130_Beethoven_PSon_No4_Mov3_B1-23_page_0]   AbstractChordInter.java:627  | Measure{#10} No timeOffset for RestChordInter#4635{(0.762/0.762) staff:6 slot#3 dur:1/4}
2025-12-26 13:22:40,322 INFO [130_Beethoven_PSon_No4_Mov3_B1-23_page_0]   AbstractChordInter.java:627  | Measure{#10} No timeOffset for HeadChordInter#4125{(0.854/0.854) staff:5 slot#4 dur:1/2}
2025-12-26 13:22:40,322 INFO [130_Beethoven_PSon_No4_Mov3_B1-23_page_0]   AbstractChordInter.java:627  | Measure{#10} No timeOffset for RestChordInter#4635{(0.762/0.762) staff:6 slot#3 dur:1/4}
2025-12-26 13:22:40,323 INFO [130_Beethoven_PSon_No4_Mov3_B1-23_page_0]        MeasureRhythm.java:1045 | Measure{#10} No timeOffset for HeadChordInter#4139{(0.944/0.944) staff:6 slot#5 dur:1/4}
2025-12-26 13:22:40,323 INFO [130_Beethoven_PSon_No4_Mov3_B1-23_page_0]          StackRhythm.java:224  | S3 MeasureStack#10 no correct rhythm
2025-12-26 13:22:40,351 INFO [130_Beethoven_PSon_No4_Mov3_B1-23_page_0]       StepMonitoring.java:98   | PAGE
2025-12-26 13:22:40,361 INFO [130_Beethoven_PSon_No4_Mov3_B1-23_page_0]        MeasureRhythm.java:1045 | Measure{#10} No timeOffset for HeadChordInter#4125{(0.854/0.854) staff:5 slot#3 dur:1/2}
2025-12-26 13:22:40,362 INFO [130_Beethoven_PSon_No4_Mov3_B1-23_page_0]        MeasureRhythm.java:1045 | Measure{#10} No timeOffset for HeadChordInter#4138{(0.943/0.943) staff:6 slot#3 dur:1/4}
2025-12-26 13:22:40,363 INFO [130_Beethoven_PSon_No4_Mov3_B1-23_page_0]   AbstractChordInter.java:627  | Measure{#10} No timeOffset for HeadChordInter#4125{(0.854/0.854) staff:5 slot#3 dur:1/2}
2025-12-26 13:22:40,363 INFO [130_Beethoven_PSon_No4_Mov3_B1-23_page_0]   AbstractChordInter.java:627  | Measure{#10} No timeOffset for HeadChordInter#4138{(0.943/0.943) staff:6 slot#3 dur:1/4}
2025-12-26 13:22:40,364 INFO [130_Beethoven_PSon_No4_Mov3_B1-23_page_0]          StackRhythm.java:224  | S3 MeasureStack#10 no correct rhythm
2025-12-26 13:22:40,373 INFO [130_Beethoven_PSon_No4_Mov3_B1-23_page_0]                 Book.java:2596 | Book{130_Beethoven_PSon_No4_Mov3_B1-23_page_0} storing
2025-12-26 13:22:40,414 INFO [130_Beethoven_PSon_No4_Mov3_B1-23_page_0]                 Book.java:2577 | Stored /book.xml
2025-12-26 13:22:40,493 INFO [130_Beethoven_PSon_No4_Mov3_B1-23_page_0]           DataHolder.java:348  | Stored /sheet#1/BINARY.png
2025-12-26 13:22:41,172 INFO [130_Beethoven_PSon_No4_Mov3_B1-23_page_0]                Sheet.java:1583 | Stored /sheet#1/sheet#1.xml
2025-12-26 13:22:41,173 INFO [130_Beethoven_PSon_No4_Mov3_B1-23_page_0]                 Book.java:2537 | Book stored as C:\Users\Elliot\Downloads\Audiveris\scores\130_Beethoven_PSon_No4_Mov3_B1-23_page_0.omr
2025-12-26 13:22:41,178 INFO [130_Beethoven_PSon_No4_Mov3_B1-23_page_0]            SheetStub.java:1660 | Disposed sheet
2025-12-26 13:22:41,211 INFO [130_Beethoven_PSon_No4_Mov3_B1-23_page_0]                 Book.java:2064 | End of Stub#1
2025-12-26 13:22:41,212 INFO [130_Beethoven_PSon_No4_Mov3_B1-23_page_0]                 Book.java:2071 | Book processed.
2025-12-26 13:22:41,573 INFO [130_Beethoven_PSon_No4_Mov3_B1-23_page_0]            SheetStub.java:997  | Loaded /sheet#1/sheet#1.xml
2025-12-26 13:22:41,979 INFO [130_Beethoven_PSon_No4_Mov3_B1-23_page_0]      PartwiseBuilder.java:2688 | Exporting sheet(s): [#1]
2025-12-26 13:22:42,092 INFO [130_Beethoven_PSon_No4_Mov3_B1-23_page_0]        ScoreExporter.java:164  | Score 130_Beethoven_PSon_No4_Mov3_B1-23_page_0 exported to C:\Users\Elliot\Downloads\Audiveris\scores\130_Beethoven_PSon_No4_Mov3_B1-23_page_0.mxl
2025-12-26 13:22:42,136 INFO [130_Beethoven_PSon_No4_Mov3_B1-23_page_0]                Score.java:181  | Closing {Score 1}
