2025-12-26 13:22:54,773 INFO [132_Mendelssohn_LaChasse_Op19-3_B1-29_page_0]                 Book.java:560  | 1 sheet in C:\Users\Elliot\Downloads\Audiveris\scores\132_Mendelssohn_LaChasse_Op19-3_B1-29_page_0.jpg
2025-12-26 13:22:54,878 INFO []                 Book.java:2577 | Stored /book.xml
2025-12-26 13:22:54,878 INFO []                 Book.java:2537 | Book stored as C:\Users\Elliot\Downloads\Audiveris\scores\132_Mendelssohn_LaChasse_Op19-3_B1-29_page_0.omr
2025-12-26 13:22:54,884 INFO []                 Book.java:1929 | Book reaching PAGE on sheets:[#1]
2025-12-26 13:22:54,890 INFO [132_Mendelssohn_LaChasse_Op19-3_B1-29_page_0]       StepMonitoring.java:98   | LOAD
2025-12-26 13:22:54,982 INFO [132_Mendelssohn_LaChasse_Op19-3_B1-29_page_0]            SheetStub.java:1273 | Loaded image #1 1653x2339 from C:\Users\Elliot\Downloads\Audiveris\scores\132_Mendelssohn_LaChasse_Op19-3_B1-29_page_0.jpg
2025-12-26 13:22:54,985 INFO [132_Mendelssohn_LaChasse_Op19-3_B1-29_page_0]            ImageUtil.java:124  | Converting max RGB to gray
2025-12-26 13:22:55,082 INFO [132_Mendelssohn_LaChasse_Op19-3_B1-29_page_0]       StepMonitoring.java:98   | BINARY
2025-12-26 13:22:55,309 INFO [132_Mendelssohn_LaChasse_Op19-3_B1-29_page_0]       StepMonitoring.java:98   | SCALE
2025-12-26 13:22:55,339 INFO [132_Mendelssohn_LaChasse_Op19-3_B1-29_page_0]         ScaleBuilder.java:241  | Beam  guessed height:  5 -- 0.50 of 10 interline
2025-12-26 13:22:55,341 INFO [132_Mendelssohn_LaChasse_Op19-3_B1-29_page_0]         ScaleBuilder.java:264  | Beam measured height:  6 -- 0.43 of [3..10] range at 400% of needed quorum
2025-12-26 13:22:55,341 INFO [132_Mendelssohn_LaChasse_Op19-3_B1-29_page_0]            ScaleStep.java:65   | Scale{ interline(11,12,12) line(1,1,2) beam(6)}
2025-12-26 13:22:55,342 INFO [132_Mendelssohn_LaChasse_Op19-3_B1-29_page_0]       StepMonitoring.java:98   | GRID
2025-12-26 13:22:55,831 INFO [132_Mendelssohn_LaChasse_Op19-3_B1-29_page_0]       LinesRetriever.java:1500 | Global slope: 0.00000
2025-12-26 13:23:00,558 INFO [132_Mendelssohn_LaChasse_Op19-3_B1-29_page_0]    ClustersRetriever.java:326  | Retrieved raw line clusters: 12 of sizes [5] with interline(11,12,12)
2025-12-26 13:23:00,830 INFO [132_Mendelssohn_LaChasse_Op19-3_B1-29_page_0]            PeakGraph.java:310  | Systems: #1[1, 2] #2[3, 4] #3[5, 6] #4[7, 8] #5[9, 10] #6[11, 12]
2025-12-26 13:23:01,071 INFO [132_Mendelssohn_LaChasse_Op19-3_B1-29_page_0]        SystemManager.java:779  | 1 part along 6 systems
2025-12-26 13:23:01,072 INFO [132_Mendelssohn_LaChasse_Op19-3_B1-29_page_0]                 Book.java:543  | Created scores: [{Score 1}]
2025-12-26 13:23:01,073 INFO [132_Mendelssohn_LaChasse_Op19-3_B1-29_page_0]       StepMonitoring.java:98   | HEADERS
2025-12-26 13:23:01,353 INFO []      BasicClassifier.java:286  | Classifier loaded XML norms.
2025-12-26 13:23:01,357 INFO []   AbstractClassifier.java:396  | Classifier data loaded from default uri jar:file:/C:/Users/Elliot/Downloads/Audiveris/app/audiveris.jar!/res/basic-classifier.zip
2025-12-26 13:23:02,299 INFO [132_Mendelssohn_LaChasse_Op19-3_B1-29_page_0]       StepMonitoring.java:98   | STEM_SEEDS
2025-12-26 13:23:02,344 INFO [132_Mendelssohn_LaChasse_Op19-3_B1-29_page_0]        StemSeedsStep.java:86   | stem(1 max:2)
2025-12-26 13:23:02,410 INFO [132_Mendelssohn_LaChasse_Op19-3_B1-29_page_0]       StepMonitoring.java:98   | BEAMS
2025-12-26 13:23:03,732 INFO [132_Mendelssohn_LaChasse_Op19-3_B1-29_page_0]       StepMonitoring.java:98   | LEDGERS
2025-12-26 13:23:04,068 INFO [132_Mendelssohn_LaChasse_Op19-3_B1-29_page_0]       StepMonitoring.java:98   | HEADS
2025-12-26 13:23:06,544 INFO [132_Mendelssohn_LaChasse_Op19-3_B1-29_page_0]        HeadSeedTally.java:235  | Scale information: HeadSeeds{NOTEHEAD_BLACK[L:-0.4,R:0.5]}
2025-12-26 13:23:06,544 INFO [132_Mendelssohn_LaChasse_Op19-3_B1-29_page_0]       StepMonitoring.java:98   | STEMS
2025-12-26 13:23:07,835 INFO [132_Mendelssohn_LaChasse_Op19-3_B1-29_page_0]       StepMonitoring.java:98   | REDUCTION
2025-12-26 13:23:08,294 INFO [132_Mendelssohn_LaChasse_Op19-3_B1-29_page_0]       BeamGroupInter.java:1123 | Separating beams BeamInter#2381{(0.638/0.970) BEAM} and BeamInter#2391{(0.631/0.969) BEAM}
2025-12-26 13:23:08,298 INFO [132_Mendelssohn_LaChasse_Op19-3_B1-29_page_0]        ReductionStep.java:105  | Stems free length median value: 41 pixels, 3.4 interlines
2025-12-26 13:23:08,308 INFO [132_Mendelssohn_LaChasse_Op19-3_B1-29_page_0]       StepMonitoring.java:98   | CUE_BEAMS
2025-12-26 13:23:08,308 INFO [132_Mendelssohn_LaChasse_Op19-3_B1-29_page_0]         CueBeamsStep.java:81   | Step CUE_BEAMS is skipped because small heads switch is off
2025-12-26 13:23:08,309 INFO [132_Mendelssohn_LaChasse_Op19-3_B1-29_page_0]       StepMonitoring.java:98   | TEXTS
2025-12-26 13:23:08,439 WARN [132_Mendelssohn_LaChasse_Op19-3_B1-29_page_0]         TesseractOCR.java:335  | The collection of supported languages is empty
2025-12-26 13:23:08,440 INFO [132_Mendelssohn_LaChasse_Op19-3_B1-29_page_0]              OcrUtil.java:106  | Missing support for 'eng' language(s)
2025-12-26 13:23:08,461 INFO [132_Mendelssohn_LaChasse_Op19-3_B1-29_page_0]       StepMonitoring.java:98   | MEASURES
2025-12-26 13:23:08,477 INFO [132_Mendelssohn_LaChasse_Op19-3_B1-29_page_0]                 Page.java:307  | 29 raw measures: [4 in system#1, 5 in system#2, 5 in system#3, 5 in system#4, 5 in system#5, 5 in system#6]
2025-12-26 13:23:08,478 INFO [132_Mendelssohn_LaChasse_Op19-3_B1-29_page_0]       StepMonitoring.java:98   | CHORDS
2025-12-26 13:23:08,528 INFO [132_Mendelssohn_LaChasse_Op19-3_B1-29_page_0]       StepMonitoring.java:98   | CURVES
2025-12-26 13:23:09,265 INFO [132_Mendelssohn_LaChasse_Op19-3_B1-29_page_0]         SlursBuilder.java:240  | Slurs: 23
2025-12-26 13:23:09,315 INFO [132_Mendelssohn_LaChasse_Op19-3_B1-29_page_0]      SegmentsBuilder.java:155  | Segments: 29
2025-12-26 13:23:09,330 INFO [132_Mendelssohn_LaChasse_Op19-3_B1-29_page_0]       StepMonitoring.java:98   | SYMBOLS
2025-12-26 13:23:09,982 INFO [132_Mendelssohn_LaChasse_Op19-3_B1-29_page_0]       StepMonitoring.java:98   | LINKS
2025-12-26 13:23:10,112 INFO [132_Mendelssohn_LaChasse_Op19-3_B1-29_page_0]       StepMonitoring.java:98   | RHYTHMS
2025-12-26 13:23:10,138 INFO [132_Mendelssohn_LaChasse_Op19-3_B1-29_page_0]                Voice.java:257  | Measure{#1} Voice{#1 excess:1/8} too long
2025-12-26 13:23:10,140 INFO [132_Mendelssohn_LaChasse_Op19-3_B1-29_page_0]          StackRhythm.java:224  | S1 MeasureStack#1 no correct rhythm
2025-12-26 13:23:10,142 INFO [132_Mendelssohn_LaChasse_Op19-3_B1-29_page_0]                Voice.java:257  | Measure{#2} Voice{#5 excess:3/16} too long
2025-12-26 13:23:10,143 INFO [132_Mendelssohn_LaChasse_Op19-3_B1-29_page_0]          StackRhythm.java:224  | S1 MeasureStack#2 no correct rhythm
2025-12-26 13:23:10,179 INFO [132_Mendelssohn_LaChasse_Op19-3_B1-29_page_0]                Voice.java:257  | Measure{#15} Voice{#5 excess:1/4} too long
2025-12-26 13:23:10,179 INFO [132_Mendelssohn_LaChasse_Op19-3_B1-29_page_0]          StackRhythm.java:224  | S4 MeasureStack#15 no correct rhythm
2025-12-26 13:23:10,187 INFO [132_Mendelssohn_LaChasse_Op19-3_B1-29_page_0]                Voice.java:257  | Measure{#18} Voice{#1 excess:1/8} too long
2025-12-26 13:23:10,188 INFO [132_Mendelssohn_LaChasse_Op19-3_B1-29_page_0]          StackRhythm.java:224  | S4 MeasureStack#18 no correct rhythm
2025-12-26 13:23:10,190 INFO [132_Mendelssohn_LaChasse_Op19-3_B1-29_page_0]                Voice.java:257  | Measure{#19} Voice{#1 excess:1/16} too long
2025-12-26 13:23:10,190 INFO [132_Mendelssohn_LaChasse_Op19-3_B1-29_page_0]                Voice.java:257  | Measure{#19} Voice{#6 excess:1/16} too long
2025-12-26 13:23:10,191 INFO [132_Mendelssohn_LaChasse_Op19-3_B1-29_page_0]          StackRhythm.java:224  | S4 MeasureStack#19 no correct rhythm
2025-12-26 13:23:10,207 INFO [132_Mendelssohn_LaChasse_Op19-3_B1-29_page_0]       StepMonitoring.java:98   | PAGE
2025-12-26 13:23:10,213 INFO [132_Mendelssohn_LaChasse_Op19-3_B1-29_page_0]                Voice.java:257  | Measure{#1} Voice{#1 excess:1/8} too long
2025-12-26 13:23:10,214 INFO [132_Mendelssohn_LaChasse_Op19-3_B1-29_page_0]                Voice.java:257  | Measure{#2} Voice{#5 excess:3/16} too long
2025-12-26 13:23:10,215 INFO [132_Mendelssohn_LaChasse_Op19-3_B1-29_page_0]                Voice.java:257  | Measure{#15} Voice{#5 excess:1/4} too long
2025-12-26 13:23:10,216 INFO [132_Mendelssohn_LaChasse_Op19-3_B1-29_page_0]                Voice.java:257  | Measure{#18} Voice{#1 excess:1/8} too long
2025-12-26 13:23:10,218 INFO [132_Mendelssohn_LaChasse_Op19-3_B1-29_page_0]                Voice.java:257  | Measure{#19} Voice{#1 excess:1/16} too long
2025-12-26 13:23:10,218 INFO [132_Mendelssohn_LaChasse_Op19-3_B1-29_page_0]                Voice.java:257  | Measure{#19} Voice{#6 excess:1/16} too long
2025-12-26 13:23:10,224 INFO [132_Mendelssohn_LaChasse_Op19-3_B1-29_page_0]                 Book.java:2596 | Book{132_Mendelssohn_LaChasse_Op19-3_B1-29_page_0} storing
2025-12-26 13:23:10,277 INFO [132_Mendelssohn_LaChasse_Op19-3_B1-29_page_0]                 Book.java:2577 | Stored /book.xml
2025-12-26 13:23:10,359 INFO [132_Mendelssohn_LaChasse_Op19-3_B1-29_page_0]           DataHolder.java:348  | Stored /sheet#1/BINARY.png
2025-12-26 13:23:11,319 INFO [132_Mendelssohn_LaChasse_Op19-3_B1-29_page_0]                Sheet.java:1583 | Stored /sheet#1/sheet#1.xml
2025-12-26 13:23:11,320 INFO [132_Mendelssohn_LaChasse_Op19-3_B1-29_page_0]                 Book.java:2537 | Book stored as C:\Users\Elliot\Downloads\Audiveris\scores\132_Mendelssohn_LaChasse_Op19-3_B1-29_page_0.omr
2025-12-26 13:23:11,325 INFO [132_Mendelssohn_LaChasse_Op19-3_B1-29_page_0]            SheetStub.java:1660 | Disposed sheet
2025-12-26 13:23:11,357 INFO [132_Mendelssohn_LaChasse_Op19-3_B1-29_page_0]                 Book.java:2064 | End of Stub#1
2025-12-26 13:23:11,358 INFO [132_Mendelssohn_LaChasse_Op19-3_B1-29_page_0]                 Book.java:2071 | Book processed.
2025-12-26 13:23:11,814 INFO [132_Mendelssohn_LaChasse_Op19-3_B1-29_page_0]            SheetStub.java:997  | Loaded /sheet#1/sheet#1.xml
2025-12-26 13:23:12,225 INFO [132_Mendelssohn_LaChasse_Op19-3_B1-29_page_0]      PartwiseBuilder.java:2688 | Exporting sheet(s): [#1]
2025-12-26 13:23:12,388 INFO [132_Mendelssohn_LaChasse_Op19-3_B1-29_page_0]        ScoreExporter.java:164  | Score 132_Mendelssohn_LaChasse_Op19-3_B1-29_page_0 exported to C:\Users\Elliot\Downloads\Audiveris\scores\132_Mendelssohn_LaChasse_Op19-3_B1-29_page_0.mxl
2025-12-26 13:23:12,443 INFO [132_Mendelssohn_LaChasse_Op19-3_B1-29_page_0]                Score.java:181  | Closing {Score 1}
