2025-12-26 13:23:14,231 INFO [133_Mendelssohn_VenetianischesGondellied_Op30-6_B0-21_page_0]                 Book.java:560  | 1 sheet in C:\Users\Elliot\Downloads\Audiveris\scores\133_Mendelssohn_VenetianischesGondellied_Op30-6_B0-21_page_0.jpg
2025-12-26 13:23:14,365 INFO []                 Book.java:2577 | Stored /book.xml
2025-12-26 13:23:14,365 INFO []                 Book.java:2537 | Book stored as C:\Users\Elliot\Downloads\Audiveris\scores\133_Mendelssohn_VenetianischesGondellied_Op30-6_B0-21_page_0.omr
2025-12-26 13:23:14,371 INFO []                 Book.java:1929 | Book reaching PAGE on sheets:[#1]
2025-12-26 13:23:14,372 INFO [133_Mendelssohn_VenetianischesGondellied_Op30-6_B0-21_page_0]       StepMonitoring.java:98   | LOAD
2025-12-26 13:23:14,493 INFO [133_Mendelssohn_VenetianischesGondellied_Op30-6_B0-21_page_0]            SheetStub.java:1273 | Loaded image #1 1653x2339 from C:\Users\Elliot\Downloads\Audiveris\scores\133_Mendelssohn_VenetianischesGondellied_Op30-6_B0-21_page_0.jpg
2025-12-26 13:23:14,496 INFO [133_Mendelssohn_VenetianischesGondellied_Op30-6_B0-21_page_0]            ImageUtil.java:124  | Converting max RGB to gray
2025-12-26 13:23:14,614 INFO [133_Mendelssohn_VenetianischesGondellied_Op30-6_B0-21_page_0]       StepMonitoring.java:98   | BINARY
2025-12-26 13:23:14,827 INFO [133_Mendelssohn_VenetianischesGondellied_Op30-6_B0-21_page_0]       StepMonitoring.java:98   | SCALE
2025-12-26 13:23:14,848 INFO [133_Mendelssohn_VenetianischesGondellied_Op30-6_B0-21_page_0]         ScaleBuilder.java:241  | Beam  guessed height:  6 -- 0.50 of 12 interline
2025-12-26 13:23:14,850 INFO [133_Mendelssohn_VenetianischesGondellied_Op30-6_B0-21_page_0]         ScaleBuilder.java:264  | Beam measured height:  8 -- 0.50 of [4..12] range at 418% of needed quorum
2025-12-26 13:23:14,851 INFO [133_Mendelssohn_VenetianischesGondellied_Op30-6_B0-21_page_0]            ScaleStep.java:65   | Scale{ interline(13,14,14) line(1,1,3) beam(8)}
2025-12-26 13:23:14,852 INFO [133_Mendelssohn_VenetianischesGondellied_Op30-6_B0-21_page_0]       StepMonitoring.java:98   | GRID
2025-12-26 13:23:15,180 INFO [133_Mendelssohn_VenetianischesGondellied_Op30-6_B0-21_page_0]       LinesRetriever.java:1500 | Global slope: 0.00000
2025-12-26 13:23:15,238 INFO [133_Mendelssohn_VenetianischesGondellied_Op30-6_B0-21_page_0]    ClustersRetriever.java:326  | Retrieved raw line clusters: 10 of sizes [5] with interline(13,14,14)
2025-12-26 13:23:15,408 INFO [133_Mendelssohn_VenetianischesGondellied_Op30-6_B0-21_page_0]            PeakGraph.java:310  | Systems: #1[1, 2] #2[3, 4] #3[5, 6] #4[7, 8] #5[9, 10]
2025-12-26 13:23:15,743 INFO [133_Mendelssohn_VenetianischesGondellied_Op30-6_B0-21_page_0]        SystemManager.java:779  | 1 part along 5 systems
2025-12-26 13:23:15,745 INFO [133_Mendelssohn_VenetianischesGondellied_Op30-6_B0-21_page_0]                 Book.java:543  | Created scores: [{Score 1}]
2025-12-26 13:23:15,747 INFO [133_Mendelssohn_VenetianischesGondellied_Op30-6_B0-21_page_0]       StepMonitoring.java:98   | HEADERS
2025-12-26 13:23:16,099 INFO [133_Mendelssohn_VenetianischesGondellied_Op30-6_B0-21_page_0]      BasicClassifier.java:286  | Classifier loaded XML norms.
2025-12-26 13:23:16,103 INFO [133_Mendelssohn_VenetianischesGondellied_Op30-6_B0-21_page_0]   AbstractClassifier.java:396  | Classifier data loaded from default uri jar:file:/C:/Users/Elliot/Downloads/Audiveris/app/audiveris.jar!/res/basic-classifier.zip
2025-12-26 13:23:16,919 INFO [133_Mendelssohn_VenetianischesGondellied_Op30-6_B0-21_page_0]       StepMonitoring.java:98   | STEM_SEEDS
2025-12-26 13:23:16,955 INFO [133_Mendelssohn_VenetianischesGondellied_Op30-6_B0-21_page_0]        StemSeedsStep.java:86   | stem(2 max:2)
2025-12-26 13:23:16,992 INFO [133_Mendelssohn_VenetianischesGondellied_Op30-6_B0-21_page_0]       StepMonitoring.java:98   | BEAMS
2025-12-26 13:23:18,179 INFO [133_Mendelssohn_VenetianischesGondellied_Op30-6_B0-21_page_0]       StepMonitoring.java:98   | LEDGERS
2025-12-26 13:23:18,356 INFO [133_Mendelssohn_VenetianischesGondellied_Op30-6_B0-21_page_0]       StepMonitoring.java:98   | HEADS
2025-12-26 13:23:20,475 INFO [133_Mendelssohn_VenetianischesGondellied_Op30-6_B0-21_page_0]        HeadSeedTally.java:235  | Scale information: HeadSeeds{NOTEHEAD_BLACK[L:0.1,R:0.4]}
2025-12-26 13:23:20,476 INFO [133_Mendelssohn_VenetianischesGondellied_Op30-6_B0-21_page_0]       StepMonitoring.java:98   | STEMS
2025-12-26 13:23:21,154 INFO [133_Mendelssohn_VenetianischesGondellied_Op30-6_B0-21_page_0]       StepMonitoring.java:98   | REDUCTION
2025-12-26 13:23:21,347 INFO [133_Mendelssohn_VenetianischesGondellied_Op30-6_B0-21_page_0]        ReductionStep.java:105  | Stems free length median value: 48 pixels, 3.4 interlines
2025-12-26 13:23:21,354 INFO [133_Mendelssohn_VenetianischesGondellied_Op30-6_B0-21_page_0]       StepMonitoring.java:98   | CUE_BEAMS
2025-12-26 13:23:21,354 INFO [133_Mendelssohn_VenetianischesGondellied_Op30-6_B0-21_page_0]         CueBeamsStep.java:81   | Step CUE_BEAMS is skipped because small heads switch is off
2025-12-26 13:23:21,355 INFO [133_Mendelssohn_VenetianischesGondellied_Op30-6_B0-21_page_0]       StepMonitoring.java:98   | TEXTS
2025-12-26 13:23:21,456 WARN [133_Mendelssohn_VenetianischesGondellied_Op30-6_B0-21_page_0]         TesseractOCR.java:335  | The collection of supported languages is empty
2025-12-26 13:23:21,457 INFO [133_Mendelssohn_VenetianischesGondellied_Op30-6_B0-21_page_0]              OcrUtil.java:106  | Missing support for 'eng' language(s)
2025-12-26 13:23:21,466 INFO [133_Mendelssohn_VenetianischesGondellied_Op30-6_B0-21_page_0]       StepMonitoring.java:98   | MEASURES
2025-12-26 13:23:21,482 INFO [133_Mendelssohn_VenetianischesGondellied_Op30-6_B0-21_page_0]                 Page.java:307  | 22 raw measures: [6 in system#1, 4 in system#2, 4 in system#3, 4 in system#4, 4 in system#5]
2025-12-26 13:23:21,482 INFO [133_Mendelssohn_VenetianischesGondellied_Op30-6_B0-21_page_0]       StepMonitoring.java:98   | CHORDS
2025-12-26 13:23:21,501 INFO [133_Mendelssohn_VenetianischesGondellied_Op30-6_B0-21_page_0]       StepMonitoring.java:98   | CURVES
2025-12-26 13:23:22,058 INFO [133_Mendelssohn_VenetianischesGondellied_Op30-6_B0-21_page_0]         SlursBuilder.java:240  | Slurs: 32
2025-12-26 13:23:22,075 INFO [133_Mendelssohn_VenetianischesGondellied_Op30-6_B0-21_page_0]      SegmentsBuilder.java:155  | Segments: 12
2025-12-26 13:23:22,082 INFO [133_Mendelssohn_VenetianischesGondellied_Op30-6_B0-21_page_0]       StepMonitoring.java:98   | SYMBOLS
2025-12-26 13:23:22,567 INFO [133_Mendelssohn_VenetianischesGondellied_Op30-6_B0-21_page_0]       StepMonitoring.java:98   | LINKS
2025-12-26 13:23:22,623 INFO [133_Mendelssohn_VenetianischesGondellied_Op30-6_B0-21_page_0]       StepMonitoring.java:98   | RHYTHMS
2025-12-26 13:23:22,687 INFO [133_Mendelssohn_VenetianischesGondellied_Op30-6_B0-21_page_0]       StepMonitoring.java:98   | PAGE
2025-12-26 13:23:22,697 INFO [133_Mendelssohn_VenetianischesGondellied_Op30-6_B0-21_page_0]                 Book.java:2596 | Book{133_Mendelssohn_VenetianischesGondellied_Op30-6_B0-21_page_0} storing
2025-12-26 13:23:22,739 INFO [133_Mendelssohn_VenetianischesGondellied_Op30-6_B0-21_page_0]                 Book.java:2577 | Stored /book.xml
2025-12-26 13:23:22,847 INFO [133_Mendelssohn_VenetianischesGondellied_Op30-6_B0-21_page_0]           DataHolder.java:348  | Stored /sheet#1/BINARY.png
2025-12-26 13:23:23,463 INFO [133_Mendelssohn_VenetianischesGondellied_Op30-6_B0-21_page_0]                Sheet.java:1583 | Stored /sheet#1/sheet#1.xml
2025-12-26 13:23:23,464 INFO [133_Mendelssohn_VenetianischesGondellied_Op30-6_B0-21_page_0]                 Book.java:2537 | Book stored as C:\Users\Elliot\Downloads\Audiveris\scores\133_Mendelssohn_VenetianischesGondellied_Op30-6_B0-21_page_0.omr
2025-12-26 13:23:23,471 INFO [133_Mendelssohn_VenetianischesGondellied_Op30-6_B0-21_page_0]            SheetStub.java:1660 | Disposed sheet
2025-12-26 13:23:23,509 INFO [133_Mendelssohn_VenetianischesGondellied_Op30-6_B0-21_page_0]                 Book.java:2064 | End of Stub#1
2025-12-26 13:23:23,511 INFO [133_Mendelssohn_VenetianischesGondellied_Op30-6_B0-21_page_0]                 Book.java:2071 | Book processed.
2025-12-26 13:23:23,868 INFO [133_Mendelssohn_VenetianischesGondellied_Op30-6_B0-21_page_0]            SheetStub.java:997  | Loaded /sheet#1/sheet#1.xml
2025-12-26 13:23:24,255 INFO [133_Mendelssohn_VenetianischesGondellied_Op30-6_B0-21_page_0]      PartwiseBuilder.java:2688 | Exporting sheet(s): [#1]
2025-12-26 13:23:24,369 INFO [133_Mendelssohn_VenetianischesGondellied_Op30-6_B0-21_page_0]        ScoreExporter.java:164  | Score 133_Mendelssohn_VenetianischesGondellied_Op30-6_B0-21_page_0 exported to C:\Users\Elliot\Downloads\Audiveris\scores\133_Mendelssohn_VenetianischesGondellied_Op30-6_B0-21_page_0.mxl
2025-12-26 13:23:24,412 INFO [133_Mendelssohn_VenetianischesGondellied_Op30-6_B0-21_page_0]                Score.java:181  | Closing {Score 1}
