2025-12-26 13:23:37,306 INFO [134_Mendelssohn_SongWithoutWords_Op19-1_B0-16_page_1]                 Book.java:560  | 1 sheet in C:\Users\Elliot\Downloads\Audiveris\scores\134_Mendelssohn_SongWithoutWords_Op19-1_B0-16_page_1.jpg
2025-12-26 13:23:37,439 INFO []                 Book.java:2577 | Stored /book.xml
2025-12-26 13:23:37,439 INFO []                 Book.java:2537 | Book stored as C:\Users\Elliot\Downloads\Audiveris\scores\134_Mendelssohn_SongWithoutWords_Op19-1_B0-16_page_1.omr
2025-12-26 13:23:37,448 INFO []                 Book.java:1929 | Book reaching PAGE on sheets:[#1]
2025-12-26 13:23:37,451 INFO [134_Mendelssohn_SongWithoutWords_Op19-1_B0-16_page_1]       StepMonitoring.java:98   | LOAD
2025-12-26 13:23:37,571 INFO [134_Mendelssohn_SongWithoutWords_Op19-1_B0-16_page_1]            SheetStub.java:1273 | Loaded image #1 1653x2339 from C:\Users\Elliot\Downloads\Audiveris\scores\134_Mendelssohn_SongWithoutWords_Op19-1_B0-16_page_1.jpg
2025-12-26 13:23:37,575 INFO [134_Mendelssohn_SongWithoutWords_Op19-1_B0-16_page_1]            ImageUtil.java:124  | Converting max RGB to gray
2025-12-26 13:23:37,725 INFO [134_Mendelssohn_SongWithoutWords_Op19-1_B0-16_page_1]       StepMonitoring.java:98   | BINARY
2025-12-26 13:23:37,982 INFO [134_Mendelssohn_SongWithoutWords_Op19-1_B0-16_page_1]       StepMonitoring.java:98   | SCALE
2025-12-26 13:23:38,005 INFO [134_Mendelssohn_SongWithoutWords_Op19-1_B0-16_page_1]         ScaleBuilder.java:241  | Beam  guessed height:  6 -- 0.50 of 11 interline
2025-12-26 13:23:38,008 INFO [134_Mendelssohn_SongWithoutWords_Op19-1_B0-16_page_1]         ScaleBuilder.java:264  | Beam measured height:  7 -- 0.43 of [4..11] range at 677% of needed quorum
2025-12-26 13:23:38,008 INFO [134_Mendelssohn_SongWithoutWords_Op19-1_B0-16_page_1]            ScaleStep.java:65   | Scale{ interline(12,13,13) line(1,1,2) beam(7)}
2025-12-26 13:23:38,010 INFO [134_Mendelssohn_SongWithoutWords_Op19-1_B0-16_page_1]       StepMonitoring.java:98   | GRID
2025-12-26 13:23:38,230 INFO [134_Mendelssohn_SongWithoutWords_Op19-1_B0-16_page_1]       LinesRetriever.java:1500 | Global slope: 0.00000
2025-12-26 13:23:38,259 INFO [134_Mendelssohn_SongWithoutWords_Op19-1_B0-16_page_1]    ClustersRetriever.java:326  | Retrieved raw line clusters: 6 of sizes [5] with interline(12,13,13)
2025-12-26 13:23:38,339 INFO [134_Mendelssohn_SongWithoutWords_Op19-1_B0-16_page_1]            PeakGraph.java:310  | Systems: #1[1, 2] #2[3, 4] #3[5, 6]
2025-12-26 13:23:38,577 INFO [134_Mendelssohn_SongWithoutWords_Op19-1_B0-16_page_1]        SystemManager.java:779  | 1 part along 3 systems
2025-12-26 13:23:38,580 INFO [134_Mendelssohn_SongWithoutWords_Op19-1_B0-16_page_1]                 Book.java:543  | Created scores: [{Score 1}]
2025-12-26 13:23:38,580 INFO [134_Mendelssohn_SongWithoutWords_Op19-1_B0-16_page_1]       StepMonitoring.java:98   | HEADERS
2025-12-26 13:23:38,964 INFO [134_Mendelssohn_SongWithoutWords_Op19-1_B0-16_page_1]      BasicClassifier.java:286  | Classifier loaded XML norms.
2025-12-26 13:23:38,968 INFO [134_Mendelssohn_SongWithoutWords_Op19-1_B0-16_page_1]   AbstractClassifier.java:396  | Classifier data loaded from default uri jar:file:/C:/Users/Elliot/Downloads/Audiveris/app/audiveris.jar!/res/basic-classifier.zip
2025-12-26 13:23:39,600 INFO [134_Mendelssohn_SongWithoutWords_Op19-1_B0-16_page_1]       StepMonitoring.java:98   | STEM_SEEDS
2025-12-26 13:23:39,632 INFO [134_Mendelssohn_SongWithoutWords_Op19-1_B0-16_page_1]        StemSeedsStep.java:86   | stem(2 max:3)
2025-12-26 13:23:39,669 INFO [134_Mendelssohn_SongWithoutWords_Op19-1_B0-16_page_1]       StepMonitoring.java:98   | BEAMS
2025-12-26 13:23:40,536 INFO [134_Mendelssohn_SongWithoutWords_Op19-1_B0-16_page_1]       StepMonitoring.java:98   | LEDGERS
2025-12-26 13:23:40,847 INFO [134_Mendelssohn_SongWithoutWords_Op19-1_B0-16_page_1]       StepMonitoring.java:98   | HEADS
2025-12-26 13:23:41,974 INFO [134_Mendelssohn_SongWithoutWords_Op19-1_B0-16_page_1]        HeadSeedTally.java:235  | Scale information: HeadSeeds{NOTEHEAD_BLACK[L:-0.3,R:0.5]}
2025-12-26 13:23:41,975 INFO [134_Mendelssohn_SongWithoutWords_Op19-1_B0-16_page_1]       StepMonitoring.java:98   | STEMS
2025-12-26 13:23:42,357 INFO [134_Mendelssohn_SongWithoutWords_Op19-1_B0-16_page_1]       StepMonitoring.java:98   | REDUCTION
2025-12-26 13:23:42,462 INFO [134_Mendelssohn_SongWithoutWords_Op19-1_B0-16_page_1]        ReductionStep.java:105  | Stems free length median value: 44 pixels, 3.4 interlines
2025-12-26 13:23:42,468 INFO [134_Mendelssohn_SongWithoutWords_Op19-1_B0-16_page_1]       StepMonitoring.java:98   | CUE_BEAMS
2025-12-26 13:23:42,468 INFO [134_Mendelssohn_SongWithoutWords_Op19-1_B0-16_page_1]         CueBeamsStep.java:81   | Step CUE_BEAMS is skipped because small heads switch is off
2025-12-26 13:23:42,469 INFO [134_Mendelssohn_SongWithoutWords_Op19-1_B0-16_page_1]       StepMonitoring.java:98   | TEXTS
2025-12-26 13:23:42,556 WARN [134_Mendelssohn_SongWithoutWords_Op19-1_B0-16_page_1]         TesseractOCR.java:335  | The collection of supported languages is empty
2025-12-26 13:23:42,558 INFO [134_Mendelssohn_SongWithoutWords_Op19-1_B0-16_page_1]              OcrUtil.java:106  | Missing support for 'eng' language(s)
2025-12-26 13:23:42,578 INFO [134_Mendelssohn_SongWithoutWords_Op19-1_B0-16_page_1]       StepMonitoring.java:98   | MEASURES
2025-12-26 13:23:42,588 INFO [134_Mendelssohn_SongWithoutWords_Op19-1_B0-16_page_1]                 Page.java:307  | 5 raw measures: [2 in system#1, 2 in system#2, 1 in system#3]
2025-12-26 13:23:42,589 INFO [134_Mendelssohn_SongWithoutWords_Op19-1_B0-16_page_1]       StepMonitoring.java:98   | CHORDS
2025-12-26 13:23:42,608 INFO [134_Mendelssohn_SongWithoutWords_Op19-1_B0-16_page_1]       StepMonitoring.java:98   | CURVES
2025-12-26 13:23:43,048 INFO [134_Mendelssohn_SongWithoutWords_Op19-1_B0-16_page_1]         SlursBuilder.java:240  | Slurs: 0
2025-12-26 13:23:43,055 INFO [134_Mendelssohn_SongWithoutWords_Op19-1_B0-16_page_1]      SegmentsBuilder.java:155  | Segments: 0
2025-12-26 13:23:43,064 INFO [134_Mendelssohn_SongWithoutWords_Op19-1_B0-16_page_1]       StepMonitoring.java:98   | SYMBOLS
2025-12-26 13:23:43,328 INFO [134_Mendelssohn_SongWithoutWords_Op19-1_B0-16_page_1]       StepMonitoring.java:98   | LINKS
2025-12-26 13:23:43,380 INFO [134_Mendelssohn_SongWithoutWords_Op19-1_B0-16_page_1]       StepMonitoring.java:98   | RHYTHMS
2025-12-26 13:23:43,545 INFO [134_Mendelssohn_SongWithoutWords_Op19-1_B0-16_page_1]        MeasureRhythm.java:1277 | Measure{#4} Time inconsistency in {27/32=[HeadChordInter#2204{(0.942/0.942) staff:3 slot#16 off:27/32 dur:1/16}], 29/32=[HeadChordInter#2203{(0.955/0.955) staff:3 slot#16 off:29/32 dur:1/16}]}
2025-12-26 13:23:43,550 INFO [134_Mendelssohn_SongWithoutWords_Op19-1_B0-16_page_1]       StepMonitoring.java:98   | PAGE
2025-12-26 13:23:43,554 WARN [134_Mendelssohn_SongWithoutWords_Op19-1_B0-16_page_1]         MeasureFixer.java:343  | System#1 No target duration for measures local IDs [1, 2], please check time signatures
2025-12-26 13:23:43,554 WARN [134_Mendelssohn_SongWithoutWords_Op19-1_B0-16_page_1]         MeasureFixer.java:343  | System#2 No target duration for measures local IDs [3, 4], please check time signatures
2025-12-26 13:23:43,555 WARN [134_Mendelssohn_SongWithoutWords_Op19-1_B0-16_page_1]         MeasureFixer.java:343  | System#3 No target duration for measures local IDs [5], please check time signatures
2025-12-26 13:23:43,560 INFO [134_Mendelssohn_SongWithoutWords_Op19-1_B0-16_page_1]                 Book.java:2596 | Book{134_Mendelssohn_SongWithoutWords_Op19-1_B0-16_page_1} storing
2025-12-26 13:23:43,596 INFO [134_Mendelssohn_SongWithoutWords_Op19-1_B0-16_page_1]                 Book.java:2577 | Stored /book.xml
2025-12-26 13:23:43,670 INFO [134_Mendelssohn_SongWithoutWords_Op19-1_B0-16_page_1]           DataHolder.java:348  | Stored /sheet#1/BINARY.png
2025-12-26 13:23:44,160 INFO [134_Mendelssohn_SongWithoutWords_Op19-1_B0-16_page_1]                Sheet.java:1583 | Stored /sheet#1/sheet#1.xml
2025-12-26 13:23:44,163 INFO [134_Mendelssohn_SongWithoutWords_Op19-1_B0-16_page_1]                 Book.java:2537 | Book stored as C:\Users\Elliot\Downloads\Audiveris\scores\134_Mendelssohn_SongWithoutWords_Op19-1_B0-16_page_1.omr
2025-12-26 13:23:44,168 INFO [134_Mendelssohn_SongWithoutWords_Op19-1_B0-16_page_1]            SheetStub.java:1660 | Disposed sheet
2025-12-26 13:23:44,195 INFO [134_Mendelssohn_SongWithoutWords_Op19-1_B0-16_page_1]                 Book.java:2064 | End of Stub#1
2025-12-26 13:23:44,198 INFO [134_Mendelssohn_SongWithoutWords_Op19-1_B0-16_page_1]                 Book.java:2071 | Book processed.
2025-12-26 13:23:44,813 INFO [134_Mendelssohn_SongWithoutWords_Op19-1_B0-16_page_1]            SheetStub.java:997  | Loaded /sheet#1/sheet#1.xml
2025-12-26 13:23:45,243 INFO [134_Mendelssohn_SongWithoutWords_Op19-1_B0-16_page_1]      PartwiseBuilder.java:2688 | Exporting sheet(s): [#1]
2025-12-26 13:23:45,382 INFO [134_Mendelssohn_SongWithoutWords_Op19-1_B0-16_page_1]        ScoreExporter.java:164  | Score 134_Mendelssohn_SongWithoutWords_Op19-1_B0-16_page_1 exported to C:\Users\Elliot\Downloads\Audiveris\scores\134_Mendelssohn_SongWithoutWords_Op19-1_B0-16_page_1.mxl
2025-12-26 13:23:45,428 INFO [134_Mendelssohn_SongWithoutWords_Op19-1_B0-16_page_1]                Score.java:181  | Closing {Score 1}
