2025-12-26 13:23:47,040 INFO [135_Faure_Sicilienne_B9-25_page_0]                 Book.java:560  | 1 sheet in C:\Users\Elliot\Downloads\Audiveris\scores\135_Faure_Sicilienne_B9-25_page_0.jpg
2025-12-26 13:23:47,150 INFO []                 Book.java:2577 | Stored /book.xml
2025-12-26 13:23:47,151 INFO []                 Book.java:2537 | Book stored as C:\Users\Elliot\Downloads\Audiveris\scores\135_Faure_Sicilienne_B9-25_page_0.omr
2025-12-26 13:23:47,156 INFO []                 Book.java:1929 | Book reaching PAGE on sheets:[#1]
2025-12-26 13:23:47,160 INFO [135_Faure_Sicilienne_B9-25_page_0]       StepMonitoring.java:98   | LOAD
2025-12-26 13:23:47,255 INFO [135_Faure_Sicilienne_B9-25_page_0]            SheetStub.java:1273 | Loaded image #1 1653x2339 from C:\Users\Elliot\Downloads\Audiveris\scores\135_Faure_Sicilienne_B9-25_page_0.jpg
2025-12-26 13:23:47,258 INFO [135_Faure_Sicilienne_B9-25_page_0]            ImageUtil.java:124  | Converting max RGB to gray
2025-12-26 13:23:47,360 INFO [135_Faure_Sicilienne_B9-25_page_0]       StepMonitoring.java:98   | BINARY
2025-12-26 13:23:47,638 INFO [135_Faure_Sicilienne_B9-25_page_0]       StepMonitoring.java:98   | SCALE
2025-12-26 13:23:47,664 INFO [135_Faure_Sicilienne_B9-25_page_0]         ScaleBuilder.java:241  | Beam  guessed height:  6 -- 0.50 of 11 interline
2025-12-26 13:23:47,665 INFO [135_Faure_Sicilienne_B9-25_page_0]         ScaleBuilder.java:264  | Beam measured height:  7 -- 0.43 of [4..11] range at 506% of needed quorum
2025-12-26 13:23:47,665 INFO [135_Faure_Sicilienne_B9-25_page_0]            ScaleStep.java:65   | Scale{ interline(12,13,13) line(1,1,3) beam(7)}
2025-12-26 13:23:47,666 INFO [135_Faure_Sicilienne_B9-25_page_0]       StepMonitoring.java:98   | GRID
2025-12-26 13:23:48,062 INFO [135_Faure_Sicilienne_B9-25_page_0]       LinesRetriever.java:1500 | Global slope: 0.00000
2025-12-26 13:23:48,132 INFO [135_Faure_Sicilienne_B9-25_page_0]    ClustersRetriever.java:326  | Retrieved raw line clusters: 10 of sizes [5] with interline(12,13,13)
2025-12-26 13:23:48,266 INFO [135_Faure_Sicilienne_B9-25_page_0]            PeakGraph.java:310  | Systems: #1[1, 2] #2[3, 4] #3[5, 6] #4[7, 8] #5[9, 10]
2025-12-26 13:23:48,519 INFO [135_Faure_Sicilienne_B9-25_page_0]        SystemManager.java:134  | Indentation detected for system #1
2025-12-26 13:23:48,520 INFO [135_Faure_Sicilienne_B9-25_page_0]        SystemManager.java:779  | 1 part along 5 systems
2025-12-26 13:23:48,521 INFO [135_Faure_Sicilienne_B9-25_page_0]                 Book.java:543  | Created scores: [{Score 1}]
2025-12-26 13:23:48,521 INFO [135_Faure_Sicilienne_B9-25_page_0]       StepMonitoring.java:98   | HEADERS
2025-12-26 13:23:48,866 INFO []      BasicClassifier.java:286  | Classifier loaded XML norms.
2025-12-26 13:23:48,870 INFO []   AbstractClassifier.java:396  | Classifier data loaded from default uri jar:file:/C:/Users/Elliot/Downloads/Audiveris/app/audiveris.jar!/res/basic-classifier.zip
2025-12-26 13:23:49,576 INFO [135_Faure_Sicilienne_B9-25_page_0]       StepMonitoring.java:98   | STEM_SEEDS
2025-12-26 13:23:49,614 INFO [135_Faure_Sicilienne_B9-25_page_0]        StemSeedsStep.java:86   | stem(2 max:3)
2025-12-26 13:23:49,662 INFO [135_Faure_Sicilienne_B9-25_page_0]       StepMonitoring.java:98   | BEAMS
2025-12-26 13:23:50,728 INFO [135_Faure_Sicilienne_B9-25_page_0]       StepMonitoring.java:98   | LEDGERS
2025-12-26 13:23:50,932 INFO [135_Faure_Sicilienne_B9-25_page_0]       StepMonitoring.java:98   | HEADS
2025-12-26 13:23:52,873 INFO [135_Faure_Sicilienne_B9-25_page_0]        HeadSeedTally.java:235  | Scale information: HeadSeeds{NOTEHEAD_BLACK[L:-0.3,R:0.5]}
2025-12-26 13:23:52,875 INFO [135_Faure_Sicilienne_B9-25_page_0]       StepMonitoring.java:98   | STEMS
2025-12-26 13:23:53,640 INFO [135_Faure_Sicilienne_B9-25_page_0]       StepMonitoring.java:98   | REDUCTION
2025-12-26 13:23:53,797 INFO [135_Faure_Sicilienne_B9-25_page_0]        ReductionStep.java:105  | Stems free length median value: 45 pixels, 3.5 interlines
2025-12-26 13:23:53,803 INFO [135_Faure_Sicilienne_B9-25_page_0]       StepMonitoring.java:98   | CUE_BEAMS
2025-12-26 13:23:53,804 INFO [135_Faure_Sicilienne_B9-25_page_0]         CueBeamsStep.java:81   | Step CUE_BEAMS is skipped because small heads switch is off
2025-12-26 13:23:53,804 INFO [135_Faure_Sicilienne_B9-25_page_0]       StepMonitoring.java:98   | TEXTS
2025-12-26 13:23:53,895 WARN [135_Faure_Sicilienne_B9-25_page_0]         TesseractOCR.java:335  | The collection of supported languages is empty
2025-12-26 13:23:53,896 INFO [135_Faure_Sicilienne_B9-25_page_0]              OcrUtil.java:106  | Missing support for 'eng' language(s)
2025-12-26 13:23:53,907 INFO [135_Faure_Sicilienne_B9-25_page_0]       StepMonitoring.java:98   | MEASURES
2025-12-26 13:23:53,925 INFO [135_Faure_Sicilienne_B9-25_page_0]                 Page.java:307  | 17 raw measures: [3 in system#1, 4 in system#2, 4 in system#3, 3 in system#4, 3 in system#5]
2025-12-26 13:23:53,926 INFO [135_Faure_Sicilienne_B9-25_page_0]       StepMonitoring.java:98   | CHORDS
2025-12-26 13:23:53,948 INFO [135_Faure_Sicilienne_B9-25_page_0]       StepMonitoring.java:98   | CURVES
2025-12-26 13:23:54,519 INFO [135_Faure_Sicilienne_B9-25_page_0]         SlursBuilder.java:240  | Slurs: 26
2025-12-26 13:23:54,562 INFO [135_Faure_Sicilienne_B9-25_page_0]      SegmentsBuilder.java:155  | Segments: 8
2025-12-26 13:23:54,570 INFO [135_Faure_Sicilienne_B9-25_page_0]       StepMonitoring.java:98   | SYMBOLS
2025-12-26 13:23:55,095 INFO [135_Faure_Sicilienne_B9-25_page_0]       StepMonitoring.java:98   | LINKS
2025-12-26 13:23:55,162 INFO [135_Faure_Sicilienne_B9-25_page_0]       StepMonitoring.java:98   | RHYTHMS
2025-12-26 13:23:55,223 INFO [135_Faure_Sicilienne_B9-25_page_0]        MeasureRhythm.java:1045 | Measure{#5} No timeOffset for HeadChordInter#4853{(0.953/0.953) staff:4 slot#5 dur:1/4}
2025-12-26 13:23:55,223 INFO [135_Faure_Sicilienne_B9-25_page_0]   AbstractChordInter.java:627  | Measure{#5} No timeOffset for HeadChordInter#4853{(0.953/0.953) staff:4 slot#5 dur:1/4}
2025-12-26 13:23:55,225 INFO [135_Faure_Sicilienne_B9-25_page_0]   AbstractChordInter.java:627  | Measure{#5} No timeOffset for HeadChordInter#4853{(0.953/0.953) staff:4 slot#5 dur:1/4}
2025-12-26 13:23:55,225 INFO [135_Faure_Sicilienne_B9-25_page_0]   AbstractChordInter.java:627  | Measure{#5} No timeOffset for HeadChordInter#4853{(0.953/0.953) staff:4 slot#5 dur:1/4}
2025-12-26 13:23:55,226 INFO [135_Faure_Sicilienne_B9-25_page_0]                Voice.java:257  | Measure{#5} Voice{#5 excess:1/16} too long
2025-12-26 13:23:55,226 INFO [135_Faure_Sicilienne_B9-25_page_0]          StackRhythm.java:224  | S2 MeasureStack#5 no correct rhythm
2025-12-26 13:23:55,233 INFO [135_Faure_Sicilienne_B9-25_page_0]        MeasureRhythm.java:1277 | Measure{#7} Time inconsistency in {3/16=[HeadChordInter#4836{(0.942/0.942) staff:3 slot#4 off:3/16 dur:1/16}], 5/16=[HeadChordInter#4867{(0.952/0.952) staff:4 slot#4 off:5/16 dur:1/8}]}
2025-12-26 13:23:55,244 INFO [135_Faure_Sicilienne_B9-25_page_0]                Voice.java:257  | Measure{#9} Voice{#1 excess:1/16} too long
2025-12-26 13:23:55,245 INFO [135_Faure_Sicilienne_B9-25_page_0]                Voice.java:257  | Measure{#9} Voice{#2 excess:1/16} too long
2025-12-26 13:23:55,245 INFO [135_Faure_Sicilienne_B9-25_page_0]          StackRhythm.java:224  | S3 MeasureStack#9 no correct rhythm
2025-12-26 13:23:55,299 INFO [135_Faure_Sicilienne_B9-25_page_0]       StepMonitoring.java:98   | PAGE
2025-12-26 13:23:55,305 INFO [135_Faure_Sicilienne_B9-25_page_0]                Voice.java:257  | Measure{#5} Voice{#5 excess:1/16} too long
2025-12-26 13:23:55,306 INFO [135_Faure_Sicilienne_B9-25_page_0]                Voice.java:257  | Measure{#9} Voice{#1 excess:1/16} too long
2025-12-26 13:23:55,306 INFO [135_Faure_Sicilienne_B9-25_page_0]                Voice.java:257  | Measure{#9} Voice{#2 excess:1/16} too long
2025-12-26 13:23:55,310 INFO [135_Faure_Sicilienne_B9-25_page_0]                 Book.java:2596 | Book{135_Faure_Sicilienne_B9-25_page_0} storing
2025-12-26 13:23:55,350 INFO [135_Faure_Sicilienne_B9-25_page_0]                 Book.java:2577 | Stored /book.xml
2025-12-26 13:23:55,430 INFO [135_Faure_Sicilienne_B9-25_page_0]           DataHolder.java:348  | Stored /sheet#1/BINARY.png
2025-12-26 13:23:56,170 INFO [135_Faure_Sicilienne_B9-25_page_0]                Sheet.java:1583 | Stored /sheet#1/sheet#1.xml
2025-12-26 13:23:56,170 INFO [135_Faure_Sicilienne_B9-25_page_0]                 Book.java:2537 | Book stored as C:\Users\Elliot\Downloads\Audiveris\scores\135_Faure_Sicilienne_B9-25_page_0.omr
2025-12-26 13:23:56,176 INFO [135_Faure_Sicilienne_B9-25_page_0]            SheetStub.java:1660 | Disposed sheet
2025-12-26 13:23:56,208 INFO [135_Faure_Sicilienne_B9-25_page_0]                 Book.java:2064 | End of Stub#1
2025-12-26 13:23:56,209 INFO [135_Faure_Sicilienne_B9-25_page_0]                 Book.java:2071 | Book processed.
2025-12-26 13:23:56,569 INFO [135_Faure_Sicilienne_B9-25_page_0]            SheetStub.java:997  | Loaded /sheet#1/sheet#1.xml
2025-12-26 13:23:56,959 INFO [135_Faure_Sicilienne_B9-25_page_0]      PartwiseBuilder.java:2688 | Exporting sheet(s): [#1]
2025-12-26 13:23:57,074 INFO [135_Faure_Sicilienne_B9-25_page_0]        ScoreExporter.java:164  | Score 135_Faure_Sicilienne_B9-25_page_0 exported to C:\Users\Elliot\Downloads\Audiveris\scores\135_Faure_Sicilienne_B9-25_page_0.mxl
2025-12-26 13:23:57,125 INFO [135_Faure_Sicilienne_B9-25_page_0]                Score.java:181  | Closing {Score 1}
