2025-12-26 13:24:26,649 INFO [138_Ravel_Sonatine_Mov1_B1-12_page_0]                 Book.java:560  | 1 sheet in C:\Users\Elliot\Downloads\Audiveris\scores\138_Ravel_Sonatine_Mov1_B1-12_page_0.jpg
2025-12-26 13:24:26,803 INFO []                 Book.java:2577 | Stored /book.xml
2025-12-26 13:24:26,804 INFO []                 Book.java:2537 | Book stored as C:\Users\Elliot\Downloads\Audiveris\scores\138_Ravel_Sonatine_Mov1_B1-12_page_0.omr
2025-12-26 13:24:26,810 INFO []                 Book.java:1929 | Book reaching PAGE on sheets:[#1]
2025-12-26 13:24:26,817 INFO [138_Ravel_Sonatine_Mov1_B1-12_page_0]       StepMonitoring.java:98   | LOAD
2025-12-26 13:24:26,908 INFO [138_Ravel_Sonatine_Mov1_B1-12_page_0]            SheetStub.java:1273 | Loaded image #1 1653x2339 from C:\Users\Elliot\Downloads\Audiveris\scores\138_Ravel_Sonatine_Mov1_B1-12_page_0.jpg
2025-12-26 13:24:26,912 INFO [138_Ravel_Sonatine_Mov1_B1-12_page_0]            ImageUtil.java:124  | Converting max RGB to gray
2025-12-26 13:24:27,016 INFO [138_Ravel_Sonatine_Mov1_B1-12_page_0]       StepMonitoring.java:98   | BINARY
2025-12-26 13:24:27,233 INFO [138_Ravel_Sonatine_Mov1_B1-12_page_0]       StepMonitoring.java:98   | SCALE
2025-12-26 13:24:27,252 INFO [138_Ravel_Sonatine_Mov1_B1-12_page_0]         ScaleBuilder.java:241  | Beam  guessed height:  4 -- 0.50 of 9 interline
2025-12-26 13:24:27,254 INFO [138_Ravel_Sonatine_Mov1_B1-12_page_0]         ScaleBuilder.java:264  | Beam measured height:  6 -- 0.50 of [3..9] range at 1117% of needed quorum
2025-12-26 13:24:27,255 INFO [138_Ravel_Sonatine_Mov1_B1-12_page_0]            ScaleStep.java:65   | Scale{ interline(11,11,12) line(1,1,3) beam(6)}
2025-12-26 13:24:27,256 INFO [138_Ravel_Sonatine_Mov1_B1-12_page_0]       StepMonitoring.java:98   | GRID
2025-12-26 13:24:27,851 INFO [138_Ravel_Sonatine_Mov1_B1-12_page_0]       LinesRetriever.java:1500 | Global slope: 0.00000
2025-12-26 13:24:27,915 INFO [138_Ravel_Sonatine_Mov1_B1-12_page_0]    ClustersRetriever.java:326  | Retrieved raw line clusters: 8 of sizes [5] with interline(11,11,12)
2025-12-26 13:24:28,047 INFO [138_Ravel_Sonatine_Mov1_B1-12_page_0]            PeakGraph.java:310  | Systems: #1[1, 2] #2[3, 4] #3[5, 6] #4[7, 8]
2025-12-26 13:24:28,310 INFO [138_Ravel_Sonatine_Mov1_B1-12_page_0]        SystemManager.java:134  | Indentation detected for system #1
2025-12-26 13:24:28,311 INFO [138_Ravel_Sonatine_Mov1_B1-12_page_0]        SystemManager.java:779  | 1 part along 4 systems
2025-12-26 13:24:28,312 INFO [138_Ravel_Sonatine_Mov1_B1-12_page_0]                 Book.java:543  | Created scores: [{Score 1}]
2025-12-26 13:24:28,313 INFO [138_Ravel_Sonatine_Mov1_B1-12_page_0]       StepMonitoring.java:98   | HEADERS
2025-12-26 13:24:28,666 INFO [138_Ravel_Sonatine_Mov1_B1-12_page_0]      BasicClassifier.java:286  | Classifier loaded XML norms.
2025-12-26 13:24:28,671 INFO [138_Ravel_Sonatine_Mov1_B1-12_page_0]   AbstractClassifier.java:396  | Classifier data loaded from default uri jar:file:/C:/Users/Elliot/Downloads/Audiveris/app/audiveris.jar!/res/basic-classifier.zip
2025-12-26 13:24:29,389 INFO [138_Ravel_Sonatine_Mov1_B1-12_page_0]       StepMonitoring.java:98   | STEM_SEEDS
2025-12-26 13:24:29,426 INFO [138_Ravel_Sonatine_Mov1_B1-12_page_0]        StemSeedsStep.java:86   | stem(1 max:3)
2025-12-26 13:24:29,476 INFO [138_Ravel_Sonatine_Mov1_B1-12_page_0]       StepMonitoring.java:98   | BEAMS
2025-12-26 13:24:30,395 INFO [138_Ravel_Sonatine_Mov1_B1-12_page_0]       StepMonitoring.java:98   | LEDGERS
2025-12-26 13:24:30,615 INFO [138_Ravel_Sonatine_Mov1_B1-12_page_0]       StepMonitoring.java:98   | HEADS
2025-12-26 13:24:32,186 INFO [138_Ravel_Sonatine_Mov1_B1-12_page_0]        HeadSeedTally.java:235  | Scale information: HeadSeeds{NOTEHEAD_BLACK[L:0.2,R:0.5]}
2025-12-26 13:24:32,187 INFO [138_Ravel_Sonatine_Mov1_B1-12_page_0]       StepMonitoring.java:98   | STEMS
2025-12-26 13:24:33,364 INFO [138_Ravel_Sonatine_Mov1_B1-12_page_0]       StepMonitoring.java:98   | REDUCTION
2025-12-26 13:24:33,578 INFO [138_Ravel_Sonatine_Mov1_B1-12_page_0]        ReductionStep.java:105  | Stems free length median value: 34 pixels, 3.1 interlines
2025-12-26 13:24:33,585 INFO [138_Ravel_Sonatine_Mov1_B1-12_page_0]       StepMonitoring.java:98   | CUE_BEAMS
2025-12-26 13:24:33,586 INFO [138_Ravel_Sonatine_Mov1_B1-12_page_0]         CueBeamsStep.java:81   | Step CUE_BEAMS is skipped because small heads switch is off
2025-12-26 13:24:33,587 INFO [138_Ravel_Sonatine_Mov1_B1-12_page_0]       StepMonitoring.java:98   | TEXTS
2025-12-26 13:24:33,667 WARN [138_Ravel_Sonatine_Mov1_B1-12_page_0]         TesseractOCR.java:335  | The collection of supported languages is empty
2025-12-26 13:24:33,667 INFO [138_Ravel_Sonatine_Mov1_B1-12_page_0]              OcrUtil.java:106  | Missing support for 'eng' language(s)
2025-12-26 13:24:33,676 INFO [138_Ravel_Sonatine_Mov1_B1-12_page_0]       StepMonitoring.java:98   | MEASURES
2025-12-26 13:24:33,686 INFO [138_Ravel_Sonatine_Mov1_B1-12_page_0]                 Page.java:307  | 12 raw measures: [2 in system#1, 3 in system#2, 3 in system#3, 4 in system#4]
2025-12-26 13:24:33,686 INFO [138_Ravel_Sonatine_Mov1_B1-12_page_0]       StepMonitoring.java:98   | CHORDS
2025-12-26 13:24:33,710 INFO [138_Ravel_Sonatine_Mov1_B1-12_page_0]       StepMonitoring.java:98   | CURVES
2025-12-26 13:24:34,364 INFO [138_Ravel_Sonatine_Mov1_B1-12_page_0]         SlursBuilder.java:240  | Slurs: 27
2025-12-26 13:24:34,400 INFO [138_Ravel_Sonatine_Mov1_B1-12_page_0]      SegmentsBuilder.java:155  | Segments: 16
2025-12-26 13:24:34,407 INFO [138_Ravel_Sonatine_Mov1_B1-12_page_0]       StepMonitoring.java:98   | SYMBOLS
2025-12-26 13:24:34,947 INFO [138_Ravel_Sonatine_Mov1_B1-12_page_0]       StepMonitoring.java:98   | LINKS
2025-12-26 13:24:35,053 INFO [138_Ravel_Sonatine_Mov1_B1-12_page_0]       StepMonitoring.java:98   | RHYTHMS
2025-12-26 13:24:35,098 INFO [138_Ravel_Sonatine_Mov1_B1-12_page_0]        MeasureRhythm.java:1277 | Measure{#1} Time inconsistency in {5/16=[HeadChordInter#6592{(0.950/0.950) staff:1 slot#8 off:5/16 dur:1/32}], 3/8=[RestChordInter#7437{(0.799/0.799) staff:2 slot#8 off:3/8 dur:1/16}]}
2025-12-26 13:24:35,099 INFO [138_Ravel_Sonatine_Mov1_B1-12_page_0]        MeasureRhythm.java:1277 | Measure{#1} Time inconsistency in {3/8=[RestChordInter#7438{(0.739/0.739) staff:1 slot#10 off:3/8 dur:1/32}], 7/16=[HeadChordInter#6617{(0.932/0.932) staff:2 slot#10 off:7/16 dur:1/8}]}
2025-12-26 13:24:35,100 INFO [138_Ravel_Sonatine_Mov1_B1-12_page_0]                Voice.java:257  | Measure{#1} Voice{#5 excess:1/16} too long
2025-12-26 13:24:35,101 INFO [138_Ravel_Sonatine_Mov1_B1-12_page_0]          StackRhythm.java:224  | S1 MeasureStack#1 no correct rhythm
2025-12-26 13:24:35,109 INFO [138_Ravel_Sonatine_Mov1_B1-12_page_0]        MeasureRhythm.java:1277 | Measure{#2} Time inconsistency in {3/16=[HeadChordInter#6603{(0.956/0.956) staff:1 slot#7 off:3/16 dur:1/16}, RestChordInter#7444{(0.798/0.798) staff:2 slot#7 off:3/16 dur:1/16}, HeadChordInter#6622{(0.954/0.954) staff:2 slot#7 off:3/16 dur:1/16}], 7/32=[RestChordInter#7443{(0.739/0.739) staff:1 slot#7 off:7/32 dur:1/32}]}
2025-12-26 13:24:35,110 INFO [138_Ravel_Sonatine_Mov1_B1-12_page_0]        MeasureRhythm.java:1277 | Measure{#2} Time inconsistency in {5/16=[HeadChordInter#6607{(0.958/0.958) staff:1 slot#11 off:5/16 dur:1/32}], 3/8=[RestChordInter#7446{(0.799/0.799) staff:2 slot#11 off:3/8 dur:1/16}]}
2025-12-26 13:24:35,111 INFO [138_Ravel_Sonatine_Mov1_B1-12_page_0]        MeasureRhythm.java:1277 | Measure{#2} Time inconsistency in {3/8=[HeadChordInter#6609{(0.940/0.940) staff:1 slot#13 off:3/8 dur:1/16}, RestChordInter#7447{(0.745/0.745) staff:1 slot#13 off:3/8 dur:1/32}, HeadChordInter#6625{(0.941/0.941) staff:2 slot#13 off:3/8 dur:1/16}], 7/16=[HeadChordInter#6626{(0.940/0.940) staff:2 slot#13 off:7/16 dur:1/16}]}
2025-12-26 13:24:35,111 INFO [138_Ravel_Sonatine_Mov1_B1-12_page_0]        MeasureRhythm.java:1277 | Measure{#2} Time inconsistency in {7/16=[HeadChordInter#6611{(0.945/0.945) staff:1 slot#15 off:7/16 dur:1/16}, HeadChordInter#6627{(0.954/0.954) staff:2 slot#15 off:7/16 dur:1/16}], 17/32=[RestChordInter#7448{(0.753/0.753) staff:1 slot#15 off:17/32 dur:1/32}]}
2025-12-26 13:24:35,112 INFO [138_Ravel_Sonatine_Mov1_B1-12_page_0]                Voice.java:257  | Measure{#2} Voice{#3 excess:3/16} too long
2025-12-26 13:24:35,112 INFO [138_Ravel_Sonatine_Mov1_B1-12_page_0]          StackRhythm.java:224  | S1 MeasureStack#2 no correct rhythm
2025-12-26 13:24:35,140 INFO [138_Ravel_Sonatine_Mov1_B1-12_page_0]        MeasureRhythm.java:1277 | Measure{#3} Time inconsistency in {3/8=[HeadChordInter#6639{(0.938/0.938) staff:3 slot#14 off:3/8 dur:1/8}, HeadChordInter#6680{(0.949/0.949) staff:4 slot#14 off:3/8 dur:1/16}, HeadChordInter#6681{(0.953/0.953) staff:4 slot#14 off:3/8 dur:1/8}], 15/32=[RestChordInter#7500{(0.742/0.742) staff:3 slot#14 off:15/32 dur:1/32}]}
2025-12-26 13:24:35,142 INFO [138_Ravel_Sonatine_Mov1_B1-12_page_0]                Voice.java:257  | Measure{#3} Voice{#2 excess:3/32} too long
2025-12-26 13:24:35,142 INFO [138_Ravel_Sonatine_Mov1_B1-12_page_0]                Voice.java:257  | Measure{#3} Voice{#7 excess:3/32} too long
2025-12-26 13:24:35,143 INFO [138_Ravel_Sonatine_Mov1_B1-12_page_0]          StackRhythm.java:224  | S2 MeasureStack#3 no correct rhythm
2025-12-26 13:24:35,153 INFO [138_Ravel_Sonatine_Mov1_B1-12_page_0]        MeasureRhythm.java:1277 | Measure{#4} Time inconsistency in {7/16=[HeadChordInter#6656{(0.945/0.945) staff:3 slot#15 off:7/16 dur:1/16}, HeadChordInter#6689{(0.953/0.953) staff:4 slot#15 off:7/16 dur:1/16}], 15/32=[RestChordInter#7509{(0.743/0.743) staff:3 slot#15 off:15/32 dur:1/32}]}
2025-12-26 13:24:35,154 INFO [138_Ravel_Sonatine_Mov1_B1-12_page_0]                Voice.java:257  | Measure{#4} Voice{#2 excess:1/16} too long
2025-12-26 13:24:35,154 INFO [138_Ravel_Sonatine_Mov1_B1-12_page_0]          StackRhythm.java:224  | S2 MeasureStack#4 no correct rhythm
2025-12-26 13:24:35,165 INFO [138_Ravel_Sonatine_Mov1_B1-12_page_0]        MeasureRhythm.java:1277 | Measure{#5} Time inconsistency in {3/16=[HeadChordInter#6664{(0.939/0.939) staff:3 slot#7 off:3/16 dur:1/16}, HeadChordInter#6694{(0.956/0.956) staff:4 slot#7 off:3/16 dur:1/16}], 9/32=[RestChordInter#7514{(0.734/0.734) staff:3 slot#7 off:9/32 dur:1/32}]}
2025-12-26 13:24:35,167 INFO [138_Ravel_Sonatine_Mov1_B1-12_page_0]        MeasureRhythm.java:1277 | Measure{#5} Time inconsistency in {1/2=[HeadChordInter#6668{(0.957/0.957) staff:3 slot#11 off:1/2 dur:1/32}], 9/16=[RestChordInter#7517{(0.799/0.799) staff:4 slot#11 off:9/16 dur:1/16}]}
2025-12-26 13:24:35,168 INFO [138_Ravel_Sonatine_Mov1_B1-12_page_0]        MeasureRhythm.java:1277 | Measure{#5} Time inconsistency in {1/2=[HeadChordInter#6697{(0.958/0.958) staff:4 slot#13 off:1/2 dur:1/16}], 9/16=[HeadChordInter#6670{(0.942/0.942) staff:3 slot#13 off:9/16 dur:1/8}, RestChordInter#7518{(0.745/0.745) staff:3 slot#13 off:9/16 dur:1/32}], 5/8=[HeadChordInter#6698{(0.948/0.948) staff:4 slot#13 off:5/8 dur:1/8}]}
2025-12-26 13:24:35,168 INFO [138_Ravel_Sonatine_Mov1_B1-12_page_0]                Voice.java:257  | Measure{#5} Voice{#2 excess:3/16} too long
2025-12-26 13:24:35,169 INFO [138_Ravel_Sonatine_Mov1_B1-12_page_0]                Voice.java:257  | Measure{#5} Voice{#3 excess:3/16} too long
2025-12-26 13:24:35,169 INFO [138_Ravel_Sonatine_Mov1_B1-12_page_0]                Voice.java:257  | Measure{#5} Voice{#7 excess:1/16} too long
2025-12-26 13:24:35,170 INFO [138_Ravel_Sonatine_Mov1_B1-12_page_0]                Voice.java:257  | Measure{#5} Voice{#8 excess:1/4} too long
2025-12-26 13:24:35,170 INFO [138_Ravel_Sonatine_Mov1_B1-12_page_0]                Voice.java:257  | Measure{#5} Voice{#9 excess:3/16} too long
2025-12-26 13:24:35,170 INFO [138_Ravel_Sonatine_Mov1_B1-12_page_0]          StackRhythm.java:224  | S2 MeasureStack#5 no correct rhythm
2025-12-26 13:24:35,204 INFO [138_Ravel_Sonatine_Mov1_B1-12_page_0]                Voice.java:257  | Measure{#10} Voice{#6 excess:1/4} too long
2025-12-26 13:24:35,205 INFO [138_Ravel_Sonatine_Mov1_B1-12_page_0]          StackRhythm.java:224  | S4 MeasureStack#10 no correct rhythm
2025-12-26 13:24:35,214 INFO [138_Ravel_Sonatine_Mov1_B1-12_page_0]       StepMonitoring.java:98   | PAGE
2025-12-26 13:24:35,221 INFO [138_Ravel_Sonatine_Mov1_B1-12_page_0]                Voice.java:257  | Measure{#1} Voice{#5 excess:1/16} too long
2025-12-26 13:24:35,222 INFO [138_Ravel_Sonatine_Mov1_B1-12_page_0]                Voice.java:257  | Measure{#2} Voice{#3 excess:3/16} too long
2025-12-26 13:24:35,222 INFO [138_Ravel_Sonatine_Mov1_B1-12_page_0]                Voice.java:257  | Measure{#3} Voice{#2 excess:3/32} too long
2025-12-26 13:24:35,222 INFO [138_Ravel_Sonatine_Mov1_B1-12_page_0]                Voice.java:257  | Measure{#3} Voice{#7 excess:3/32} too long
2025-12-26 13:24:35,223 INFO [138_Ravel_Sonatine_Mov1_B1-12_page_0]                Voice.java:257  | Measure{#4} Voice{#2 excess:1/16} too long
2025-12-26 13:24:35,223 INFO [138_Ravel_Sonatine_Mov1_B1-12_page_0]                Voice.java:257  | Measure{#5} Voice{#2 excess:3/16} too long
2025-12-26 13:24:35,223 INFO [138_Ravel_Sonatine_Mov1_B1-12_page_0]                Voice.java:257  | Measure{#5} Voice{#3 excess:3/16} too long
2025-12-26 13:24:35,224 INFO [138_Ravel_Sonatine_Mov1_B1-12_page_0]                Voice.java:257  | Measure{#5} Voice{#7 excess:1/16} too long
2025-12-26 13:24:35,224 INFO [138_Ravel_Sonatine_Mov1_B1-12_page_0]                Voice.java:257  | Measure{#5} Voice{#8 excess:1/4} too long
2025-12-26 13:24:35,224 INFO [138_Ravel_Sonatine_Mov1_B1-12_page_0]                Voice.java:257  | Measure{#5} Voice{#9 excess:3/16} too long
2025-12-26 13:24:35,225 INFO [138_Ravel_Sonatine_Mov1_B1-12_page_0]                Voice.java:257  | Measure{#10} Voice{#6 excess:1/4} too long
2025-12-26 13:24:35,230 INFO [138_Ravel_Sonatine_Mov1_B1-12_page_0]                 Book.java:2596 | Book{138_Ravel_Sonatine_Mov1_B1-12_page_0} storing
2025-12-26 13:24:35,283 INFO [138_Ravel_Sonatine_Mov1_B1-12_page_0]                 Book.java:2577 | Stored /book.xml
2025-12-26 13:24:35,363 INFO [138_Ravel_Sonatine_Mov1_B1-12_page_0]           DataHolder.java:348  | Stored /sheet#1/BINARY.png
2025-12-26 13:24:36,237 INFO [138_Ravel_Sonatine_Mov1_B1-12_page_0]                Sheet.java:1583 | Stored /sheet#1/sheet#1.xml
2025-12-26 13:24:36,237 INFO [138_Ravel_Sonatine_Mov1_B1-12_page_0]                 Book.java:2537 | Book stored as C:\Users\Elliot\Downloads\Audiveris\scores\138_Ravel_Sonatine_Mov1_B1-12_page_0.omr
2025-12-26 13:24:36,240 INFO [138_Ravel_Sonatine_Mov1_B1-12_page_0]            SheetStub.java:1660 | Disposed sheet
2025-12-26 13:24:36,273 INFO [138_Ravel_Sonatine_Mov1_B1-12_page_0]                 Book.java:2064 | End of Stub#1
2025-12-26 13:24:36,275 INFO [138_Ravel_Sonatine_Mov1_B1-12_page_0]                 Book.java:2071 | Book processed.
2025-12-26 13:24:36,723 INFO [138_Ravel_Sonatine_Mov1_B1-12_page_0]            SheetStub.java:997  | Loaded /sheet#1/sheet#1.xml
2025-12-26 13:24:37,234 INFO [138_Ravel_Sonatine_Mov1_B1-12_page_0]      PartwiseBuilder.java:2688 | Exporting sheet(s): [#1]
2025-12-26 13:24:37,387 INFO [138_Ravel_Sonatine_Mov1_B1-12_page_0]        ScoreExporter.java:164  | Score 138_Ravel_Sonatine_Mov1_B1-12_page_0 exported to C:\Users\Elliot\Downloads\Audiveris\scores\138_Ravel_Sonatine_Mov1_B1-12_page_0.mxl
2025-12-26 13:24:37,435 INFO [138_Ravel_Sonatine_Mov1_B1-12_page_0]                Score.java:181  | Closing {Score 1}
