2025-12-26 13:25:03,517 INFO [140_Scarlatti_Sonata_A_K208_B1-8_page_0]                 Book.java:560  | 1 sheet in C:\Users\Elliot\Downloads\Audiveris\scores\140_Scarlatti_Sonata_A_K208_B1-8_page_0.jpg
2025-12-26 13:25:03,639 INFO []                 Book.java:2577 | Stored /book.xml
2025-12-26 13:25:03,640 INFO []                 Book.java:2537 | Book stored as C:\Users\Elliot\Downloads\Audiveris\scores\140_Scarlatti_Sonata_A_K208_B1-8_page_0.omr
2025-12-26 13:25:03,646 INFO []                 Book.java:1929 | Book reaching PAGE on sheets:[#1]
2025-12-26 13:25:03,652 INFO [140_Scarlatti_Sonata_A_K208_B1-8_page_0]       StepMonitoring.java:98   | LOAD
2025-12-26 13:25:03,744 INFO [140_Scarlatti_Sonata_A_K208_B1-8_page_0]            SheetStub.java:1273 | Loaded image #1 1653x2339 from C:\Users\Elliot\Downloads\Audiveris\scores\140_Scarlatti_Sonata_A_K208_B1-8_page_0.jpg
2025-12-26 13:25:03,747 INFO [140_Scarlatti_Sonata_A_K208_B1-8_page_0]            ImageUtil.java:124  | Converting max RGB to gray
2025-12-26 13:25:03,863 INFO [140_Scarlatti_Sonata_A_K208_B1-8_page_0]       StepMonitoring.java:98   | BINARY
2025-12-26 13:25:04,061 INFO [140_Scarlatti_Sonata_A_K208_B1-8_page_0]       StepMonitoring.java:98   | SCALE
2025-12-26 13:25:04,076 INFO [140_Scarlatti_Sonata_A_K208_B1-8_page_0]         ScaleBuilder.java:241  | Beam  guessed height:  6 -- 0.50 of 12 interline
2025-12-26 13:25:04,077 INFO [140_Scarlatti_Sonata_A_K208_B1-8_page_0]         ScaleBuilder.java:264  | Beam measured height:  8 -- 0.50 of [4..12] range at 279% of needed quorum
2025-12-26 13:25:04,078 INFO [140_Scarlatti_Sonata_A_K208_B1-8_page_0]            ScaleStep.java:65   | Scale{ interline(13,14,14) line(1,1,3) beam(8)}
2025-12-26 13:25:04,079 INFO [140_Scarlatti_Sonata_A_K208_B1-8_page_0]       StepMonitoring.java:98   | GRID
2025-12-26 13:25:04,325 INFO [140_Scarlatti_Sonata_A_K208_B1-8_page_0]       LinesRetriever.java:1500 | Global slope: 0.00000
2025-12-26 13:25:04,365 INFO [140_Scarlatti_Sonata_A_K208_B1-8_page_0]    ClustersRetriever.java:326  | Retrieved raw line clusters: 4 of sizes [5] with interline(13,14,14)
2025-12-26 13:25:04,437 INFO [140_Scarlatti_Sonata_A_K208_B1-8_page_0]            PeakGraph.java:310  | Systems: #1[1, 2] #2[3, 4]
2025-12-26 13:25:04,642 INFO [140_Scarlatti_Sonata_A_K208_B1-8_page_0]        SystemManager.java:779  | 1 part along 2 systems
2025-12-26 13:25:04,644 INFO [140_Scarlatti_Sonata_A_K208_B1-8_page_0]                 Book.java:543  | Created scores: [{Score 1}]
2025-12-26 13:25:04,644 INFO [140_Scarlatti_Sonata_A_K208_B1-8_page_0]       StepMonitoring.java:98   | HEADERS
2025-12-26 13:25:04,957 INFO [140_Scarlatti_Sonata_A_K208_B1-8_page_0]      BasicClassifier.java:286  | Classifier loaded XML norms.
2025-12-26 13:25:04,961 INFO [140_Scarlatti_Sonata_A_K208_B1-8_page_0]   AbstractClassifier.java:396  | Classifier data loaded from default uri jar:file:/C:/Users/Elliot/Downloads/Audiveris/app/audiveris.jar!/res/basic-classifier.zip
2025-12-26 13:25:05,568 INFO [140_Scarlatti_Sonata_A_K208_B1-8_page_0]       StepMonitoring.java:98   | STEM_SEEDS
2025-12-26 13:25:05,610 INFO [140_Scarlatti_Sonata_A_K208_B1-8_page_0]        StemSeedsStep.java:86   | stem(2 max:2)
2025-12-26 13:25:05,672 INFO [140_Scarlatti_Sonata_A_K208_B1-8_page_0]       StepMonitoring.java:98   | BEAMS
2025-12-26 13:25:06,812 INFO [140_Scarlatti_Sonata_A_K208_B1-8_page_0]       StepMonitoring.java:98   | LEDGERS
2025-12-26 13:25:07,065 INFO [140_Scarlatti_Sonata_A_K208_B1-8_page_0]       StepMonitoring.java:98   | HEADS
2025-12-26 13:25:08,516 INFO [140_Scarlatti_Sonata_A_K208_B1-8_page_0]        HeadSeedTally.java:235  | Scale information: HeadSeeds{NOTEHEAD_BLACK[L:0.2,R:0.5]}
2025-12-26 13:25:08,517 INFO [140_Scarlatti_Sonata_A_K208_B1-8_page_0]       StepMonitoring.java:98   | STEMS
2025-12-26 13:25:09,020 INFO [140_Scarlatti_Sonata_A_K208_B1-8_page_0]       StepMonitoring.java:98   | REDUCTION
2025-12-26 13:25:09,177 INFO [140_Scarlatti_Sonata_A_K208_B1-8_page_0]        ReductionStep.java:105  | Stems free length median value: 48 pixels, 3.4 interlines
2025-12-26 13:25:09,182 INFO [140_Scarlatti_Sonata_A_K208_B1-8_page_0]       StepMonitoring.java:98   | CUE_BEAMS
2025-12-26 13:25:09,182 INFO [140_Scarlatti_Sonata_A_K208_B1-8_page_0]         CueBeamsStep.java:81   | Step CUE_BEAMS is skipped because small heads switch is off
2025-12-26 13:25:09,183 INFO [140_Scarlatti_Sonata_A_K208_B1-8_page_0]       StepMonitoring.java:98   | TEXTS
2025-12-26 13:25:09,264 WARN [140_Scarlatti_Sonata_A_K208_B1-8_page_0]         TesseractOCR.java:335  | The collection of supported languages is empty
2025-12-26 13:25:09,264 INFO [140_Scarlatti_Sonata_A_K208_B1-8_page_0]              OcrUtil.java:106  | Missing support for 'eng' language(s)
2025-12-26 13:25:09,277 INFO [140_Scarlatti_Sonata_A_K208_B1-8_page_0]       StepMonitoring.java:98   | MEASURES
2025-12-26 13:25:09,296 INFO [140_Scarlatti_Sonata_A_K208_B1-8_page_0]                 Page.java:307  | 8 raw measures: [4 in system#1, 4 in system#2]
2025-12-26 13:25:09,298 INFO [140_Scarlatti_Sonata_A_K208_B1-8_page_0]       StepMonitoring.java:98   | CHORDS
2025-12-26 13:25:09,322 INFO [140_Scarlatti_Sonata_A_K208_B1-8_page_0]       StepMonitoring.java:98   | CURVES
2025-12-26 13:25:09,861 INFO [140_Scarlatti_Sonata_A_K208_B1-8_page_0]         SlursBuilder.java:240  | Slurs: 19
2025-12-26 13:25:09,873 INFO [140_Scarlatti_Sonata_A_K208_B1-8_page_0]      SegmentsBuilder.java:155  | Segments: 6
2025-12-26 13:25:09,883 INFO [140_Scarlatti_Sonata_A_K208_B1-8_page_0]       StepMonitoring.java:98   | SYMBOLS
2025-12-26 13:25:10,212 INFO [140_Scarlatti_Sonata_A_K208_B1-8_page_0]       StepMonitoring.java:98   | LINKS
2025-12-26 13:25:10,262 INFO [140_Scarlatti_Sonata_A_K208_B1-8_page_0]       StepMonitoring.java:98   | RHYTHMS
2025-12-26 13:25:10,321 INFO [140_Scarlatti_Sonata_A_K208_B1-8_page_0]       StepMonitoring.java:98   | PAGE
2025-12-26 13:25:10,330 INFO [140_Scarlatti_Sonata_A_K208_B1-8_page_0]                 Book.java:2596 | Book{140_Scarlatti_Sonata_A_K208_B1-8_page_0} storing
2025-12-26 13:25:10,369 INFO [140_Scarlatti_Sonata_A_K208_B1-8_page_0]                 Book.java:2577 | Stored /book.xml
2025-12-26 13:25:10,440 INFO [140_Scarlatti_Sonata_A_K208_B1-8_page_0]           DataHolder.java:348  | Stored /sheet#1/BINARY.png
2025-12-26 13:25:10,925 INFO [140_Scarlatti_Sonata_A_K208_B1-8_page_0]                Sheet.java:1583 | Stored /sheet#1/sheet#1.xml
2025-12-26 13:25:10,926 INFO [140_Scarlatti_Sonata_A_K208_B1-8_page_0]                 Book.java:2537 | Book stored as C:\Users\Elliot\Downloads\Audiveris\scores\140_Scarlatti_Sonata_A_K208_B1-8_page_0.omr
2025-12-26 13:25:10,929 INFO [140_Scarlatti_Sonata_A_K208_B1-8_page_0]            SheetStub.java:1660 | Disposed sheet
2025-12-26 13:25:10,957 INFO [140_Scarlatti_Sonata_A_K208_B1-8_page_0]                 Book.java:2064 | End of Stub#1
2025-12-26 13:25:10,958 INFO [140_Scarlatti_Sonata_A_K208_B1-8_page_0]                 Book.java:2071 | Book processed.
2025-12-26 13:25:11,180 INFO [140_Scarlatti_Sonata_A_K208_B1-8_page_0]            SheetStub.java:997  | Loaded /sheet#1/sheet#1.xml
2025-12-26 13:25:11,566 INFO [140_Scarlatti_Sonata_A_K208_B1-8_page_0]      PartwiseBuilder.java:2688 | Exporting sheet(s): [#1]
2025-12-26 13:25:11,663 INFO [140_Scarlatti_Sonata_A_K208_B1-8_page_0]        ScoreExporter.java:164  | Score 140_Scarlatti_Sonata_A_K208_B1-8_page_0 exported to C:\Users\Elliot\Downloads\Audiveris\scores\140_Scarlatti_Sonata_A_K208_B1-8_page_0.mxl
2025-12-26 13:25:11,705 INFO [140_Scarlatti_Sonata_A_K208_B1-8_page_0]                Score.java:181  | Closing {Score 1}
