2025-12-26 13:25:13,532 INFO [141_Saint-Saens_Bagetelle_Op3-4_B0-18_page_0]                 Book.java:560  | 1 sheet in C:\Users\Elliot\Downloads\Audiveris\scores\141_Saint-Saens_Bagetelle_Op3-4_B0-18_page_0.jpg
2025-12-26 13:25:13,679 INFO []                 Book.java:2577 | Stored /book.xml
2025-12-26 13:25:13,679 INFO []                 Book.java:2537 | Book stored as C:\Users\Elliot\Downloads\Audiveris\scores\141_Saint-Saens_Bagetelle_Op3-4_B0-18_page_0.omr
2025-12-26 13:25:13,684 INFO []                 Book.java:1929 | Book reaching PAGE on sheets:[#1]
2025-12-26 13:25:13,691 INFO [141_Saint-Saens_Bagetelle_Op3-4_B0-18_page_0]       StepMonitoring.java:98   | LOAD
2025-12-26 13:25:13,815 INFO [141_Saint-Saens_Bagetelle_Op3-4_B0-18_page_0]            SheetStub.java:1273 | Loaded image #1 1653x2339 from C:\Users\Elliot\Downloads\Audiveris\scores\141_Saint-Saens_Bagetelle_Op3-4_B0-18_page_0.jpg
2025-12-26 13:25:13,819 INFO [141_Saint-Saens_Bagetelle_Op3-4_B0-18_page_0]            ImageUtil.java:124  | Converting max RGB to gray
2025-12-26 13:25:13,932 INFO [141_Saint-Saens_Bagetelle_Op3-4_B0-18_page_0]       StepMonitoring.java:98   | BINARY
2025-12-26 13:25:14,177 INFO [141_Saint-Saens_Bagetelle_Op3-4_B0-18_page_0]       StepMonitoring.java:98   | SCALE
2025-12-26 13:25:14,200 INFO [141_Saint-Saens_Bagetelle_Op3-4_B0-18_page_0]         ScaleBuilder.java:241  | Beam  guessed height:  4 -- 0.50 of 9 interline
2025-12-26 13:25:14,202 INFO [141_Saint-Saens_Bagetelle_Op3-4_B0-18_page_0]         ScaleBuilder.java:264  | Beam measured height:  7 -- 0.67 of [3..9] range at 261% of needed quorum
2025-12-26 13:25:14,202 INFO [141_Saint-Saens_Bagetelle_Op3-4_B0-18_page_0]            ScaleStep.java:65   | Scale{ interline(11,11,12) line(1,1,3) beam(7)}
2025-12-26 13:25:14,203 INFO [141_Saint-Saens_Bagetelle_Op3-4_B0-18_page_0]       StepMonitoring.java:98   | GRID
2025-12-26 13:25:14,497 INFO [141_Saint-Saens_Bagetelle_Op3-4_B0-18_page_0]       LinesRetriever.java:1500 | Global slope: 0.00000
2025-12-26 13:25:14,550 INFO [141_Saint-Saens_Bagetelle_Op3-4_B0-18_page_0]    ClustersRetriever.java:326  | Retrieved raw line clusters: 6 of sizes [5] with interline(11,11,12)
2025-12-26 13:25:14,733 INFO [141_Saint-Saens_Bagetelle_Op3-4_B0-18_page_0]            PeakGraph.java:310  | Systems: #1[1, 2] #2[3, 4] #3[5, 6]
2025-12-26 13:25:14,946 INFO [141_Saint-Saens_Bagetelle_Op3-4_B0-18_page_0]        SystemManager.java:134  | Indentation detected for system #1
2025-12-26 13:25:14,948 INFO [141_Saint-Saens_Bagetelle_Op3-4_B0-18_page_0]        SystemManager.java:779  | 1 part along 3 systems
2025-12-26 13:25:14,949 INFO [141_Saint-Saens_Bagetelle_Op3-4_B0-18_page_0]                 Book.java:543  | Created scores: [{Score 1}]
2025-12-26 13:25:14,949 INFO [141_Saint-Saens_Bagetelle_Op3-4_B0-18_page_0]       StepMonitoring.java:98   | HEADERS
2025-12-26 13:25:15,247 INFO [141_Saint-Saens_Bagetelle_Op3-4_B0-18_page_0]      BasicClassifier.java:286  | Classifier loaded XML norms.
2025-12-26 13:25:15,250 INFO [141_Saint-Saens_Bagetelle_Op3-4_B0-18_page_0]   AbstractClassifier.java:396  | Classifier data loaded from default uri jar:file:/C:/Users/Elliot/Downloads/Audiveris/app/audiveris.jar!/res/basic-classifier.zip
2025-12-26 13:25:15,952 INFO [141_Saint-Saens_Bagetelle_Op3-4_B0-18_page_0]       StepMonitoring.java:98   | STEM_SEEDS
2025-12-26 13:25:15,986 INFO [141_Saint-Saens_Bagetelle_Op3-4_B0-18_page_0]        StemSeedsStep.java:86   | stem(1 max:2)
2025-12-26 13:25:16,031 INFO [141_Saint-Saens_Bagetelle_Op3-4_B0-18_page_0]       StepMonitoring.java:98   | BEAMS
2025-12-26 13:25:17,056 INFO [141_Saint-Saens_Bagetelle_Op3-4_B0-18_page_0]       StepMonitoring.java:98   | LEDGERS
2025-12-26 13:25:17,332 INFO [141_Saint-Saens_Bagetelle_Op3-4_B0-18_page_0]       StepMonitoring.java:98   | HEADS
2025-12-26 13:25:18,646 INFO [141_Saint-Saens_Bagetelle_Op3-4_B0-18_page_0]        HeadSeedTally.java:235  | Scale information: HeadSeeds{NOTEHEAD_VOID[L:-0.0,R:0.5] NOTEHEAD_BLACK[L:-0.2,R:0.5]}
2025-12-26 13:25:18,647 INFO [141_Saint-Saens_Bagetelle_Op3-4_B0-18_page_0]       StepMonitoring.java:98   | STEMS
2025-12-26 13:25:19,481 INFO [141_Saint-Saens_Bagetelle_Op3-4_B0-18_page_0]       StepMonitoring.java:98   | REDUCTION
2025-12-26 13:25:19,688 INFO [141_Saint-Saens_Bagetelle_Op3-4_B0-18_page_0]        ReductionStep.java:105  | Stems free length median value: 39 pixels, 3.5 interlines
2025-12-26 13:25:19,692 INFO [141_Saint-Saens_Bagetelle_Op3-4_B0-18_page_0]       StepMonitoring.java:98   | CUE_BEAMS
2025-12-26 13:25:19,693 INFO [141_Saint-Saens_Bagetelle_Op3-4_B0-18_page_0]         CueBeamsStep.java:81   | Step CUE_BEAMS is skipped because small heads switch is off
2025-12-26 13:25:19,693 INFO [141_Saint-Saens_Bagetelle_Op3-4_B0-18_page_0]       StepMonitoring.java:98   | TEXTS
2025-12-26 13:25:19,763 WARN [141_Saint-Saens_Bagetelle_Op3-4_B0-18_page_0]         TesseractOCR.java:335  | The collection of supported languages is empty
2025-12-26 13:25:19,763 INFO [141_Saint-Saens_Bagetelle_Op3-4_B0-18_page_0]              OcrUtil.java:106  | Missing support for 'eng' language(s)
2025-12-26 13:25:19,772 INFO [141_Saint-Saens_Bagetelle_Op3-4_B0-18_page_0]       StepMonitoring.java:98   | MEASURES
2025-12-26 13:25:19,788 INFO [141_Saint-Saens_Bagetelle_Op3-4_B0-18_page_0]                 Page.java:307  | 19 raw measures: [7 in system#1, 7 in system#2, 5 in system#3]
2025-12-26 13:25:19,789 INFO [141_Saint-Saens_Bagetelle_Op3-4_B0-18_page_0]       StepMonitoring.java:98   | CHORDS
2025-12-26 13:25:19,812 INFO [141_Saint-Saens_Bagetelle_Op3-4_B0-18_page_0]       StepMonitoring.java:98   | CURVES
2025-12-26 13:25:20,235 INFO [141_Saint-Saens_Bagetelle_Op3-4_B0-18_page_0]         SlursBuilder.java:240  | Slurs: 22
2025-12-26 13:25:20,264 INFO [141_Saint-Saens_Bagetelle_Op3-4_B0-18_page_0]      SegmentsBuilder.java:155  | Segments: 13
2025-12-26 13:25:20,277 INFO [141_Saint-Saens_Bagetelle_Op3-4_B0-18_page_0]       StepMonitoring.java:98   | SYMBOLS
2025-12-26 13:25:20,669 INFO [141_Saint-Saens_Bagetelle_Op3-4_B0-18_page_0]       StepMonitoring.java:98   | LINKS
2025-12-26 13:25:20,725 INFO [141_Saint-Saens_Bagetelle_Op3-4_B0-18_page_0]       StepMonitoring.java:98   | RHYTHMS
2025-12-26 13:25:20,759 INFO [141_Saint-Saens_Bagetelle_Op3-4_B0-18_page_0]                Voice.java:257  | Measure{#7} Voice{#1 excess:3/16} too long
2025-12-26 13:25:20,760 INFO [141_Saint-Saens_Bagetelle_Op3-4_B0-18_page_0]          StackRhythm.java:224  | S1 MeasureStack#7 no correct rhythm
2025-12-26 13:25:20,771 INFO [141_Saint-Saens_Bagetelle_Op3-4_B0-18_page_0]        MeasureRhythm.java:1045 | Measure{#9} No timeOffset for HeadChordInter#4514{(0.962/0.962) staff:3 slot#5 dur:1/4}
2025-12-26 13:25:20,772 INFO [141_Saint-Saens_Bagetelle_Op3-4_B0-18_page_0]        MeasureRhythm.java:1045 | Measure{#9} No timeOffset for HeadChordInter#4541{(0.965/0.965) staff:4 slot#5 dur:1/4}
2025-12-26 13:25:20,772 INFO [141_Saint-Saens_Bagetelle_Op3-4_B0-18_page_0]          StackRhythm.java:224  | S2 MeasureStack#9 no correct rhythm
2025-12-26 13:25:20,788 INFO [141_Saint-Saens_Bagetelle_Op3-4_B0-18_page_0]        MeasureRhythm.java:1045 | Measure{#15} No timeOffset for HeadChordInter#4564{(0.950/0.950) staff:5 slot#5 dur:3/8}
2025-12-26 13:25:20,789 INFO [141_Saint-Saens_Bagetelle_Op3-4_B0-18_page_0]   AbstractChordInter.java:627  | Measure{#15} No timeOffset for HeadChordInter#4564{(0.950/0.950) staff:5 slot#5 dur:3/8}
2025-12-26 13:25:20,789 INFO [141_Saint-Saens_Bagetelle_Op3-4_B0-18_page_0]          StackRhythm.java:224  | S3 MeasureStack#15 no correct rhythm
2025-12-26 13:25:20,792 INFO [141_Saint-Saens_Bagetelle_Op3-4_B0-18_page_0]                Voice.java:257  | Measure{#16} Voice{#1 excess:1/16} too long
2025-12-26 13:25:20,792 INFO [141_Saint-Saens_Bagetelle_Op3-4_B0-18_page_0]          StackRhythm.java:224  | S3 MeasureStack#16 no correct rhythm
2025-12-26 13:25:20,803 INFO [141_Saint-Saens_Bagetelle_Op3-4_B0-18_page_0]       StepMonitoring.java:98   | PAGE
2025-12-26 13:25:20,805 INFO [141_Saint-Saens_Bagetelle_Op3-4_B0-18_page_0]       SheetReduction.java:154  | Gutter. Different glyphs 2/3 WedgeInter#4805{(0.621/0.621) DIMINUENDO} vs SlurInter#4651{(0.362/0.826) SLUR_ABOVE}
2025-12-26 13:25:20,805 INFO [141_Saint-Saens_Bagetelle_Op3-4_B0-18_page_0]       SheetReduction.java:154  | Gutter. Different glyphs 2/3 WedgeInter#4805{(0.621/0.621) DIMINUENDO} vs ArticulationInter#5199{(0.750/0.842) STACCATO}
2025-12-26 13:25:20,809 INFO [141_Saint-Saens_Bagetelle_Op3-4_B0-18_page_0]                Voice.java:257  | Measure{#7} Voice{#1 excess:3/16} too long
2025-12-26 13:25:20,812 INFO [141_Saint-Saens_Bagetelle_Op3-4_B0-18_page_0]                Voice.java:257  | Measure{#16} Voice{#1 excess:1/16} too long
2025-12-26 13:25:20,817 INFO [141_Saint-Saens_Bagetelle_Op3-4_B0-18_page_0]                 Book.java:2596 | Book{141_Saint-Saens_Bagetelle_Op3-4_B0-18_page_0} storing
2025-12-26 13:25:20,855 INFO [141_Saint-Saens_Bagetelle_Op3-4_B0-18_page_0]                 Book.java:2577 | Stored /book.xml
2025-12-26 13:25:20,923 INFO [141_Saint-Saens_Bagetelle_Op3-4_B0-18_page_0]           DataHolder.java:348  | Stored /sheet#1/BINARY.png
2025-12-26 13:25:21,540 INFO [141_Saint-Saens_Bagetelle_Op3-4_B0-18_page_0]                Sheet.java:1583 | Stored /sheet#1/sheet#1.xml
2025-12-26 13:25:21,541 INFO [141_Saint-Saens_Bagetelle_Op3-4_B0-18_page_0]                 Book.java:2537 | Book stored as C:\Users\Elliot\Downloads\Audiveris\scores\141_Saint-Saens_Bagetelle_Op3-4_B0-18_page_0.omr
2025-12-26 13:25:21,546 INFO [141_Saint-Saens_Bagetelle_Op3-4_B0-18_page_0]            SheetStub.java:1660 | Disposed sheet
2025-12-26 13:25:21,576 INFO [141_Saint-Saens_Bagetelle_Op3-4_B0-18_page_0]                 Book.java:2064 | End of Stub#1
2025-12-26 13:25:21,578 INFO [141_Saint-Saens_Bagetelle_Op3-4_B0-18_page_0]                 Book.java:2071 | Book processed.
2025-12-26 13:25:21,969 INFO [141_Saint-Saens_Bagetelle_Op3-4_B0-18_page_0]            SheetStub.java:997  | Loaded /sheet#1/sheet#1.xml
2025-12-26 13:25:22,376 INFO [141_Saint-Saens_Bagetelle_Op3-4_B0-18_page_0]      PartwiseBuilder.java:2688 | Exporting sheet(s): [#1]
2025-12-26 13:25:22,487 INFO [141_Saint-Saens_Bagetelle_Op3-4_B0-18_page_0]        ScoreExporter.java:164  | Score 141_Saint-Saens_Bagetelle_Op3-4_B0-18_page_0 exported to C:\Users\Elliot\Downloads\Audiveris\scores\141_Saint-Saens_Bagetelle_Op3-4_B0-18_page_0.mxl
2025-12-26 13:25:22,528 INFO [141_Saint-Saens_Bagetelle_Op3-4_B0-18_page_0]                Score.java:181  | Closing {Score 1}
