2025-12-26 13:25:24,386 INFO [142_Satie_JeTeVeux_B1-37_page_0]                 Book.java:560  | 1 sheet in C:\Users\Elliot\Downloads\Audiveris\scores\142_Satie_JeTeVeux_B1-37_page_0.jpg
2025-12-26 13:25:24,501 INFO []                 Book.java:2577 | Stored /book.xml
2025-12-26 13:25:24,502 INFO []                 Book.java:2537 | Book stored as C:\Users\Elliot\Downloads\Audiveris\scores\142_Satie_JeTeVeux_B1-37_page_0.omr
2025-12-26 13:25:24,508 INFO []                 Book.java:1929 | Book reaching PAGE on sheets:[#1]
2025-12-26 13:25:24,517 INFO [142_Satie_JeTeVeux_B1-37_page_0]       StepMonitoring.java:98   | LOAD
2025-12-26 13:25:24,610 INFO [142_Satie_JeTeVeux_B1-37_page_0]            SheetStub.java:1273 | Loaded image #1 1653x2339 from C:\Users\Elliot\Downloads\Audiveris\scores\142_Satie_JeTeVeux_B1-37_page_0.jpg
2025-12-26 13:25:24,612 INFO [142_Satie_JeTeVeux_B1-37_page_0]            ImageUtil.java:124  | Converting max RGB to gray
2025-12-26 13:25:24,742 INFO [142_Satie_JeTeVeux_B1-37_page_0]       StepMonitoring.java:98   | BINARY
2025-12-26 13:25:24,984 INFO [142_Satie_JeTeVeux_B1-37_page_0]       StepMonitoring.java:98   | SCALE
2025-12-26 13:25:25,009 INFO [142_Satie_JeTeVeux_B1-37_page_0]         ScaleBuilder.java:241  | Beam  guessed height:  6 -- 0.50 of 12 interline
2025-12-26 13:25:25,010 INFO [142_Satie_JeTeVeux_B1-37_page_0]         ScaleBuilder.java:264  | Beam measured height: 11 -- 0.88 of [4..12] range at 74% of needed quorum
2025-12-26 13:25:25,011 WARN [142_Satie_JeTeVeux_B1-37_page_0]         ScaleBuilder.java:293  | No reliable beam height found, guessed value: 6
2025-12-26 13:25:25,011 INFO [142_Satie_JeTeVeux_B1-37_page_0]            ScaleStep.java:65   | Scale{ interline(14,14,14) line(1,1,3) beam(6 extra)}
2025-12-26 13:25:25,012 INFO [142_Satie_JeTeVeux_B1-37_page_0]       StepMonitoring.java:98   | GRID
2025-12-26 13:25:25,441 INFO [142_Satie_JeTeVeux_B1-37_page_0]       LinesRetriever.java:1500 | Global slope: 0.00000
2025-12-26 13:25:25,525 INFO [142_Satie_JeTeVeux_B1-37_page_0]    ClustersRetriever.java:326  | Retrieved raw line clusters: 10 of sizes [5] with interline(14,14,14)
2025-12-26 13:25:25,752 INFO [142_Satie_JeTeVeux_B1-37_page_0]            PeakGraph.java:310  | Systems: #1[1, 2] #2[3, 4] #3[5, 6] #4[7, 8] #5[9, 10]
2025-12-26 13:25:26,066 INFO [142_Satie_JeTeVeux_B1-37_page_0]        SystemManager.java:134  | Indentation detected for system #1
2025-12-26 13:25:26,067 INFO [142_Satie_JeTeVeux_B1-37_page_0]        SystemManager.java:779  | 1 part along 5 systems
2025-12-26 13:25:26,068 INFO [142_Satie_JeTeVeux_B1-37_page_0]                 Book.java:543  | Created scores: [{Score 1}]
2025-12-26 13:25:26,069 INFO [142_Satie_JeTeVeux_B1-37_page_0]       StepMonitoring.java:98   | HEADERS
2025-12-26 13:25:26,377 INFO [142_Satie_JeTeVeux_B1-37_page_0]      BasicClassifier.java:286  | Classifier loaded XML norms.
2025-12-26 13:25:26,380 INFO [142_Satie_JeTeVeux_B1-37_page_0]   AbstractClassifier.java:396  | Classifier data loaded from default uri jar:file:/C:/Users/Elliot/Downloads/Audiveris/app/audiveris.jar!/res/basic-classifier.zip
2025-12-26 13:25:26,978 INFO [142_Satie_JeTeVeux_B1-37_page_0]       StepMonitoring.java:98   | STEM_SEEDS
2025-12-26 13:25:27,023 INFO [142_Satie_JeTeVeux_B1-37_page_0]        StemSeedsStep.java:86   | stem(2 max:3)
2025-12-26 13:25:27,072 INFO [142_Satie_JeTeVeux_B1-37_page_0]       StepMonitoring.java:98   | BEAMS
2025-12-26 13:25:27,915 INFO [142_Satie_JeTeVeux_B1-37_page_0]       StepMonitoring.java:98   | LEDGERS
2025-12-26 13:25:28,128 INFO [142_Satie_JeTeVeux_B1-37_page_0]       StepMonitoring.java:98   | HEADS
2025-12-26 13:25:30,597 INFO [142_Satie_JeTeVeux_B1-37_page_0]        HeadSeedTally.java:235  | Scale information: HeadSeeds{NOTEHEAD_VOID[L:-0.3,R:0.1] NOTEHEAD_BLACK[L:-0.3,R:-0.2]}
2025-12-26 13:25:30,597 INFO [142_Satie_JeTeVeux_B1-37_page_0]       StepMonitoring.java:98   | STEMS
2025-12-26 13:25:31,379 INFO [142_Satie_JeTeVeux_B1-37_page_0]       StepMonitoring.java:98   | REDUCTION
2025-12-26 13:25:31,547 INFO [142_Satie_JeTeVeux_B1-37_page_0]        ReductionStep.java:105  | Stems free length median value: 43 pixels, 3.1 interlines
2025-12-26 13:25:31,556 INFO [142_Satie_JeTeVeux_B1-37_page_0]       StepMonitoring.java:98   | CUE_BEAMS
2025-12-26 13:25:31,556 INFO [142_Satie_JeTeVeux_B1-37_page_0]         CueBeamsStep.java:81   | Step CUE_BEAMS is skipped because small heads switch is off
2025-12-26 13:25:31,557 INFO [142_Satie_JeTeVeux_B1-37_page_0]       StepMonitoring.java:98   | TEXTS
2025-12-26 13:25:31,665 WARN [142_Satie_JeTeVeux_B1-37_page_0]         TesseractOCR.java:335  | The collection of supported languages is empty
2025-12-26 13:25:31,666 INFO [142_Satie_JeTeVeux_B1-37_page_0]              OcrUtil.java:106  | Missing support for 'eng' language(s)
2025-12-26 13:25:31,676 INFO [142_Satie_JeTeVeux_B1-37_page_0]       StepMonitoring.java:98   | MEASURES
2025-12-26 13:25:31,686 INFO [142_Satie_JeTeVeux_B1-37_page_0]                 Page.java:307  | 37 raw measures: [7 in system#1, 7 in system#2, 8 in system#3, 8 in system#4, 7 in system#5]
2025-12-26 13:25:31,687 INFO [142_Satie_JeTeVeux_B1-37_page_0]       StepMonitoring.java:98   | CHORDS
2025-12-26 13:25:31,707 INFO [142_Satie_JeTeVeux_B1-37_page_0]       StepMonitoring.java:98   | CURVES
2025-12-26 13:25:32,564 INFO [142_Satie_JeTeVeux_B1-37_page_0]         SlursBuilder.java:240  | Slurs: 36
2025-12-26 13:25:32,649 INFO [142_Satie_JeTeVeux_B1-37_page_0]      SegmentsBuilder.java:155  | Segments: 29
2025-12-26 13:25:32,660 INFO [142_Satie_JeTeVeux_B1-37_page_0]       StepMonitoring.java:98   | SYMBOLS
2025-12-26 13:25:33,278 INFO [142_Satie_JeTeVeux_B1-37_page_0]       StepMonitoring.java:98   | LINKS
2025-12-26 13:25:33,371 INFO [142_Satie_JeTeVeux_B1-37_page_0]             KeyInter.java:1165 | No effective key before AlterInter#7498{(0.800) staff:9 NATURAL pitch:3.0}
2025-12-26 13:25:33,372 INFO [142_Satie_JeTeVeux_B1-37_page_0]             KeyInter.java:1165 | No effective key before AlterInter#7502{(0.800) staff:10 NATURAL pitch:5.0}
2025-12-26 13:25:33,403 INFO [142_Satie_JeTeVeux_B1-37_page_0]       StepMonitoring.java:98   | RHYTHMS
2025-12-26 13:25:33,449 INFO [142_Satie_JeTeVeux_B1-37_page_0]        MeasureRhythm.java:1045 | Measure{#5} No timeOffset for RestChordInter#7207{(0.780/0.780) staff:1 slot#4 dur:1/4}
2025-12-26 13:25:33,450 INFO [142_Satie_JeTeVeux_B1-37_page_0]        MeasureRhythm.java:1045 | Measure{#5} No timeOffset for HeadChordInter#6136{(0.937/0.937) staff:2 slot#4 dur:1/4}
2025-12-26 13:25:33,451 INFO [142_Satie_JeTeVeux_B1-37_page_0]        MeasureRhythm.java:1045 | Measure{#5} No timeOffset for RestChordInter#7208{(0.777/0.777) staff:2 slot#4 dur:1/4}
2025-12-26 13:25:33,452 INFO [142_Satie_JeTeVeux_B1-37_page_0]          StackRhythm.java:224  | S1 MeasureStack#5 no correct rhythm
2025-12-26 13:25:33,504 INFO [142_Satie_JeTeVeux_B1-37_page_0]        MeasureRhythm.java:1045 | Measure{#20} No timeOffset for HeadChordInter#6195{(0.947/0.947) staff:6 slot#4 dur:1/4}
2025-12-26 13:25:33,505 INFO [142_Satie_JeTeVeux_B1-37_page_0]        MeasureRhythm.java:1045 | Measure{#20} No timeOffset for RestChordInter#7357{(0.782/0.782) staff:6 slot#4 dur:1/4}
2025-12-26 13:25:33,505 INFO [142_Satie_JeTeVeux_B1-37_page_0]          StackRhythm.java:224  | S3 MeasureStack#20 no correct rhythm
2025-12-26 13:25:33,529 INFO [142_Satie_JeTeVeux_B1-37_page_0]        MeasureRhythm.java:1045 | Measure{#36} No timeOffset for HeadChordInter#6270{(0.916/0.916) staff:10 slot#4 dur:1/4}
2025-12-26 13:25:33,530 INFO [142_Satie_JeTeVeux_B1-37_page_0]        MeasureRhythm.java:1045 | Measure{#36} No timeOffset for RestChordInter#7528{(0.780/0.780) staff:10 slot#4 dur:1/4}
2025-12-26 13:25:33,531 INFO [142_Satie_JeTeVeux_B1-37_page_0]          StackRhythm.java:224  | S5 MeasureStack#36 no correct rhythm
2025-12-26 13:25:33,533 INFO [142_Satie_JeTeVeux_B1-37_page_0]       StepMonitoring.java:98   | PAGE
2025-12-26 13:25:33,559 INFO [142_Satie_JeTeVeux_B1-37_page_0]                 Book.java:2596 | Book{142_Satie_JeTeVeux_B1-37_page_0} storing
2025-12-26 13:25:33,600 INFO [142_Satie_JeTeVeux_B1-37_page_0]                 Book.java:2577 | Stored /book.xml
2025-12-26 13:25:33,678 INFO [142_Satie_JeTeVeux_B1-37_page_0]           DataHolder.java:348  | Stored /sheet#1/BINARY.png
2025-12-26 13:25:34,420 INFO [142_Satie_JeTeVeux_B1-37_page_0]                Sheet.java:1583 | Stored /sheet#1/sheet#1.xml
2025-12-26 13:25:34,420 INFO [142_Satie_JeTeVeux_B1-37_page_0]                 Book.java:2537 | Book stored as C:\Users\Elliot\Downloads\Audiveris\scores\142_Satie_JeTeVeux_B1-37_page_0.omr
2025-12-26 13:25:34,426 INFO [142_Satie_JeTeVeux_B1-37_page_0]            SheetStub.java:1660 | Disposed sheet
2025-12-26 13:25:34,472 INFO [142_Satie_JeTeVeux_B1-37_page_0]                 Book.java:2064 | End of Stub#1
2025-12-26 13:25:34,473 INFO [142_Satie_JeTeVeux_B1-37_page_0]                 Book.java:2071 | Book processed.
2025-12-26 13:25:34,878 INFO [142_Satie_JeTeVeux_B1-37_page_0]            SheetStub.java:997  | Loaded /sheet#1/sheet#1.xml
2025-12-26 13:25:35,279 INFO [142_Satie_JeTeVeux_B1-37_page_0]      PartwiseBuilder.java:2688 | Exporting sheet(s): [#1]
2025-12-26 13:25:35,397 INFO [142_Satie_JeTeVeux_B1-37_page_0]        ScoreExporter.java:164  | Score 142_Satie_JeTeVeux_B1-37_page_0 exported to C:\Users\Elliot\Downloads\Audiveris\scores\142_Satie_JeTeVeux_B1-37_page_0.mxl
2025-12-26 13:25:35,444 INFO [142_Satie_JeTeVeux_B1-37_page_0]                Score.java:181  | Closing {Score 1}
