2025-12-26 13:25:37,200 INFO [143_Satie_Gymnopedie_No1_B1-12_page_0]                 Book.java:560  | 1 sheet in C:\Users\Elliot\Downloads\Audiveris\scores\143_Satie_Gymnopedie_No1_B1-12_page_0.jpg
2025-12-26 13:25:37,314 INFO []                 Book.java:2577 | Stored /book.xml
2025-12-26 13:25:37,315 INFO []                 Book.java:2537 | Book stored as C:\Users\Elliot\Downloads\Audiveris\scores\143_Satie_Gymnopedie_No1_B1-12_page_0.omr
2025-12-26 13:25:37,321 INFO []                 Book.java:1929 | Book reaching PAGE on sheets:[#1]
2025-12-26 13:25:37,327 INFO [143_Satie_Gymnopedie_No1_B1-12_page_0]       StepMonitoring.java:98   | LOAD
2025-12-26 13:25:37,418 INFO [143_Satie_Gymnopedie_No1_B1-12_page_0]            SheetStub.java:1273 | Loaded image #1 1653x2339 from C:\Users\Elliot\Downloads\Audiveris\scores\143_Satie_Gymnopedie_No1_B1-12_page_0.jpg
2025-12-26 13:25:37,421 INFO [143_Satie_Gymnopedie_No1_B1-12_page_0]            ImageUtil.java:124  | Converting max RGB to gray
2025-12-26 13:25:37,539 INFO [143_Satie_Gymnopedie_No1_B1-12_page_0]       StepMonitoring.java:98   | BINARY
2025-12-26 13:25:37,776 INFO [143_Satie_Gymnopedie_No1_B1-12_page_0]       StepMonitoring.java:98   | SCALE
2025-12-26 13:25:37,799 INFO [143_Satie_Gymnopedie_No1_B1-12_page_0]         ScaleBuilder.java:241  | Beam  guessed height:  6 -- 0.50 of 12 interline
2025-12-26 13:25:37,801 INFO [143_Satie_Gymnopedie_No1_B1-12_page_0]         ScaleBuilder.java:264  | Beam measured height:  6 -- 0.25 of [4..12] range at 114% of needed quorum
2025-12-26 13:25:37,802 INFO [143_Satie_Gymnopedie_No1_B1-12_page_0]            ScaleStep.java:65   | Scale{ interline(14,14,14) line(1,2,3) beam(6)}
2025-12-26 13:25:37,803 INFO [143_Satie_Gymnopedie_No1_B1-12_page_0]       StepMonitoring.java:98   | GRID
2025-12-26 13:25:38,053 INFO [143_Satie_Gymnopedie_No1_B1-12_page_0]       LinesRetriever.java:1500 | Global slope: 0.00000
2025-12-26 13:25:38,083 INFO [143_Satie_Gymnopedie_No1_B1-12_page_0]    ClustersRetriever.java:326  | Retrieved raw line clusters: 6 of sizes [5] with interline(14,14,14)
2025-12-26 13:25:38,181 INFO [143_Satie_Gymnopedie_No1_B1-12_page_0]            PeakGraph.java:310  | Systems: #1[1, 2] #2[3, 4] #3[5, 6]
2025-12-26 13:25:38,379 INFO [143_Satie_Gymnopedie_No1_B1-12_page_0]        SystemManager.java:134  | Indentation detected for system #1
2025-12-26 13:25:38,380 INFO [143_Satie_Gymnopedie_No1_B1-12_page_0]        SystemManager.java:779  | 1 part along 3 systems
2025-12-26 13:25:38,381 INFO [143_Satie_Gymnopedie_No1_B1-12_page_0]                 Book.java:543  | Created scores: [{Score 1}]
2025-12-26 13:25:38,382 INFO [143_Satie_Gymnopedie_No1_B1-12_page_0]       StepMonitoring.java:98   | HEADERS
2025-12-26 13:25:38,688 INFO []      BasicClassifier.java:286  | Classifier loaded XML norms.
2025-12-26 13:25:38,691 INFO []   AbstractClassifier.java:396  | Classifier data loaded from default uri jar:file:/C:/Users/Elliot/Downloads/Audiveris/app/audiveris.jar!/res/basic-classifier.zip
2025-12-26 13:25:39,396 INFO [143_Satie_Gymnopedie_No1_B1-12_page_0]       StepMonitoring.java:98   | STEM_SEEDS
2025-12-26 13:25:39,427 INFO [143_Satie_Gymnopedie_No1_B1-12_page_0]        StemSeedsStep.java:86   | stem(2 max:3)
2025-12-26 13:25:39,457 INFO [143_Satie_Gymnopedie_No1_B1-12_page_0]       StepMonitoring.java:98   | BEAMS
2025-12-26 13:25:40,463 INFO [143_Satie_Gymnopedie_No1_B1-12_page_0]       StepMonitoring.java:98   | LEDGERS
2025-12-26 13:25:40,660 INFO [143_Satie_Gymnopedie_No1_B1-12_page_0]       StepMonitoring.java:98   | HEADS
2025-12-26 13:25:41,770 INFO [143_Satie_Gymnopedie_No1_B1-12_page_0]        HeadSeedTally.java:235  | Scale information: HeadSeeds{NOTEHEAD_VOID[L:-0.1,R:0.5]}
2025-12-26 13:25:41,771 INFO [143_Satie_Gymnopedie_No1_B1-12_page_0]       StepMonitoring.java:98   | STEMS
2025-12-26 13:25:41,981 INFO [143_Satie_Gymnopedie_No1_B1-12_page_0]       StepMonitoring.java:98   | REDUCTION
2025-12-26 13:25:42,031 INFO [143_Satie_Gymnopedie_No1_B1-12_page_0]        ReductionStep.java:105  | Stems free length median value: 43 pixels, 3.1 interlines
2025-12-26 13:25:42,034 INFO [143_Satie_Gymnopedie_No1_B1-12_page_0]       StepMonitoring.java:98   | CUE_BEAMS
2025-12-26 13:25:42,035 INFO [143_Satie_Gymnopedie_No1_B1-12_page_0]         CueBeamsStep.java:81   | Step CUE_BEAMS is skipped because small heads switch is off
2025-12-26 13:25:42,036 INFO [143_Satie_Gymnopedie_No1_B1-12_page_0]       StepMonitoring.java:98   | TEXTS
2025-12-26 13:25:42,095 WARN [143_Satie_Gymnopedie_No1_B1-12_page_0]         TesseractOCR.java:335  | The collection of supported languages is empty
2025-12-26 13:25:42,096 INFO [143_Satie_Gymnopedie_No1_B1-12_page_0]              OcrUtil.java:106  | Missing support for 'eng' language(s)
2025-12-26 13:25:42,105 INFO [143_Satie_Gymnopedie_No1_B1-12_page_0]       StepMonitoring.java:98   | MEASURES
2025-12-26 13:25:42,116 INFO [143_Satie_Gymnopedie_No1_B1-12_page_0]                 Page.java:307  | 12 raw measures: [4 in system#1, 4 in system#2, 4 in system#3]
2025-12-26 13:25:42,116 INFO [143_Satie_Gymnopedie_No1_B1-12_page_0]       StepMonitoring.java:98   | CHORDS
2025-12-26 13:25:42,126 INFO [143_Satie_Gymnopedie_No1_B1-12_page_0]       StepMonitoring.java:98   | CURVES
2025-12-26 13:25:42,540 INFO [143_Satie_Gymnopedie_No1_B1-12_page_0]         SlursBuilder.java:240  | Slurs: 5
2025-12-26 13:25:42,559 INFO [143_Satie_Gymnopedie_No1_B1-12_page_0]      SegmentsBuilder.java:155  | Segments: 5
2025-12-26 13:25:42,568 INFO [143_Satie_Gymnopedie_No1_B1-12_page_0]       StepMonitoring.java:98   | SYMBOLS
2025-12-26 13:25:42,893 INFO [143_Satie_Gymnopedie_No1_B1-12_page_0]       StepMonitoring.java:98   | LINKS
2025-12-26 13:25:42,930 INFO [143_Satie_Gymnopedie_No1_B1-12_page_0]       StepMonitoring.java:98   | RHYTHMS
2025-12-26 13:25:42,969 INFO [143_Satie_Gymnopedie_No1_B1-12_page_0]       StepMonitoring.java:98   | PAGE
2025-12-26 13:25:42,978 INFO [143_Satie_Gymnopedie_No1_B1-12_page_0]                 Book.java:2596 | Book{143_Satie_Gymnopedie_No1_B1-12_page_0} storing
2025-12-26 13:25:43,015 INFO [143_Satie_Gymnopedie_No1_B1-12_page_0]                 Book.java:2577 | Stored /book.xml
2025-12-26 13:25:43,105 INFO [143_Satie_Gymnopedie_No1_B1-12_page_0]           DataHolder.java:348  | Stored /sheet#1/BINARY.png
2025-12-26 13:25:43,494 INFO [143_Satie_Gymnopedie_No1_B1-12_page_0]                Sheet.java:1583 | Stored /sheet#1/sheet#1.xml
2025-12-26 13:25:43,494 INFO [143_Satie_Gymnopedie_No1_B1-12_page_0]                 Book.java:2537 | Book stored as C:\Users\Elliot\Downloads\Audiveris\scores\143_Satie_Gymnopedie_No1_B1-12_page_0.omr
2025-12-26 13:25:43,499 INFO [143_Satie_Gymnopedie_No1_B1-12_page_0]            SheetStub.java:1660 | Disposed sheet
2025-12-26 13:25:43,530 INFO [143_Satie_Gymnopedie_No1_B1-12_page_0]                 Book.java:2064 | End of Stub#1
2025-12-26 13:25:43,532 INFO [143_Satie_Gymnopedie_No1_B1-12_page_0]                 Book.java:2071 | Book processed.
2025-12-26 13:25:43,834 INFO [143_Satie_Gymnopedie_No1_B1-12_page_0]            SheetStub.java:997  | Loaded /sheet#1/sheet#1.xml
2025-12-26 13:25:44,212 INFO [143_Satie_Gymnopedie_No1_B1-12_page_0]      PartwiseBuilder.java:2688 | Exporting sheet(s): [#1]
2025-12-26 13:25:44,284 INFO [143_Satie_Gymnopedie_No1_B1-12_page_0]        ScoreExporter.java:164  | Score 143_Satie_Gymnopedie_No1_B1-12_page_0 exported to C:\Users\Elliot\Downloads\Audiveris\scores\143_Satie_Gymnopedie_No1_B1-12_page_0.mxl
2025-12-26 13:25:44,319 INFO [143_Satie_Gymnopedie_No1_B1-12_page_0]                Score.java:181  | Closing {Score 1}
