2025-12-26 13:25:46,305 INFO [144_Scriabin_PSon_No2_Mov1_B97-104_page_0]                 Book.java:560  | 1 sheet in C:\Users\Elliot\Downloads\Audiveris\scores\144_Scriabin_PSon_No2_Mov1_B97-104_page_0.jpg
2025-12-26 13:25:46,419 INFO []                 Book.java:2577 | Stored /book.xml
2025-12-26 13:25:46,420 INFO []                 Book.java:2537 | Book stored as C:\Users\Elliot\Downloads\Audiveris\scores\144_Scriabin_PSon_No2_Mov1_B97-104_page_0.omr
2025-12-26 13:25:46,426 INFO []                 Book.java:1929 | Book reaching PAGE on sheets:[#1]
2025-12-26 13:25:46,432 INFO [144_Scriabin_PSon_No2_Mov1_B97-104_page_0]       StepMonitoring.java:98   | LOAD
2025-12-26 13:25:46,515 INFO [144_Scriabin_PSon_No2_Mov1_B97-104_page_0]            SheetStub.java:1273 | Loaded image #1 1653x2339 from C:\Users\Elliot\Downloads\Audiveris\scores\144_Scriabin_PSon_No2_Mov1_B97-104_page_0.jpg
2025-12-26 13:25:46,517 INFO [144_Scriabin_PSon_No2_Mov1_B97-104_page_0]            ImageUtil.java:124  | Converting max RGB to gray
2025-12-26 13:25:46,617 INFO [144_Scriabin_PSon_No2_Mov1_B97-104_page_0]       StepMonitoring.java:98   | BINARY
2025-12-26 13:25:46,835 INFO [144_Scriabin_PSon_No2_Mov1_B97-104_page_0]       StepMonitoring.java:98   | SCALE
2025-12-26 13:25:46,854 INFO [144_Scriabin_PSon_No2_Mov1_B97-104_page_0]         ScaleBuilder.java:241  | Beam  guessed height:  6 -- 0.50 of 12 interline
2025-12-26 13:25:46,856 INFO [144_Scriabin_PSon_No2_Mov1_B97-104_page_0]         ScaleBuilder.java:264  | Beam measured height:  7 -- 0.38 of [4..12] range at 471% of needed quorum
2025-12-26 13:25:46,857 INFO [144_Scriabin_PSon_No2_Mov1_B97-104_page_0]            ScaleStep.java:65   | Scale{ interline(12,14,14) line(1,1,3) beam(7)}
2025-12-26 13:25:46,858 INFO [144_Scriabin_PSon_No2_Mov1_B97-104_page_0]       StepMonitoring.java:98   | GRID
2025-12-26 13:25:47,142 INFO [144_Scriabin_PSon_No2_Mov1_B97-104_page_0]       LinesRetriever.java:1500 | Global slope: 0.00000
2025-12-26 13:25:47,181 INFO [144_Scriabin_PSon_No2_Mov1_B97-104_page_0]    ClustersRetriever.java:326  | Retrieved raw line clusters: 6 of sizes [5] with interline(12,14,14)
2025-12-26 13:25:47,278 INFO [144_Scriabin_PSon_No2_Mov1_B97-104_page_0]            PeakGraph.java:310  | Systems: #1[1, 2] #2[3, 4] #3[5, 6]
2025-12-26 13:25:47,528 INFO [144_Scriabin_PSon_No2_Mov1_B97-104_page_0]        SystemManager.java:779  | 1 part along 3 systems
2025-12-26 13:25:47,529 INFO [144_Scriabin_PSon_No2_Mov1_B97-104_page_0]                 Book.java:543  | Created scores: [{Score 1}]
2025-12-26 13:25:47,530 INFO [144_Scriabin_PSon_No2_Mov1_B97-104_page_0]       StepMonitoring.java:98   | HEADERS
2025-12-26 13:25:47,875 INFO [144_Scriabin_PSon_No2_Mov1_B97-104_page_0]      BasicClassifier.java:286  | Classifier loaded XML norms.
2025-12-26 13:25:47,880 INFO [144_Scriabin_PSon_No2_Mov1_B97-104_page_0]   AbstractClassifier.java:396  | Classifier data loaded from default uri jar:file:/C:/Users/Elliot/Downloads/Audiveris/app/audiveris.jar!/res/basic-classifier.zip
2025-12-26 13:25:48,504 INFO [144_Scriabin_PSon_No2_Mov1_B97-104_page_0]       StepMonitoring.java:98   | STEM_SEEDS
2025-12-26 13:25:48,556 INFO [144_Scriabin_PSon_No2_Mov1_B97-104_page_0]        StemSeedsStep.java:86   | stem(2 max:2)
2025-12-26 13:25:48,610 INFO [144_Scriabin_PSon_No2_Mov1_B97-104_page_0]       StepMonitoring.java:98   | BEAMS
2025-12-26 13:25:49,553 INFO [144_Scriabin_PSon_No2_Mov1_B97-104_page_0]       StepMonitoring.java:98   | LEDGERS
2025-12-26 13:25:49,729 INFO [144_Scriabin_PSon_No2_Mov1_B97-104_page_0]       StepMonitoring.java:98   | HEADS
2025-12-26 13:25:51,113 INFO [144_Scriabin_PSon_No2_Mov1_B97-104_page_0]        HeadSeedTally.java:235  | Scale information: HeadSeeds{NOTEHEAD_BLACK[L:-0.1,R:0.4]}
2025-12-26 13:25:51,114 INFO [144_Scriabin_PSon_No2_Mov1_B97-104_page_0]       StepMonitoring.java:98   | STEMS
2025-12-26 13:25:51,657 INFO [144_Scriabin_PSon_No2_Mov1_B97-104_page_0]       StepMonitoring.java:98   | REDUCTION
2025-12-26 13:25:51,791 INFO [144_Scriabin_PSon_No2_Mov1_B97-104_page_0]        ReductionStep.java:105  | Stems free length median value: 44 pixels, 3.1 interlines
2025-12-26 13:25:51,797 INFO [144_Scriabin_PSon_No2_Mov1_B97-104_page_0]       StepMonitoring.java:98   | CUE_BEAMS
2025-12-26 13:25:51,798 INFO [144_Scriabin_PSon_No2_Mov1_B97-104_page_0]         CueBeamsStep.java:81   | Step CUE_BEAMS is skipped because small heads switch is off
2025-12-26 13:25:51,798 INFO [144_Scriabin_PSon_No2_Mov1_B97-104_page_0]       StepMonitoring.java:98   | TEXTS
2025-12-26 13:25:51,888 WARN [144_Scriabin_PSon_No2_Mov1_B97-104_page_0]         TesseractOCR.java:335  | The collection of supported languages is empty
2025-12-26 13:25:51,889 INFO [144_Scriabin_PSon_No2_Mov1_B97-104_page_0]              OcrUtil.java:106  | Missing support for 'eng' language(s)
2025-12-26 13:25:51,899 INFO [144_Scriabin_PSon_No2_Mov1_B97-104_page_0]       StepMonitoring.java:98   | MEASURES
2025-12-26 13:25:51,914 INFO [144_Scriabin_PSon_No2_Mov1_B97-104_page_0]                 Page.java:307  | 8 raw measures: [3 in system#1, 3 in system#2, 2 in system#3]
2025-12-26 13:25:51,915 INFO [144_Scriabin_PSon_No2_Mov1_B97-104_page_0]       StepMonitoring.java:98   | CHORDS
2025-12-26 13:25:51,934 INFO [144_Scriabin_PSon_No2_Mov1_B97-104_page_0]       StepMonitoring.java:98   | CURVES
2025-12-26 13:25:52,435 INFO [144_Scriabin_PSon_No2_Mov1_B97-104_page_0]         SlursBuilder.java:240  | Slurs: 28
2025-12-26 13:25:52,453 INFO [144_Scriabin_PSon_No2_Mov1_B97-104_page_0]      SegmentsBuilder.java:155  | Segments: 12
2025-12-26 13:25:52,463 INFO [144_Scriabin_PSon_No2_Mov1_B97-104_page_0]       StepMonitoring.java:98   | SYMBOLS
2025-12-26 13:25:53,102 INFO [144_Scriabin_PSon_No2_Mov1_B97-104_page_0]       StepMonitoring.java:98   | LINKS
2025-12-26 13:25:53,116 INFO [144_Scriabin_PSon_No2_Mov1_B97-104_page_0]        SymbolsLinker.java:258  | No chord linked to OctaveShiftInter#3464{(0.173) staff:1 QUINDICESIMA BASSA}
2025-12-26 13:25:53,117 INFO [144_Scriabin_PSon_No2_Mov1_B97-104_page_0]        SymbolsLinker.java:258  | No chord linked to OctaveShiftInter#3470{(0.559) staff:1 QUINDICESIMA BASSA}
2025-12-26 13:25:53,160 INFO [144_Scriabin_PSon_No2_Mov1_B97-104_page_0]        SymbolsLinker.java:258  | No chord linked to OctaveShiftInter#3574{(0.332) staff:3 QUINDICESIMA BASSA}
2025-12-26 13:25:53,193 INFO [144_Scriabin_PSon_No2_Mov1_B97-104_page_0]       StepMonitoring.java:98   | RHYTHMS
2025-12-26 13:25:53,230 INFO [144_Scriabin_PSon_No2_Mov1_B97-104_page_0]                Voice.java:257  | Measure{#1} Voice{#3 excess:1/8} too long
2025-12-26 13:25:53,233 INFO [144_Scriabin_PSon_No2_Mov1_B97-104_page_0]          StackRhythm.java:224  | S1 MeasureStack#1 no correct rhythm
2025-12-26 13:25:53,253 INFO [144_Scriabin_PSon_No2_Mov1_B97-104_page_0]        MeasureRhythm.java:1277 | Measure{#5} Time inconsistency in {5/24=[HeadChordInter#2957{(0.947/0.947) staff:4 slot#3 off:5/24 dur:1/12}], 1/4=[HeadChordInter#2938{(0.948/0.948) staff:3 slot#3 off:1/4 dur:1/8}]}
2025-12-26 13:25:53,255 INFO [144_Scriabin_PSon_No2_Mov1_B97-104_page_0]                Voice.java:257  | Measure{#5} Voice{#6 excess:1/24} too long
2025-12-26 13:25:53,256 INFO [144_Scriabin_PSon_No2_Mov1_B97-104_page_0]                Voice.java:257  | Measure{#5} Voice{#2 excess:1/24} too long
2025-12-26 13:25:53,256 INFO [144_Scriabin_PSon_No2_Mov1_B97-104_page_0]          StackRhythm.java:224  | S2 MeasureStack#5 no correct rhythm
2025-12-26 13:25:53,258 INFO [144_Scriabin_PSon_No2_Mov1_B97-104_page_0]        MeasureRhythm.java:1045 | Measure{#6} No timeOffset for HeadChordInter#2944{(0.935/0.935) staff:3 slot#6 dur:1/8}
2025-12-26 13:25:53,260 INFO [144_Scriabin_PSon_No2_Mov1_B97-104_page_0]   AbstractChordInter.java:627  | Measure{#6} No timeOffset for HeadChordInter#2944{(0.935/0.935) staff:3 slot#6 dur:1/8}
2025-12-26 13:25:53,260 INFO [144_Scriabin_PSon_No2_Mov1_B97-104_page_0]   AbstractChordInter.java:627  | Measure{#6} No timeOffset for HeadChordInter#2944{(0.935/0.935) staff:3 slot#6 dur:1/8}
2025-12-26 13:25:53,261 INFO [144_Scriabin_PSon_No2_Mov1_B97-104_page_0]                Voice.java:257  | Measure{#6} Voice{#5 excess:3/8} too long
2025-12-26 13:25:53,261 INFO [144_Scriabin_PSon_No2_Mov1_B97-104_page_0]                Voice.java:257  | Measure{#6} Voice{#6 excess:3/8} too long
2025-12-26 13:25:53,261 INFO [144_Scriabin_PSon_No2_Mov1_B97-104_page_0]          StackRhythm.java:224  | S2 MeasureStack#6 no correct rhythm
2025-12-26 13:25:53,266 INFO [144_Scriabin_PSon_No2_Mov1_B97-104_page_0]                Voice.java:257  | Measure{#7} Voice{#1 excess:1/8} too long
2025-12-26 13:25:53,267 INFO [144_Scriabin_PSon_No2_Mov1_B97-104_page_0]                Voice.java:257  | Measure{#7} Voice{#5 excess:1/8} too long
2025-12-26 13:25:53,268 INFO [144_Scriabin_PSon_No2_Mov1_B97-104_page_0]          StackRhythm.java:224  | S3 MeasureStack#7 no correct rhythm
2025-12-26 13:25:53,272 INFO [144_Scriabin_PSon_No2_Mov1_B97-104_page_0]        MeasureRhythm.java:1277 | Measure{#8} Time inconsistency in {5/24=[HeadChordInter#2982{(0.935/0.935) staff:5 slot#3 off:5/24 dur:1/12}], 1/4=[HeadChordInter#3000{(0.958/0.958) staff:6 slot#3 off:1/4 dur:1/8}]}
2025-12-26 13:25:53,273 INFO [144_Scriabin_PSon_No2_Mov1_B97-104_page_0]        MeasureRhythm.java:1045 | Measure{#8} No timeOffset for HeadChordInter#2986{(0.964/0.964) staff:5 slot#8 dur:1/4}
2025-12-26 13:25:53,273 INFO [144_Scriabin_PSon_No2_Mov1_B97-104_page_0]        MeasureRhythm.java:1045 | Measure{#8} No timeOffset for HeadChordInter#3004{(0.968/0.968) staff:6 slot#8 dur:1/12}
2025-12-26 13:25:53,274 INFO [144_Scriabin_PSon_No2_Mov1_B97-104_page_0]          StackRhythm.java:224  | S3 MeasureStack#8 no correct rhythm
2025-12-26 13:25:53,274 INFO [144_Scriabin_PSon_No2_Mov1_B97-104_page_0]       StepMonitoring.java:98   | PAGE
2025-12-26 13:25:53,278 INFO [144_Scriabin_PSon_No2_Mov1_B97-104_page_0]                Voice.java:257  | Measure{#1} Voice{#3 excess:1/8} too long
2025-12-26 13:25:53,279 INFO [144_Scriabin_PSon_No2_Mov1_B97-104_page_0]                Voice.java:257  | Measure{#5} Voice{#2 excess:1/24} too long
2025-12-26 13:25:53,279 INFO [144_Scriabin_PSon_No2_Mov1_B97-104_page_0]                Voice.java:257  | Measure{#5} Voice{#6 excess:1/24} too long
2025-12-26 13:25:53,279 INFO [144_Scriabin_PSon_No2_Mov1_B97-104_page_0]                Voice.java:257  | Measure{#6} Voice{#5 excess:3/8} too long
2025-12-26 13:25:53,279 INFO [144_Scriabin_PSon_No2_Mov1_B97-104_page_0]                Voice.java:257  | Measure{#6} Voice{#6 excess:3/8} too long
2025-12-26 13:25:53,279 INFO [144_Scriabin_PSon_No2_Mov1_B97-104_page_0]                Voice.java:257  | Measure{#7} Voice{#1 excess:1/8} too long
2025-12-26 13:25:53,280 INFO [144_Scriabin_PSon_No2_Mov1_B97-104_page_0]                Voice.java:257  | Measure{#7} Voice{#5 excess:1/8} too long
2025-12-26 13:25:53,284 INFO [144_Scriabin_PSon_No2_Mov1_B97-104_page_0]                 Book.java:2596 | Book{144_Scriabin_PSon_No2_Mov1_B97-104_page_0} storing
2025-12-26 13:25:53,320 INFO [144_Scriabin_PSon_No2_Mov1_B97-104_page_0]                 Book.java:2577 | Stored /book.xml
2025-12-26 13:25:53,418 INFO [144_Scriabin_PSon_No2_Mov1_B97-104_page_0]           DataHolder.java:348  | Stored /sheet#1/BINARY.png
2025-12-26 13:25:53,985 INFO [144_Scriabin_PSon_No2_Mov1_B97-104_page_0]                Sheet.java:1583 | Stored /sheet#1/sheet#1.xml
2025-12-26 13:25:53,986 INFO [144_Scriabin_PSon_No2_Mov1_B97-104_page_0]                 Book.java:2537 | Book stored as C:\Users\Elliot\Downloads\Audiveris\scores\144_Scriabin_PSon_No2_Mov1_B97-104_page_0.omr
2025-12-26 13:25:53,991 INFO [144_Scriabin_PSon_No2_Mov1_B97-104_page_0]            SheetStub.java:1660 | Disposed sheet
2025-12-26 13:25:54,029 INFO [144_Scriabin_PSon_No2_Mov1_B97-104_page_0]                 Book.java:2064 | End of Stub#1
2025-12-26 13:25:54,030 INFO [144_Scriabin_PSon_No2_Mov1_B97-104_page_0]                 Book.java:2071 | Book processed.
2025-12-26 13:25:54,316 INFO [144_Scriabin_PSon_No2_Mov1_B97-104_page_0]            SheetStub.java:997  | Loaded /sheet#1/sheet#1.xml
2025-12-26 13:25:54,772 INFO [144_Scriabin_PSon_No2_Mov1_B97-104_page_0]      PartwiseBuilder.java:2688 | Exporting sheet(s): [#1]
2025-12-26 13:25:54,878 INFO [144_Scriabin_PSon_No2_Mov1_B97-104_page_0]        ScoreExporter.java:164  | Score 144_Scriabin_PSon_No2_Mov1_B97-104_page_0 exported to C:\Users\Elliot\Downloads\Audiveris\scores\144_Scriabin_PSon_No2_Mov1_B97-104_page_0.mxl
2025-12-26 13:25:54,921 INFO [144_Scriabin_PSon_No2_Mov1_B97-104_page_0]                Score.java:181  | Closing {Score 1}
