2025-12-26 13:25:56,735 INFO [145_Scriabin_PSon_No5_B47-67_page_0]                 Book.java:560  | 1 sheet in C:\Users\Elliot\Downloads\Audiveris\scores\145_Scriabin_PSon_No5_B47-67_page_0.jpg
2025-12-26 13:25:56,840 INFO []                 Book.java:2577 | Stored /book.xml
2025-12-26 13:25:56,841 INFO []                 Book.java:2537 | Book stored as C:\Users\Elliot\Downloads\Audiveris\scores\145_Scriabin_PSon_No5_B47-67_page_0.omr
2025-12-26 13:25:56,848 INFO []                 Book.java:1929 | Book reaching PAGE on sheets:[#1]
2025-12-26 13:25:56,851 INFO [145_Scriabin_PSon_No5_B47-67_page_0]       StepMonitoring.java:98   | LOAD
2025-12-26 13:25:56,935 INFO [145_Scriabin_PSon_No5_B47-67_page_0]            SheetStub.java:1273 | Loaded image #1 1653x2339 from C:\Users\Elliot\Downloads\Audiveris\scores\145_Scriabin_PSon_No5_B47-67_page_0.jpg
2025-12-26 13:25:56,939 INFO [145_Scriabin_PSon_No5_B47-67_page_0]            ImageUtil.java:124  | Converting max RGB to gray
2025-12-26 13:25:57,056 INFO [145_Scriabin_PSon_No5_B47-67_page_0]       StepMonitoring.java:98   | BINARY
2025-12-26 13:25:57,271 INFO [145_Scriabin_PSon_No5_B47-67_page_0]       StepMonitoring.java:98   | SCALE
2025-12-26 13:25:57,294 INFO [145_Scriabin_PSon_No5_B47-67_page_0]         ScaleBuilder.java:241  | Beam  guessed height:  6 -- 0.50 of 11 interline
2025-12-26 13:25:57,295 INFO [145_Scriabin_PSon_No5_B47-67_page_0]         ScaleBuilder.java:264  | Beam measured height:  6 -- 0.29 of [4..11] range at 306% of needed quorum
2025-12-26 13:25:57,297 INFO [145_Scriabin_PSon_No5_B47-67_page_0]            ScaleStep.java:65   | Scale{ interline(12,13,13) line(1,1,3) beam(6)}
2025-12-26 13:25:57,297 INFO [145_Scriabin_PSon_No5_B47-67_page_0]       StepMonitoring.java:98   | GRID
2025-12-26 13:25:57,744 INFO [145_Scriabin_PSon_No5_B47-67_page_0]       LinesRetriever.java:1500 | Global slope: 0.00000
2025-12-26 13:25:57,866 INFO [145_Scriabin_PSon_No5_B47-67_page_0]    ClustersRetriever.java:326  | Retrieved raw line clusters: 10 of sizes [5] with interline(12,13,13)
2025-12-26 13:25:58,109 INFO [145_Scriabin_PSon_No5_B47-67_page_0]            PeakGraph.java:310  | Systems: #1[1, 2] #2[3, 4] #3[5, 6] #4[7, 8] #5[9, 10]
2025-12-26 13:25:58,371 INFO [145_Scriabin_PSon_No5_B47-67_page_0]        SystemManager.java:779  | 1 part along 5 systems
2025-12-26 13:25:58,372 INFO [145_Scriabin_PSon_No5_B47-67_page_0]                 Book.java:543  | Created scores: [{Score 1}]
2025-12-26 13:25:58,373 INFO [145_Scriabin_PSon_No5_B47-67_page_0]       StepMonitoring.java:98   | HEADERS
2025-12-26 13:25:58,716 INFO []      BasicClassifier.java:286  | Classifier loaded XML norms.
2025-12-26 13:25:58,719 INFO []   AbstractClassifier.java:396  | Classifier data loaded from default uri jar:file:/C:/Users/Elliot/Downloads/Audiveris/app/audiveris.jar!/res/basic-classifier.zip
2025-12-26 13:25:59,634 INFO [145_Scriabin_PSon_No5_B47-67_page_0]       StepMonitoring.java:98   | STEM_SEEDS
2025-12-26 13:25:59,679 INFO [145_Scriabin_PSon_No5_B47-67_page_0]        StemSeedsStep.java:86   | stem(2 max:2)
2025-12-26 13:25:59,737 INFO [145_Scriabin_PSon_No5_B47-67_page_0]       StepMonitoring.java:98   | BEAMS
2025-12-26 13:26:00,661 INFO [145_Scriabin_PSon_No5_B47-67_page_0]       StepMonitoring.java:98   | LEDGERS
2025-12-26 13:26:00,908 INFO [145_Scriabin_PSon_No5_B47-67_page_0]       StepMonitoring.java:98   | HEADS
2025-12-26 13:26:03,465 INFO [145_Scriabin_PSon_No5_B47-67_page_0]        HeadSeedTally.java:235  | Scale information: HeadSeeds{NOTEHEAD_BLACK[L:-0.4,R:0.4]}
2025-12-26 13:26:03,466 INFO [145_Scriabin_PSon_No5_B47-67_page_0]       StepMonitoring.java:98   | STEMS
2025-12-26 13:26:04,707 INFO [145_Scriabin_PSon_No5_B47-67_page_0]       StepMonitoring.java:98   | REDUCTION
2025-12-26 13:26:05,109 INFO [145_Scriabin_PSon_No5_B47-67_page_0]        ReductionStep.java:105  | Stems free length median value: 45 pixels, 3.5 interlines
2025-12-26 13:26:05,119 INFO [145_Scriabin_PSon_No5_B47-67_page_0]       StepMonitoring.java:98   | CUE_BEAMS
2025-12-26 13:26:05,120 INFO [145_Scriabin_PSon_No5_B47-67_page_0]         CueBeamsStep.java:81   | Step CUE_BEAMS is skipped because small heads switch is off
2025-12-26 13:26:05,120 INFO [145_Scriabin_PSon_No5_B47-67_page_0]       StepMonitoring.java:98   | TEXTS
2025-12-26 13:26:05,259 WARN [145_Scriabin_PSon_No5_B47-67_page_0]         TesseractOCR.java:335  | The collection of supported languages is empty
2025-12-26 13:26:05,260 INFO [145_Scriabin_PSon_No5_B47-67_page_0]              OcrUtil.java:106  | Missing support for 'eng' language(s)
2025-12-26 13:26:05,268 INFO [145_Scriabin_PSon_No5_B47-67_page_0]       StepMonitoring.java:98   | MEASURES
2025-12-26 13:26:05,282 INFO [145_Scriabin_PSon_No5_B47-67_page_0]                 Page.java:307  | 21 raw measures: [5 in system#1, 5 in system#2, 4 in system#3, 4 in system#4, 3 in system#5]
2025-12-26 13:26:05,282 INFO [145_Scriabin_PSon_No5_B47-67_page_0]       StepMonitoring.java:98   | CHORDS
2025-12-26 13:26:05,314 INFO [145_Scriabin_PSon_No5_B47-67_page_0]       StepMonitoring.java:98   | CURVES
2025-12-26 13:26:06,126 INFO [145_Scriabin_PSon_No5_B47-67_page_0]         SlursBuilder.java:240  | Slurs: 26
2025-12-26 13:26:06,211 INFO [145_Scriabin_PSon_No5_B47-67_page_0]      SegmentsBuilder.java:155  | Segments: 42
2025-12-26 13:26:06,229 INFO [145_Scriabin_PSon_No5_B47-67_page_0]       StepMonitoring.java:98   | SYMBOLS
2025-12-26 13:26:06,938 INFO [145_Scriabin_PSon_No5_B47-67_page_0]       StepMonitoring.java:98   | LINKS
2025-12-26 13:26:06,991 INFO [145_Scriabin_PSon_No5_B47-67_page_0]             KeyInter.java:1298 | Key built KeyInter#9283{(0.799) staff:7 KEY_FLAT_1 pitch:0.2 fifths:-1}
2025-12-26 13:26:07,015 INFO [145_Scriabin_PSon_No5_B47-67_page_0]       StepMonitoring.java:98   | RHYTHMS
2025-12-26 13:26:07,041 INFO [145_Scriabin_PSon_No5_B47-67_page_0]                Voice.java:257  | Measure{#1} Voice{#6 excess:1/8} too long
2025-12-26 13:26:07,042 INFO [145_Scriabin_PSon_No5_B47-67_page_0]          StackRhythm.java:224  | S1 MeasureStack#1 no correct rhythm
2025-12-26 13:26:07,046 INFO [145_Scriabin_PSon_No5_B47-67_page_0]                Voice.java:257  | Measure{#2} Voice{#6 excess:1/8} too long
2025-12-26 13:26:07,047 INFO [145_Scriabin_PSon_No5_B47-67_page_0]          StackRhythm.java:224  | S1 MeasureStack#2 no correct rhythm
2025-12-26 13:26:07,049 INFO [145_Scriabin_PSon_No5_B47-67_page_0]                Voice.java:257  | Measure{#3} Voice{#6 excess:1/8} too long
2025-12-26 13:26:07,049 INFO [145_Scriabin_PSon_No5_B47-67_page_0]          StackRhythm.java:224  | S1 MeasureStack#3 no correct rhythm
2025-12-26 13:26:07,052 INFO [145_Scriabin_PSon_No5_B47-67_page_0]                Voice.java:257  | Measure{#4} Voice{#6 excess:1/8} too long
2025-12-26 13:26:07,053 INFO [145_Scriabin_PSon_No5_B47-67_page_0]          StackRhythm.java:224  | S1 MeasureStack#4 no correct rhythm
2025-12-26 13:26:07,055 INFO [145_Scriabin_PSon_No5_B47-67_page_0]                Voice.java:257  | Measure{#5} Voice{#6 excess:1/8} too long
2025-12-26 13:26:07,057 INFO [145_Scriabin_PSon_No5_B47-67_page_0]          StackRhythm.java:224  | S1 MeasureStack#5 no correct rhythm
2025-12-26 13:26:07,062 INFO [145_Scriabin_PSon_No5_B47-67_page_0]                Voice.java:257  | Measure{#6} Voice{#6 excess:1/8} too long
2025-12-26 13:26:07,062 INFO [145_Scriabin_PSon_No5_B47-67_page_0]          StackRhythm.java:224  | S2 MeasureStack#6 no correct rhythm
2025-12-26 13:26:07,065 INFO [145_Scriabin_PSon_No5_B47-67_page_0]                Voice.java:257  | Measure{#7} Voice{#6 excess:1/8} too long
2025-12-26 13:26:07,065 INFO [145_Scriabin_PSon_No5_B47-67_page_0]          StackRhythm.java:224  | S2 MeasureStack#7 no correct rhythm
2025-12-26 13:26:07,067 INFO [145_Scriabin_PSon_No5_B47-67_page_0]                Voice.java:257  | Measure{#8} Voice{#6 excess:1/8} too long
2025-12-26 13:26:07,068 INFO [145_Scriabin_PSon_No5_B47-67_page_0]          StackRhythm.java:224  | S2 MeasureStack#8 no correct rhythm
2025-12-26 13:26:07,070 INFO [145_Scriabin_PSon_No5_B47-67_page_0]                Voice.java:257  | Measure{#9} Voice{#6 excess:1/8} too long
2025-12-26 13:26:07,071 INFO [145_Scriabin_PSon_No5_B47-67_page_0]          StackRhythm.java:224  | S2 MeasureStack#9 no correct rhythm
2025-12-26 13:26:07,075 INFO [145_Scriabin_PSon_No5_B47-67_page_0]                Voice.java:257  | Measure{#10} Voice{#6 excess:1/8} too long
2025-12-26 13:26:07,076 INFO [145_Scriabin_PSon_No5_B47-67_page_0]          StackRhythm.java:224  | S2 MeasureStack#10 no correct rhythm
2025-12-26 13:26:07,079 INFO [145_Scriabin_PSon_No5_B47-67_page_0]                Voice.java:257  | Measure{#11} Voice{#6 excess:1/8} too long
2025-12-26 13:26:07,079 INFO [145_Scriabin_PSon_No5_B47-67_page_0]          StackRhythm.java:224  | S3 MeasureStack#11 no correct rhythm
2025-12-26 13:26:07,082 INFO [145_Scriabin_PSon_No5_B47-67_page_0]                Voice.java:257  | Measure{#12} Voice{#6 excess:1/8} too long
2025-12-26 13:26:07,083 INFO [145_Scriabin_PSon_No5_B47-67_page_0]          StackRhythm.java:224  | S3 MeasureStack#12 no correct rhythm
2025-12-26 13:26:07,104 INFO [145_Scriabin_PSon_No5_B47-67_page_0]       StepMonitoring.java:98   | PAGE
2025-12-26 13:26:07,111 INFO [145_Scriabin_PSon_No5_B47-67_page_0]                Voice.java:257  | Measure{#1} Voice{#6 excess:1/8} too long
2025-12-26 13:26:07,111 INFO [145_Scriabin_PSon_No5_B47-67_page_0]                Voice.java:257  | Measure{#2} Voice{#6 excess:1/8} too long
2025-12-26 13:26:07,112 INFO [145_Scriabin_PSon_No5_B47-67_page_0]                Voice.java:257  | Measure{#3} Voice{#6 excess:1/8} too long
2025-12-26 13:26:07,112 INFO [145_Scriabin_PSon_No5_B47-67_page_0]                Voice.java:257  | Measure{#4} Voice{#6 excess:1/8} too long
2025-12-26 13:26:07,112 INFO [145_Scriabin_PSon_No5_B47-67_page_0]                Voice.java:257  | Measure{#5} Voice{#6 excess:1/8} too long
2025-12-26 13:26:07,112 INFO [145_Scriabin_PSon_No5_B47-67_page_0]                Voice.java:257  | Measure{#6} Voice{#6 excess:1/8} too long
2025-12-26 13:26:07,113 INFO [145_Scriabin_PSon_No5_B47-67_page_0]                Voice.java:257  | Measure{#7} Voice{#6 excess:1/8} too long
2025-12-26 13:26:07,113 INFO [145_Scriabin_PSon_No5_B47-67_page_0]                Voice.java:257  | Measure{#8} Voice{#6 excess:1/8} too long
2025-12-26 13:26:07,113 INFO [145_Scriabin_PSon_No5_B47-67_page_0]                Voice.java:257  | Measure{#9} Voice{#6 excess:1/8} too long
2025-12-26 13:26:07,113 INFO [145_Scriabin_PSon_No5_B47-67_page_0]                Voice.java:257  | Measure{#10} Voice{#6 excess:1/8} too long
2025-12-26 13:26:07,113 INFO [145_Scriabin_PSon_No5_B47-67_page_0]                Voice.java:257  | Measure{#11} Voice{#6 excess:1/8} too long
2025-12-26 13:26:07,114 INFO [145_Scriabin_PSon_No5_B47-67_page_0]                Voice.java:257  | Measure{#12} Voice{#6 excess:1/8} too long
2025-12-26 13:26:07,119 INFO [145_Scriabin_PSon_No5_B47-67_page_0]                 Book.java:2596 | Book{145_Scriabin_PSon_No5_B47-67_page_0} storing
2025-12-26 13:26:07,166 INFO [145_Scriabin_PSon_No5_B47-67_page_0]                 Book.java:2577 | Stored /book.xml
2025-12-26 13:26:07,248 INFO [145_Scriabin_PSon_No5_B47-67_page_0]           DataHolder.java:348  | Stored /sheet#1/BINARY.png
2025-12-26 13:26:08,132 INFO [145_Scriabin_PSon_No5_B47-67_page_0]                Sheet.java:1583 | Stored /sheet#1/sheet#1.xml
2025-12-26 13:26:08,134 INFO [145_Scriabin_PSon_No5_B47-67_page_0]                 Book.java:2537 | Book stored as C:\Users\Elliot\Downloads\Audiveris\scores\145_Scriabin_PSon_No5_B47-67_page_0.omr
2025-12-26 13:26:08,140 INFO [145_Scriabin_PSon_No5_B47-67_page_0]            SheetStub.java:1660 | Disposed sheet
2025-12-26 13:26:08,173 INFO [145_Scriabin_PSon_No5_B47-67_page_0]                 Book.java:2064 | End of Stub#1
2025-12-26 13:26:08,173 INFO [145_Scriabin_PSon_No5_B47-67_page_0]                 Book.java:2071 | Book processed.
2025-12-26 13:26:08,585 INFO [145_Scriabin_PSon_No5_B47-67_page_0]            SheetStub.java:997  | Loaded /sheet#1/sheet#1.xml
2025-12-26 13:26:09,001 INFO [145_Scriabin_PSon_No5_B47-67_page_0]      PartwiseBuilder.java:2688 | Exporting sheet(s): [#1]
2025-12-26 13:26:09,147 INFO [145_Scriabin_PSon_No5_B47-67_page_0]        ScoreExporter.java:164  | Score 145_Scriabin_PSon_No5_B47-67_page_0 exported to C:\Users\Elliot\Downloads\Audiveris\scores\145_Scriabin_PSon_No5_B47-67_page_0.mxl
2025-12-26 13:26:09,198 INFO [145_Scriabin_PSon_No5_B47-67_page_0]                Score.java:181  | Closing {Score 1}
