2025-12-26 13:26:10,985 INFO [146_Schubert_PSon_No16_D845_Mov1_B26-50_page_0]                 Book.java:560  | 1 sheet in C:\Users\Elliot\Downloads\Audiveris\scores\146_Schubert_PSon_No16_D845_Mov1_B26-50_page_0.jpg
2025-12-26 13:26:11,098 INFO []                 Book.java:2577 | Stored /book.xml
2025-12-26 13:26:11,099 INFO []                 Book.java:2537 | Book stored as C:\Users\Elliot\Downloads\Audiveris\scores\146_Schubert_PSon_No16_D845_Mov1_B26-50_page_0.omr
2025-12-26 13:26:11,104 INFO []                 Book.java:1929 | Book reaching PAGE on sheets:[#1]
2025-12-26 13:26:11,111 INFO [146_Schubert_PSon_No16_D845_Mov1_B26-50_page_0]       StepMonitoring.java:98   | LOAD
2025-12-26 13:26:11,203 INFO [146_Schubert_PSon_No16_D845_Mov1_B26-50_page_0]            SheetStub.java:1273 | Loaded image #1 1653x2339 from C:\Users\Elliot\Downloads\Audiveris\scores\146_Schubert_PSon_No16_D845_Mov1_B26-50_page_0.jpg
2025-12-26 13:26:11,206 INFO [146_Schubert_PSon_No16_D845_Mov1_B26-50_page_0]            ImageUtil.java:124  | Converting max RGB to gray
2025-12-26 13:26:11,339 INFO [146_Schubert_PSon_No16_D845_Mov1_B26-50_page_0]       StepMonitoring.java:98   | BINARY
2025-12-26 13:26:11,571 INFO [146_Schubert_PSon_No16_D845_Mov1_B26-50_page_0]       StepMonitoring.java:98   | SCALE
2025-12-26 13:26:11,593 INFO [146_Schubert_PSon_No16_D845_Mov1_B26-50_page_0]         ScaleBuilder.java:241  | Beam  guessed height:  5 -- 0.50 of 10 interline
2025-12-26 13:26:11,594 INFO [146_Schubert_PSon_No16_D845_Mov1_B26-50_page_0]         ScaleBuilder.java:264  | Beam measured height:  6 -- 0.43 of [3..10] range at 367% of needed quorum
2025-12-26 13:26:11,594 INFO [146_Schubert_PSon_No16_D845_Mov1_B26-50_page_0]            ScaleStep.java:65   | Scale{ interline(11,12,12) line(1,1,2) beam(6)}
2025-12-26 13:26:11,595 INFO [146_Schubert_PSon_No16_D845_Mov1_B26-50_page_0]       StepMonitoring.java:98   | GRID
2025-12-26 13:26:11,991 INFO [146_Schubert_PSon_No16_D845_Mov1_B26-50_page_0]       LinesRetriever.java:1500 | Global slope: 0.00000
2025-12-26 13:26:12,055 INFO [146_Schubert_PSon_No16_D845_Mov1_B26-50_page_0]    ClustersRetriever.java:326  | Retrieved raw line clusters: 10 of sizes [5] with interline(11,12,12)
2025-12-26 13:26:12,256 INFO [146_Schubert_PSon_No16_D845_Mov1_B26-50_page_0]            PeakGraph.java:310  | Systems: #1[1, 2] #2[3, 4] #3[5, 6] #4[7, 8] #5[9, 10]
2025-12-26 13:26:12,578 INFO [146_Schubert_PSon_No16_D845_Mov1_B26-50_page_0]        SystemManager.java:134  | Indentation detected for system #1
2025-12-26 13:26:12,578 INFO [146_Schubert_PSon_No16_D845_Mov1_B26-50_page_0]        SystemManager.java:779  | 1 part along 5 systems
2025-12-26 13:26:12,579 INFO [146_Schubert_PSon_No16_D845_Mov1_B26-50_page_0]                 Book.java:543  | Created scores: [{Score 1}]
2025-12-26 13:26:12,579 INFO [146_Schubert_PSon_No16_D845_Mov1_B26-50_page_0]       StepMonitoring.java:98   | HEADERS
2025-12-26 13:26:12,963 INFO [146_Schubert_PSon_No16_D845_Mov1_B26-50_page_0]      BasicClassifier.java:286  | Classifier loaded XML norms.
2025-12-26 13:26:12,967 INFO [146_Schubert_PSon_No16_D845_Mov1_B26-50_page_0]   AbstractClassifier.java:396  | Classifier data loaded from default uri jar:file:/C:/Users/Elliot/Downloads/Audiveris/app/audiveris.jar!/res/basic-classifier.zip
2025-12-26 13:26:13,458 INFO [146_Schubert_PSon_No16_D845_Mov1_B26-50_page_0]           KeyBuilder.java:1380 | Staff#2 key replication failed.
2025-12-26 13:26:13,635 INFO [146_Schubert_PSon_No16_D845_Mov1_B26-50_page_0]       StepMonitoring.java:98   | STEM_SEEDS
2025-12-26 13:26:13,677 INFO [146_Schubert_PSon_No16_D845_Mov1_B26-50_page_0]        StemSeedsStep.java:86   | stem(2 max:3)
2025-12-26 13:26:13,733 INFO [146_Schubert_PSon_No16_D845_Mov1_B26-50_page_0]       StepMonitoring.java:98   | BEAMS
2025-12-26 13:26:14,702 INFO [146_Schubert_PSon_No16_D845_Mov1_B26-50_page_0]       StepMonitoring.java:98   | LEDGERS
2025-12-26 13:26:15,002 INFO [146_Schubert_PSon_No16_D845_Mov1_B26-50_page_0]       StepMonitoring.java:98   | HEADS
2025-12-26 13:26:16,892 INFO [146_Schubert_PSon_No16_D845_Mov1_B26-50_page_0]        HeadSeedTally.java:235  | Scale information: HeadSeeds{NOTEHEAD_BLACK[L:-0.4,R:0.2]}
2025-12-26 13:26:16,893 INFO [146_Schubert_PSon_No16_D845_Mov1_B26-50_page_0]       StepMonitoring.java:98   | STEMS
2025-12-26 13:26:17,994 INFO [146_Schubert_PSon_No16_D845_Mov1_B26-50_page_0]       StepMonitoring.java:98   | REDUCTION
2025-12-26 13:26:18,306 INFO [146_Schubert_PSon_No16_D845_Mov1_B26-50_page_0]        ReductionStep.java:105  | Stems free length median value: 41 pixels, 3.4 interlines
2025-12-26 13:26:18,314 INFO [146_Schubert_PSon_No16_D845_Mov1_B26-50_page_0]       StepMonitoring.java:98   | CUE_BEAMS
2025-12-26 13:26:18,315 INFO [146_Schubert_PSon_No16_D845_Mov1_B26-50_page_0]         CueBeamsStep.java:81   | Step CUE_BEAMS is skipped because small heads switch is off
2025-12-26 13:26:18,316 INFO [146_Schubert_PSon_No16_D845_Mov1_B26-50_page_0]       StepMonitoring.java:98   | TEXTS
2025-12-26 13:26:18,404 WARN [146_Schubert_PSon_No16_D845_Mov1_B26-50_page_0]         TesseractOCR.java:335  | The collection of supported languages is empty
2025-12-26 13:26:18,405 INFO [146_Schubert_PSon_No16_D845_Mov1_B26-50_page_0]              OcrUtil.java:106  | Missing support for 'eng' language(s)
2025-12-26 13:26:18,418 INFO [146_Schubert_PSon_No16_D845_Mov1_B26-50_page_0]       StepMonitoring.java:98   | MEASURES
2025-12-26 13:26:18,428 INFO [146_Schubert_PSon_No16_D845_Mov1_B26-50_page_0]                 Page.java:307  | 25 raw measures: [4 in system#1, 5 in system#2, 5 in system#3, 5 in system#4, 6 in system#5]
2025-12-26 13:26:18,429 INFO [146_Schubert_PSon_No16_D845_Mov1_B26-50_page_0]       StepMonitoring.java:98   | CHORDS
2025-12-26 13:26:18,459 INFO [146_Schubert_PSon_No16_D845_Mov1_B26-50_page_0]       StepMonitoring.java:98   | CURVES
2025-12-26 13:26:19,133 INFO [146_Schubert_PSon_No16_D845_Mov1_B26-50_page_0]         SlursBuilder.java:240  | Slurs: 27
2025-12-26 13:26:19,152 INFO [146_Schubert_PSon_No16_D845_Mov1_B26-50_page_0]      SegmentsBuilder.java:155  | Segments: 7
2025-12-26 13:26:19,159 INFO [146_Schubert_PSon_No16_D845_Mov1_B26-50_page_0]       StepMonitoring.java:98   | SYMBOLS
2025-12-26 13:26:19,670 INFO [146_Schubert_PSon_No16_D845_Mov1_B26-50_page_0]       StepMonitoring.java:98   | LINKS
2025-12-26 13:26:19,674 INFO [146_Schubert_PSon_No16_D845_Mov1_B26-50_page_0]             KeyInter.java:1165 | No effective key before AlterInter#9201{(0.800) staff:2 NATURAL pitch:-3.0}
2025-12-26 13:26:19,691 INFO [146_Schubert_PSon_No16_D845_Mov1_B26-50_page_0]             KeyInter.java:1165 | No effective key before AlterInter#9246{(0.800) staff:3 NATURAL pitch:5.0}
2025-12-26 13:26:19,692 INFO [146_Schubert_PSon_No16_D845_Mov1_B26-50_page_0]             KeyInter.java:1165 | No effective key before AlterInter#9248{(0.800) staff:3 NATURAL pitch:3.0}
2025-12-26 13:26:19,702 INFO [146_Schubert_PSon_No16_D845_Mov1_B26-50_page_0]             KeyInter.java:1165 | No effective key before AlterInter#9327{(0.800) staff:5 NATURAL pitch:1.0}
2025-12-26 13:26:19,703 INFO [146_Schubert_PSon_No16_D845_Mov1_B26-50_page_0]             KeyInter.java:1165 | No effective key before AlterInter#9334{(0.800) staff:5 NATURAL pitch:0.0}
2025-12-26 13:26:19,704 INFO [146_Schubert_PSon_No16_D845_Mov1_B26-50_page_0]             KeyInter.java:1165 | No effective key before AlterInter#9341{(0.800) staff:5 NATURAL pitch:4.0}
2025-12-26 13:26:19,704 INFO [146_Schubert_PSon_No16_D845_Mov1_B26-50_page_0]             KeyInter.java:1165 | No effective key before AlterInter#9353{(0.800) staff:5 NATURAL pitch:-4.0}
2025-12-26 13:26:19,704 INFO [146_Schubert_PSon_No16_D845_Mov1_B26-50_page_0]             KeyInter.java:1165 | No effective key before AlterInter#9265{(0.800) staff:6 NATURAL pitch:2.0}
2025-12-26 13:26:19,704 INFO [146_Schubert_PSon_No16_D845_Mov1_B26-50_page_0]             KeyInter.java:1165 | No effective key before AlterInter#9277{(0.800) staff:6 NATURAL pitch:2.0}
2025-12-26 13:26:19,705 INFO [146_Schubert_PSon_No16_D845_Mov1_B26-50_page_0]             KeyInter.java:1165 | No effective key before AlterInter#9285{(0.800) staff:6 NATURAL pitch:2.0}
2025-12-26 13:26:19,736 INFO [146_Schubert_PSon_No16_D845_Mov1_B26-50_page_0]             KeyInter.java:1165 | No effective key before AlterInter#9480{(0.352) staff:9 NATURAL pitch:-2.0}
2025-12-26 13:26:19,753 INFO [146_Schubert_PSon_No16_D845_Mov1_B26-50_page_0]       StepMonitoring.java:98   | RHYTHMS
2025-12-26 13:26:19,818 INFO [146_Schubert_PSon_No16_D845_Mov1_B26-50_page_0]        MeasureRhythm.java:1277 | Measure{#14} Time inconsistency in {5/16=[HeadChordInter#8229{(0.941/0.941) staff:5 slot#4 off:5/16 dur:1/8}], 3/8=[HeadChordInter#8256{(0.973/0.973) staff:6 slot#4 off:3/8 dur:1/8}]}
2025-12-26 13:26:19,820 INFO [146_Schubert_PSon_No16_D845_Mov1_B26-50_page_0]   AbstractChordInter.java:627  | Measure{#14} No timeOffset for HeadChordInter#8230{(0.962/0.962) staff:5 slot#4 dur:1/8}
2025-12-26 13:26:19,823 INFO [146_Schubert_PSon_No16_D845_Mov1_B26-50_page_0]        MeasureRhythm.java:1045 | Measure{#14} No timeOffset for HeadChordInter#8231{(0.934/0.934) staff:5 slot#5 dur:1/4}
2025-12-26 13:26:19,823 INFO [146_Schubert_PSon_No16_D845_Mov1_B26-50_page_0]        MeasureRhythm.java:1045 | Measure{#14} No timeOffset for HeadChordInter#8232{(0.961/0.961) staff:5 slot#5 dur:1/4}
2025-12-26 13:26:19,825 INFO [146_Schubert_PSon_No16_D845_Mov1_B26-50_page_0]        MeasureRhythm.java:1045 | Measure{#14} No timeOffset for HeadChordInter#8257{(0.972/0.972) staff:6 slot#5 dur:1/4}
2025-12-26 13:26:19,826 INFO [146_Schubert_PSon_No16_D845_Mov1_B26-50_page_0]          StackRhythm.java:224  | S3 MeasureStack#14 no correct rhythm
2025-12-26 13:26:19,855 INFO [146_Schubert_PSon_No16_D845_Mov1_B26-50_page_0]       StepMonitoring.java:98   | PAGE
2025-12-26 13:26:19,862 WARN [146_Schubert_PSon_No16_D845_Mov1_B26-50_page_0]         MeasureFixer.java:343  | System#1 No target duration for measures local IDs [1, 2, 3, 4], please check time signatures
2025-12-26 13:26:19,865 WARN [146_Schubert_PSon_No16_D845_Mov1_B26-50_page_0]         MeasureFixer.java:343  | System#2 No target duration for measures local IDs [5, 6, 7, 8, 9], please check time signatures
2025-12-26 13:26:19,866 WARN [146_Schubert_PSon_No16_D845_Mov1_B26-50_page_0]         MeasureFixer.java:343  | System#3 No target duration for measures local IDs [10, 11, 12, 13, 14], please check time signatures
2025-12-26 13:26:19,866 WARN [146_Schubert_PSon_No16_D845_Mov1_B26-50_page_0]         MeasureFixer.java:343  | System#4 No target duration for measures local IDs [15, 16, 17, 18, 19], please check time signatures
2025-12-26 13:26:19,867 WARN [146_Schubert_PSon_No16_D845_Mov1_B26-50_page_0]         MeasureFixer.java:343  | System#5 No target duration for measures local IDs [20, 21, 22, 23, 24, 25], please check time signatures
2025-12-26 13:26:19,871 INFO [146_Schubert_PSon_No16_D845_Mov1_B26-50_page_0]                 Book.java:2596 | Book{146_Schubert_PSon_No16_D845_Mov1_B26-50_page_0} storing
2025-12-26 13:26:19,913 INFO [146_Schubert_PSon_No16_D845_Mov1_B26-50_page_0]                 Book.java:2577 | Stored /book.xml
2025-12-26 13:26:19,979 INFO [146_Schubert_PSon_No16_D845_Mov1_B26-50_page_0]           DataHolder.java:348  | Stored /sheet#1/BINARY.png
2025-12-26 13:26:20,880 INFO [146_Schubert_PSon_No16_D845_Mov1_B26-50_page_0]                Sheet.java:1583 | Stored /sheet#1/sheet#1.xml
2025-12-26 13:26:20,881 INFO [146_Schubert_PSon_No16_D845_Mov1_B26-50_page_0]                 Book.java:2537 | Book stored as C:\Users\Elliot\Downloads\Audiveris\scores\146_Schubert_PSon_No16_D845_Mov1_B26-50_page_0.omr
2025-12-26 13:26:20,886 INFO [146_Schubert_PSon_No16_D845_Mov1_B26-50_page_0]            SheetStub.java:1660 | Disposed sheet
2025-12-26 13:26:20,944 INFO [146_Schubert_PSon_No16_D845_Mov1_B26-50_page_0]                 Book.java:2064 | End of Stub#1
2025-12-26 13:26:20,945 INFO [146_Schubert_PSon_No16_D845_Mov1_B26-50_page_0]                 Book.java:2071 | Book processed.
2025-12-26 13:26:21,390 INFO [146_Schubert_PSon_No16_D845_Mov1_B26-50_page_0]            SheetStub.java:997  | Loaded /sheet#1/sheet#1.xml
2025-12-26 13:26:21,832 INFO [146_Schubert_PSon_No16_D845_Mov1_B26-50_page_0]      PartwiseBuilder.java:2688 | Exporting sheet(s): [#1]
2025-12-26 13:26:22,028 INFO [146_Schubert_PSon_No16_D845_Mov1_B26-50_page_0]        ScoreExporter.java:164  | Score 146_Schubert_PSon_No16_D845_Mov1_B26-50_page_0 exported to C:\Users\Elliot\Downloads\Audiveris\scores\146_Schubert_PSon_No16_D845_Mov1_B26-50_page_0.mxl
2025-12-26 13:26:22,080 INFO [146_Schubert_PSon_No16_D845_Mov1_B26-50_page_0]                Score.java:181  | Closing {Score 1}
