2025-12-26 13:26:24,005 INFO [147_Bartok_RomanianDance_No1_B0-33_page_0]                 Book.java:560  | 1 sheet in C:\Users\Elliot\Downloads\Audiveris\scores\147_Bartok_RomanianDance_No1_B0-33_page_0.jpg
2025-12-26 13:26:24,159 INFO []                 Book.java:2577 | Stored /book.xml
2025-12-26 13:26:24,159 INFO []                 Book.java:2537 | Book stored as C:\Users\Elliot\Downloads\Audiveris\scores\147_Bartok_RomanianDance_No1_B0-33_page_0.omr
2025-12-26 13:26:24,164 INFO []                 Book.java:1929 | Book reaching PAGE on sheets:[#1]
2025-12-26 13:26:24,170 INFO [147_Bartok_RomanianDance_No1_B0-33_page_0]       StepMonitoring.java:98   | LOAD
2025-12-26 13:26:24,259 INFO [147_Bartok_RomanianDance_No1_B0-33_page_0]            SheetStub.java:1273 | Loaded image #1 1653x2339 from C:\Users\Elliot\Downloads\Audiveris\scores\147_Bartok_RomanianDance_No1_B0-33_page_0.jpg
2025-12-26 13:26:24,262 INFO [147_Bartok_RomanianDance_No1_B0-33_page_0]            ImageUtil.java:124  | Converting max RGB to gray
2025-12-26 13:26:24,367 INFO [147_Bartok_RomanianDance_No1_B0-33_page_0]       StepMonitoring.java:98   | BINARY
2025-12-26 13:26:24,607 INFO [147_Bartok_RomanianDance_No1_B0-33_page_0]       StepMonitoring.java:98   | SCALE
2025-12-26 13:26:24,640 INFO [147_Bartok_RomanianDance_No1_B0-33_page_0]         ScaleBuilder.java:241  | Beam  guessed height:  6 -- 0.50 of 11 interline
2025-12-26 13:26:24,642 INFO [147_Bartok_RomanianDance_No1_B0-33_page_0]         ScaleBuilder.java:264  | Beam measured height:  6 -- 0.29 of [4..11] range at 282% of needed quorum
2025-12-26 13:26:24,643 INFO [147_Bartok_RomanianDance_No1_B0-33_page_0]            ScaleStep.java:65   | Scale{ interline(12,13,13) line(1,1,3) beam(6)}
2025-12-26 13:26:24,644 INFO [147_Bartok_RomanianDance_No1_B0-33_page_0]       StepMonitoring.java:98   | GRID
2025-12-26 13:26:25,119 INFO [147_Bartok_RomanianDance_No1_B0-33_page_0]       LinesRetriever.java:1500 | Global slope: 0.00000
2025-12-26 13:26:25,213 INFO [147_Bartok_RomanianDance_No1_B0-33_page_0]    ClustersRetriever.java:326  | Retrieved raw line clusters: 12 of sizes [5] with interline(12,13,13)
2025-12-26 13:26:25,384 INFO [147_Bartok_RomanianDance_No1_B0-33_page_0]            PeakGraph.java:310  | Systems: #1[1, 2] #2[3, 4] #3[5, 6] #4[7, 8] #5[9, 10] #6[11, 12]
2025-12-26 13:26:25,650 INFO [147_Bartok_RomanianDance_No1_B0-33_page_0]        SystemManager.java:134  | Indentation detected for system #1
2025-12-26 13:26:25,651 INFO [147_Bartok_RomanianDance_No1_B0-33_page_0]        SystemManager.java:779  | 1 part along 6 systems
2025-12-26 13:26:25,652 INFO [147_Bartok_RomanianDance_No1_B0-33_page_0]                 Book.java:543  | Created scores: [{Score 1}]
2025-12-26 13:26:25,653 INFO [147_Bartok_RomanianDance_No1_B0-33_page_0]       StepMonitoring.java:98   | HEADERS
2025-12-26 13:26:25,926 INFO [147_Bartok_RomanianDance_No1_B0-33_page_0]      BasicClassifier.java:286  | Classifier loaded XML norms.
2025-12-26 13:26:25,930 INFO [147_Bartok_RomanianDance_No1_B0-33_page_0]   AbstractClassifier.java:396  | Classifier data loaded from default uri jar:file:/C:/Users/Elliot/Downloads/Audiveris/app/audiveris.jar!/res/basic-classifier.zip
2025-12-26 13:26:26,556 INFO [147_Bartok_RomanianDance_No1_B0-33_page_0]       StepMonitoring.java:98   | STEM_SEEDS
2025-12-26 13:26:26,591 INFO [147_Bartok_RomanianDance_No1_B0-33_page_0]        StemSeedsStep.java:86   | stem(1 max:2)
2025-12-26 13:26:26,642 INFO [147_Bartok_RomanianDance_No1_B0-33_page_0]       StepMonitoring.java:98   | BEAMS
2025-12-26 13:26:27,522 INFO [147_Bartok_RomanianDance_No1_B0-33_page_0]       StepMonitoring.java:98   | LEDGERS
2025-12-26 13:26:28,048 INFO [147_Bartok_RomanianDance_No1_B0-33_page_0]       StepMonitoring.java:98   | HEADS
2025-12-26 13:26:30,224 INFO [147_Bartok_RomanianDance_No1_B0-33_page_0]        HeadSeedTally.java:235  | Scale information: HeadSeeds{NOTEHEAD_BLACK[L:-0.0,R:0.5]}
2025-12-26 13:26:30,225 INFO [147_Bartok_RomanianDance_No1_B0-33_page_0]       StepMonitoring.java:98   | STEMS
2025-12-26 13:26:31,023 INFO [147_Bartok_RomanianDance_No1_B0-33_page_0]       StepMonitoring.java:98   | REDUCTION
2025-12-26 13:26:31,203 INFO [147_Bartok_RomanianDance_No1_B0-33_page_0]        ReductionStep.java:105  | Stems free length median value: 45 pixels, 3.5 interlines
2025-12-26 13:26:31,210 INFO [147_Bartok_RomanianDance_No1_B0-33_page_0]       StepMonitoring.java:98   | CUE_BEAMS
2025-12-26 13:26:31,210 INFO [147_Bartok_RomanianDance_No1_B0-33_page_0]         CueBeamsStep.java:81   | Step CUE_BEAMS is skipped because small heads switch is off
2025-12-26 13:26:31,211 INFO [147_Bartok_RomanianDance_No1_B0-33_page_0]       StepMonitoring.java:98   | TEXTS
2025-12-26 13:26:31,318 WARN [147_Bartok_RomanianDance_No1_B0-33_page_0]         TesseractOCR.java:335  | The collection of supported languages is empty
2025-12-26 13:26:31,319 INFO [147_Bartok_RomanianDance_No1_B0-33_page_0]              OcrUtil.java:106  | Missing support for 'eng' language(s)
2025-12-26 13:26:31,328 INFO [147_Bartok_RomanianDance_No1_B0-33_page_0]       StepMonitoring.java:98   | MEASURES
2025-12-26 13:26:31,344 INFO [147_Bartok_RomanianDance_No1_B0-33_page_0]                 Page.java:307  | 33 raw measures: [6 in system#1, 6 in system#2, 6 in system#3, 5 in system#4, 5 in system#5, 5 in system#6]
2025-12-26 13:26:31,344 INFO [147_Bartok_RomanianDance_No1_B0-33_page_0]       StepMonitoring.java:98   | CHORDS
2025-12-26 13:26:31,364 INFO [147_Bartok_RomanianDance_No1_B0-33_page_0]       StepMonitoring.java:98   | CURVES
2025-12-26 13:26:32,207 INFO [147_Bartok_RomanianDance_No1_B0-33_page_0]         SlursBuilder.java:240  | Slurs: 46
2025-12-26 13:26:32,301 INFO [147_Bartok_RomanianDance_No1_B0-33_page_0]      SegmentsBuilder.java:155  | Segments: 66
2025-12-26 13:26:32,323 INFO [147_Bartok_RomanianDance_No1_B0-33_page_0]       StepMonitoring.java:98   | SYMBOLS
2025-12-26 13:26:33,075 INFO [147_Bartok_RomanianDance_No1_B0-33_page_0]       StepMonitoring.java:98   | LINKS
2025-12-26 13:26:33,089 INFO [147_Bartok_RomanianDance_No1_B0-33_page_0]             KeyInter.java:1165 | No effective key before AlterInter#7538{(0.800) staff:1 NATURAL pitch:-4.0}
2025-12-26 13:26:33,122 INFO [147_Bartok_RomanianDance_No1_B0-33_page_0]             KeyInter.java:1165 | No effective key before AlterInter#7614{(0.800) staff:3 NATURAL pitch:-4.0}
2025-12-26 13:26:33,190 INFO [147_Bartok_RomanianDance_No1_B0-33_page_0]       StepMonitoring.java:98   | RHYTHMS
2025-12-26 13:26:33,222 INFO [147_Bartok_RomanianDance_No1_B0-33_page_0]                Voice.java:257  | Measure{#4} Voice{#6 excess:1/4} too long
2025-12-26 13:26:33,223 INFO [147_Bartok_RomanianDance_No1_B0-33_page_0]          StackRhythm.java:224  | S1 MeasureStack#4 no correct rhythm
2025-12-26 13:26:33,241 INFO [147_Bartok_RomanianDance_No1_B0-33_page_0]        MeasureRhythm.java:1045 | Measure{#13} No timeOffset for HeadChordInter#5996{(0.948/0.948) staff:5 slot#5 dur:1/8}
2025-12-26 13:26:33,241 INFO [147_Bartok_RomanianDance_No1_B0-33_page_0]        MeasureRhythm.java:1045 | Measure{#13} No timeOffset for HeadChordInter#6019{(0.948/0.948) staff:6 slot#5 dur:1/8}
2025-12-26 13:26:33,242 INFO [147_Bartok_RomanianDance_No1_B0-33_page_0]   AbstractChordInter.java:627  | Measure{#13} No timeOffset for HeadChordInter#5996{(0.948/0.948) staff:5 slot#5 dur:1/8}
2025-12-26 13:26:33,242 INFO [147_Bartok_RomanianDance_No1_B0-33_page_0]   AbstractChordInter.java:627  | Measure{#13} No timeOffset for HeadChordInter#6020{(0.943/0.943) staff:6 slot#6 dur:1/8}
2025-12-26 13:26:33,242 INFO [147_Bartok_RomanianDance_No1_B0-33_page_0]          StackRhythm.java:224  | S3 MeasureStack#13 no correct rhythm
2025-12-26 13:26:33,255 INFO [147_Bartok_RomanianDance_No1_B0-33_page_0]                Voice.java:257  | Measure{#20} Voice{#1 excess:1/8} too long
2025-12-26 13:26:33,256 INFO [147_Bartok_RomanianDance_No1_B0-33_page_0]          StackRhythm.java:224  | S4 MeasureStack#20 no correct rhythm
2025-12-26 13:26:33,272 INFO [147_Bartok_RomanianDance_No1_B0-33_page_0]       StepMonitoring.java:98   | PAGE
2025-12-26 13:26:33,278 INFO [147_Bartok_RomanianDance_No1_B0-33_page_0]                Voice.java:257  | Measure{#4} Voice{#6 excess:1/4} too long
2025-12-26 13:26:33,279 INFO [147_Bartok_RomanianDance_No1_B0-33_page_0]                Voice.java:257  | Measure{#20} Voice{#1 excess:1/8} too long
2025-12-26 13:26:33,284 INFO [147_Bartok_RomanianDance_No1_B0-33_page_0]                 Book.java:2596 | Book{147_Bartok_RomanianDance_No1_B0-33_page_0} storing
2025-12-26 13:26:33,337 INFO [147_Bartok_RomanianDance_No1_B0-33_page_0]                 Book.java:2577 | Stored /book.xml
2025-12-26 13:26:33,419 INFO [147_Bartok_RomanianDance_No1_B0-33_page_0]           DataHolder.java:348  | Stored /sheet#1/BINARY.png
2025-12-26 13:26:34,328 INFO [147_Bartok_RomanianDance_No1_B0-33_page_0]                Sheet.java:1583 | Stored /sheet#1/sheet#1.xml
2025-12-26 13:26:34,328 INFO [147_Bartok_RomanianDance_No1_B0-33_page_0]                 Book.java:2537 | Book stored as C:\Users\Elliot\Downloads\Audiveris\scores\147_Bartok_RomanianDance_No1_B0-33_page_0.omr
2025-12-26 13:26:34,335 INFO [147_Bartok_RomanianDance_No1_B0-33_page_0]            SheetStub.java:1660 | Disposed sheet
2025-12-26 13:26:34,370 INFO [147_Bartok_RomanianDance_No1_B0-33_page_0]                 Book.java:2064 | End of Stub#1
2025-12-26 13:26:34,371 INFO [147_Bartok_RomanianDance_No1_B0-33_page_0]                 Book.java:2071 | Book processed.
2025-12-26 13:26:34,791 INFO [147_Bartok_RomanianDance_No1_B0-33_page_0]            SheetStub.java:997  | Loaded /sheet#1/sheet#1.xml
2025-12-26 13:26:35,229 INFO [147_Bartok_RomanianDance_No1_B0-33_page_0]      PartwiseBuilder.java:2688 | Exporting sheet(s): [#1]
2025-12-26 13:26:35,372 INFO [147_Bartok_RomanianDance_No1_B0-33_page_0]        ScoreExporter.java:164  | Score 147_Bartok_RomanianDance_No1_B0-33_page_0 exported to C:\Users\Elliot\Downloads\Audiveris\scores\147_Bartok_RomanianDance_No1_B0-33_page_0.mxl
2025-12-26 13:26:35,432 INFO [147_Bartok_RomanianDance_No1_B0-33_page_0]                Score.java:181  | Closing {Score 1}
