2025-12-26 13:26:37,481 INFO [148_Albeniz_SuiteEspanola_Op45-1_Mov2_B1-15_page_0]                 Book.java:560  | 1 sheet in C:\Users\Elliot\Downloads\Audiveris\scores\148_Albeniz_SuiteEspanola_Op45-1_Mov2_B1-15_page_0.jpg
2025-12-26 13:26:37,668 INFO []                 Book.java:2577 | Stored /book.xml
2025-12-26 13:26:37,669 INFO []                 Book.java:2537 | Book stored as C:\Users\Elliot\Downloads\Audiveris\scores\148_Albeniz_SuiteEspanola_Op45-1_Mov2_B1-15_page_0.omr
2025-12-26 13:26:37,678 INFO []                 Book.java:1929 | Book reaching PAGE on sheets:[#1]
2025-12-26 13:26:37,684 INFO [148_Albeniz_SuiteEspanola_Op45-1_Mov2_B1-15_page_0]       StepMonitoring.java:98   | LOAD
2025-12-26 13:26:37,797 INFO [148_Albeniz_SuiteEspanola_Op45-1_Mov2_B1-15_page_0]            SheetStub.java:1273 | Loaded image #1 1653x2339 from C:\Users\Elliot\Downloads\Audiveris\scores\148_Albeniz_SuiteEspanola_Op45-1_Mov2_B1-15_page_0.jpg
2025-12-26 13:26:37,802 INFO [148_Albeniz_SuiteEspanola_Op45-1_Mov2_B1-15_page_0]            ImageUtil.java:124  | Converting max RGB to gray
2025-12-26 13:26:37,947 INFO [148_Albeniz_SuiteEspanola_Op45-1_Mov2_B1-15_page_0]       StepMonitoring.java:98   | BINARY
2025-12-26 13:26:38,214 INFO [148_Albeniz_SuiteEspanola_Op45-1_Mov2_B1-15_page_0]       StepMonitoring.java:98   | SCALE
2025-12-26 13:26:38,235 INFO [148_Albeniz_SuiteEspanola_Op45-1_Mov2_B1-15_page_0]         ScaleBuilder.java:241  | Beam  guessed height:  6 -- 0.50 of 12 interline
2025-12-26 13:26:38,236 INFO [148_Albeniz_SuiteEspanola_Op45-1_Mov2_B1-15_page_0]         ScaleBuilder.java:264  | Beam measured height:  8 -- 0.50 of [4..12] range at 126% of needed quorum
2025-12-26 13:26:38,237 INFO [148_Albeniz_SuiteEspanola_Op45-1_Mov2_B1-15_page_0]            ScaleStep.java:65   | Scale{ interline(14,14,15) line(1,1,3) beam(8)}
2025-12-26 13:26:38,238 INFO [148_Albeniz_SuiteEspanola_Op45-1_Mov2_B1-15_page_0]       StepMonitoring.java:98   | GRID
2025-12-26 13:26:38,525 INFO [148_Albeniz_SuiteEspanola_Op45-1_Mov2_B1-15_page_0]       LinesRetriever.java:1500 | Global slope: 0.00000
2025-12-26 13:26:38,608 INFO [148_Albeniz_SuiteEspanola_Op45-1_Mov2_B1-15_page_0]    ClustersRetriever.java:326  | Retrieved raw line clusters: 6 of sizes [5] with interline(14,14,15)
2025-12-26 13:26:38,756 INFO [148_Albeniz_SuiteEspanola_Op45-1_Mov2_B1-15_page_0]            PeakGraph.java:310  | Systems: #1[1, 2] #2[3, 4] #3[5, 6]
2025-12-26 13:26:39,031 INFO [148_Albeniz_SuiteEspanola_Op45-1_Mov2_B1-15_page_0]        SystemManager.java:779  | 1 part along 3 systems
2025-12-26 13:26:39,032 INFO [148_Albeniz_SuiteEspanola_Op45-1_Mov2_B1-15_page_0]                 Book.java:543  | Created scores: [{Score 1}]
2025-12-26 13:26:39,033 INFO [148_Albeniz_SuiteEspanola_Op45-1_Mov2_B1-15_page_0]       StepMonitoring.java:98   | HEADERS
2025-12-26 13:26:39,332 INFO [148_Albeniz_SuiteEspanola_Op45-1_Mov2_B1-15_page_0]      BasicClassifier.java:286  | Classifier loaded XML norms.
2025-12-26 13:26:39,336 INFO [148_Albeniz_SuiteEspanola_Op45-1_Mov2_B1-15_page_0]   AbstractClassifier.java:396  | Classifier data loaded from default uri jar:file:/C:/Users/Elliot/Downloads/Audiveris/app/audiveris.jar!/res/basic-classifier.zip
2025-12-26 13:26:40,014 INFO [148_Albeniz_SuiteEspanola_Op45-1_Mov2_B1-15_page_0]       StepMonitoring.java:98   | STEM_SEEDS
2025-12-26 13:26:40,073 INFO [148_Albeniz_SuiteEspanola_Op45-1_Mov2_B1-15_page_0]        StemSeedsStep.java:86   | stem(2 max:2)
2025-12-26 13:26:40,121 INFO [148_Albeniz_SuiteEspanola_Op45-1_Mov2_B1-15_page_0]       StepMonitoring.java:98   | BEAMS
2025-12-26 13:26:41,390 INFO [148_Albeniz_SuiteEspanola_Op45-1_Mov2_B1-15_page_0]       StepMonitoring.java:98   | LEDGERS
2025-12-26 13:26:41,516 INFO [148_Albeniz_SuiteEspanola_Op45-1_Mov2_B1-15_page_0]       StepMonitoring.java:98   | HEADS
2025-12-26 13:26:43,146 INFO [148_Albeniz_SuiteEspanola_Op45-1_Mov2_B1-15_page_0]        HeadSeedTally.java:235  | Scale information: HeadSeeds{NOTEHEAD_BLACK[L:-0.4,R:0.3]}
2025-12-26 13:26:43,147 INFO [148_Albeniz_SuiteEspanola_Op45-1_Mov2_B1-15_page_0]       StepMonitoring.java:98   | STEMS
2025-12-26 13:26:43,665 INFO [148_Albeniz_SuiteEspanola_Op45-1_Mov2_B1-15_page_0]       StepMonitoring.java:98   | REDUCTION
2025-12-26 13:26:43,793 INFO [148_Albeniz_SuiteEspanola_Op45-1_Mov2_B1-15_page_0]        ReductionStep.java:105  | Stems free length median value: 50 pixels, 3.6 interlines
2025-12-26 13:26:43,796 INFO [148_Albeniz_SuiteEspanola_Op45-1_Mov2_B1-15_page_0]       StepMonitoring.java:98   | CUE_BEAMS
2025-12-26 13:26:43,797 INFO [148_Albeniz_SuiteEspanola_Op45-1_Mov2_B1-15_page_0]         CueBeamsStep.java:81   | Step CUE_BEAMS is skipped because small heads switch is off
2025-12-26 13:26:43,797 INFO [148_Albeniz_SuiteEspanola_Op45-1_Mov2_B1-15_page_0]       StepMonitoring.java:98   | TEXTS
2025-12-26 13:26:43,870 WARN [148_Albeniz_SuiteEspanola_Op45-1_Mov2_B1-15_page_0]         TesseractOCR.java:335  | The collection of supported languages is empty
2025-12-26 13:26:43,870 INFO [148_Albeniz_SuiteEspanola_Op45-1_Mov2_B1-15_page_0]              OcrUtil.java:106  | Missing support for 'eng' language(s)
2025-12-26 13:26:43,880 INFO [148_Albeniz_SuiteEspanola_Op45-1_Mov2_B1-15_page_0]       StepMonitoring.java:98   | MEASURES
2025-12-26 13:26:43,890 INFO [148_Albeniz_SuiteEspanola_Op45-1_Mov2_B1-15_page_0]                 Page.java:307  | 15 raw measures: [4 in system#1, 5 in system#2, 6 in system#3]
2025-12-26 13:26:43,891 INFO [148_Albeniz_SuiteEspanola_Op45-1_Mov2_B1-15_page_0]       StepMonitoring.java:98   | CHORDS
2025-12-26 13:26:43,906 INFO [148_Albeniz_SuiteEspanola_Op45-1_Mov2_B1-15_page_0]       StepMonitoring.java:98   | CURVES
2025-12-26 13:26:44,404 INFO [148_Albeniz_SuiteEspanola_Op45-1_Mov2_B1-15_page_0]         SlursBuilder.java:240  | Slurs: 13
2025-12-26 13:26:44,420 INFO [148_Albeniz_SuiteEspanola_Op45-1_Mov2_B1-15_page_0]      SegmentsBuilder.java:155  | Segments: 25
2025-12-26 13:26:44,434 INFO [148_Albeniz_SuiteEspanola_Op45-1_Mov2_B1-15_page_0]       StepMonitoring.java:98   | SYMBOLS
2025-12-26 13:26:44,813 INFO [148_Albeniz_SuiteEspanola_Op45-1_Mov2_B1-15_page_0]       StepMonitoring.java:98   | LINKS
2025-12-26 13:26:44,861 INFO [148_Albeniz_SuiteEspanola_Op45-1_Mov2_B1-15_page_0]       StepMonitoring.java:98   | RHYTHMS
2025-12-26 13:26:44,908 INFO [148_Albeniz_SuiteEspanola_Op45-1_Mov2_B1-15_page_0]       StepMonitoring.java:98   | PAGE
2025-12-26 13:26:44,918 INFO [148_Albeniz_SuiteEspanola_Op45-1_Mov2_B1-15_page_0]                 Book.java:2596 | Book{148_Albeniz_SuiteEspanola_Op45-1_Mov2_B1-15_page_0} storing
2025-12-26 13:26:44,954 INFO [148_Albeniz_SuiteEspanola_Op45-1_Mov2_B1-15_page_0]                 Book.java:2577 | Stored /book.xml
2025-12-26 13:26:45,025 INFO [148_Albeniz_SuiteEspanola_Op45-1_Mov2_B1-15_page_0]           DataHolder.java:348  | Stored /sheet#1/BINARY.png
2025-12-26 13:26:45,576 INFO [148_Albeniz_SuiteEspanola_Op45-1_Mov2_B1-15_page_0]                Sheet.java:1583 | Stored /sheet#1/sheet#1.xml
2025-12-26 13:26:45,577 INFO [148_Albeniz_SuiteEspanola_Op45-1_Mov2_B1-15_page_0]                 Book.java:2537 | Book stored as C:\Users\Elliot\Downloads\Audiveris\scores\148_Albeniz_SuiteEspanola_Op45-1_Mov2_B1-15_page_0.omr
2025-12-26 13:26:45,582 INFO [148_Albeniz_SuiteEspanola_Op45-1_Mov2_B1-15_page_0]            SheetStub.java:1660 | Disposed sheet
2025-12-26 13:26:45,615 INFO [148_Albeniz_SuiteEspanola_Op45-1_Mov2_B1-15_page_0]                 Book.java:2064 | End of Stub#1
2025-12-26 13:26:45,616 INFO [148_Albeniz_SuiteEspanola_Op45-1_Mov2_B1-15_page_0]                 Book.java:2071 | Book processed.
2025-12-26 13:26:45,901 INFO [148_Albeniz_SuiteEspanola_Op45-1_Mov2_B1-15_page_0]            SheetStub.java:997  | Loaded /sheet#1/sheet#1.xml
2025-12-26 13:26:46,413 INFO [148_Albeniz_SuiteEspanola_Op45-1_Mov2_B1-15_page_0]      PartwiseBuilder.java:2688 | Exporting sheet(s): [#1]
2025-12-26 13:26:46,508 INFO [148_Albeniz_SuiteEspanola_Op45-1_Mov2_B1-15_page_0]        ScoreExporter.java:164  | Score 148_Albeniz_SuiteEspanola_Op45-1_Mov2_B1-15_page_0 exported to C:\Users\Elliot\Downloads\Audiveris\scores\148_Albeniz_SuiteEspanola_Op45-1_Mov2_B1-15_page_0.mxl
2025-12-26 13:26:46,551 INFO [148_Albeniz_SuiteEspanola_Op45-1_Mov2_B1-15_page_0]                Score.java:181  | Closing {Score 1}
