2025-12-26 13:26:48,628 INFO [149_Chopin_Polonaise_Op53_B1-16_page_0]                 Book.java:560  | 1 sheet in C:\Users\Elliot\Downloads\Audiveris\scores\149_Chopin_Polonaise_Op53_B1-16_page_0.jpg
2025-12-26 13:26:48,776 INFO []                 Book.java:2577 | Stored /book.xml
2025-12-26 13:26:48,777 INFO []                 Book.java:2537 | Book stored as C:\Users\Elliot\Downloads\Audiveris\scores\149_Chopin_Polonaise_Op53_B1-16_page_0.omr
2025-12-26 13:26:48,783 INFO []                 Book.java:1929 | Book reaching PAGE on sheets:[#1]
2025-12-26 13:26:48,791 INFO [149_Chopin_Polonaise_Op53_B1-16_page_0]       StepMonitoring.java:98   | LOAD
2025-12-26 13:26:48,880 INFO [149_Chopin_Polonaise_Op53_B1-16_page_0]            SheetStub.java:1273 | Loaded image #1 1653x2339 from C:\Users\Elliot\Downloads\Audiveris\scores\149_Chopin_Polonaise_Op53_B1-16_page_0.jpg
2025-12-26 13:26:48,885 INFO [149_Chopin_Polonaise_Op53_B1-16_page_0]            ImageUtil.java:124  | Converting max RGB to gray
2025-12-26 13:26:49,051 INFO [149_Chopin_Polonaise_Op53_B1-16_page_0]       StepMonitoring.java:98   | BINARY
2025-12-26 13:26:49,324 INFO [149_Chopin_Polonaise_Op53_B1-16_page_0]       StepMonitoring.java:98   | SCALE
2025-12-26 13:26:49,349 INFO [149_Chopin_Polonaise_Op53_B1-16_page_0]         ScaleBuilder.java:241  | Beam  guessed height:  5 -- 0.50 of 10 interline
2025-12-26 13:26:49,350 INFO [149_Chopin_Polonaise_Op53_B1-16_page_0]         ScaleBuilder.java:264  | Beam measured height:  6 -- 0.43 of [3..10] range at 661% of needed quorum
2025-12-26 13:26:49,351 INFO [149_Chopin_Polonaise_Op53_B1-16_page_0]            ScaleStep.java:65   | Scale{ interline(11,12,12) line(1,1,3) beam(6)}
2025-12-26 13:26:49,352 INFO [149_Chopin_Polonaise_Op53_B1-16_page_0]       StepMonitoring.java:98   | GRID
2025-12-26 13:26:50,082 INFO [149_Chopin_Polonaise_Op53_B1-16_page_0]       LinesRetriever.java:1500 | Global slope: -0.00029
2025-12-26 13:26:50,178 INFO [149_Chopin_Polonaise_Op53_B1-16_page_0]    ClustersRetriever.java:326  | Retrieved raw line clusters: 8 of sizes [5] with interline(11,12,12)
2025-12-26 13:26:50,418 INFO [149_Chopin_Polonaise_Op53_B1-16_page_0]            PeakGraph.java:310  | Systems: #1[1, 2] #2[3, 4] #3[5, 6] #4[7, 8]
2025-12-26 13:26:50,819 INFO [149_Chopin_Polonaise_Op53_B1-16_page_0]        SystemManager.java:134  | Indentation detected for system #1
2025-12-26 13:26:50,821 INFO [149_Chopin_Polonaise_Op53_B1-16_page_0]        SystemManager.java:779  | 1 part along 4 systems
2025-12-26 13:26:50,821 INFO [149_Chopin_Polonaise_Op53_B1-16_page_0]                 Book.java:543  | Created scores: [{Score 1}]
2025-12-26 13:26:50,822 INFO [149_Chopin_Polonaise_Op53_B1-16_page_0]       StepMonitoring.java:98   | HEADERS
2025-12-26 13:26:51,132 INFO [149_Chopin_Polonaise_Op53_B1-16_page_0]      BasicClassifier.java:286  | Classifier loaded XML norms.
2025-12-26 13:26:51,138 INFO [149_Chopin_Polonaise_Op53_B1-16_page_0]   AbstractClassifier.java:396  | Classifier data loaded from default uri jar:file:/C:/Users/Elliot/Downloads/Audiveris/app/audiveris.jar!/res/basic-classifier.zip
2025-12-26 13:26:52,079 INFO [149_Chopin_Polonaise_Op53_B1-16_page_0]       StepMonitoring.java:98   | STEM_SEEDS
2025-12-26 13:26:52,132 INFO [149_Chopin_Polonaise_Op53_B1-16_page_0]        StemSeedsStep.java:86   | stem(2 max:2)
2025-12-26 13:26:52,194 INFO [149_Chopin_Polonaise_Op53_B1-16_page_0]       StepMonitoring.java:98   | BEAMS
2025-12-26 13:26:53,500 INFO [149_Chopin_Polonaise_Op53_B1-16_page_0]       StepMonitoring.java:98   | LEDGERS
2025-12-26 13:26:53,745 INFO [149_Chopin_Polonaise_Op53_B1-16_page_0]       StepMonitoring.java:98   | HEADS
2025-12-26 13:26:55,770 INFO [149_Chopin_Polonaise_Op53_B1-16_page_0]        HeadSeedTally.java:235  | Scale information: HeadSeeds{NOTEHEAD_BLACK[L:-0.2,R:0.5]}
2025-12-26 13:26:55,770 INFO [149_Chopin_Polonaise_Op53_B1-16_page_0]       StepMonitoring.java:98   | STEMS
2025-12-26 13:26:57,629 INFO [149_Chopin_Polonaise_Op53_B1-16_page_0]       StepMonitoring.java:98   | REDUCTION
2025-12-26 13:26:58,101 INFO [149_Chopin_Polonaise_Op53_B1-16_page_0]        ReductionStep.java:105  | Stems free length median value: 42 pixels, 3.5 interlines
2025-12-26 13:26:58,108 INFO [149_Chopin_Polonaise_Op53_B1-16_page_0]       StepMonitoring.java:98   | CUE_BEAMS
2025-12-26 13:26:58,108 INFO [149_Chopin_Polonaise_Op53_B1-16_page_0]         CueBeamsStep.java:81   | Step CUE_BEAMS is skipped because small heads switch is off
2025-12-26 13:26:58,109 INFO [149_Chopin_Polonaise_Op53_B1-16_page_0]       StepMonitoring.java:98   | TEXTS
2025-12-26 13:26:58,216 WARN [149_Chopin_Polonaise_Op53_B1-16_page_0]         TesseractOCR.java:335  | The collection of supported languages is empty
2025-12-26 13:26:58,217 INFO [149_Chopin_Polonaise_Op53_B1-16_page_0]              OcrUtil.java:106  | Missing support for 'eng' language(s)
2025-12-26 13:26:58,228 INFO [149_Chopin_Polonaise_Op53_B1-16_page_0]       StepMonitoring.java:98   | MEASURES
2025-12-26 13:26:58,239 INFO [149_Chopin_Polonaise_Op53_B1-16_page_0]                 Page.java:307  | 16 raw measures: [4 in system#1, 4 in system#2, 4 in system#3, 4 in system#4]
2025-12-26 13:26:58,239 INFO [149_Chopin_Polonaise_Op53_B1-16_page_0]       StepMonitoring.java:98   | CHORDS
2025-12-26 13:26:58,265 INFO [149_Chopin_Polonaise_Op53_B1-16_page_0]       StepMonitoring.java:98   | CURVES
2025-12-26 13:26:59,289 INFO [149_Chopin_Polonaise_Op53_B1-16_page_0]         SlursBuilder.java:240  | Slurs: 29
2025-12-26 13:26:59,348 INFO [149_Chopin_Polonaise_Op53_B1-16_page_0]      SegmentsBuilder.java:155  | Segments: 26
2025-12-26 13:26:59,363 INFO [149_Chopin_Polonaise_Op53_B1-16_page_0]       StepMonitoring.java:98   | SYMBOLS
2025-12-26 13:26:59,488 WARN [149_Chopin_Polonaise_Op53_B1-16_page_0]       SymbolsBuilder.java:231  | Error in glyph evaluation java.lang.NullPointerException: Cannot invoke "org.audiveris.omr.sheet.Staff.getPart()" because "this.staff" is null
java.lang.NullPointerException: Cannot invoke "org.audiveris.omr.sheet.Staff.getPart()" because "this.staff" is null
	at org.audiveris.omr.sig.inter.SmallChordInter.lookupLink(SmallChordInter.java:164)
	at org.audiveris.omr.sig.inter.GraceChordInter.createValidAdded(GraceChordInter.java:299)
	at org.audiveris.omr.sheet.symbol.InterFactory.doCreate(InterFactory.java:464)
	at org.audiveris.omr.sheet.symbol.InterFactory.create(InterFactory.java:213)
	at org.audiveris.omr.sheet.symbol.SymbolsBuilder.evaluateGlyph(SymbolsBuilder.java:220)
	at org.audiveris.omr.sheet.symbol.SymbolsBuilder$SymbolAdapter.evaluateGlyph(SymbolsBuilder.java:479)
	at org.audiveris.omr.glyph.GlyphCluster.process(GlyphCluster.java:161)
	at org.audiveris.omr.glyph.GlyphCluster.process(GlyphCluster.java:187)
	at org.audiveris.omr.glyph.GlyphCluster.decompose(GlyphCluster.java:102)
	at org.audiveris.omr.sheet.symbol.SymbolsBuilder.processClusters(SymbolsBuilder.java:346)
	at org.audiveris.omr.sheet.symbol.SymbolsBuilder.buildSymbols(SymbolsBuilder.java:173)
	at org.audiveris.omr.sheet.symbol.SymbolsStep.doSystem(SymbolsStep.java:124)
	at org.audiveris.omr.sheet.symbol.SymbolsStep.doSystem(SymbolsStep.java:51)
	at org.audiveris.omr.step.AbstractSystemStep.lambda$doitPerSystem$0(AbstractSystemStep.java:158)
	at org.audiveris.omr.step.AbstractSystemStep.doitPerSystem(AbstractSystemStep.java:178)
	at org.audiveris.omr.step.AbstractSystemStep.doit(AbstractSystemStep.java:125)
	at org.audiveris.omr.step.OmrStep.doit(OmrStep.java:138)
	at org.audiveris.omr.sheet.SheetStub.lambda$doOneStep$0(SheetStub.java:500)
	at java.base/java.util.concurrent.FutureTask.run(Unknown Source)
	at java.base/java.util.concurrent.ThreadPoolExecutor.runWorker(Unknown Source)
	at java.base/java.util.concurrent.ThreadPoolExecutor$Worker.run(Unknown Source)
	at java.base/java.lang.Thread.run(Unknown Source)
2025-12-26 13:27:00,423 INFO [149_Chopin_Polonaise_Op53_B1-16_page_0]       StepMonitoring.java:98   | LINKS
2025-12-26 13:27:00,546 INFO [149_Chopin_Polonaise_Op53_B1-16_page_0]       StepMonitoring.java:98   | RHYTHMS
2025-12-26 13:27:00,582 INFO [149_Chopin_Polonaise_Op53_B1-16_page_0]                Voice.java:257  | Measure{#2} Voice{#5 excess:1/8} too long
2025-12-26 13:27:00,583 INFO [149_Chopin_Polonaise_Op53_B1-16_page_0]          StackRhythm.java:224  | S1 MeasureStack#2 no correct rhythm
2025-12-26 13:27:00,606 INFO [149_Chopin_Polonaise_Op53_B1-16_page_0]        MeasureRhythm.java:1045 | Measure{#5} No timeOffset for HeadChordInter#8121{(0.535/0.535) staff:3 slot#4 dur:1/2}
2025-12-26 13:27:00,607 INFO [149_Chopin_Polonaise_Op53_B1-16_page_0]   AbstractChordInter.java:627  | Measure{#5} No timeOffset for HeadChordInter#8121{(0.535/0.535) staff:3 slot#4 dur:1/2}
2025-12-26 13:27:00,609 INFO [149_Chopin_Polonaise_Op53_B1-16_page_0]          StackRhythm.java:224  | S2 MeasureStack#5 no correct rhythm
2025-12-26 13:27:00,662 INFO [149_Chopin_Polonaise_Op53_B1-16_page_0]       StepMonitoring.java:98   | PAGE
2025-12-26 13:27:00,669 INFO [149_Chopin_Polonaise_Op53_B1-16_page_0]                Voice.java:257  | Measure{#2} Voice{#5 excess:1/8} too long
2025-12-26 13:27:00,673 INFO [149_Chopin_Polonaise_Op53_B1-16_page_0]                 Book.java:2596 | Book{149_Chopin_Polonaise_Op53_B1-16_page_0} storing
2025-12-26 13:27:00,733 INFO [149_Chopin_Polonaise_Op53_B1-16_page_0]                 Book.java:2577 | Stored /book.xml
2025-12-26 13:27:00,820 INFO [149_Chopin_Polonaise_Op53_B1-16_page_0]           DataHolder.java:348  | Stored /sheet#1/BINARY.png
2025-12-26 13:27:01,780 INFO [149_Chopin_Polonaise_Op53_B1-16_page_0]                Sheet.java:1583 | Stored /sheet#1/sheet#1.xml
2025-12-26 13:27:01,780 INFO [149_Chopin_Polonaise_Op53_B1-16_page_0]                 Book.java:2537 | Book stored as C:\Users\Elliot\Downloads\Audiveris\scores\149_Chopin_Polonaise_Op53_B1-16_page_0.omr
2025-12-26 13:27:01,783 INFO [149_Chopin_Polonaise_Op53_B1-16_page_0]            SheetStub.java:1660 | Disposed sheet
2025-12-26 13:27:01,829 INFO [149_Chopin_Polonaise_Op53_B1-16_page_0]                 Book.java:2064 | End of Stub#1
2025-12-26 13:27:01,830 INFO [149_Chopin_Polonaise_Op53_B1-16_page_0]                 Book.java:2071 | Book processed.
2025-12-26 13:27:02,340 INFO [149_Chopin_Polonaise_Op53_B1-16_page_0]            SheetStub.java:997  | Loaded /sheet#1/sheet#1.xml
2025-12-26 13:27:02,801 INFO [149_Chopin_Polonaise_Op53_B1-16_page_0]      PartwiseBuilder.java:2688 | Exporting sheet(s): [#1]
2025-12-26 13:27:03,020 INFO [149_Chopin_Polonaise_Op53_B1-16_page_0]        ScoreExporter.java:164  | Score 149_Chopin_Polonaise_Op53_B1-16_page_0 exported to C:\Users\Elliot\Downloads\Audiveris\scores\149_Chopin_Polonaise_Op53_B1-16_page_0.mxl
2025-12-26 13:27:03,080 INFO [149_Chopin_Polonaise_Op53_B1-16_page_0]                Score.java:181  | Closing {Score 1}
