2025-12-26 13:27:05,302 INFO [150_Chopin_PolonaiseFantaisie_Op61_B66-80_page_0]                 Book.java:560  | 1 sheet in C:\Users\Elliot\Downloads\Audiveris\scores\150_Chopin_PolonaiseFantaisie_Op61_B66-80_page_0.jpg
2025-12-26 13:27:05,469 INFO []                 Book.java:2577 | Stored /book.xml
2025-12-26 13:27:05,470 INFO []                 Book.java:2537 | Book stored as C:\Users\Elliot\Downloads\Audiveris\scores\150_Chopin_PolonaiseFantaisie_Op61_B66-80_page_0.omr
2025-12-26 13:27:05,479 INFO []                 Book.java:1929 | Book reaching PAGE on sheets:[#1]
2025-12-26 13:27:05,483 INFO [150_Chopin_PolonaiseFantaisie_Op61_B66-80_page_0]       StepMonitoring.java:98   | LOAD
2025-12-26 13:27:05,618 INFO [150_Chopin_PolonaiseFantaisie_Op61_B66-80_page_0]            SheetStub.java:1273 | Loaded image #1 1653x2339 from C:\Users\Elliot\Downloads\Audiveris\scores\150_Chopin_PolonaiseFantaisie_Op61_B66-80_page_0.jpg
2025-12-26 13:27:05,623 INFO [150_Chopin_PolonaiseFantaisie_Op61_B66-80_page_0]            ImageUtil.java:124  | Converting max RGB to gray
2025-12-26 13:27:05,774 INFO [150_Chopin_PolonaiseFantaisie_Op61_B66-80_page_0]       StepMonitoring.java:98   | BINARY
2025-12-26 13:27:06,097 INFO [150_Chopin_PolonaiseFantaisie_Op61_B66-80_page_0]       StepMonitoring.java:98   | SCALE
2025-12-26 13:27:06,127 INFO [150_Chopin_PolonaiseFantaisie_Op61_B66-80_page_0]         ScaleBuilder.java:241  | Beam  guessed height:  5 -- 0.50 of 10 interline
2025-12-26 13:27:06,128 INFO [150_Chopin_PolonaiseFantaisie_Op61_B66-80_page_0]         ScaleBuilder.java:264  | Beam measured height:  6 -- 0.43 of [3..10] range at 614% of needed quorum
2025-12-26 13:27:06,129 INFO [150_Chopin_PolonaiseFantaisie_Op61_B66-80_page_0]            ScaleStep.java:65   | Scale{ interline(11,12,12) line(1,1,3) beam(6)}
2025-12-26 13:27:06,130 INFO [150_Chopin_PolonaiseFantaisie_Op61_B66-80_page_0]       StepMonitoring.java:98   | GRID
2025-12-26 13:27:06,751 INFO [150_Chopin_PolonaiseFantaisie_Op61_B66-80_page_0]       LinesRetriever.java:1500 | Global slope: 0.00000
2025-12-26 13:27:06,847 INFO [150_Chopin_PolonaiseFantaisie_Op61_B66-80_page_0]    ClustersRetriever.java:326  | Retrieved raw line clusters: 12 of sizes [5] with interline(11,12,12)
2025-12-26 13:27:07,007 INFO [150_Chopin_PolonaiseFantaisie_Op61_B66-80_page_0]            PeakGraph.java:310  | Systems: #1[1, 2] #2[3, 4] #3[5, 6] #4[7, 8] #5[9, 10] #6[11, 12]
2025-12-26 13:27:07,330 INFO [150_Chopin_PolonaiseFantaisie_Op61_B66-80_page_0]        SystemManager.java:779  | 1 part along 6 systems
2025-12-26 13:27:07,332 INFO [150_Chopin_PolonaiseFantaisie_Op61_B66-80_page_0]                 Book.java:543  | Created scores: [{Score 1}]
2025-12-26 13:27:07,337 INFO [150_Chopin_PolonaiseFantaisie_Op61_B66-80_page_0]       StepMonitoring.java:98   | HEADERS
2025-12-26 13:27:07,646 INFO [150_Chopin_PolonaiseFantaisie_Op61_B66-80_page_0]      BasicClassifier.java:286  | Classifier loaded XML norms.
2025-12-26 13:27:07,650 INFO [150_Chopin_PolonaiseFantaisie_Op61_B66-80_page_0]   AbstractClassifier.java:396  | Classifier data loaded from default uri jar:file:/C:/Users/Elliot/Downloads/Audiveris/app/audiveris.jar!/res/basic-classifier.zip
2025-12-26 13:27:08,794 INFO [150_Chopin_PolonaiseFantaisie_Op61_B66-80_page_0]       StepMonitoring.java:98   | STEM_SEEDS
2025-12-26 13:27:08,840 INFO [150_Chopin_PolonaiseFantaisie_Op61_B66-80_page_0]        StemSeedsStep.java:86   | stem(2 max:2)
2025-12-26 13:27:08,902 INFO [150_Chopin_PolonaiseFantaisie_Op61_B66-80_page_0]       StepMonitoring.java:98   | BEAMS
2025-12-26 13:27:10,043 INFO [150_Chopin_PolonaiseFantaisie_Op61_B66-80_page_0]       StepMonitoring.java:98   | LEDGERS
2025-12-26 13:27:14,849 INFO [150_Chopin_PolonaiseFantaisie_Op61_B66-80_page_0]       StepMonitoring.java:98   | HEADS
2025-12-26 13:27:16,864 INFO [150_Chopin_PolonaiseFantaisie_Op61_B66-80_page_0]        HeadSeedTally.java:235  | Scale information: HeadSeeds{NOTEHEAD_BLACK[L:-0.2,R:0.5]}
2025-12-26 13:27:16,866 INFO [150_Chopin_PolonaiseFantaisie_Op61_B66-80_page_0]       StepMonitoring.java:98   | STEMS
2025-12-26 13:27:17,909 INFO [150_Chopin_PolonaiseFantaisie_Op61_B66-80_page_0]       StepMonitoring.java:98   | REDUCTION
2025-12-26 13:27:18,231 INFO [150_Chopin_PolonaiseFantaisie_Op61_B66-80_page_0]        ReductionStep.java:105  | Stems free length median value: 40 pixels, 3.3 interlines
2025-12-26 13:27:18,238 INFO [150_Chopin_PolonaiseFantaisie_Op61_B66-80_page_0]       StepMonitoring.java:98   | CUE_BEAMS
2025-12-26 13:27:18,238 INFO [150_Chopin_PolonaiseFantaisie_Op61_B66-80_page_0]         CueBeamsStep.java:81   | Step CUE_BEAMS is skipped because small heads switch is off
2025-12-26 13:27:18,239 INFO [150_Chopin_PolonaiseFantaisie_Op61_B66-80_page_0]       StepMonitoring.java:98   | TEXTS
2025-12-26 13:27:18,329 WARN [150_Chopin_PolonaiseFantaisie_Op61_B66-80_page_0]         TesseractOCR.java:335  | The collection of supported languages is empty
2025-12-26 13:27:18,331 INFO [150_Chopin_PolonaiseFantaisie_Op61_B66-80_page_0]              OcrUtil.java:106  | Missing support for 'eng' language(s)
2025-12-26 13:27:18,339 INFO [150_Chopin_PolonaiseFantaisie_Op61_B66-80_page_0]       StepMonitoring.java:98   | MEASURES
2025-12-26 13:27:18,353 INFO [150_Chopin_PolonaiseFantaisie_Op61_B66-80_page_0]                 Page.java:307  | 15 raw measures: [3 in system#1, 3 in system#2, 2 in system#3, 2 in system#4, 2 in system#5, 3 in system#6]
2025-12-26 13:27:18,353 INFO [150_Chopin_PolonaiseFantaisie_Op61_B66-80_page_0]       StepMonitoring.java:98   | CHORDS
2025-12-26 13:27:18,377 INFO [150_Chopin_PolonaiseFantaisie_Op61_B66-80_page_0]       StepMonitoring.java:98   | CURVES
2025-12-26 13:27:19,325 INFO [150_Chopin_PolonaiseFantaisie_Op61_B66-80_page_0]         SlursBuilder.java:240  | Slurs: 38
2025-12-26 13:27:19,386 INFO [150_Chopin_PolonaiseFantaisie_Op61_B66-80_page_0]      SegmentsBuilder.java:155  | Segments: 58
2025-12-26 13:27:19,398 INFO [150_Chopin_PolonaiseFantaisie_Op61_B66-80_page_0]       StepMonitoring.java:98   | SYMBOLS
2025-12-26 13:27:20,152 INFO [150_Chopin_PolonaiseFantaisie_Op61_B66-80_page_0]       StepMonitoring.java:98   | LINKS
2025-12-26 13:27:20,223 INFO [150_Chopin_PolonaiseFantaisie_Op61_B66-80_page_0]             KeyInter.java:1298 | Key built KeyInter#9289{(0.981) staff:11 KEY_SHARP_4 pitch:-3.1 fifths:4}
2025-12-26 13:27:20,246 INFO [150_Chopin_PolonaiseFantaisie_Op61_B66-80_page_0]       StepMonitoring.java:98   | RHYTHMS
2025-12-26 13:27:20,273 INFO [150_Chopin_PolonaiseFantaisie_Op61_B66-80_page_0]                Voice.java:257  | Measure{#1} Voice{#1 excess:3/16} too long
2025-12-26 13:27:20,275 INFO [150_Chopin_PolonaiseFantaisie_Op61_B66-80_page_0]          StackRhythm.java:224  | S1 MeasureStack#1 no correct rhythm
2025-12-26 13:27:20,348 INFO [150_Chopin_PolonaiseFantaisie_Op61_B66-80_page_0]                Voice.java:257  | Measure{#10} Voice{#2 excess:1/16} too long
2025-12-26 13:27:20,350 INFO [150_Chopin_PolonaiseFantaisie_Op61_B66-80_page_0]          StackRhythm.java:224  | S4 MeasureStack#10 no correct rhythm
2025-12-26 13:27:20,366 INFO [150_Chopin_PolonaiseFantaisie_Op61_B66-80_page_0]        MeasureRhythm.java:1277 | Measure{#11} Time inconsistency in {9/16=[HeadChordInter#7221{(0.951/0.951) staff:10 slot#9 off:9/16 dur:1/16}], 5/8=[HeadChordInter#7198{(0.938/0.938) staff:9 slot#9 off:5/8 dur:1/8}]}
2025-12-26 13:27:20,367 INFO [150_Chopin_PolonaiseFantaisie_Op61_B66-80_page_0]        MeasureRhythm.java:1277 | Measure{#11} Time inconsistency in {5/8=[HeadChordInter#7222{(0.969/0.969) staff:10 slot#10 off:5/8 dur:1/16}], 3/4=[HeadChordInter#7199{(0.960/0.960) staff:9 slot#10 off:3/4 dur:1/8}]}
2025-12-26 13:27:20,368 INFO [150_Chopin_PolonaiseFantaisie_Op61_B66-80_page_0]        MeasureRhythm.java:1277 | Measure{#11} Time inconsistency in {11/16=[HeadChordInter#7223{(0.970/0.970) staff:10 slot#11 off:11/16 dur:1/16}], 7/8=[HeadChordInter#7200{(0.947/0.947) staff:9 slot#11 off:7/8 dur:1/8}]}
2025-12-26 13:27:20,369 INFO [150_Chopin_PolonaiseFantaisie_Op61_B66-80_page_0]                Voice.java:257  | Measure{#11} Voice{#1 excess:1/4} too long
2025-12-26 13:27:20,370 INFO [150_Chopin_PolonaiseFantaisie_Op61_B66-80_page_0]          StackRhythm.java:224  | S5 MeasureStack#11 no correct rhythm
2025-12-26 13:27:20,397 INFO [150_Chopin_PolonaiseFantaisie_Op61_B66-80_page_0]                Voice.java:257  | Measure{#14} Voice{#9 excess:3/16} too long
2025-12-26 13:27:20,404 INFO [150_Chopin_PolonaiseFantaisie_Op61_B66-80_page_0]          StackRhythm.java:224  | S6 MeasureStack#14 no correct rhythm
2025-12-26 13:27:20,407 INFO [150_Chopin_PolonaiseFantaisie_Op61_B66-80_page_0]       StepMonitoring.java:98   | PAGE
2025-12-26 13:27:20,420 INFO [150_Chopin_PolonaiseFantaisie_Op61_B66-80_page_0]       SheetReduction.java:154  | Gutter. Different glyphs 4/5 PedalInter#9108{(0.701/0.701) PEDAL_UP_MARK} vs SlurInter#7296{(0.640/0.893) SLUR_ABOVE}
2025-12-26 13:27:20,436 INFO [150_Chopin_PolonaiseFantaisie_Op61_B66-80_page_0]        MeasureRhythm.java:1277 | Measure{#11} Time inconsistency in {9/16=[HeadChordInter#7221{(0.951/0.951) staff:10 slot#9 off:9/16 dur:1/16}], 5/8=[HeadChordInter#7198{(0.938/0.938) staff:9 slot#9 off:5/8 dur:1/8}]}
2025-12-26 13:27:20,437 INFO [150_Chopin_PolonaiseFantaisie_Op61_B66-80_page_0]        MeasureRhythm.java:1277 | Measure{#11} Time inconsistency in {5/8=[HeadChordInter#7222{(0.969/0.969) staff:10 slot#10 off:5/8 dur:1/16}], 3/4=[HeadChordInter#7199{(0.960/0.960) staff:9 slot#10 off:3/4 dur:1/8}]}
2025-12-26 13:27:20,438 INFO [150_Chopin_PolonaiseFantaisie_Op61_B66-80_page_0]        MeasureRhythm.java:1277 | Measure{#11} Time inconsistency in {11/16=[HeadChordInter#7223{(0.970/0.970) staff:10 slot#11 off:11/16 dur:1/16}], 7/8=[HeadChordInter#7200{(0.947/0.947) staff:9 slot#11 off:7/8 dur:1/8}]}
2025-12-26 13:27:20,438 INFO [150_Chopin_PolonaiseFantaisie_Op61_B66-80_page_0]                Voice.java:257  | Measure{#11} Voice{#1 excess:1/4} too long
2025-12-26 13:27:20,438 INFO [150_Chopin_PolonaiseFantaisie_Op61_B66-80_page_0]          StackRhythm.java:224  | S5 MeasureStack#11 no correct rhythm
2025-12-26 13:27:20,449 INFO [150_Chopin_PolonaiseFantaisie_Op61_B66-80_page_0]                Voice.java:257  | Measure{#1} Voice{#1 excess:3/16} too long
2025-12-26 13:27:20,451 INFO [150_Chopin_PolonaiseFantaisie_Op61_B66-80_page_0]                Voice.java:257  | Measure{#10} Voice{#2 excess:1/16} too long
2025-12-26 13:27:20,451 INFO [150_Chopin_PolonaiseFantaisie_Op61_B66-80_page_0]                Voice.java:257  | Measure{#11} Voice{#1 excess:1/4} too long
2025-12-26 13:27:20,451 INFO [150_Chopin_PolonaiseFantaisie_Op61_B66-80_page_0]                Voice.java:257  | Measure{#14} Voice{#9 excess:3/16} too long
2025-12-26 13:27:20,464 INFO [150_Chopin_PolonaiseFantaisie_Op61_B66-80_page_0]                 Book.java:2596 | Book{150_Chopin_PolonaiseFantaisie_Op61_B66-80_page_0} storing
2025-12-26 13:27:20,521 INFO [150_Chopin_PolonaiseFantaisie_Op61_B66-80_page_0]                 Book.java:2577 | Stored /book.xml
2025-12-26 13:27:20,605 INFO [150_Chopin_PolonaiseFantaisie_Op61_B66-80_page_0]           DataHolder.java:348  | Stored /sheet#1/BINARY.png
2025-12-26 13:27:21,668 INFO [150_Chopin_PolonaiseFantaisie_Op61_B66-80_page_0]                Sheet.java:1583 | Stored /sheet#1/sheet#1.xml
2025-12-26 13:27:21,669 INFO [150_Chopin_PolonaiseFantaisie_Op61_B66-80_page_0]                 Book.java:2537 | Book stored as C:\Users\Elliot\Downloads\Audiveris\scores\150_Chopin_PolonaiseFantaisie_Op61_B66-80_page_0.omr
2025-12-26 13:27:21,673 INFO [150_Chopin_PolonaiseFantaisie_Op61_B66-80_page_0]            SheetStub.java:1660 | Disposed sheet
2025-12-26 13:27:21,710 INFO [150_Chopin_PolonaiseFantaisie_Op61_B66-80_page_0]                 Book.java:2064 | End of Stub#1
2025-12-26 13:27:21,712 INFO [150_Chopin_PolonaiseFantaisie_Op61_B66-80_page_0]                 Book.java:2071 | Book processed.
2025-12-26 13:27:22,198 INFO [150_Chopin_PolonaiseFantaisie_Op61_B66-80_page_0]            SheetStub.java:997  | Loaded /sheet#1/sheet#1.xml
2025-12-26 13:27:22,613 INFO [150_Chopin_PolonaiseFantaisie_Op61_B66-80_page_0]      PartwiseBuilder.java:2688 | Exporting sheet(s): [#1]
2025-12-26 13:27:22,931 INFO [150_Chopin_PolonaiseFantaisie_Op61_B66-80_page_0]        ScoreExporter.java:164  | Score 150_Chopin_PolonaiseFantaisie_Op61_B66-80_page_0 exported to C:\Users\Elliot\Downloads\Audiveris\scores\150_Chopin_PolonaiseFantaisie_Op61_B66-80_page_0.mxl
2025-12-26 13:27:22,988 INFO [150_Chopin_PolonaiseFantaisie_Op61_B66-80_page_0]                Score.java:181  | Closing {Score 1}
